<?xml version="1.0" encoding="UTF-8"?>
<testsuite name="org.eclipse.cdt.core.suite.AutomatedIntegrationSuite" time="378.254" tests="6047" errors="2" skipped="0" failures="13">
  <properties>
    <property name="java.vendor" value="Oracle Corporation"/>
    <property name="osgi.bundles.defaultStartLevel" value="4"/>
    <property name="sun.java.launcher" value="SUN_STANDARD"/>
    <property name="org.osgi.supports.framework.extension" value="true"/>
    <property name="sun.management.compiler" value="HotSpot Tiered Compilers"/>
    <property name="os.name" value="Linux"/>
    <property name="sun.boot.class.path" value="/usr/lib/jvm/java-8-openjdk-i386/jre/lib/resources.jar:/usr/lib/jvm/java-8-openjdk-i386/jre/lib/rt.jar:/usr/lib/jvm/java-8-openjdk-i386/jre/lib/sunrsasign.jar:/usr/lib/jvm/java-8-openjdk-i386/jre/lib/jsse.jar:/usr/lib/jvm/java-8-openjdk-i386/jre/lib/jce.jar:/usr/lib/jvm/java-8-openjdk-i386/jre/lib/charsets.jar:/usr/lib/jvm/java-8-openjdk-i386/jre/lib/jfr.jar:/usr/lib/jvm/java-8-openjdk-i386/jre/classes"/>
    <property name="osgi.ws" value="gtk"/>
    <property name="sun.desktop" value="gnome"/>
    <property name="java.vm.specification.vendor" value="Oracle Corporation"/>
    <property name="java.runtime.version" value="1.8.0_45-internal-b14"/>
    <property name="osgi.instance.area" value="file:/home/mengjingshi/Documents/workspace/org.eclipse.cdt/core/org.eclipse.cdt.core.tests/target/work/data/"/>
    <property name="org.osgi.framework.uuid" value="66bcd254-19d8-4455-b485-3bed51e969d5"/>
    <property name="osgi.noShutdown" value="false"/>
    <property name="user.name" value="mengjingshi"/>
    <property name="org.osgi.framework.system.packages" value="javax.accessibility,javax.activation,javax.activity,javax.annotation,javax.annotation.processing,javax.crypto,javax.crypto.interfaces,javax.crypto.spec,javax.imageio,javax.imageio.event,javax.imageio.metadata,javax.imageio.plugins.bmp,javax.imageio.plugins.jpeg,javax.imageio.spi,javax.imageio.stream,javax.jws,javax.jws.soap,javax.lang.model,javax.lang.model.element,javax.lang.model.type,javax.lang.model.util,javax.management,javax.management.loading,javax.management.modelmbean,javax.management.monitor,javax.management.openmbean,javax.management.relation,javax.management.remote,javax.management.remote.rmi,javax.management.timer,javax.naming,javax.naming.directory,javax.naming.event,javax.naming.ldap,javax.naming.spi,javax.net,javax.net.ssl,javax.print,javax.print.attribute,javax.print.attribute.standard,javax.print.event,javax.rmi,javax.rmi.CORBA,javax.rmi.ssl,javax.script,javax.security.auth,javax.security.auth.callback,javax.security.auth.kerberos,javax.security.auth.login,javax.security.auth.spi,javax.security.auth.x500,javax.security.cert,javax.security.sasl,javax.sound.midi,javax.sound.midi.spi,javax.sound.sampled,javax.sound.sampled.spi,javax.sql,javax.sql.rowset,javax.sql.rowset.serial,javax.sql.rowset.spi,javax.swing,javax.swing.border,javax.swing.colorchooser,javax.swing.event,javax.swing.filechooser,javax.swing.plaf,javax.swing.plaf.basic,javax.swing.plaf.metal,javax.swing.plaf.multi,javax.swing.plaf.nimbus,javax.swing.plaf.synth,javax.swing.table,javax.swing.text,javax.swing.text.html,javax.swing.text.html.parser,javax.swing.text.rtf,javax.swing.tree,javax.swing.undo,javax.tools,javax.transaction,javax.transaction.xa,javax.xml,javax.xml.bind,javax.xml.bind.annotation,javax.xml.bind.annotation.adapters,javax.xml.bind.attachment,javax.xml.bind.helpers,javax.xml.bind.util,javax.xml.crypto,javax.xml.crypto.dom,javax.xml.crypto.dsig,javax.xml.crypto.dsig.dom,javax.xml.crypto.dsig.keyinfo,javax.xml.crypto.dsig.spec,javax.xml.datatype,javax.xml.namespace,javax.xml.parsers,javax.xml.soap,javax.xml.stream,javax.xml.stream.events,javax.xml.stream.util,javax.xml.transform,javax.xml.transform.dom,javax.xml.transform.sax,javax.xml.transform.stax,javax.xml.transform.stream,javax.xml.validation,javax.xml.ws,javax.xml.ws.handler,javax.xml.ws.handler.soap,javax.xml.ws.http,javax.xml.ws.soap,javax.xml.ws.spi,javax.xml.ws.spi.http,javax.xml.ws.wsaddressing,javax.xml.xpath,org.ietf.jgss,org.omg.CORBA,org.omg.CORBA_2_3,org.omg.CORBA_2_3.portable,org.omg.CORBA.DynAnyPackage,org.omg.CORBA.ORBPackage,org.omg.CORBA.portable,org.omg.CORBA.TypeCodePackage,org.omg.CosNaming,org.omg.CosNaming.NamingContextExtPackage,org.omg.CosNaming.NamingContextPackage,org.omg.Dynamic,org.omg.DynamicAny,org.omg.DynamicAny.DynAnyFactoryPackage,org.omg.DynamicAny.DynAnyPackage,org.omg.IOP,org.omg.IOP.CodecFactoryPackage,org.omg.IOP.CodecPackage,org.omg.Messaging,org.omg.PortableInterceptor,org.omg.PortableInterceptor.ORBInitInfoPackage,org.omg.PortableServer,org.omg.PortableServer.CurrentPackage,org.omg.PortableServer.POAManagerPackage,org.omg.PortableServer.POAPackage,org.omg.PortableServer.portable,org.omg.PortableServer.ServantLocatorPackage,org.omg.SendingContext,org.omg.stub.java.rmi,org.w3c.dom,org.w3c.dom.bootstrap,org.w3c.dom.css,org.w3c.dom.events,org.w3c.dom.html,org.w3c.dom.ls,org.w3c.dom.ranges,org.w3c.dom.stylesheets,org.w3c.dom.traversal,org.w3c.dom.views,org.w3c.dom.xpath,org.xml.sax,org.xml.sax.ext,org.xml.sax.helpers"/>
    <property name="equinox.use.ds" value="true"/>
    <property name="org.osgi.framework.language" value="zh"/>
    <property name="user.language" value="zh"/>
    <property name="org.osgi.framework.processor" value="x86"/>
    <property name="osgi.syspath" value="/home/mengjingshi/.m2/repository/p2/osgi/bundle/org.eclipse.osgi/3.12.50.v20170928-1321"/>
    <property name="osgi.compatibility.bootdelegation.default" value="true"/>
    <property name="sun.boot.library.path" value="/usr/lib/jvm/java-8-openjdk-i386/jre/lib/i386"/>
    <property name="org.osgi.framework.system.capabilities" value="osgi.ee; osgi.ee=&quot;OSGi/Minimum&quot;; version:List&lt;Version&gt;=&quot;1.0, 1.1, 1.2&quot;,osgi.ee; osgi.ee=&quot;JRE&quot;; version:List&lt;Version&gt;=&quot;1.0, 1.1&quot;,osgi.ee; osgi.ee=&quot;JavaSE&quot;; version:List&lt;Version&gt;=&quot;1.0, 1.1, 1.2, 1.3, 1.4, 1.5, 1.6, 1.7, 1.8&quot;,osgi.ee; osgi.ee=&quot;JavaSE/compact1&quot;; version:List&lt;Version&gt;=&quot;1.8&quot;,osgi.ee; osgi.ee=&quot;JavaSE/compact2&quot;; version:List&lt;Version&gt;=&quot;1.8&quot;,osgi.ee; osgi.ee=&quot;JavaSE/compact3&quot;; version:List&lt;Version&gt;=&quot;1.8&quot;"/>
    <property name="osgi.compatibility.bootdelegation" value="true"/>
    <property name="java.version" value="1.8.0_45-internal"/>
    <property name="org.osgi.framework.os.name" value="Linux"/>
    <property name="user.timezone" value="Asia/Shanghai"/>
    <property name="sun.arch.data.model" value="32"/>
    <property name="osgi.bundles" value="reference:file:/home/mengjingshi/.m2/repository/p2/osgi/bundle/com.google.gson/2.7.0.v20170129-0911/com.google.gson-2.7.0.v20170129-0911.jar,reference:file:/home/mengjingshi/.m2/repository/p2/osgi/bundle/com.jcraft.jsch/0.1.54.v20170116-1932/com.jcraft.jsch-0.1.54.v20170116-1932.jar,reference:file:/home/mengjingshi/.m2/repository/p2/osgi/bundle/com.sun.el/2.2.0.v201303151357/com.sun.el-2.2.0.v201303151357.jar,reference:file:/home/mengjingshi/.m2/repository/p2/osgi/bundle/javax.el/2.2.0.v201303151357/javax.el-2.2.0.v201303151357.jar,reference:file:/home/mengjingshi/.m2/repository/p2/osgi/bundle/javax.servlet/3.1.0.v201410161800/javax.servlet-3.1.0.v201410161800.jar,reference:file:/home/mengjingshi/.m2/repository/p2/osgi/bundle/javax.annotation/1.2.0.v201602091430/javax.annotation-1.2.0.v201602091430.jar,reference:file:/home/mengjingshi/.m2/repository/p2/osgi/bundle/javax.servlet.jsp/2.2.0.v201112011158/javax.servlet.jsp-2.2.0.v201112011158.jar,reference:file:/home/mengjingshi/Documents/workspace/org.eclipse.cdt/core/org.eclipse.cdt.core.tests/target/work/plugins/org.apache.ant_1.10.1.v20170504-0840,reference:file:/home/mengjingshi/.m2/repository/p2/osgi/bundle/org.apache.batik.css/1.8.0.v20170214-1941/org.apache.batik.css-1.8.0.v20170214-1941.jar,reference:file:/home/mengjingshi/.m2/repository/p2/osgi/bundle/org.apache.batik.util/1.8.0.v20170214-1941/org.apache.batik.util-1.8.0.v20170214-1941.jar,reference:file:/home/mengjingshi/.m2/repository/p2/osgi/bundle/org.w3c.css.sac/1.3.1.v200903091627/org.w3c.css.sac-1.3.1.v200903091627.jar,reference:file:/home/mengjingshi/.m2/repository/p2/osgi/bundle/org.apache.batik.util.gui/1.8.0.v20170214-1941/org.apache.batik.util.gui-1.8.0.v20170214-1941.jar,reference:file:/home/mengjingshi/.m2/repository/p2/osgi/bundle/org.apache.commons.codec/1.9.0.v20170208-1614/org.apache.commons.codec-1.9.0.v20170208-1614.jar,reference:file:/home/mengjingshi/.m2/repository/p2/osgi/bundle/org.apache.felix.gogo.command/0.10.0.v201209301215/org.apache.felix.gogo.command-0.10.0.v201209301215.jar,reference:file:/home/mengjingshi/.m2/repository/p2/osgi/bundle/org.apache.felix.gogo.runtime/0.10.0.v201209301036/org.apache.felix.gogo.runtime-0.10.0.v201209301036.jar,reference:file:/home/mengjingshi/.m2/repository/p2/osgi/bundle/org.eclipse.osgi.services/3.6.0.v20170228-1906/org.eclipse.osgi.services-3.6.0.v20170228-1906.jar,reference:file:/home/mengjingshi/.m2/repository/p2/osgi/bundle/org.apache.felix.gogo.shell/0.10.0.v201212101605/org.apache.felix.gogo.shell-0.10.0.v201212101605.jar,reference:file:/home/mengjingshi/.m2/repository/p2/osgi/bundle/org.apache.felix.scr/2.0.10.v20170501-2007/org.apache.felix.scr-2.0.10.v20170501-2007.jar,reference:file:/home/mengjingshi/.m2/repository/p2/osgi/bundle/org.eclipse.osgi.util/3.4.0.v20170111-1608/org.eclipse.osgi.util-3.4.0.v20170111-1608.jar,reference:file:/home/mengjingshi/.m2/repository/p2/osgi/bundle/org.apache.httpcomponents.httpclient/4.5.2.v20170210-0925/org.apache.httpcomponents.httpclient-4.5.2.v20170210-0925.jar,reference:file:/home/mengjingshi/.m2/repository/p2/osgi/bundle/org.apache.httpcomponents.httpcore/4.4.6.v20170210-0925/org.apache.httpcomponents.httpcore-4.4.6.v20170210-0925.jar,reference:file:/home/mengjingshi/.m2/repository/p2/osgi/bundle/org.apache.commons.logging/1.1.1.v201101211721/org.apache.commons.logging-1.1.1.v201101211721.jar,reference:file:/home/mengjingshi/.m2/repository/p2/osgi/bundle/org.apache.jasper.glassfish/2.2.2.v201501141630/org.apache.jasper.glassfish-2.2.2.v201501141630.jar,reference:file:/home/mengjingshi/.m2/repository/p2/osgi/bundle/org.apache.lucene.analyzers-common/6.1.0.v20161115-1612/org.apache.lucene.analyzers-common-6.1.0.v20161115-1612.jar,reference:file:/home/mengjingshi/.m2/repository/p2/osgi/bundle/org.apache.lucene.misc/6.1.0.v20161115-1612/org.apache.lucene.misc-6.1.0.v20161115-1612.jar,reference:file:/home/mengjingshi/.m2/repository/p2/osgi/bundle/org.apache.lucene.core/6.1.0.v20170814-1820/org.apache.lucene.core-6.1.0.v20170814-1820.jar,reference:file:/home/mengjingshi/.m2/repository/p2/osgi/bundle/org.apache.lucene.analyzers-smartcn/6.1.0.v20161115-1612/org.apache.lucene.analyzers-smartcn-6.1.0.v20161115-1612.jar,reference:file:/home/mengjingshi/.m2/repository/p2/osgi/bundle/org.eclipse.ant.core/3.5.0.v20170509-2149/org.eclipse.ant.core-3.5.0.v20170509-2149.jar,reference:file:/home/mengjingshi/.m2/repository/p2/osgi/bundle/org.eclipse.core.variables/3.4.0.v20170113-2056/org.eclipse.core.variables-3.4.0.v20170113-2056.jar,reference:file:/home/mengjingshi/.m2/repository/p2/osgi/bundle/org.eclipse.core.runtime/3.13.0.v20170207-1030/org.eclipse.core.runtime-3.13.0.v20170207-1030.jar@4:start,reference:file:/home/mengjingshi/Documents/workspace/org.eclipse.cdt/releng/org.eclipse.cdt/target/org.eclipse.cdt-9.3.0-SNAPSHOT.jar,reference:file:/home/mengjingshi/.m2/repository/p2/osgi/bundle/org.eclipse.ui.intro/3.5.100.v20170418-0710/org.eclipse.ui.intro-3.5.100.v20170418-0710.jar,reference:file:/home/mengjingshi/.m2/repository/p2/osgi/bundle/org.eclipse.ui.cheatsheets/3.5.100.v20170515-0748/org.eclipse.ui.cheatsheets-3.5.100.v20170515-0748.jar,reference:file:/home/mengjingshi/Documents/workspace/org.eclipse.cdt/build/org.eclipse.cdt.build.gcc.core/target/org.eclipse.cdt.build.gcc.core-1.0.0-SNAPSHOT.jar,reference:file:/home/mengjingshi/.m2/repository/p2/osgi/bundle/org.eclipse.core.resources/3.12.0.v20170417-1558/org.eclipse.core.resources-3.12.0.v20170417-1558.jar,reference:file:/home/mengjingshi/Documents/workspace/org.eclipse.cdt/core/org.eclipse.cdt.core/target/org.eclipse.cdt.core-6.4.0-SNAPSHOT.jar,reference:file:/home/mengjingshi/Documents/workspace/org.eclipse.cdt/build/org.eclipse.cdt.build.gcc.ui/target/org.eclipse.cdt.build.gcc.ui-1.0.0-SNAPSHOT.jar,reference:file:/home/mengjingshi/.m2/repository/p2/osgi/bundle/org.eclipse.ui/3.109.0.v20170411-1742/org.eclipse.ui-3.109.0.v20170411-1742.jar,reference:file:/home/mengjingshi/Documents/workspace/org.eclipse.cdt/core/org.eclipse.cdt.ui/target/org.eclipse.cdt.ui-6.3.0-SNAPSHOT.jar,reference:file:/home/mengjingshi/Documents/workspace/org.eclipse.cdt/codan/org.eclipse.cdt.codan.checkers/target/org.eclipse.cdt.codan.checkers-3.2.0-SNAPSHOT.jar,reference:file:/home/mengjingshi/Documents/workspace/org.eclipse.cdt/codan/org.eclipse.cdt.codan.core/target/org.eclipse.cdt.codan.core-4.0.0-SNAPSHOT.jar,reference:file:/home/mengjingshi/Documents/workspace/org.eclipse.cdt/codan/org.eclipse.cdt.codan.core.cxx/target/org.eclipse.cdt.codan.core.cxx-3.4.0-SNAPSHOT.jar,reference:file:/home/mengjingshi/Documents/workspace/org.eclipse.cdt/codan/org.eclipse.cdt.codan.checkers.ui/target/org.eclipse.cdt.codan.checkers.ui-3.2.1-SNAPSHOT.jar,reference:file:/home/mengjingshi/Documents/workspace/org.eclipse.cdt/codan/org.eclipse.cdt.codan.ui.cxx/target/org.eclipse.cdt.codan.ui.cxx-3.3.0-SNAPSHOT.jar,reference:file:/home/mengjingshi/.m2/repository/p2/osgi/bundle/org.eclipse.jface.text/3.12.1.v20171114-1359/org.eclipse.jface.text-3.12.1.v20171114-1359.jar,reference:file:/home/mengjingshi/.m2/repository/p2/osgi/bundle/org.eclipse.ltk.core.refactoring/3.8.0.v20170105-1156/org.eclipse.ltk.core.refactoring-3.8.0.v20170105-1156.jar,reference:file:/home/mengjingshi/.m2/repository/p2/osgi/bundle/org.eclipse.ui.ide/3.13.1.v20170822-1526/org.eclipse.ui.ide-3.13.1.v20170822-1526.jar,reference:file:/home/mengjingshi/.m2/repository/p2/osgi/bundle/org.eclipse.core.filesystem/1.7.0.v20170406-1337/org.eclipse.core.filesystem-1.7.0.v20170406-1337.jar,reference:file:/home/mengjingshi/Documents/workspace/org.eclipse.cdt/codan/org.eclipse.cdt.codan.ui/target/org.eclipse.cdt.codan.ui-3.3.0-SNAPSHOT.jar,reference:file:/home/mengjingshi/.m2/repository/p2/osgi/bundle/org.eclipse.ui.console/3.7.1.v20170728-0806/org.eclipse.ui.console-3.7.1.v20170728-0806.jar,reference:file:/home/mengjingshi/.m2/repository/p2/osgi/bundle/org.eclipse.ui.editors/3.11.0.v20170202-1823/org.eclipse.ui.editors-3.11.0.v20170202-1823.jar,reference:file:/home/mengjingshi/.m2/repository/p2/osgi/bundle/org.eclipse.ui.workbench.texteditor/3.10.100.v20170426-2021/org.eclipse.ui.workbench.texteditor-3.10.100.v20170426-2021.jar,reference:file:/home/mengjingshi/Documents/workspace/org.eclipse.cdt/core/org.eclipse.cdt.core.native/target/org.eclipse.cdt.core.native-5.10.0-SNAPSHOT.jar,reference:file:/home/mengjingshi/.m2/repository/p2/osgi/bundle/org.eclipse.core.contenttype/3.6.0.v20170207-1037/org.eclipse.core.contenttype-3.6.0.v20170207-1037.jar,reference:file:/home/mengjingshi/.m2/repository/p2/osgi/bundle/org.eclipse.core.expressions/3.6.0.v20170207-1037/org.eclipse.core.expressions-3.6.0.v20170207-1037.jar,reference:file:/home/mengjingshi/.m2/repository/p2/osgi/bundle/org.eclipse.core.filebuffers/3.6.100.v20170203-1130/org.eclipse.core.filebuffers-3.6.100.v20170203-1130.jar,reference:file:/home/mengjingshi/.m2/repository/p2/osgi/bundle/org.eclipse.text/3.6.100.v20170203-0814/org.eclipse.text-3.6.100.v20170203-0814.jar,reference:file:/home/mengjingshi/.m2/repository/p2/osgi/bundle/com.ibm.icu/58.2.0.v20170418-1837/com.ibm.icu-58.2.0.v20170418-1837.jar,reference:file:/home/mengjingshi/Documents/workspace/org.eclipse.cdt/core/org.eclipse.cdt.core.linux/target/org.eclipse.cdt.core.linux-5.3.0-SNAPSHOT.jar,reference:file:/home/mengjingshi/Documents/workspace/org.eclipse.cdt/core/org.eclipse.cdt.core.linux.x86/target/org.eclipse.cdt.core.linux.x86-5.3.0-SNAPSHOT.jar,reference:file:/home/mengjingshi/Documents/workspace/org.eclipse.cdt/core/org.eclipse.cdt.core.tests,reference:file:/home/mengjingshi/.m2/repository/p2/osgi/bundle/org.junit/4.12.0.v201504281640/org.junit-4.12.0.v201504281640.jar,reference:file:/home/mengjingshi/Documents/workspace/org.eclipse.cdt/debug/org.eclipse.cdt.debug.core/target/org.eclipse.cdt.debug.core-8.3.0-SNAPSHOT.jar,reference:file:/home/mengjingshi/.m2/repository/p2/osgi/bundle/org.eclipse.debug.core/3.11.0.v20170605-1534/org.eclipse.debug.core-3.11.0.v20170605-1534.jar,reference:file:/home/mengjingshi/.m2/repository/p2/osgi/bundle/org.eclipse.launchbar.core/2.2.0.201801181300/org.eclipse.launchbar.core-2.2.0.201801181300.jar,reference:file:/home/mengjingshi/Documents/workspace/org.eclipse.cdt/debug/org.eclipse.cdt.debug.ui/target/org.eclipse.cdt.debug.ui-8.3.0-SNAPSHOT.jar,reference:file:/home/mengjingshi/.m2/repository/p2/osgi/bundle/org.eclipse.debug.ui/3.12.50.v20170920-1329/org.eclipse.debug.ui-3.12.50.v20170920-1329.jar,reference:file:/home/mengjingshi/.m2/repository/p2/osgi/bundle/org.eclipse.ui.views/3.9.0.v20170226-1833/org.eclipse.ui.views-3.9.0.v20170226-1833.jar,reference:file:/home/mengjingshi/.m2/repository/p2/osgi/bundle/org.eclipse.launchbar.ui/2.2.0.201801181300/org.eclipse.launchbar.ui-2.2.0.201801181300.jar,reference:file:/home/mengjingshi/Documents/workspace/org.eclipse.cdt/doc/org.eclipse.cdt.doc.user/target/org.eclipse.cdt.doc.user-5.4.0-SNAPSHOT.jar,reference:file:/home/mengjingshi/.m2/repository/p2/osgi/bundle/org.eclipse.help/3.8.1.v20170815-1448/org.eclipse.help-3.8.1.v20170815-1448.jar,reference:file:/home/mengjingshi/.m2/repository/p2/osgi/bundle/org.eclipse.ui.intro.universal/3.3.100.v20170515-1335/org.eclipse.ui.intro.universal-3.3.100.v20170515-1335.jar,reference:file:/home/mengjingshi/Documents/workspace/org.eclipse.cdt/dsf/org.eclipse.cdt.dsf/target/org.eclipse.cdt.dsf-2.8.0-SNAPSHOT.jar,reference:file:/home/mengjingshi/Documents/workspace/org.eclipse.cdt/dsf-gdb/org.eclipse.cdt.dsf.gdb/target/org.eclipse.cdt.dsf.gdb-5.4.0-SNAPSHOT.jar,reference:file:/home/mengjingshi/Documents/workspace/org.eclipse.cdt/launch/org.eclipse.cdt.launch/target/org.eclipse.cdt.launch-9.2.0-SNAPSHOT.jar,reference:file:/home/mengjingshi/Documents/workspace/org.eclipse.cdt/debug/org.eclipse.cdt.gdb/target/org.eclipse.cdt.gdb-7.0.0-SNAPSHOT.jar,reference:file:/home/mengjingshi/Documents/workspace/org.eclipse.cdt/dsf-gdb/org.eclipse.cdt.dsf.gdb.ui/target/org.eclipse.cdt.dsf.gdb.ui-2.6.0-SNAPSHOT.jar,reference:file:/home/mengjingshi/Documents/workspace/org.eclipse.cdt/dsf/org.eclipse.cdt.dsf.ui/target/org.eclipse.cdt.dsf.ui-2.5.0-SNAPSHOT.jar,reference:file:/home/mengjingshi/.m2/repository/p2/osgi/bundle/org.eclipse.tm.terminal.control/4.4.0.201801212237/org.eclipse.tm.terminal.control-4.4.0.201801212237.jar,reference:file:/home/mengjingshi/Documents/workspace/org.eclipse.cdt/debug/org.eclipse.cdt.gdb.ui/target/org.eclipse.cdt.gdb.ui-7.0.0-SNAPSHOT.jar,reference:file:/home/mengjingshi/Documents/workspace/org.eclipse.cdt/build/org.eclipse.cdt.managedbuilder.gnu.ui/target/org.eclipse.cdt.managedbuilder.gnu.ui-8.3.0-SNAPSHOT.jar,reference:file:/home/mengjingshi/Documents/workspace/org.eclipse.cdt/build/org.eclipse.cdt.make.core/target/org.eclipse.cdt.make.core-7.4.0-SNAPSHOT.jar,reference:file:/home/mengjingshi/.m2/repository/p2/osgi/bundle/org.eclipse.tools.templates.core/1.1.0.201801130217/org.eclipse.tools.templates.core-1.1.0.201801130217.jar,reference:file:/home/mengjingshi/.m2/repository/p2/osgi/bundle/org.eclipse.tools.templates.freemarker/1.0.0.201801130217/org.eclipse.tools.templates.freemarker-1.0.0.201801130217.jar,reference:file:/home/mengjingshi/Documents/workspace/org.eclipse.cdt/build/org.eclipse.cdt.make.ui/target/org.eclipse.cdt.make.ui-7.3.0-SNAPSHOT.jar,reference:file:/home/mengjingshi/.m2/repository/p2/osgi/bundle/org.eclipse.compare/3.7.101.v20170724-1603/org.eclipse.compare-3.7.101.v20170724-1603.jar,reference:file:/home/mengjingshi/.m2/repository/p2/osgi/bundle/org.eclipse.tools.templates.ui/1.1.1.201801130217/org.eclipse.tools.templates.ui-1.1.1.201801130217.jar,reference:file:/home/mengjingshi/Documents/workspace/org.eclipse.cdt/build/org.eclipse.cdt.managedbuilder.core/target/org.eclipse.cdt.managedbuilder.core-8.6.0-SNAPSHOT.jar,reference:file:/home/mengjingshi/Documents/workspace/org.eclipse.cdt/build/org.eclipse.cdt.managedbuilder.ui/target/org.eclipse.cdt.managedbuilder.ui-9.1.0-SNAPSHOT.jar,reference:file:/home/mengjingshi/Documents/workspace/org.eclipse.cdt/native/org.eclipse.cdt.native.serial/target/org.eclipse.cdt.native.serial-1.1.0-SNAPSHOT.jar,reference:file:/home/mengjingshi/.m2/repository/p2/osgi/bundle/org.eclipse.ltk.ui.refactoring/3.9.0.v20170412-0825/org.eclipse.ltk.ui.refactoring-3.9.0.v20170412-0825.jar,reference:file:/home/mengjingshi/.m2/repository/p2/osgi/bundle/org.eclipse.search/3.11.100.v20170515-1603/org.eclipse.search-3.11.100.v20170515-1603.jar,reference:file:/home/mengjingshi/.m2/repository/p2/osgi/bundle/org.eclipse.ui.forms/3.7.101.v20170815-1446/org.eclipse.ui.forms-3.7.101.v20170815-1446.jar,reference:file:/home/mengjingshi/.m2/repository/p2/osgi/bundle/org.eclipse.ui.navigator/3.7.0.v20170418-1342/org.eclipse.ui.navigator-3.7.0.v20170418-1342.jar,reference:file:/home/mengjingshi/.m2/repository/p2/osgi/bundle/org.eclipse.ui.navigator.resources/3.6.1.v20170823-1443/org.eclipse.ui.navigator.resources-3.6.1.v20170823-1443.jar,reference:file:/home/mengjingshi/.m2/repository/p2/osgi/bundle/org.eclipse.e4.ui.css.swt.theme/0.11.0.v20170312-2302/org.eclipse.e4.ui.css.swt.theme-0.11.0.v20170312-2302.jar,reference:file:/home/mengjingshi/.m2/repository/p2/osgi/bundle/org.eclipse.compare.core/3.6.100.v20170516-0820/org.eclipse.compare.core-3.6.100.v20170516-0820.jar,reference:file:/home/mengjingshi/.m2/repository/p2/osgi/bundle/org.eclipse.core.commands/3.9.0.v20170530-1048/org.eclipse.core.commands-3.9.0.v20170530-1048.jar,reference:file:/home/mengjingshi/.m2/repository/p2/osgi/bundle/org.eclipse.equinox.common/3.9.0.v20170207-1454/org.eclipse.equinox.common-3.9.0.v20170207-1454.jar@2:start,reference:file:/home/mengjingshi/.m2/repository/p2/osgi/bundle/org.eclipse.equinox.preferences/3.7.0.v20170126-2132/org.eclipse.equinox.preferences-3.7.0.v20170126-2132.jar,reference:file:/home/mengjingshi/.m2/repository/p2/osgi/bundle/org.eclipse.equinox.registry/3.7.0.v20170222-1344/org.eclipse.equinox.registry-3.7.0.v20170222-1344.jar,reference:file:/home/mengjingshi/.m2/repository/p2/osgi/bundle/org.eclipse.core.databinding/1.6.100.v20170515-1119/org.eclipse.core.databinding-1.6.100.v20170515-1119.jar,reference:file:/home/mengjingshi/.m2/repository/p2/osgi/bundle/org.eclipse.core.databinding.observable/1.6.100.v20170515-1119/org.eclipse.core.databinding.observable-1.6.100.v20170515-1119.jar,reference:file:/home/mengjingshi/.m2/repository/p2/osgi/bundle/org.eclipse.core.databinding.property/1.6.100.v20170515-1119/org.eclipse.core.databinding.property-1.6.100.v20170515-1119.jar,reference:file:/home/mengjingshi/.m2/repository/p2/osgi/bundle/org.eclipse.core.databinding.beans/1.4.0.v20170210-0856/org.eclipse.core.databinding.beans-1.4.0.v20170210-0856.jar,reference:file:/home/mengjingshi/.m2/repository/p2/osgi/bundle/org.eclipse.core.externaltools/1.1.0.v20170113-2056/org.eclipse.core.externaltools-1.1.0.v20170113-2056.jar,reference:file:/home/mengjingshi/.m2/repository/p2/osgi/bundle/org.eclipse.core.filesystem.linux.x86/1.4.200.v20140124-1940/org.eclipse.core.filesystem.linux.x86-1.4.200.v20140124-1940.jar,reference:file:/home/mengjingshi/.m2/repository/p2/osgi/bundle/org.eclipse.core.jobs/3.9.2.v20171030-1027/org.eclipse.core.jobs-3.9.2.v20171030-1027.jar,reference:file:/home/mengjingshi/.m2/repository/p2/osgi/bundle/org.eclipse.core.net/1.3.100.v20170516-0820/org.eclipse.core.net-1.3.100.v20170516-0820.jar,reference:file:/home/mengjingshi/.m2/repository/p2/osgi/bundle/org.eclipse.equinox.security/1.2.300.v20170505-1235/org.eclipse.equinox.security-1.2.300.v20170505-1235.jar,reference:file:/home/mengjingshi/.m2/repository/p2/osgi/bundle/org.eclipse.core.net.linux.x86/1.2.0.v20160323-1650/org.eclipse.core.net.linux.x86-1.2.0.v20160323-1650.jar,reference:file:/home/mengjingshi/.m2/repository/p2/osgi/bundle/org.eclipse.equinox.app/1.3.400.v20150715-1528/org.eclipse.equinox.app-1.3.400.v20150715-1528.jar,reference:file:/home/mengjingshi/.m2/repository/p2/osgi/bundle/org.eclipse.e4.core.commands/0.12.100.v20170513-0428/org.eclipse.e4.core.commands-0.12.100.v20170513-0428.jar,reference:file:/home/mengjingshi/.m2/repository/p2/osgi/bundle/org.eclipse.e4.core.di/1.6.100.v20170421-1418/org.eclipse.e4.core.di-1.6.100.v20170421-1418.jar,reference:file:/home/mengjingshi/.m2/repository/p2/osgi/bundle/javax.inject/1.0.0.v20091030/javax.inject-1.0.0.v20091030.jar,reference:file:/home/mengjingshi/.m2/repository/p2/osgi/bundle/org.eclipse.e4.core.contexts/1.6.0.v20170322-1144/org.eclipse.e4.core.contexts-1.6.0.v20170322-1144.jar,reference:file:/home/mengjingshi/.m2/repository/p2/osgi/bundle/org.eclipse.e4.core.services/2.1.0.v20170407-0928/org.eclipse.e4.core.services-2.1.0.v20170407-0928.jar,reference:file:/home/mengjingshi/.m2/repository/p2/osgi/bundle/org.eclipse.e4.core.di.annotations/1.6.0.v20170119-2002/org.eclipse.e4.core.di.annotations-1.6.0.v20170119-2002.jar,reference:file:/home/mengjingshi/.m2/repository/p2/osgi/bundle/org.eclipse.e4.core.di.extensions/0.15.0.v20170228-1728/org.eclipse.e4.core.di.extensions-0.15.0.v20170228-1728.jar,reference:file:/home/mengjingshi/.m2/repository/p2/osgi/bundle/org.eclipse.e4.core.di.extensions.supplier/0.15.0.v20170407-0928/org.eclipse.e4.core.di.extensions.supplier-0.15.0.v20170407-0928.jar,reference:file:/home/mengjingshi/.m2/repository/p2/osgi/bundle/org.eclipse.equinox.ds/1.5.0.v20170307-1429/org.eclipse.equinox.ds-1.5.0.v20170307-1429.jar@1:start,reference:file:/home/mengjingshi/.m2/repository/p2/osgi/bundle/org.eclipse.e4.emf.xpath/0.2.0.v20160630-0728/org.eclipse.e4.emf.xpath-0.2.0.v20160630-0728.jar,reference:file:/home/mengjingshi/.m2/repository/p2/osgi/bundle/org.apache.commons.jxpath/1.3.0.v200911051830/org.apache.commons.jxpath-1.3.0.v200911051830.jar,reference:file:/home/mengjingshi/.m2/repository/p2/osgi/bundle/org.eclipse.emf.ecore/2.13.0.v20170609-0707/org.eclipse.emf.ecore-2.13.0.v20170609-0707.jar,reference:file:/home/mengjingshi/.m2/repository/p2/osgi/bundle/org.eclipse.e4.ui.workbench.swt/0.14.101.v20170710-1119/org.eclipse.e4.ui.workbench.swt-0.14.101.v20170710-1119.jar,reference:file:/home/mengjingshi/.m2/repository/p2/osgi/bundle/org.eclipse.e4.ui.bindings/0.12.1.v20170823-1632/org.eclipse.e4.ui.bindings-0.12.1.v20170823-1632.jar,reference:file:/home/mengjingshi/.m2/repository/p2/osgi/bundle/org.eclipse.e4.ui.model.workbench/2.0.1.v20170713-1800/org.eclipse.e4.ui.model.workbench-2.0.1.v20170713-1800.jar,reference:file:/home/mengjingshi/.m2/repository/p2/osgi/bundle/org.eclipse.e4.ui.services/1.3.0.v20170307-2032/org.eclipse.e4.ui.services-1.3.0.v20170307-2032.jar,reference:file:/home/mengjingshi/.m2/repository/p2/osgi/bundle/org.eclipse.e4.ui.workbench.renderers.swt/0.14.101.v20170713-1343/org.eclipse.e4.ui.workbench.renderers.swt-0.14.101.v20170713-1343.jar,reference:file:/home/mengjingshi/.m2/repository/p2/osgi/bundle/org.eclipse.e4.ui.workbench/1.5.1.v20170815-1446/org.eclipse.e4.ui.workbench-1.5.1.v20170815-1446.jar,reference:file:/home/mengjingshi/.m2/repository/p2/osgi/bundle/org.eclipse.e4.ui.css.core/0.12.101.v20170712-1547/org.eclipse.e4.ui.css.core-0.12.101.v20170712-1547.jar,reference:file:/home/mengjingshi/.m2/repository/p2/osgi/bundle/org.eclipse.e4.ui.css.swt/0.13.1.v20170808-1940/org.eclipse.e4.ui.css.swt-0.13.1.v20170808-1940.jar,reference:file:/home/mengjingshi/.m2/repository/p2/osgi/bundle/org.w3c.dom.svg/1.1.0.v201011041433/org.w3c.dom.svg-1.1.0.v201011041433.jar,reference:file:/home/mengjingshi/.m2/repository/p2/osgi/bundle/org.w3c.dom.smil/1.0.1.v200903091627/org.w3c.dom.smil-1.0.1.v200903091627.jar,reference:file:/home/mengjingshi/.m2/repository/p2/osgi/bundle/org.w3c.dom.events/3.0.0.draft20060413_v201105210656/org.w3c.dom.events-3.0.0.draft20060413_v201105210656.jar,reference:file:/home/mengjingshi/.m2/repository/p2/osgi/bundle/org.eclipse.e4.ui.di/1.2.100.v20170414-1137/org.eclipse.e4.ui.di-1.2.100.v20170414-1137.jar,reference:file:/home/mengjingshi/.m2/repository/p2/osgi/bundle/org.eclipse.e4.ui.widgets/1.2.0.v20160630-0736/org.eclipse.e4.ui.widgets-1.2.0.v20160630-0736.jar,reference:file:/home/mengjingshi/.m2/repository/p2/osgi/bundle/org.eclipse.equinox.event/1.4.0.v20170105-1446/org.eclipse.equinox.event-1.4.0.v20170105-1446.jar,reference:file:/home/mengjingshi/.m2/repository/p2/osgi/bundle/org.eclipse.equinox.launcher/1.4.0.v20161219-1356/org.eclipse.equinox.launcher-1.4.0.v20161219-1356.jar,reference:file:/home/mengjingshi/.m2/repository/p2/osgi/bundle/org.eclipse.equinox.simpleconfigurator/1.2.0.v20170110-1705/org.eclipse.equinox.simpleconfigurator-1.2.0.v20170110-1705.jar@1:start,reference:file:/home/mengjingshi/.m2/repository/p2/osgi/bundle/org.eclipse.osgi.compatibility.state/1.1.0.v20170516-1513/org.eclipse.osgi.compatibility.state-1.1.0.v20170516-1513.jar,reference:file:/home/mengjingshi/Documents/workspace/org.eclipse.cdt/core/org.eclipse.cdt.core.tests/target/work/plugins/org.eclipse.equinox.launcher.gtk.linux.x86_1.1.551.v20171108-1834,reference:file:/home/mengjingshi/.m2/repository/p2/osgi/bundle/org.eclipse.swt/3.106.2.v20171129-0543/org.eclipse.swt-3.106.2.v20171129-0543.jar,reference:file:/home/mengjingshi/.m2/repository/p2/osgi/bundle/org.eclipse.swt.gtk.linux.x86/3.106.2.v20171129-0543/org.eclipse.swt.gtk.linux.x86-3.106.2.v20171129-0543.jar,reference:file:/home/mengjingshi/.m2/repository/p2/osgi/bundle/org.eclipse.equinox.util/1.0.500.v20130404-1337/org.eclipse.equinox.util-1.0.500.v20130404-1337.jar,reference:file:/home/mengjingshi/.m2/repository/p2/osgi/bundle/org.eclipse.jface/3.13.2.v20171022-1656/org.eclipse.jface-3.13.2.v20171022-1656.jar,reference:file:/home/mengjingshi/.m2/repository/p2/osgi/bundle/org.eclipse.jface.databinding/1.8.100.v20170503-1507/org.eclipse.jface.databinding-1.8.100.v20170503-1507.jar,reference:file:/home/mengjingshi/.m2/repository/p2/osgi/bundle/org.eclipse.e4.ui.workbench3/0.14.0.v20160630-0740/org.eclipse.e4.ui.workbench3-0.14.0.v20160630-0740.jar,reference:file:/home/mengjingshi/.m2/repository/p2/osgi/bundle/org.eclipse.equinox.console/1.1.300.v20170512-2111/org.eclipse.equinox.console-1.1.300.v20170512-2111.jar,reference:file:/home/mengjingshi/.m2/repository/p2/osgi/bundle/org.eclipse.e4.ui.workbench.addons.swt/1.3.1.v20170319-1442/org.eclipse.e4.ui.workbench.addons.swt-1.3.1.v20170319-1442.jar,reference:file:/home/mengjingshi/.m2/repository/p2/osgi/bundle/org.eclipse.equinox.bidi/1.1.0.v20160728-1031/org.eclipse.equinox.bidi-1.1.0.v20160728-1031.jar,reference:file:/home/mengjingshi/.m2/repository/p2/osgi/bundle/org.eclipse.e4.ui.dialogs/1.1.100.v20170104-1425/org.eclipse.e4.ui.dialogs-1.1.100.v20170104-1425.jar,reference:file:/home/mengjingshi/.m2/repository/p2/osgi/bundle/org.eclipse.e4.ui.swt.gtk/1.0.200.v20170513-0428/org.eclipse.e4.ui.swt.gtk-1.0.200.v20170513-0428.jar,reference:file:/home/mengjingshi/.m2/repository/p2/osgi/bundle/org.eclipse.emf.ecore.xmi/2.13.0.v20170609-0707/org.eclipse.emf.ecore.xmi-2.13.0.v20170609-0707.jar,reference:file:/home/mengjingshi/.m2/repository/p2/osgi/bundle/org.eclipse.emf.ecore.change/2.11.0.v20170609-0707/org.eclipse.emf.ecore.change-2.11.0.v20170609-0707.jar,reference:file:/home/mengjingshi/.m2/repository/p2/osgi/bundle/org.eclipse.ecf/3.8.0.v20170104-0657/org.eclipse.ecf-3.8.0.v20170104-0657.jar,reference:file:/home/mengjingshi/.m2/repository/p2/osgi/bundle/org.eclipse.ecf.identity/3.8.0.v20161203-2153/org.eclipse.ecf.identity-3.8.0.v20161203-2153.jar,reference:file:/home/mengjingshi/.m2/repository/p2/osgi/bundle/org.eclipse.equinox.concurrent/1.1.0.v20130327-1442/org.eclipse.equinox.concurrent-1.1.0.v20130327-1442.jar,reference:file:/home/mengjingshi/.m2/repository/p2/osgi/bundle/org.eclipse.ecf.ssl/1.2.0.v20160817-1024/org.eclipse.ecf.ssl-1.2.0.v20160817-1024.jar,reference:file:/home/mengjingshi/.m2/repository/p2/osgi/bundle/org.eclipse.ecf.filetransfer/5.0.0.v20160817-1024/org.eclipse.ecf.filetransfer-5.0.0.v20160817-1024.jar,reference:file:/home/mengjingshi/.m2/repository/p2/osgi/bundle/org.eclipse.ecf.provider.filetransfer/3.2.300.v20161203-1840/org.eclipse.ecf.provider.filetransfer-3.2.300.v20161203-1840.jar,reference:file:/home/mengjingshi/.m2/repository/p2/osgi/bundle/org.eclipse.ecf.provider.filetransfer.httpclient4/1.1.200.v20170314-0133/org.eclipse.ecf.provider.filetransfer.httpclient4-1.1.200.v20170314-0133.jar,reference:file:/home/mengjingshi/.m2/repository/p2/osgi/bundle/org.eclipse.ecf.provider.filetransfer.httpclient4.ssl/1.1.0.v20160817-1024/org.eclipse.ecf.provider.filetransfer.httpclient4.ssl-1.1.0.v20160817-1024.jar,reference:file:/home/mengjingshi/.m2/repository/p2/osgi/bundle/org.eclipse.ecf.provider.filetransfer.ssl/1.0.0.v20160817-1024/org.eclipse.ecf.provider.filetransfer.ssl-1.0.0.v20160817-1024.jar,reference:file:/home/mengjingshi/.m2/repository/p2/osgi/bundle/org.eclipse.emf.common/2.13.0.v20170609-0707/org.eclipse.emf.common-2.13.0.v20170609-0707.jar,reference:file:/home/mengjingshi/.m2/repository/p2/osgi/bundle/org.eclipse.equinox.frameworkadmin/2.0.300.v20160504-1450/org.eclipse.equinox.frameworkadmin-2.0.300.v20160504-1450.jar,reference:file:/home/mengjingshi/.m2/repository/p2/osgi/bundle/org.eclipse.equinox.frameworkadmin.equinox/1.0.800.v20170524-1345/org.eclipse.equinox.frameworkadmin.equinox-1.0.800.v20170524-1345.jar,reference:file:/home/mengjingshi/.m2/repository/p2/osgi/bundle/org.eclipse.equinox.http.jetty/3.4.0.v20170503-2025/org.eclipse.equinox.http.jetty-3.4.0.v20170503-2025.jar,reference:file:/home/mengjingshi/.m2/repository/p2/osgi/bundle/org.eclipse.equinox.http.servlet/1.4.0.v20170524-1452/org.eclipse.equinox.http.servlet-1.4.0.v20170524-1452.jar,reference:file:/home/mengjingshi/.m2/repository/p2/osgi/bundle/org.eclipse.jetty.http/9.4.7.v20170914/org.eclipse.jetty.http-9.4.7.v20170914.jar,reference:file:/home/mengjingshi/.m2/repository/p2/osgi/bundle/org.eclipse.jetty.server/9.4.7.v20170914/org.eclipse.jetty.server-9.4.7.v20170914.jar,reference:file:/home/mengjingshi/.m2/repository/p2/osgi/bundle/org.eclipse.jetty.servlet/9.4.7.v20170914/org.eclipse.jetty.servlet-9.4.7.v20170914.jar,reference:file:/home/mengjingshi/.m2/repository/p2/osgi/bundle/org.eclipse.jetty.util/9.4.7.v20170914/org.eclipse.jetty.util-9.4.7.v20170914.jar,reference:file:/home/mengjingshi/.m2/repository/p2/osgi/bundle/org.eclipse.equinox.http.registry/1.1.400.v20150715-1528/org.eclipse.equinox.http.registry-1.1.400.v20150715-1528.jar,reference:file:/home/mengjingshi/.m2/repository/p2/osgi/bundle/org.eclipse.equinox.jsp.jasper/1.0.500.v20150119-1358/org.eclipse.equinox.jsp.jasper-1.0.500.v20150119-1358.jar,reference:file:/home/mengjingshi/.m2/repository/p2/osgi/bundle/org.eclipse.equinox.jsp.jasper.registry/1.0.300.v20130327-1442/org.eclipse.equinox.jsp.jasper.registry-1.0.300.v20130327-1442.jar,reference:file:/home/mengjingshi/.m2/repository/p2/osgi/bundle/org.eclipse.equinox.p2.artifact.repository/1.1.650.v20170928-1405/org.eclipse.equinox.p2.artifact.repository-1.1.650.v20170928-1405.jar,reference:file:/home/mengjingshi/.m2/repository/p2/osgi/bundle/org.eclipse.equinox.p2.metadata/2.3.200.v20170511-1106/org.eclipse.equinox.p2.metadata-2.3.200.v20170511-1106.jar,reference:file:/home/mengjingshi/.m2/repository/p2/osgi/bundle/org.tukaani.xz/1.5.0.v20170111-1717/org.tukaani.xz-1.5.0.v20170111-1717.jar,reference:file:/home/mengjingshi/.m2/repository/p2/osgi/bundle/org.eclipse.equinox.p2.core/2.4.101.v20170906-1259/org.eclipse.equinox.p2.core-2.4.101.v20170906-1259.jar,reference:file:/home/mengjingshi/.m2/repository/p2/osgi/bundle/org.eclipse.equinox.p2.jarprocessor/1.0.500.v20160504-1450/org.eclipse.equinox.p2.jarprocessor-1.0.500.v20160504-1450.jar,reference:file:/home/mengjingshi/.m2/repository/p2/osgi/bundle/org.eclipse.equinox.p2.repository/2.3.301.v20170906-1259/org.eclipse.equinox.p2.repository-2.3.301.v20170906-1259.jar,reference:file:/home/mengjingshi/.m2/repository/p2/osgi/bundle/org.eclipse.equinox.p2.console/1.0.600.v20170511-1106/org.eclipse.equinox.p2.console-1.0.600.v20170511-1106.jar,reference:file:/home/mengjingshi/.m2/repository/p2/osgi/bundle/org.eclipse.equinox.p2.director/2.3.300.v20160504-1450/org.eclipse.equinox.p2.director-2.3.300.v20160504-1450.jar,reference:file:/home/mengjingshi/.m2/repository/p2/osgi/bundle/org.eclipse.equinox.p2.engine/2.5.0.v20170319-2002/org.eclipse.equinox.p2.engine-2.5.0.v20170319-2002.jar,reference:file:/home/mengjingshi/.m2/repository/p2/osgi/bundle/org.eclipse.equinox.p2.garbagecollector/1.0.300.v20160504-1450/org.eclipse.equinox.p2.garbagecollector-1.0.300.v20160504-1450.jar,reference:file:/home/mengjingshi/.m2/repository/p2/osgi/bundle/org.eclipse.equinox.p2.metadata.repository/1.2.401.v20170906-1259/org.eclipse.equinox.p2.metadata.repository-1.2.401.v20170906-1259.jar,reference:file:/home/mengjingshi/.m2/repository/p2/osgi/bundle/org.eclipse.equinox.p2.touchpoint.eclipse/2.1.501.v20170906-1259/org.eclipse.equinox.p2.touchpoint.eclipse-2.1.501.v20170906-1259.jar,reference:file:/home/mengjingshi/.m2/repository/p2/osgi/bundle/org.eclipse.equinox.p2.touchpoint.natives/1.2.200.v20170511-1216/org.eclipse.equinox.p2.touchpoint.natives-1.2.200.v20170511-1216.jar,reference:file:/home/mengjingshi/.m2/repository/p2/osgi/bundle/org.eclipse.equinox.simpleconfigurator.manipulator/2.0.300.v20170515-0721/org.eclipse.equinox.simpleconfigurator.manipulator-2.0.300.v20170515-0721.jar,reference:file:/home/mengjingshi/.m2/repository/p2/osgi/bundle/org.sat4j.core/2.3.5.v201308161310/org.sat4j.core-2.3.5.v201308161310.jar,reference:file:/home/mengjingshi/.m2/repository/p2/osgi/bundle/org.sat4j.pb/2.3.5.v201404071733/org.sat4j.pb-2.3.5.v201404071733.jar,reference:file:/home/mengjingshi/.m2/repository/p2/osgi/bundle/org.eclipse.equinox.p2.transport.ecf/1.1.300.v20161004-0244/org.eclipse.equinox.p2.transport.ecf-1.1.300.v20161004-0244.jar,reference:file:/home/mengjingshi/.m2/repository/p2/osgi/bundle/org.eclipse.equinox.p2.operations/2.4.300.v20170511-1106/org.eclipse.equinox.p2.operations-2.4.300.v20170511-1106.jar,reference:file:/home/mengjingshi/.m2/repository/p2/osgi/bundle/org.eclipse.equinox.p2.director.app/1.0.500.v20160419-0834/org.eclipse.equinox.p2.director.app-1.0.500.v20160419-0834.jar,reference:file:/home/mengjingshi/.m2/repository/p2/osgi/bundle/org.eclipse.equinox.p2.directorywatcher/1.1.100.v20150423-1455/org.eclipse.equinox.p2.directorywatcher-1.1.100.v20150423-1455.jar,reference:file:/home/mengjingshi/.m2/repository/p2/osgi/bundle/org.eclipse.equinox.p2.publisher/1.4.200.v20170511-1216/org.eclipse.equinox.p2.publisher-1.4.200.v20170511-1216.jar,reference:file:/home/mengjingshi/.m2/repository/p2/osgi/bundle/org.eclipse.equinox.p2.publisher.eclipse/1.2.201.v20170906-1259/org.eclipse.equinox.p2.publisher.eclipse-1.2.201.v20170906-1259.jar,reference:file:/home/mengjingshi/.m2/repository/p2/osgi/bundle/org.eclipse.equinox.p2.extensionlocation/1.2.300.v20160419-0834/org.eclipse.equinox.p2.extensionlocation-1.2.300.v20160419-0834.jar,reference:file:/home/mengjingshi/.m2/repository/p2/osgi/bundle/org.eclipse.equinox.p2.reconciler.dropins/1.1.400.v20160504-1450/org.eclipse.equinox.p2.reconciler.dropins-1.1.400.v20160504-1450.jar,reference:file:/home/mengjingshi/.m2/repository/p2/osgi/bundle/org.eclipse.equinox.p2.repository.tools/2.1.400.v20170511-1216/org.eclipse.equinox.p2.repository.tools-2.1.400.v20170511-1216.jar,reference:file:/home/mengjingshi/.m2/repository/p2/osgi/bundle/org.eclipse.equinox.p2.ui/2.5.2.v20171013-1525/org.eclipse.equinox.p2.ui-2.5.2.v20171013-1525.jar,reference:file:/home/mengjingshi/.m2/repository/p2/osgi/bundle/org.eclipse.equinox.p2.ui.sdk.scheduler/1.3.100.v20170418-0708/org.eclipse.equinox.p2.ui.sdk.scheduler-1.3.100.v20170418-0708.jar,reference:file:/home/mengjingshi/.m2/repository/p2/osgi/bundle/org.eclipse.equinox.p2.updatechecker/1.1.400.v20170106-2125/org.eclipse.equinox.p2.updatechecker-1.1.400.v20170106-2125.jar,reference:file:/home/mengjingshi/.m2/repository/p2/osgi/bundle/org.eclipse.equinox.security.ui/1.1.400.v20170505-1235/org.eclipse.equinox.security.ui-1.1.400.v20170505-1235.jar,reference:file:/home/mengjingshi/.m2/repository/p2/osgi/bundle/org.eclipse.equinox.p2.ui.sdk/1.0.500.v20170511-1216/org.eclipse.equinox.p2.ui.sdk-1.0.500.v20170511-1216.jar,reference:file:/home/mengjingshi/.m2/repository/p2/osgi/bundle/org.eclipse.equinox.p2.ui.importexport/1.1.301.v20170816-1007/org.eclipse.equinox.p2.ui.importexport-1.1.301.v20170816-1007.jar,reference:file:/home/mengjingshi/.m2/repository/p2/osgi/bundle/org.eclipse.equinox.p2.updatesite/1.0.601.v20170906-1259/org.eclipse.equinox.p2.updatesite-1.0.601.v20170906-1259.jar,reference:file:/home/mengjingshi/.m2/repository/p2/osgi/bundle/org.eclipse.help.base/4.2.102.v20171130-0510/org.eclipse.help.base-4.2.102.v20171130-0510.jar,reference:file:/home/mengjingshi/.m2/repository/p2/osgi/bundle/org.eclipse.help.ui/4.1.0.v20170311-0931/org.eclipse.help.ui-4.1.0.v20170311-0931.jar,reference:file:/home/mengjingshi/.m2/repository/p2/osgi/bundle/org.eclipse.help.webapp/3.9.1.v20170816-0843/org.eclipse.help.webapp-3.9.1.v20170816-0843.jar,reference:file:/home/mengjingshi/.m2/repository/p2/osgi/bundle/org.eclipse.jetty.continuation/9.4.7.v20170914/org.eclipse.jetty.continuation-9.4.7.v20170914.jar,reference:file:/home/mengjingshi/.m2/repository/p2/osgi/bundle/org.eclipse.jetty.io/9.4.7.v20170914/org.eclipse.jetty.io-9.4.7.v20170914.jar,reference:file:/home/mengjingshi/.m2/repository/p2/osgi/bundle/org.eclipse.jetty.security/9.4.7.v20170914/org.eclipse.jetty.security-9.4.7.v20170914.jar,reference:file:/home/mengjingshi/.m2/repository/p2/osgi/bundle/org.eclipse.jsch.core/1.3.0.v20160422-1917/org.eclipse.jsch.core-1.3.0.v20160422-1917.jar,reference:file:/home/mengjingshi/.m2/repository/p2/osgi/bundle/org.eclipse.jsch.ui/1.3.0.v20160323-1650/org.eclipse.jsch.ui-1.3.0.v20160323-1650.jar,reference:file:/home/mengjingshi/.m2/repository/p2/osgi/bundle/org.eclipse.team.core/3.8.100.v20170516-0820/org.eclipse.team.core-3.8.100.v20170516-0820.jar,reference:file:/home/mengjingshi/.m2/repository/p2/osgi/bundle/org.eclipse.team.ui/3.8.1.v20170515-1133/org.eclipse.team.ui-3.8.1.v20170515-1133.jar,reference:file:/home/mengjingshi/Documents/workspace/org.eclipse.cdt/core/org.eclipse.cdt.core.tests/target/work/plugins/org.eclipse.platform_4.7.2.v20171130-0510,reference:file:/home/mengjingshi/.m2/repository/p2/osgi/bundle/org.eclipse.platform.doc.user/4.7.2.v20171013-1251/org.eclipse.platform.doc.user-4.7.2.v20171013-1251.jar,reference:file:/home/mengjingshi/.m2/repository/p2/osgi/bundle/org.eclipse.ui.browser/3.6.100.v20170418-1342/org.eclipse.ui.browser-3.6.100.v20170418-1342.jar,reference:file:/home/mengjingshi/.m2/repository/p2/osgi/bundle/org.eclipse.ui.genericeditor/1.0.1.v20170822-2211/org.eclipse.ui.genericeditor-1.0.1.v20170822-2211.jar,reference:file:/home/mengjingshi/.m2/repository/p2/osgi/bundle/org.eclipse.ui.monitoring/1.1.100.v20170131-1736/org.eclipse.ui.monitoring-1.1.100.v20170131-1736.jar,reference:file:/home/mengjingshi/.m2/repository/p2/osgi/bundle/org.eclipse.ui.net/1.3.100.v20170516-0820/org.eclipse.ui.net-1.3.100.v20170516-0820.jar,reference:file:/home/mengjingshi/.m2/repository/p2/osgi/bundle/org.eclipse.ui.externaltools/3.4.0.v20161212-0515/org.eclipse.ui.externaltools-3.4.0.v20161212-0515.jar,reference:file:/home/mengjingshi/.m2/repository/p2/osgi/bundle/org.eclipse.ui.ide.application/1.2.0.v20170512-1452/org.eclipse.ui.ide.application-1.2.0.v20170512-1452.jar,reference:file:/home/mengjingshi/.m2/repository/p2/osgi/bundle/org.eclipse.ui.views.properties.tabbed/3.8.1.v20170713-0803/org.eclipse.ui.views.properties.tabbed-3.8.1.v20170713-0803.jar,reference:file:/home/mengjingshi/Documents/workspace/org.eclipse.cdt/core/org.eclipse.cdt.core.tests/target/work/plugins/org.eclipse.ui.themes_1.2.1.v20170809-1435,reference:file:/home/mengjingshi/.m2/repository/p2/osgi/bundle/org.eclipse.ui.intro.quicklinks/1.0.100.v20170515-0756/org.eclipse.ui.intro.quicklinks-1.0.100.v20170515-0756.jar,reference:file:/home/mengjingshi/.m2/repository/p2/osgi/bundle/org.eclipse.team.genericeditor.diff.extension/1.0.1.v20170809-1356/org.eclipse.team.genericeditor.diff.extension-1.0.1.v20170809-1356.jar,reference:file:/home/mengjingshi/.m2/repository/p2/osgi/bundle/org.eclipse.ui.workbench/3.110.1.v20170704-1208/org.eclipse.ui.workbench-3.110.1.v20170704-1208.jar,reference:file:/home/mengjingshi/.m2/repository/p2/osgi/bundle/org.eclipse.update.configurator/3.3.400.v20160506-0750/org.eclipse.update.configurator-3.3.400.v20160506-0750.jar@3:start,reference:file:/home/mengjingshi/.m2/repository/p2/osgi/bundle/org.eclipse.rcp/4.7.2.v20171130-0510/org.eclipse.rcp-4.7.2.v20171130-0510.jar,reference:file:/home/mengjingshi/.m2/repository/p2/osgi/bundle/org.freemarker/2.3.22.v20160210-1233/org.freemarker-2.3.22.v20160210-1233.jar,reference:file:/home/mengjingshi/.m2/repository/p2/osgi/bundle/org.hamcrest.core/1.3.0.v201303031735/org.hamcrest.core-1.3.0.v201303031735.jar,reference:file:/home/mengjingshi/Documents/workspace/org.eclipse.cdt/core/org.eclipse.cdt.core.tests,reference:file:/home/mengjingshi/Documents/workspace/org.eclipse.cdt/core/org.eclipse.cdt.core.linux.x86_64/target/org.eclipse.cdt.core.linux.x86_64-5.3.0-SNAPSHOT.jar,reference:file:/home/mengjingshi/.m2/repository/p2/osgi/bundle/org.eclipse.core.filesystem.linux.x86_64/1.2.200.v20140124-1940/org.eclipse.core.filesystem.linux.x86_64-1.2.200.v20140124-1940.jar,reference:file:/home/mengjingshi/.m2/repository/p2/osgi/bundle/org.eclipse.core.net.linux.x86_64/1.2.0.v20160323-1650/org.eclipse.core.net.linux.x86_64-1.2.0.v20160323-1650.jar,reference:file:/home/mengjingshi/Documents/workspace/org.eclipse.cdt/core/org.eclipse.cdt.core.tests/target/work/plugins/org.eclipse.equinox.launcher.gtk.linux.x86_64_1.1.551.v20171108-1834,reference:file:/home/mengjingshi/.m2/repository/p2/osgi/bundle/org.eclipse.swt.gtk.linux.x86_64/3.106.2.v20171129-0543/org.eclipse.swt.gtk.linux.x86_64-3.106.2.v20171129-0543.jar,reference:file:/home/mengjingshi/.m2/repository/p2/osgi/bundle/org.eclipse.equinox.security.linux.x86_64/1.0.100.v20170504-1307/org.eclipse.equinox.security.linux.x86_64-1.0.100.v20170504-1307.jar,reference:file:/home/mengjingshi/Documents/workspace/org.eclipse.cdt/core/org.eclipse.cdt.core.linux.ppc64/target/org.eclipse.cdt.core.linux.ppc64-5.2.0-SNAPSHOT.jar,reference:file:/home/mengjingshi/.m2/repository/p2/osgi/bundle/org.eclipse.core.filesystem.linux.ppc64/1.4.0.v20140124-1940/org.eclipse.core.filesystem.linux.ppc64-1.4.0.v20140124-1940.jar,reference:file:/home/mengjingshi/Documents/workspace/org.eclipse.cdt/core/org.eclipse.cdt.core.tests/target/work/plugins/org.eclipse.equinox.launcher.gtk.linux.ppc64_1.1.551.v20171108-1834,reference:file:/home/mengjingshi/.m2/repository/p2/osgi/bundle/org.eclipse.swt.gtk.linux.ppc64/3.106.2.v20171129-0543/org.eclipse.swt.gtk.linux.ppc64-3.106.2.v20171129-0543.jar,reference:file:/home/mengjingshi/Documents/workspace/org.eclipse.cdt/core/org.eclipse.cdt.core.linux.ppc64le/target/org.eclipse.cdt.core.linux.ppc64le-1.0.0-SNAPSHOT.jar,reference:file:/home/mengjingshi/.m2/repository/p2/osgi/bundle/org.eclipse.core.filesystem.linux.ppc64le/1.4.0.v20140822-1153/org.eclipse.core.filesystem.linux.ppc64le-1.4.0.v20140822-1153.jar,reference:file:/home/mengjingshi/Documents/workspace/org.eclipse.cdt/core/org.eclipse.cdt.core.tests/target/work/plugins/org.eclipse.equinox.launcher.gtk.linux.ppc64le_1.1.551.v20171108-1834,reference:file:/home/mengjingshi/.m2/repository/p2/osgi/bundle/org.eclipse.swt.gtk.linux.ppc64le/3.106.2.v20171129-0543/org.eclipse.swt.gtk.linux.ppc64le-3.106.2.v20171129-0543.jar,reference:file:/home/mengjingshi/Documents/workspace/org.eclipse.cdt/core/org.eclipse.cdt.core.win32/target/org.eclipse.cdt.core.win32-5.4.1-SNAPSHOT.jar,reference:file:/home/mengjingshi/Documents/workspace/org.eclipse.cdt/core/org.eclipse.cdt.core.tests/target/work/plugins/org.eclipse.cdt.core.win32.x86_5.4.1.201801250330,reference:file:/home/mengjingshi/.m2/repository/p2/osgi/bundle/org.eclipse.compare.win32/1.2.0.v20170517-0839/org.eclipse.compare.win32-1.2.0.v20170517-0839.jar,reference:file:/home/mengjingshi/.m2/repository/p2/osgi/bundle/org.eclipse.swt.win32.win32.x86/3.106.2.v20171129-0543/org.eclipse.swt.win32.win32.x86-3.106.2.v20171129-0543.jar,reference:file:/home/mengjingshi/.m2/repository/p2/osgi/bundle/org.eclipse.core.filesystem.win32.x86/1.4.0.v20140124-1940/org.eclipse.core.filesystem.win32.x86-1.4.0.v20140124-1940.jar,reference:file:/home/mengjingshi/.m2/repository/p2/osgi/bundle/org.eclipse.core.net.win32.x86/1.1.0.v20160323-1650/org.eclipse.core.net.win32.x86-1.1.0.v20160323-1650.jar,reference:file:/home/mengjingshi/.m2/repository/p2/osgi/bundle/org.eclipse.core.resources.win32.x86/3.5.200.v20170516-0925/org.eclipse.core.resources.win32.x86-3.5.200.v20170516-0925.jar,reference:file:/home/mengjingshi/Documents/workspace/org.eclipse.cdt/core/org.eclipse.cdt.core.tests/target/work/plugins/org.eclipse.equinox.launcher.win32.win32.x86_1.1.551.v20171108-1834,reference:file:/home/mengjingshi/.m2/repository/p2/osgi/bundle/org.eclipse.equinox.security.win32.x86/1.0.300.v20130327-1442/org.eclipse.equinox.security.win32.x86-1.0.300.v20130327-1442.jar,reference:file:/home/mengjingshi/.m2/repository/p2/osgi/bundle/org.eclipse.ui.win32/3.3.0.v20160505-1310/org.eclipse.ui.win32-3.3.0.v20160505-1310.jar,reference:file:/home/mengjingshi/Documents/workspace/org.eclipse.cdt/core/org.eclipse.cdt.core.tests/target/work/plugins/org.eclipse.cdt.core.win32.x86_64_5.4.1.201801250330,reference:file:/home/mengjingshi/.m2/repository/p2/osgi/bundle/org.eclipse.swt.win32.win32.x86_64/3.106.2.v20171129-0543/org.eclipse.swt.win32.win32.x86_64-3.106.2.v20171129-0543.jar,reference:file:/home/mengjingshi/.m2/repository/p2/osgi/bundle/org.eclipse.core.filesystem.win32.x86_64/1.4.0.v20140124-1940/org.eclipse.core.filesystem.win32.x86_64-1.4.0.v20140124-1940.jar,reference:file:/home/mengjingshi/.m2/repository/p2/osgi/bundle/org.eclipse.core.net.win32.x86_64/1.1.0.v20160323-1650/org.eclipse.core.net.win32.x86_64-1.1.0.v20160323-1650.jar,reference:file:/home/mengjingshi/.m2/repository/p2/osgi/bundle/org.eclipse.core.resources.win32.x86_64/3.5.100.v20170516-0925/org.eclipse.core.resources.win32.x86_64-3.5.100.v20170516-0925.jar,reference:file:/home/mengjingshi/Documents/workspace/org.eclipse.cdt/core/org.eclipse.cdt.core.tests/target/work/plugins/org.eclipse.equinox.launcher.win32.win32.x86_64_1.1.551.v20171108-1834,reference:file:/home/mengjingshi/.m2/repository/p2/osgi/bundle/org.eclipse.equinox.security.win32.x86_64/1.0.100.v20130327-1442/org.eclipse.equinox.security.win32.x86_64-1.0.100.v20130327-1442.jar,reference:file:/home/mengjingshi/Documents/workspace/org.eclipse.cdt/core/org.eclipse.cdt.core.macosx/target/org.eclipse.cdt.core.macosx-5.3.0-SNAPSHOT.jar,reference:file:/home/mengjingshi/.m2/repository/p2/osgi/bundle/org.eclipse.core.filesystem.macosx/1.3.0.v20140124-1940/org.eclipse.core.filesystem.macosx-1.3.0.v20140124-1940.jar,reference:file:/home/mengjingshi/.m2/repository/p2/osgi/bundle/org.eclipse.e4.ui.workbench.renderers.swt.cocoa/0.11.300.v20160330-1418/org.eclipse.e4.ui.workbench.renderers.swt.cocoa-0.11.300.v20160330-1418.jar,reference:file:/home/mengjingshi/Documents/workspace/org.eclipse.cdt/core/org.eclipse.cdt.core.tests/target/work/plugins/org.eclipse.equinox.launcher.cocoa.macosx.x86_64_1.1.551.v20171108-1834,reference:file:/home/mengjingshi/.m2/repository/p2/osgi/bundle/org.eclipse.swt.cocoa.macosx.x86_64/3.106.2.v20171129-0543/org.eclipse.swt.cocoa.macosx.x86_64-3.106.2.v20171129-0543.jar,reference:file:/home/mengjingshi/.m2/repository/p2/osgi/bundle/org.eclipse.equinox.security.macosx/1.100.200.v20130327-1442/org.eclipse.equinox.security.macosx-1.100.200.v20130327-1442.jar,reference:file:/home/mengjingshi/.m2/repository/p2/osgi/bundle/org.eclipse.ui.cocoa/1.1.100.v20151202-1450/org.eclipse.ui.cocoa-1.1.100.v20151202-1450.jar,reference:file:/home/mengjingshi/.m2/repository/org/eclipse/tycho/org.eclipse.tycho.surefire.osgibooter/1.0.0/org.eclipse.tycho.surefire.osgibooter-1.0.0.jar,reference:file:/home/mengjingshi/.m2/repository/org/eclipse/tycho/org.eclipse.tycho.surefire.junit4/1.0.0/org.eclipse.tycho.surefire.junit4-1.0.0.jar"/>
    <property name="java.endorsed.dirs" value="/usr/lib/jvm/java-8-openjdk-i386/jre/lib/endorsed"/>
    <property name="osgi.tracefile" value="/home/mengjingshi/Documents/workspace/org.eclipse.cdt/core/org.eclipse.cdt.core.tests/target/work/data/.metadata/trace.log"/>
    <property name="sun.cpu.isalist" value=""/>
    <property name="sun.jnu.encoding" value="UTF-8"/>
    <property name="eclipse.application" value="org.eclipse.tycho.surefire.osgibooter.headlesstest"/>
    <property name="file.encoding.pkg" value="sun.io"/>
    <property name="org.osgi.framework.vendor" value="Eclipse"/>
    <property name="equinox.init.uuid" value="true"/>
    <property name="file.separator" value="/"/>
    <property name="java.specification.name" value="Java Platform API Specification"/>
    <property name="osgi.checkConfiguration" value="true"/>
    <property name="java.class.version" value="52.0"/>
    <property name="user.country" value="CN"/>
    <property name="osgi.configuration.cascaded" value="false"/>
    <property name="java.home" value="/usr/lib/jvm/java-8-openjdk-i386/jre"/>
    <property name="osgi.os" value="linux"/>
    <property name="eclipse.commands" value="-data&#10;/home/mengjingshi/Documents/workspace/org.eclipse.cdt/core/org.eclipse.cdt.core.tests/target/work/data&#10;-install&#10;/home/mengjingshi/Documents/workspace/org.eclipse.cdt/core/org.eclipse.cdt.core.tests/target/work&#10;-configuration&#10;/home/mengjingshi/Documents/workspace/org.eclipse.cdt/core/org.eclipse.cdt.core.tests/target/work/configuration&#10;-application&#10;org.eclipse.tycho.surefire.osgibooter.headlesstest&#10;-testproperties&#10;/home/mengjingshi/Documents/workspace/org.eclipse.cdt/core/org.eclipse.cdt.core.tests/target/surefire.properties&#10;-product&#10;org.eclipse.platform.ide&#10;"/>
    <property name="java.vm.info" value="mixed mode"/>
    <property name="os.version" value="3.19.0-18-generic"/>
    <property name="osgi.arch" value="x86"/>
    <property name="path.separator" value=":"/>
    <property name="java.vm.version" value="25.45-b02"/>
    <property name="org.osgi.supports.framework.fragment" value="true"/>
    <property name="osgi.framework.shape" value="jar"/>
    <property name="java.awt.printerjob" value="sun.print.PSPrinterJob"/>
    <property name="sun.io.unicode.encoding" value="UnicodeLittle"/>
    <property name="org.osgi.framework.version" value="1.8.0"/>
    <property name="org.osgi.framework.storage" value="/home/mengjingshi/Documents/workspace/org.eclipse.cdt/core/org.eclipse.cdt.core.tests/target/work/configuration"/>
    <property name="awt.toolkit" value="sun.awt.X11.XToolkit"/>
    <property name="eclipse.stateSaveDelayInterval" value="30000"/>
    <property name="osgi.dev" value="file:/home/mengjingshi/Documents/workspace/org.eclipse.cdt/core/org.eclipse.cdt.core.tests/target/work/dev.properties"/>
    <property name="osgi.install.area" value="file:/home/mengjingshi/Documents/workspace/org.eclipse.cdt/core/org.eclipse.cdt.core.tests/target/work/"/>
    <property name="osgi.framework" value="file:/home/mengjingshi/.m2/repository/p2/osgi/bundle/org.eclipse.osgi/3.12.50.v20170928-1321/org.eclipse.osgi-3.12.50.v20170928-1321.jar"/>
    <property name="user.home" value="/home/mengjingshi"/>
    <property name="osgi.framework.useSystemProperties" value="true"/>
    <property name="java.specification.vendor" value="Oracle Corporation"/>
    <property name="osgi.nl" value="zh_CN"/>
    <property name="java.library.path" value="/usr/java/packages/lib/i386:/usr/lib/i386-linux-gnu/jni:/lib/i386-linux-gnu:/usr/lib/i386-linux-gnu:/usr/lib/jni:/lib:/usr/lib"/>
    <property name="java.vendor.url" value="http://java.oracle.com/"/>
    <property name="osgi.bundlefile.limit" value="100"/>
    <property name="eclipse.startTime" value="1516851476485"/>
    <property name="org.osgi.framework.os.version" value="3.19.0"/>
    <property name="java.vm.vendor" value="Oracle Corporation"/>
    <property name="java.runtime.name" value="OpenJDK Runtime Environment"/>
    <property name="java.class.path" value="/home/mengjingshi/.m2/repository/p2/osgi/bundle/org.eclipse.equinox.launcher/1.4.0.v20161219-1356/org.eclipse.equinox.launcher-1.4.0.v20161219-1356.jar:/usr/share/java/jayatanaag.jar:/home/mengjingshi/.m2/repository/org/jacoco/org.jacoco.agent/0.7.9/org.jacoco.agent-0.7.9-runtime.jar"/>
    <property name="sun.java.command" value="/home/mengjingshi/.m2/repository/p2/osgi/bundle/org.eclipse.equinox.launcher/1.4.0.v20161219-1356/org.eclipse.equinox.launcher-1.4.0.v20161219-1356.jar -data /home/mengjingshi/Documents/workspace/org.eclipse.cdt/core/org.eclipse.cdt.core.tests/target/work/data -install /home/mengjingshi/Documents/workspace/org.eclipse.cdt/core/org.eclipse.cdt.core.tests/target/work -configuration /home/mengjingshi/Documents/workspace/org.eclipse.cdt/core/org.eclipse.cdt.core.tests/target/work/configuration -application org.eclipse.tycho.surefire.osgibooter.headlesstest -testproperties /home/mengjingshi/Documents/workspace/org.eclipse.cdt/core/org.eclipse.cdt.core.tests/target/surefire.properties -product org.eclipse.platform.ide"/>
    <property name="ds.delayed.keepInstances" value="true"/>
    <property name="java.vm.specification.name" value="Java Virtual Machine Specification"/>
    <property name="java.vm.specification.version" value="1.8"/>
    <property name="sun.os.patch.level" value="unknown"/>
    <property name="sun.cpu.endian" value="little"/>
    <property name="gosh.args" value="--nointeractive"/>
    <property name="java.io.tmpdir" value="/tmp"/>
    <property name="java.vendor.url.bug" value="http://bugreport.sun.com/bugreport/"/>
    <property name="eclipse.product" value="org.eclipse.platform.ide"/>
    <property name="eclipse.home.location" value="file:/home/mengjingshi/Documents/workspace/org.eclipse.cdt/core/org.eclipse.cdt.core.tests/target/work/"/>
    <property name="java.awt.graphicsenv" value="sun.awt.X11GraphicsEnvironment"/>
    <property name="os.arch" value="i386"/>
    <property name="java.ext.dirs" value="/usr/lib/jvm/java-8-openjdk-i386/jre/lib/ext:/usr/java/packages/lib/ext"/>
    <property name="user.dir" value="/home/mengjingshi/Documents/workspace/org.eclipse.cdt/core/org.eclipse.cdt.core.tests"/>
    <property name="org.osgi.supports.framework.requirebundle" value="true"/>
    <property name="osgi.clean" value="true"/>
    <property name="line.separator" value="&#10;"/>
    <property name="java.vm.name" value="OpenJDK Server VM"/>
    <property name="org.eclipse.swt.internal.gtk.version" value="3.14.13"/>
    <property name="file.encoding" value="UTF-8"/>
    <property name="java.specification.version" value="1.8"/>
    <property name="org.osgi.framework.executionenvironment" value="OSGi/Minimum-1.0,OSGi/Minimum-1.1,OSGi/Minimum-1.2,JavaSE/compact1-1.8,JavaSE/compact2-1.8,JavaSE/compact3-1.8,JRE-1.1,J2SE-1.2,J2SE-1.3,J2SE-1.4,J2SE-1.5,JavaSE-1.6,JavaSE-1.7,JavaSE-1.8"/>
    <property name="osgi.configuration.area" value="file:/home/mengjingshi/Documents/workspace/org.eclipse.cdt/core/org.eclipse.cdt.core.tests/target/work/configuration/"/>
    <property name="osgi.logfile" value="/home/mengjingshi/Documents/workspace/org.eclipse.cdt/core/org.eclipse.cdt.core.tests/target/work/data/.metadata/.log"/>
  </properties>
  <testcase name="testConcurrentDescriptorModification" classname="org.eclipse.cdt.core.cdescriptor.tests.CDescriptorTests" time="4.215"/>
  <testcase name="testDescriptorConversion" classname="org.eclipse.cdt.core.cdescriptor.tests.CDescriptorTests" time="0.012"/>
  <testcase name="testDeadlockDuringProjectCreation" classname="org.eclipse.cdt.core.cdescriptor.tests.CDescriptorTests" time="0.217"/>
  <testcase name="testExtensionData" classname="org.eclipse.cdt.core.cdescriptor.tests.CDescriptorTests" time="0.03"/>
  <testcase name="testConcurrentDifferentStorageElementModification" classname="org.eclipse.cdt.core.cdescriptor.tests.CDescriptorTests" time="0.676"/>
  <testcase name="testProjectDataCreate" classname="org.eclipse.cdt.core.cdescriptor.tests.CDescriptorTests" time="0.012"/>
  <testcase name="testProjectDataDelete" classname="org.eclipse.cdt.core.cdescriptor.tests.CDescriptorTests" time="0.014"/>
  <testcase name="testDescriptorCreation" classname="org.eclipse.cdt.core.cdescriptor.tests.CDescriptorTests" time="0.01"/>
  <testcase name="testConcurrentSameStorageElementModification" classname="org.eclipse.cdt.core.cdescriptor.tests.CDescriptorTests" time="0.568"/>
  <testcase name="testExtensionCreation" classname="org.eclipse.cdt.core.cdescriptor.tests.CDescriptorTests" time="0.13"/>
  <testcase name="testCProjectDescriptionDescriptorInteraction" classname="org.eclipse.cdt.core.cdescriptor.tests.CDescriptorTests" time="1.011"/>
  <testcase name="testExtensionRemove" classname="org.eclipse.cdt.core.cdescriptor.tests.CDescriptorTests" time="0.021"/>
  <testcase name="testAccumulatingBlankLinesInProjectData" classname="org.eclipse.cdt.core.cdescriptor.tests.CDescriptorTests" time="0.025"/>
  <testcase name="testExtensionGet" classname="org.eclipse.cdt.core.cdescriptor.tests.CDescriptorTests" time="0.017"/>
  <testcase name="testDescriptorOwner" classname="org.eclipse.cdt.core.cdescriptor.tests.CDescriptorTests" time="0.015"/>
  <testcase name="testCtorLvalueCopyConstruction" classname="org.eclipse.cdt.core.parser.tests.ast2.cxx14.constexpr.ConstructorTests$NonIndexing" time="0.516"/>
  <testcase name="testArgumentEvaluation" classname="org.eclipse.cdt.core.parser.tests.ast2.cxx14.constexpr.ConstructorTests$NonIndexing" time="0.021"/>
  <testcase name="testNestedConstructorCall" classname="org.eclipse.cdt.core.parser.tests.ast2.cxx14.constexpr.ConstructorTests$NonIndexing" time="0.023"/>
  <testcase name="testDirectDefaultInitializedVariable_510151" classname="org.eclipse.cdt.core.parser.tests.ast2.cxx14.constexpr.ConstructorTests$NonIndexing" time="0.01"/>
  <testcase name="testInitializationOfNestedCompositeValues" classname="org.eclipse.cdt.core.parser.tests.ast2.cxx14.constexpr.ConstructorTests$NonIndexing" time="0.015"/>
  <testcase name="testImplicitConstructorOfLiteralTypeWithImplicitDestructorIsConstexpr" classname="org.eclipse.cdt.core.parser.tests.ast2.cxx14.constexpr.ConstructorTests$NonIndexing" time="0.024"/>
  <testcase name="testCtorRvalueCopyConstruction" classname="org.eclipse.cdt.core.parser.tests.ast2.cxx14.constexpr.ConstructorTests$NonIndexing" time="0.008"/>
  <testcase name="testStructDefaultInitialization" classname="org.eclipse.cdt.core.parser.tests.ast2.cxx14.constexpr.ConstructorTests$NonIndexing" time="0.025"/>
  <testcase name="testSimpleTypeConstructorExpression2" classname="org.eclipse.cdt.core.parser.tests.ast2.cxx14.constexpr.ConstructorTests$NonIndexing" time="0.01"/>
  <testcase name="testDirectInitializedVariable_510151" classname="org.eclipse.cdt.core.parser.tests.ast2.cxx14.constexpr.ConstructorTests$NonIndexing" time="0.004"/>
  <testcase name="testCtorConstructorInitializer" classname="org.eclipse.cdt.core.parser.tests.ast2.cxx14.constexpr.ConstructorTests$NonIndexing" time="0.01"/>
  <testcase name="testConstexprConstructorDefaultConstruction" classname="org.eclipse.cdt.core.parser.tests.ast2.cxx14.constexpr.ConstructorTests$NonIndexing" time="0.007"/>
  <testcase name="testInitialValueOfComposite" classname="org.eclipse.cdt.core.parser.tests.ast2.cxx14.constexpr.ConstructorTests$NonIndexing" time="0.004"/>
  <testcase name="testAssignmentOfNestedCompositeValues" classname="org.eclipse.cdt.core.parser.tests.ast2.cxx14.constexpr.ConstructorTests$NonIndexing" time="0.01"/>
  <testcase name="testConstexprConstructorConstructorBody" classname="org.eclipse.cdt.core.parser.tests.ast2.cxx14.constexpr.ConstructorTests$NonIndexing" time="0.006"/>
  <testcase name="testImplicitConstructorOfLiteralTypeWithUserDefinedDestructorIsNotConstexpr" classname="org.eclipse.cdt.core.parser.tests.ast2.cxx14.constexpr.ConstructorTests$NonIndexing" time="0.006"/>
  <testcase name="testConstexprConstructorCopyConstruction" classname="org.eclipse.cdt.core.parser.tests.ast2.cxx14.constexpr.ConstructorTests$NonIndexing" time="0.006"/>
  <testcase name="testInheritedMemberVariable1" classname="org.eclipse.cdt.core.parser.tests.ast2.cxx14.constexpr.ConstructorTests$NonIndexing" time="0.012"/>
  <testcase name="testInheritedMemberVariable2" classname="org.eclipse.cdt.core.parser.tests.ast2.cxx14.constexpr.ConstructorTests$NonIndexing" time="0.008"/>
  <testcase name="testIdempotence" classname="org.eclipse.cdt.core.parser.tests.ast2.cxx14.constexpr.ConstructorTests$NonIndexing" time="0.007"/>
  <testcase name="testUserDefinedDefaultConstructorIsNotConstexpr" classname="org.eclipse.cdt.core.parser.tests.ast2.cxx14.constexpr.ConstructorTests$NonIndexing" time="0.005"/>
  <testcase name="testNestedStructDefaultInitialization" classname="org.eclipse.cdt.core.parser.tests.ast2.cxx14.constexpr.ConstructorTests$NonIndexing" time="0.006"/>
  <testcase name="testCtorCall" classname="org.eclipse.cdt.core.parser.tests.ast2.cxx14.constexpr.ConstructorTests$NonIndexing" time="0.005"/>
  <testcase name="testStructDefaultInitializationOverride" classname="org.eclipse.cdt.core.parser.tests.ast2.cxx14.constexpr.ConstructorTests$NonIndexing" time="0.006"/>
  <testcase name="testInitializationOfCompositeValues" classname="org.eclipse.cdt.core.parser.tests.ast2.cxx14.constexpr.ConstructorTests$NonIndexing" time="0.004"/>
  <testcase name="testConstexprConstructorChainInitializers" classname="org.eclipse.cdt.core.parser.tests.ast2.cxx14.constexpr.ConstructorTests$NonIndexing" time="0.006"/>
  <testcase name="testConstexprConstructorInheritance" classname="org.eclipse.cdt.core.parser.tests.ast2.cxx14.constexpr.ConstructorTests$NonIndexing" time="0.008"/>
  <testcase name="testAssignmentOfCompositeValues" classname="org.eclipse.cdt.core.parser.tests.ast2.cxx14.constexpr.ConstructorTests$NonIndexing" time="0.006"/>
  <testcase name="testNestedStructDefaultInitializationOverride" classname="org.eclipse.cdt.core.parser.tests.ast2.cxx14.constexpr.ConstructorTests$NonIndexing" time="0.008"/>
  <testcase name="testOrderOfFieldInitialization" classname="org.eclipse.cdt.core.parser.tests.ast2.cxx14.constexpr.ConstructorTests$NonIndexing" time="0.007"/>
  <testcase name="testCtorImplicitConversion" classname="org.eclipse.cdt.core.parser.tests.ast2.cxx14.constexpr.ConstructorTests$NonIndexing" time="0.006"/>
  <testcase name="testImplicitConstructorOfLiteralTypeWithDefaultedDestructorIsConstexpr" classname="org.eclipse.cdt.core.parser.tests.ast2.cxx14.constexpr.ConstructorTests$NonIndexing" time="0.007"/>
  <testcase name="testCtorEqualsInitializer" classname="org.eclipse.cdt.core.parser.tests.ast2.cxx14.constexpr.ConstructorTests$NonIndexing" time="0.006"/>
  <testcase name="testCtorInitializerList" classname="org.eclipse.cdt.core.parser.tests.ast2.cxx14.constexpr.ConstructorTests$NonIndexing" time="0.007"/>
  <testcase name="testImplicitConstructorOfAggregateTypeIsConstexpr" classname="org.eclipse.cdt.core.parser.tests.ast2.cxx14.constexpr.ConstructorTests$NonIndexing" time="0.005"/>
  <testcase name="testDefaultInitializedVariable_510151" classname="org.eclipse.cdt.core.parser.tests.ast2.cxx14.constexpr.ConstructorTests$NonIndexing" time="0.004"/>
  <testcase name="testFundamentalTypeDirectInitializationWithParenthesis" classname="org.eclipse.cdt.core.parser.tests.ast2.cxx14.constexpr.ConstructorTests$NonIndexing" time="0.005"/>
  <testcase name="testCtorLvalueCopyConstruction" classname="org.eclipse.cdt.core.parser.tests.ast2.cxx14.constexpr.ConstructorTests$SingleProject" time="1.837"/>
  <testcase name="testArgumentEvaluation" classname="org.eclipse.cdt.core.parser.tests.ast2.cxx14.constexpr.ConstructorTests$SingleProject" time="0.044"/>
  <testcase name="testNestedConstructorCall" classname="org.eclipse.cdt.core.parser.tests.ast2.cxx14.constexpr.ConstructorTests$SingleProject" time="0.052"/>
  <testcase name="testDirectDefaultInitializedVariable_510151" classname="org.eclipse.cdt.core.parser.tests.ast2.cxx14.constexpr.ConstructorTests$SingleProject" time="0.053"/>
  <testcase name="testInitializationOfNestedCompositeValues" classname="org.eclipse.cdt.core.parser.tests.ast2.cxx14.constexpr.ConstructorTests$SingleProject" time="0.079">
    <failure message="Expected number (0) of Non-OK status objects in log differs from actual (2).&#10;	Error: org.eclipse.cdt.internal.core.dom.parser.ITypeMarshalBuffer.marshalEvaluation(Lorg/eclipse/cdt/internal/core/dom/parser/ISerializableEvaluation;Z)V org.eclipse.cdt.internal.core.dom.parser.ITypeMarshalBuffer.marshalEvaluation(Lorg/eclipse/cdt/internal/core/dom/parser/ISerializableEvaluation;Z)V&#10;	Error: org.eclipse.cdt.internal.core.dom.parser.ITypeMarshalBuffer.marshalEvaluation(Lorg/eclipse/cdt/internal/core/dom/parser/ISerializableEvaluation;Z)V org.eclipse.cdt.internal.core.dom.parser.ITypeMarshalBuffer.marshalEvaluation(Lorg/eclipse/cdt/internal/core/dom/parser/ISerializableEvaluation;Z)V&#10;" type="junit.framework.AssertionFailedError">junit.framework.AssertionFailedError: Expected number (0) of Non-OK status objects in log differs from actual (2).
	Error: org.eclipse.cdt.internal.core.dom.parser.ITypeMarshalBuffer.marshalEvaluation(Lorg/eclipse/cdt/internal/core/dom/parser/ISerializableEvaluation;Z)V org.eclipse.cdt.internal.core.dom.parser.ITypeMarshalBuffer.marshalEvaluation(Lorg/eclipse/cdt/internal/core/dom/parser/ISerializableEvaluation;Z)V
	Error: org.eclipse.cdt.internal.core.dom.parser.ITypeMarshalBuffer.marshalEvaluation(Lorg/eclipse/cdt/internal/core/dom/parser/ISerializableEvaluation;Z)V org.eclipse.cdt.internal.core.dom.parser.ITypeMarshalBuffer.marshalEvaluation(Lorg/eclipse/cdt/internal/core/dom/parser/ISerializableEvaluation;Z)V

	at org.eclipse.cdt.core.testplugin.util.BaseTestCase.runBare(BaseTestCase.java:242)
	at junit.framework.TestResult$1.protect(TestResult.java:122)
	at junit.framework.TestResult.runProtected(TestResult.java:142)
	at junit.framework.TestResult.run(TestResult.java:125)
	at junit.framework.TestCase.run(TestCase.java:129)
	at org.eclipse.cdt.core.testplugin.util.BaseTestCase.run(BaseTestCase.java:259)
	at junit.framework.TestSuite.runTest(TestSuite.java:252)
	at junit.framework.TestSuite.run(TestSuite.java:247)
	at junit.framework.TestSuite.runTest(TestSuite.java:252)
	at junit.framework.TestSuite.run(TestSuite.java:247)
	at junit.framework.TestSuite.runTest(TestSuite.java:252)
	at junit.framework.TestSuite.run(TestSuite.java:247)
	at org.junit.internal.runners.JUnit38ClassRunner.run(JUnit38ClassRunner.java:86)
	at org.apache.maven.surefire.junit4.JUnit4Provider.execute(JUnit4Provider.java:264)
	at org.apache.maven.surefire.junit4.JUnit4Provider.executeTestSet(JUnit4Provider.java:153)
	at org.apache.maven.surefire.junit4.JUnit4Provider.invoke(JUnit4Provider.java:124)
	at sun.reflect.NativeMethodAccessorImpl.invoke0(Native Method)
	at sun.reflect.NativeMethodAccessorImpl.invoke(NativeMethodAccessorImpl.java:62)
	at sun.reflect.DelegatingMethodAccessorImpl.invoke(DelegatingMethodAccessorImpl.java:43)
	at java.lang.reflect.Method.invoke(Method.java:497)
	at org.apache.maven.surefire.util.ReflectionUtils.invokeMethodWithArray2(ReflectionUtils.java:208)
	at org.apache.maven.surefire.booter.ProviderFactory$ProviderProxy.invoke(ProviderFactory.java:156)
	at org.apache.maven.surefire.booter.ProviderFactory.invokeProvider(ProviderFactory.java:82)
	at org.eclipse.tycho.surefire.osgibooter.OsgiSurefireBooter.run(OsgiSurefireBooter.java:95)
	at org.eclipse.tycho.surefire.osgibooter.HeadlessTestApplication.run(HeadlessTestApplication.java:21)
	at sun.reflect.NativeMethodAccessorImpl.invoke0(Native Method)
	at sun.reflect.NativeMethodAccessorImpl.invoke(NativeMethodAccessorImpl.java:62)
	at sun.reflect.DelegatingMethodAccessorImpl.invoke(DelegatingMethodAccessorImpl.java:43)
	at java.lang.reflect.Method.invoke(Method.java:497)
	at org.eclipse.equinox.internal.app.EclipseAppContainer.callMethodWithException(EclipseAppContainer.java:587)
	at org.eclipse.equinox.internal.app.EclipseAppHandle.run(EclipseAppHandle.java:198)
	at org.eclipse.core.runtime.internal.adaptor.EclipseAppLauncher.runApplication(EclipseAppLauncher.java:134)
	at org.eclipse.core.runtime.internal.adaptor.EclipseAppLauncher.start(EclipseAppLauncher.java:104)
	at org.eclipse.core.runtime.adaptor.EclipseStarter.run(EclipseStarter.java:388)
	at org.eclipse.core.runtime.adaptor.EclipseStarter.run(EclipseStarter.java:243)
	at sun.reflect.NativeMethodAccessorImpl.invoke0(Native Method)
	at sun.reflect.NativeMethodAccessorImpl.invoke(NativeMethodAccessorImpl.java:62)
	at sun.reflect.DelegatingMethodAccessorImpl.invoke(DelegatingMethodAccessorImpl.java:43)
	at java.lang.reflect.Method.invoke(Method.java:497)
	at org.eclipse.equinox.launcher.Main.invokeFramework(Main.java:653)
	at org.eclipse.equinox.launcher.Main.basicRun(Main.java:590)
	at org.eclipse.equinox.launcher.Main.run(Main.java:1499)
	at org.eclipse.equinox.launcher.Main.main(Main.java:1472)
Caused by: java.lang.NoSuchMethodError: org.eclipse.cdt.internal.core.dom.parser.ITypeMarshalBuffer.marshalEvaluation(Lorg/eclipse/cdt/internal/core/dom/parser/ISerializableEvaluation;Z)V
	at org.eclipse.cdt.internal.core.dom.parser.cpp.semantics.InitializerListType.marshal(InitializerListType.java:55)
	at org.eclipse.cdt.internal.core.pdom.dom.TypeMarshalBuffer.marshalType(TypeMarshalBuffer.java:132)
	at org.eclipse.cdt.internal.core.dom.parser.cpp.semantics.EvalFixed.marshal(EvalFixed.java:147)
	at org.eclipse.cdt.internal.core.pdom.dom.TypeMarshalBuffer.marshalEvaluation(TypeMarshalBuffer.java:166)
	at org.eclipse.cdt.internal.core.dom.parser.CompositeValue.marshal(CompositeValue.java:289)
	at org.eclipse.cdt.internal.core.pdom.dom.TypeMarshalBuffer.marshalValue(TypeMarshalBuffer.java:192)
	at org.eclipse.cdt.internal.core.pdom.dom.PDOMLinkage.storeValue(PDOMLinkage.java:656)
	at org.eclipse.cdt.internal.core.pdom.dom.PDOMLinkage.storeValue(PDOMLinkage.java:650)
	at org.eclipse.cdt.internal.core.pdom.dom.cpp.PDOMCPPVariable.setValue(PDOMCPPVariable.java:64)
	at org.eclipse.cdt.internal.core.pdom.dom.cpp.PDOMCPPVariable.initData(PDOMCPPVariable.java:57)
	at org.eclipse.cdt.internal.core.pdom.dom.cpp.PDOMCPPLinkage$ConfigureVariable.run(PDOMCPPLinkage.java:239)
	at org.eclipse.cdt.internal.core.pdom.dom.cpp.PDOMCPPLinkage.handlePostProcesses(PDOMCPPLinkage.java:1281)
	at org.eclipse.cdt.internal.core.pdom.dom.cpp.PDOMCPPLinkage.addBinding(PDOMCPPLinkage.java:631)
	at org.eclipse.cdt.internal.core.pdom.dom.PDOMFile.createPDOMName(PDOMFile.java:515)
	at org.eclipse.cdt.internal.core.pdom.dom.PDOMFile.addNames(PDOMFile.java:482)
	at org.eclipse.cdt.internal.core.pdom.WritablePDOM.addFileContent(WritablePDOM.java:154)
	at org.eclipse.cdt.internal.core.index.WritableCIndex.setFileContent(WritableCIndex.java:86)
	at org.eclipse.cdt.internal.core.pdom.PDOMWriter.storeFileInIndex(PDOMWriter.java:668)
	at org.eclipse.cdt.internal.core.pdom.PDOMWriter.storeSymbolsInIndex(PDOMWriter.java:325)
	at org.eclipse.cdt.internal.core.pdom.PDOMWriter.addSymbols(PDOMWriter.java:284)
	at org.eclipse.cdt.internal.core.pdom.AbstractIndexerTask.writeToIndex(AbstractIndexerTask.java:1284)
	at org.eclipse.cdt.internal.core.pdom.AbstractIndexerTask.parseFile(AbstractIndexerTask.java:1096)
	at org.eclipse.cdt.internal.core.pdom.AbstractIndexerTask.parseLinkage(AbstractIndexerTask.java:930)
	at org.eclipse.cdt.internal.core.pdom.AbstractIndexerTask.runTask(AbstractIndexerTask.java:557)
	at org.eclipse.cdt.internal.core.pdom.indexer.PDOMIndexerTask.run(PDOMIndexerTask.java:161)
	at org.eclipse.cdt.internal.core.pdom.indexer.PDOMRebuildTask.run(PDOMRebuildTask.java:90)
	at org.eclipse.cdt.internal.core.pdom.PDOMIndexerJob.run(PDOMIndexerJob.java:155)
	at org.eclipse.core.internal.jobs.Worker.run(Worker.java:56)
</failure>
  </testcase>
  <testcase name="testImplicitConstructorOfLiteralTypeWithImplicitDestructorIsConstexpr" classname="org.eclipse.cdt.core.parser.tests.ast2.cxx14.constexpr.ConstructorTests$SingleProject" time="0.045"/>
  <testcase name="testCtorRvalueCopyConstruction" classname="org.eclipse.cdt.core.parser.tests.ast2.cxx14.constexpr.ConstructorTests$SingleProject" time="0.039"/>
  <testcase name="testStructDefaultInitialization" classname="org.eclipse.cdt.core.parser.tests.ast2.cxx14.constexpr.ConstructorTests$SingleProject" time="0.048"/>
  <testcase name="testSimpleTypeConstructorExpression2" classname="org.eclipse.cdt.core.parser.tests.ast2.cxx14.constexpr.ConstructorTests$SingleProject" time="0.042"/>
  <testcase name="testDirectInitializedVariable_510151" classname="org.eclipse.cdt.core.parser.tests.ast2.cxx14.constexpr.ConstructorTests$SingleProject" time="0.036"/>
  <testcase name="testCtorConstructorInitializer" classname="org.eclipse.cdt.core.parser.tests.ast2.cxx14.constexpr.ConstructorTests$SingleProject" time="0.055"/>
  <testcase name="testConstexprConstructorDefaultConstruction" classname="org.eclipse.cdt.core.parser.tests.ast2.cxx14.constexpr.ConstructorTests$SingleProject" time="0.039"/>
  <testcase name="testInitialValueOfComposite" classname="org.eclipse.cdt.core.parser.tests.ast2.cxx14.constexpr.ConstructorTests$SingleProject" time="0.029"/>
  <testcase name="testAssignmentOfNestedCompositeValues" classname="org.eclipse.cdt.core.parser.tests.ast2.cxx14.constexpr.ConstructorTests$SingleProject" time="0.041">
    <failure message="Expected number (0) of Non-OK status objects in log differs from actual (2).&#10;	Error: org.eclipse.cdt.internal.core.dom.parser.ITypeMarshalBuffer.marshalEvaluation(Lorg/eclipse/cdt/internal/core/dom/parser/ISerializableEvaluation;Z)V org.eclipse.cdt.internal.core.dom.parser.ITypeMarshalBuffer.marshalEvaluation(Lorg/eclipse/cdt/internal/core/dom/parser/ISerializableEvaluation;Z)V&#10;	Error: org.eclipse.cdt.internal.core.dom.parser.ITypeMarshalBuffer.marshalEvaluation(Lorg/eclipse/cdt/internal/core/dom/parser/ISerializableEvaluation;Z)V org.eclipse.cdt.internal.core.dom.parser.ITypeMarshalBuffer.marshalEvaluation(Lorg/eclipse/cdt/internal/core/dom/parser/ISerializableEvaluation;Z)V&#10;" type="junit.framework.AssertionFailedError">junit.framework.AssertionFailedError: Expected number (0) of Non-OK status objects in log differs from actual (2).
	Error: org.eclipse.cdt.internal.core.dom.parser.ITypeMarshalBuffer.marshalEvaluation(Lorg/eclipse/cdt/internal/core/dom/parser/ISerializableEvaluation;Z)V org.eclipse.cdt.internal.core.dom.parser.ITypeMarshalBuffer.marshalEvaluation(Lorg/eclipse/cdt/internal/core/dom/parser/ISerializableEvaluation;Z)V
	Error: org.eclipse.cdt.internal.core.dom.parser.ITypeMarshalBuffer.marshalEvaluation(Lorg/eclipse/cdt/internal/core/dom/parser/ISerializableEvaluation;Z)V org.eclipse.cdt.internal.core.dom.parser.ITypeMarshalBuffer.marshalEvaluation(Lorg/eclipse/cdt/internal/core/dom/parser/ISerializableEvaluation;Z)V

	at org.eclipse.cdt.core.testplugin.util.BaseTestCase.runBare(BaseTestCase.java:242)
	at junit.framework.TestResult$1.protect(TestResult.java:122)
	at junit.framework.TestResult.runProtected(TestResult.java:142)
	at junit.framework.TestResult.run(TestResult.java:125)
	at junit.framework.TestCase.run(TestCase.java:129)
	at org.eclipse.cdt.core.testplugin.util.BaseTestCase.run(BaseTestCase.java:259)
	at junit.framework.TestSuite.runTest(TestSuite.java:252)
	at junit.framework.TestSuite.run(TestSuite.java:247)
	at junit.framework.TestSuite.runTest(TestSuite.java:252)
	at junit.framework.TestSuite.run(TestSuite.java:247)
	at junit.framework.TestSuite.runTest(TestSuite.java:252)
	at junit.framework.TestSuite.run(TestSuite.java:247)
	at org.junit.internal.runners.JUnit38ClassRunner.run(JUnit38ClassRunner.java:86)
	at org.apache.maven.surefire.junit4.JUnit4Provider.execute(JUnit4Provider.java:264)
	at org.apache.maven.surefire.junit4.JUnit4Provider.executeTestSet(JUnit4Provider.java:153)
	at org.apache.maven.surefire.junit4.JUnit4Provider.invoke(JUnit4Provider.java:124)
	at sun.reflect.NativeMethodAccessorImpl.invoke0(Native Method)
	at sun.reflect.NativeMethodAccessorImpl.invoke(NativeMethodAccessorImpl.java:62)
	at sun.reflect.DelegatingMethodAccessorImpl.invoke(DelegatingMethodAccessorImpl.java:43)
	at java.lang.reflect.Method.invoke(Method.java:497)
	at org.apache.maven.surefire.util.ReflectionUtils.invokeMethodWithArray2(ReflectionUtils.java:208)
	at org.apache.maven.surefire.booter.ProviderFactory$ProviderProxy.invoke(ProviderFactory.java:156)
	at org.apache.maven.surefire.booter.ProviderFactory.invokeProvider(ProviderFactory.java:82)
	at org.eclipse.tycho.surefire.osgibooter.OsgiSurefireBooter.run(OsgiSurefireBooter.java:95)
	at org.eclipse.tycho.surefire.osgibooter.HeadlessTestApplication.run(HeadlessTestApplication.java:21)
	at sun.reflect.NativeMethodAccessorImpl.invoke0(Native Method)
	at sun.reflect.NativeMethodAccessorImpl.invoke(NativeMethodAccessorImpl.java:62)
	at sun.reflect.DelegatingMethodAccessorImpl.invoke(DelegatingMethodAccessorImpl.java:43)
	at java.lang.reflect.Method.invoke(Method.java:497)
	at org.eclipse.equinox.internal.app.EclipseAppContainer.callMethodWithException(EclipseAppContainer.java:587)
	at org.eclipse.equinox.internal.app.EclipseAppHandle.run(EclipseAppHandle.java:198)
	at org.eclipse.core.runtime.internal.adaptor.EclipseAppLauncher.runApplication(EclipseAppLauncher.java:134)
	at org.eclipse.core.runtime.internal.adaptor.EclipseAppLauncher.start(EclipseAppLauncher.java:104)
	at org.eclipse.core.runtime.adaptor.EclipseStarter.run(EclipseStarter.java:388)
	at org.eclipse.core.runtime.adaptor.EclipseStarter.run(EclipseStarter.java:243)
	at sun.reflect.NativeMethodAccessorImpl.invoke0(Native Method)
	at sun.reflect.NativeMethodAccessorImpl.invoke(NativeMethodAccessorImpl.java:62)
	at sun.reflect.DelegatingMethodAccessorImpl.invoke(DelegatingMethodAccessorImpl.java:43)
	at java.lang.reflect.Method.invoke(Method.java:497)
	at org.eclipse.equinox.launcher.Main.invokeFramework(Main.java:653)
	at org.eclipse.equinox.launcher.Main.basicRun(Main.java:590)
	at org.eclipse.equinox.launcher.Main.run(Main.java:1499)
	at org.eclipse.equinox.launcher.Main.main(Main.java:1472)
Caused by: java.lang.NoSuchMethodError: org.eclipse.cdt.internal.core.dom.parser.ITypeMarshalBuffer.marshalEvaluation(Lorg/eclipse/cdt/internal/core/dom/parser/ISerializableEvaluation;Z)V
	at org.eclipse.cdt.internal.core.dom.parser.cpp.semantics.InitializerListType.marshal(InitializerListType.java:55)
	at org.eclipse.cdt.internal.core.pdom.dom.TypeMarshalBuffer.marshalType(TypeMarshalBuffer.java:132)
	at org.eclipse.cdt.internal.core.dom.parser.cpp.semantics.EvalFixed.marshal(EvalFixed.java:147)
	at org.eclipse.cdt.internal.core.pdom.dom.TypeMarshalBuffer.marshalEvaluation(TypeMarshalBuffer.java:166)
	at org.eclipse.cdt.internal.core.dom.parser.CompositeValue.marshal(CompositeValue.java:289)
	at org.eclipse.cdt.internal.core.pdom.dom.TypeMarshalBuffer.marshalValue(TypeMarshalBuffer.java:192)
	at org.eclipse.cdt.internal.core.pdom.dom.PDOMLinkage.storeValue(PDOMLinkage.java:656)
	at org.eclipse.cdt.internal.core.pdom.dom.PDOMLinkage.storeValue(PDOMLinkage.java:650)
	at org.eclipse.cdt.internal.core.pdom.dom.cpp.PDOMCPPVariable.setValue(PDOMCPPVariable.java:64)
	at org.eclipse.cdt.internal.core.pdom.dom.cpp.PDOMCPPVariable.initData(PDOMCPPVariable.java:57)
	at org.eclipse.cdt.internal.core.pdom.dom.cpp.PDOMCPPLinkage$ConfigureVariable.run(PDOMCPPLinkage.java:239)
	at org.eclipse.cdt.internal.core.pdom.dom.cpp.PDOMCPPLinkage.handlePostProcesses(PDOMCPPLinkage.java:1281)
	at org.eclipse.cdt.internal.core.pdom.dom.cpp.PDOMCPPLinkage.addBinding(PDOMCPPLinkage.java:631)
	at org.eclipse.cdt.internal.core.pdom.dom.PDOMFile.createPDOMName(PDOMFile.java:515)
	at org.eclipse.cdt.internal.core.pdom.dom.PDOMFile.addNames(PDOMFile.java:482)
	at org.eclipse.cdt.internal.core.pdom.WritablePDOM.addFileContent(WritablePDOM.java:154)
	at org.eclipse.cdt.internal.core.index.WritableCIndex.setFileContent(WritableCIndex.java:86)
	at org.eclipse.cdt.internal.core.pdom.PDOMWriter.storeFileInIndex(PDOMWriter.java:668)
	at org.eclipse.cdt.internal.core.pdom.PDOMWriter.storeSymbolsInIndex(PDOMWriter.java:325)
	at org.eclipse.cdt.internal.core.pdom.PDOMWriter.addSymbols(PDOMWriter.java:284)
	at org.eclipse.cdt.internal.core.pdom.AbstractIndexerTask.writeToIndex(AbstractIndexerTask.java:1284)
	at org.eclipse.cdt.internal.core.pdom.AbstractIndexerTask.parseFile(AbstractIndexerTask.java:1096)
	at org.eclipse.cdt.internal.core.pdom.AbstractIndexerTask.parseLinkage(AbstractIndexerTask.java:930)
	at org.eclipse.cdt.internal.core.pdom.AbstractIndexerTask.runTask(AbstractIndexerTask.java:557)
	at org.eclipse.cdt.internal.core.pdom.indexer.PDOMIndexerTask.run(PDOMIndexerTask.java:161)
	at org.eclipse.cdt.internal.core.pdom.indexer.PDOMRebuildTask.run(PDOMRebuildTask.java:90)
	at org.eclipse.cdt.internal.core.pdom.PDOMIndexerJob.run(PDOMIndexerJob.java:155)
	at org.eclipse.core.internal.jobs.Worker.run(Worker.java:56)
</failure>
  </testcase>
  <testcase name="testConstexprConstructorConstructorBody" classname="org.eclipse.cdt.core.parser.tests.ast2.cxx14.constexpr.ConstructorTests$SingleProject" time="0.036"/>
  <testcase name="testImplicitConstructorOfLiteralTypeWithUserDefinedDestructorIsNotConstexpr" classname="org.eclipse.cdt.core.parser.tests.ast2.cxx14.constexpr.ConstructorTests$SingleProject" time="0.045"/>
  <testcase name="testConstexprConstructorCopyConstruction" classname="org.eclipse.cdt.core.parser.tests.ast2.cxx14.constexpr.ConstructorTests$SingleProject" time="0.057"/>
  <testcase name="testInheritedMemberVariable1" classname="org.eclipse.cdt.core.parser.tests.ast2.cxx14.constexpr.ConstructorTests$SingleProject" time="0.031"/>
  <testcase name="testInheritedMemberVariable2" classname="org.eclipse.cdt.core.parser.tests.ast2.cxx14.constexpr.ConstructorTests$SingleProject" time="0.042"/>
  <testcase name="testIdempotence" classname="org.eclipse.cdt.core.parser.tests.ast2.cxx14.constexpr.ConstructorTests$SingleProject" time="0.042"/>
  <testcase name="testUserDefinedDefaultConstructorIsNotConstexpr" classname="org.eclipse.cdt.core.parser.tests.ast2.cxx14.constexpr.ConstructorTests$SingleProject" time="0.033"/>
  <testcase name="testNestedStructDefaultInitialization" classname="org.eclipse.cdt.core.parser.tests.ast2.cxx14.constexpr.ConstructorTests$SingleProject" time="0.032"/>
  <testcase name="testCtorCall" classname="org.eclipse.cdt.core.parser.tests.ast2.cxx14.constexpr.ConstructorTests$SingleProject" time="0.04"/>
  <testcase name="testStructDefaultInitializationOverride" classname="org.eclipse.cdt.core.parser.tests.ast2.cxx14.constexpr.ConstructorTests$SingleProject" time="0.035"/>
  <testcase name="testInitializationOfCompositeValues" classname="org.eclipse.cdt.core.parser.tests.ast2.cxx14.constexpr.ConstructorTests$SingleProject" time="0.045"/>
  <testcase name="testConstexprConstructorChainInitializers" classname="org.eclipse.cdt.core.parser.tests.ast2.cxx14.constexpr.ConstructorTests$SingleProject" time="0.042"/>
  <testcase name="testConstexprConstructorInheritance" classname="org.eclipse.cdt.core.parser.tests.ast2.cxx14.constexpr.ConstructorTests$SingleProject" time="0.085"/>
  <testcase name="testAssignmentOfCompositeValues" classname="org.eclipse.cdt.core.parser.tests.ast2.cxx14.constexpr.ConstructorTests$SingleProject" time="0.113"/>
  <testcase name="testNestedStructDefaultInitializationOverride" classname="org.eclipse.cdt.core.parser.tests.ast2.cxx14.constexpr.ConstructorTests$SingleProject" time="0.034"/>
  <testcase name="testOrderOfFieldInitialization" classname="org.eclipse.cdt.core.parser.tests.ast2.cxx14.constexpr.ConstructorTests$SingleProject" time="0.038"/>
  <testcase name="testCtorImplicitConversion" classname="org.eclipse.cdt.core.parser.tests.ast2.cxx14.constexpr.ConstructorTests$SingleProject" time="0.031"/>
  <testcase name="testImplicitConstructorOfLiteralTypeWithDefaultedDestructorIsConstexpr" classname="org.eclipse.cdt.core.parser.tests.ast2.cxx14.constexpr.ConstructorTests$SingleProject" time="0.036"/>
  <testcase name="testCtorEqualsInitializer" classname="org.eclipse.cdt.core.parser.tests.ast2.cxx14.constexpr.ConstructorTests$SingleProject" time="0.038"/>
  <testcase name="testCtorInitializerList" classname="org.eclipse.cdt.core.parser.tests.ast2.cxx14.constexpr.ConstructorTests$SingleProject" time="0.036"/>
  <testcase name="testImplicitConstructorOfAggregateTypeIsConstexpr" classname="org.eclipse.cdt.core.parser.tests.ast2.cxx14.constexpr.ConstructorTests$SingleProject" time="0.032"/>
  <testcase name="testDefaultInitializedVariable_510151" classname="org.eclipse.cdt.core.parser.tests.ast2.cxx14.constexpr.ConstructorTests$SingleProject" time="0.044"/>
  <testcase name="testFundamentalTypeDirectInitializationWithParenthesis" classname="org.eclipse.cdt.core.parser.tests.ast2.cxx14.constexpr.ConstructorTests$SingleProject" time="0.043"/>
  <testcase name="testMemberAccessThroughThisPointer" classname="org.eclipse.cdt.core.parser.tests.ast2.cxx14.constexpr.MemberFunctionTests$NonIndexing" time="0.032"/>
  <testcase name="testGlobalMemberFunctionCallFromGlobalConstexpr" classname="org.eclipse.cdt.core.parser.tests.ast2.cxx14.constexpr.MemberFunctionTests$NonIndexing" time="0.007"/>
  <testcase name="testMemberFunctionWithImplicitThis" classname="org.eclipse.cdt.core.parser.tests.ast2.cxx14.constexpr.MemberFunctionTests$NonIndexing" time="0.007"/>
  <testcase name="testMemberFunctionCall" classname="org.eclipse.cdt.core.parser.tests.ast2.cxx14.constexpr.MemberFunctionTests$NonIndexing" time="0.006"/>
  <testcase name="testNestedMemberFunctionCallsWithImplicitThis" classname="org.eclipse.cdt.core.parser.tests.ast2.cxx14.constexpr.MemberFunctionTests$NonIndexing" time="0.008"/>
  <testcase name="testGlobalMemberFunctionCallFromConstexprFunction" classname="org.eclipse.cdt.core.parser.tests.ast2.cxx14.constexpr.MemberFunctionTests$NonIndexing" time="0.008"/>
  <testcase name="testPlusEqualsWithinMemberFunction" classname="org.eclipse.cdt.core.parser.tests.ast2.cxx14.constexpr.MemberFunctionTests$NonIndexing" time="0.009"/>
  <testcase name="testExternallyDefinedMemberFunction" classname="org.eclipse.cdt.core.parser.tests.ast2.cxx14.constexpr.MemberFunctionTests$NonIndexing" time="0.019"/>
  <testcase name="testManualAddMemberFunction" classname="org.eclipse.cdt.core.parser.tests.ast2.cxx14.constexpr.MemberFunctionTests$NonIndexing" time="0.018"/>
  <testcase name="testMemberAccessThroughThisPointer" classname="org.eclipse.cdt.core.parser.tests.ast2.cxx14.constexpr.MemberFunctionTests$SingleProject" time="0.04"/>
  <testcase name="testGlobalMemberFunctionCallFromGlobalConstexpr" classname="org.eclipse.cdt.core.parser.tests.ast2.cxx14.constexpr.MemberFunctionTests$SingleProject" time="0.034"/>
  <testcase name="testMemberFunctionWithImplicitThis" classname="org.eclipse.cdt.core.parser.tests.ast2.cxx14.constexpr.MemberFunctionTests$SingleProject" time="0.036"/>
  <testcase name="testMemberFunctionCall" classname="org.eclipse.cdt.core.parser.tests.ast2.cxx14.constexpr.MemberFunctionTests$SingleProject" time="0.036"/>
  <testcase name="testNestedMemberFunctionCallsWithImplicitThis" classname="org.eclipse.cdt.core.parser.tests.ast2.cxx14.constexpr.MemberFunctionTests$SingleProject" time="0.034"/>
  <testcase name="testGlobalMemberFunctionCallFromConstexprFunction" classname="org.eclipse.cdt.core.parser.tests.ast2.cxx14.constexpr.MemberFunctionTests$SingleProject" time="0.03"/>
  <testcase name="testPlusEqualsWithinMemberFunction" classname="org.eclipse.cdt.core.parser.tests.ast2.cxx14.constexpr.MemberFunctionTests$SingleProject" time="0.036"/>
  <testcase name="testExternallyDefinedMemberFunction" classname="org.eclipse.cdt.core.parser.tests.ast2.cxx14.constexpr.MemberFunctionTests$SingleProject" time="0.038"/>
  <testcase name="testManualAddMemberFunction" classname="org.eclipse.cdt.core.parser.tests.ast2.cxx14.constexpr.MemberFunctionTests$SingleProject" time="0.039"/>
  <testcase name="testGlobalMemberAccessFromGlobalConstexpr" classname="org.eclipse.cdt.core.parser.tests.ast2.cxx14.constexpr.MemberVariableTests$NonIndexing" time="0.019"/>
  <testcase name="testIncrementOnCompositeValues" classname="org.eclipse.cdt.core.parser.tests.ast2.cxx14.constexpr.MemberVariableTests$NonIndexing" time="0.004"/>
  <testcase name="testAccessOfStaticField" classname="org.eclipse.cdt.core.parser.tests.ast2.cxx14.constexpr.MemberVariableTests$NonIndexing" time="0.005"/>
  <testcase name="testFieldDependsOnOtherField" classname="org.eclipse.cdt.core.parser.tests.ast2.cxx14.constexpr.MemberVariableTests$NonIndexing" time="0.008"/>
  <testcase name="testMemberAccessWithConstObject" classname="org.eclipse.cdt.core.parser.tests.ast2.cxx14.constexpr.MemberVariableTests$NonIndexing" time="0.007"/>
  <testcase name="testMemberInitializationWithoutUserDefinedCtor" classname="org.eclipse.cdt.core.parser.tests.ast2.cxx14.constexpr.MemberVariableTests$NonIndexing" time="0.015"/>
  <testcase name="testGlobalMemberAccessFromConstexprFunction" classname="org.eclipse.cdt.core.parser.tests.ast2.cxx14.constexpr.MemberVariableTests$NonIndexing" time="0.004"/>
  <testcase name="testGlobalMemberAccessFromGlobalConstexpr" classname="org.eclipse.cdt.core.parser.tests.ast2.cxx14.constexpr.MemberVariableTests$SingleProject" time="0.034"/>
  <testcase name="testIncrementOnCompositeValues" classname="org.eclipse.cdt.core.parser.tests.ast2.cxx14.constexpr.MemberVariableTests$SingleProject" time="0.036"/>
  <testcase name="testAccessOfStaticField" classname="org.eclipse.cdt.core.parser.tests.ast2.cxx14.constexpr.MemberVariableTests$SingleProject" time="0.042"/>
  <testcase name="testFieldDependsOnOtherField" classname="org.eclipse.cdt.core.parser.tests.ast2.cxx14.constexpr.MemberVariableTests$SingleProject" time="0.06"/>
  <testcase name="testMemberAccessWithConstObject" classname="org.eclipse.cdt.core.parser.tests.ast2.cxx14.constexpr.MemberVariableTests$SingleProject" time="0.033"/>
  <testcase name="testMemberInitializationWithoutUserDefinedCtor" classname="org.eclipse.cdt.core.parser.tests.ast2.cxx14.constexpr.MemberVariableTests$SingleProject" time="0.039"/>
  <testcase name="testGlobalMemberAccessFromConstexprFunction" classname="org.eclipse.cdt.core.parser.tests.ast2.cxx14.constexpr.MemberVariableTests$SingleProject" time="0.033"/>
  <testcase name="testPointerReturnValue" classname="org.eclipse.cdt.core.parser.tests.ast2.cxx14.constexpr.FunctionTests$NonIndexing" time="0.026"/>
  <testcase name="testSideEffectsOnArrayParameter" classname="org.eclipse.cdt.core.parser.tests.ast2.cxx14.constexpr.FunctionTests$NonIndexing" time="0.014"/>
  <testcase name="testPassingCompositeByReference" classname="org.eclipse.cdt.core.parser.tests.ast2.cxx14.constexpr.FunctionTests$NonIndexing" time="0.009"/>
  <testcase name="testEvaluationOfConstexprFunctionCalls" classname="org.eclipse.cdt.core.parser.tests.ast2.cxx14.constexpr.FunctionTests$NonIndexing" time="0.006"/>
  <testcase name="testLongCallChain_505606" classname="org.eclipse.cdt.core.parser.tests.ast2.cxx14.constexpr.FunctionTests$NonIndexing" time="0.011"/>
  <testcase name="testPassingCompositeByValue" classname="org.eclipse.cdt.core.parser.tests.ast2.cxx14.constexpr.FunctionTests$NonIndexing" time="0.007"/>
  <testcase name="testPassingIntByValue" classname="org.eclipse.cdt.core.parser.tests.ast2.cxx14.constexpr.FunctionTests$NonIndexing" time="0.005"/>
  <testcase name="testPassingIntByReference1" classname="org.eclipse.cdt.core.parser.tests.ast2.cxx14.constexpr.FunctionTests$NonIndexing" time="0.005"/>
  <testcase name="testPassingIntByReference2" classname="org.eclipse.cdt.core.parser.tests.ast2.cxx14.constexpr.FunctionTests$NonIndexing" time="0.006"/>
  <testcase name="testNonConstexprFunctionDoesntStoreBodyExecution" classname="org.eclipse.cdt.core.parser.tests.ast2.cxx14.constexpr.FunctionTests$NonIndexing" time="0.003"/>
  <testcase name="testFunctionReturnValueIsCopiedAndNotReferenced" classname="org.eclipse.cdt.core.parser.tests.ast2.cxx14.constexpr.FunctionTests$NonIndexing" time="0.006"/>
  <testcase name="testSizeofCallToRegularFunction" classname="org.eclipse.cdt.core.parser.tests.ast2.cxx14.constexpr.FunctionTests$NonIndexing" time="0.006"/>
  <testcase name="testAccessMemberOfCompositeParameter" classname="org.eclipse.cdt.core.parser.tests.ast2.cxx14.constexpr.FunctionTests$NonIndexing" time="0.012"/>
  <testcase name="testReferenceReturnValue" classname="org.eclipse.cdt.core.parser.tests.ast2.cxx14.constexpr.FunctionTests$NonIndexing" time="0.007"/>
  <testcase name="testRecursion" classname="org.eclipse.cdt.core.parser.tests.ast2.cxx14.constexpr.FunctionTests$NonIndexing" time="0.019"/>
  <testcase name="testBlockScopeValueLookup1" classname="org.eclipse.cdt.core.parser.tests.ast2.cxx14.constexpr.FunctionTests$NonIndexing" time="0.005"/>
  <testcase name="testBlockScopeValueLookup2" classname="org.eclipse.cdt.core.parser.tests.ast2.cxx14.constexpr.FunctionTests$NonIndexing" time="0.004"/>
  <testcase name="testPointerReturnValue" classname="org.eclipse.cdt.core.parser.tests.ast2.cxx14.constexpr.FunctionTests$SingleProject" time="0.036">
    <failure message="Expected number (0) of Non-OK status objects in log differs from actual (2).&#10;	Error: org.eclipse.cdt.internal.core.dom.parser.ITypeMarshalBuffer.marshalEvaluation(Lorg/eclipse/cdt/internal/core/dom/parser/ISerializableEvaluation;Z)V org.eclipse.cdt.internal.core.dom.parser.ITypeMarshalBuffer.marshalEvaluation(Lorg/eclipse/cdt/internal/core/dom/parser/ISerializableEvaluation;Z)V&#10;	Error: org.eclipse.cdt.internal.core.dom.parser.ITypeMarshalBuffer.marshalEvaluation(Lorg/eclipse/cdt/internal/core/dom/parser/ISerializableEvaluation;Z)V org.eclipse.cdt.internal.core.dom.parser.ITypeMarshalBuffer.marshalEvaluation(Lorg/eclipse/cdt/internal/core/dom/parser/ISerializableEvaluation;Z)V&#10;" type="junit.framework.AssertionFailedError">junit.framework.AssertionFailedError: Expected number (0) of Non-OK status objects in log differs from actual (2).
	Error: org.eclipse.cdt.internal.core.dom.parser.ITypeMarshalBuffer.marshalEvaluation(Lorg/eclipse/cdt/internal/core/dom/parser/ISerializableEvaluation;Z)V org.eclipse.cdt.internal.core.dom.parser.ITypeMarshalBuffer.marshalEvaluation(Lorg/eclipse/cdt/internal/core/dom/parser/ISerializableEvaluation;Z)V
	Error: org.eclipse.cdt.internal.core.dom.parser.ITypeMarshalBuffer.marshalEvaluation(Lorg/eclipse/cdt/internal/core/dom/parser/ISerializableEvaluation;Z)V org.eclipse.cdt.internal.core.dom.parser.ITypeMarshalBuffer.marshalEvaluation(Lorg/eclipse/cdt/internal/core/dom/parser/ISerializableEvaluation;Z)V

	at org.eclipse.cdt.core.testplugin.util.BaseTestCase.runBare(BaseTestCase.java:242)
	at junit.framework.TestResult$1.protect(TestResult.java:122)
	at junit.framework.TestResult.runProtected(TestResult.java:142)
	at junit.framework.TestResult.run(TestResult.java:125)
	at junit.framework.TestCase.run(TestCase.java:129)
	at org.eclipse.cdt.core.testplugin.util.BaseTestCase.run(BaseTestCase.java:259)
	at junit.framework.TestSuite.runTest(TestSuite.java:252)
	at junit.framework.TestSuite.run(TestSuite.java:247)
	at junit.framework.TestSuite.runTest(TestSuite.java:252)
	at junit.framework.TestSuite.run(TestSuite.java:247)
	at junit.framework.TestSuite.runTest(TestSuite.java:252)
	at junit.framework.TestSuite.run(TestSuite.java:247)
	at org.junit.internal.runners.JUnit38ClassRunner.run(JUnit38ClassRunner.java:86)
	at org.apache.maven.surefire.junit4.JUnit4Provider.execute(JUnit4Provider.java:264)
	at org.apache.maven.surefire.junit4.JUnit4Provider.executeTestSet(JUnit4Provider.java:153)
	at org.apache.maven.surefire.junit4.JUnit4Provider.invoke(JUnit4Provider.java:124)
	at sun.reflect.NativeMethodAccessorImpl.invoke0(Native Method)
	at sun.reflect.NativeMethodAccessorImpl.invoke(NativeMethodAccessorImpl.java:62)
	at sun.reflect.DelegatingMethodAccessorImpl.invoke(DelegatingMethodAccessorImpl.java:43)
	at java.lang.reflect.Method.invoke(Method.java:497)
	at org.apache.maven.surefire.util.ReflectionUtils.invokeMethodWithArray2(ReflectionUtils.java:208)
	at org.apache.maven.surefire.booter.ProviderFactory$ProviderProxy.invoke(ProviderFactory.java:156)
	at org.apache.maven.surefire.booter.ProviderFactory.invokeProvider(ProviderFactory.java:82)
	at org.eclipse.tycho.surefire.osgibooter.OsgiSurefireBooter.run(OsgiSurefireBooter.java:95)
	at org.eclipse.tycho.surefire.osgibooter.HeadlessTestApplication.run(HeadlessTestApplication.java:21)
	at sun.reflect.NativeMethodAccessorImpl.invoke0(Native Method)
	at sun.reflect.NativeMethodAccessorImpl.invoke(NativeMethodAccessorImpl.java:62)
	at sun.reflect.DelegatingMethodAccessorImpl.invoke(DelegatingMethodAccessorImpl.java:43)
	at java.lang.reflect.Method.invoke(Method.java:497)
	at org.eclipse.equinox.internal.app.EclipseAppContainer.callMethodWithException(EclipseAppContainer.java:587)
	at org.eclipse.equinox.internal.app.EclipseAppHandle.run(EclipseAppHandle.java:198)
	at org.eclipse.core.runtime.internal.adaptor.EclipseAppLauncher.runApplication(EclipseAppLauncher.java:134)
	at org.eclipse.core.runtime.internal.adaptor.EclipseAppLauncher.start(EclipseAppLauncher.java:104)
	at org.eclipse.core.runtime.adaptor.EclipseStarter.run(EclipseStarter.java:388)
	at org.eclipse.core.runtime.adaptor.EclipseStarter.run(EclipseStarter.java:243)
	at sun.reflect.NativeMethodAccessorImpl.invoke0(Native Method)
	at sun.reflect.NativeMethodAccessorImpl.invoke(NativeMethodAccessorImpl.java:62)
	at sun.reflect.DelegatingMethodAccessorImpl.invoke(DelegatingMethodAccessorImpl.java:43)
	at java.lang.reflect.Method.invoke(Method.java:497)
	at org.eclipse.equinox.launcher.Main.invokeFramework(Main.java:653)
	at org.eclipse.equinox.launcher.Main.basicRun(Main.java:590)
	at org.eclipse.equinox.launcher.Main.run(Main.java:1499)
	at org.eclipse.equinox.launcher.Main.main(Main.java:1472)
Caused by: java.lang.NoSuchMethodError: org.eclipse.cdt.internal.core.dom.parser.ITypeMarshalBuffer.marshalEvaluation(Lorg/eclipse/cdt/internal/core/dom/parser/ISerializableEvaluation;Z)V
	at org.eclipse.cdt.internal.core.dom.parser.cpp.semantics.InitializerListType.marshal(InitializerListType.java:55)
	at org.eclipse.cdt.internal.core.pdom.dom.TypeMarshalBuffer.marshalType(TypeMarshalBuffer.java:132)
	at org.eclipse.cdt.internal.core.dom.parser.cpp.semantics.EvalFixed.marshal(EvalFixed.java:147)
	at org.eclipse.cdt.internal.core.pdom.dom.TypeMarshalBuffer.marshalEvaluation(TypeMarshalBuffer.java:166)
	at org.eclipse.cdt.internal.core.dom.parser.CompositeValue.marshal(CompositeValue.java:289)
	at org.eclipse.cdt.internal.core.pdom.dom.TypeMarshalBuffer.marshalValue(TypeMarshalBuffer.java:192)
	at org.eclipse.cdt.internal.core.pdom.dom.PDOMLinkage.storeValue(PDOMLinkage.java:656)
	at org.eclipse.cdt.internal.core.pdom.dom.PDOMLinkage.storeValue(PDOMLinkage.java:650)
	at org.eclipse.cdt.internal.core.pdom.dom.cpp.PDOMCPPVariable.setValue(PDOMCPPVariable.java:64)
	at org.eclipse.cdt.internal.core.pdom.dom.cpp.PDOMCPPVariable.initData(PDOMCPPVariable.java:57)
	at org.eclipse.cdt.internal.core.pdom.dom.cpp.PDOMCPPLinkage$ConfigureVariable.run(PDOMCPPLinkage.java:239)
	at org.eclipse.cdt.internal.core.pdom.dom.cpp.PDOMCPPLinkage.handlePostProcesses(PDOMCPPLinkage.java:1281)
	at org.eclipse.cdt.internal.core.pdom.dom.cpp.PDOMCPPLinkage.addBinding(PDOMCPPLinkage.java:631)
	at org.eclipse.cdt.internal.core.pdom.dom.PDOMFile.createPDOMName(PDOMFile.java:515)
	at org.eclipse.cdt.internal.core.pdom.dom.PDOMFile.addNames(PDOMFile.java:482)
	at org.eclipse.cdt.internal.core.pdom.WritablePDOM.addFileContent(WritablePDOM.java:154)
	at org.eclipse.cdt.internal.core.index.WritableCIndex.setFileContent(WritableCIndex.java:86)
	at org.eclipse.cdt.internal.core.pdom.PDOMWriter.storeFileInIndex(PDOMWriter.java:668)
	at org.eclipse.cdt.internal.core.pdom.PDOMWriter.storeSymbolsInIndex(PDOMWriter.java:325)
	at org.eclipse.cdt.internal.core.pdom.PDOMWriter.addSymbols(PDOMWriter.java:284)
	at org.eclipse.cdt.internal.core.pdom.AbstractIndexerTask.writeToIndex(AbstractIndexerTask.java:1284)
	at org.eclipse.cdt.internal.core.pdom.AbstractIndexerTask.parseFile(AbstractIndexerTask.java:1096)
	at org.eclipse.cdt.internal.core.pdom.AbstractIndexerTask.parseLinkage(AbstractIndexerTask.java:930)
	at org.eclipse.cdt.internal.core.pdom.AbstractIndexerTask.runTask(AbstractIndexerTask.java:557)
	at org.eclipse.cdt.internal.core.pdom.indexer.PDOMIndexerTask.run(PDOMIndexerTask.java:161)
	at org.eclipse.cdt.internal.core.pdom.indexer.PDOMRebuildTask.run(PDOMRebuildTask.java:90)
	at org.eclipse.cdt.internal.core.pdom.PDOMIndexerJob.run(PDOMIndexerJob.java:155)
	at org.eclipse.core.internal.jobs.Worker.run(Worker.java:56)
</failure>
  </testcase>
  <testcase name="testSideEffectsOnArrayParameter" classname="org.eclipse.cdt.core.parser.tests.ast2.cxx14.constexpr.FunctionTests$SingleProject" time="0.029"/>
  <testcase name="testPassingCompositeByReference" classname="org.eclipse.cdt.core.parser.tests.ast2.cxx14.constexpr.FunctionTests$SingleProject" time="0.03"/>
  <testcase name="testEvaluationOfConstexprFunctionCalls" classname="org.eclipse.cdt.core.parser.tests.ast2.cxx14.constexpr.FunctionTests$SingleProject" time="0.031"/>
  <testcase name="testLongCallChain_505606" classname="org.eclipse.cdt.core.parser.tests.ast2.cxx14.constexpr.FunctionTests$SingleProject" time="0.052"/>
  <testcase name="testPassingCompositeByValue" classname="org.eclipse.cdt.core.parser.tests.ast2.cxx14.constexpr.FunctionTests$SingleProject" time="0.041"/>
  <testcase name="testPassingIntByValue" classname="org.eclipse.cdt.core.parser.tests.ast2.cxx14.constexpr.FunctionTests$SingleProject" time="0.032"/>
  <testcase name="testPassingIntByReference1" classname="org.eclipse.cdt.core.parser.tests.ast2.cxx14.constexpr.FunctionTests$SingleProject" time="0.027"/>
  <testcase name="testPassingIntByReference2" classname="org.eclipse.cdt.core.parser.tests.ast2.cxx14.constexpr.FunctionTests$SingleProject" time="0.033"/>
  <testcase name="testNonConstexprFunctionDoesntStoreBodyExecution" classname="org.eclipse.cdt.core.parser.tests.ast2.cxx14.constexpr.FunctionTests$SingleProject" time="0.031"/>
  <testcase name="testFunctionReturnValueIsCopiedAndNotReferenced" classname="org.eclipse.cdt.core.parser.tests.ast2.cxx14.constexpr.FunctionTests$SingleProject" time="0.029"/>
  <testcase name="testSizeofCallToRegularFunction" classname="org.eclipse.cdt.core.parser.tests.ast2.cxx14.constexpr.FunctionTests$SingleProject" time="0.029"/>
  <testcase name="testAccessMemberOfCompositeParameter" classname="org.eclipse.cdt.core.parser.tests.ast2.cxx14.constexpr.FunctionTests$SingleProject" time="0.041"/>
  <testcase name="testReferenceReturnValue" classname="org.eclipse.cdt.core.parser.tests.ast2.cxx14.constexpr.FunctionTests$SingleProject" time="0.027"/>
  <testcase name="testRecursion" classname="org.eclipse.cdt.core.parser.tests.ast2.cxx14.constexpr.FunctionTests$SingleProject" time="0.027"/>
  <testcase name="testBlockScopeValueLookup1" classname="org.eclipse.cdt.core.parser.tests.ast2.cxx14.constexpr.FunctionTests$SingleProject" time="0.032"/>
  <testcase name="testBlockScopeValueLookup2" classname="org.eclipse.cdt.core.parser.tests.ast2.cxx14.constexpr.FunctionTests$SingleProject" time="0.026"/>
  <testcase name="testImplicitTemplateInstantiation" classname="org.eclipse.cdt.core.parser.tests.ast2.cxx14.constexpr.FunctionTemplateTests$NonIndexing" time="0.041"/>
  <testcase name="testVariadicTemplate" classname="org.eclipse.cdt.core.parser.tests.ast2.cxx14.constexpr.FunctionTemplateTests$NonIndexing" time="0.022"/>
  <testcase name="testFunctionTemplateWithArrayParameter1" classname="org.eclipse.cdt.core.parser.tests.ast2.cxx14.constexpr.FunctionTemplateTests$NonIndexing" time="0.012"/>
  <testcase name="testFunctionTemplateWithArrayParameter2" classname="org.eclipse.cdt.core.parser.tests.ast2.cxx14.constexpr.FunctionTemplateTests$NonIndexing" time="0.007"/>
  <testcase name="testInstantiationOfSwitchStatement" classname="org.eclipse.cdt.core.parser.tests.ast2.cxx14.constexpr.FunctionTemplateTests$NonIndexing" time="0.031"/>
  <testcase name="testInstantiationOfTypedefDeclaration" classname="org.eclipse.cdt.core.parser.tests.ast2.cxx14.constexpr.FunctionTemplateTests$NonIndexing" time="0.007"/>
  <testcase name="testParameterPackSizeof" classname="org.eclipse.cdt.core.parser.tests.ast2.cxx14.constexpr.FunctionTemplateTests$NonIndexing" time="0.007"/>
  <testcase name="testExpansionOfVariadicTemplateParameterIntoInitializerList" classname="org.eclipse.cdt.core.parser.tests.ast2.cxx14.constexpr.FunctionTemplateTests$NonIndexing" time="0.009"/>
  <testcase name="testTemplateInstantiationOfDoWhileLoop" classname="org.eclipse.cdt.core.parser.tests.ast2.cxx14.constexpr.FunctionTemplateTests$NonIndexing" time="0.03"/>
  <testcase name="testTemplateWithNonTypeTemplateParameter" classname="org.eclipse.cdt.core.parser.tests.ast2.cxx14.constexpr.FunctionTemplateTests$NonIndexing" time="0.003"/>
  <testcase name="testInstantiationOfConstructorInFunctionTemplate1" classname="org.eclipse.cdt.core.parser.tests.ast2.cxx14.constexpr.FunctionTemplateTests$NonIndexing" time="0.004"/>
  <testcase name="testInstantiationOfConstructorInFunctionTemplate2" classname="org.eclipse.cdt.core.parser.tests.ast2.cxx14.constexpr.FunctionTemplateTests$NonIndexing" time="0.005"/>
  <testcase name="testExpressionInVariadicTemplateParameterExpansion1" classname="org.eclipse.cdt.core.parser.tests.ast2.cxx14.constexpr.FunctionTemplateTests$NonIndexing" time="0.005"/>
  <testcase name="testExpressionInVariadicTemplateParameterExpansion2" classname="org.eclipse.cdt.core.parser.tests.ast2.cxx14.constexpr.FunctionTemplateTests$NonIndexing" time="0.006"/>
  <testcase name="testTemplateInstantiationOfIfStatement" classname="org.eclipse.cdt.core.parser.tests.ast2.cxx14.constexpr.FunctionTemplateTests$NonIndexing" time="0.007"/>
  <testcase name="testInstantiationOfAliasDeclaration" classname="org.eclipse.cdt.core.parser.tests.ast2.cxx14.constexpr.FunctionTemplateTests$NonIndexing" time="0.008"/>
  <testcase name="testVariadicTemplateWithVaryingTypes" classname="org.eclipse.cdt.core.parser.tests.ast2.cxx14.constexpr.FunctionTemplateTests$NonIndexing" time="0.009"/>
  <testcase name="testExplicitTemplateInstantiation" classname="org.eclipse.cdt.core.parser.tests.ast2.cxx14.constexpr.FunctionTemplateTests$NonIndexing" time="0.005"/>
  <testcase name="testNullStatementInFunctionTemplate" classname="org.eclipse.cdt.core.parser.tests.ast2.cxx14.constexpr.FunctionTemplateTests$NonIndexing" time="0.005"/>
  <testcase name="testIndexSequence1" classname="org.eclipse.cdt.core.parser.tests.ast2.cxx14.constexpr.FunctionTemplateTests$NonIndexing" time="0.01"/>
  <testcase name="testTemplateInstantiationOfWhileLoop" classname="org.eclipse.cdt.core.parser.tests.ast2.cxx14.constexpr.FunctionTemplateTests$NonIndexing" time="0.015"/>
  <testcase name="testTemplateInstantiationOfForLoop" classname="org.eclipse.cdt.core.parser.tests.ast2.cxx14.constexpr.FunctionTemplateTests$NonIndexing" time="0.015"/>
  <testcase name="testImplicitTemplateInstantiation" classname="org.eclipse.cdt.core.parser.tests.ast2.cxx14.constexpr.FunctionTemplateTests$SingleProject" time="0.045"/>
  <testcase name="testVariadicTemplate" classname="org.eclipse.cdt.core.parser.tests.ast2.cxx14.constexpr.FunctionTemplateTests$SingleProject" time="0.045"/>
  <testcase name="testFunctionTemplateWithArrayParameter1" classname="org.eclipse.cdt.core.parser.tests.ast2.cxx14.constexpr.FunctionTemplateTests$SingleProject" time="0.038"/>
  <testcase name="testFunctionTemplateWithArrayParameter2" classname="org.eclipse.cdt.core.parser.tests.ast2.cxx14.constexpr.FunctionTemplateTests$SingleProject" time="0.033"/>
  <testcase name="testInstantiationOfSwitchStatement" classname="org.eclipse.cdt.core.parser.tests.ast2.cxx14.constexpr.FunctionTemplateTests$SingleProject" time="0.051"/>
  <testcase name="testInstantiationOfTypedefDeclaration" classname="org.eclipse.cdt.core.parser.tests.ast2.cxx14.constexpr.FunctionTemplateTests$SingleProject" time="0.037"/>
  <testcase name="testParameterPackSizeof" classname="org.eclipse.cdt.core.parser.tests.ast2.cxx14.constexpr.FunctionTemplateTests$SingleProject" time="0.06"/>
  <testcase name="testExpansionOfVariadicTemplateParameterIntoInitializerList" classname="org.eclipse.cdt.core.parser.tests.ast2.cxx14.constexpr.FunctionTemplateTests$SingleProject" time="0.038"/>
  <testcase name="testTemplateInstantiationOfDoWhileLoop" classname="org.eclipse.cdt.core.parser.tests.ast2.cxx14.constexpr.FunctionTemplateTests$SingleProject" time="0.065"/>
  <testcase name="testTemplateWithNonTypeTemplateParameter" classname="org.eclipse.cdt.core.parser.tests.ast2.cxx14.constexpr.FunctionTemplateTests$SingleProject" time="0.031"/>
  <testcase name="testInstantiationOfConstructorInFunctionTemplate1" classname="org.eclipse.cdt.core.parser.tests.ast2.cxx14.constexpr.FunctionTemplateTests$SingleProject" time="0.047"/>
  <testcase name="testInstantiationOfConstructorInFunctionTemplate2" classname="org.eclipse.cdt.core.parser.tests.ast2.cxx14.constexpr.FunctionTemplateTests$SingleProject" time="0.035"/>
  <testcase name="testExpressionInVariadicTemplateParameterExpansion1" classname="org.eclipse.cdt.core.parser.tests.ast2.cxx14.constexpr.FunctionTemplateTests$SingleProject" time="0.036"/>
  <testcase name="testExpressionInVariadicTemplateParameterExpansion2" classname="org.eclipse.cdt.core.parser.tests.ast2.cxx14.constexpr.FunctionTemplateTests$SingleProject" time="0.036"/>
  <testcase name="testTemplateInstantiationOfIfStatement" classname="org.eclipse.cdt.core.parser.tests.ast2.cxx14.constexpr.FunctionTemplateTests$SingleProject" time="0.036"/>
  <testcase name="testInstantiationOfAliasDeclaration" classname="org.eclipse.cdt.core.parser.tests.ast2.cxx14.constexpr.FunctionTemplateTests$SingleProject" time="0.034"/>
  <testcase name="testVariadicTemplateWithVaryingTypes" classname="org.eclipse.cdt.core.parser.tests.ast2.cxx14.constexpr.FunctionTemplateTests$SingleProject" time="0.039"/>
  <testcase name="testExplicitTemplateInstantiation" classname="org.eclipse.cdt.core.parser.tests.ast2.cxx14.constexpr.FunctionTemplateTests$SingleProject" time="0.032"/>
  <testcase name="testNullStatementInFunctionTemplate" classname="org.eclipse.cdt.core.parser.tests.ast2.cxx14.constexpr.FunctionTemplateTests$SingleProject" time="0.027"/>
  <testcase name="testIndexSequence1" classname="org.eclipse.cdt.core.parser.tests.ast2.cxx14.constexpr.FunctionTemplateTests$SingleProject" time="0.047"/>
  <testcase name="testTemplateInstantiationOfWhileLoop" classname="org.eclipse.cdt.core.parser.tests.ast2.cxx14.constexpr.FunctionTemplateTests$SingleProject" time="0.051"/>
  <testcase name="testTemplateInstantiationOfForLoop" classname="org.eclipse.cdt.core.parser.tests.ast2.cxx14.constexpr.FunctionTemplateTests$SingleProject" time="0.042"/>
  <testcase name="testTemplateArgumentInMemberInitializerList" classname="org.eclipse.cdt.core.parser.tests.ast2.cxx14.constexpr.ClassTemplateTests$NonIndexing" time="0.041"/>
  <testcase name="testInstantiationOfBaseClassTemplate1" classname="org.eclipse.cdt.core.parser.tests.ast2.cxx14.constexpr.ClassTemplateTests$NonIndexing" time="0.005"/>
  <testcase name="testInstantiationOfBaseClassTemplate2" classname="org.eclipse.cdt.core.parser.tests.ast2.cxx14.constexpr.ClassTemplateTests$NonIndexing" time="0.006"/>
  <testcase name="testInstantiationOfClassTemplate" classname="org.eclipse.cdt.core.parser.tests.ast2.cxx14.constexpr.ClassTemplateTests$NonIndexing" time="0.005"/>
  <testcase name="testAliasTemplate1" classname="org.eclipse.cdt.core.parser.tests.ast2.cxx14.constexpr.ClassTemplateTests$NonIndexing" time="0.008"/>
  <testcase name="testInstantiationOfClassTemplateWithNontypeTemplateParameter1" classname="org.eclipse.cdt.core.parser.tests.ast2.cxx14.constexpr.ClassTemplateTests$NonIndexing" time="0.004"/>
  <testcase name="testInstantiationOfClassTemplateWithNontypeTemplateParameter2" classname="org.eclipse.cdt.core.parser.tests.ast2.cxx14.constexpr.ClassTemplateTests$NonIndexing" time="0.008"/>
  <testcase name="testTemplateArgumentInMemberInitializerList" classname="org.eclipse.cdt.core.parser.tests.ast2.cxx14.constexpr.ClassTemplateTests$SingleProject" time="0.031"/>
  <testcase name="testInstantiationOfBaseClassTemplate1" classname="org.eclipse.cdt.core.parser.tests.ast2.cxx14.constexpr.ClassTemplateTests$SingleProject" time="0.033"/>
  <testcase name="testInstantiationOfBaseClassTemplate2" classname="org.eclipse.cdt.core.parser.tests.ast2.cxx14.constexpr.ClassTemplateTests$SingleProject" time="0.05"/>
  <testcase name="testInstantiationOfClassTemplate" classname="org.eclipse.cdt.core.parser.tests.ast2.cxx14.constexpr.ClassTemplateTests$SingleProject" time="0.05"/>
  <testcase name="testAliasTemplate1" classname="org.eclipse.cdt.core.parser.tests.ast2.cxx14.constexpr.ClassTemplateTests$SingleProject" time="0.039"/>
  <testcase name="testInstantiationOfClassTemplateWithNontypeTemplateParameter1" classname="org.eclipse.cdt.core.parser.tests.ast2.cxx14.constexpr.ClassTemplateTests$SingleProject" time="0.033"/>
  <testcase name="testInstantiationOfClassTemplateWithNontypeTemplateParameter2" classname="org.eclipse.cdt.core.parser.tests.ast2.cxx14.constexpr.ClassTemplateTests$SingleProject" time="0.036"/>
  <testcase name="testNestedIfFalseBranch" classname="org.eclipse.cdt.core.parser.tests.ast2.cxx14.constexpr.IfStatementTests$NonIndexing" time="0.028"/>
  <testcase name="testIfStatementWithNonCompoundElseClause" classname="org.eclipse.cdt.core.parser.tests.ast2.cxx14.constexpr.IfStatementTests$NonIndexing" time="0.002"/>
  <testcase name="testSimpleIfFalseBranch" classname="org.eclipse.cdt.core.parser.tests.ast2.cxx14.constexpr.IfStatementTests$NonIndexing" time="0.006"/>
  <testcase name="testNestedIfTrueBranch" classname="org.eclipse.cdt.core.parser.tests.ast2.cxx14.constexpr.IfStatementTests$NonIndexing" time="0.001"/>
  <testcase name="testIfStatementWithNonCompoundThenClause" classname="org.eclipse.cdt.core.parser.tests.ast2.cxx14.constexpr.IfStatementTests$NonIndexing" time="0.002"/>
  <testcase name="testIfElseTrueBranch" classname="org.eclipse.cdt.core.parser.tests.ast2.cxx14.constexpr.IfStatementTests$NonIndexing" time="0.001"/>
  <testcase name="testSimpleIfElseFalseBranch" classname="org.eclipse.cdt.core.parser.tests.ast2.cxx14.constexpr.IfStatementTests$NonIndexing" time="0.003"/>
  <testcase name="testIfStatementWithNonReturnClauses" classname="org.eclipse.cdt.core.parser.tests.ast2.cxx14.constexpr.IfStatementTests$NonIndexing" time="0.002"/>
  <testcase name="testSimpleIfTrueBranch" classname="org.eclipse.cdt.core.parser.tests.ast2.cxx14.constexpr.IfStatementTests$NonIndexing" time="0.002"/>
  <testcase name="testDeclarationInIfStatementCondition1" classname="org.eclipse.cdt.core.parser.tests.ast2.cxx14.constexpr.IfStatementTests$NonIndexing" time="0.002"/>
  <testcase name="testDeclarationInIfStatementCondition2" classname="org.eclipse.cdt.core.parser.tests.ast2.cxx14.constexpr.IfStatementTests$NonIndexing" time="0.002"/>
  <testcase name="testDeclarationInIfStatementCondition3" classname="org.eclipse.cdt.core.parser.tests.ast2.cxx14.constexpr.IfStatementTests$NonIndexing" time="0.003"/>
  <testcase name="testIfStatementWithNonReturnClausesAndNonCompoundElseClause" classname="org.eclipse.cdt.core.parser.tests.ast2.cxx14.constexpr.IfStatementTests$NonIndexing" time="0.002"/>
  <testcase name="testNestedIfFalseBranch" classname="org.eclipse.cdt.core.parser.tests.ast2.cxx14.constexpr.IfStatementTests$SingleProject" time="0.03"/>
  <testcase name="testIfStatementWithNonCompoundElseClause" classname="org.eclipse.cdt.core.parser.tests.ast2.cxx14.constexpr.IfStatementTests$SingleProject" time="0.036"/>
  <testcase name="testSimpleIfFalseBranch" classname="org.eclipse.cdt.core.parser.tests.ast2.cxx14.constexpr.IfStatementTests$SingleProject" time="0.035"/>
  <testcase name="testNestedIfTrueBranch" classname="org.eclipse.cdt.core.parser.tests.ast2.cxx14.constexpr.IfStatementTests$SingleProject" time="0.052"/>
  <testcase name="testIfStatementWithNonCompoundThenClause" classname="org.eclipse.cdt.core.parser.tests.ast2.cxx14.constexpr.IfStatementTests$SingleProject" time="0.023"/>
  <testcase name="testIfElseTrueBranch" classname="org.eclipse.cdt.core.parser.tests.ast2.cxx14.constexpr.IfStatementTests$SingleProject" time="0.03"/>
  <testcase name="testSimpleIfElseFalseBranch" classname="org.eclipse.cdt.core.parser.tests.ast2.cxx14.constexpr.IfStatementTests$SingleProject" time="0.032"/>
  <testcase name="testIfStatementWithNonReturnClauses" classname="org.eclipse.cdt.core.parser.tests.ast2.cxx14.constexpr.IfStatementTests$SingleProject" time="0.031"/>
  <testcase name="testSimpleIfTrueBranch" classname="org.eclipse.cdt.core.parser.tests.ast2.cxx14.constexpr.IfStatementTests$SingleProject" time="0.032"/>
  <testcase name="testDeclarationInIfStatementCondition1" classname="org.eclipse.cdt.core.parser.tests.ast2.cxx14.constexpr.IfStatementTests$SingleProject" time="0.029"/>
  <testcase name="testDeclarationInIfStatementCondition2" classname="org.eclipse.cdt.core.parser.tests.ast2.cxx14.constexpr.IfStatementTests$SingleProject" time="0.049"/>
  <testcase name="testDeclarationInIfStatementCondition3" classname="org.eclipse.cdt.core.parser.tests.ast2.cxx14.constexpr.IfStatementTests$SingleProject" time="0.029"/>
  <testcase name="testIfStatementWithNonReturnClausesAndNonCompoundElseClause" classname="org.eclipse.cdt.core.parser.tests.ast2.cxx14.constexpr.IfStatementTests$SingleProject" time="0.032"/>
  <testcase name="testSwitchOnEnumValue" classname="org.eclipse.cdt.core.parser.tests.ast2.cxx14.constexpr.SwitchStatementTests$NonIndexing" time="0.056"/>
  <testcase name="testSwitchWithNestedContinueStatement" classname="org.eclipse.cdt.core.parser.tests.ast2.cxx14.constexpr.SwitchStatementTests$NonIndexing" time="0.009"/>
  <testcase name="testSwitchWithOnlyOneClause1" classname="org.eclipse.cdt.core.parser.tests.ast2.cxx14.constexpr.SwitchStatementTests$NonIndexing" time="0.002"/>
  <testcase name="testSwitchWithOnlyOneClause2" classname="org.eclipse.cdt.core.parser.tests.ast2.cxx14.constexpr.SwitchStatementTests$NonIndexing" time="0.003"/>
  <testcase name="testSwitchFallThrough" classname="org.eclipse.cdt.core.parser.tests.ast2.cxx14.constexpr.SwitchStatementTests$NonIndexing" time="0.002"/>
  <testcase name="testSwitchFirstCase" classname="org.eclipse.cdt.core.parser.tests.ast2.cxx14.constexpr.SwitchStatementTests$NonIndexing" time="0.002"/>
  <testcase name="testSwitchNoMatchingCaseAndNoDefault" classname="org.eclipse.cdt.core.parser.tests.ast2.cxx14.constexpr.SwitchStatementTests$NonIndexing" time="0.007"/>
  <testcase name="testDeclarationInSwitchStatementController" classname="org.eclipse.cdt.core.parser.tests.ast2.cxx14.constexpr.SwitchStatementTests$NonIndexing" time="0.003"/>
  <testcase name="testSwitchCaseConstants" classname="org.eclipse.cdt.core.parser.tests.ast2.cxx14.constexpr.SwitchStatementTests$NonIndexing" time="0.005"/>
  <testcase name="testSwitchDefault" classname="org.eclipse.cdt.core.parser.tests.ast2.cxx14.constexpr.SwitchStatementTests$NonIndexing" time="0.002"/>
  <testcase name="testSwitchMiddleCase" classname="org.eclipse.cdt.core.parser.tests.ast2.cxx14.constexpr.SwitchStatementTests$NonIndexing" time="0.002"/>
  <testcase name="testSwitchBreak" classname="org.eclipse.cdt.core.parser.tests.ast2.cxx14.constexpr.SwitchStatementTests$NonIndexing" time="0.003"/>
  <testcase name="testSwitchOnEnumValue" classname="org.eclipse.cdt.core.parser.tests.ast2.cxx14.constexpr.SwitchStatementTests$SingleProject" time="0.039"/>
  <testcase name="testSwitchWithNestedContinueStatement" classname="org.eclipse.cdt.core.parser.tests.ast2.cxx14.constexpr.SwitchStatementTests$SingleProject" time="0.038"/>
  <testcase name="testSwitchWithOnlyOneClause1" classname="org.eclipse.cdt.core.parser.tests.ast2.cxx14.constexpr.SwitchStatementTests$SingleProject" time="0.039"/>
  <testcase name="testSwitchWithOnlyOneClause2" classname="org.eclipse.cdt.core.parser.tests.ast2.cxx14.constexpr.SwitchStatementTests$SingleProject" time="0.031"/>
  <testcase name="testSwitchFallThrough" classname="org.eclipse.cdt.core.parser.tests.ast2.cxx14.constexpr.SwitchStatementTests$SingleProject" time="0.034"/>
  <testcase name="testSwitchFirstCase" classname="org.eclipse.cdt.core.parser.tests.ast2.cxx14.constexpr.SwitchStatementTests$SingleProject" time="0.034"/>
  <testcase name="testSwitchNoMatchingCaseAndNoDefault" classname="org.eclipse.cdt.core.parser.tests.ast2.cxx14.constexpr.SwitchStatementTests$SingleProject" time="0.032"/>
  <testcase name="testDeclarationInSwitchStatementController" classname="org.eclipse.cdt.core.parser.tests.ast2.cxx14.constexpr.SwitchStatementTests$SingleProject" time="0.031"/>
  <testcase name="testSwitchCaseConstants" classname="org.eclipse.cdt.core.parser.tests.ast2.cxx14.constexpr.SwitchStatementTests$SingleProject" time="0.035"/>
  <testcase name="testSwitchDefault" classname="org.eclipse.cdt.core.parser.tests.ast2.cxx14.constexpr.SwitchStatementTests$SingleProject" time="0.022"/>
  <testcase name="testSwitchMiddleCase" classname="org.eclipse.cdt.core.parser.tests.ast2.cxx14.constexpr.SwitchStatementTests$SingleProject" time="0.024"/>
  <testcase name="testSwitchBreak" classname="org.eclipse.cdt.core.parser.tests.ast2.cxx14.constexpr.SwitchStatementTests$SingleProject" time="0.032"/>
  <testcase name="testWhileLoopWithConditionalExpression" classname="org.eclipse.cdt.core.parser.tests.ast2.cxx14.constexpr.WhileStatementTests$NonIndexing" time="0.004"/>
  <testcase name="testWhileLoopWithReturnInNonCompoundBodyStatement" classname="org.eclipse.cdt.core.parser.tests.ast2.cxx14.constexpr.WhileStatementTests$NonIndexing" time="0.002"/>
  <testcase name="testDeclarationInWhileStatementCondition1" classname="org.eclipse.cdt.core.parser.tests.ast2.cxx14.constexpr.WhileStatementTests$NonIndexing" time="0.006"/>
  <testcase name="testReturnInWhileStatement" classname="org.eclipse.cdt.core.parser.tests.ast2.cxx14.constexpr.WhileStatementTests$NonIndexing" time="0.003"/>
  <testcase name="testEvalShouldAbortOnWhileWitInfiniteLoop" classname="org.eclipse.cdt.core.parser.tests.ast2.cxx14.constexpr.WhileStatementTests$NonIndexing" time="0.005"/>
  <testcase name="testWhileLoopWithNonCompoundBodyStatement" classname="org.eclipse.cdt.core.parser.tests.ast2.cxx14.constexpr.WhileStatementTests$NonIndexing" time="0.003"/>
  <testcase name="testWhileLoopWithConditionalExpression" classname="org.eclipse.cdt.core.parser.tests.ast2.cxx14.constexpr.WhileStatementTests$SingleProject" time="0.037"/>
  <testcase name="testWhileLoopWithReturnInNonCompoundBodyStatement" classname="org.eclipse.cdt.core.parser.tests.ast2.cxx14.constexpr.WhileStatementTests$SingleProject" time="0.032"/>
  <testcase name="testDeclarationInWhileStatementCondition1" classname="org.eclipse.cdt.core.parser.tests.ast2.cxx14.constexpr.WhileStatementTests$SingleProject" time="0.033"/>
  <testcase name="testReturnInWhileStatement" classname="org.eclipse.cdt.core.parser.tests.ast2.cxx14.constexpr.WhileStatementTests$SingleProject" time="0.035"/>
  <testcase name="testEvalShouldAbortOnWhileWitInfiniteLoop" classname="org.eclipse.cdt.core.parser.tests.ast2.cxx14.constexpr.WhileStatementTests$SingleProject" time="0.041"/>
  <testcase name="testWhileLoopWithNonCompoundBodyStatement" classname="org.eclipse.cdt.core.parser.tests.ast2.cxx14.constexpr.WhileStatementTests$SingleProject" time="0.029"/>
  <testcase name="testDoWhileReturn" classname="org.eclipse.cdt.core.parser.tests.ast2.cxx14.constexpr.DoWhileStatementTests$NonIndexing" time="0.025"/>
  <testcase name="testDoWhileWithReturnInNonCompoundBodyStatement" classname="org.eclipse.cdt.core.parser.tests.ast2.cxx14.constexpr.DoWhileStatementTests$NonIndexing" time="0.002"/>
  <testcase name="testDoWhileInfiniteLoop" classname="org.eclipse.cdt.core.parser.tests.ast2.cxx14.constexpr.DoWhileStatementTests$NonIndexing" time="0.003"/>
  <testcase name="testDoWhile" classname="org.eclipse.cdt.core.parser.tests.ast2.cxx14.constexpr.DoWhileStatementTests$NonIndexing" time="0.002"/>
  <testcase name="testDoWhileWithNonCompoundBodyStatement" classname="org.eclipse.cdt.core.parser.tests.ast2.cxx14.constexpr.DoWhileStatementTests$NonIndexing" time="0.006"/>
  <testcase name="testDoWhileReturn" classname="org.eclipse.cdt.core.parser.tests.ast2.cxx14.constexpr.DoWhileStatementTests$SingleProject" time="0.031"/>
  <testcase name="testDoWhileWithReturnInNonCompoundBodyStatement" classname="org.eclipse.cdt.core.parser.tests.ast2.cxx14.constexpr.DoWhileStatementTests$SingleProject" time="0.033"/>
  <testcase name="testDoWhileInfiniteLoop" classname="org.eclipse.cdt.core.parser.tests.ast2.cxx14.constexpr.DoWhileStatementTests$SingleProject" time="0.032"/>
  <testcase name="testDoWhile" classname="org.eclipse.cdt.core.parser.tests.ast2.cxx14.constexpr.DoWhileStatementTests$SingleProject" time="0.026"/>
  <testcase name="testDoWhileWithNonCompoundBodyStatement" classname="org.eclipse.cdt.core.parser.tests.ast2.cxx14.constexpr.DoWhileStatementTests$SingleProject" time="0.029"/>
  <testcase name="testIndexBasedForLoopWithContinueStatement" classname="org.eclipse.cdt.core.parser.tests.ast2.cxx14.constexpr.ForStatementTests$NonIndexing" time="0.029"/>
  <testcase name="testIndexBasedForLoopWithNestedContinueStatement" classname="org.eclipse.cdt.core.parser.tests.ast2.cxx14.constexpr.ForStatementTests$NonIndexing" time="0.004"/>
  <testcase name="testInfiniteForLoop" classname="org.eclipse.cdt.core.parser.tests.ast2.cxx14.constexpr.ForStatementTests$NonIndexing" time="0.003"/>
  <testcase name="testIndexBasedForLoopWithReturnInNonCompoundBodyStatement" classname="org.eclipse.cdt.core.parser.tests.ast2.cxx14.constexpr.ForStatementTests$NonIndexing" time="0.003"/>
  <testcase name="testInfiniteLoopInIndexBasedForLoop" classname="org.eclipse.cdt.core.parser.tests.ast2.cxx14.constexpr.ForStatementTests$NonIndexing" time="0.005"/>
  <testcase name="testReturnInIndexBasedForLoop" classname="org.eclipse.cdt.core.parser.tests.ast2.cxx14.constexpr.ForStatementTests$NonIndexing" time="0.003"/>
  <testcase name="testSimpleIndexBasedForLoop" classname="org.eclipse.cdt.core.parser.tests.ast2.cxx14.constexpr.ForStatementTests$NonIndexing" time="0.003"/>
  <testcase name="testIndexBasedForLoopWithNonCompoundBodyStatement" classname="org.eclipse.cdt.core.parser.tests.ast2.cxx14.constexpr.ForStatementTests$NonIndexing" time="0.002"/>
  <testcase name="testDeclarationInForStatementCondition1" classname="org.eclipse.cdt.core.parser.tests.ast2.cxx14.constexpr.ForStatementTests$NonIndexing" time="0.002"/>
  <testcase name="testIndexBasedForLoopWithEmptyIterationSequence" classname="org.eclipse.cdt.core.parser.tests.ast2.cxx14.constexpr.ForStatementTests$NonIndexing" time="0.003"/>
  <testcase name="testForLoopWithNullStatementAsBody" classname="org.eclipse.cdt.core.parser.tests.ast2.cxx14.constexpr.ForStatementTests$NonIndexing" time="0.003"/>
  <testcase name="testIndexBasedForLoopWithNestedBreakStatement" classname="org.eclipse.cdt.core.parser.tests.ast2.cxx14.constexpr.ForStatementTests$NonIndexing" time="0.003"/>
  <testcase name="testIndexBasedForLoopWithEmptyInitializationStatement" classname="org.eclipse.cdt.core.parser.tests.ast2.cxx14.constexpr.ForStatementTests$NonIndexing" time="0.003"/>
  <testcase name="testIndexBasedForLoopWithContinueStatement" classname="org.eclipse.cdt.core.parser.tests.ast2.cxx14.constexpr.ForStatementTests$SingleProject" time="0.157"/>
  <testcase name="testIndexBasedForLoopWithNestedContinueStatement" classname="org.eclipse.cdt.core.parser.tests.ast2.cxx14.constexpr.ForStatementTests$SingleProject" time="0.037"/>
  <testcase name="testInfiniteForLoop" classname="org.eclipse.cdt.core.parser.tests.ast2.cxx14.constexpr.ForStatementTests$SingleProject" time="0.032"/>
  <testcase name="testIndexBasedForLoopWithReturnInNonCompoundBodyStatement" classname="org.eclipse.cdt.core.parser.tests.ast2.cxx14.constexpr.ForStatementTests$SingleProject" time="0.03"/>
  <testcase name="testInfiniteLoopInIndexBasedForLoop" classname="org.eclipse.cdt.core.parser.tests.ast2.cxx14.constexpr.ForStatementTests$SingleProject" time="0.035"/>
  <testcase name="testReturnInIndexBasedForLoop" classname="org.eclipse.cdt.core.parser.tests.ast2.cxx14.constexpr.ForStatementTests$SingleProject" time="0.033"/>
  <testcase name="testSimpleIndexBasedForLoop" classname="org.eclipse.cdt.core.parser.tests.ast2.cxx14.constexpr.ForStatementTests$SingleProject" time="0.053"/>
  <testcase name="testIndexBasedForLoopWithNonCompoundBodyStatement" classname="org.eclipse.cdt.core.parser.tests.ast2.cxx14.constexpr.ForStatementTests$SingleProject" time="0.036"/>
  <testcase name="testDeclarationInForStatementCondition1" classname="org.eclipse.cdt.core.parser.tests.ast2.cxx14.constexpr.ForStatementTests$SingleProject" time="0.039"/>
  <testcase name="testIndexBasedForLoopWithEmptyIterationSequence" classname="org.eclipse.cdt.core.parser.tests.ast2.cxx14.constexpr.ForStatementTests$SingleProject" time="0.023"/>
  <testcase name="testForLoopWithNullStatementAsBody" classname="org.eclipse.cdt.core.parser.tests.ast2.cxx14.constexpr.ForStatementTests$SingleProject" time="0.025"/>
  <testcase name="testIndexBasedForLoopWithNestedBreakStatement" classname="org.eclipse.cdt.core.parser.tests.ast2.cxx14.constexpr.ForStatementTests$SingleProject" time="0.023"/>
  <testcase name="testIndexBasedForLoopWithEmptyInitializationStatement" classname="org.eclipse.cdt.core.parser.tests.ast2.cxx14.constexpr.ForStatementTests$SingleProject" time="0.025"/>
  <testcase name="testRangeBasedForLoopOverNonConstRangeChoosesNonConstBeginEnd" classname="org.eclipse.cdt.core.parser.tests.ast2.cxx14.constexpr.RangeBasedForStatementTests$NonIndexing" time="0.005"/>
  <testcase name="testDoesntMixMemberFunctionsAndFreeFunctions" classname="org.eclipse.cdt.core.parser.tests.ast2.cxx14.constexpr.RangeBasedForStatementTests$NonIndexing" time="0.009"/>
  <testcase name="testRangeBasedForLoopThatModifiesElementsInCustomType" classname="org.eclipse.cdt.core.parser.tests.ast2.cxx14.constexpr.RangeBasedForStatementTests$NonIndexing" time="0.006"/>
  <testcase name="testRangeBasedForLoopOverCustomType" classname="org.eclipse.cdt.core.parser.tests.ast2.cxx14.constexpr.RangeBasedForStatementTests$NonIndexing" time="0.005"/>
  <testcase name="testReturnInRangeBasedForLoop" classname="org.eclipse.cdt.core.parser.tests.ast2.cxx14.constexpr.RangeBasedForStatementTests$NonIndexing" time="0.003"/>
  <testcase name="testRangeBasedForLoopOverConstRefRangeChoosesConstBeginEnd" classname="org.eclipse.cdt.core.parser.tests.ast2.cxx14.constexpr.RangeBasedForStatementTests$NonIndexing" time="0.005"/>
  <testcase name="testSimpleRangeBasedForLoop" classname="org.eclipse.cdt.core.parser.tests.ast2.cxx14.constexpr.RangeBasedForStatementTests$NonIndexing" time="0.002"/>
  <testcase name="testRangeBasedForLoopOverCustomTypeWithInvalidBeginMemberFunction" classname="org.eclipse.cdt.core.parser.tests.ast2.cxx14.constexpr.RangeBasedForStatementTests$NonIndexing" time="0.005"/>
  <testcase name="testPassReferenceObtainedFromRangeBasedForLoopToFunctionAndModify" classname="org.eclipse.cdt.core.parser.tests.ast2.cxx14.constexpr.RangeBasedForStatementTests$NonIndexing" time="0.004"/>
  <testcase name="testDoesArgumentDependentLookupIfBeginEndMemberFunctionsDontExist" classname="org.eclipse.cdt.core.parser.tests.ast2.cxx14.constexpr.RangeBasedForStatementTests$NonIndexing" time="0.005"/>
  <testcase name="testRangeBasedForLoopWithReturnInNonCompoundBodyStatement" classname="org.eclipse.cdt.core.parser.tests.ast2.cxx14.constexpr.RangeBasedForStatementTests$NonIndexing" time="0.003"/>
  <testcase name="testRangeBasedForLoopReferences" classname="org.eclipse.cdt.core.parser.tests.ast2.cxx14.constexpr.RangeBasedForStatementTests$NonIndexing" time="0.003"/>
  <testcase name="testRangeBasedForLoopOverCustomTypeWithBeginMemberFunctionWithDefaultParameterValue" classname="org.eclipse.cdt.core.parser.tests.ast2.cxx14.constexpr.RangeBasedForStatementTests$NonIndexing" time="0.006"/>
  <testcase name="testRangeBasedForLoopOverInitializerList" classname="org.eclipse.cdt.core.parser.tests.ast2.cxx14.constexpr.RangeBasedForStatementTests$NonIndexing" time="0.003"/>
  <testcase name="testRangeBasedForLoopWithNonCompoundBodyStatement" classname="org.eclipse.cdt.core.parser.tests.ast2.cxx14.constexpr.RangeBasedForStatementTests$NonIndexing" time="0.003"/>
  <testcase name="testWorksWithBeginEndTemplates" classname="org.eclipse.cdt.core.parser.tests.ast2.cxx14.constexpr.RangeBasedForStatementTests$NonIndexing" time="0.006"/>
  <testcase name="testRangeBasedForLoopOverConstRangeChoosesConstBeginEnd" classname="org.eclipse.cdt.core.parser.tests.ast2.cxx14.constexpr.RangeBasedForStatementTests$NonIndexing" time="0.006"/>
  <testcase name="testChoosesMemberFunctionsOverFreeFunctions" classname="org.eclipse.cdt.core.parser.tests.ast2.cxx14.constexpr.RangeBasedForStatementTests$NonIndexing" time="0.006"/>
  <testcase name="testRangeBasedForLoopOverNonConstRangeChoosesNonConstBeginEnd" classname="org.eclipse.cdt.core.parser.tests.ast2.cxx14.constexpr.RangeBasedForStatementTests$SingleProject" time="0.036"/>
  <testcase name="testDoesntMixMemberFunctionsAndFreeFunctions" classname="org.eclipse.cdt.core.parser.tests.ast2.cxx14.constexpr.RangeBasedForStatementTests$SingleProject" time="0.046"/>
  <testcase name="testRangeBasedForLoopThatModifiesElementsInCustomType" classname="org.eclipse.cdt.core.parser.tests.ast2.cxx14.constexpr.RangeBasedForStatementTests$SingleProject" time="0.044"/>
  <testcase name="testRangeBasedForLoopOverCustomType" classname="org.eclipse.cdt.core.parser.tests.ast2.cxx14.constexpr.RangeBasedForStatementTests$SingleProject" time="0.044"/>
  <testcase name="testReturnInRangeBasedForLoop" classname="org.eclipse.cdt.core.parser.tests.ast2.cxx14.constexpr.RangeBasedForStatementTests$SingleProject" time="0.043"/>
  <testcase name="testRangeBasedForLoopOverConstRefRangeChoosesConstBeginEnd" classname="org.eclipse.cdt.core.parser.tests.ast2.cxx14.constexpr.RangeBasedForStatementTests$SingleProject" time="0.038"/>
  <testcase name="testSimpleRangeBasedForLoop" classname="org.eclipse.cdt.core.parser.tests.ast2.cxx14.constexpr.RangeBasedForStatementTests$SingleProject" time="0.041"/>
  <testcase name="testRangeBasedForLoopOverCustomTypeWithInvalidBeginMemberFunction" classname="org.eclipse.cdt.core.parser.tests.ast2.cxx14.constexpr.RangeBasedForStatementTests$SingleProject" time="0.037"/>
  <testcase name="testPassReferenceObtainedFromRangeBasedForLoopToFunctionAndModify" classname="org.eclipse.cdt.core.parser.tests.ast2.cxx14.constexpr.RangeBasedForStatementTests$SingleProject" time="0.046"/>
  <testcase name="testDoesArgumentDependentLookupIfBeginEndMemberFunctionsDontExist" classname="org.eclipse.cdt.core.parser.tests.ast2.cxx14.constexpr.RangeBasedForStatementTests$SingleProject" time="0.081"/>
  <testcase name="testRangeBasedForLoopWithReturnInNonCompoundBodyStatement" classname="org.eclipse.cdt.core.parser.tests.ast2.cxx14.constexpr.RangeBasedForStatementTests$SingleProject" time="0.052"/>
  <testcase name="testRangeBasedForLoopReferences" classname="org.eclipse.cdt.core.parser.tests.ast2.cxx14.constexpr.RangeBasedForStatementTests$SingleProject" time="0.043"/>
  <testcase name="testRangeBasedForLoopOverCustomTypeWithBeginMemberFunctionWithDefaultParameterValue" classname="org.eclipse.cdt.core.parser.tests.ast2.cxx14.constexpr.RangeBasedForStatementTests$SingleProject" time="0.032"/>
  <testcase name="testRangeBasedForLoopOverInitializerList" classname="org.eclipse.cdt.core.parser.tests.ast2.cxx14.constexpr.RangeBasedForStatementTests$SingleProject" time="0.032"/>
  <testcase name="testRangeBasedForLoopWithNonCompoundBodyStatement" classname="org.eclipse.cdt.core.parser.tests.ast2.cxx14.constexpr.RangeBasedForStatementTests$SingleProject" time="0.037"/>
  <testcase name="testWorksWithBeginEndTemplates" classname="org.eclipse.cdt.core.parser.tests.ast2.cxx14.constexpr.RangeBasedForStatementTests$SingleProject" time="0.042"/>
  <testcase name="testRangeBasedForLoopOverConstRangeChoosesConstBeginEnd" classname="org.eclipse.cdt.core.parser.tests.ast2.cxx14.constexpr.RangeBasedForStatementTests$SingleProject" time="0.044"/>
  <testcase name="testChoosesMemberFunctionsOverFreeFunctions" classname="org.eclipse.cdt.core.parser.tests.ast2.cxx14.constexpr.RangeBasedForStatementTests$SingleProject" time="0.04"/>
  <testcase name="testOverloadedPlusOperatorAsMemberFunction" classname="org.eclipse.cdt.core.parser.tests.ast2.cxx14.constexpr.BinaryOperatorOverloadingTests$NonIndexing" time="0.026"/>
  <testcase name="testOverloadedPlusOperatorAsNonMemberFunction" classname="org.eclipse.cdt.core.parser.tests.ast2.cxx14.constexpr.BinaryOperatorOverloadingTests$NonIndexing" time="0.006"/>
  <testcase name="testOverloadedOperatorPlusComplex1" classname="org.eclipse.cdt.core.parser.tests.ast2.cxx14.constexpr.BinaryOperatorOverloadingTests$NonIndexing" time="0.005"/>
  <testcase name="testOverloadedOperatorPlusComplex2" classname="org.eclipse.cdt.core.parser.tests.ast2.cxx14.constexpr.BinaryOperatorOverloadingTests$NonIndexing" time="0.006"/>
  <testcase name="testOverloadedOperatorPlusComplex3" classname="org.eclipse.cdt.core.parser.tests.ast2.cxx14.constexpr.BinaryOperatorOverloadingTests$NonIndexing" time="0.006"/>
  <testcase name="testOverloadedMultiplicationOperatorAsMemberFunction" classname="org.eclipse.cdt.core.parser.tests.ast2.cxx14.constexpr.BinaryOperatorOverloadingTests$NonIndexing" time="0.006"/>
  <testcase name="testOverloadedOperatorAssign" classname="org.eclipse.cdt.core.parser.tests.ast2.cxx14.constexpr.BinaryOperatorOverloadingTests$NonIndexing" time="0.007"/>
  <testcase name="testOverloadedOperatorEquals" classname="org.eclipse.cdt.core.parser.tests.ast2.cxx14.constexpr.BinaryOperatorOverloadingTests$NonIndexing" time="0.006"/>
  <testcase name="testOverloadedPlusOperatorAsMemberFunction" classname="org.eclipse.cdt.core.parser.tests.ast2.cxx14.constexpr.BinaryOperatorOverloadingTests$SingleProject" time="0.043"/>
  <testcase name="testOverloadedPlusOperatorAsNonMemberFunction" classname="org.eclipse.cdt.core.parser.tests.ast2.cxx14.constexpr.BinaryOperatorOverloadingTests$SingleProject" time="0.063"/>
  <testcase name="testOverloadedOperatorPlusComplex1" classname="org.eclipse.cdt.core.parser.tests.ast2.cxx14.constexpr.BinaryOperatorOverloadingTests$SingleProject" time="0.052"/>
  <testcase name="testOverloadedOperatorPlusComplex2" classname="org.eclipse.cdt.core.parser.tests.ast2.cxx14.constexpr.BinaryOperatorOverloadingTests$SingleProject" time="0.037"/>
  <testcase name="testOverloadedOperatorPlusComplex3" classname="org.eclipse.cdt.core.parser.tests.ast2.cxx14.constexpr.BinaryOperatorOverloadingTests$SingleProject" time="0.057"/>
  <testcase name="testOverloadedMultiplicationOperatorAsMemberFunction" classname="org.eclipse.cdt.core.parser.tests.ast2.cxx14.constexpr.BinaryOperatorOverloadingTests$SingleProject" time="0.034"/>
  <testcase name="testOverloadedOperatorAssign" classname="org.eclipse.cdt.core.parser.tests.ast2.cxx14.constexpr.BinaryOperatorOverloadingTests$SingleProject" time="0.04"/>
  <testcase name="testOverloadedOperatorEquals" classname="org.eclipse.cdt.core.parser.tests.ast2.cxx14.constexpr.BinaryOperatorOverloadingTests$SingleProject" time="0.039"/>
  <testcase name="testPrefixIncrementAsNonMemberFunction" classname="org.eclipse.cdt.core.parser.tests.ast2.cxx14.constexpr.UnaryOperatorOverloadingTests$NonIndexing" time="0.007"/>
  <testcase name="testPrefixIncrementAsMemberFunction" classname="org.eclipse.cdt.core.parser.tests.ast2.cxx14.constexpr.UnaryOperatorOverloadingTests$NonIndexing" time="0.004"/>
  <testcase name="testPrefixIncrementAsNonMemberFunction" classname="org.eclipse.cdt.core.parser.tests.ast2.cxx14.constexpr.UnaryOperatorOverloadingTests$SingleProject" time="0.036"/>
  <testcase name="testPrefixIncrementAsMemberFunction" classname="org.eclipse.cdt.core.parser.tests.ast2.cxx14.constexpr.UnaryOperatorOverloadingTests$SingleProject" time="0.033"/>
  <testcase name="testAssignmentOfMultiDimensionalArrays" classname="org.eclipse.cdt.core.parser.tests.ast2.cxx14.constexpr.ArrayTests$NonIndexing" time="0.004"/>
  <testcase name="testPointerDereferencingOnArrayName" classname="org.eclipse.cdt.core.parser.tests.ast2.cxx14.constexpr.ArrayTests$NonIndexing" time="0.002"/>
  <testcase name="testAssignmentOfArrays" classname="org.eclipse.cdt.core.parser.tests.ast2.cxx14.constexpr.ArrayTests$NonIndexing" time="0.003"/>
  <testcase name="testInitializationOfMultiDimensionalArrays" classname="org.eclipse.cdt.core.parser.tests.ast2.cxx14.constexpr.ArrayTests$NonIndexing" time="0.002"/>
  <testcase name="testInitializationOfArrays" classname="org.eclipse.cdt.core.parser.tests.ast2.cxx14.constexpr.ArrayTests$NonIndexing" time="0.006"/>
  <testcase name="testPassArrayToFunctionAsPointerAndModifyCell" classname="org.eclipse.cdt.core.parser.tests.ast2.cxx14.constexpr.ArrayTests$NonIndexing" time="0.004"/>
  <testcase name="testReferenceToArray1" classname="org.eclipse.cdt.core.parser.tests.ast2.cxx14.constexpr.ArrayTests$NonIndexing" time="0.004"/>
  <testcase name="testReferenceToArray2" classname="org.eclipse.cdt.core.parser.tests.ast2.cxx14.constexpr.ArrayTests$NonIndexing" time="0.004"/>
  <testcase name="testReferenceToArray3" classname="org.eclipse.cdt.core.parser.tests.ast2.cxx14.constexpr.ArrayTests$NonIndexing" time="0.003"/>
  <testcase name="testPointerToArrayReturnedFromMemberFunction1" classname="org.eclipse.cdt.core.parser.tests.ast2.cxx14.constexpr.ArrayTests$NonIndexing" time="0.004"/>
  <testcase name="testPointerToArrayReturnedFromMemberFunction2" classname="org.eclipse.cdt.core.parser.tests.ast2.cxx14.constexpr.ArrayTests$NonIndexing" time="0.003"/>
  <testcase name="testPointerToArrayReturnedFromMemberFunction3" classname="org.eclipse.cdt.core.parser.tests.ast2.cxx14.constexpr.ArrayTests$NonIndexing" time="0.005"/>
  <testcase name="testGlobalArrayAccessValue" classname="org.eclipse.cdt.core.parser.tests.ast2.cxx14.constexpr.ArrayTests$NonIndexing" time="0.003"/>
  <testcase name="testReferenceToArrayCell" classname="org.eclipse.cdt.core.parser.tests.ast2.cxx14.constexpr.ArrayTests$NonIndexing" time="0.004"/>
  <testcase name="testPointerArithmeticsOnMultidimensionalArray" classname="org.eclipse.cdt.core.parser.tests.ast2.cxx14.constexpr.ArrayTests$NonIndexing" time="0.004"/>
  <testcase name="testPassMultiDimensionalArrayToFunctionAsPointerAndModifyCell" classname="org.eclipse.cdt.core.parser.tests.ast2.cxx14.constexpr.ArrayTests$NonIndexing" time="0.004"/>
  <testcase name="testAssignmentOfMultiDimensionalArrays" classname="org.eclipse.cdt.core.parser.tests.ast2.cxx14.constexpr.ArrayTests$SingleProject" time="0.034">
    <failure message="Expected number (0) of Non-OK status objects in log differs from actual (2).&#10;	Error: org.eclipse.cdt.internal.core.dom.parser.ITypeMarshalBuffer.marshalEvaluation(Lorg/eclipse/cdt/internal/core/dom/parser/ISerializableEvaluation;Z)V org.eclipse.cdt.internal.core.dom.parser.ITypeMarshalBuffer.marshalEvaluation(Lorg/eclipse/cdt/internal/core/dom/parser/ISerializableEvaluation;Z)V&#10;	Error: org.eclipse.cdt.internal.core.dom.parser.ITypeMarshalBuffer.marshalEvaluation(Lorg/eclipse/cdt/internal/core/dom/parser/ISerializableEvaluation;Z)V org.eclipse.cdt.internal.core.dom.parser.ITypeMarshalBuffer.marshalEvaluation(Lorg/eclipse/cdt/internal/core/dom/parser/ISerializableEvaluation;Z)V&#10;" type="junit.framework.AssertionFailedError">junit.framework.AssertionFailedError: Expected number (0) of Non-OK status objects in log differs from actual (2).
	Error: org.eclipse.cdt.internal.core.dom.parser.ITypeMarshalBuffer.marshalEvaluation(Lorg/eclipse/cdt/internal/core/dom/parser/ISerializableEvaluation;Z)V org.eclipse.cdt.internal.core.dom.parser.ITypeMarshalBuffer.marshalEvaluation(Lorg/eclipse/cdt/internal/core/dom/parser/ISerializableEvaluation;Z)V
	Error: org.eclipse.cdt.internal.core.dom.parser.ITypeMarshalBuffer.marshalEvaluation(Lorg/eclipse/cdt/internal/core/dom/parser/ISerializableEvaluation;Z)V org.eclipse.cdt.internal.core.dom.parser.ITypeMarshalBuffer.marshalEvaluation(Lorg/eclipse/cdt/internal/core/dom/parser/ISerializableEvaluation;Z)V

	at org.eclipse.cdt.core.testplugin.util.BaseTestCase.runBare(BaseTestCase.java:242)
	at junit.framework.TestResult$1.protect(TestResult.java:122)
	at junit.framework.TestResult.runProtected(TestResult.java:142)
	at junit.framework.TestResult.run(TestResult.java:125)
	at junit.framework.TestCase.run(TestCase.java:129)
	at org.eclipse.cdt.core.testplugin.util.BaseTestCase.run(BaseTestCase.java:259)
	at junit.framework.TestSuite.runTest(TestSuite.java:252)
	at junit.framework.TestSuite.run(TestSuite.java:247)
	at junit.framework.TestSuite.runTest(TestSuite.java:252)
	at junit.framework.TestSuite.run(TestSuite.java:247)
	at junit.framework.TestSuite.runTest(TestSuite.java:252)
	at junit.framework.TestSuite.run(TestSuite.java:247)
	at org.junit.internal.runners.JUnit38ClassRunner.run(JUnit38ClassRunner.java:86)
	at org.apache.maven.surefire.junit4.JUnit4Provider.execute(JUnit4Provider.java:264)
	at org.apache.maven.surefire.junit4.JUnit4Provider.executeTestSet(JUnit4Provider.java:153)
	at org.apache.maven.surefire.junit4.JUnit4Provider.invoke(JUnit4Provider.java:124)
	at sun.reflect.NativeMethodAccessorImpl.invoke0(Native Method)
	at sun.reflect.NativeMethodAccessorImpl.invoke(NativeMethodAccessorImpl.java:62)
	at sun.reflect.DelegatingMethodAccessorImpl.invoke(DelegatingMethodAccessorImpl.java:43)
	at java.lang.reflect.Method.invoke(Method.java:497)
	at org.apache.maven.surefire.util.ReflectionUtils.invokeMethodWithArray2(ReflectionUtils.java:208)
	at org.apache.maven.surefire.booter.ProviderFactory$ProviderProxy.invoke(ProviderFactory.java:156)
	at org.apache.maven.surefire.booter.ProviderFactory.invokeProvider(ProviderFactory.java:82)
	at org.eclipse.tycho.surefire.osgibooter.OsgiSurefireBooter.run(OsgiSurefireBooter.java:95)
	at org.eclipse.tycho.surefire.osgibooter.HeadlessTestApplication.run(HeadlessTestApplication.java:21)
	at sun.reflect.NativeMethodAccessorImpl.invoke0(Native Method)
	at sun.reflect.NativeMethodAccessorImpl.invoke(NativeMethodAccessorImpl.java:62)
	at sun.reflect.DelegatingMethodAccessorImpl.invoke(DelegatingMethodAccessorImpl.java:43)
	at java.lang.reflect.Method.invoke(Method.java:497)
	at org.eclipse.equinox.internal.app.EclipseAppContainer.callMethodWithException(EclipseAppContainer.java:587)
	at org.eclipse.equinox.internal.app.EclipseAppHandle.run(EclipseAppHandle.java:198)
	at org.eclipse.core.runtime.internal.adaptor.EclipseAppLauncher.runApplication(EclipseAppLauncher.java:134)
	at org.eclipse.core.runtime.internal.adaptor.EclipseAppLauncher.start(EclipseAppLauncher.java:104)
	at org.eclipse.core.runtime.adaptor.EclipseStarter.run(EclipseStarter.java:388)
	at org.eclipse.core.runtime.adaptor.EclipseStarter.run(EclipseStarter.java:243)
	at sun.reflect.NativeMethodAccessorImpl.invoke0(Native Method)
	at sun.reflect.NativeMethodAccessorImpl.invoke(NativeMethodAccessorImpl.java:62)
	at sun.reflect.DelegatingMethodAccessorImpl.invoke(DelegatingMethodAccessorImpl.java:43)
	at java.lang.reflect.Method.invoke(Method.java:497)
	at org.eclipse.equinox.launcher.Main.invokeFramework(Main.java:653)
	at org.eclipse.equinox.launcher.Main.basicRun(Main.java:590)
	at org.eclipse.equinox.launcher.Main.run(Main.java:1499)
	at org.eclipse.equinox.launcher.Main.main(Main.java:1472)
Caused by: java.lang.NoSuchMethodError: org.eclipse.cdt.internal.core.dom.parser.ITypeMarshalBuffer.marshalEvaluation(Lorg/eclipse/cdt/internal/core/dom/parser/ISerializableEvaluation;Z)V
	at org.eclipse.cdt.internal.core.dom.parser.cpp.semantics.InitializerListType.marshal(InitializerListType.java:55)
	at org.eclipse.cdt.internal.core.pdom.dom.TypeMarshalBuffer.marshalType(TypeMarshalBuffer.java:132)
	at org.eclipse.cdt.internal.core.dom.parser.cpp.semantics.EvalFixed.marshal(EvalFixed.java:147)
	at org.eclipse.cdt.internal.core.pdom.dom.TypeMarshalBuffer.marshalEvaluation(TypeMarshalBuffer.java:166)
	at org.eclipse.cdt.internal.core.dom.parser.CompositeValue.marshal(CompositeValue.java:289)
	at org.eclipse.cdt.internal.core.pdom.dom.TypeMarshalBuffer.marshalValue(TypeMarshalBuffer.java:192)
	at org.eclipse.cdt.internal.core.pdom.dom.PDOMLinkage.storeValue(PDOMLinkage.java:656)
	at org.eclipse.cdt.internal.core.pdom.dom.PDOMLinkage.storeValue(PDOMLinkage.java:650)
	at org.eclipse.cdt.internal.core.pdom.dom.cpp.PDOMCPPVariable.setValue(PDOMCPPVariable.java:64)
	at org.eclipse.cdt.internal.core.pdom.dom.cpp.PDOMCPPVariable.initData(PDOMCPPVariable.java:57)
	at org.eclipse.cdt.internal.core.pdom.dom.cpp.PDOMCPPLinkage$ConfigureVariable.run(PDOMCPPLinkage.java:239)
	at org.eclipse.cdt.internal.core.pdom.dom.cpp.PDOMCPPLinkage.handlePostProcesses(PDOMCPPLinkage.java:1281)
	at org.eclipse.cdt.internal.core.pdom.dom.cpp.PDOMCPPLinkage.addBinding(PDOMCPPLinkage.java:631)
	at org.eclipse.cdt.internal.core.pdom.dom.PDOMFile.createPDOMName(PDOMFile.java:515)
	at org.eclipse.cdt.internal.core.pdom.dom.PDOMFile.addNames(PDOMFile.java:482)
	at org.eclipse.cdt.internal.core.pdom.WritablePDOM.addFileContent(WritablePDOM.java:154)
	at org.eclipse.cdt.internal.core.index.WritableCIndex.setFileContent(WritableCIndex.java:86)
	at org.eclipse.cdt.internal.core.pdom.PDOMWriter.storeFileInIndex(PDOMWriter.java:668)
	at org.eclipse.cdt.internal.core.pdom.PDOMWriter.storeSymbolsInIndex(PDOMWriter.java:325)
	at org.eclipse.cdt.internal.core.pdom.PDOMWriter.addSymbols(PDOMWriter.java:284)
	at org.eclipse.cdt.internal.core.pdom.AbstractIndexerTask.writeToIndex(AbstractIndexerTask.java:1284)
	at org.eclipse.cdt.internal.core.pdom.AbstractIndexerTask.parseFile(AbstractIndexerTask.java:1096)
	at org.eclipse.cdt.internal.core.pdom.AbstractIndexerTask.parseLinkage(AbstractIndexerTask.java:930)
	at org.eclipse.cdt.internal.core.pdom.AbstractIndexerTask.runTask(AbstractIndexerTask.java:557)
	at org.eclipse.cdt.internal.core.pdom.indexer.PDOMIndexerTask.run(PDOMIndexerTask.java:161)
	at org.eclipse.cdt.internal.core.pdom.indexer.PDOMRebuildTask.run(PDOMRebuildTask.java:90)
	at org.eclipse.cdt.internal.core.pdom.PDOMIndexerJob.run(PDOMIndexerJob.java:155)
	at org.eclipse.core.internal.jobs.Worker.run(Worker.java:56)
</failure>
  </testcase>
  <testcase name="testPointerDereferencingOnArrayName" classname="org.eclipse.cdt.core.parser.tests.ast2.cxx14.constexpr.ArrayTests$SingleProject" time="0.028"/>
  <testcase name="testAssignmentOfArrays" classname="org.eclipse.cdt.core.parser.tests.ast2.cxx14.constexpr.ArrayTests$SingleProject" time="0.026"/>
  <testcase name="testInitializationOfMultiDimensionalArrays" classname="org.eclipse.cdt.core.parser.tests.ast2.cxx14.constexpr.ArrayTests$SingleProject" time="0.031">
    <failure message="Expected number (0) of Non-OK status objects in log differs from actual (2).&#10;	Error: org.eclipse.cdt.internal.core.dom.parser.ITypeMarshalBuffer.marshalEvaluation(Lorg/eclipse/cdt/internal/core/dom/parser/ISerializableEvaluation;Z)V org.eclipse.cdt.internal.core.dom.parser.ITypeMarshalBuffer.marshalEvaluation(Lorg/eclipse/cdt/internal/core/dom/parser/ISerializableEvaluation;Z)V&#10;	Error: org.eclipse.cdt.internal.core.dom.parser.ITypeMarshalBuffer.marshalEvaluation(Lorg/eclipse/cdt/internal/core/dom/parser/ISerializableEvaluation;Z)V org.eclipse.cdt.internal.core.dom.parser.ITypeMarshalBuffer.marshalEvaluation(Lorg/eclipse/cdt/internal/core/dom/parser/ISerializableEvaluation;Z)V&#10;" type="junit.framework.AssertionFailedError">junit.framework.AssertionFailedError: Expected number (0) of Non-OK status objects in log differs from actual (2).
	Error: org.eclipse.cdt.internal.core.dom.parser.ITypeMarshalBuffer.marshalEvaluation(Lorg/eclipse/cdt/internal/core/dom/parser/ISerializableEvaluation;Z)V org.eclipse.cdt.internal.core.dom.parser.ITypeMarshalBuffer.marshalEvaluation(Lorg/eclipse/cdt/internal/core/dom/parser/ISerializableEvaluation;Z)V
	Error: org.eclipse.cdt.internal.core.dom.parser.ITypeMarshalBuffer.marshalEvaluation(Lorg/eclipse/cdt/internal/core/dom/parser/ISerializableEvaluation;Z)V org.eclipse.cdt.internal.core.dom.parser.ITypeMarshalBuffer.marshalEvaluation(Lorg/eclipse/cdt/internal/core/dom/parser/ISerializableEvaluation;Z)V

	at org.eclipse.cdt.core.testplugin.util.BaseTestCase.runBare(BaseTestCase.java:242)
	at junit.framework.TestResult$1.protect(TestResult.java:122)
	at junit.framework.TestResult.runProtected(TestResult.java:142)
	at junit.framework.TestResult.run(TestResult.java:125)
	at junit.framework.TestCase.run(TestCase.java:129)
	at org.eclipse.cdt.core.testplugin.util.BaseTestCase.run(BaseTestCase.java:259)
	at junit.framework.TestSuite.runTest(TestSuite.java:252)
	at junit.framework.TestSuite.run(TestSuite.java:247)
	at junit.framework.TestSuite.runTest(TestSuite.java:252)
	at junit.framework.TestSuite.run(TestSuite.java:247)
	at junit.framework.TestSuite.runTest(TestSuite.java:252)
	at junit.framework.TestSuite.run(TestSuite.java:247)
	at org.junit.internal.runners.JUnit38ClassRunner.run(JUnit38ClassRunner.java:86)
	at org.apache.maven.surefire.junit4.JUnit4Provider.execute(JUnit4Provider.java:264)
	at org.apache.maven.surefire.junit4.JUnit4Provider.executeTestSet(JUnit4Provider.java:153)
	at org.apache.maven.surefire.junit4.JUnit4Provider.invoke(JUnit4Provider.java:124)
	at sun.reflect.NativeMethodAccessorImpl.invoke0(Native Method)
	at sun.reflect.NativeMethodAccessorImpl.invoke(NativeMethodAccessorImpl.java:62)
	at sun.reflect.DelegatingMethodAccessorImpl.invoke(DelegatingMethodAccessorImpl.java:43)
	at java.lang.reflect.Method.invoke(Method.java:497)
	at org.apache.maven.surefire.util.ReflectionUtils.invokeMethodWithArray2(ReflectionUtils.java:208)
	at org.apache.maven.surefire.booter.ProviderFactory$ProviderProxy.invoke(ProviderFactory.java:156)
	at org.apache.maven.surefire.booter.ProviderFactory.invokeProvider(ProviderFactory.java:82)
	at org.eclipse.tycho.surefire.osgibooter.OsgiSurefireBooter.run(OsgiSurefireBooter.java:95)
	at org.eclipse.tycho.surefire.osgibooter.HeadlessTestApplication.run(HeadlessTestApplication.java:21)
	at sun.reflect.NativeMethodAccessorImpl.invoke0(Native Method)
	at sun.reflect.NativeMethodAccessorImpl.invoke(NativeMethodAccessorImpl.java:62)
	at sun.reflect.DelegatingMethodAccessorImpl.invoke(DelegatingMethodAccessorImpl.java:43)
	at java.lang.reflect.Method.invoke(Method.java:497)
	at org.eclipse.equinox.internal.app.EclipseAppContainer.callMethodWithException(EclipseAppContainer.java:587)
	at org.eclipse.equinox.internal.app.EclipseAppHandle.run(EclipseAppHandle.java:198)
	at org.eclipse.core.runtime.internal.adaptor.EclipseAppLauncher.runApplication(EclipseAppLauncher.java:134)
	at org.eclipse.core.runtime.internal.adaptor.EclipseAppLauncher.start(EclipseAppLauncher.java:104)
	at org.eclipse.core.runtime.adaptor.EclipseStarter.run(EclipseStarter.java:388)
	at org.eclipse.core.runtime.adaptor.EclipseStarter.run(EclipseStarter.java:243)
	at sun.reflect.NativeMethodAccessorImpl.invoke0(Native Method)
	at sun.reflect.NativeMethodAccessorImpl.invoke(NativeMethodAccessorImpl.java:62)
	at sun.reflect.DelegatingMethodAccessorImpl.invoke(DelegatingMethodAccessorImpl.java:43)
	at java.lang.reflect.Method.invoke(Method.java:497)
	at org.eclipse.equinox.launcher.Main.invokeFramework(Main.java:653)
	at org.eclipse.equinox.launcher.Main.basicRun(Main.java:590)
	at org.eclipse.equinox.launcher.Main.run(Main.java:1499)
	at org.eclipse.equinox.launcher.Main.main(Main.java:1472)
Caused by: java.lang.NoSuchMethodError: org.eclipse.cdt.internal.core.dom.parser.ITypeMarshalBuffer.marshalEvaluation(Lorg/eclipse/cdt/internal/core/dom/parser/ISerializableEvaluation;Z)V
	at org.eclipse.cdt.internal.core.dom.parser.cpp.semantics.InitializerListType.marshal(InitializerListType.java:55)
	at org.eclipse.cdt.internal.core.pdom.dom.TypeMarshalBuffer.marshalType(TypeMarshalBuffer.java:132)
	at org.eclipse.cdt.internal.core.dom.parser.cpp.semantics.EvalFixed.marshal(EvalFixed.java:147)
	at org.eclipse.cdt.internal.core.pdom.dom.TypeMarshalBuffer.marshalEvaluation(TypeMarshalBuffer.java:166)
	at org.eclipse.cdt.internal.core.dom.parser.CompositeValue.marshal(CompositeValue.java:289)
	at org.eclipse.cdt.internal.core.pdom.dom.TypeMarshalBuffer.marshalValue(TypeMarshalBuffer.java:192)
	at org.eclipse.cdt.internal.core.pdom.dom.PDOMLinkage.storeValue(PDOMLinkage.java:656)
	at org.eclipse.cdt.internal.core.pdom.dom.PDOMLinkage.storeValue(PDOMLinkage.java:650)
	at org.eclipse.cdt.internal.core.pdom.dom.cpp.PDOMCPPVariable.setValue(PDOMCPPVariable.java:64)
	at org.eclipse.cdt.internal.core.pdom.dom.cpp.PDOMCPPVariable.initData(PDOMCPPVariable.java:57)
	at org.eclipse.cdt.internal.core.pdom.dom.cpp.PDOMCPPLinkage$ConfigureVariable.run(PDOMCPPLinkage.java:239)
	at org.eclipse.cdt.internal.core.pdom.dom.cpp.PDOMCPPLinkage.handlePostProcesses(PDOMCPPLinkage.java:1281)
	at org.eclipse.cdt.internal.core.pdom.dom.cpp.PDOMCPPLinkage.addBinding(PDOMCPPLinkage.java:631)
	at org.eclipse.cdt.internal.core.pdom.dom.PDOMFile.createPDOMName(PDOMFile.java:515)
	at org.eclipse.cdt.internal.core.pdom.dom.PDOMFile.addNames(PDOMFile.java:482)
	at org.eclipse.cdt.internal.core.pdom.WritablePDOM.addFileContent(WritablePDOM.java:154)
	at org.eclipse.cdt.internal.core.index.WritableCIndex.setFileContent(WritableCIndex.java:86)
	at org.eclipse.cdt.internal.core.pdom.PDOMWriter.storeFileInIndex(PDOMWriter.java:668)
	at org.eclipse.cdt.internal.core.pdom.PDOMWriter.storeSymbolsInIndex(PDOMWriter.java:325)
	at org.eclipse.cdt.internal.core.pdom.PDOMWriter.addSymbols(PDOMWriter.java:284)
	at org.eclipse.cdt.internal.core.pdom.AbstractIndexerTask.writeToIndex(AbstractIndexerTask.java:1284)
	at org.eclipse.cdt.internal.core.pdom.AbstractIndexerTask.parseFile(AbstractIndexerTask.java:1096)
	at org.eclipse.cdt.internal.core.pdom.AbstractIndexerTask.parseLinkage(AbstractIndexerTask.java:930)
	at org.eclipse.cdt.internal.core.pdom.AbstractIndexerTask.runTask(AbstractIndexerTask.java:557)
	at org.eclipse.cdt.internal.core.pdom.indexer.PDOMIndexerTask.run(PDOMIndexerTask.java:161)
	at org.eclipse.cdt.internal.core.pdom.indexer.PDOMRebuildTask.run(PDOMRebuildTask.java:90)
	at org.eclipse.cdt.internal.core.pdom.PDOMIndexerJob.run(PDOMIndexerJob.java:155)
	at org.eclipse.core.internal.jobs.Worker.run(Worker.java:56)
</failure>
  </testcase>
  <testcase name="testInitializationOfArrays" classname="org.eclipse.cdt.core.parser.tests.ast2.cxx14.constexpr.ArrayTests$SingleProject" time="0.035"/>
  <testcase name="testPassArrayToFunctionAsPointerAndModifyCell" classname="org.eclipse.cdt.core.parser.tests.ast2.cxx14.constexpr.ArrayTests$SingleProject" time="0.034"/>
  <testcase name="testReferenceToArray1" classname="org.eclipse.cdt.core.parser.tests.ast2.cxx14.constexpr.ArrayTests$SingleProject" time="0.024"/>
  <testcase name="testReferenceToArray2" classname="org.eclipse.cdt.core.parser.tests.ast2.cxx14.constexpr.ArrayTests$SingleProject" time="0.038"/>
  <testcase name="testReferenceToArray3" classname="org.eclipse.cdt.core.parser.tests.ast2.cxx14.constexpr.ArrayTests$SingleProject" time="0.028"/>
  <testcase name="testPointerToArrayReturnedFromMemberFunction1" classname="org.eclipse.cdt.core.parser.tests.ast2.cxx14.constexpr.ArrayTests$SingleProject" time="0.03"/>
  <testcase name="testPointerToArrayReturnedFromMemberFunction2" classname="org.eclipse.cdt.core.parser.tests.ast2.cxx14.constexpr.ArrayTests$SingleProject" time="0.035"/>
  <testcase name="testPointerToArrayReturnedFromMemberFunction3" classname="org.eclipse.cdt.core.parser.tests.ast2.cxx14.constexpr.ArrayTests$SingleProject" time="0.043"/>
  <testcase name="testGlobalArrayAccessValue" classname="org.eclipse.cdt.core.parser.tests.ast2.cxx14.constexpr.ArrayTests$SingleProject" time="0.037">
    <failure message="Expected number (0) of Non-OK status objects in log differs from actual (2).&#10;	Error: org.eclipse.cdt.internal.core.dom.parser.ITypeMarshalBuffer.marshalEvaluation(Lorg/eclipse/cdt/internal/core/dom/parser/ISerializableEvaluation;Z)V org.eclipse.cdt.internal.core.dom.parser.ITypeMarshalBuffer.marshalEvaluation(Lorg/eclipse/cdt/internal/core/dom/parser/ISerializableEvaluation;Z)V&#10;	Error: org.eclipse.cdt.internal.core.dom.parser.ITypeMarshalBuffer.marshalEvaluation(Lorg/eclipse/cdt/internal/core/dom/parser/ISerializableEvaluation;Z)V org.eclipse.cdt.internal.core.dom.parser.ITypeMarshalBuffer.marshalEvaluation(Lorg/eclipse/cdt/internal/core/dom/parser/ISerializableEvaluation;Z)V&#10;" type="junit.framework.AssertionFailedError">junit.framework.AssertionFailedError: Expected number (0) of Non-OK status objects in log differs from actual (2).
	Error: org.eclipse.cdt.internal.core.dom.parser.ITypeMarshalBuffer.marshalEvaluation(Lorg/eclipse/cdt/internal/core/dom/parser/ISerializableEvaluation;Z)V org.eclipse.cdt.internal.core.dom.parser.ITypeMarshalBuffer.marshalEvaluation(Lorg/eclipse/cdt/internal/core/dom/parser/ISerializableEvaluation;Z)V
	Error: org.eclipse.cdt.internal.core.dom.parser.ITypeMarshalBuffer.marshalEvaluation(Lorg/eclipse/cdt/internal/core/dom/parser/ISerializableEvaluation;Z)V org.eclipse.cdt.internal.core.dom.parser.ITypeMarshalBuffer.marshalEvaluation(Lorg/eclipse/cdt/internal/core/dom/parser/ISerializableEvaluation;Z)V

	at org.eclipse.cdt.core.testplugin.util.BaseTestCase.runBare(BaseTestCase.java:242)
	at junit.framework.TestResult$1.protect(TestResult.java:122)
	at junit.framework.TestResult.runProtected(TestResult.java:142)
	at junit.framework.TestResult.run(TestResult.java:125)
	at junit.framework.TestCase.run(TestCase.java:129)
	at org.eclipse.cdt.core.testplugin.util.BaseTestCase.run(BaseTestCase.java:259)
	at junit.framework.TestSuite.runTest(TestSuite.java:252)
	at junit.framework.TestSuite.run(TestSuite.java:247)
	at junit.framework.TestSuite.runTest(TestSuite.java:252)
	at junit.framework.TestSuite.run(TestSuite.java:247)
	at junit.framework.TestSuite.runTest(TestSuite.java:252)
	at junit.framework.TestSuite.run(TestSuite.java:247)
	at org.junit.internal.runners.JUnit38ClassRunner.run(JUnit38ClassRunner.java:86)
	at org.apache.maven.surefire.junit4.JUnit4Provider.execute(JUnit4Provider.java:264)
	at org.apache.maven.surefire.junit4.JUnit4Provider.executeTestSet(JUnit4Provider.java:153)
	at org.apache.maven.surefire.junit4.JUnit4Provider.invoke(JUnit4Provider.java:124)
	at sun.reflect.NativeMethodAccessorImpl.invoke0(Native Method)
	at sun.reflect.NativeMethodAccessorImpl.invoke(NativeMethodAccessorImpl.java:62)
	at sun.reflect.DelegatingMethodAccessorImpl.invoke(DelegatingMethodAccessorImpl.java:43)
	at java.lang.reflect.Method.invoke(Method.java:497)
	at org.apache.maven.surefire.util.ReflectionUtils.invokeMethodWithArray2(ReflectionUtils.java:208)
	at org.apache.maven.surefire.booter.ProviderFactory$ProviderProxy.invoke(ProviderFactory.java:156)
	at org.apache.maven.surefire.booter.ProviderFactory.invokeProvider(ProviderFactory.java:82)
	at org.eclipse.tycho.surefire.osgibooter.OsgiSurefireBooter.run(OsgiSurefireBooter.java:95)
	at org.eclipse.tycho.surefire.osgibooter.HeadlessTestApplication.run(HeadlessTestApplication.java:21)
	at sun.reflect.NativeMethodAccessorImpl.invoke0(Native Method)
	at sun.reflect.NativeMethodAccessorImpl.invoke(NativeMethodAccessorImpl.java:62)
	at sun.reflect.DelegatingMethodAccessorImpl.invoke(DelegatingMethodAccessorImpl.java:43)
	at java.lang.reflect.Method.invoke(Method.java:497)
	at org.eclipse.equinox.internal.app.EclipseAppContainer.callMethodWithException(EclipseAppContainer.java:587)
	at org.eclipse.equinox.internal.app.EclipseAppHandle.run(EclipseAppHandle.java:198)
	at org.eclipse.core.runtime.internal.adaptor.EclipseAppLauncher.runApplication(EclipseAppLauncher.java:134)
	at org.eclipse.core.runtime.internal.adaptor.EclipseAppLauncher.start(EclipseAppLauncher.java:104)
	at org.eclipse.core.runtime.adaptor.EclipseStarter.run(EclipseStarter.java:388)
	at org.eclipse.core.runtime.adaptor.EclipseStarter.run(EclipseStarter.java:243)
	at sun.reflect.NativeMethodAccessorImpl.invoke0(Native Method)
	at sun.reflect.NativeMethodAccessorImpl.invoke(NativeMethodAccessorImpl.java:62)
	at sun.reflect.DelegatingMethodAccessorImpl.invoke(DelegatingMethodAccessorImpl.java:43)
	at java.lang.reflect.Method.invoke(Method.java:497)
	at org.eclipse.equinox.launcher.Main.invokeFramework(Main.java:653)
	at org.eclipse.equinox.launcher.Main.basicRun(Main.java:590)
	at org.eclipse.equinox.launcher.Main.run(Main.java:1499)
	at org.eclipse.equinox.launcher.Main.main(Main.java:1472)
Caused by: java.lang.NoSuchMethodError: org.eclipse.cdt.internal.core.dom.parser.ITypeMarshalBuffer.marshalEvaluation(Lorg/eclipse/cdt/internal/core/dom/parser/ISerializableEvaluation;Z)V
	at org.eclipse.cdt.internal.core.dom.parser.cpp.semantics.InitializerListType.marshal(InitializerListType.java:55)
	at org.eclipse.cdt.internal.core.pdom.dom.TypeMarshalBuffer.marshalType(TypeMarshalBuffer.java:132)
	at org.eclipse.cdt.internal.core.dom.parser.cpp.semantics.EvalFixed.marshal(EvalFixed.java:147)
	at org.eclipse.cdt.internal.core.pdom.dom.TypeMarshalBuffer.marshalEvaluation(TypeMarshalBuffer.java:166)
	at org.eclipse.cdt.internal.core.dom.parser.CompositeValue.marshal(CompositeValue.java:289)
	at org.eclipse.cdt.internal.core.pdom.dom.TypeMarshalBuffer.marshalValue(TypeMarshalBuffer.java:192)
	at org.eclipse.cdt.internal.core.pdom.dom.PDOMLinkage.storeValue(PDOMLinkage.java:656)
	at org.eclipse.cdt.internal.core.pdom.dom.PDOMLinkage.storeValue(PDOMLinkage.java:650)
	at org.eclipse.cdt.internal.core.pdom.dom.cpp.PDOMCPPVariable.setValue(PDOMCPPVariable.java:64)
	at org.eclipse.cdt.internal.core.pdom.dom.cpp.PDOMCPPVariable.initData(PDOMCPPVariable.java:57)
	at org.eclipse.cdt.internal.core.pdom.dom.cpp.PDOMCPPLinkage$ConfigureVariable.run(PDOMCPPLinkage.java:239)
	at org.eclipse.cdt.internal.core.pdom.dom.cpp.PDOMCPPLinkage.handlePostProcesses(PDOMCPPLinkage.java:1281)
	at org.eclipse.cdt.internal.core.pdom.dom.cpp.PDOMCPPLinkage.addBinding(PDOMCPPLinkage.java:631)
	at org.eclipse.cdt.internal.core.pdom.dom.PDOMFile.createPDOMName(PDOMFile.java:515)
	at org.eclipse.cdt.internal.core.pdom.dom.PDOMFile.addNames(PDOMFile.java:482)
	at org.eclipse.cdt.internal.core.pdom.WritablePDOM.addFileContent(WritablePDOM.java:154)
	at org.eclipse.cdt.internal.core.index.WritableCIndex.setFileContent(WritableCIndex.java:86)
	at org.eclipse.cdt.internal.core.pdom.PDOMWriter.storeFileInIndex(PDOMWriter.java:668)
	at org.eclipse.cdt.internal.core.pdom.PDOMWriter.storeSymbolsInIndex(PDOMWriter.java:325)
	at org.eclipse.cdt.internal.core.pdom.PDOMWriter.addSymbols(PDOMWriter.java:284)
	at org.eclipse.cdt.internal.core.pdom.AbstractIndexerTask.writeToIndex(AbstractIndexerTask.java:1284)
	at org.eclipse.cdt.internal.core.pdom.AbstractIndexerTask.parseFile(AbstractIndexerTask.java:1096)
	at org.eclipse.cdt.internal.core.pdom.AbstractIndexerTask.parseLinkage(AbstractIndexerTask.java:930)
	at org.eclipse.cdt.internal.core.pdom.AbstractIndexerTask.runTask(AbstractIndexerTask.java:557)
	at org.eclipse.cdt.internal.core.pdom.indexer.PDOMIndexerTask.run(PDOMIndexerTask.java:161)
	at org.eclipse.cdt.internal.core.pdom.indexer.PDOMRebuildTask.run(PDOMRebuildTask.java:90)
	at org.eclipse.cdt.internal.core.pdom.PDOMIndexerJob.run(PDOMIndexerJob.java:155)
	at org.eclipse.core.internal.jobs.Worker.run(Worker.java:56)
</failure>
  </testcase>
  <testcase name="testReferenceToArrayCell" classname="org.eclipse.cdt.core.parser.tests.ast2.cxx14.constexpr.ArrayTests$SingleProject" time="0.032">
    <failure message="Expected number (0) of Non-OK status objects in log differs from actual (2).&#10;	Error: org.eclipse.cdt.internal.core.dom.parser.ITypeMarshalBuffer.marshalEvaluation(Lorg/eclipse/cdt/internal/core/dom/parser/ISerializableEvaluation;Z)V org.eclipse.cdt.internal.core.dom.parser.ITypeMarshalBuffer.marshalEvaluation(Lorg/eclipse/cdt/internal/core/dom/parser/ISerializableEvaluation;Z)V&#10;	Error: org.eclipse.cdt.internal.core.dom.parser.ITypeMarshalBuffer.marshalEvaluation(Lorg/eclipse/cdt/internal/core/dom/parser/ISerializableEvaluation;Z)V org.eclipse.cdt.internal.core.dom.parser.ITypeMarshalBuffer.marshalEvaluation(Lorg/eclipse/cdt/internal/core/dom/parser/ISerializableEvaluation;Z)V&#10;" type="junit.framework.AssertionFailedError">junit.framework.AssertionFailedError: Expected number (0) of Non-OK status objects in log differs from actual (2).
	Error: org.eclipse.cdt.internal.core.dom.parser.ITypeMarshalBuffer.marshalEvaluation(Lorg/eclipse/cdt/internal/core/dom/parser/ISerializableEvaluation;Z)V org.eclipse.cdt.internal.core.dom.parser.ITypeMarshalBuffer.marshalEvaluation(Lorg/eclipse/cdt/internal/core/dom/parser/ISerializableEvaluation;Z)V
	Error: org.eclipse.cdt.internal.core.dom.parser.ITypeMarshalBuffer.marshalEvaluation(Lorg/eclipse/cdt/internal/core/dom/parser/ISerializableEvaluation;Z)V org.eclipse.cdt.internal.core.dom.parser.ITypeMarshalBuffer.marshalEvaluation(Lorg/eclipse/cdt/internal/core/dom/parser/ISerializableEvaluation;Z)V

	at org.eclipse.cdt.core.testplugin.util.BaseTestCase.runBare(BaseTestCase.java:242)
	at junit.framework.TestResult$1.protect(TestResult.java:122)
	at junit.framework.TestResult.runProtected(TestResult.java:142)
	at junit.framework.TestResult.run(TestResult.java:125)
	at junit.framework.TestCase.run(TestCase.java:129)
	at org.eclipse.cdt.core.testplugin.util.BaseTestCase.run(BaseTestCase.java:259)
	at junit.framework.TestSuite.runTest(TestSuite.java:252)
	at junit.framework.TestSuite.run(TestSuite.java:247)
	at junit.framework.TestSuite.runTest(TestSuite.java:252)
	at junit.framework.TestSuite.run(TestSuite.java:247)
	at junit.framework.TestSuite.runTest(TestSuite.java:252)
	at junit.framework.TestSuite.run(TestSuite.java:247)
	at org.junit.internal.runners.JUnit38ClassRunner.run(JUnit38ClassRunner.java:86)
	at org.apache.maven.surefire.junit4.JUnit4Provider.execute(JUnit4Provider.java:264)
	at org.apache.maven.surefire.junit4.JUnit4Provider.executeTestSet(JUnit4Provider.java:153)
	at org.apache.maven.surefire.junit4.JUnit4Provider.invoke(JUnit4Provider.java:124)
	at sun.reflect.NativeMethodAccessorImpl.invoke0(Native Method)
	at sun.reflect.NativeMethodAccessorImpl.invoke(NativeMethodAccessorImpl.java:62)
	at sun.reflect.DelegatingMethodAccessorImpl.invoke(DelegatingMethodAccessorImpl.java:43)
	at java.lang.reflect.Method.invoke(Method.java:497)
	at org.apache.maven.surefire.util.ReflectionUtils.invokeMethodWithArray2(ReflectionUtils.java:208)
	at org.apache.maven.surefire.booter.ProviderFactory$ProviderProxy.invoke(ProviderFactory.java:156)
	at org.apache.maven.surefire.booter.ProviderFactory.invokeProvider(ProviderFactory.java:82)
	at org.eclipse.tycho.surefire.osgibooter.OsgiSurefireBooter.run(OsgiSurefireBooter.java:95)
	at org.eclipse.tycho.surefire.osgibooter.HeadlessTestApplication.run(HeadlessTestApplication.java:21)
	at sun.reflect.NativeMethodAccessorImpl.invoke0(Native Method)
	at sun.reflect.NativeMethodAccessorImpl.invoke(NativeMethodAccessorImpl.java:62)
	at sun.reflect.DelegatingMethodAccessorImpl.invoke(DelegatingMethodAccessorImpl.java:43)
	at java.lang.reflect.Method.invoke(Method.java:497)
	at org.eclipse.equinox.internal.app.EclipseAppContainer.callMethodWithException(EclipseAppContainer.java:587)
	at org.eclipse.equinox.internal.app.EclipseAppHandle.run(EclipseAppHandle.java:198)
	at org.eclipse.core.runtime.internal.adaptor.EclipseAppLauncher.runApplication(EclipseAppLauncher.java:134)
	at org.eclipse.core.runtime.internal.adaptor.EclipseAppLauncher.start(EclipseAppLauncher.java:104)
	at org.eclipse.core.runtime.adaptor.EclipseStarter.run(EclipseStarter.java:388)
	at org.eclipse.core.runtime.adaptor.EclipseStarter.run(EclipseStarter.java:243)
	at sun.reflect.NativeMethodAccessorImpl.invoke0(Native Method)
	at sun.reflect.NativeMethodAccessorImpl.invoke(NativeMethodAccessorImpl.java:62)
	at sun.reflect.DelegatingMethodAccessorImpl.invoke(DelegatingMethodAccessorImpl.java:43)
	at java.lang.reflect.Method.invoke(Method.java:497)
	at org.eclipse.equinox.launcher.Main.invokeFramework(Main.java:653)
	at org.eclipse.equinox.launcher.Main.basicRun(Main.java:590)
	at org.eclipse.equinox.launcher.Main.run(Main.java:1499)
	at org.eclipse.equinox.launcher.Main.main(Main.java:1472)
Caused by: java.lang.NoSuchMethodError: org.eclipse.cdt.internal.core.dom.parser.ITypeMarshalBuffer.marshalEvaluation(Lorg/eclipse/cdt/internal/core/dom/parser/ISerializableEvaluation;Z)V
	at org.eclipse.cdt.internal.core.dom.parser.cpp.semantics.InitializerListType.marshal(InitializerListType.java:55)
	at org.eclipse.cdt.internal.core.pdom.dom.TypeMarshalBuffer.marshalType(TypeMarshalBuffer.java:132)
	at org.eclipse.cdt.internal.core.dom.parser.cpp.semantics.EvalFixed.marshal(EvalFixed.java:147)
	at org.eclipse.cdt.internal.core.pdom.dom.TypeMarshalBuffer.marshalEvaluation(TypeMarshalBuffer.java:166)
	at org.eclipse.cdt.internal.core.dom.parser.CompositeValue.marshal(CompositeValue.java:289)
	at org.eclipse.cdt.internal.core.pdom.dom.TypeMarshalBuffer.marshalValue(TypeMarshalBuffer.java:192)
	at org.eclipse.cdt.internal.core.pdom.dom.PDOMLinkage.storeValue(PDOMLinkage.java:656)
	at org.eclipse.cdt.internal.core.pdom.dom.PDOMLinkage.storeValue(PDOMLinkage.java:650)
	at org.eclipse.cdt.internal.core.pdom.dom.cpp.PDOMCPPVariable.setValue(PDOMCPPVariable.java:64)
	at org.eclipse.cdt.internal.core.pdom.dom.cpp.PDOMCPPVariable.initData(PDOMCPPVariable.java:57)
	at org.eclipse.cdt.internal.core.pdom.dom.cpp.PDOMCPPLinkage$ConfigureVariable.run(PDOMCPPLinkage.java:239)
	at org.eclipse.cdt.internal.core.pdom.dom.cpp.PDOMCPPLinkage.handlePostProcesses(PDOMCPPLinkage.java:1281)
	at org.eclipse.cdt.internal.core.pdom.dom.cpp.PDOMCPPLinkage.addBinding(PDOMCPPLinkage.java:631)
	at org.eclipse.cdt.internal.core.pdom.dom.PDOMFile.createPDOMName(PDOMFile.java:515)
	at org.eclipse.cdt.internal.core.pdom.dom.PDOMFile.addNames(PDOMFile.java:482)
	at org.eclipse.cdt.internal.core.pdom.WritablePDOM.addFileContent(WritablePDOM.java:154)
	at org.eclipse.cdt.internal.core.index.WritableCIndex.setFileContent(WritableCIndex.java:86)
	at org.eclipse.cdt.internal.core.pdom.PDOMWriter.storeFileInIndex(PDOMWriter.java:668)
	at org.eclipse.cdt.internal.core.pdom.PDOMWriter.storeSymbolsInIndex(PDOMWriter.java:325)
	at org.eclipse.cdt.internal.core.pdom.PDOMWriter.addSymbols(PDOMWriter.java:284)
	at org.eclipse.cdt.internal.core.pdom.AbstractIndexerTask.writeToIndex(AbstractIndexerTask.java:1284)
	at org.eclipse.cdt.internal.core.pdom.AbstractIndexerTask.parseFile(AbstractIndexerTask.java:1096)
	at org.eclipse.cdt.internal.core.pdom.AbstractIndexerTask.parseLinkage(AbstractIndexerTask.java:930)
	at org.eclipse.cdt.internal.core.pdom.AbstractIndexerTask.runTask(AbstractIndexerTask.java:557)
	at org.eclipse.cdt.internal.core.pdom.indexer.PDOMIndexerTask.run(PDOMIndexerTask.java:161)
	at org.eclipse.cdt.internal.core.pdom.indexer.PDOMRebuildTask.run(PDOMRebuildTask.java:90)
	at org.eclipse.cdt.internal.core.pdom.PDOMIndexerJob.run(PDOMIndexerJob.java:155)
	at org.eclipse.core.internal.jobs.Worker.run(Worker.java:56)
</failure>
  </testcase>
  <testcase name="testPointerArithmeticsOnMultidimensionalArray" classname="org.eclipse.cdt.core.parser.tests.ast2.cxx14.constexpr.ArrayTests$SingleProject" time="0.031">
    <failure message="Expected number (0) of Non-OK status objects in log differs from actual (2).&#10;	Error: org.eclipse.cdt.internal.core.dom.parser.ITypeMarshalBuffer.marshalEvaluation(Lorg/eclipse/cdt/internal/core/dom/parser/ISerializableEvaluation;Z)V org.eclipse.cdt.internal.core.dom.parser.ITypeMarshalBuffer.marshalEvaluation(Lorg/eclipse/cdt/internal/core/dom/parser/ISerializableEvaluation;Z)V&#10;	Error: org.eclipse.cdt.internal.core.dom.parser.ITypeMarshalBuffer.marshalEvaluation(Lorg/eclipse/cdt/internal/core/dom/parser/ISerializableEvaluation;Z)V org.eclipse.cdt.internal.core.dom.parser.ITypeMarshalBuffer.marshalEvaluation(Lorg/eclipse/cdt/internal/core/dom/parser/ISerializableEvaluation;Z)V&#10;" type="junit.framework.AssertionFailedError">junit.framework.AssertionFailedError: Expected number (0) of Non-OK status objects in log differs from actual (2).
	Error: org.eclipse.cdt.internal.core.dom.parser.ITypeMarshalBuffer.marshalEvaluation(Lorg/eclipse/cdt/internal/core/dom/parser/ISerializableEvaluation;Z)V org.eclipse.cdt.internal.core.dom.parser.ITypeMarshalBuffer.marshalEvaluation(Lorg/eclipse/cdt/internal/core/dom/parser/ISerializableEvaluation;Z)V
	Error: org.eclipse.cdt.internal.core.dom.parser.ITypeMarshalBuffer.marshalEvaluation(Lorg/eclipse/cdt/internal/core/dom/parser/ISerializableEvaluation;Z)V org.eclipse.cdt.internal.core.dom.parser.ITypeMarshalBuffer.marshalEvaluation(Lorg/eclipse/cdt/internal/core/dom/parser/ISerializableEvaluation;Z)V

	at org.eclipse.cdt.core.testplugin.util.BaseTestCase.runBare(BaseTestCase.java:242)
	at junit.framework.TestResult$1.protect(TestResult.java:122)
	at junit.framework.TestResult.runProtected(TestResult.java:142)
	at junit.framework.TestResult.run(TestResult.java:125)
	at junit.framework.TestCase.run(TestCase.java:129)
	at org.eclipse.cdt.core.testplugin.util.BaseTestCase.run(BaseTestCase.java:259)
	at junit.framework.TestSuite.runTest(TestSuite.java:252)
	at junit.framework.TestSuite.run(TestSuite.java:247)
	at junit.framework.TestSuite.runTest(TestSuite.java:252)
	at junit.framework.TestSuite.run(TestSuite.java:247)
	at junit.framework.TestSuite.runTest(TestSuite.java:252)
	at junit.framework.TestSuite.run(TestSuite.java:247)
	at org.junit.internal.runners.JUnit38ClassRunner.run(JUnit38ClassRunner.java:86)
	at org.apache.maven.surefire.junit4.JUnit4Provider.execute(JUnit4Provider.java:264)
	at org.apache.maven.surefire.junit4.JUnit4Provider.executeTestSet(JUnit4Provider.java:153)
	at org.apache.maven.surefire.junit4.JUnit4Provider.invoke(JUnit4Provider.java:124)
	at sun.reflect.NativeMethodAccessorImpl.invoke0(Native Method)
	at sun.reflect.NativeMethodAccessorImpl.invoke(NativeMethodAccessorImpl.java:62)
	at sun.reflect.DelegatingMethodAccessorImpl.invoke(DelegatingMethodAccessorImpl.java:43)
	at java.lang.reflect.Method.invoke(Method.java:497)
	at org.apache.maven.surefire.util.ReflectionUtils.invokeMethodWithArray2(ReflectionUtils.java:208)
	at org.apache.maven.surefire.booter.ProviderFactory$ProviderProxy.invoke(ProviderFactory.java:156)
	at org.apache.maven.surefire.booter.ProviderFactory.invokeProvider(ProviderFactory.java:82)
	at org.eclipse.tycho.surefire.osgibooter.OsgiSurefireBooter.run(OsgiSurefireBooter.java:95)
	at org.eclipse.tycho.surefire.osgibooter.HeadlessTestApplication.run(HeadlessTestApplication.java:21)
	at sun.reflect.NativeMethodAccessorImpl.invoke0(Native Method)
	at sun.reflect.NativeMethodAccessorImpl.invoke(NativeMethodAccessorImpl.java:62)
	at sun.reflect.DelegatingMethodAccessorImpl.invoke(DelegatingMethodAccessorImpl.java:43)
	at java.lang.reflect.Method.invoke(Method.java:497)
	at org.eclipse.equinox.internal.app.EclipseAppContainer.callMethodWithException(EclipseAppContainer.java:587)
	at org.eclipse.equinox.internal.app.EclipseAppHandle.run(EclipseAppHandle.java:198)
	at org.eclipse.core.runtime.internal.adaptor.EclipseAppLauncher.runApplication(EclipseAppLauncher.java:134)
	at org.eclipse.core.runtime.internal.adaptor.EclipseAppLauncher.start(EclipseAppLauncher.java:104)
	at org.eclipse.core.runtime.adaptor.EclipseStarter.run(EclipseStarter.java:388)
	at org.eclipse.core.runtime.adaptor.EclipseStarter.run(EclipseStarter.java:243)
	at sun.reflect.NativeMethodAccessorImpl.invoke0(Native Method)
	at sun.reflect.NativeMethodAccessorImpl.invoke(NativeMethodAccessorImpl.java:62)
	at sun.reflect.DelegatingMethodAccessorImpl.invoke(DelegatingMethodAccessorImpl.java:43)
	at java.lang.reflect.Method.invoke(Method.java:497)
	at org.eclipse.equinox.launcher.Main.invokeFramework(Main.java:653)
	at org.eclipse.equinox.launcher.Main.basicRun(Main.java:590)
	at org.eclipse.equinox.launcher.Main.run(Main.java:1499)
	at org.eclipse.equinox.launcher.Main.main(Main.java:1472)
Caused by: java.lang.NoSuchMethodError: org.eclipse.cdt.internal.core.dom.parser.ITypeMarshalBuffer.marshalEvaluation(Lorg/eclipse/cdt/internal/core/dom/parser/ISerializableEvaluation;Z)V
	at org.eclipse.cdt.internal.core.dom.parser.cpp.semantics.InitializerListType.marshal(InitializerListType.java:55)
	at org.eclipse.cdt.internal.core.pdom.dom.TypeMarshalBuffer.marshalType(TypeMarshalBuffer.java:132)
	at org.eclipse.cdt.internal.core.dom.parser.cpp.semantics.EvalFixed.marshal(EvalFixed.java:147)
	at org.eclipse.cdt.internal.core.pdom.dom.TypeMarshalBuffer.marshalEvaluation(TypeMarshalBuffer.java:166)
	at org.eclipse.cdt.internal.core.dom.parser.CompositeValue.marshal(CompositeValue.java:289)
	at org.eclipse.cdt.internal.core.pdom.dom.TypeMarshalBuffer.marshalValue(TypeMarshalBuffer.java:192)
	at org.eclipse.cdt.internal.core.pdom.dom.PDOMLinkage.storeValue(PDOMLinkage.java:656)
	at org.eclipse.cdt.internal.core.pdom.dom.PDOMLinkage.storeValue(PDOMLinkage.java:650)
	at org.eclipse.cdt.internal.core.pdom.dom.cpp.PDOMCPPVariable.setValue(PDOMCPPVariable.java:64)
	at org.eclipse.cdt.internal.core.pdom.dom.cpp.PDOMCPPVariable.initData(PDOMCPPVariable.java:57)
	at org.eclipse.cdt.internal.core.pdom.dom.cpp.PDOMCPPLinkage$ConfigureVariable.run(PDOMCPPLinkage.java:239)
	at org.eclipse.cdt.internal.core.pdom.dom.cpp.PDOMCPPLinkage.handlePostProcesses(PDOMCPPLinkage.java:1281)
	at org.eclipse.cdt.internal.core.pdom.dom.cpp.PDOMCPPLinkage.addBinding(PDOMCPPLinkage.java:631)
	at org.eclipse.cdt.internal.core.pdom.dom.PDOMFile.createPDOMName(PDOMFile.java:515)
	at org.eclipse.cdt.internal.core.pdom.dom.PDOMFile.addNames(PDOMFile.java:482)
	at org.eclipse.cdt.internal.core.pdom.WritablePDOM.addFileContent(WritablePDOM.java:154)
	at org.eclipse.cdt.internal.core.index.WritableCIndex.setFileContent(WritableCIndex.java:86)
	at org.eclipse.cdt.internal.core.pdom.PDOMWriter.storeFileInIndex(PDOMWriter.java:668)
	at org.eclipse.cdt.internal.core.pdom.PDOMWriter.storeSymbolsInIndex(PDOMWriter.java:325)
	at org.eclipse.cdt.internal.core.pdom.PDOMWriter.addSymbols(PDOMWriter.java:284)
	at org.eclipse.cdt.internal.core.pdom.AbstractIndexerTask.writeToIndex(AbstractIndexerTask.java:1284)
	at org.eclipse.cdt.internal.core.pdom.AbstractIndexerTask.parseFile(AbstractIndexerTask.java:1096)
	at org.eclipse.cdt.internal.core.pdom.AbstractIndexerTask.parseLinkage(AbstractIndexerTask.java:930)
	at org.eclipse.cdt.internal.core.pdom.AbstractIndexerTask.runTask(AbstractIndexerTask.java:557)
	at org.eclipse.cdt.internal.core.pdom.indexer.PDOMIndexerTask.run(PDOMIndexerTask.java:161)
	at org.eclipse.cdt.internal.core.pdom.indexer.PDOMRebuildTask.run(PDOMRebuildTask.java:90)
	at org.eclipse.cdt.internal.core.pdom.PDOMIndexerJob.run(PDOMIndexerJob.java:155)
	at org.eclipse.core.internal.jobs.Worker.run(Worker.java:56)
</failure>
  </testcase>
  <testcase name="testPassMultiDimensionalArrayToFunctionAsPointerAndModifyCell" classname="org.eclipse.cdt.core.parser.tests.ast2.cxx14.constexpr.ArrayTests$SingleProject" time="0.034">
    <failure message="Expected number (0) of Non-OK status objects in log differs from actual (2).&#10;	Error: org.eclipse.cdt.internal.core.dom.parser.ITypeMarshalBuffer.marshalEvaluation(Lorg/eclipse/cdt/internal/core/dom/parser/ISerializableEvaluation;Z)V org.eclipse.cdt.internal.core.dom.parser.ITypeMarshalBuffer.marshalEvaluation(Lorg/eclipse/cdt/internal/core/dom/parser/ISerializableEvaluation;Z)V&#10;	Error: org.eclipse.cdt.internal.core.dom.parser.ITypeMarshalBuffer.marshalEvaluation(Lorg/eclipse/cdt/internal/core/dom/parser/ISerializableEvaluation;Z)V org.eclipse.cdt.internal.core.dom.parser.ITypeMarshalBuffer.marshalEvaluation(Lorg/eclipse/cdt/internal/core/dom/parser/ISerializableEvaluation;Z)V&#10;" type="junit.framework.AssertionFailedError">junit.framework.AssertionFailedError: Expected number (0) of Non-OK status objects in log differs from actual (2).
	Error: org.eclipse.cdt.internal.core.dom.parser.ITypeMarshalBuffer.marshalEvaluation(Lorg/eclipse/cdt/internal/core/dom/parser/ISerializableEvaluation;Z)V org.eclipse.cdt.internal.core.dom.parser.ITypeMarshalBuffer.marshalEvaluation(Lorg/eclipse/cdt/internal/core/dom/parser/ISerializableEvaluation;Z)V
	Error: org.eclipse.cdt.internal.core.dom.parser.ITypeMarshalBuffer.marshalEvaluation(Lorg/eclipse/cdt/internal/core/dom/parser/ISerializableEvaluation;Z)V org.eclipse.cdt.internal.core.dom.parser.ITypeMarshalBuffer.marshalEvaluation(Lorg/eclipse/cdt/internal/core/dom/parser/ISerializableEvaluation;Z)V

	at org.eclipse.cdt.core.testplugin.util.BaseTestCase.runBare(BaseTestCase.java:242)
	at junit.framework.TestResult$1.protect(TestResult.java:122)
	at junit.framework.TestResult.runProtected(TestResult.java:142)
	at junit.framework.TestResult.run(TestResult.java:125)
	at junit.framework.TestCase.run(TestCase.java:129)
	at org.eclipse.cdt.core.testplugin.util.BaseTestCase.run(BaseTestCase.java:259)
	at junit.framework.TestSuite.runTest(TestSuite.java:252)
	at junit.framework.TestSuite.run(TestSuite.java:247)
	at junit.framework.TestSuite.runTest(TestSuite.java:252)
	at junit.framework.TestSuite.run(TestSuite.java:247)
	at junit.framework.TestSuite.runTest(TestSuite.java:252)
	at junit.framework.TestSuite.run(TestSuite.java:247)
	at org.junit.internal.runners.JUnit38ClassRunner.run(JUnit38ClassRunner.java:86)
	at org.apache.maven.surefire.junit4.JUnit4Provider.execute(JUnit4Provider.java:264)
	at org.apache.maven.surefire.junit4.JUnit4Provider.executeTestSet(JUnit4Provider.java:153)
	at org.apache.maven.surefire.junit4.JUnit4Provider.invoke(JUnit4Provider.java:124)
	at sun.reflect.NativeMethodAccessorImpl.invoke0(Native Method)
	at sun.reflect.NativeMethodAccessorImpl.invoke(NativeMethodAccessorImpl.java:62)
	at sun.reflect.DelegatingMethodAccessorImpl.invoke(DelegatingMethodAccessorImpl.java:43)
	at java.lang.reflect.Method.invoke(Method.java:497)
	at org.apache.maven.surefire.util.ReflectionUtils.invokeMethodWithArray2(ReflectionUtils.java:208)
	at org.apache.maven.surefire.booter.ProviderFactory$ProviderProxy.invoke(ProviderFactory.java:156)
	at org.apache.maven.surefire.booter.ProviderFactory.invokeProvider(ProviderFactory.java:82)
	at org.eclipse.tycho.surefire.osgibooter.OsgiSurefireBooter.run(OsgiSurefireBooter.java:95)
	at org.eclipse.tycho.surefire.osgibooter.HeadlessTestApplication.run(HeadlessTestApplication.java:21)
	at sun.reflect.NativeMethodAccessorImpl.invoke0(Native Method)
	at sun.reflect.NativeMethodAccessorImpl.invoke(NativeMethodAccessorImpl.java:62)
	at sun.reflect.DelegatingMethodAccessorImpl.invoke(DelegatingMethodAccessorImpl.java:43)
	at java.lang.reflect.Method.invoke(Method.java:497)
	at org.eclipse.equinox.internal.app.EclipseAppContainer.callMethodWithException(EclipseAppContainer.java:587)
	at org.eclipse.equinox.internal.app.EclipseAppHandle.run(EclipseAppHandle.java:198)
	at org.eclipse.core.runtime.internal.adaptor.EclipseAppLauncher.runApplication(EclipseAppLauncher.java:134)
	at org.eclipse.core.runtime.internal.adaptor.EclipseAppLauncher.start(EclipseAppLauncher.java:104)
	at org.eclipse.core.runtime.adaptor.EclipseStarter.run(EclipseStarter.java:388)
	at org.eclipse.core.runtime.adaptor.EclipseStarter.run(EclipseStarter.java:243)
	at sun.reflect.NativeMethodAccessorImpl.invoke0(Native Method)
	at sun.reflect.NativeMethodAccessorImpl.invoke(NativeMethodAccessorImpl.java:62)
	at sun.reflect.DelegatingMethodAccessorImpl.invoke(DelegatingMethodAccessorImpl.java:43)
	at java.lang.reflect.Method.invoke(Method.java:497)
	at org.eclipse.equinox.launcher.Main.invokeFramework(Main.java:653)
	at org.eclipse.equinox.launcher.Main.basicRun(Main.java:590)
	at org.eclipse.equinox.launcher.Main.run(Main.java:1499)
	at org.eclipse.equinox.launcher.Main.main(Main.java:1472)
Caused by: java.lang.NoSuchMethodError: org.eclipse.cdt.internal.core.dom.parser.ITypeMarshalBuffer.marshalEvaluation(Lorg/eclipse/cdt/internal/core/dom/parser/ISerializableEvaluation;Z)V
	at org.eclipse.cdt.internal.core.dom.parser.cpp.semantics.InitializerListType.marshal(InitializerListType.java:55)
	at org.eclipse.cdt.internal.core.pdom.dom.TypeMarshalBuffer.marshalType(TypeMarshalBuffer.java:132)
	at org.eclipse.cdt.internal.core.dom.parser.cpp.semantics.EvalFixed.marshal(EvalFixed.java:147)
	at org.eclipse.cdt.internal.core.pdom.dom.TypeMarshalBuffer.marshalEvaluation(TypeMarshalBuffer.java:166)
	at org.eclipse.cdt.internal.core.dom.parser.CompositeValue.marshal(CompositeValue.java:289)
	at org.eclipse.cdt.internal.core.pdom.dom.TypeMarshalBuffer.marshalValue(TypeMarshalBuffer.java:192)
	at org.eclipse.cdt.internal.core.pdom.dom.PDOMLinkage.storeValue(PDOMLinkage.java:656)
	at org.eclipse.cdt.internal.core.pdom.dom.PDOMLinkage.storeValue(PDOMLinkage.java:650)
	at org.eclipse.cdt.internal.core.pdom.dom.cpp.PDOMCPPVariable.setValue(PDOMCPPVariable.java:64)
	at org.eclipse.cdt.internal.core.pdom.dom.cpp.PDOMCPPVariable.initData(PDOMCPPVariable.java:57)
	at org.eclipse.cdt.internal.core.pdom.dom.cpp.PDOMCPPLinkage$ConfigureVariable.run(PDOMCPPLinkage.java:239)
	at org.eclipse.cdt.internal.core.pdom.dom.cpp.PDOMCPPLinkage.handlePostProcesses(PDOMCPPLinkage.java:1281)
	at org.eclipse.cdt.internal.core.pdom.dom.cpp.PDOMCPPLinkage.addBinding(PDOMCPPLinkage.java:631)
	at org.eclipse.cdt.internal.core.pdom.dom.PDOMFile.createPDOMName(PDOMFile.java:515)
	at org.eclipse.cdt.internal.core.pdom.dom.PDOMFile.addNames(PDOMFile.java:482)
	at org.eclipse.cdt.internal.core.pdom.WritablePDOM.addFileContent(WritablePDOM.java:154)
	at org.eclipse.cdt.internal.core.index.WritableCIndex.setFileContent(WritableCIndex.java:86)
	at org.eclipse.cdt.internal.core.pdom.PDOMWriter.storeFileInIndex(PDOMWriter.java:668)
	at org.eclipse.cdt.internal.core.pdom.PDOMWriter.storeSymbolsInIndex(PDOMWriter.java:325)
	at org.eclipse.cdt.internal.core.pdom.PDOMWriter.addSymbols(PDOMWriter.java:284)
	at org.eclipse.cdt.internal.core.pdom.AbstractIndexerTask.writeToIndex(AbstractIndexerTask.java:1284)
	at org.eclipse.cdt.internal.core.pdom.AbstractIndexerTask.parseFile(AbstractIndexerTask.java:1096)
	at org.eclipse.cdt.internal.core.pdom.AbstractIndexerTask.parseLinkage(AbstractIndexerTask.java:930)
	at org.eclipse.cdt.internal.core.pdom.AbstractIndexerTask.runTask(AbstractIndexerTask.java:557)
	at org.eclipse.cdt.internal.core.pdom.indexer.PDOMIndexerTask.run(PDOMIndexerTask.java:161)
	at org.eclipse.cdt.internal.core.pdom.indexer.PDOMRebuildTask.run(PDOMRebuildTask.java:90)
	at org.eclipse.cdt.internal.core.pdom.PDOMIndexerJob.run(PDOMIndexerJob.java:155)
	at org.eclipse.core.internal.jobs.Worker.run(Worker.java:56)
</failure>
  </testcase>
  <testcase name="testContextualConversionInAnd_506972" classname="org.eclipse.cdt.core.parser.tests.ast2.cxx14.constexpr.BinaryExpressionTests$NonIndexing" time="0.007"/>
  <testcase name="testBinaryExpressionSequence" classname="org.eclipse.cdt.core.parser.tests.ast2.cxx14.constexpr.BinaryExpressionTests$NonIndexing" time="0.003"/>
  <testcase name="testContextualConversionInOr_506972" classname="org.eclipse.cdt.core.parser.tests.ast2.cxx14.constexpr.BinaryExpressionTests$NonIndexing" time="0.002"/>
  <testcase name="testAssignmentReturnsLValue" classname="org.eclipse.cdt.core.parser.tests.ast2.cxx14.constexpr.BinaryExpressionTests$NonIndexing" time="0.002"/>
  <testcase name="testSimpleBooleanValues" classname="org.eclipse.cdt.core.parser.tests.ast2.cxx14.constexpr.BinaryExpressionTests$NonIndexing" time="0.001"/>
  <testcase name="testContextualConversionInAnd_506972" classname="org.eclipse.cdt.core.parser.tests.ast2.cxx14.constexpr.BinaryExpressionTests$SingleProject" time="0.026"/>
  <testcase name="testBinaryExpressionSequence" classname="org.eclipse.cdt.core.parser.tests.ast2.cxx14.constexpr.BinaryExpressionTests$SingleProject" time="0.037"/>
  <testcase name="testContextualConversionInOr_506972" classname="org.eclipse.cdt.core.parser.tests.ast2.cxx14.constexpr.BinaryExpressionTests$SingleProject" time="0.123"/>
  <testcase name="testAssignmentReturnsLValue" classname="org.eclipse.cdt.core.parser.tests.ast2.cxx14.constexpr.BinaryExpressionTests$SingleProject" time="0.047"/>
  <testcase name="testSimpleBooleanValues" classname="org.eclipse.cdt.core.parser.tests.ast2.cxx14.constexpr.BinaryExpressionTests$SingleProject" time="0.037"/>
  <testcase name="testPrefixDecrSemantics" classname="org.eclipse.cdt.core.parser.tests.ast2.cxx14.constexpr.UnaryExpressionTests$NonIndexing" time="0.075"/>
  <testcase name="testPostfixIncrSemantics" classname="org.eclipse.cdt.core.parser.tests.ast2.cxx14.constexpr.UnaryExpressionTests$NonIndexing" time="0.002"/>
  <testcase name="testPrefixIncrementReturnsLvalue" classname="org.eclipse.cdt.core.parser.tests.ast2.cxx14.constexpr.UnaryExpressionTests$NonIndexing" time="0.004"/>
  <testcase name="testAssignmentWithPrefixDecrSideEffects" classname="org.eclipse.cdt.core.parser.tests.ast2.cxx14.constexpr.UnaryExpressionTests$NonIndexing" time="0.002"/>
  <testcase name="testPostfixDecrSemantics" classname="org.eclipse.cdt.core.parser.tests.ast2.cxx14.constexpr.UnaryExpressionTests$NonIndexing" time="0.001"/>
  <testcase name="testAssignmentWithPostfixIncrSideEffects" classname="org.eclipse.cdt.core.parser.tests.ast2.cxx14.constexpr.UnaryExpressionTests$NonIndexing" time="0.002"/>
  <testcase name="testAssignmentWithPostfixDecrSideEffects" classname="org.eclipse.cdt.core.parser.tests.ast2.cxx14.constexpr.UnaryExpressionTests$NonIndexing" time="0.002"/>
  <testcase name="testSimpleSequence" classname="org.eclipse.cdt.core.parser.tests.ast2.cxx14.constexpr.UnaryExpressionTests$NonIndexing" time="0.001"/>
  <testcase name="testAssignmentWithPrefixIncrSideEffects" classname="org.eclipse.cdt.core.parser.tests.ast2.cxx14.constexpr.UnaryExpressionTests$NonIndexing" time="0.004"/>
  <testcase name="testContextualConversionInNot_506972" classname="org.eclipse.cdt.core.parser.tests.ast2.cxx14.constexpr.UnaryExpressionTests$NonIndexing" time="0.002"/>
  <testcase name="testPrefixIncrSemantics" classname="org.eclipse.cdt.core.parser.tests.ast2.cxx14.constexpr.UnaryExpressionTests$NonIndexing" time="0.002"/>
  <testcase name="testPrefixDecrSemantics" classname="org.eclipse.cdt.core.parser.tests.ast2.cxx14.constexpr.UnaryExpressionTests$SingleProject" time="0.277"/>
  <testcase name="testPostfixIncrSemantics" classname="org.eclipse.cdt.core.parser.tests.ast2.cxx14.constexpr.UnaryExpressionTests$SingleProject" time="0.217"/>
  <testcase name="testPrefixIncrementReturnsLvalue" classname="org.eclipse.cdt.core.parser.tests.ast2.cxx14.constexpr.UnaryExpressionTests$SingleProject" time="0.027"/>
  <testcase name="testAssignmentWithPrefixDecrSideEffects" classname="org.eclipse.cdt.core.parser.tests.ast2.cxx14.constexpr.UnaryExpressionTests$SingleProject" time="0.049"/>
  <testcase name="testPostfixDecrSemantics" classname="org.eclipse.cdt.core.parser.tests.ast2.cxx14.constexpr.UnaryExpressionTests$SingleProject" time="0.026"/>
  <testcase name="testAssignmentWithPostfixIncrSideEffects" classname="org.eclipse.cdt.core.parser.tests.ast2.cxx14.constexpr.UnaryExpressionTests$SingleProject" time="0.023"/>
  <testcase name="testAssignmentWithPostfixDecrSideEffects" classname="org.eclipse.cdt.core.parser.tests.ast2.cxx14.constexpr.UnaryExpressionTests$SingleProject" time="0.023"/>
  <testcase name="testSimpleSequence" classname="org.eclipse.cdt.core.parser.tests.ast2.cxx14.constexpr.UnaryExpressionTests$SingleProject" time="0.027"/>
  <testcase name="testAssignmentWithPrefixIncrSideEffects" classname="org.eclipse.cdt.core.parser.tests.ast2.cxx14.constexpr.UnaryExpressionTests$SingleProject" time="0.036"/>
  <testcase name="testContextualConversionInNot_506972" classname="org.eclipse.cdt.core.parser.tests.ast2.cxx14.constexpr.UnaryExpressionTests$SingleProject" time="0.027"/>
  <testcase name="testPrefixIncrSemantics" classname="org.eclipse.cdt.core.parser.tests.ast2.cxx14.constexpr.UnaryExpressionTests$SingleProject" time="0.026"/>
  <testcase name="testSideEffectsOnNestedReferences" classname="org.eclipse.cdt.core.parser.tests.ast2.cxx14.constexpr.ReferenceTests$NonIndexing" time="0.002"/>
  <testcase name="testAssignmentsOnReferences" classname="org.eclipse.cdt.core.parser.tests.ast2.cxx14.constexpr.ReferenceTests$NonIndexing" time="0.003"/>
  <testcase name="testSideEffectsOnReferences" classname="org.eclipse.cdt.core.parser.tests.ast2.cxx14.constexpr.ReferenceTests$NonIndexing" time="0.002"/>
  <testcase name="testAssignmentOnNestedReferences" classname="org.eclipse.cdt.core.parser.tests.ast2.cxx14.constexpr.ReferenceTests$NonIndexing" time="0.002"/>
  <testcase name="testSideEffectsOnNestedReferences" classname="org.eclipse.cdt.core.parser.tests.ast2.cxx14.constexpr.ReferenceTests$SingleProject" time="0.024"/>
  <testcase name="testAssignmentsOnReferences" classname="org.eclipse.cdt.core.parser.tests.ast2.cxx14.constexpr.ReferenceTests$SingleProject" time="0.021"/>
  <testcase name="testSideEffectsOnReferences" classname="org.eclipse.cdt.core.parser.tests.ast2.cxx14.constexpr.ReferenceTests$SingleProject" time="0.022"/>
  <testcase name="testAssignmentOnNestedReferences" classname="org.eclipse.cdt.core.parser.tests.ast2.cxx14.constexpr.ReferenceTests$SingleProject" time="0.023"/>
  <testcase name="testAliasDeclaration" classname="org.eclipse.cdt.core.parser.tests.ast2.cxx14.constexpr.TypeAliasTests$NonIndexing" time="0.002"/>
  <testcase name="testTypedefDeclaration" classname="org.eclipse.cdt.core.parser.tests.ast2.cxx14.constexpr.TypeAliasTests$NonIndexing" time="0.002"/>
  <testcase name="testAliasDeclaration" classname="org.eclipse.cdt.core.parser.tests.ast2.cxx14.constexpr.TypeAliasTests$SingleProject" time="0.034"/>
  <testcase name="testTypedefDeclaration" classname="org.eclipse.cdt.core.parser.tests.ast2.cxx14.constexpr.TypeAliasTests$SingleProject" time="0.036"/>
  <testcase name="testPointerSubtraction" classname="org.eclipse.cdt.core.parser.tests.ast2.cxx14.constexpr.PointerTests$NonIndexing" time="0.018"/>
  <testcase name="testPointerAssignment" classname="org.eclipse.cdt.core.parser.tests.ast2.cxx14.constexpr.PointerTests$NonIndexing" time="0.003"/>
  <testcase name="testDereferencingOnePastTheEndPointerIsInvalid" classname="org.eclipse.cdt.core.parser.tests.ast2.cxx14.constexpr.PointerTests$NonIndexing" time="0.004"/>
  <testcase name="testPointerDeclarationFromPointer" classname="org.eclipse.cdt.core.parser.tests.ast2.cxx14.constexpr.PointerTests$NonIndexing" time="0.003"/>
  <testcase name="testPointerDelcaredWithNegativePositionStaysInvalid" classname="org.eclipse.cdt.core.parser.tests.ast2.cxx14.constexpr.PointerTests$NonIndexing" time="0.002"/>
  <testcase name="testSubtractionOfPointersToSameArrayShouldYieldDistance" classname="org.eclipse.cdt.core.parser.tests.ast2.cxx14.constexpr.PointerTests$NonIndexing" time="0.002"/>
  <testcase name="testPointer" classname="org.eclipse.cdt.core.parser.tests.ast2.cxx14.constexpr.PointerTests$NonIndexing" time="0.002"/>
  <testcase name="testPointerAddition" classname="org.eclipse.cdt.core.parser.tests.ast2.cxx14.constexpr.PointerTests$NonIndexing" time="0.002"/>
  <testcase name="testPointerDeclaredOnePastTheEndAndThenDecrementedBackInRageAgainIsValid" classname="org.eclipse.cdt.core.parser.tests.ast2.cxx14.constexpr.PointerTests$NonIndexing" time="0.003"/>
  <testcase name="testPointerArithmeticsPostFixDecr" classname="org.eclipse.cdt.core.parser.tests.ast2.cxx14.constexpr.PointerTests$NonIndexing" time="0.002"/>
  <testcase name="testPointerArithmeticsPostFixIncr" classname="org.eclipse.cdt.core.parser.tests.ast2.cxx14.constexpr.PointerTests$NonIndexing" time="0.002"/>
  <testcase name="testPointerAdditionInDeclaration" classname="org.eclipse.cdt.core.parser.tests.ast2.cxx14.constexpr.PointerTests$NonIndexing" time="0.002"/>
  <testcase name="testPointerDeclaredWithNegativePositionIsInvalid" classname="org.eclipse.cdt.core.parser.tests.ast2.cxx14.constexpr.PointerTests$NonIndexing" time="0.002"/>
  <testcase name="testPointerSubtractionInDeclaration" classname="org.eclipse.cdt.core.parser.tests.ast2.cxx14.constexpr.PointerTests$NonIndexing" time="0.002"/>
  <testcase name="testPointerToStructMember" classname="org.eclipse.cdt.core.parser.tests.ast2.cxx14.constexpr.PointerTests$NonIndexing" time="0.002"/>
  <testcase name="testDereferencingOfPointerToInvalidMemoryShouldFail" classname="org.eclipse.cdt.core.parser.tests.ast2.cxx14.constexpr.PointerTests$NonIndexing" time="0.002"/>
  <testcase name="testDereferencingIncrementedOnePastTheEndAndThenDecrementedBackInRageAgainPointerIsValid" classname="org.eclipse.cdt.core.parser.tests.ast2.cxx14.constexpr.PointerTests$NonIndexing" time="0.003"/>
  <testcase name="testPointerDeclaredTwoPastTheEndAndThenDecrementedBackInRageAgainStaysInvalid" classname="org.eclipse.cdt.core.parser.tests.ast2.cxx14.constexpr.PointerTests$NonIndexing" time="0.002"/>
  <testcase name="testPointerThatOnceHasNegativePositionStaysInvalid" classname="org.eclipse.cdt.core.parser.tests.ast2.cxx14.constexpr.PointerTests$NonIndexing" time="0.001"/>
  <testcase name="testDereferencingIncrementedTWOPastTheEndAndThenDecrementedBackInRageAgainPointerIsInvalid" classname="org.eclipse.cdt.core.parser.tests.ast2.cxx14.constexpr.PointerTests$NonIndexing" time="0.002"/>
  <testcase name="testPointerArithmeticInDeclaration" classname="org.eclipse.cdt.core.parser.tests.ast2.cxx14.constexpr.PointerTests$NonIndexing" time="0.002"/>
  <testcase name="testPointerValueAssignment" classname="org.eclipse.cdt.core.parser.tests.ast2.cxx14.constexpr.PointerTests$NonIndexing" time="0.002"/>
  <testcase name="testPointersHaveSeparatePositions" classname="org.eclipse.cdt.core.parser.tests.ast2.cxx14.constexpr.PointerTests$NonIndexing" time="0.002"/>
  <testcase name="testPointerWithNegativePositionIsInvalid" classname="org.eclipse.cdt.core.parser.tests.ast2.cxx14.constexpr.PointerTests$NonIndexing" time="0.004"/>
  <testcase name="testPointerDeclaredOnePastTheEndIsInvalid" classname="org.eclipse.cdt.core.parser.tests.ast2.cxx14.constexpr.PointerTests$NonIndexing" time="0.002"/>
  <testcase name="testPointerAdditionAndAssignment" classname="org.eclipse.cdt.core.parser.tests.ast2.cxx14.constexpr.PointerTests$NonIndexing" time="0.002"/>
  <testcase name="testPointerSubtractionAndAssignment" classname="org.eclipse.cdt.core.parser.tests.ast2.cxx14.constexpr.PointerTests$NonIndexing" time="0.002"/>
  <testcase name="testPointerSubtraction" classname="org.eclipse.cdt.core.parser.tests.ast2.cxx14.constexpr.PointerTests$SingleProject" time="0.031"/>
  <testcase name="testPointerAssignment" classname="org.eclipse.cdt.core.parser.tests.ast2.cxx14.constexpr.PointerTests$SingleProject" time="0.03"/>
  <testcase name="testDereferencingOnePastTheEndPointerIsInvalid" classname="org.eclipse.cdt.core.parser.tests.ast2.cxx14.constexpr.PointerTests$SingleProject" time="0.03"/>
  <testcase name="testPointerDeclarationFromPointer" classname="org.eclipse.cdt.core.parser.tests.ast2.cxx14.constexpr.PointerTests$SingleProject" time="0.033"/>
  <testcase name="testPointerDelcaredWithNegativePositionStaysInvalid" classname="org.eclipse.cdt.core.parser.tests.ast2.cxx14.constexpr.PointerTests$SingleProject" time="0.029"/>
  <testcase name="testSubtractionOfPointersToSameArrayShouldYieldDistance" classname="org.eclipse.cdt.core.parser.tests.ast2.cxx14.constexpr.PointerTests$SingleProject" time="0.031"/>
  <testcase name="testPointer" classname="org.eclipse.cdt.core.parser.tests.ast2.cxx14.constexpr.PointerTests$SingleProject" time="0.024"/>
  <testcase name="testPointerAddition" classname="org.eclipse.cdt.core.parser.tests.ast2.cxx14.constexpr.PointerTests$SingleProject" time="0.028"/>
  <testcase name="testPointerDeclaredOnePastTheEndAndThenDecrementedBackInRageAgainIsValid" classname="org.eclipse.cdt.core.parser.tests.ast2.cxx14.constexpr.PointerTests$SingleProject" time="0.044"/>
  <testcase name="testPointerArithmeticsPostFixDecr" classname="org.eclipse.cdt.core.parser.tests.ast2.cxx14.constexpr.PointerTests$SingleProject" time="0.032"/>
  <testcase name="testPointerArithmeticsPostFixIncr" classname="org.eclipse.cdt.core.parser.tests.ast2.cxx14.constexpr.PointerTests$SingleProject" time="0.03"/>
  <testcase name="testPointerAdditionInDeclaration" classname="org.eclipse.cdt.core.parser.tests.ast2.cxx14.constexpr.PointerTests$SingleProject" time="0.027"/>
  <testcase name="testPointerDeclaredWithNegativePositionIsInvalid" classname="org.eclipse.cdt.core.parser.tests.ast2.cxx14.constexpr.PointerTests$SingleProject" time="0.021"/>
  <testcase name="testPointerSubtractionInDeclaration" classname="org.eclipse.cdt.core.parser.tests.ast2.cxx14.constexpr.PointerTests$SingleProject" time="0.027"/>
  <testcase name="testPointerToStructMember" classname="org.eclipse.cdt.core.parser.tests.ast2.cxx14.constexpr.PointerTests$SingleProject" time="0.031"/>
  <testcase name="testDereferencingOfPointerToInvalidMemoryShouldFail" classname="org.eclipse.cdt.core.parser.tests.ast2.cxx14.constexpr.PointerTests$SingleProject" time="0.039"/>
  <testcase name="testDereferencingIncrementedOnePastTheEndAndThenDecrementedBackInRageAgainPointerIsValid" classname="org.eclipse.cdt.core.parser.tests.ast2.cxx14.constexpr.PointerTests$SingleProject" time="0.021"/>
  <testcase name="testPointerDeclaredTwoPastTheEndAndThenDecrementedBackInRageAgainStaysInvalid" classname="org.eclipse.cdt.core.parser.tests.ast2.cxx14.constexpr.PointerTests$SingleProject" time="0.03"/>
  <testcase name="testPointerThatOnceHasNegativePositionStaysInvalid" classname="org.eclipse.cdt.core.parser.tests.ast2.cxx14.constexpr.PointerTests$SingleProject" time="0.059"/>
  <testcase name="testDereferencingIncrementedTWOPastTheEndAndThenDecrementedBackInRageAgainPointerIsInvalid" classname="org.eclipse.cdt.core.parser.tests.ast2.cxx14.constexpr.PointerTests$SingleProject" time="0.028"/>
  <testcase name="testPointerArithmeticInDeclaration" classname="org.eclipse.cdt.core.parser.tests.ast2.cxx14.constexpr.PointerTests$SingleProject" time="0.036"/>
  <testcase name="testPointerValueAssignment" classname="org.eclipse.cdt.core.parser.tests.ast2.cxx14.constexpr.PointerTests$SingleProject" time="0.031"/>
  <testcase name="testPointersHaveSeparatePositions" classname="org.eclipse.cdt.core.parser.tests.ast2.cxx14.constexpr.PointerTests$SingleProject" time="0.033"/>
  <testcase name="testPointerWithNegativePositionIsInvalid" classname="org.eclipse.cdt.core.parser.tests.ast2.cxx14.constexpr.PointerTests$SingleProject" time="0.032"/>
  <testcase name="testPointerDeclaredOnePastTheEndIsInvalid" classname="org.eclipse.cdt.core.parser.tests.ast2.cxx14.constexpr.PointerTests$SingleProject" time="0.03"/>
  <testcase name="testPointerAdditionAndAssignment" classname="org.eclipse.cdt.core.parser.tests.ast2.cxx14.constexpr.PointerTests$SingleProject" time="0.058"/>
  <testcase name="testPointerSubtractionAndAssignment" classname="org.eclipse.cdt.core.parser.tests.ast2.cxx14.constexpr.PointerTests$SingleProject" time="0.043"/>
  <testcase name="testIgnoresRawLiteralOperatorTemplateForUserDefinedStringLiterals" classname="org.eclipse.cdt.core.parser.tests.ast2.cxx14.constexpr.UserDefinedLiteralTests$NonIndexing" time="0.039"/>
  <testcase name="testUserDefinedCharacterLiteral" classname="org.eclipse.cdt.core.parser.tests.ast2.cxx14.constexpr.UserDefinedLiteralTests$NonIndexing" time="0.002"/>
  <testcase name="testIgnoresRawLiteralOperatorForUserDefinedStringLiterals" classname="org.eclipse.cdt.core.parser.tests.ast2.cxx14.constexpr.UserDefinedLiteralTests$NonIndexing" time="0.002"/>
  <testcase name="testFallsBackToRawLiteralOperatorTemplateIfParameterTypeDoesntMatchUnsignedLongLong" classname="org.eclipse.cdt.core.parser.tests.ast2.cxx14.constexpr.UserDefinedLiteralTests$NonIndexing" time="0.003"/>
  <testcase name="testUserDefinedFloatingPointLiteral" classname="org.eclipse.cdt.core.parser.tests.ast2.cxx14.constexpr.UserDefinedLiteralTests$NonIndexing" time="0.002"/>
  <testcase name="testChoosesCookedLiteralOverRawLiteralTemplateIfAvailable" classname="org.eclipse.cdt.core.parser.tests.ast2.cxx14.constexpr.UserDefinedLiteralTests$NonIndexing" time="0.002"/>
  <testcase name="testUserDefinedStringLiteral" classname="org.eclipse.cdt.core.parser.tests.ast2.cxx14.constexpr.UserDefinedLiteralTests$NonIndexing" time="0.004"/>
  <testcase name="testFallsBackToRawLiteralOperatorTemplateIfParameterTypeDoesntMatchLongDouble" classname="org.eclipse.cdt.core.parser.tests.ast2.cxx14.constexpr.UserDefinedLiteralTests$NonIndexing" time="0.002"/>
  <testcase name="testFallsBackToRawLiteralOperatorIfParameterTypeDoesntMatchUnsignedLongLong" classname="org.eclipse.cdt.core.parser.tests.ast2.cxx14.constexpr.UserDefinedLiteralTests$NonIndexing" time="0.002"/>
  <testcase name="testUserDefinedIntegerLiteral" classname="org.eclipse.cdt.core.parser.tests.ast2.cxx14.constexpr.UserDefinedLiteralTests$NonIndexing" time="0.002"/>
  <testcase name="testRawLiteralOperatorTemplate" classname="org.eclipse.cdt.core.parser.tests.ast2.cxx14.constexpr.UserDefinedLiteralTests$NonIndexing" time="0.002"/>
  <testcase name="testFallbackToRawLiteralOperator" classname="org.eclipse.cdt.core.parser.tests.ast2.cxx14.constexpr.UserDefinedLiteralTests$NonIndexing" time="0.003"/>
  <testcase name="testChoosesCookedLiteralOverRawLiteralOperatorIfAvailable" classname="org.eclipse.cdt.core.parser.tests.ast2.cxx14.constexpr.UserDefinedLiteralTests$NonIndexing" time="0.002"/>
  <testcase name="testFallsBackToRawLiteralOperatorIfParameterTypeDoesntMatchLongDouble" classname="org.eclipse.cdt.core.parser.tests.ast2.cxx14.constexpr.UserDefinedLiteralTests$NonIndexing" time="0.002"/>
  <testcase name="testIgnoresRawLiteralOperatorTemplateForUserDefinedStringLiterals" classname="org.eclipse.cdt.core.parser.tests.ast2.cxx14.constexpr.UserDefinedLiteralTests$SingleProject" time="0.029"/>
  <testcase name="testUserDefinedCharacterLiteral" classname="org.eclipse.cdt.core.parser.tests.ast2.cxx14.constexpr.UserDefinedLiteralTests$SingleProject" time="0.031"/>
  <testcase name="testIgnoresRawLiteralOperatorForUserDefinedStringLiterals" classname="org.eclipse.cdt.core.parser.tests.ast2.cxx14.constexpr.UserDefinedLiteralTests$SingleProject" time="0.03"/>
  <testcase name="testFallsBackToRawLiteralOperatorTemplateIfParameterTypeDoesntMatchUnsignedLongLong" classname="org.eclipse.cdt.core.parser.tests.ast2.cxx14.constexpr.UserDefinedLiteralTests$SingleProject" time="0.032"/>
  <testcase name="testUserDefinedFloatingPointLiteral" classname="org.eclipse.cdt.core.parser.tests.ast2.cxx14.constexpr.UserDefinedLiteralTests$SingleProject" time="0.031"/>
  <testcase name="testChoosesCookedLiteralOverRawLiteralTemplateIfAvailable" classname="org.eclipse.cdt.core.parser.tests.ast2.cxx14.constexpr.UserDefinedLiteralTests$SingleProject" time="0.028"/>
  <testcase name="testUserDefinedStringLiteral" classname="org.eclipse.cdt.core.parser.tests.ast2.cxx14.constexpr.UserDefinedLiteralTests$SingleProject" time="0.033"/>
  <testcase name="testFallsBackToRawLiteralOperatorTemplateIfParameterTypeDoesntMatchLongDouble" classname="org.eclipse.cdt.core.parser.tests.ast2.cxx14.constexpr.UserDefinedLiteralTests$SingleProject" time="0.037"/>
  <testcase name="testFallsBackToRawLiteralOperatorIfParameterTypeDoesntMatchUnsignedLongLong" classname="org.eclipse.cdt.core.parser.tests.ast2.cxx14.constexpr.UserDefinedLiteralTests$SingleProject" time="0.034"/>
  <testcase name="testUserDefinedIntegerLiteral" classname="org.eclipse.cdt.core.parser.tests.ast2.cxx14.constexpr.UserDefinedLiteralTests$SingleProject" time="0.053"/>
  <testcase name="testRawLiteralOperatorTemplate" classname="org.eclipse.cdt.core.parser.tests.ast2.cxx14.constexpr.UserDefinedLiteralTests$SingleProject" time="0.044"/>
  <testcase name="testFallbackToRawLiteralOperator" classname="org.eclipse.cdt.core.parser.tests.ast2.cxx14.constexpr.UserDefinedLiteralTests$SingleProject" time="1.063"/>
  <testcase name="testChoosesCookedLiteralOverRawLiteralOperatorIfAvailable" classname="org.eclipse.cdt.core.parser.tests.ast2.cxx14.constexpr.UserDefinedLiteralTests$SingleProject" time="0.035"/>
  <testcase name="testFallsBackToRawLiteralOperatorIfParameterTypeDoesntMatchLongDouble" classname="org.eclipse.cdt.core.parser.tests.ast2.cxx14.constexpr.UserDefinedLiteralTests$SingleProject" time="0.028"/>
  <testcase name="testShortValueInitialization" classname="org.eclipse.cdt.core.parser.tests.ast2.cxx14.constexpr.IntegralValueTests$NonIndexing" time="0.063"/>
  <testcase name="testBooleanDefaulValue" classname="org.eclipse.cdt.core.parser.tests.ast2.cxx14.constexpr.IntegralValueTests$NonIndexing" time="0.001"/>
  <testcase name="testLongValueInitialization" classname="org.eclipse.cdt.core.parser.tests.ast2.cxx14.constexpr.IntegralValueTests$NonIndexing" time="0.001"/>
  <testcase name="testCharValueInitialization" classname="org.eclipse.cdt.core.parser.tests.ast2.cxx14.constexpr.IntegralValueTests$NonIndexing" time="0.002"/>
  <testcase name="testDeclarationWithMultipleDeclarators" classname="org.eclipse.cdt.core.parser.tests.ast2.cxx14.constexpr.IntegralValueTests$NonIndexing" time="0.001"/>
  <testcase name="testSimpleTypeConstructorExpression1" classname="org.eclipse.cdt.core.parser.tests.ast2.cxx14.constexpr.IntegralValueTests$NonIndexing" time="0.002"/>
  <testcase name="testHexLiteral" classname="org.eclipse.cdt.core.parser.tests.ast2.cxx14.constexpr.IntegralValueTests$NonIndexing" time="0.001"/>
  <testcase name="testLongDefaultValue" classname="org.eclipse.cdt.core.parser.tests.ast2.cxx14.constexpr.IntegralValueTests$NonIndexing" time="0"/>
  <testcase name="testUseOfUninitializedVariableIsError" classname="org.eclipse.cdt.core.parser.tests.ast2.cxx14.constexpr.IntegralValueTests$NonIndexing" time="0.002"/>
  <testcase name="testIntDefaultValue" classname="org.eclipse.cdt.core.parser.tests.ast2.cxx14.constexpr.IntegralValueTests$NonIndexing" time="0.001"/>
  <testcase name="testShortDefaultValue" classname="org.eclipse.cdt.core.parser.tests.ast2.cxx14.constexpr.IntegralValueTests$NonIndexing" time="0.001"/>
  <testcase name="testDeclarationWithDefaultInitializationInSequence" classname="org.eclipse.cdt.core.parser.tests.ast2.cxx14.constexpr.IntegralValueTests$NonIndexing" time="0.001"/>
  <testcase name="testAccessGlobalVariableFromGlobalConstexpr" classname="org.eclipse.cdt.core.parser.tests.ast2.cxx14.constexpr.IntegralValueTests$NonIndexing" time="0.001"/>
  <testcase name="testIntValueInitialization" classname="org.eclipse.cdt.core.parser.tests.ast2.cxx14.constexpr.IntegralValueTests$NonIndexing" time="0.001"/>
  <testcase name="testDirectInitializationOnFundamentalTypes" classname="org.eclipse.cdt.core.parser.tests.ast2.cxx14.constexpr.IntegralValueTests$NonIndexing" time="0.002"/>
  <testcase name="testCopyInitialization" classname="org.eclipse.cdt.core.parser.tests.ast2.cxx14.constexpr.IntegralValueTests$NonIndexing" time="0.001"/>
  <testcase name="testAccessGlobalVariableFromConstexprFunction" classname="org.eclipse.cdt.core.parser.tests.ast2.cxx14.constexpr.IntegralValueTests$NonIndexing" time="0.002"/>
  <testcase name="testDeclarationWithEqualsInitializerInSequence" classname="org.eclipse.cdt.core.parser.tests.ast2.cxx14.constexpr.IntegralValueTests$NonIndexing" time="0.001"/>
  <testcase name="testMultipleDeclaratorsInOneDeclaration" classname="org.eclipse.cdt.core.parser.tests.ast2.cxx14.constexpr.IntegralValueTests$NonIndexing" time="0.001"/>
  <testcase name="testCharDefaultValue" classname="org.eclipse.cdt.core.parser.tests.ast2.cxx14.constexpr.IntegralValueTests$NonIndexing" time="0"/>
  <testcase name="testSimpleTypeConstructionInitializerList" classname="org.eclipse.cdt.core.parser.tests.ast2.cxx14.constexpr.IntegralValueTests$NonIndexing" time="0.002"/>
  <testcase name="testBoolValueInitialization" classname="org.eclipse.cdt.core.parser.tests.ast2.cxx14.constexpr.IntegralValueTests$NonIndexing" time="0.001"/>
  <testcase name="testSimpleTypeConstructionConstructorInitializer" classname="org.eclipse.cdt.core.parser.tests.ast2.cxx14.constexpr.IntegralValueTests$NonIndexing" time="0.001"/>
  <testcase name="testSimpleTypeConstructionEqualsInitializer1" classname="org.eclipse.cdt.core.parser.tests.ast2.cxx14.constexpr.IntegralValueTests$NonIndexing" time="0.002"/>
  <testcase name="testSimpleTypeConstructionEqualsInitializer2" classname="org.eclipse.cdt.core.parser.tests.ast2.cxx14.constexpr.IntegralValueTests$NonIndexing" time="0.001"/>
  <testcase name="testSideEffects2" classname="org.eclipse.cdt.core.parser.tests.ast2.cxx14.constexpr.IntegralValueTests$NonIndexing" time="0.002"/>
  <testcase name="testShortValueInitialization" classname="org.eclipse.cdt.core.parser.tests.ast2.cxx14.constexpr.IntegralValueTests$SingleProject" time="0.029"/>
  <testcase name="testBooleanDefaulValue" classname="org.eclipse.cdt.core.parser.tests.ast2.cxx14.constexpr.IntegralValueTests$SingleProject" time="0.022"/>
  <testcase name="testLongValueInitialization" classname="org.eclipse.cdt.core.parser.tests.ast2.cxx14.constexpr.IntegralValueTests$SingleProject" time="0.035"/>
  <testcase name="testCharValueInitialization" classname="org.eclipse.cdt.core.parser.tests.ast2.cxx14.constexpr.IntegralValueTests$SingleProject" time="0.023"/>
  <testcase name="testDeclarationWithMultipleDeclarators" classname="org.eclipse.cdt.core.parser.tests.ast2.cxx14.constexpr.IntegralValueTests$SingleProject" time="0.026"/>
  <testcase name="testSimpleTypeConstructorExpression1" classname="org.eclipse.cdt.core.parser.tests.ast2.cxx14.constexpr.IntegralValueTests$SingleProject" time="0.022"/>
  <testcase name="testHexLiteral" classname="org.eclipse.cdt.core.parser.tests.ast2.cxx14.constexpr.IntegralValueTests$SingleProject" time="0.019"/>
  <testcase name="testLongDefaultValue" classname="org.eclipse.cdt.core.parser.tests.ast2.cxx14.constexpr.IntegralValueTests$SingleProject" time="0.021"/>
  <testcase name="testUseOfUninitializedVariableIsError" classname="org.eclipse.cdt.core.parser.tests.ast2.cxx14.constexpr.IntegralValueTests$SingleProject" time="0.021"/>
  <testcase name="testIntDefaultValue" classname="org.eclipse.cdt.core.parser.tests.ast2.cxx14.constexpr.IntegralValueTests$SingleProject" time="0.094"/>
  <testcase name="testShortDefaultValue" classname="org.eclipse.cdt.core.parser.tests.ast2.cxx14.constexpr.IntegralValueTests$SingleProject" time="0.039"/>
  <testcase name="testDeclarationWithDefaultInitializationInSequence" classname="org.eclipse.cdt.core.parser.tests.ast2.cxx14.constexpr.IntegralValueTests$SingleProject" time="0.036"/>
  <testcase name="testAccessGlobalVariableFromGlobalConstexpr" classname="org.eclipse.cdt.core.parser.tests.ast2.cxx14.constexpr.IntegralValueTests$SingleProject" time="0.031"/>
  <testcase name="testIntValueInitialization" classname="org.eclipse.cdt.core.parser.tests.ast2.cxx14.constexpr.IntegralValueTests$SingleProject" time="0.029"/>
  <testcase name="testDirectInitializationOnFundamentalTypes" classname="org.eclipse.cdt.core.parser.tests.ast2.cxx14.constexpr.IntegralValueTests$SingleProject" time="0.028"/>
  <testcase name="testCopyInitialization" classname="org.eclipse.cdt.core.parser.tests.ast2.cxx14.constexpr.IntegralValueTests$SingleProject" time="0.024"/>
  <testcase name="testAccessGlobalVariableFromConstexprFunction" classname="org.eclipse.cdt.core.parser.tests.ast2.cxx14.constexpr.IntegralValueTests$SingleProject" time="0.027"/>
  <testcase name="testDeclarationWithEqualsInitializerInSequence" classname="org.eclipse.cdt.core.parser.tests.ast2.cxx14.constexpr.IntegralValueTests$SingleProject" time="0.034"/>
  <testcase name="testMultipleDeclaratorsInOneDeclaration" classname="org.eclipse.cdt.core.parser.tests.ast2.cxx14.constexpr.IntegralValueTests$SingleProject" time="0.027"/>
  <testcase name="testCharDefaultValue" classname="org.eclipse.cdt.core.parser.tests.ast2.cxx14.constexpr.IntegralValueTests$SingleProject" time="0.023"/>
  <testcase name="testSimpleTypeConstructionInitializerList" classname="org.eclipse.cdt.core.parser.tests.ast2.cxx14.constexpr.IntegralValueTests$SingleProject" time="0.031"/>
  <testcase name="testBoolValueInitialization" classname="org.eclipse.cdt.core.parser.tests.ast2.cxx14.constexpr.IntegralValueTests$SingleProject" time="0.054"/>
  <testcase name="testSimpleTypeConstructionConstructorInitializer" classname="org.eclipse.cdt.core.parser.tests.ast2.cxx14.constexpr.IntegralValueTests$SingleProject" time="0.026"/>
  <testcase name="testSimpleTypeConstructionEqualsInitializer1" classname="org.eclipse.cdt.core.parser.tests.ast2.cxx14.constexpr.IntegralValueTests$SingleProject" time="0.022"/>
  <testcase name="testSimpleTypeConstructionEqualsInitializer2" classname="org.eclipse.cdt.core.parser.tests.ast2.cxx14.constexpr.IntegralValueTests$SingleProject" time="0.024"/>
  <testcase name="testSideEffects2" classname="org.eclipse.cdt.core.parser.tests.ast2.cxx14.constexpr.IntegralValueTests$SingleProject" time="0.037"/>
  <testcase name="testFloatLiteral" classname="org.eclipse.cdt.core.parser.tests.ast2.cxx14.constexpr.FloatingPointValueTests$NonIndexing" time="0.181"/>
  <testcase name="testDoubleLiteralWithScientificNotation" classname="org.eclipse.cdt.core.parser.tests.ast2.cxx14.constexpr.FloatingPointValueTests$NonIndexing" time="0.001"/>
  <testcase name="testFloatLiteralWithScientificNotation" classname="org.eclipse.cdt.core.parser.tests.ast2.cxx14.constexpr.FloatingPointValueTests$NonIndexing" time="0.001"/>
  <testcase name="testLongDoubleLiteral" classname="org.eclipse.cdt.core.parser.tests.ast2.cxx14.constexpr.FloatingPointValueTests$NonIndexing" time="0"/>
  <testcase name="testBinaryOperationsWithFloatingPointNumbers" classname="org.eclipse.cdt.core.parser.tests.ast2.cxx14.constexpr.FloatingPointValueTests$NonIndexing" time="0.002"/>
  <testcase name="testFloatValueInitialization" classname="org.eclipse.cdt.core.parser.tests.ast2.cxx14.constexpr.FloatingPointValueTests$NonIndexing" time="0.001"/>
  <testcase name="testDoubleDefaultValue" classname="org.eclipse.cdt.core.parser.tests.ast2.cxx14.constexpr.FloatingPointValueTests$NonIndexing" time="0.001"/>
  <testcase name="testDoubleValueInitialization" classname="org.eclipse.cdt.core.parser.tests.ast2.cxx14.constexpr.FloatingPointValueTests$NonIndexing" time="0.002"/>
  <testcase name="testFloatDefaultValue" classname="org.eclipse.cdt.core.parser.tests.ast2.cxx14.constexpr.FloatingPointValueTests$NonIndexing" time="0"/>
  <testcase name="testComparisonBetweenFloatingPointValueAndIntegralValue1" classname="org.eclipse.cdt.core.parser.tests.ast2.cxx14.constexpr.FloatingPointValueTests$NonIndexing" time="0.002"/>
  <testcase name="testComparisonBetweenFloatingPointValueAndIntegralValue2" classname="org.eclipse.cdt.core.parser.tests.ast2.cxx14.constexpr.FloatingPointValueTests$NonIndexing" time="0.001"/>
  <testcase name="testDoubleLiteral" classname="org.eclipse.cdt.core.parser.tests.ast2.cxx14.constexpr.FloatingPointValueTests$NonIndexing" time="0.001"/>
  <testcase name="testFloatLiteral" classname="org.eclipse.cdt.core.parser.tests.ast2.cxx14.constexpr.FloatingPointValueTests$SingleProject" time="0.019"/>
  <testcase name="testDoubleLiteralWithScientificNotation" classname="org.eclipse.cdt.core.parser.tests.ast2.cxx14.constexpr.FloatingPointValueTests$SingleProject" time="0.035"/>
  <testcase name="testFloatLiteralWithScientificNotation" classname="org.eclipse.cdt.core.parser.tests.ast2.cxx14.constexpr.FloatingPointValueTests$SingleProject" time="0.025"/>
  <testcase name="testLongDoubleLiteral" classname="org.eclipse.cdt.core.parser.tests.ast2.cxx14.constexpr.FloatingPointValueTests$SingleProject" time="0.023"/>
  <testcase name="testBinaryOperationsWithFloatingPointNumbers" classname="org.eclipse.cdt.core.parser.tests.ast2.cxx14.constexpr.FloatingPointValueTests$SingleProject" time="0.027"/>
  <testcase name="testFloatValueInitialization" classname="org.eclipse.cdt.core.parser.tests.ast2.cxx14.constexpr.FloatingPointValueTests$SingleProject" time="0.056"/>
  <testcase name="testDoubleDefaultValue" classname="org.eclipse.cdt.core.parser.tests.ast2.cxx14.constexpr.FloatingPointValueTests$SingleProject" time="0.033"/>
  <testcase name="testDoubleValueInitialization" classname="org.eclipse.cdt.core.parser.tests.ast2.cxx14.constexpr.FloatingPointValueTests$SingleProject" time="0.038"/>
  <testcase name="testFloatDefaultValue" classname="org.eclipse.cdt.core.parser.tests.ast2.cxx14.constexpr.FloatingPointValueTests$SingleProject" time="0.03"/>
  <testcase name="testComparisonBetweenFloatingPointValueAndIntegralValue1" classname="org.eclipse.cdt.core.parser.tests.ast2.cxx14.constexpr.FloatingPointValueTests$SingleProject" time="0.033"/>
  <testcase name="testComparisonBetweenFloatingPointValueAndIntegralValue2" classname="org.eclipse.cdt.core.parser.tests.ast2.cxx14.constexpr.FloatingPointValueTests$SingleProject" time="0.036"/>
  <testcase name="testDoubleLiteral" classname="org.eclipse.cdt.core.parser.tests.ast2.cxx14.constexpr.FloatingPointValueTests$SingleProject" time="0.031"/>
  <testcase name="test16bitUnicodeEscapeSequence" classname="org.eclipse.cdt.core.parser.tests.ast2.cxx14.constexpr.CStringValueTests$NonIndexing" time="0.035"/>
  <testcase name="testUPrefix" classname="org.eclipse.cdt.core.parser.tests.ast2.cxx14.constexpr.CStringValueTests$NonIndexing" time="0.001"/>
  <testcase name="testRawStringLiteralWithDelimiter" classname="org.eclipse.cdt.core.parser.tests.ast2.cxx14.constexpr.CStringValueTests$NonIndexing" time="0.001"/>
  <testcase name="testu8Prefix" classname="org.eclipse.cdt.core.parser.tests.ast2.cxx14.constexpr.CStringValueTests$NonIndexing" time="0.001"/>
  <testcase name="testLPrefix" classname="org.eclipse.cdt.core.parser.tests.ast2.cxx14.constexpr.CStringValueTests$NonIndexing" time="0"/>
  <testcase name="testStringAssignment" classname="org.eclipse.cdt.core.parser.tests.ast2.cxx14.constexpr.CStringValueTests$NonIndexing" time="0.002"/>
  <testcase name="testCStringParam" classname="org.eclipse.cdt.core.parser.tests.ast2.cxx14.constexpr.CStringValueTests$NonIndexing" time="0.004"/>
  <testcase name="testuPrefix" classname="org.eclipse.cdt.core.parser.tests.ast2.cxx14.constexpr.CStringValueTests$NonIndexing" time="0.001"/>
  <testcase name="testCStringLiteralConcatenation" classname="org.eclipse.cdt.core.parser.tests.ast2.cxx14.constexpr.CStringValueTests$NonIndexing" time="0.001"/>
  <testcase name="testWithoutPrefix" classname="org.eclipse.cdt.core.parser.tests.ast2.cxx14.constexpr.CStringValueTests$NonIndexing" time="0"/>
  <testcase name="testRawStringLiteral" classname="org.eclipse.cdt.core.parser.tests.ast2.cxx14.constexpr.CStringValueTests$NonIndexing" time="0.001"/>
  <testcase name="test16bitUnicodeEscapeSequence" classname="org.eclipse.cdt.core.parser.tests.ast2.cxx14.constexpr.CStringValueTests$SingleProject" time="0.035"/>
  <testcase name="testUPrefix" classname="org.eclipse.cdt.core.parser.tests.ast2.cxx14.constexpr.CStringValueTests$SingleProject" time="0.03"/>
  <testcase name="testRawStringLiteralWithDelimiter" classname="org.eclipse.cdt.core.parser.tests.ast2.cxx14.constexpr.CStringValueTests$SingleProject" time="0.031"/>
  <testcase name="testu8Prefix" classname="org.eclipse.cdt.core.parser.tests.ast2.cxx14.constexpr.CStringValueTests$SingleProject" time="0.03"/>
  <testcase name="testLPrefix" classname="org.eclipse.cdt.core.parser.tests.ast2.cxx14.constexpr.CStringValueTests$SingleProject" time="0.03"/>
  <testcase name="testStringAssignment" classname="org.eclipse.cdt.core.parser.tests.ast2.cxx14.constexpr.CStringValueTests$SingleProject" time="0.034"/>
  <testcase name="testCStringParam" classname="org.eclipse.cdt.core.parser.tests.ast2.cxx14.constexpr.CStringValueTests$SingleProject" time="0.054"/>
  <testcase name="testuPrefix" classname="org.eclipse.cdt.core.parser.tests.ast2.cxx14.constexpr.CStringValueTests$SingleProject" time="0.038"/>
  <testcase name="testCStringLiteralConcatenation" classname="org.eclipse.cdt.core.parser.tests.ast2.cxx14.constexpr.CStringValueTests$SingleProject" time="0.028"/>
  <testcase name="testWithoutPrefix" classname="org.eclipse.cdt.core.parser.tests.ast2.cxx14.constexpr.CStringValueTests$SingleProject" time="0.081"/>
  <testcase name="testRawStringLiteral" classname="org.eclipse.cdt.core.parser.tests.ast2.cxx14.constexpr.CStringValueTests$SingleProject" time="0.071"/>
  <testcase name="testRemoveDuplicates" classname="org.eclipse.cdt.core.parser.tests.ArrayUtilTest" time="0"/>
  <testcase name="testTrim" classname="org.eclipse.cdt.core.parser.tests.ArrayUtilTest" time="0"/>
  <testcase name="testRemoveNulls" classname="org.eclipse.cdt.core.parser.tests.ArrayUtilTest" time="0"/>
  <testcase name="testPrepend" classname="org.eclipse.cdt.core.parser.tests.ArrayUtilTest" time="0"/>
  <testcase name="testAddAll" classname="org.eclipse.cdt.core.parser.tests.ArrayUtilTest" time="0"/>
  <testcase name="testAppend" classname="org.eclipse.cdt.core.parser.tests.ArrayUtilTest" time="0"/>
  <testcase name="testRemove" classname="org.eclipse.cdt.core.parser.tests.ArrayUtilTest" time="0"/>
  <testcase name="testTrim" classname="org.eclipse.cdt.core.parser.tests.CharArrayUtilsTest" time="0"/>
  <testcase name="testLastIndexOf" classname="org.eclipse.cdt.core.parser.tests.CharArrayUtilsTest" time="0"/>
  <testcase name="testEquals_Bug289852" classname="org.eclipse.cdt.core.parser.tests.CharArrayUtilsTest" time="0.001"/>
  <testcase name="testSeparator" classname="org.eclipse.cdt.core.parser.tests.SegmentMatcherTest" time="0.001"/>
  <testcase name="testGetPrefixForBinarySearch" classname="org.eclipse.cdt.core.parser.tests.SegmentMatcherTest" time="0.001"/>
  <testcase name="testPrefixChars" classname="org.eclipse.cdt.core.parser.tests.SegmentMatcherTest" time="0"/>
  <testcase name="testAbbreviations" classname="org.eclipse.cdt.core.parser.tests.SegmentMatcherTest" time="0"/>
  <testcase name="testSingleSegment" classname="org.eclipse.cdt.core.parser.tests.SegmentMatcherTest" time="0"/>
  <testcase name="testSimple" classname="org.eclipse.cdt.core.parser.tests.SegmentMatcherTest" time="0.001"/>
  <testcase name="testSuffix" classname="org.eclipse.cdt.core.parser.tests.SegmentMatcherTest" time="0"/>
  <testcase name="testNumeric" classname="org.eclipse.cdt.core.parser.tests.SegmentMatcherTest" time="0"/>
  <testcase name="testConfiguration" classname="org.eclipse.cdt.core.parser.tests.ContentAssistMatcherFactoryTest" time="0.032"/>
  <testcase name="testCamelCaseMatcher" classname="org.eclipse.cdt.core.parser.tests.ContentAssistMatcherFactoryTest" time="0"/>
  <testcase name="testPrefixMatcher" classname="org.eclipse.cdt.core.parser.tests.ContentAssistMatcherFactoryTest" time="0"/>
  <testcase name="testCModelElements" classname="org.eclipse.cdt.core.model.tests.CModelElementsTests" time="0.202"/>
  <testcase name="testCModelElements" classname="org.eclipse.cdt.core.model.tests.StructuralCModelElementsTests" time="0.064"/>
  <testcase name="testDuplicates" classname="org.eclipse.cdt.core.parser.tests.CharArrayObjectMapTest" time="0"/>
  <testcase name="testCollisionRatio" classname="org.eclipse.cdt.core.parser.tests.CharArrayObjectMapTest" time="0.651"/>
  <testcase name="testMapAdd" classname="org.eclipse.cdt.core.parser.tests.CharArrayObjectMapTest" time="0.001"/>
  <testcase name="testSimpleAdd" classname="org.eclipse.cdt.core.parser.tests.ObjectMapTest" time="0"/>
  <testcase name="testReAdd" classname="org.eclipse.cdt.core.parser.tests.ObjectMapTest" time="0"/>
  <testcase name="testSimpleCollision" classname="org.eclipse.cdt.core.parser.tests.ObjectMapTest" time="0.024"/>
  <testcase name="testResize" classname="org.eclipse.cdt.core.parser.tests.ObjectMapTest" time="0"/>
  <testcase name="testCollisionResize" classname="org.eclipse.cdt.core.parser.tests.ObjectMapTest" time="0"/>
  <testcase name="testConversionOperators" classname="org.eclipse.cdt.core.parser.tests.ast2.SemanticsTests" time="0.062"/>
  <testcase name="testStringLiteral" classname="org.eclipse.cdt.core.parser.tests.scanner.LexerTests" time="0.032"/>
  <testcase name="testWindowsLineEnding" classname="org.eclipse.cdt.core.parser.tests.scanner.LexerTests" time="0"/>
  <testcase name="testCharLiteral" classname="org.eclipse.cdt.core.parser.tests.scanner.LexerTests" time="0"/>
  <testcase name="testLineSplicingCharLiteral" classname="org.eclipse.cdt.core.parser.tests.scanner.LexerTests" time="0"/>
  <testcase name="testLineSplicingTrigraph" classname="org.eclipse.cdt.core.parser.tests.scanner.LexerTests" time="0.001"/>
  <testcase name="testLineSplicingNumber" classname="org.eclipse.cdt.core.parser.tests.scanner.LexerTests" time="0"/>
  <testcase name="testNextDirective" classname="org.eclipse.cdt.core.parser.tests.scanner.LexerTests" time="0"/>
  <testcase name="testMinimalComment" classname="org.eclipse.cdt.core.parser.tests.scanner.LexerTests" time="0.001"/>
  <testcase name="testRawStringLiteralInInactiveCode" classname="org.eclipse.cdt.core.parser.tests.scanner.LexerTests" time="0"/>
  <testcase name="testTrigraphSequences" classname="org.eclipse.cdt.core.parser.tests.scanner.LexerTests" time="0"/>
  <testcase name="testLineSplicingHeaderName" classname="org.eclipse.cdt.core.parser.tests.scanner.LexerTests" time="0"/>
  <testcase name="testSlashPercentComments" classname="org.eclipse.cdt.core.parser.tests.scanner.LexerTests" time="0"/>
  <testcase name="testComments" classname="org.eclipse.cdt.core.parser.tests.scanner.LexerTests" time="0"/>
  <testcase name="testLineSplicingIdentifier" classname="org.eclipse.cdt.core.parser.tests.scanner.LexerTests" time="0.001"/>
  <testcase name="testLineSplicingOperator" classname="org.eclipse.cdt.core.parser.tests.scanner.LexerTests" time="0"/>
  <testcase name="testLineSplicingStringLiteral" classname="org.eclipse.cdt.core.parser.tests.scanner.LexerTests" time="0"/>
  <testcase name="testLessColonColon" classname="org.eclipse.cdt.core.parser.tests.scanner.LexerTests" time="0"/>
  <testcase name="testLineSplicingComment" classname="org.eclipse.cdt.core.parser.tests.scanner.LexerTests" time="0"/>
  <testcase name="testHeaderName" classname="org.eclipse.cdt.core.parser.tests.scanner.LexerTests" time="0"/>
  <testcase name="testOperatorAndPunctuators" classname="org.eclipse.cdt.core.parser.tests.scanner.LexerTests" time="0.013"/>
  <testcase name="testNumber" classname="org.eclipse.cdt.core.parser.tests.scanner.LexerTests" time="0.002"/>
  <testcase name="testIdentifier" classname="org.eclipse.cdt.core.parser.tests.scanner.LexerTests" time="0"/>
  <testcase name="testRawStringLiteral" classname="org.eclipse.cdt.core.parser.tests.scanner.LexerTests" time="0.001"/>
  <testcase name="testEndif" classname="org.eclipse.cdt.core.parser.tests.scanner.LocationMapTests" time="0.001"/>
  <testcase name="testIfdef" classname="org.eclipse.cdt.core.parser.tests.scanner.LocationMapTests" time="0"/>
  <testcase name="testElif" classname="org.eclipse.cdt.core.parser.tests.scanner.LocationMapTests" time="0.001"/>
  <testcase name="testElse" classname="org.eclipse.cdt.core.parser.tests.scanner.LocationMapTests" time="0.001"/>
  <testcase name="testIf" classname="org.eclipse.cdt.core.parser.tests.scanner.LocationMapTests" time="0"/>
  <testcase name="testPredefine" classname="org.eclipse.cdt.core.parser.tests.scanner.LocationMapTests" time="0.02"/>
  <testcase name="testPoundError" classname="org.eclipse.cdt.core.parser.tests.scanner.LocationMapTests" time="0.001"/>
  <testcase name="testMacroExpansion" classname="org.eclipse.cdt.core.parser.tests.scanner.LocationMapTests" time="0.002"/>
  <testcase name="testProblems" classname="org.eclipse.cdt.core.parser.tests.scanner.LocationMapTests" time="0"/>
  <testcase name="testContexts" classname="org.eclipse.cdt.core.parser.tests.scanner.LocationMapTests" time="0.001"/>
  <testcase name="testIndexDefine" classname="org.eclipse.cdt.core.parser.tests.scanner.LocationMapTests" time="0"/>
  <testcase name="testUndefine" classname="org.eclipse.cdt.core.parser.tests.scanner.LocationMapTests" time="0.001"/>
  <testcase name="testComment" classname="org.eclipse.cdt.core.parser.tests.scanner.LocationMapTests" time="0"/>
  <testcase name="testIncludes" classname="org.eclipse.cdt.core.parser.tests.scanner.LocationMapTests" time="0.001"/>
  <testcase name="testDefine" classname="org.eclipse.cdt.core.parser.tests.scanner.LocationMapTests" time="0"/>
  <testcase name="testIfndef" classname="org.eclipse.cdt.core.parser.tests.scanner.LocationMapTests" time="0"/>
  <testcase name="testPragma" classname="org.eclipse.cdt.core.parser.tests.scanner.LocationMapTests" time="0"/>
  <testcase name="testSimpleIfdef" classname="org.eclipse.cdt.core.parser.tests.scanner.PortedScannerTests" time="0.004"/>
  <testcase name="testBug75532IProblems" classname="org.eclipse.cdt.core.parser.tests.scanner.PortedScannerTests" time="0.002"/>
  <testcase name="test__attribute__" classname="org.eclipse.cdt.core.parser.tests.scanner.PortedScannerTests" time="0"/>
  <testcase name="testBug72506_2" classname="org.eclipse.cdt.core.parser.tests.scanner.PortedScannerTests" time="0.001"/>
  <testcase name="testBug73652_2" classname="org.eclipse.cdt.core.parser.tests.scanner.PortedScannerTests" time="0.001"/>
  <testcase name="testConditionalWithBraces" classname="org.eclipse.cdt.core.parser.tests.scanner.PortedScannerTests" time="0.001"/>
  <testcase name="testIfs" classname="org.eclipse.cdt.core.parser.tests.scanner.PortedScannerTests" time="0.266"/>
  <testcase name="testBug200830_1" classname="org.eclipse.cdt.core.parser.tests.scanner.PortedScannerTests" time="0"/>
  <testcase name="testBug200830_2" classname="org.eclipse.cdt.core.parser.tests.scanner.PortedScannerTests" time="0.001"/>
  <testcase name="testBug200830_3" classname="org.eclipse.cdt.core.parser.tests.scanner.PortedScannerTests" time="0"/>
  <testcase name="testBug200830_4" classname="org.eclipse.cdt.core.parser.tests.scanner.PortedScannerTests" time="0"/>
  <testcase name="testUTFStringConcatenation" classname="org.eclipse.cdt.core.parser.tests.scanner.PortedScannerTests" time="0.074"/>
  <testcase name="test54778" classname="org.eclipse.cdt.core.parser.tests.scanner.PortedScannerTests" time="0"/>
  <testcase name="test68229" classname="org.eclipse.cdt.core.parser.tests.scanner.PortedScannerTests" time="0.001"/>
  <testcase name="testNestedRecursiveDefines" classname="org.eclipse.cdt.core.parser.tests.scanner.PortedScannerTests" time="0"/>
  <testcase name="testUndef" classname="org.eclipse.cdt.core.parser.tests.scanner.PortedScannerTests" time="0.001"/>
  <testcase name="testNumerics" classname="org.eclipse.cdt.core.parser.tests.scanner.PortedScannerTests" time="0"/>
  <testcase name="testPreprocessorDefines" classname="org.eclipse.cdt.core.parser.tests.scanner.PortedScannerTests" time="0.002"/>
  <testcase name="testWideToNarrowConcatenation" classname="org.eclipse.cdt.core.parser.tests.scanner.PortedScannerTests" time="0"/>
  <testcase name="testbug84270" classname="org.eclipse.cdt.core.parser.tests.scanner.PortedScannerTests" time="0.002"/>
  <testcase name="testBug35892" classname="org.eclipse.cdt.core.parser.tests.scanner.PortedScannerTests" time="0.032"/>
  <testcase name="testBug36045" classname="org.eclipse.cdt.core.parser.tests.scanner.PortedScannerTests" time="0"/>
  <testcase name="testBug36047" classname="org.eclipse.cdt.core.parser.tests.scanner.PortedScannerTests" time="0.003"/>
  <testcase name="testBug36255" classname="org.eclipse.cdt.core.parser.tests.scanner.PortedScannerTests" time="0.001"/>
  <testcase name="testBug36287" classname="org.eclipse.cdt.core.parser.tests.scanner.PortedScannerTests" time="0.001"/>
  <testcase name="testBug36316" classname="org.eclipse.cdt.core.parser.tests.scanner.PortedScannerTests" time="0"/>
  <testcase name="testBug36434" classname="org.eclipse.cdt.core.parser.tests.scanner.PortedScannerTests" time="0.001"/>
  <testcase name="testBug36475" classname="org.eclipse.cdt.core.parser.tests.scanner.PortedScannerTests" time="0"/>
  <testcase name="testBug36509" classname="org.eclipse.cdt.core.parser.tests.scanner.PortedScannerTests" time="0.001"/>
  <testcase name="testBug36521" classname="org.eclipse.cdt.core.parser.tests.scanner.PortedScannerTests" time="0.001"/>
  <testcase name="testBug36695" classname="org.eclipse.cdt.core.parser.tests.scanner.PortedScannerTests" time="0"/>
  <testcase name="testBug36770" classname="org.eclipse.cdt.core.parser.tests.scanner.PortedScannerTests" time="0"/>
  <testcase name="testBug36816" classname="org.eclipse.cdt.core.parser.tests.scanner.PortedScannerTests" time="0.001"/>
  <testcase name="testBug37011" classname="org.eclipse.cdt.core.parser.tests.scanner.PortedScannerTests" time="0.001"/>
  <testcase name="testBug38065" classname="org.eclipse.cdt.core.parser.tests.scanner.PortedScannerTests" time="0"/>
  <testcase name="testBug39698" classname="org.eclipse.cdt.core.parser.tests.scanner.PortedScannerTests" time="0"/>
  <testcase name="testBug44305" classname="org.eclipse.cdt.core.parser.tests.scanner.PortedScannerTests" time="0.001"/>
  <testcase name="testBug45287" classname="org.eclipse.cdt.core.parser.tests.scanner.PortedScannerTests" time="0"/>
  <testcase name="testBug45476" classname="org.eclipse.cdt.core.parser.tests.scanner.PortedScannerTests" time="0.001"/>
  <testcase name="testBug45477" classname="org.eclipse.cdt.core.parser.tests.scanner.PortedScannerTests" time="0.001"/>
  <testcase name="testBug45551" classname="org.eclipse.cdt.core.parser.tests.scanner.PortedScannerTests" time="0"/>
  <testcase name="testBug46402" classname="org.eclipse.cdt.core.parser.tests.scanner.PortedScannerTests" time="0"/>
  <testcase name="testBug47797" classname="org.eclipse.cdt.core.parser.tests.scanner.PortedScannerTests" time="0.001"/>
  <testcase name="testBug50821" classname="org.eclipse.cdt.core.parser.tests.scanner.PortedScannerTests" time="0"/>
  <testcase name="testBug56517" classname="org.eclipse.cdt.core.parser.tests.scanner.PortedScannerTests" time="0"/>
  <testcase name="testBug59768" classname="org.eclipse.cdt.core.parser.tests.scanner.PortedScannerTests" time="0"/>
  <testcase name="testBug60764" classname="org.eclipse.cdt.core.parser.tests.scanner.PortedScannerTests" time="0.001"/>
  <testcase name="testBug61968" classname="org.eclipse.cdt.core.parser.tests.scanner.PortedScannerTests" time="0"/>
  <testcase name="testBug61972" classname="org.eclipse.cdt.core.parser.tests.scanner.PortedScannerTests" time="0.001"/>
  <testcase name="testBug62009" classname="org.eclipse.cdt.core.parser.tests.scanner.PortedScannerTests" time="0"/>
  <testcase name="testBug62042" classname="org.eclipse.cdt.core.parser.tests.scanner.PortedScannerTests" time="0"/>
  <testcase name="testBug62378" classname="org.eclipse.cdt.core.parser.tests.scanner.PortedScannerTests" time="0.001"/>
  <testcase name="testBug62384" classname="org.eclipse.cdt.core.parser.tests.scanner.PortedScannerTests" time="0"/>
  <testcase name="testBug62390" classname="org.eclipse.cdt.core.parser.tests.scanner.PortedScannerTests" time="0.001"/>
  <testcase name="testBug62571" classname="org.eclipse.cdt.core.parser.tests.scanner.PortedScannerTests" time="0.001"/>
  <testcase name="testBug64268" classname="org.eclipse.cdt.core.parser.tests.scanner.PortedScannerTests" time="0"/>
  <testcase name="testBug67834" classname="org.eclipse.cdt.core.parser.tests.scanner.PortedScannerTests" time="0.001"/>
  <testcase name="testBug69134" classname="org.eclipse.cdt.core.parser.tests.scanner.PortedScannerTests" time="0"/>
  <testcase name="testBug69412" classname="org.eclipse.cdt.core.parser.tests.scanner.PortedScannerTests" time="0.002"/>
  <testcase name="testBug70072" classname="org.eclipse.cdt.core.parser.tests.scanner.PortedScannerTests" time="0"/>
  <testcase name="testBug70073" classname="org.eclipse.cdt.core.parser.tests.scanner.PortedScannerTests" time="0.001"/>
  <testcase name="testBug70261" classname="org.eclipse.cdt.core.parser.tests.scanner.PortedScannerTests" time="0"/>
  <testcase name="testBug72506" classname="org.eclipse.cdt.core.parser.tests.scanner.PortedScannerTests" time="0.001"/>
  <testcase name="testBug72537" classname="org.eclipse.cdt.core.parser.tests.scanner.PortedScannerTests" time="0"/>
  <testcase name="testBug72725" classname="org.eclipse.cdt.core.parser.tests.scanner.PortedScannerTests" time="0"/>
  <testcase name="testBug72997" classname="org.eclipse.cdt.core.parser.tests.scanner.PortedScannerTests" time="0.001"/>
  <testcase name="testBug73492" classname="org.eclipse.cdt.core.parser.tests.scanner.PortedScannerTests" time="0"/>
  <testcase name="testBug73652" classname="org.eclipse.cdt.core.parser.tests.scanner.PortedScannerTests" time="0.002"/>
  <testcase name="testBug74176" classname="org.eclipse.cdt.core.parser.tests.scanner.PortedScannerTests" time="0.002"/>
  <testcase name="testBug74180" classname="org.eclipse.cdt.core.parser.tests.scanner.PortedScannerTests" time="0.001"/>
  <testcase name="testBug74328" classname="org.eclipse.cdt.core.parser.tests.scanner.PortedScannerTests" time="0"/>
  <testcase name="testBug75083" classname="org.eclipse.cdt.core.parser.tests.scanner.PortedScannerTests" time="0"/>
  <testcase name="testBug75956" classname="org.eclipse.cdt.core.parser.tests.scanner.PortedScannerTests" time="0.001"/>
  <testcase name="testMacroPastingError" classname="org.eclipse.cdt.core.parser.tests.scanner.PortedScannerTests" time="0.001"/>
  <testcase name="testExpressionEvalProblems" classname="org.eclipse.cdt.core.parser.tests.scanner.PortedScannerTests" time="0"/>
  <testcase name="testSlightlyComplexIfdefStructure" classname="org.eclipse.cdt.core.parser.tests.scanner.PortedScannerTests" time="0.002"/>
  <testcase name="testBug182180_1" classname="org.eclipse.cdt.core.parser.tests.scanner.PortedScannerTests" time="0.001"/>
  <testcase name="testBug182180_2" classname="org.eclipse.cdt.core.parser.tests.scanner.PortedScannerTests" time="0"/>
  <testcase name="testBug182180_3" classname="org.eclipse.cdt.core.parser.tests.scanner.PortedScannerTests" time="0"/>
  <testcase name="testBug182180_4" classname="org.eclipse.cdt.core.parser.tests.scanner.PortedScannerTests" time="0"/>
  <testcase name="testBug182180_5" classname="org.eclipse.cdt.core.parser.tests.scanner.PortedScannerTests" time="0.001"/>
  <testcase name="testImaginary" classname="org.eclipse.cdt.core.parser.tests.scanner.PortedScannerTests" time="0"/>
  <testcase name="testOtherPreprocessorCommands" classname="org.eclipse.cdt.core.parser.tests.scanner.PortedScannerTests" time="0.001"/>
  <testcase name="testBug185120_1" classname="org.eclipse.cdt.core.parser.tests.scanner.PortedScannerTests" time="0.001"/>
  <testcase name="testBug185120_2" classname="org.eclipse.cdt.core.parser.tests.scanner.PortedScannerTests" time="0"/>
  <testcase name="testUnExpandedFunctionMacros" classname="org.eclipse.cdt.core.parser.tests.scanner.PortedScannerTests" time="0.002"/>
  <testcase name="testEmptyIncludeDirective" classname="org.eclipse.cdt.core.parser.tests.scanner.PortedScannerTests" time="0.001"/>
  <testcase name="testBug107150" classname="org.eclipse.cdt.core.parser.tests.scanner.PortedScannerTests" time="0"/>
  <testcase name="testBug126136" classname="org.eclipse.cdt.core.parser.tests.scanner.PortedScannerTests" time="0.001"/>
  <testcase name="testBug156137" classname="org.eclipse.cdt.core.parser.tests.scanner.PortedScannerTests" time="0"/>
  <testcase name="testBug156988" classname="org.eclipse.cdt.core.parser.tests.scanner.PortedScannerTests" time="0.001"/>
  <testcase name="testBug162214" classname="org.eclipse.cdt.core.parser.tests.scanner.PortedScannerTests" time="0.001"/>
  <testcase name="testBug162410" classname="org.eclipse.cdt.core.parser.tests.scanner.PortedScannerTests" time="0"/>
  <testcase name="testBug180172" classname="org.eclipse.cdt.core.parser.tests.scanner.PortedScannerTests" time="0.001"/>
  <testcase name="testPreprocessorMacros" classname="org.eclipse.cdt.core.parser.tests.scanner.PortedScannerTests" time="0.001"/>
  <testcase name="testBug36701A" classname="org.eclipse.cdt.core.parser.tests.scanner.PortedScannerTests" time="0.001"/>
  <testcase name="testBug36701B" classname="org.eclipse.cdt.core.parser.tests.scanner.PortedScannerTests" time="0"/>
  <testcase name="testBug36770B" classname="org.eclipse.cdt.core.parser.tests.scanner.PortedScannerTests" time="0.001"/>
  <testcase name="testBug39688A" classname="org.eclipse.cdt.core.parser.tests.scanner.PortedScannerTests" time="0"/>
  <testcase name="testBug39688B" classname="org.eclipse.cdt.core.parser.tests.scanner.PortedScannerTests" time="0.006"/>
  <testcase name="testBug39688C" classname="org.eclipse.cdt.core.parser.tests.scanner.PortedScannerTests" time="0.002"/>
  <testcase name="testBug79490A" classname="org.eclipse.cdt.core.parser.tests.scanner.PortedScannerTests" time="0.001"/>
  <testcase name="testBug79490B" classname="org.eclipse.cdt.core.parser.tests.scanner.PortedScannerTests" time="0"/>
  <testcase name="testOtherPreprocessorDefines" classname="org.eclipse.cdt.core.parser.tests.scanner.PortedScannerTests" time="0.001"/>
  <testcase name="testWackyFunctionMacros" classname="org.eclipse.cdt.core.parser.tests.scanner.PortedScannerTests" time="0.001"/>
  <testcase name="testStringify" classname="org.eclipse.cdt.core.parser.tests.scanner.PortedScannerTests" time="0.002"/>
  <testcase name="testExpressionEvalProblems_2" classname="org.eclipse.cdt.core.parser.tests.scanner.PortedScannerTests" time="0"/>
  <testcase name="testBug195610_1" classname="org.eclipse.cdt.core.parser.tests.scanner.PortedScannerTests" time="0.001"/>
  <testcase name="testBug195610_2" classname="org.eclipse.cdt.core.parser.tests.scanner.PortedScannerTests" time="0"/>
  <testcase name="testBug195610_3" classname="org.eclipse.cdt.core.parser.tests.scanner.PortedScannerTests" time="0.001"/>
  <testcase name="testUnExpandedFunctionMacro" classname="org.eclipse.cdt.core.parser.tests.scanner.PortedScannerTests" time="0"/>
  <testcase name="testMultipleLines" classname="org.eclipse.cdt.core.parser.tests.scanner.PortedScannerTests" time="0"/>
  <testcase name="testBug102825_1" classname="org.eclipse.cdt.core.parser.tests.scanner.PortedScannerTests" time="0"/>
  <testcase name="testBug102825_2" classname="org.eclipse.cdt.core.parser.tests.scanner.PortedScannerTests" time="0.001"/>
  <testcase name="testBug102825_3" classname="org.eclipse.cdt.core.parser.tests.scanner.PortedScannerTests" time="0.001"/>
  <testcase name="testBug102825_4" classname="org.eclipse.cdt.core.parser.tests.scanner.PortedScannerTests" time="0"/>
  <testcase name="testWeirdStrings" classname="org.eclipse.cdt.core.parser.tests.scanner.PortedScannerTests" time="0.001"/>
  <testcase name="testConcatenation" classname="org.eclipse.cdt.core.parser.tests.scanner.PortedScannerTests" time="0.002"/>
  <testcase name="testBug156988_1" classname="org.eclipse.cdt.core.parser.tests.scanner.PortedScannerTests" time="0.005"/>
  <testcase name="testBug102568A" classname="org.eclipse.cdt.core.parser.tests.scanner.PortedScannerTests" time="0"/>
  <testcase name="testBug102568B" classname="org.eclipse.cdt.core.parser.tests.scanner.PortedScannerTests" time="0.001"/>
  <testcase name="testSlashes" classname="org.eclipse.cdt.core.parser.tests.scanner.PortedScannerTests" time="0"/>
  <testcase name="testQuickScan" classname="org.eclipse.cdt.core.parser.tests.scanner.PortedScannerTests" time="0.001"/>
  <testcase name="testUTFChars" classname="org.eclipse.cdt.core.parser.tests.scanner.PortedScannerTests" time="0.001"/>
  <testcase name="testUTFStrings" classname="org.eclipse.cdt.core.parser.tests.scanner.PortedScannerTests" time="0.001"/>
  <testcase name="testMacroArgumentExpansion" classname="org.eclipse.cdt.core.parser.tests.scanner.PortedScannerTests" time="0"/>
  <testcase name="testUDLInPP" classname="org.eclipse.cdt.core.parser.tests.scanner.PreprocessorTests" time="0.033"/>
  <testcase name="testParenthesisOnNextLine" classname="org.eclipse.cdt.core.parser.tests.scanner.PreprocessorTests" time="0.001"/>
  <testcase name="testEmptyToken" classname="org.eclipse.cdt.core.parser.tests.scanner.PreprocessorTests" time="0.001"/>
  <testcase name="testRecursiveExpansion" classname="org.eclipse.cdt.core.parser.tests.scanner.PreprocessorTests" time="0.002"/>
  <testcase name="testReconsiderArgsForExpansion" classname="org.eclipse.cdt.core.parser.tests.scanner.PreprocessorTests" time="0.001"/>
  <testcase name="testRescanAfterTokenPaste" classname="org.eclipse.cdt.core.parser.tests.scanner.PreprocessorTests" time="0.002"/>
  <testcase name="testRecursiveInArgument" classname="org.eclipse.cdt.core.parser.tests.scanner.PreprocessorTests" time="0.002"/>
  <testcase name="testSuperfluousComma" classname="org.eclipse.cdt.core.parser.tests.scanner.PreprocessorTests" time="0.001"/>
  <testcase name="testLineSpliceInMacroDefinition" classname="org.eclipse.cdt.core.parser.tests.scanner.PreprocessorTests" time="0.001"/>
  <testcase name="testSpaceInArgsViaOpenMacro" classname="org.eclipse.cdt.core.parser.tests.scanner.PreprocessorTests" time="0.002"/>
  <testcase name="testSpacesBeforeStringify" classname="org.eclipse.cdt.core.parser.tests.scanner.PreprocessorTests" time="0.002"/>
  <testcase name="testStringifyAndPasteCPP" classname="org.eclipse.cdt.core.parser.tests.scanner.PreprocessorTests" time="0.001"/>
  <testcase name="testMissingParenthesis" classname="org.eclipse.cdt.core.parser.tests.scanner.PreprocessorTests" time="0.001"/>
  <testcase name="testBadBinaryNumbersCPP" classname="org.eclipse.cdt.core.parser.tests.scanner.PreprocessorTests" time="0.001"/>
  <testcase name="testPasteMultipleTokens" classname="org.eclipse.cdt.core.parser.tests.scanner.PreprocessorTests" time="0"/>
  <testcase name="testObjectStyleTokenPaste" classname="org.eclipse.cdt.core.parser.tests.scanner.PreprocessorTests" time="0.003"/>
  <testcase name="testSpecExample5" classname="org.eclipse.cdt.core.parser.tests.scanner.PreprocessorTests" time="0.006"/>
  <testcase name="testGccVariadicMacroExtensions2" classname="org.eclipse.cdt.core.parser.tests.scanner.PreprocessorTests" time="0.002"/>
  <testcase name="testGccVariadicMacroExtensions3" classname="org.eclipse.cdt.core.parser.tests.scanner.PreprocessorTests" time="0.002"/>
  <testcase name="testSimpleObjectLike1" classname="org.eclipse.cdt.core.parser.tests.scanner.PreprocessorTests" time="0.001"/>
  <testcase name="testSimpleObjectLike2" classname="org.eclipse.cdt.core.parser.tests.scanner.PreprocessorTests" time="0.005"/>
  <testcase name="testEmptyStringify" classname="org.eclipse.cdt.core.parser.tests.scanner.PreprocessorTests" time="0.002"/>
  <testcase name="testRescanOrder" classname="org.eclipse.cdt.core.parser.tests.scanner.PreprocessorTests" time="0.001"/>
  <testcase name="testSpaceInStringify" classname="org.eclipse.cdt.core.parser.tests.scanner.PreprocessorTests" time="0.002"/>
  <testcase name="testSpecExample3_1" classname="org.eclipse.cdt.core.parser.tests.scanner.PreprocessorTests" time="0.001"/>
  <testcase name="testSpecExample3_2" classname="org.eclipse.cdt.core.parser.tests.scanner.PreprocessorTests" time="0.002"/>
  <testcase name="testSpecExample3_3" classname="org.eclipse.cdt.core.parser.tests.scanner.PreprocessorTests" time="0.001"/>
  <testcase name="testSpecExample3_4" classname="org.eclipse.cdt.core.parser.tests.scanner.PreprocessorTests" time="0"/>
  <testcase name="testSpecExample4_1" classname="org.eclipse.cdt.core.parser.tests.scanner.PreprocessorTests" time="0.001"/>
  <testcase name="testSpecExample4_2" classname="org.eclipse.cdt.core.parser.tests.scanner.PreprocessorTests" time="0.001"/>
  <testcase name="testSpecExample4_3" classname="org.eclipse.cdt.core.parser.tests.scanner.PreprocessorTests" time="0"/>
  <testcase name="testSpecExample4_4" classname="org.eclipse.cdt.core.parser.tests.scanner.PreprocessorTests" time="0.002"/>
  <testcase name="testSpecExample7_1" classname="org.eclipse.cdt.core.parser.tests.scanner.PreprocessorTests" time="0.002"/>
  <testcase name="testSpecExample7_2" classname="org.eclipse.cdt.core.parser.tests.scanner.PreprocessorTests" time="0"/>
  <testcase name="testSpecExample7_3" classname="org.eclipse.cdt.core.parser.tests.scanner.PreprocessorTests" time="0.001"/>
  <testcase name="testSpecExample7_4" classname="org.eclipse.cdt.core.parser.tests.scanner.PreprocessorTests" time="0.003"/>
  <testcase name="testBadBinaryNumbersC" classname="org.eclipse.cdt.core.parser.tests.scanner.PreprocessorTests" time="0.001"/>
  <testcase name="testTokenPasteChain" classname="org.eclipse.cdt.core.parser.tests.scanner.PreprocessorTests" time="0.001"/>
  <testcase name="testSpaceBeforeParenthesis" classname="org.eclipse.cdt.core.parser.tests.scanner.PreprocessorTests" time="0.002"/>
  <testcase name="testRecursiveExpansion2" classname="org.eclipse.cdt.core.parser.tests.scanner.PreprocessorTests" time="0.002"/>
  <testcase name="testRecursiveExpansion3" classname="org.eclipse.cdt.core.parser.tests.scanner.PreprocessorTests" time="0.002"/>
  <testcase name="testStringifyAndPasteC" classname="org.eclipse.cdt.core.parser.tests.scanner.PreprocessorTests" time="0.002"/>
  <testcase name="testGccVariadicMacroExtensions" classname="org.eclipse.cdt.core.parser.tests.scanner.PreprocessorTests" time="0.001"/>
  <testcase name="testGCC43BinaryNumbers" classname="org.eclipse.cdt.core.parser.tests.scanner.PreprocessorTests" time="0.003"/>
  <testcase name="testSimpleFunctionLike1" classname="org.eclipse.cdt.core.parser.tests.scanner.PreprocessorTests" time="0.001"/>
  <testcase name="testSimpleFunctionLike2" classname="org.eclipse.cdt.core.parser.tests.scanner.PreprocessorTests" time="0.002"/>
  <testcase name="testSimpleFunctionLike3" classname="org.eclipse.cdt.core.parser.tests.scanner.PreprocessorTests" time="0.001"/>
  <testcase name="testSimpleFunctionLike4" classname="org.eclipse.cdt.core.parser.tests.scanner.PreprocessorTests" time="0.001"/>
  <testcase name="testSpaceInArgs" classname="org.eclipse.cdt.core.parser.tests.scanner.PreprocessorTests" time="0.001"/>
  <testcase name="testFunctionStyleWithoutArgs" classname="org.eclipse.cdt.core.parser.tests.scanner.PreprocessorTests" time="0.001"/>
  <testcase name="testOpenStringify" classname="org.eclipse.cdt.core.parser.tests.scanner.PreprocessorTests" time="0.002"/>
  <testcase name="testSkippingVarags" classname="org.eclipse.cdt.core.parser.tests.scanner.PreprocessorTests" time="0.001"/>
  <testcase name="testC99_6_7_5_3_5_Bug104869" classname="org.eclipse.cdt.core.parser.tests.scanner.PreprocessorTests" time="0.003"/>
  <testcase name="testSpaceInArgsViaExpansion" classname="org.eclipse.cdt.core.parser.tests.scanner.PreprocessorTests" time="0.001"/>
  <testcase name="testC99_6_10_3_3_4_Bug84268" classname="org.eclipse.cdt.core.parser.tests.scanner.PreprocessorTests" time="0.002"/>
  <testcase name="testVaargs" classname="org.eclipse.cdt.core.parser.tests.scanner.PreprocessorTests" time="0.001"/>
  <testcase name="testStringifyOperatorInObject" classname="org.eclipse.cdt.core.parser.tests.scanner.PreprocessorTests" time="0.001"/>
  <testcase name="testVaargsWarning" classname="org.eclipse.cdt.core.parser.tests.scanner.PreprocessorTests" time="0.001"/>
  <testcase name="testTokenPasteWithEmptyParam" classname="org.eclipse.cdt.core.parser.tests.scanner.PreprocessorTests" time="0.001"/>
  <testcase name="testSpecHashHashExample" classname="org.eclipse.cdt.core.parser.tests.scanner.PreprocessorTests" time="0.002"/>
  <testcase name="testSuppressingUseOfCurrentFileDirectory" classname="org.eclipse.cdt.core.parser.tests.scanner.InclusionTests" time="0.124"/>
  <testcase name="testIncludeNext_286081" classname="org.eclipse.cdt.core.parser.tests.scanner.InclusionTests" time="0.029"/>
  <testcase name="testBug91086" classname="org.eclipse.cdt.core.parser.tests.scanner.InclusionTests" time="0.025"/>
  <testcase name="testIncludeNext" classname="org.eclipse.cdt.core.parser.tests.scanner.InclusionTests" time="0.03"/>
  <testcase name="testRelativeIncludes_243170" classname="org.eclipse.cdt.core.parser.tests.scanner.InclusionTests" time="0.034"/>
  <testcase name="testBug156990" classname="org.eclipse.cdt.core.parser.tests.scanner.InclusionTests" time="0.028"/>
  <testcase name="testIncludePathOrdering" classname="org.eclipse.cdt.core.parser.tests.scanner.InclusionTests" time="0.023"/>
  <testcase name="testIncludeVariables_69529" classname="org.eclipse.cdt.core.parser.tests.scanner.InclusionTests" time="0.04"/>
  <testcase name="testTrueInConditionalExpression_Bug246369" classname="org.eclipse.cdt.core.parser.tests.scanner.PreprocessorBugsTests" time="0.026"/>
  <testcase name="testCommentBeforeDirective_Bug255318" classname="org.eclipse.cdt.core.parser.tests.scanner.PreprocessorBugsTests" time="0.002"/>
  <testcase name="testIndirectDefined_Bug225562" classname="org.eclipse.cdt.core.parser.tests.scanner.PreprocessorBugsTests" time="0.002"/>
  <testcase name="testRawString_Bug362562" classname="org.eclipse.cdt.core.parser.tests.scanner.PreprocessorBugsTests" time="0.002"/>
  <testcase name="testTokenPaste_Bug210344" classname="org.eclipse.cdt.core.parser.tests.scanner.PreprocessorBugsTests" time="0.001"/>
  <testcase name="testOcatalCharConstant_Bug330747" classname="org.eclipse.cdt.core.parser.tests.scanner.PreprocessorBugsTests" time="0.001"/>
  <testcase name="testKeywordsInConditionalExpression_Bug246369" classname="org.eclipse.cdt.core.parser.tests.scanner.PreprocessorBugsTests" time="0.002"/>
  <testcase name="testUnboundedEmptyStringLiteral_Bug190884" classname="org.eclipse.cdt.core.parser.tests.scanner.PreprocessorBugsTests" time="0.002"/>
  <testcase name="testDirectiveInExpansion_Bug240194" classname="org.eclipse.cdt.core.parser.tests.scanner.PreprocessorBugsTests" time="0.001"/>
  <testcase name="testDirectiveInExpansion_Bug375739" classname="org.eclipse.cdt.core.parser.tests.scanner.PreprocessorBugsTests" time="0.001"/>
  <testcase name="testEmptyStringInMacroInInclusion_Bug145270" classname="org.eclipse.cdt.core.parser.tests.scanner.PreprocessorBugsTests" time="0.003"/>
  <testcase name="testCounter_Bug362148" classname="org.eclipse.cdt.core.parser.tests.scanner.PreprocessorBugsTests" time="0.004"/>
  <testcase name="testBug186047" classname="org.eclipse.cdt.core.parser.tests.scanner.PreprocessorBugsTests" time="0.001"/>
  <testcase name="testPredefinedCDTMacro_Bug173848" classname="org.eclipse.cdt.core.parser.tests.scanner.PreprocessorBugsTests" time="0.001"/>
  <testcase name="testHexConstant_Bug265927" classname="org.eclipse.cdt.core.parser.tests.scanner.PreprocessorBugsTests" time="0.001"/>
  <testcase name="testStringify_Bug282418" classname="org.eclipse.cdt.core.parser.tests.scanner.PreprocessorBugsTests" time="0.001"/>
  <testcase name="testMissingArgument_Bug303969" classname="org.eclipse.cdt.core.parser.tests.scanner.PreprocessorBugsTests" time="0.001"/>
  <testcase name="testInvalidTokenPasting_Bug354553" classname="org.eclipse.cdt.core.parser.tests.scanner.PreprocessorBugsTests" time="0.001"/>
  <testcase name="testMissingClosingParenthesis_Bug251734" classname="org.eclipse.cdt.core.parser.tests.scanner.PreprocessorBugsTests" time="0.001"/>
  <testcase name="testMacroInInclusion_Bug122891" classname="org.eclipse.cdt.core.parser.tests.scanner.PreprocessorBugsTests" time="0"/>
  <testcase name="testObjectChain" classname="org.eclipse.cdt.core.parser.tests.scanner.ExpansionExplorerTests" time="0.017"/>
  <testcase name="test3Params" classname="org.eclipse.cdt.core.parser.tests.scanner.ExpansionExplorerTests" time="0.002"/>
  <testcase name="testRecursiveExpansion" classname="org.eclipse.cdt.core.parser.tests.scanner.ExpansionExplorerTests" time="0.003"/>
  <testcase name="testSpace" classname="org.eclipse.cdt.core.parser.tests.scanner.ExpansionExplorerTests" time="0.006"/>
  <testcase name="testNoOp" classname="org.eclipse.cdt.core.parser.tests.scanner.ExpansionExplorerTests" time="0.001"/>
  <testcase name="testLineNumber" classname="org.eclipse.cdt.core.parser.tests.scanner.ExpansionExplorerTests" time="0.003"/>
  <testcase name="testVararg1x" classname="org.eclipse.cdt.core.parser.tests.scanner.ExpansionExplorerTests" time="0.002"/>
  <testcase name="testVararg2x" classname="org.eclipse.cdt.core.parser.tests.scanner.ExpansionExplorerTests" time="0.001"/>
  <testcase name="testNestedFunctions" classname="org.eclipse.cdt.core.parser.tests.scanner.ExpansionExplorerTests" time="0.012"/>
  <testcase name="testFunctionParam" classname="org.eclipse.cdt.core.parser.tests.scanner.ExpansionExplorerTests" time="0.001"/>
  <testcase name="testVararg1" classname="org.eclipse.cdt.core.parser.tests.scanner.ExpansionExplorerTests" time="0.001"/>
  <testcase name="testVararg2" classname="org.eclipse.cdt.core.parser.tests.scanner.ExpansionExplorerTests" time="0.005"/>
  <testcase name="testTooFewArgs" classname="org.eclipse.cdt.core.parser.tests.scanner.ExpansionExplorerTests" time="0.001"/>
  <testcase name="testStringify" classname="org.eclipse.cdt.core.parser.tests.scanner.ExpansionExplorerTests" time="0.002"/>
  <testcase name="testNewline" classname="org.eclipse.cdt.core.parser.tests.scanner.ExpansionExplorerTests" time="0.001"/>
  <testcase name="testObject" classname="org.eclipse.cdt.core.parser.tests.scanner.ExpansionExplorerTests" time="0.001"/>
  <testcase name="test2Params" classname="org.eclipse.cdt.core.parser.tests.scanner.ExpansionExplorerTests" time="0.001"/>
  <testcase name="testLineNumber2" classname="org.eclipse.cdt.core.parser.tests.scanner.ExpansionExplorerTests" time="0.001"/>
  <testcase name="testFunction" classname="org.eclipse.cdt.core.parser.tests.scanner.ExpansionExplorerTests" time="0.001"/>
  <testcase name="testStringLiteralConcatenation_281745" classname="org.eclipse.cdt.core.parser.tests.scanner.InactiveCodeTests" time="0.002"/>
  <testcase name="testInactiveMacroDefinition" classname="org.eclipse.cdt.core.parser.tests.scanner.InactiveCodeTests" time="0.001"/>
  <testcase name="testIfDef" classname="org.eclipse.cdt.core.parser.tests.scanner.InactiveCodeTests" time="0"/>
  <testcase name="testIf" classname="org.eclipse.cdt.core.parser.tests.scanner.InactiveCodeTests" time="0.003"/>
  <testcase name="testDefinedSyntax" classname="org.eclipse.cdt.core.parser.tests.scanner.InactiveCodeTests" time="0.001"/>
  <testcase name="testNestedInInactive" classname="org.eclipse.cdt.core.parser.tests.scanner.InactiveCodeTests" time="0.001"/>
  <testcase name="testIfnDef" classname="org.eclipse.cdt.core.parser.tests.scanner.InactiveCodeTests" time="0.001"/>
  <testcase name="testEmpty" classname="org.eclipse.cdt.core.parser.tests.scanner.StreamHasherTests" time="0"/>
  <testcase name="testChunks" classname="org.eclipse.cdt.core.parser.tests.scanner.StreamHasherTests" time="0.002"/>
  <testcase name="testUnAlignedEven" classname="org.eclipse.cdt.core.parser.tests.scanner.FileCharArrayTests" time="0.106"/>
  <testcase name="testUnAlignedPlus" classname="org.eclipse.cdt.core.parser.tests.scanner.FileCharArrayTests" time="0.086"/>
  <testcase name="testAlignedMinus" classname="org.eclipse.cdt.core.parser.tests.scanner.FileCharArrayTests" time="0.081"/>
  <testcase name="testUnAlignedMinus" classname="org.eclipse.cdt.core.parser.tests.scanner.FileCharArrayTests" time="0.054"/>
  <testcase name="testAlignedEven" classname="org.eclipse.cdt.core.parser.tests.scanner.FileCharArrayTests" time="0.031"/>
  <testcase name="testAlignedPlus" classname="org.eclipse.cdt.core.parser.tests.scanner.FileCharArrayTests" time="0.015"/>
  <testcase name="testTypeofExpression_226492" classname="org.eclipse.cdt.core.parser.tests.ast2.AST2Tests" time="0.159"/>
  <testcase name="testParmToFunction" classname="org.eclipse.cdt.core.parser.tests.ast2.AST2Tests" time="0.011"/>
  <testcase name="testBug222418_k_regression" classname="org.eclipse.cdt.core.parser.tests.ast2.AST2Tests" time="0.008"/>
  <testcase name="testBug213029_cvConversion" classname="org.eclipse.cdt.core.parser.tests.ast2.AST2Tests" time="0.006"/>
  <testcase name="testPointerExpression_131037" classname="org.eclipse.cdt.core.parser.tests.ast2.AST2Tests" time="0.03"/>
  <testcase name="testMaximumTrivialExpressionsInInitializers_412380" classname="org.eclipse.cdt.core.parser.tests.ast2.AST2Tests" time="3.193"/>
  <testcase name="testFunctionParameters" classname="org.eclipse.cdt.core.parser.tests.ast2.AST2Tests" time="0.004"/>
  <testcase name="testMacroCommentsBug_177154_2" classname="org.eclipse.cdt.core.parser.tests.ast2.AST2Tests" time="0.038"/>
  <testcase name="testDeclspecInEnumSpecifier_241203" classname="org.eclipse.cdt.core.parser.tests.ast2.AST2Tests" time="0.033"/>
  <testcase name="testIncompleteArrays_269926" classname="org.eclipse.cdt.core.parser.tests.ast2.AST2Tests" time="0.01"/>
  <testcase name="testBinaryExpressionBinding" classname="org.eclipse.cdt.core.parser.tests.ast2.AST2Tests" time="0.018"/>
  <testcase name="testArrayDesignator" classname="org.eclipse.cdt.core.parser.tests.ast2.AST2Tests" time="0.009"/>
  <testcase name="testArrayTypes" classname="org.eclipse.cdt.core.parser.tests.ast2.AST2Tests" time="0.007"/>
  <testcase name="testTypePromotion_short_int" classname="org.eclipse.cdt.core.parser.tests.ast2.AST2Tests" time="0.012"/>
  <testcase name="testBug269705_float_literal" classname="org.eclipse.cdt.core.parser.tests.ast2.AST2Tests" time="0.005"/>
  <testcase name="testBasicTypes" classname="org.eclipse.cdt.core.parser.tests.ast2.AST2Tests" time="0.003"/>
  <testcase name="testASMLabels_226121" classname="org.eclipse.cdt.core.parser.tests.ast2.AST2Tests" time="0.012"/>
  <testcase name="testStringConcatenationWithMacro" classname="org.eclipse.cdt.core.parser.tests.ast2.AST2Tests" time="0.007"/>
  <testcase name="testTrailingSyntaxErrorInCompoundStatements" classname="org.eclipse.cdt.core.parser.tests.ast2.AST2Tests" time="0.015"/>
  <testcase name="testBug270275_int_is_equivalent_to_signed_int" classname="org.eclipse.cdt.core.parser.tests.ast2.AST2Tests" time="0.003"/>
  <testcase name="testU8TokenAfterIfdef_429361" classname="org.eclipse.cdt.core.parser.tests.ast2.AST2Tests" time="0.009"/>
  <testcase name="testSyntaxWithNL_280175" classname="org.eclipse.cdt.core.parser.tests.ast2.AST2Tests" time="0.005"/>
  <testcase name="testLargeTrivialAggregateInitializer_253690" classname="org.eclipse.cdt.core.parser.tests.ast2.AST2Tests" time="2.577"/>
  <testcase name="testReferencesInInitializer_251514" classname="org.eclipse.cdt.core.parser.tests.ast2.AST2Tests" time="0.008"/>
  <testcase name="testNoRawStringInPlainC_397127" classname="org.eclipse.cdt.core.parser.tests.ast2.AST2Tests" time="0.007"/>
  <testcase name="testLocalVariableOfTypeVaList_313270" classname="org.eclipse.cdt.core.parser.tests.ast2.AST2Tests" time="0.011"/>
  <testcase name="testUnusualDeclSpecOrdering_251514" classname="org.eclipse.cdt.core.parser.tests.ast2.AST2Tests" time="0.019"/>
  <testcase name="testBug84090_LabelReferences" classname="org.eclipse.cdt.core.parser.tests.ast2.AST2Tests" time="0.023"/>
  <testcase name="testTypedefVoid_221567" classname="org.eclipse.cdt.core.parser.tests.ast2.AST2Tests" time="0.01"/>
  <testcase name="testCExpressions" classname="org.eclipse.cdt.core.parser.tests.ast2.AST2Tests" time="0.045"/>
  <testcase name="testStructureDef" classname="org.eclipse.cdt.core.parser.tests.ast2.AST2Tests" time="0.015"/>
  <testcase name="testDeepBinaryExpression_294969" classname="org.eclipse.cdt.core.parser.tests.ast2.AST2Tests" time="0.503"/>
  <testcase name="testPointerToFunction" classname="org.eclipse.cdt.core.parser.tests.ast2.AST2Tests" time="0.001"/>
  <testcase name="testBug84092_EnumReferences" classname="org.eclipse.cdt.core.parser.tests.ast2.AST2Tests" time="0.029"/>
  <testcase name="testBug100641_106279_castAmbiguity" classname="org.eclipse.cdt.core.parser.tests.ast2.AST2Tests" time="0.014"/>
  <testcase name="testLongLong" classname="org.eclipse.cdt.core.parser.tests.ast2.AST2Tests" time="0.001"/>
  <testcase name="testCompositeTypes" classname="org.eclipse.cdt.core.parser.tests.ast2.AST2Tests" time="0.005"/>
  <testcase name="test186736_variant1" classname="org.eclipse.cdt.core.parser.tests.ast2.AST2Tests" time="0.015"/>
  <testcase name="test186736_variant2" classname="org.eclipse.cdt.core.parser.tests.ast2.AST2Tests" time="0.008"/>
  <testcase name="testTypeOfPointerOperations" classname="org.eclipse.cdt.core.parser.tests.ast2.AST2Tests" time="0.034"/>
  <testcase name="testCompoundInitializer_145387" classname="org.eclipse.cdt.core.parser.tests.ast2.AST2Tests" time="0.005"/>
  <testcase name="testBug197633_parenthesisInVarargMacros" classname="org.eclipse.cdt.core.parser.tests.ast2.AST2Tests" time="0.004"/>
  <testcase name="testFunctionReturningPtrToArray_216609" classname="org.eclipse.cdt.core.parser.tests.ast2.AST2Tests" time="0.014"/>
  <testcase name="testReturnTypeOfBuiltin_234309" classname="org.eclipse.cdt.core.parser.tests.ast2.AST2Tests" time="0.008"/>
  <testcase name="testScalabilityOfLargeTrivialInitializer_253690" classname="org.eclipse.cdt.core.parser.tests.ast2.AST2Tests" time="2.272"/>
  <testcase name="testConstantExpressionBinding" classname="org.eclipse.cdt.core.parser.tests.ast2.AST2Tests" time="0.007"/>
  <testcase name="testTrailingSyntaxErrorInCompositeType" classname="org.eclipse.cdt.core.parser.tests.ast2.AST2Tests" time="0.009"/>
  <testcase name="testNestedFunctionDeclarators" classname="org.eclipse.cdt.core.parser.tests.ast2.AST2Tests" time="0.007"/>
  <testcase name="test88460" classname="org.eclipse.cdt.core.parser.tests.ast2.AST2Tests" time="0"/>
  <testcase name="test92791" classname="org.eclipse.cdt.core.parser.tests.ast2.AST2Tests" time="0.003"/>
  <testcase name="testSimpleFunctionCall" classname="org.eclipse.cdt.core.parser.tests.ast2.AST2Tests" time="0.004"/>
  <testcase name="testBug188855_gccExtensionForVariadicMacros" classname="org.eclipse.cdt.core.parser.tests.ast2.AST2Tests" time="0.013"/>
  <testcase name="testSkipAggregateInitializer_297550" classname="org.eclipse.cdt.core.parser.tests.ast2.AST2Tests" time="0.006"/>
  <testcase name="testFind" classname="org.eclipse.cdt.core.parser.tests.ast2.AST2Tests" time="0.003"/>
  <testcase name="testTypeofInsideQualifier_471907" classname="org.eclipse.cdt.core.parser.tests.ast2.AST2Tests" time="0.005"/>
  <testcase name="testTypeIdWithEqualsInitializer_484824" classname="org.eclipse.cdt.core.parser.tests.ast2.AST2Tests" time="0.005"/>
  <testcase name="testSyntax_250251" classname="org.eclipse.cdt.core.parser.tests.ast2.AST2Tests" time="0.006"/>
  <testcase name="testParameterBindings_316931" classname="org.eclipse.cdt.core.parser.tests.ast2.AST2Tests" time="0.006"/>
  <testcase name="testForLoop" classname="org.eclipse.cdt.core.parser.tests.ast2.AST2Tests" time="0.005"/>
  <testcase name="testPredefinedMacroNamesC" classname="org.eclipse.cdt.core.parser.tests.ast2.AST2Tests" time="0.007"/>
  <testcase name="testRedefinedGCCKeywords_226112" classname="org.eclipse.cdt.core.parser.tests.ast2.AST2Tests" time="0.006"/>
  <testcase name="testInactivePreprocessingStatements" classname="org.eclipse.cdt.core.parser.tests.ast2.AST2Tests" time="0.004"/>
  <testcase name="testVoidPointerInTernaryOperator_460741" classname="org.eclipse.cdt.core.parser.tests.ast2.AST2Tests" time="0.007"/>
  <testcase name="testAlignas_451082" classname="org.eclipse.cdt.core.parser.tests.ast2.AST2Tests" time="0.008"/>
  <testcase name="testTypePromotion_longint" classname="org.eclipse.cdt.core.parser.tests.ast2.AST2Tests" time="0.011"/>
  <testcase name="testArrayTypeToQualifiedPointerTypeParm" classname="org.eclipse.cdt.core.parser.tests.ast2.AST2Tests" time="0.001"/>
  <testcase name="testBug269705_int_literal" classname="org.eclipse.cdt.core.parser.tests.ast2.AST2Tests" time="0.007"/>
  <testcase name="testBug188707_backslashNewline" classname="org.eclipse.cdt.core.parser.tests.ast2.AST2Tests" time="0.004"/>
  <testcase name="testBug40768" classname="org.eclipse.cdt.core.parser.tests.ast2.AST2Tests" time="0.001"/>
  <testcase name="testBug43241" classname="org.eclipse.cdt.core.parser.tests.ast2.AST2Tests" time="0.002"/>
  <testcase name="testBug75189" classname="org.eclipse.cdt.core.parser.tests.ast2.AST2Tests" time="0.001"/>
  <testcase name="testBug75340" classname="org.eclipse.cdt.core.parser.tests.ast2.AST2Tests" time="0.001"/>
  <testcase name="testBug78103" classname="org.eclipse.cdt.core.parser.tests.ast2.AST2Tests" time="0.003"/>
  <testcase name="testBug79067" classname="org.eclipse.cdt.core.parser.tests.ast2.AST2Tests" time="0.003"/>
  <testcase name="testBug79650" classname="org.eclipse.cdt.core.parser.tests.ast2.AST2Tests" time="0.005"/>
  <testcase name="testBug80171" classname="org.eclipse.cdt.core.parser.tests.ast2.AST2Tests" time="0.001"/>
  <testcase name="testBug80978" classname="org.eclipse.cdt.core.parser.tests.ast2.AST2Tests" time="0.003"/>
  <testcase name="testBug80992" classname="org.eclipse.cdt.core.parser.tests.ast2.AST2Tests" time="0.002"/>
  <testcase name="testBug81739" classname="org.eclipse.cdt.core.parser.tests.ast2.AST2Tests" time="0.006"/>
  <testcase name="testBug83737" classname="org.eclipse.cdt.core.parser.tests.ast2.AST2Tests" time="0.005"/>
  <testcase name="testBug84176" classname="org.eclipse.cdt.core.parser.tests.ast2.AST2Tests" time="0.004"/>
  <testcase name="testBug84185" classname="org.eclipse.cdt.core.parser.tests.ast2.AST2Tests" time="0.006"/>
  <testcase name="testBug84186" classname="org.eclipse.cdt.core.parser.tests.ast2.AST2Tests" time="0.008"/>
  <testcase name="testBug84228" classname="org.eclipse.cdt.core.parser.tests.ast2.AST2Tests" time="0.004"/>
  <testcase name="testBug84236" classname="org.eclipse.cdt.core.parser.tests.ast2.AST2Tests" time="0.001"/>
  <testcase name="testBug84250" classname="org.eclipse.cdt.core.parser.tests.ast2.AST2Tests" time="0.001"/>
  <testcase name="testBug84266" classname="org.eclipse.cdt.core.parser.tests.ast2.AST2Tests" time="0.004"/>
  <testcase name="testBug84267" classname="org.eclipse.cdt.core.parser.tests.ast2.AST2Tests" time="0.003"/>
  <testcase name="testBug84759" classname="org.eclipse.cdt.core.parser.tests.ast2.AST2Tests" time="0.004"/>
  <testcase name="testBug85049" classname="org.eclipse.cdt.core.parser.tests.ast2.AST2Tests" time="0.004"/>
  <testcase name="testBug85786" classname="org.eclipse.cdt.core.parser.tests.ast2.AST2Tests" time="0.002"/>
  <testcase name="testBug86766" classname="org.eclipse.cdt.core.parser.tests.ast2.AST2Tests" time="0.001"/>
  <testcase name="testBug90253" classname="org.eclipse.cdt.core.parser.tests.ast2.AST2Tests" time="0.001"/>
  <testcase name="testBug93980" classname="org.eclipse.cdt.core.parser.tests.ast2.AST2Tests" time="0.007"/>
  <testcase name="testBug94365" classname="org.eclipse.cdt.core.parser.tests.ast2.AST2Tests" time="0.004"/>
  <testcase name="testBug95720" classname="org.eclipse.cdt.core.parser.tests.ast2.AST2Tests" time="0.003"/>
  <testcase name="testBug95757" classname="org.eclipse.cdt.core.parser.tests.ast2.AST2Tests" time="0.004"/>
  <testcase name="testBug95866" classname="org.eclipse.cdt.core.parser.tests.ast2.AST2Tests" time="0.004"/>
  <testcase name="testBug98365" classname="org.eclipse.cdt.core.parser.tests.ast2.AST2Tests" time="0.004"/>
  <testcase name="testBug98502" classname="org.eclipse.cdt.core.parser.tests.ast2.AST2Tests" time="0.001"/>
  <testcase name="testBug98760" classname="org.eclipse.cdt.core.parser.tests.ast2.AST2Tests" time="0.007"/>
  <testcase name="testBug98960" classname="org.eclipse.cdt.core.parser.tests.ast2.AST2Tests" time="0.003"/>
  <testcase name="testBug99262" classname="org.eclipse.cdt.core.parser.tests.ast2.AST2Tests" time="0.002"/>
  <testcase name="testTypePromotion_signedAndUnsignedInts" classname="org.eclipse.cdt.core.parser.tests.ast2.AST2Tests" time="0.013"/>
  <testcase name="testTypePromotion_float" classname="org.eclipse.cdt.core.parser.tests.ast2.AST2Tests" time="0.013"/>
  <testcase name="testEnumerationForwards" classname="org.eclipse.cdt.core.parser.tests.ast2.AST2Tests" time="0.004"/>
  <testcase name="testBug84185_2" classname="org.eclipse.cdt.core.parser.tests.ast2.AST2Tests" time="0.003"/>
  <testcase name="testPtrDiffRecursion_317004" classname="org.eclipse.cdt.core.parser.tests.ast2.AST2Tests" time="0.134"/>
  <testcase name="testBug84266_2" classname="org.eclipse.cdt.core.parser.tests.ast2.AST2Tests" time="0.001"/>
  <testcase name="testDroppingOfStorageDecl_293322" classname="org.eclipse.cdt.core.parser.tests.ast2.AST2Tests" time="0.006"/>
  <testcase name="testTypeOfExpressionWithTypedef_380498_1" classname="org.eclipse.cdt.core.parser.tests.ast2.AST2Tests" time="0.007"/>
  <testcase name="testTypeOfExpressionWithTypedef_380498_2" classname="org.eclipse.cdt.core.parser.tests.ast2.AST2Tests" time="0.007"/>
  <testcase name="testBug183126_nestedLinkageSpecs" classname="org.eclipse.cdt.core.parser.tests.ast2.AST2Tests" time="0.026"/>
  <testcase name="testMoregetDeclarationsInAST1" classname="org.eclipse.cdt.core.parser.tests.ast2.AST2Tests" time="0.008"/>
  <testcase name="testMoregetDeclarationsInAST2" classname="org.eclipse.cdt.core.parser.tests.ast2.AST2Tests" time="0.004"/>
  <testcase name="testMoregetDeclarationsInAST3" classname="org.eclipse.cdt.core.parser.tests.ast2.AST2Tests" time="0.004"/>
  <testcase name="testBug88338_C" classname="org.eclipse.cdt.core.parser.tests.ast2.AST2Tests" time="0.001"/>
  <testcase name="testTypePromotion_char" classname="org.eclipse.cdt.core.parser.tests.ast2.AST2Tests" time="0.017"/>
  <testcase name="testTypePromotion_double" classname="org.eclipse.cdt.core.parser.tests.ast2.AST2Tests" time="0.017"/>
  <testcase name="testLargeExpression_294029" classname="org.eclipse.cdt.core.parser.tests.ast2.AST2Tests" time="0.021"/>
  <testcase name="testExpressionLabelReference_84144" classname="org.eclipse.cdt.core.parser.tests.ast2.AST2Tests" time="0.02"/>
  <testcase name="testTypedefExample4a" classname="org.eclipse.cdt.core.parser.tests.ast2.AST2Tests" time="0.004"/>
  <testcase name="testTypedefExample4b" classname="org.eclipse.cdt.core.parser.tests.ast2.AST2Tests" time="0.007"/>
  <testcase name="testTypedefExample4c" classname="org.eclipse.cdt.core.parser.tests.ast2.AST2Tests" time="0.006"/>
  <testcase name="testRedefineStructInScopeThatIsFullyResolved" classname="org.eclipse.cdt.core.parser.tests.ast2.AST2Tests" time="0.008"/>
  <testcase name="testRestrictReference_227110" classname="org.eclipse.cdt.core.parser.tests.ast2.AST2Tests" time="0.006"/>
  <testcase name="testSizeofFunctionType_252243" classname="org.eclipse.cdt.core.parser.tests.ast2.AST2Tests" time="0.009"/>
  <testcase name="testExternalDefs" classname="org.eclipse.cdt.core.parser.tests.ast2.AST2Tests" time="0.005"/>
  <testcase name="testFunctionTypes" classname="org.eclipse.cdt.core.parser.tests.ast2.AST2Tests" time="0.006"/>
  <testcase name="testBug191450_attributesInBetweenPointers" classname="org.eclipse.cdt.core.parser.tests.ast2.AST2Tests" time="0.012"/>
  <testcase name="testSimpleStruct" classname="org.eclipse.cdt.core.parser.tests.ast2.AST2Tests" time="0.003"/>
  <testcase name="testTypePromotion_longlongint" classname="org.eclipse.cdt.core.parser.tests.ast2.AST2Tests" time="0.017"/>
  <testcase name="testProblems" classname="org.eclipse.cdt.core.parser.tests.ast2.AST2Tests" time="0.002"/>
  <testcase name="testBug181305_1" classname="org.eclipse.cdt.core.parser.tests.ast2.AST2Tests" time="0.01"/>
  <testcase name="testBug181305_2" classname="org.eclipse.cdt.core.parser.tests.ast2.AST2Tests" time="0.012"/>
  <testcase name="testVaArgWithFunctionPtr_311030" classname="org.eclipse.cdt.core.parser.tests.ast2.AST2Tests" time="0.013"/>
  <testcase name="testPromotionInUnaryExpressions" classname="org.eclipse.cdt.core.parser.tests.ast2.AST2Tests" time="0.014"/>
  <testcase name="testMacroCommentsBug_177154" classname="org.eclipse.cdt.core.parser.tests.ast2.AST2Tests" time="0.004"/>
  <testcase name="testBug210019_designatedInitializers" classname="org.eclipse.cdt.core.parser.tests.ast2.AST2Tests" time="0.013"/>
  <testcase name="testTrailingSyntax_250251" classname="org.eclipse.cdt.core.parser.tests.ast2.AST2Tests" time="0.019"/>
  <testcase name="test1043290" classname="org.eclipse.cdt.core.parser.tests.ast2.AST2Tests" time="0.004"/>
  <testcase name="testRecursiveFunctionType_321856" classname="org.eclipse.cdt.core.parser.tests.ast2.AST2Tests" time="0.007"/>
  <testcase name="testLeadingSyntax_250251" classname="org.eclipse.cdt.core.parser.tests.ast2.AST2Tests" time="0.007"/>
  <testcase name="testCompoundLiterals_258496" classname="org.eclipse.cdt.core.parser.tests.ast2.AST2Tests" time="0.012"/>
  <testcase name="testLocalVsGlobalStruct_255973" classname="org.eclipse.cdt.core.parser.tests.ast2.AST2Tests" time="0.012"/>
  <testcase name="testBug196468_emptyArrayInitializer" classname="org.eclipse.cdt.core.parser.tests.ast2.AST2Tests" time="0.005"/>
  <testcase name="testBug100408" classname="org.eclipse.cdt.core.parser.tests.ast2.AST2Tests" time="0.001"/>
  <testcase name="testBug104800" classname="org.eclipse.cdt.core.parser.tests.ast2.AST2Tests" time="0.005"/>
  <testcase name="testBug107150" classname="org.eclipse.cdt.core.parser.tests.ast2.AST2Tests" time="0.002"/>
  <testcase name="testBug143502" classname="org.eclipse.cdt.core.parser.tests.ast2.AST2Tests" time="0.004"/>
  <testcase name="testBug179383" classname="org.eclipse.cdt.core.parser.tests.ast2.AST2Tests" time="0.003"/>
  <testcase name="testBug181735" classname="org.eclipse.cdt.core.parser.tests.ast2.AST2Tests" time="0.003"/>
  <testcase name="testBug181942" classname="org.eclipse.cdt.core.parser.tests.ast2.AST2Tests" time="0.006"/>
  <testcase name="testBug182464" classname="org.eclipse.cdt.core.parser.tests.ast2.AST2Tests" time="0.006"/>
  <testcase name="testBug186018" classname="org.eclipse.cdt.core.parser.tests.ast2.AST2Tests" time="0.005"/>
  <testcase name="testBug192165" classname="org.eclipse.cdt.core.parser.tests.ast2.AST2Tests" time="0.008"/>
  <testcase name="testAmbiguousStatement_360541" classname="org.eclipse.cdt.core.parser.tests.ast2.AST2Tests" time="0.007"/>
  <testcase name="testBug240567" classname="org.eclipse.cdt.core.parser.tests.ast2.AST2Tests" time="0.004"/>
  <testcase name="testBug273797" classname="org.eclipse.cdt.core.parser.tests.ast2.AST2Tests" time="0.005"/>
  <testcase name="testBug277458" classname="org.eclipse.cdt.core.parser.tests.ast2.AST2Tests" time="0.013"/>
  <testcase name="testBug278797" classname="org.eclipse.cdt.core.parser.tests.ast2.AST2Tests" time="0.005"/>
  <testcase name="testBug284248" classname="org.eclipse.cdt.core.parser.tests.ast2.AST2Tests" time="0.012"/>
  <testcase name="testBug295851" classname="org.eclipse.cdt.core.parser.tests.ast2.AST2Tests" time="0.014"/>
  <testcase name="testCVQualifiedTypesInConversionOperator_495423" classname="org.eclipse.cdt.core.parser.tests.ast2.AST2Tests" time="0.008"/>
  <testcase name="testMacroReferences_399394" classname="org.eclipse.cdt.core.parser.tests.ast2.AST2Tests" time="0.004"/>
  <testcase name="testBug95119_a" classname="org.eclipse.cdt.core.parser.tests.ast2.AST2Tests" time="0.003"/>
  <testcase name="testBug95119_b" classname="org.eclipse.cdt.core.parser.tests.ast2.AST2Tests" time="0.002"/>
  <testcase name="testEmptyTrailingMacro_303152" classname="org.eclipse.cdt.core.parser.tests.ast2.AST2Tests" time="0.005"/>
  <testcase name="testCaseRange_211882" classname="org.eclipse.cdt.core.parser.tests.ast2.AST2Tests" time="0.006"/>
  <testcase name="testGCCDecltype_397227" classname="org.eclipse.cdt.core.parser.tests.ast2.AST2Tests" time="0.007"/>
  <testcase name="testArrayPointerFunction" classname="org.eclipse.cdt.core.parser.tests.ast2.AST2Tests" time="0.001"/>
  <testcase name="testFnReturningPtrToFn" classname="org.eclipse.cdt.core.parser.tests.ast2.AST2Tests" time="0.001"/>
  <testcase name="testDesignatedInitializers" classname="org.eclipse.cdt.core.parser.tests.ast2.AST2Tests" time="0.006"/>
  <testcase name="testMacOS9LineEnding_151329a" classname="org.eclipse.cdt.core.parser.tests.ast2.AST2Tests" time="0.001"/>
  <testcase name="testSizeofUnaryWithParenthesis_227122" classname="org.eclipse.cdt.core.parser.tests.ast2.AST2Tests" time="0.005"/>
  <testcase name="testCastVsFunctionCallAmbiguities_237057" classname="org.eclipse.cdt.core.parser.tests.ast2.AST2Tests" time="0.051"/>
  <testcase name="testTypenameInExpression" classname="org.eclipse.cdt.core.parser.tests.ast2.AST2Tests" time="0.008"/>
  <testcase name="testCommentAfterMacroExpansion_367827" classname="org.eclipse.cdt.core.parser.tests.ast2.AST2Tests" time="0.004"/>
  <testcase name="testVariadicCFunction_452416" classname="org.eclipse.cdt.core.parser.tests.ast2.AST2Tests" time="0.005"/>
  <testcase name="testBug222418_a" classname="org.eclipse.cdt.core.parser.tests.ast2.AST2Tests" time="0.008"/>
  <testcase name="testBug222418_b" classname="org.eclipse.cdt.core.parser.tests.ast2.AST2Tests" time="0.008"/>
  <testcase name="testBug222418_c" classname="org.eclipse.cdt.core.parser.tests.ast2.AST2Tests" time="0.008"/>
  <testcase name="testBug222418_d" classname="org.eclipse.cdt.core.parser.tests.ast2.AST2Tests" time="0.005"/>
  <testcase name="testBug222418_e" classname="org.eclipse.cdt.core.parser.tests.ast2.AST2Tests" time="0.01"/>
  <testcase name="testBug222418_f" classname="org.eclipse.cdt.core.parser.tests.ast2.AST2Tests" time="0.009"/>
  <testcase name="testBug222418_j" classname="org.eclipse.cdt.core.parser.tests.ast2.AST2Tests" time="0.012"/>
  <testcase name="testBug222444_a" classname="org.eclipse.cdt.core.parser.tests.ast2.AST2Tests" time="0.008"/>
  <testcase name="testBug222444_b" classname="org.eclipse.cdt.core.parser.tests.ast2.AST2Tests" time="0.006"/>
  <testcase name="testBug222444_c" classname="org.eclipse.cdt.core.parser.tests.ast2.AST2Tests" time="0.005"/>
  <testcase name="testBug94673_refsForMacrosAsArguments" classname="org.eclipse.cdt.core.parser.tests.ast2.AST2Tests" time="0.005"/>
  <testcase name="testLabelResolution_484979" classname="org.eclipse.cdt.core.parser.tests.ast2.AST2Tests" time="0.018"/>
  <testcase name="testGetChildren_256127" classname="org.eclipse.cdt.core.parser.tests.ast2.AST2Tests" time="0.005"/>
  <testcase name="testMaxOS9LineEnding_151329b" classname="org.eclipse.cdt.core.parser.tests.ast2.AST2Tests" time="0.002"/>
  <testcase name="testBinaryVsCastAmbiguities_237057" classname="org.eclipse.cdt.core.parser.tests.ast2.AST2Tests" time="0.034"/>
  <testcase name="testEmptyDeclarations" classname="org.eclipse.cdt.core.parser.tests.ast2.AST2Tests" time="0.006"/>
  <testcase name="testTypeofUnaryExpression_226492" classname="org.eclipse.cdt.core.parser.tests.ast2.AST2Tests" time="0.007"/>
  <testcase name="testAttributeSyntax_298841" classname="org.eclipse.cdt.core.parser.tests.ast2.AST2Tests" time="0.007"/>
  <testcase name="testTypeAsExpressionIsProblem_261175" classname="org.eclipse.cdt.core.parser.tests.ast2.AST2Tests" time="0.005"/>
  <testcase name="testRedefinePtrdiff_230895" classname="org.eclipse.cdt.core.parser.tests.ast2.AST2Tests" time="0.005"/>
  <testcase name="testNonTrivialInitializer_253690" classname="org.eclipse.cdt.core.parser.tests.ast2.AST2Tests" time="0.007"/>
  <testcase name="test167833" classname="org.eclipse.cdt.core.parser.tests.ast2.AST2Tests" time="0.01"/>
  <testcase name="test186736" classname="org.eclipse.cdt.core.parser.tests.ast2.AST2Tests" time="0.017"/>
  <testcase name="test192639" classname="org.eclipse.cdt.core.parser.tests.ast2.AST2Tests" time="0.007"/>
  <testcase name="test195943" classname="org.eclipse.cdt.core.parser.tests.ast2.AST2Tests" time="0.008"/>
  <testcase name="testOctalFloatingPointLiteral_394048" classname="org.eclipse.cdt.core.parser.tests.ast2.AST2Tests" time="0.005"/>
  <testcase name="testOmittedPositiveExpression_212905" classname="org.eclipse.cdt.core.parser.tests.ast2.AST2Tests" time="0.004"/>
  <testcase name="testTypePromotion_long_double" classname="org.eclipse.cdt.core.parser.tests.ast2.AST2Tests" time="0.018"/>
  <testcase name="testComplexParameterBinding_214482" classname="org.eclipse.cdt.core.parser.tests.ast2.AST2Tests" time="0.008"/>
  <testcase name="testArrayTypesInConditionalExpression_520049" classname="org.eclipse.cdt.core.parser.tests.ast2.AST2Tests" time="0.032"/>
  <testcase name="testCompoundStatementExpression_226274" classname="org.eclipse.cdt.core.parser.tests.ast2.AST2Tests" time="0.007"/>
  <testcase name="testTypeofStatementExpressionInCastExpression_427950" classname="org.eclipse.cdt.core.parser.tests.ast2.AST2Tests" time="0.005"/>
  <testcase name="testTypeOfSizeof_355052" classname="org.eclipse.cdt.core.parser.tests.ast2.AST2Tests" time="0.008"/>
  <testcase name="testExpressionLabelReferenceCast_486140a" classname="org.eclipse.cdt.core.parser.tests.ast2.AST2Tests" time="0.007"/>
  <testcase name="testExpressionLabelReferenceCast_486140b" classname="org.eclipse.cdt.core.parser.tests.ast2.AST2Tests" time="0.006"/>
  <testcase name="testBug84096_FieldDesignatorRef" classname="org.eclipse.cdt.core.parser.tests.ast2.AST2Tests" time="0.001"/>
  <testcase name="testFunctionReturningFunctionPointer_413204" classname="org.eclipse.cdt.core.parser.tests.ast2.AST2Tests" time="0.006"/>
  <testcase name="testParameterRedeclaration_301779" classname="org.eclipse.cdt.core.parser.tests.ast2.AST2Tests" time="0.006"/>
  <testcase name="testInfiniteRecursion_269052" classname="org.eclipse.cdt.core.parser.tests.ast2.AST2Tests" time="0.005"/>
  <testcase name="testDeepElseif_298455" classname="org.eclipse.cdt.core.parser.tests.ast2.AST2Tests" time="0.798"/>
  <testcase name="testAmbiguousDeclaration_259373" classname="org.eclipse.cdt.core.parser.tests.ast2.AST2Tests" time="0.009"/>
  <testcase name="testPragmaOperator_294730" classname="org.eclipse.cdt.core.parser.tests.ast2.AST2Tests" time="0.016"/>
  <testcase name="testBug222418_b_regression" classname="org.eclipse.cdt.core.parser.tests.ast2.AST2Tests" time="0.005"/>
  <testcase name="testBinaryExprNotMisparsedAsCast_486140" classname="org.eclipse.cdt.core.parser.tests.ast2.AST2Tests" time="0.01"/>
  <testcase name="testEnumerations" classname="org.eclipse.cdt.core.parser.tests.ast2.AST2Tests" time="0.005"/>
  <testcase name="testPointerOperatorsAsChildren_260461" classname="org.eclipse.cdt.core.parser.tests.ast2.AST2Tests" time="0.005"/>
  <testcase name="testPredefinedFunctionName_247747" classname="org.eclipse.cdt.core.parser.tests.ast2.AST2Tests" time="0.008"/>
  <testcase name="testFunctionNameExpression" classname="org.eclipse.cdt.core.parser.tests.ast2.AST2Tests" time="0.007"/>
  <testcase name="testTypeofExpressionWithAttribute_226492" classname="org.eclipse.cdt.core.parser.tests.ast2.AST2Tests" time="0.008"/>
  <testcase name="testFunctionDeclViaTypedef_86495" classname="org.eclipse.cdt.core.parser.tests.ast2.AST2Tests" time="0.006"/>
  <testcase name="testBug228422_noKnrParam" classname="org.eclipse.cdt.core.parser.tests.ast2.AST2Tests" time="0.004"/>
  <testcase name="testCommentInExpansion_84276" classname="org.eclipse.cdt.core.parser.tests.ast2.AST2Tests" time="0.004"/>
  <testcase name="testOutOfOrderResolution_232300" classname="org.eclipse.cdt.core.parser.tests.ast2.AST2Tests" time="0.007"/>
  <testcase name="testAtomicBuiltin_bug456131" classname="org.eclipse.cdt.core.parser.tests.ast2.AST2Tests" time="0.008"/>
  <testcase name="testAmbiguityResolutionInIfCondition_261043" classname="org.eclipse.cdt.core.parser.tests.ast2.AST2Tests" time="0.009"/>
  <testcase name="testSizeofExpression_362464" classname="org.eclipse.cdt.core.parser.tests.ast2.AST2Tests" time="0.006"/>
  <testcase name="testBug104390_2" classname="org.eclipse.cdt.core.parser.tests.ast2.AST2Tests" time="0.004"/>
  <testcase name="testSimpleFunction" classname="org.eclipse.cdt.core.parser.tests.ast2.AST2Tests" time="0.002"/>
  <testcase name="testTypedefWithSameName" classname="org.eclipse.cdt.core.parser.tests.ast2.AST2Tests" time="0.007"/>
  <testcase name="testBug202271_nameClash" classname="org.eclipse.cdt.core.parser.tests.ast2.AST2Tests" time="0.005"/>
  <testcase name="testExpressionFieldReference" classname="org.eclipse.cdt.core.parser.tests.ast2.AST2Tests" time="0.003"/>
  <testcase name="testParameterResolution" classname="org.eclipse.cdt.core.parser.tests.ast2.AST2Tests" time="0.007"/>
  <testcase name="testFunctionDefTypes" classname="org.eclipse.cdt.core.parser.tests.ast2.AST2Tests" time="0.002"/>
  <testcase name="testParamWithFunctionType_84242" classname="org.eclipse.cdt.core.parser.tests.ast2.AST2Tests" time="0.008"/>
  <testcase name="testPlacementNewInConditionalExpression_227104" classname="org.eclipse.cdt.core.parser.tests.ast2.AST2Tests" time="0.006"/>
  <testcase name="testStructureNamespace" classname="org.eclipse.cdt.core.parser.tests.ast2.AST2Tests" time="0.003"/>
  <testcase name="testLabels" classname="org.eclipse.cdt.core.parser.tests.ast2.AST2Tests" time="0.004"/>
  <testcase name="testBug107150b" classname="org.eclipse.cdt.core.parser.tests.ast2.AST2Tests" time="0.004"/>
  <testcase name="testBug228504_nonExistingMembers" classname="org.eclipse.cdt.core.parser.tests.ast2.AST2Tests" time="0.01"/>
  <testcase name="testBug222418_g_regression" classname="org.eclipse.cdt.core.parser.tests.ast2.AST2Tests" time="0.008"/>
  <testcase name="testNestedDeclarator_257540" classname="org.eclipse.cdt.core.parser.tests.ast2.AST2Tests" time="0.005"/>
  <testcase name="testNoSkipNonTrivialAggregateInitializer_412380" classname="org.eclipse.cdt.core.parser.tests.ast2.AST2Tests" time="0.006"/>
  <testcase name="testParamWithFunctionTypeCpp_84242" classname="org.eclipse.cdt.core.parser.tests.ast2.AST2Tests" time="0.004"/>
  <testcase name="testFieldDesignators" classname="org.eclipse.cdt.core.parser.tests.ast2.AST2Tests" time="0.005"/>
  <testcase name="testStructureTagScoping_1" classname="org.eclipse.cdt.core.parser.tests.ast2.AST2Tests" time="0.001"/>
  <testcase name="testStructureTagScoping_2" classname="org.eclipse.cdt.core.parser.tests.ast2.AST2Tests" time="0.002"/>
  <testcase name="testMemberAccessOnPointerType_526857" classname="org.eclipse.cdt.core.parser.tests.ast2.AST2Tests" time="0.005"/>
  <testcase name="testBug222418_h_regression" classname="org.eclipse.cdt.core.parser.tests.ast2.AST2Tests" time="0.004"/>
  <testcase name="testTypePromotion_int" classname="org.eclipse.cdt.core.parser.tests.ast2.AST2Tests" time="0.013"/>
  <testcase name="testBracketAroundIdentifier_168924" classname="org.eclipse.cdt.core.parser.tests.ast2.AST2Tests" time="0.008"/>
  <testcase name="testBuiltinTypesCompatible_241570" classname="org.eclipse.cdt.core.parser.tests.ast2.AST2Tests" time="0.012"/>
  <testcase name="testValues" classname="org.eclipse.cdt.core.parser.tests.ast2.AST2Tests" time="0.007"/>
  <testcase name="testBasicFunction" classname="org.eclipse.cdt.core.parser.tests.ast2.AST2Tests" time="0.001"/>
  <testcase name="testAdressOfStringLiteral_252970" classname="org.eclipse.cdt.core.parser.tests.ast2.AST2Tests" time="0.005"/>
  <testcase name="testTrailingSyntaxErrorInTU" classname="org.eclipse.cdt.core.parser.tests.ast2.AST2Tests" time="0.004"/>
  <testcase name="testPredefinedFunctionNameGcc_247747" classname="org.eclipse.cdt.core.parser.tests.ast2.AST2Tests" time="0.014"/>
  <testcase name="testLocalVariableResolution_235831" classname="org.eclipse.cdt.core.parser.tests.ast2.AST2Tests" time="0.007"/>
  <testcase name="testAttributeInElaboratedTypeSpecifier_227085" classname="org.eclipse.cdt.core.parser.tests.ast2.AST2Tests" time="0.006"/>
  <testcase name="testBug222418_i_regression" classname="org.eclipse.cdt.core.parser.tests.ast2.AST2Tests" time="0.006"/>
  <testcase name="testAnonStruct" classname="org.eclipse.cdt.core.parser.tests.ast2.AST2Tests" time="0.003"/>
  <testcase name="testArraySubscriptExpressionGetExpressionType" classname="org.eclipse.cdt.core.parser.tests.ast2.AST2Tests" time="0.017"/>
  <testcase name="testAnonymousUnionMember" classname="org.eclipse.cdt.core.parser.tests.ast2.AST2Tests" time="0.013"/>
  <testcase name="testArrayPointer_261417" classname="org.eclipse.cdt.core.parser.tests.ast2.AST2Tests" time="0.006"/>
  <testcase name="testBindingsOnFields" classname="org.eclipse.cdt.core.parser.tests.ast2.AST2Tests" time="0.007"/>
  <testcase name="testNoSkipTrivialAggregateInitializer_412380" classname="org.eclipse.cdt.core.parser.tests.ast2.AST2Tests" time="0.009"/>
  <testcase name="testThreadLocalVariables_260387" classname="org.eclipse.cdt.core.parser.tests.ast2.AST2Tests" time="0.008"/>
  <testcase name="testSwitchWithoutCompound_105334" classname="org.eclipse.cdt.core.parser.tests.ast2.AST2Tests" time="0.005"/>
  <testcase name="testMultipleDeclarators" classname="org.eclipse.cdt.core.parser.tests.ast2.AST2Tests" time="0"/>
  <testcase name="_testBug210019_nestedDesignatedInitializers" classname="org.eclipse.cdt.core.parser.tests.ast2.AST2Tests" time="0.007"/>
  <testcase name="testGCCenum_2" classname="org.eclipse.cdt.core.parser.tests.ast2.GCCTests" time="0.002"/>
  <testcase name="testGCC20000314_1" classname="org.eclipse.cdt.core.parser.tests.ast2.GCCTests" time="0.001"/>
  <testcase name="testGCC20000314_2" classname="org.eclipse.cdt.core.parser.tests.ast2.GCCTests" time="0.002"/>
  <testcase name="testGCC20000412_1" classname="org.eclipse.cdt.core.parser.tests.ast2.GCCTests" time="0.002"/>
  <testcase name="testGCC20000412_2" classname="org.eclipse.cdt.core.parser.tests.ast2.GCCTests" time="0.001"/>
  <testcase name="testGCC20000412_3" classname="org.eclipse.cdt.core.parser.tests.ast2.GCCTests" time="0.004"/>
  <testcase name="testGCC20000412_4" classname="org.eclipse.cdt.core.parser.tests.ast2.GCCTests" time="0.003"/>
  <testcase name="testGCC20000412_5" classname="org.eclipse.cdt.core.parser.tests.ast2.GCCTests" time="0.002"/>
  <testcase name="testGCC20000605_2" classname="org.eclipse.cdt.core.parser.tests.ast2.GCCTests" time="0.002"/>
  <testcase name="testGCC20000605_3" classname="org.eclipse.cdt.core.parser.tests.ast2.GCCTests" time="0.001"/>
  <testcase name="testGCC20000113" classname="org.eclipse.cdt.core.parser.tests.ast2.GCCTests" time="0.005"/>
  <testcase name="testGCC20000205" classname="org.eclipse.cdt.core.parser.tests.ast2.GCCTests" time="0.001"/>
  <testcase name="testGCC20000217" classname="org.eclipse.cdt.core.parser.tests.ast2.GCCTests" time="0.002"/>
  <testcase name="testGCC20000224" classname="org.eclipse.cdt.core.parser.tests.ast2.GCCTests" time="0.003"/>
  <testcase name="testGCC20000225" classname="org.eclipse.cdt.core.parser.tests.ast2.GCCTests" time="0.002"/>
  <testcase name="testGCC20000227" classname="org.eclipse.cdt.core.parser.tests.ast2.GCCTests" time="0.002"/>
  <testcase name="testGCC20000313" classname="org.eclipse.cdt.core.parser.tests.ast2.GCCTests" time="0.002"/>
  <testcase name="testGCC20000403" classname="org.eclipse.cdt.core.parser.tests.ast2.GCCTests" time="0.003"/>
  <testcase name="testGCC20000419" classname="org.eclipse.cdt.core.parser.tests.ast2.GCCTests" time="0.002"/>
  <testcase name="testGCC20000503" classname="org.eclipse.cdt.core.parser.tests.ast2.GCCTests" time="0.001"/>
  <testcase name="testGCC20000511" classname="org.eclipse.cdt.core.parser.tests.ast2.GCCTests" time="0.003"/>
  <testcase name="testGCC20000603" classname="org.eclipse.cdt.core.parser.tests.ast2.GCCTests" time="0.002"/>
  <testcase name="testConstructorCall" classname="org.eclipse.cdt.core.parser.tests.ast2.AST2CPPTests" time="0.024"/>
  <testcase name="testTrailingSyntaxErrorInNamespace" classname="org.eclipse.cdt.core.parser.tests.ast2.AST2CPPTests" time="0.003"/>
  <testcase name="testSimpleClass" classname="org.eclipse.cdt.core.parser.tests.ast2.AST2CPPTests" time="0.002"/>
  <testcase name="testOverridden_248846" classname="org.eclipse.cdt.core.parser.tests.ast2.AST2CPPTests" time="0.006"/>
  <testcase name="testFieldAndNestedTypeWithSameName_425033" classname="org.eclipse.cdt.core.parser.tests.ast2.AST2CPPTests" time="0.008"/>
  <testcase name="testDecltypeAutoTrailingReturnTypeConstDecltype_527553" classname="org.eclipse.cdt.core.parser.tests.ast2.AST2CPPTests" time="0.008"/>
  <testcase name="testUsingDirectiveNamespaceWithPreviousFunctionName_517402" classname="org.eclipse.cdt.core.parser.tests.ast2.AST2CPPTests" time="0.016"/>
  <testcase name="testAmbiguity" classname="org.eclipse.cdt.core.parser.tests.ast2.AST2CPPTests" time="0.004"/>
  <testcase name="testThrowExpressionInConditional_396663" classname="org.eclipse.cdt.core.parser.tests.ast2.AST2CPPTests" time="0.013"/>
  <testcase name="testNameLookupInDefaultArgument_432701" classname="org.eclipse.cdt.core.parser.tests.ast2.AST2CPPTests" time="0.009"/>
  <testcase name="testStringLiteralPrefixTypes_526724" classname="org.eclipse.cdt.core.parser.tests.ast2.AST2CPPTests" time="0.006"/>
  <testcase name="testOverloadedOperator_248803" classname="org.eclipse.cdt.core.parser.tests.ast2.AST2CPPTests" time="0.008"/>
  <testcase name="testExtendedNamespaces" classname="org.eclipse.cdt.core.parser.tests.ast2.AST2CPPTests" time="0.002"/>
  <testcase name="testUserDefinedLiteralConcatenation_528196_1a" classname="org.eclipse.cdt.core.parser.tests.ast2.AST2CPPTests" time="0.01"/>
  <testcase name="testUserDefinedLiteralConcatenation_528196_1b" classname="org.eclipse.cdt.core.parser.tests.ast2.AST2CPPTests" time="0.012"/>
  <testcase name="testUserDefinedLiteralConcatenation_528196_1c" classname="org.eclipse.cdt.core.parser.tests.ast2.AST2CPPTests" time="0.011"/>
  <testcase name="testUserDefinedLiteralConcatenation_528196_2a" classname="org.eclipse.cdt.core.parser.tests.ast2.AST2CPPTests" time="0.008"/>
  <testcase name="testUserDefinedLiteralConcatenation_528196_2b" classname="org.eclipse.cdt.core.parser.tests.ast2.AST2CPPTests" time="0.009"/>
  <testcase name="testUserDefinedLiteralConcatenation_528196_2c" classname="org.eclipse.cdt.core.parser.tests.ast2.AST2CPPTests" time="0.007"/>
  <testcase name="testUserDefinedLiteralConcatenation_528196_3a" classname="org.eclipse.cdt.core.parser.tests.ast2.AST2CPPTests" time="0.007"/>
  <testcase name="testUserDefinedLiteralConcatenation_528196_3b" classname="org.eclipse.cdt.core.parser.tests.ast2.AST2CPPTests" time="0.007"/>
  <testcase name="testUserDefinedLiteralConcatenation_528196_3c" classname="org.eclipse.cdt.core.parser.tests.ast2.AST2CPPTests" time="0.008"/>
  <testcase name="testUserDefinedLiteralConcatenation_528196_4a" classname="org.eclipse.cdt.core.parser.tests.ast2.AST2CPPTests" time="0.007"/>
  <testcase name="testUserDefinedLiteralConcatenation_528196_4b" classname="org.eclipse.cdt.core.parser.tests.ast2.AST2CPPTests" time="0.007"/>
  <testcase name="testUserDefinedLiteralConcatenation_528196_4c" classname="org.eclipse.cdt.core.parser.tests.ast2.AST2CPPTests" time="0.008"/>
  <testcase name="testInitializeUnsigned_245070" classname="org.eclipse.cdt.core.parser.tests.ast2.AST2CPPTests" time="0.004"/>
  <testcase name="testDoublesUserDefinedLiterals" classname="org.eclipse.cdt.core.parser.tests.ast2.AST2CPPTests" time="0.007"/>
  <testcase name="testFinalTemplateMethod" classname="org.eclipse.cdt.core.parser.tests.ast2.AST2CPPTests" time="0.01"/>
  <testcase name="testModeAttribute_330635" classname="org.eclipse.cdt.core.parser.tests.ast2.AST2CPPTests" time="0.029"/>
  <testcase name="testRValueReference_294730" classname="org.eclipse.cdt.core.parser.tests.ast2.AST2CPPTests" time="0.013"/>
  <testcase name="testVariableDefVsDecl_286259" classname="org.eclipse.cdt.core.parser.tests.ast2.AST2CPPTests" time="0.008"/>
  <testcase name="testVariableDefVsDecl_292635" classname="org.eclipse.cdt.core.parser.tests.ast2.AST2CPPTests" time="0.008"/>
  <testcase name="testAutoTypeInRangeBasedFor_332883a" classname="org.eclipse.cdt.core.parser.tests.ast2.AST2CPPTests" time="0.01"/>
  <testcase name="testAutoTypeInRangeBasedFor_332883b" classname="org.eclipse.cdt.core.parser.tests.ast2.AST2CPPTests" time="0.011"/>
  <testcase name="testAutoTypeInRangeBasedFor_332883c" classname="org.eclipse.cdt.core.parser.tests.ast2.AST2CPPTests" time="0.015"/>
  <testcase name="testArrayTypeSizeFromInitializer_294144" classname="org.eclipse.cdt.core.parser.tests.ast2.AST2CPPTests" time="0.01"/>
  <testcase name="testBug88338_CPP" classname="org.eclipse.cdt.core.parser.tests.ast2.AST2CPPTests" time="0.002"/>
  <testcase name="testBlockTraversal" classname="org.eclipse.cdt.core.parser.tests.ast2.AST2CPPTests" time="0.002"/>
  <testcase name="testUserDefinedLiteralNoWhiteSpace1" classname="org.eclipse.cdt.core.parser.tests.ast2.AST2CPPTests" time="0.011"/>
  <testcase name="testUserDefinedLiteralNoWhiteSpace2" classname="org.eclipse.cdt.core.parser.tests.ast2.AST2CPPTests" time="0.012"/>
  <testcase name="testNameHiding" classname="org.eclipse.cdt.core.parser.tests.ast2.AST2CPPTests" time="0.003"/>
  <testcase name="testLambdaInDefaultMemberInitializer_494182" classname="org.eclipse.cdt.core.parser.tests.ast2.AST2CPPTests" time="0.042"/>
  <testcase name="testExplicitDefaultConstructor_183160" classname="org.eclipse.cdt.core.parser.tests.ast2.AST2CPPTests" time="0.011"/>
  <testcase name="testOverloadedRefQualifiedConversionOperators_506728" classname="org.eclipse.cdt.core.parser.tests.ast2.AST2CPPTests" time="0.003"/>
  <testcase name="testCompleteArrayTypeWithIncompleteDeclaration_294144" classname="org.eclipse.cdt.core.parser.tests.ast2.AST2CPPTests" time="0.009"/>
  <testcase name="testTypedefRecursion_285457" classname="org.eclipse.cdt.core.parser.tests.ast2.AST2CPPTests" time="0.006"/>
  <testcase name="testADL_299101" classname="org.eclipse.cdt.core.parser.tests.ast2.AST2CPPTests" time="0.01"/>
  <testcase name="testCtorWithTypedef_269953" classname="org.eclipse.cdt.core.parser.tests.ast2.AST2CPPTests" time="0.008"/>
  <testcase name="testSyntax1_295064" classname="org.eclipse.cdt.core.parser.tests.ast2.AST2CPPTests" time="0.005"/>
  <testcase name="testListInitializer_495227" classname="org.eclipse.cdt.core.parser.tests.ast2.AST2CPPTests" time="0.017"/>
  <testcase name="testOrderOfAmbiguityResolution_259373" classname="org.eclipse.cdt.core.parser.tests.ast2.AST2CPPTests" time="0.007"/>
  <testcase name="testPureVirtualVsInitDeclarator_267184" classname="org.eclipse.cdt.core.parser.tests.ast2.AST2CPPTests" time="0.006"/>
  <testcase name="testADL_485710" classname="org.eclipse.cdt.core.parser.tests.ast2.AST2CPPTests" time="0.012"/>
  <testcase name="testAlignof_451082" classname="org.eclipse.cdt.core.parser.tests.ast2.AST2CPPTests" time="0.01"/>
  <testcase name="testMemberReference" classname="org.eclipse.cdt.core.parser.tests.ast2.AST2CPPTests" time="0.002"/>
  <testcase name="testBug263152a" classname="org.eclipse.cdt.core.parser.tests.ast2.AST2CPPTests" time="0.005"/>
  <testcase name="testBug263152b" classname="org.eclipse.cdt.core.parser.tests.ast2.AST2CPPTests" time="0.006"/>
  <testcase name="testFriend_275358" classname="org.eclipse.cdt.core.parser.tests.ast2.AST2CPPTests" time="0.003"/>
  <testcase name="testImplicitMethods" classname="org.eclipse.cdt.core.parser.tests.ast2.AST2CPPTests" time="0.003"/>
  <testcase name="testRecursiveClassInheritance_357256" classname="org.eclipse.cdt.core.parser.tests.ast2.AST2CPPTests" time="0.009"/>
  <testcase name="testTypedefQualified" classname="org.eclipse.cdt.core.parser.tests.ast2.AST2CPPTests" time="0.004"/>
  <testcase name="testAdditionalNamespaceLookup" classname="org.eclipse.cdt.core.parser.tests.ast2.AST2CPPTests" time="0.004"/>
  <testcase name="testFind_185408" classname="org.eclipse.cdt.core.parser.tests.ast2.AST2CPPTests" time="0.004"/>
  <testcase name="testMethodDeclaration" classname="org.eclipse.cdt.core.parser.tests.ast2.AST2CPPTests" time="0.001"/>
  <testcase name="testTypeOfNotExpression_265779" classname="org.eclipse.cdt.core.parser.tests.ast2.AST2CPPTests" time="0.005"/>
  <testcase name="testArrayToPointerConversion" classname="org.eclipse.cdt.core.parser.tests.ast2.AST2CPPTests" time="0.009"/>
  <testcase name="testWideCharacterLiteralTypes_270892" classname="org.eclipse.cdt.core.parser.tests.ast2.AST2CPPTests" time="0.007"/>
  <testcase name="testHiddenVirtualBase_282993" classname="org.eclipse.cdt.core.parser.tests.ast2.AST2CPPTests" time="0.006"/>
  <testcase name="testRankingOfQualificationConversion_269321" classname="org.eclipse.cdt.core.parser.tests.ast2.AST2CPPTests" time="0.007"/>
  <testcase name="testClassIndirectlyAggregatingItself_490475" classname="org.eclipse.cdt.core.parser.tests.ast2.AST2CPPTests" time="0.008"/>
  <testcase name="testConstMember_323599" classname="org.eclipse.cdt.core.parser.tests.ast2.AST2CPPTests" time="0.008"/>
  <testcase name="testFieldWithSameNameAsClass_326750" classname="org.eclipse.cdt.core.parser.tests.ast2.AST2CPPTests" time="0.013"/>
  <testcase name="testNamespaceAlias_b" classname="org.eclipse.cdt.core.parser.tests.ast2.AST2CPPTests" time="0.008"/>
  <testcase name="testStructureDef" classname="org.eclipse.cdt.core.parser.tests.ast2.AST2CPPTests" time="0.003"/>
  <testcase name="testNewCharacterTypes_305976" classname="org.eclipse.cdt.core.parser.tests.ast2.AST2CPPTests" time="0.012"/>
  <testcase name="testOverloadedFunction_248774" classname="org.eclipse.cdt.core.parser.tests.ast2.AST2CPPTests" time="0.008"/>
  <testcase name="testUserDefinedConversion_222444a" classname="org.eclipse.cdt.core.parser.tests.ast2.AST2CPPTests" time="0.008"/>
  <testcase name="testUserDefinedConversion_222444b" classname="org.eclipse.cdt.core.parser.tests.ast2.AST2CPPTests" time="0.006"/>
  <testcase name="testUserDefinedConversion_222444c" classname="org.eclipse.cdt.core.parser.tests.ast2.AST2CPPTests" time="0.009"/>
  <testcase name="testTemplateCTorWithTypedef_269953" classname="org.eclipse.cdt.core.parser.tests.ast2.AST2CPPTests" time="0.006"/>
  <testcase name="testImplicitConstructors_360223" classname="org.eclipse.cdt.core.parser.tests.ast2.AST2CPPTests" time="0.005"/>
  <testcase name="testVirtualParentLookup" classname="org.eclipse.cdt.core.parser.tests.ast2.AST2CPPTests" time="0.004"/>
  <testcase name="testPointerToFunction" classname="org.eclipse.cdt.core.parser.tests.ast2.AST2CPPTests" time="0.001"/>
  <testcase name="testRegression_484618" classname="org.eclipse.cdt.core.parser.tests.ast2.AST2CPPTests" time="0.008"/>
  <testcase name="testStructOwner_290693" classname="org.eclipse.cdt.core.parser.tests.ast2.AST2CPPTests" time="0.006"/>
  <testcase name="testSimpleTypeConstructorExpressions" classname="org.eclipse.cdt.core.parser.tests.ast2.AST2CPPTests" time="0.005"/>
  <testcase name="testADLForOperators_296906" classname="org.eclipse.cdt.core.parser.tests.ast2.AST2CPPTests" time="0.007"/>
  <testcase name="testParsingOfGcc5TypeTraitIntrinsics_485713" classname="org.eclipse.cdt.core.parser.tests.ast2.AST2CPPTests" time="0.013"/>
  <testcase name="testVariadicFunction_2500582" classname="org.eclipse.cdt.core.parser.tests.ast2.AST2CPPTests" time="0.008"/>
  <testcase name="testVariadicFunction_2500583" classname="org.eclipse.cdt.core.parser.tests.ast2.AST2CPPTests" time="0.006"/>
  <testcase name="testOverloadedOperatorWithEnumArgument_506672" classname="org.eclipse.cdt.core.parser.tests.ast2.AST2CPPTests" time="0.01"/>
  <testcase name="testIsClassBuiltinOnTypedef_522509" classname="org.eclipse.cdt.core.parser.tests.ast2.AST2CPPTests" time="0.008"/>
  <testcase name="testSizeofEmptyStruct_457770" classname="org.eclipse.cdt.core.parser.tests.ast2.AST2CPPTests" time="0.006"/>
  <testcase name="testOverloadedUnaryOperator_259927c" classname="org.eclipse.cdt.core.parser.tests.ast2.AST2CPPTests" time="0.007"/>
  <testcase name="testOverloadedUnaryOperator_259927d" classname="org.eclipse.cdt.core.parser.tests.ast2.AST2CPPTests" time="0.006"/>
  <testcase name="testOverloadedUnaryOperator_259927e" classname="org.eclipse.cdt.core.parser.tests.ast2.AST2CPPTests" time="0.008"/>
  <testcase name="testOverloadedUnaryOperator_259927f" classname="org.eclipse.cdt.core.parser.tests.ast2.AST2CPPTests" time="0.007"/>
  <testcase name="testStaticAssertions_294730" classname="org.eclipse.cdt.core.parser.tests.ast2.AST2CPPTests" time="0.008"/>
  <testcase name="testFriendFunction_438114" classname="org.eclipse.cdt.core.parser.tests.ast2.AST2CPPTests" time="0.005"/>
  <testcase name="testParentScopeOfCatchHandler_376246" classname="org.eclipse.cdt.core.parser.tests.ast2.AST2CPPTests" time="0.012"/>
  <testcase name="test86371" classname="org.eclipse.cdt.core.parser.tests.ast2.AST2CPPTests" time="0.003"/>
  <testcase name="testOperatorNames" classname="org.eclipse.cdt.core.parser.tests.ast2.AST2CPPTests" time="0.009"/>
  <testcase name="testField" classname="org.eclipse.cdt.core.parser.tests.ast2.AST2CPPTests" time="0.001"/>
  <testcase name="testSimpleFunctionCall" classname="org.eclipse.cdt.core.parser.tests.ast2.AST2CPPTests" time="0.002"/>
  <testcase name="testImplicitConstructorNameInTypeConstructorExpression_447431" classname="org.eclipse.cdt.core.parser.tests.ast2.AST2CPPTests" time="0.009"/>
  <testcase name="testOwner" classname="org.eclipse.cdt.core.parser.tests.ast2.AST2CPPTests" time="0.007"/>
  <testcase name="testResettingTemplateIdScopesStack_223777" classname="org.eclipse.cdt.core.parser.tests.ast2.AST2CPPTests" time="0.005"/>
  <testcase name="testNewPlacement" classname="org.eclipse.cdt.core.parser.tests.ast2.AST2CPPTests" time="0.007"/>
  <testcase name="testThis" classname="org.eclipse.cdt.core.parser.tests.ast2.AST2CPPTests" time="0.003"/>
  <testcase name="testExplicitCopyConstructor_183160" classname="org.eclipse.cdt.core.parser.tests.ast2.AST2CPPTests" time="0.008"/>
  <testcase name="testSizeofReference_397342" classname="org.eclipse.cdt.core.parser.tests.ast2.AST2CPPTests" time="0.009"/>
  <testcase name="testInlineFriendFunction_284690" classname="org.eclipse.cdt.core.parser.tests.ast2.AST2CPPTests" time="0.008"/>
  <testcase name="testForwardDeclarationAfterUsing_271236" classname="org.eclipse.cdt.core.parser.tests.ast2.AST2CPPTests" time="0.006"/>
  <testcase name="testOverloadResolution_262191" classname="org.eclipse.cdt.core.parser.tests.ast2.AST2CPPTests" time="0.007"/>
  <testcase name="testBuiltInOperator_423396" classname="org.eclipse.cdt.core.parser.tests.ast2.AST2CPPTests" time="0.008"/>
  <testcase name="testTypedefOfPointerInConditional_481078" classname="org.eclipse.cdt.core.parser.tests.ast2.AST2CPPTests" time="0.008"/>
  <testcase name="testOverloadedPointerToMemberOperator_488611" classname="org.eclipse.cdt.core.parser.tests.ast2.AST2CPPTests" time="0.008"/>
  <testcase name="testTypeLookupWithMultipleInheritance_286213" classname="org.eclipse.cdt.core.parser.tests.ast2.AST2CPPTests" time="0.006"/>
  <testcase name="testInvalidImplicitConstructorCall" classname="org.eclipse.cdt.core.parser.tests.ast2.AST2CPPTests" time="0.004"/>
  <testcase name="testGCCAttributeSequence_416430" classname="org.eclipse.cdt.core.parser.tests.ast2.AST2CPPTests" time="0.012"/>
  <testcase name="testForLoop" classname="org.eclipse.cdt.core.parser.tests.ast2.AST2CPPTests" time="0.004"/>
  <testcase name="testUserDefinedLiteralOperatorTypes1" classname="org.eclipse.cdt.core.parser.tests.ast2.AST2CPPTests" time="0.011"/>
  <testcase name="testUserDefinedLiteralOperatorTypes2" classname="org.eclipse.cdt.core.parser.tests.ast2.AST2CPPTests" time="0.012"/>
  <testcase name="testUserDefinedLiteralOperatorTypes3" classname="org.eclipse.cdt.core.parser.tests.ast2.AST2CPPTests" time="0.011"/>
  <testcase name="testCastToVoid_309155" classname="org.eclipse.cdt.core.parser.tests.ast2.AST2CPPTests" time="0.006"/>
  <testcase name="testEmptyDeclSpecifier" classname="org.eclipse.cdt.core.parser.tests.ast2.AST2CPPTests" time="0.007"/>
  <testcase name="testOrderInAmbiguityResolution_390759" classname="org.eclipse.cdt.core.parser.tests.ast2.AST2CPPTests" time="0.022"/>
  <testcase name="testMemberAccessForArray_347298" classname="org.eclipse.cdt.core.parser.tests.ast2.AST2CPPTests" time="0.007"/>
  <testcase name="testTypedefFunction" classname="org.eclipse.cdt.core.parser.tests.ast2.AST2CPPTests" time="0.001"/>
  <testcase name="testAlignas_451082" classname="org.eclipse.cdt.core.parser.tests.ast2.AST2CPPTests" time="0.014"/>
  <testcase name="testAlignas_475739" classname="org.eclipse.cdt.core.parser.tests.ast2.AST2CPPTests" time="0.01"/>
  <testcase name="testConstructors" classname="org.eclipse.cdt.core.parser.tests.ast2.AST2CPPTests" time="0.003"/>
  <testcase name="testClassDirectlyAggregatingItself_490475" classname="org.eclipse.cdt.core.parser.tests.ast2.AST2CPPTests" time="0.011"/>
  <testcase name="testMemberFunctionDisambiguationByCVness_238409" classname="org.eclipse.cdt.core.parser.tests.ast2.AST2CPPTests" time="0.017"/>
  <testcase name="testQualifiedTypedefs_222093" classname="org.eclipse.cdt.core.parser.tests.ast2.AST2CPPTests" time="0.007"/>
  <testcase name="testSizeofDouble_506170" classname="org.eclipse.cdt.core.parser.tests.ast2.AST2CPPTests" time="0.011"/>
  <testcase name="testTypeIdForPtrToMember_242197" classname="org.eclipse.cdt.core.parser.tests.ast2.AST2CPPTests" time="0.012"/>
  <testcase name="testAutoType_289542" classname="org.eclipse.cdt.core.parser.tests.ast2.AST2CPPTests" time="0.013"/>
  <testcase name="testNarrowingConversionsInListInitialization_389782" classname="org.eclipse.cdt.core.parser.tests.ast2.AST2CPPTests" time="0.02"/>
  <testcase name="testTemplateIDAmbiguity_104706" classname="org.eclipse.cdt.core.parser.tests.ast2.AST2CPPTests" time="0.008"/>
  <testcase name="testBug332114a" classname="org.eclipse.cdt.core.parser.tests.ast2.AST2CPPTests" time="0.015"/>
  <testcase name="testBug332114b" classname="org.eclipse.cdt.core.parser.tests.ast2.AST2CPPTests" time="0.014"/>
  <testcase name="testEnumDeclaredLaterInClass_491747" classname="org.eclipse.cdt.core.parser.tests.ast2.AST2CPPTests" time="0.013"/>
  <testcase name="testAutoType_305970" classname="org.eclipse.cdt.core.parser.tests.ast2.AST2CPPTests" time="0.009"/>
  <testcase name="testAutoType_305987" classname="org.eclipse.cdt.core.parser.tests.ast2.AST2CPPTests" time="0.01"/>
  <testcase name="testFunctionRedeclarations" classname="org.eclipse.cdt.core.parser.tests.ast2.AST2CPPTests" time="0.007"/>
  <testcase name="testTemplateIDAmbiguity_228118" classname="org.eclipse.cdt.core.parser.tests.ast2.AST2CPPTests" time="0.008"/>
  <testcase name="testNestedClassScopeInlineDefinition_401661" classname="org.eclipse.cdt.core.parser.tests.ast2.AST2CPPTests" time="0.011"/>
  <testcase name="testImplicitConstructors" classname="org.eclipse.cdt.core.parser.tests.ast2.AST2CPPTests" time="0.003"/>
  <testcase name="testBug40422" classname="org.eclipse.cdt.core.parser.tests.ast2.AST2CPPTests" time="0.002"/>
  <testcase name="testBug40768" classname="org.eclipse.cdt.core.parser.tests.ast2.AST2CPPTests" time="0.001"/>
  <testcase name="testBug43241" classname="org.eclipse.cdt.core.parser.tests.ast2.AST2CPPTests" time="0.002"/>
  <testcase name="testBug43242" classname="org.eclipse.cdt.core.parser.tests.ast2.AST2CPPTests" time="0.003"/>
  <testcase name="testBug43579" classname="org.eclipse.cdt.core.parser.tests.ast2.AST2CPPTests" time="0.003"/>
  <testcase name="testBug45129" classname="org.eclipse.cdt.core.parser.tests.ast2.AST2CPPTests" time="0.005"/>
  <testcase name="testBug59149" classname="org.eclipse.cdt.core.parser.tests.ast2.AST2CPPTests" time="0.003"/>
  <testcase name="testBug59302" classname="org.eclipse.cdt.core.parser.tests.ast2.AST2CPPTests" time="0.004"/>
  <testcase name="testBug75189" classname="org.eclipse.cdt.core.parser.tests.ast2.AST2CPPTests" time="0.001"/>
  <testcase name="testBug75340" classname="org.eclipse.cdt.core.parser.tests.ast2.AST2CPPTests" time="0.001"/>
  <testcase name="testBug75482" classname="org.eclipse.cdt.core.parser.tests.ast2.AST2CPPTests" time="0.004"/>
  <testcase name="testBug75858" classname="org.eclipse.cdt.core.parser.tests.ast2.AST2CPPTests" time="0.002"/>
  <testcase name="testBug77024" classname="org.eclipse.cdt.core.parser.tests.ast2.AST2CPPTests" time="0.007"/>
  <testcase name="testBug77385" classname="org.eclipse.cdt.core.parser.tests.ast2.AST2CPPTests" time="0.005"/>
  <testcase name="testBug77967" classname="org.eclipse.cdt.core.parser.tests.ast2.AST2CPPTests" time="0.001"/>
  <testcase name="testBug78103" classname="org.eclipse.cdt.core.parser.tests.ast2.AST2CPPTests" time="0.002"/>
  <testcase name="testBug78800" classname="org.eclipse.cdt.core.parser.tests.ast2.AST2CPPTests" time="0.002"/>
  <testcase name="testBug78883" classname="org.eclipse.cdt.core.parser.tests.ast2.AST2CPPTests" time="0.003"/>
  <testcase name="testBug79540" classname="org.eclipse.cdt.core.parser.tests.ast2.AST2CPPTests" time="0.002"/>
  <testcase name="testBug80940" classname="org.eclipse.cdt.core.parser.tests.ast2.AST2CPPTests" time="0.006"/>
  <testcase name="testConstexprVariableIsConst_451091" classname="org.eclipse.cdt.core.parser.tests.ast2.AST2CPPTests" time="0.034"/>
  <testcase name="testBug82766" classname="org.eclipse.cdt.core.parser.tests.ast2.AST2CPPTests" time="0.006"/>
  <testcase name="testBug8342b" classname="org.eclipse.cdt.core.parser.tests.ast2.AST2CPPTests" time="0.001"/>
  <testcase name="testBug83997" classname="org.eclipse.cdt.core.parser.tests.ast2.AST2CPPTests" time="0"/>
  <testcase name="testBug84228" classname="org.eclipse.cdt.core.parser.tests.ast2.AST2CPPTests" time="0.009"/>
  <testcase name="testBug84250" classname="org.eclipse.cdt.core.parser.tests.ast2.AST2CPPTests" time="0.003"/>
  <testcase name="testBug84266" classname="org.eclipse.cdt.core.parser.tests.ast2.AST2CPPTests" time="0.004"/>
  <testcase name="testBug84371" classname="org.eclipse.cdt.core.parser.tests.ast2.AST2CPPTests" time="0"/>
  <testcase name="testBug84466" classname="org.eclipse.cdt.core.parser.tests.ast2.AST2CPPTests" time="0.007"/>
  <testcase name="testBug84469" classname="org.eclipse.cdt.core.parser.tests.ast2.AST2CPPTests" time="0.003"/>
  <testcase name="testBug84476" classname="org.eclipse.cdt.core.parser.tests.ast2.AST2CPPTests" time="0.004"/>
  <testcase name="testBug84478" classname="org.eclipse.cdt.core.parser.tests.ast2.AST2CPPTests" time="0.008"/>
  <testcase name="testBug84610" classname="org.eclipse.cdt.core.parser.tests.ast2.AST2CPPTests" time="0.006"/>
  <testcase name="testBug84615" classname="org.eclipse.cdt.core.parser.tests.ast2.AST2CPPTests" time="0.003"/>
  <testcase name="testBug84679" classname="org.eclipse.cdt.core.parser.tests.ast2.AST2CPPTests" time="0.005"/>
  <testcase name="testBug84686" classname="org.eclipse.cdt.core.parser.tests.ast2.AST2CPPTests" time="0.004"/>
  <testcase name="testBug84692" classname="org.eclipse.cdt.core.parser.tests.ast2.AST2CPPTests" time="0.003"/>
  <testcase name="testBug84696" classname="org.eclipse.cdt.core.parser.tests.ast2.AST2CPPTests" time="0.007"/>
  <testcase name="testBug84703" classname="org.eclipse.cdt.core.parser.tests.ast2.AST2CPPTests" time="0.003"/>
  <testcase name="testBug84705" classname="org.eclipse.cdt.core.parser.tests.ast2.AST2CPPTests" time="0.005"/>
  <testcase name="testBug84710" classname="org.eclipse.cdt.core.parser.tests.ast2.AST2CPPTests" time="0"/>
  <testcase name="testBug85049" classname="org.eclipse.cdt.core.parser.tests.ast2.AST2CPPTests" time="0.004"/>
  <testcase name="testBug85786" classname="org.eclipse.cdt.core.parser.tests.ast2.AST2CPPTests" time="0.002"/>
  <testcase name="testBug85824" classname="org.eclipse.cdt.core.parser.tests.ast2.AST2CPPTests" time="0.005"/>
  <testcase name="testBug86267" classname="org.eclipse.cdt.core.parser.tests.ast2.AST2CPPTests" time="0.004"/>
  <testcase name="testBug86269" classname="org.eclipse.cdt.core.parser.tests.ast2.AST2CPPTests" time="0.006"/>
  <testcase name="testBug86274" classname="org.eclipse.cdt.core.parser.tests.ast2.AST2CPPTests" time="0.006"/>
  <testcase name="testBug86279" classname="org.eclipse.cdt.core.parser.tests.ast2.AST2CPPTests" time="0.011"/>
  <testcase name="testBug86282" classname="org.eclipse.cdt.core.parser.tests.ast2.AST2CPPTests" time="0.002"/>
  <testcase name="testBug86288" classname="org.eclipse.cdt.core.parser.tests.ast2.AST2CPPTests" time="0.001"/>
  <testcase name="testBug86306" classname="org.eclipse.cdt.core.parser.tests.ast2.AST2CPPTests" time="0.005"/>
  <testcase name="testBug86319" classname="org.eclipse.cdt.core.parser.tests.ast2.AST2CPPTests" time="0.004"/>
  <testcase name="testBug86336" classname="org.eclipse.cdt.core.parser.tests.ast2.AST2CPPTests" time="0.005"/>
  <testcase name="testBug86346" classname="org.eclipse.cdt.core.parser.tests.ast2.AST2CPPTests" time="0.004"/>
  <testcase name="testBug86350" classname="org.eclipse.cdt.core.parser.tests.ast2.AST2CPPTests" time="0.007"/>
  <testcase name="testBug86353" classname="org.eclipse.cdt.core.parser.tests.ast2.AST2CPPTests" time="0.005"/>
  <testcase name="testBug86369" classname="org.eclipse.cdt.core.parser.tests.ast2.AST2CPPTests" time="0.005"/>
  <testcase name="testBug86372" classname="org.eclipse.cdt.core.parser.tests.ast2.AST2CPPTests" time="0.004"/>
  <testcase name="testBug86543" classname="org.eclipse.cdt.core.parser.tests.ast2.AST2CPPTests" time="0.005"/>
  <testcase name="testBug86546" classname="org.eclipse.cdt.core.parser.tests.ast2.AST2CPPTests" time="0.004"/>
  <testcase name="testBug86547" classname="org.eclipse.cdt.core.parser.tests.ast2.AST2CPPTests" time="0.005"/>
  <testcase name="testBug86554" classname="org.eclipse.cdt.core.parser.tests.ast2.AST2CPPTests" time="0.004"/>
  <testcase name="testBug86618" classname="org.eclipse.cdt.core.parser.tests.ast2.AST2CPPTests" time="0.005"/>
  <testcase name="testBug86621" classname="org.eclipse.cdt.core.parser.tests.ast2.AST2CPPTests" time="0.004"/>
  <testcase name="testBug86639" classname="org.eclipse.cdt.core.parser.tests.ast2.AST2CPPTests" time="0.005"/>
  <testcase name="testBug86649" classname="org.eclipse.cdt.core.parser.tests.ast2.AST2CPPTests" time="0.007"/>
  <testcase name="testBug86678" classname="org.eclipse.cdt.core.parser.tests.ast2.AST2CPPTests" time="0.006"/>
  <testcase name="testBug86688" classname="org.eclipse.cdt.core.parser.tests.ast2.AST2CPPTests" time="0.008"/>
  <testcase name="testBug86827" classname="org.eclipse.cdt.core.parser.tests.ast2.AST2CPPTests" time="0.004"/>
  <testcase name="testBug86849" classname="org.eclipse.cdt.core.parser.tests.ast2.AST2CPPTests" time="0.006"/>
  <testcase name="testBug86868" classname="org.eclipse.cdt.core.parser.tests.ast2.AST2CPPTests" time="0.005"/>
  <testcase name="testBug87424" classname="org.eclipse.cdt.core.parser.tests.ast2.AST2CPPTests" time="0.002"/>
  <testcase name="testBug87705" classname="org.eclipse.cdt.core.parser.tests.ast2.AST2CPPTests" time="0.003"/>
  <testcase name="testBug88459" classname="org.eclipse.cdt.core.parser.tests.ast2.AST2CPPTests" time="0.001"/>
  <testcase name="testBug88662" classname="org.eclipse.cdt.core.parser.tests.ast2.AST2CPPTests" time="0.001"/>
  <testcase name="testBug89539" classname="org.eclipse.cdt.core.parser.tests.ast2.AST2CPPTests" time="0.008"/>
  <testcase name="testBug89828" classname="org.eclipse.cdt.core.parser.tests.ast2.AST2CPPTests" time="0.002"/>
  <testcase name="testBug89851" classname="org.eclipse.cdt.core.parser.tests.ast2.AST2CPPTests" time="0.004"/>
  <testcase name="testBug90039" classname="org.eclipse.cdt.core.parser.tests.ast2.AST2CPPTests" time="0.006"/>
  <testcase name="testBug90603" classname="org.eclipse.cdt.core.parser.tests.ast2.AST2CPPTests" time="0.001"/>
  <testcase name="testBug90609" classname="org.eclipse.cdt.core.parser.tests.ast2.AST2CPPTests" time="0.008"/>
  <testcase name="testBug90610" classname="org.eclipse.cdt.core.parser.tests.ast2.AST2CPPTests" time="0.005"/>
  <testcase name="testBug90616" classname="org.eclipse.cdt.core.parser.tests.ast2.AST2CPPTests" time="0.006"/>
  <testcase name="testBug90623" classname="org.eclipse.cdt.core.parser.tests.ast2.AST2CPPTests" time="0.009"/>
  <testcase name="testBug90647" classname="org.eclipse.cdt.core.parser.tests.ast2.AST2CPPTests" time="0.001"/>
  <testcase name="testBug90648" classname="org.eclipse.cdt.core.parser.tests.ast2.AST2CPPTests" time="0.002"/>
  <testcase name="testBug90653" classname="org.eclipse.cdt.core.parser.tests.ast2.AST2CPPTests" time="0.006"/>
  <testcase name="testBug90662" classname="org.eclipse.cdt.core.parser.tests.ast2.AST2CPPTests" time="0.005"/>
  <testcase name="testBug91707" classname="org.eclipse.cdt.core.parser.tests.ast2.AST2CPPTests" time="0.01"/>
  <testcase name="testBug91773" classname="org.eclipse.cdt.core.parser.tests.ast2.AST2CPPTests" time="0.006"/>
  <testcase name="testBug92425" classname="org.eclipse.cdt.core.parser.tests.ast2.AST2CPPTests" time="0.006"/>
  <testcase name="testBug92882" classname="org.eclipse.cdt.core.parser.tests.ast2.AST2CPPTests" time="0.008"/>
  <testcase name="testBug92980" classname="org.eclipse.cdt.core.parser.tests.ast2.AST2CPPTests" time="0.006"/>
  <testcase name="testBug94779" classname="org.eclipse.cdt.core.parser.tests.ast2.AST2CPPTests" time="0.005"/>
  <testcase name="testBug95200" classname="org.eclipse.cdt.core.parser.tests.ast2.AST2CPPTests" time="0.007"/>
  <testcase name="testBug95411" classname="org.eclipse.cdt.core.parser.tests.ast2.AST2CPPTests" time="0.002"/>
  <testcase name="testBug95419" classname="org.eclipse.cdt.core.parser.tests.ast2.AST2CPPTests" time="0.006"/>
  <testcase name="testBug95424" classname="org.eclipse.cdt.core.parser.tests.ast2.AST2CPPTests" time="0.002"/>
  <testcase name="testBug95425" classname="org.eclipse.cdt.core.parser.tests.ast2.AST2CPPTests" time="0.002"/>
  <testcase name="testBug95461" classname="org.eclipse.cdt.core.parser.tests.ast2.AST2CPPTests" time="0.006"/>
  <testcase name="testBug95484" classname="org.eclipse.cdt.core.parser.tests.ast2.AST2CPPTests" time="0.005"/>
  <testcase name="testBug95673" classname="org.eclipse.cdt.core.parser.tests.ast2.AST2CPPTests" time="0.008"/>
  <testcase name="testBug95692" classname="org.eclipse.cdt.core.parser.tests.ast2.AST2CPPTests" time="0.004"/>
  <testcase name="testBug95714" classname="org.eclipse.cdt.core.parser.tests.ast2.AST2CPPTests" time="0.004"/>
  <testcase name="testBug95734" classname="org.eclipse.cdt.core.parser.tests.ast2.AST2CPPTests" time="0.006"/>
  <testcase name="testBug95741" classname="org.eclipse.cdt.core.parser.tests.ast2.AST2CPPTests" time="0.006"/>
  <testcase name="testBug95757" classname="org.eclipse.cdt.core.parser.tests.ast2.AST2CPPTests" time="0.005"/>
  <testcase name="testBug95768" classname="org.eclipse.cdt.core.parser.tests.ast2.AST2CPPTests" time="0.006"/>
  <testcase name="testBug95786" classname="org.eclipse.cdt.core.parser.tests.ast2.AST2CPPTests" time="0.006"/>
  <testcase name="testBug96655" classname="org.eclipse.cdt.core.parser.tests.ast2.AST2CPPTests" time="0.006"/>
  <testcase name="testBug96678" classname="org.eclipse.cdt.core.parser.tests.ast2.AST2CPPTests" time="0"/>
  <testcase name="testBug98704" classname="org.eclipse.cdt.core.parser.tests.ast2.AST2CPPTests" time="0.007"/>
  <testcase name="testBug98818" classname="org.eclipse.cdt.core.parser.tests.ast2.AST2CPPTests" time="0.006"/>
  <testcase name="testBug99262" classname="org.eclipse.cdt.core.parser.tests.ast2.AST2CPPTests" time="0.001"/>
  <testcase name="testInvalidClassRedeclaration_254961" classname="org.eclipse.cdt.core.parser.tests.ast2.AST2CPPTests" time="0.009"/>
  <testcase name="testForwardDeclaringEnumAtClassScope_475894" classname="org.eclipse.cdt.core.parser.tests.ast2.AST2CPPTests" time="0.009"/>
  <testcase name="testBug_PM_b" classname="org.eclipse.cdt.core.parser.tests.ast2.AST2CPPTests" time="0.004"/>
  <testcase name="testInvalidClassRedeclaration_364226" classname="org.eclipse.cdt.core.parser.tests.ast2.AST2CPPTests" time="0.012"/>
  <testcase name="testFriendTypedef" classname="org.eclipse.cdt.core.parser.tests.ast2.AST2CPPTests" time="0.01"/>
  <testcase name="testParameterAdjustment_293538" classname="org.eclipse.cdt.core.parser.tests.ast2.AST2CPPTests" time="0.008"/>
  <testcase name="testOverrideSimpleCovariance_321617" classname="org.eclipse.cdt.core.parser.tests.ast2.AST2CPPTests" time="0.013"/>
  <testcase name="testRangeBasedForLoop_327223" classname="org.eclipse.cdt.core.parser.tests.ast2.AST2CPPTests" time="0.008"/>
  <testcase name="testGNUSyncBuiltins_389578" classname="org.eclipse.cdt.core.parser.tests.ast2.AST2CPPTests" time="0.012"/>
  <testcase name="testPointerMemberAccess_245068" classname="org.eclipse.cdt.core.parser.tests.ast2.AST2CPPTests" time="0.008"/>
  <testcase name="testClassForwardDecl" classname="org.eclipse.cdt.core.parser.tests.ast2.AST2CPPTests" time="0.001"/>
  <testcase name="testLookupScopeForConversionNames_267221" classname="org.eclipse.cdt.core.parser.tests.ast2.AST2CPPTests" time="0.009"/>
  <testcase name="testAutoTypeInRangeBasedFor_359653" classname="org.eclipse.cdt.core.parser.tests.ast2.AST2CPPTests" time="0.012"/>
  <testcase name="testDecltypeAutoTrailingReturnTypeVolatile_527553" classname="org.eclipse.cdt.core.parser.tests.ast2.AST2CPPTests" time="0.012"/>
  <testcase name="testAnonymousStructures" classname="org.eclipse.cdt.core.parser.tests.ast2.AST2CPPTests" time="0.006"/>
  <testcase name="testOverrideSpecifierAfterTrailingReturnType_489876" classname="org.eclipse.cdt.core.parser.tests.ast2.AST2CPPTests" time="0.01"/>
  <testcase name="testDecltypeAutoReturnType_482225" classname="org.eclipse.cdt.core.parser.tests.ast2.AST2CPPTests" time="0.012"/>
  <testcase name="testTypeString_323596" classname="org.eclipse.cdt.core.parser.tests.ast2.AST2CPPTests" time="0.01"/>
  <testcase name="testExplicitConversionOperators" classname="org.eclipse.cdt.core.parser.tests.ast2.AST2CPPTests" time="0.012"/>
  <testcase name="testNamespaces" classname="org.eclipse.cdt.core.parser.tests.ast2.AST2CPPTests" time="0.003"/>
  <testcase name="testDecltypeAutoVariableTypes_482225" classname="org.eclipse.cdt.core.parser.tests.ast2.AST2CPPTests" time="0.017"/>
  <testcase name="testOverloadedOperatorWithInheritanceDistance_335387" classname="org.eclipse.cdt.core.parser.tests.ast2.AST2CPPTests" time="0.015"/>
  <testcase name="testPointerToFunction_CPP" classname="org.eclipse.cdt.core.parser.tests.ast2.AST2CPPTests" time="0.001"/>
  <testcase name="testBasePointerConverstionInConditional_462705" classname="org.eclipse.cdt.core.parser.tests.ast2.AST2CPPTests" time="0.01"/>
  <testcase name="testParameterForwardDeclaration_379511" classname="org.eclipse.cdt.core.parser.tests.ast2.AST2CPPTests" time="0.01"/>
  <testcase name="testVariable" classname="org.eclipse.cdt.core.parser.tests.ast2.AST2CPPTests" time="0.001"/>
  <testcase name="testIsTriviallyConstructible_528072" classname="org.eclipse.cdt.core.parser.tests.ast2.AST2CPPTests" time="0.011"/>
  <testcase name="testRecursiveUserDefinedFieldAccess_205964" classname="org.eclipse.cdt.core.parser.tests.ast2.AST2CPPTests" time="0.014"/>
  <testcase name="testFriendFunctionResolution_86368" classname="org.eclipse.cdt.core.parser.tests.ast2.AST2CPPTests" time="0.016"/>
  <testcase name="testTypeOfNewExpression_264163" classname="org.eclipse.cdt.core.parser.tests.ast2.AST2CPPTests" time="0.008"/>
  <testcase name="testCastInEnumeratorValue_446380" classname="org.eclipse.cdt.core.parser.tests.ast2.AST2CPPTests" time="0.009"/>
  <testcase name="testRValueReferenceTypedefs_294730" classname="org.eclipse.cdt.core.parser.tests.ast2.AST2CPPTests" time="0.006"/>
  <testcase name="testXValueCategories" classname="org.eclipse.cdt.core.parser.tests.ast2.AST2CPPTests" time="0.007"/>
  <testcase name="testFunctionTypes" classname="org.eclipse.cdt.core.parser.tests.ast2.AST2CPPTests" time="0.003"/>
  <testcase name="testRValueReferenceBindingToTemporary_470943" classname="org.eclipse.cdt.core.parser.tests.ast2.AST2CPPTests" time="0.007"/>
  <testcase name="testSimpleStruct" classname="org.eclipse.cdt.core.parser.tests.ast2.AST2CPPTests" time="0.001"/>
  <testcase name="testPointerToArrayWithDefaultVal_267184" classname="org.eclipse.cdt.core.parser.tests.ast2.AST2CPPTests" time="0.008"/>
  <testcase name="testCVQualifiedClassName_328063" classname="org.eclipse.cdt.core.parser.tests.ast2.AST2CPPTests" time="0.006"/>
  <testcase name="testInheritedTemplateConstructor" classname="org.eclipse.cdt.core.parser.tests.ast2.AST2CPPTests" time="0.004"/>
  <testcase name="testFriendConstructorDestructor_400940" classname="org.eclipse.cdt.core.parser.tests.ast2.AST2CPPTests" time="0.01"/>
  <testcase name="testNestedTemplateIDAmbiguity_259501" classname="org.eclipse.cdt.core.parser.tests.ast2.AST2CPPTests" time="0.015"/>
  <testcase name="testBuiltInOperatorFunctionType_423396" classname="org.eclipse.cdt.core.parser.tests.ast2.AST2CPPTests" time="0.011"/>
  <testcase name="testMemberPtrs_264479" classname="org.eclipse.cdt.core.parser.tests.ast2.AST2CPPTests" time="0.014"/>
  <testcase name="testICPPASTFunctionCallExpression_getOverload_441701" classname="org.eclipse.cdt.core.parser.tests.ast2.AST2CPPTests" time="0.012"/>
  <testcase name="testMemberAccessibilities" classname="org.eclipse.cdt.core.parser.tests.ast2.AST2CPPTests" time="0.037"/>
  <testcase name="testNullptr_327298a" classname="org.eclipse.cdt.core.parser.tests.ast2.AST2CPPTests" time="0.019"/>
  <testcase name="testNullptr_327298b" classname="org.eclipse.cdt.core.parser.tests.ast2.AST2CPPTests" time="0.014"/>
  <testcase name="testNullptr_327298c" classname="org.eclipse.cdt.core.parser.tests.ast2.AST2CPPTests" time="0.014"/>
  <testcase name="testEmptyExceptionSpecification_86943" classname="org.eclipse.cdt.core.parser.tests.ast2.AST2CPPTests" time="0.004"/>
  <testcase name="testTrailingSyntaxErrorInLinkageSpec" classname="org.eclipse.cdt.core.parser.tests.ast2.AST2CPPTests" time="0.004"/>
  <testcase name="testExplicitCopyAssignmentOperator_183160" classname="org.eclipse.cdt.core.parser.tests.ast2.AST2CPPTests" time="0.003"/>
  <testcase name="testBug_PM_" classname="org.eclipse.cdt.core.parser.tests.ast2.AST2CPPTests" time="0.002"/>
  <testcase name="testHasFeature_442325" classname="org.eclipse.cdt.core.parser.tests.ast2.AST2CPPTests" time="0.011"/>
  <testcase name="testGCCIntBuiltins_444577" classname="org.eclipse.cdt.core.parser.tests.ast2.AST2CPPTests" time="0.007"/>
  <testcase name="testPropertyOfUsingDeclaration" classname="org.eclipse.cdt.core.parser.tests.ast2.AST2CPPTests" time="0.006"/>
  <testcase name="testUserDefinedLiteralConcatenation6" classname="org.eclipse.cdt.core.parser.tests.ast2.AST2CPPTests" time="0.009"/>
  <testcase name="test10_2s3b" classname="org.eclipse.cdt.core.parser.tests.ast2.AST2CPPTests" time="0.007"/>
  <testcase name="testBug_AIOOBE" classname="org.eclipse.cdt.core.parser.tests.ast2.AST2CPPTests" time="0.005"/>
  <testcase name="testDirectBinding_294730" classname="org.eclipse.cdt.core.parser.tests.ast2.AST2CPPTests" time="0.013"/>
  <testcase name="testRankingQualificationConversions_a" classname="org.eclipse.cdt.core.parser.tests.ast2.AST2CPPTests" time="0.005"/>
  <testcase name="testRankingQualificationConversions_b" classname="org.eclipse.cdt.core.parser.tests.ast2.AST2CPPTests" time="0.006"/>
  <testcase name="testRankingQualificationConversions_c" classname="org.eclipse.cdt.core.parser.tests.ast2.AST2CPPTests" time="0.009"/>
  <testcase name="testCVQualifiersWithArrays_293982" classname="org.eclipse.cdt.core.parser.tests.ast2.AST2CPPTests" time="0.01"/>
  <testcase name="testRestrictIsNoCPPKeyword_228826" classname="org.eclipse.cdt.core.parser.tests.ast2.AST2CPPTests" time="0.012"/>
  <testcase name="testSyntax2_295064" classname="org.eclipse.cdt.core.parser.tests.ast2.AST2CPPTests" time="0.011"/>
  <testcase name="testBug100403" classname="org.eclipse.cdt.core.parser.tests.ast2.AST2CPPTests" time="0.007"/>
  <testcase name="testBug100408" classname="org.eclipse.cdt.core.parser.tests.ast2.AST2CPPTests" time="0.001"/>
  <testcase name="testBug100415" classname="org.eclipse.cdt.core.parser.tests.ast2.AST2CPPTests" time="0.007"/>
  <testcase name="testBug102825" classname="org.eclipse.cdt.core.parser.tests.ast2.AST2CPPTests" time="0.002"/>
  <testcase name="testBug103281" classname="org.eclipse.cdt.core.parser.tests.ast2.AST2CPPTests" time="0.012"/>
  <testcase name="testBug103578" classname="org.eclipse.cdt.core.parser.tests.ast2.AST2CPPTests" time="0.003"/>
  <testcase name="testBug104800" classname="org.eclipse.cdt.core.parser.tests.ast2.AST2CPPTests" time="0.006"/>
  <testcase name="testBug107150" classname="org.eclipse.cdt.core.parser.tests.ast2.AST2CPPTests" time="0.002"/>
  <testcase name="testBug108202" classname="org.eclipse.cdt.core.parser.tests.ast2.AST2CPPTests" time="0.006"/>
  <testcase name="testFinalGccExtension_442457" classname="org.eclipse.cdt.core.parser.tests.ast2.AST2CPPTests" time="0.013"/>
  <testcase name="testListInitialization_458679" classname="org.eclipse.cdt.core.parser.tests.ast2.AST2CPPTests" time="0.012"/>
  <testcase name="testListInitialization_491842" classname="org.eclipse.cdt.core.parser.tests.ast2.AST2CPPTests" time="0.01"/>
  <testcase name="testBug174791" classname="org.eclipse.cdt.core.parser.tests.ast2.AST2CPPTests" time="0.006"/>
  <testcase name="testBug178059" classname="org.eclipse.cdt.core.parser.tests.ast2.AST2CPPTests" time="0.007"/>
  <testcase name="testBug179712" classname="org.eclipse.cdt.core.parser.tests.ast2.AST2CPPTests" time="0.007"/>
  <testcase name="testBug180979" classname="org.eclipse.cdt.core.parser.tests.ast2.AST2CPPTests" time="0.006"/>
  <testcase name="testBug195701" classname="org.eclipse.cdt.core.parser.tests.ast2.AST2CPPTests" time="0.007"/>
  <testcase name="testFriendTemplateParameter" classname="org.eclipse.cdt.core.parser.tests.ast2.AST2CPPTests" time="0.01"/>
  <testcase name="testBug211756" classname="org.eclipse.cdt.core.parser.tests.ast2.AST2CPPTests" time="0.005"/>
  <testcase name="testBug214335" classname="org.eclipse.cdt.core.parser.tests.ast2.AST2CPPTests" time="0.01"/>
  <testcase name="testBug235196" classname="org.eclipse.cdt.core.parser.tests.ast2.AST2CPPTests" time="0.005"/>
  <testcase name="testUserDefinedLiteralBadConcatenation1" classname="org.eclipse.cdt.core.parser.tests.ast2.AST2CPPTests" time="0.008"/>
  <testcase name="testBug240567" classname="org.eclipse.cdt.core.parser.tests.ast2.AST2CPPTests" time="0.007"/>
  <testcase name="testBug268714" classname="org.eclipse.cdt.core.parser.tests.ast2.AST2CPPTests" time="0.006"/>
  <testcase name="testArgumentDependantLookup" classname="org.eclipse.cdt.core.parser.tests.ast2.AST2CPPTests" time="0.003"/>
  <testcase name="testBug36769B" classname="org.eclipse.cdt.core.parser.tests.ast2.AST2CPPTests" time="0.004"/>
  <testcase name="testConditionalExpressionFolding_429891" classname="org.eclipse.cdt.core.parser.tests.ast2.AST2CPPTests" time="0.011"/>
  <testcase name="testScopedEnums_305975a" classname="org.eclipse.cdt.core.parser.tests.ast2.AST2CPPTests" time="0.01"/>
  <testcase name="testScopedEnums_305975b" classname="org.eclipse.cdt.core.parser.tests.ast2.AST2CPPTests" time="0.01"/>
  <testcase name="testScopedEnums_305975c" classname="org.eclipse.cdt.core.parser.tests.ast2.AST2CPPTests" time="0.014"/>
  <testcase name="testScopedEnums_305975d" classname="org.eclipse.cdt.core.parser.tests.ast2.AST2CPPTests" time="0.011"/>
  <testcase name="testScopedEnums_305975e" classname="org.eclipse.cdt.core.parser.tests.ast2.AST2CPPTests" time="0.012"/>
  <testcase name="testScopedEnums_305975f" classname="org.eclipse.cdt.core.parser.tests.ast2.AST2CPPTests" time="0.01"/>
  <testcase name="testScopedEnums_305975g" classname="org.eclipse.cdt.core.parser.tests.ast2.AST2CPPTests" time="0.011"/>
  <testcase name="testBug433556" classname="org.eclipse.cdt.core.parser.tests.ast2.AST2CPPTests" time="0.003"/>
  <testcase name="testBug45763a" classname="org.eclipse.cdt.core.parser.tests.ast2.AST2CPPTests" time="0.003"/>
  <testcase name="testBug45763b" classname="org.eclipse.cdt.core.parser.tests.ast2.AST2CPPTests" time="0.004"/>
  <testcase name="testBug45763c" classname="org.eclipse.cdt.core.parser.tests.ast2.AST2CPPTests" time="0.002"/>
  <testcase name="testBug45763d" classname="org.eclipse.cdt.core.parser.tests.ast2.AST2CPPTests" time="0.003"/>
  <testcase name="test_ElabTypeSpecInNewExprInConditional_526134" classname="org.eclipse.cdt.core.parser.tests.ast2.AST2CPPTests" time="0.007"/>
  <testcase name="testMemberInitializer_333200" classname="org.eclipse.cdt.core.parser.tests.ast2.AST2CPPTests" time="0.01"/>
  <testcase name="testInheritedConstructorFromUnknownClass" classname="org.eclipse.cdt.core.parser.tests.ast2.AST2CPPTests" time="0.004"/>
  <testcase name="testOverloadedBinaryOperator_259927a" classname="org.eclipse.cdt.core.parser.tests.ast2.AST2CPPTests" time="0.008"/>
  <testcase name="testOverloadedBinaryOperator_259927b" classname="org.eclipse.cdt.core.parser.tests.ast2.AST2CPPTests" time="0.008"/>
  <testcase name="testFunctionResolution" classname="org.eclipse.cdt.core.parser.tests.ast2.AST2CPPTests" time="0.002"/>
  <testcase name="testTypeid_209578" classname="org.eclipse.cdt.core.parser.tests.ast2.AST2CPPTests" time="0.007"/>
  <testcase name="testConversionFromLambdaToFunctionPointer_424765" classname="org.eclipse.cdt.core.parser.tests.ast2.AST2CPPTests" time="0.012"/>
  <testcase name="testFwdLookupForDefaultArgument" classname="org.eclipse.cdt.core.parser.tests.ast2.AST2CPPTests" time="0.01"/>
  <testcase name="testRValueReferenceSignature_427856" classname="org.eclipse.cdt.core.parser.tests.ast2.AST2CPPTests" time="0.01"/>
  <testcase name="testReferencesOfUsingDecls" classname="org.eclipse.cdt.core.parser.tests.ast2.AST2CPPTests" time="0.008"/>
  <testcase name="testExplicitNonDefaultConstructor_183160" classname="org.eclipse.cdt.core.parser.tests.ast2.AST2CPPTests" time="0.005"/>
  <testcase name="testPointerToNonPointerConversion_263159" classname="org.eclipse.cdt.core.parser.tests.ast2.AST2CPPTests" time="0.009"/>
  <testcase name="testFinalFunction" classname="org.eclipse.cdt.core.parser.tests.ast2.AST2CPPTests" time="0.011"/>
  <testcase name="testOverrideFunction" classname="org.eclipse.cdt.core.parser.tests.ast2.AST2CPPTests" time="0.011"/>
  <testcase name="testBug84250b" classname="org.eclipse.cdt.core.parser.tests.ast2.AST2CPPTests" time="0.002"/>
  <testcase name="testBug84266b" classname="org.eclipse.cdt.core.parser.tests.ast2.AST2CPPTests" time="0.001"/>
  <testcase name="testBug84478b" classname="org.eclipse.cdt.core.parser.tests.ast2.AST2CPPTests" time="0.004"/>
  <testcase name="testBug84478c" classname="org.eclipse.cdt.core.parser.tests.ast2.AST2CPPTests" time="0.001"/>
  <testcase name="testBug84478d" classname="org.eclipse.cdt.core.parser.tests.ast2.AST2CPPTests" time="0.001"/>
  <testcase name="testBug86358a" classname="org.eclipse.cdt.core.parser.tests.ast2.AST2CPPTests" time="0.002"/>
  <testcase name="testBug86358b" classname="org.eclipse.cdt.core.parser.tests.ast2.AST2CPPTests" time="0.003"/>
  <testcase name="testBug86470a" classname="org.eclipse.cdt.core.parser.tests.ast2.AST2CPPTests" time="0.002"/>
  <testcase name="testBug86470b" classname="org.eclipse.cdt.core.parser.tests.ast2.AST2CPPTests" time="0.003"/>
  <testcase name="testBug86470c" classname="org.eclipse.cdt.core.parser.tests.ast2.AST2CPPTests" time="0.004"/>
  <testcase name="testBug86470d" classname="org.eclipse.cdt.core.parser.tests.ast2.AST2CPPTests" time="0.003"/>
  <testcase name="testBug86470e" classname="org.eclipse.cdt.core.parser.tests.ast2.AST2CPPTests" time="0.003"/>
  <testcase name="testBug866274" classname="org.eclipse.cdt.core.parser.tests.ast2.AST2CPPTests" time="0.003"/>
  <testcase name="testBug88501a" classname="org.eclipse.cdt.core.parser.tests.ast2.AST2CPPTests" time="0.001"/>
  <testcase name="testEnumToIntConversion_285368" classname="org.eclipse.cdt.core.parser.tests.ast2.AST2CPPTests" time="0.007"/>
  <testcase name="testQualifiedNameLookup" classname="org.eclipse.cdt.core.parser.tests.ast2.AST2CPPTests" time="0.006"/>
  <testcase name="testBug90039b" classname="org.eclipse.cdt.core.parser.tests.ast2.AST2CPPTests" time="0.003"/>
  <testcase name="testBug90498a" classname="org.eclipse.cdt.core.parser.tests.ast2.AST2CPPTests" time="0.001"/>
  <testcase name="testBug90498b" classname="org.eclipse.cdt.core.parser.tests.ast2.AST2CPPTests" time="0"/>
  <testcase name="testBug90623b" classname="org.eclipse.cdt.core.parser.tests.ast2.AST2CPPTests" time="0.004"/>
  <testcase name="testBug90654a" classname="org.eclipse.cdt.core.parser.tests.ast2.AST2CPPTests" time="0.004"/>
  <testcase name="testBug90654b" classname="org.eclipse.cdt.core.parser.tests.ast2.AST2CPPTests" time="0.003"/>
  <testcase name="testBug92425b" classname="org.eclipse.cdt.core.parser.tests.ast2.AST2CPPTests" time="0.004"/>
  <testcase name="testParenthesizedReferenceArgument_424898" classname="org.eclipse.cdt.core.parser.tests.ast2.AST2CPPTests" time="0.01"/>
  <testcase name="testBug95734b" classname="org.eclipse.cdt.core.parser.tests.ast2.AST2CPPTests" time="0.006"/>
  <testcase name="testArgumentDependantLookup_b" classname="org.eclipse.cdt.core.parser.tests.ast2.AST2CPPTests" time="0.004"/>
  <testcase name="testNoKoenigForConstructors" classname="org.eclipse.cdt.core.parser.tests.ast2.AST2CPPTests" time="0.008"/>
  <testcase name="testResolutionInTrailingReturnType_333256" classname="org.eclipse.cdt.core.parser.tests.ast2.AST2CPPTests" time="0.01"/>
  <testcase name="testFnReturningPtrToFn" classname="org.eclipse.cdt.core.parser.tests.ast2.AST2CPPTests" time="0.001"/>
  <testcase name="testIsBaseOf_395019" classname="org.eclipse.cdt.core.parser.tests.ast2.AST2CPPTests" time="0.01"/>
  <testcase name="testIsBaseOf_399353" classname="org.eclipse.cdt.core.parser.tests.ast2.AST2CPPTests" time="0.012"/>
  <testcase name="testIsBaseOf_409100" classname="org.eclipse.cdt.core.parser.tests.ast2.AST2CPPTests" time="0.012"/>
  <testcase name="testIsBaseOf_446094" classname="org.eclipse.cdt.core.parser.tests.ast2.AST2CPPTests" time="0.02"/>
  <testcase name="testDesignatedInitializers" classname="org.eclipse.cdt.core.parser.tests.ast2.AST2CPPTests" time="0.026"/>
  <testcase name="testNotExplicitCopyAssignmentOperator_183160" classname="org.eclipse.cdt.core.parser.tests.ast2.AST2CPPTests" time="0.007"/>
  <testcase name="testUnderlyingTypeBuiltin_411196" classname="org.eclipse.cdt.core.parser.tests.ast2.AST2CPPTests" time="0.018"/>
  <testcase name="testOverrideUsingDeclaredMethod_328802" classname="org.eclipse.cdt.core.parser.tests.ast2.AST2CPPTests" time="0.011"/>
  <testcase name="testPointerToMemberType" classname="org.eclipse.cdt.core.parser.tests.ast2.AST2CPPTests" time="0.001"/>
  <testcase name="testUsingDirectiveWithNestedClass_209582" classname="org.eclipse.cdt.core.parser.tests.ast2.AST2CPPTests" time="0.006"/>
  <testcase name="testExplicitDestructor_183160" classname="org.eclipse.cdt.core.parser.tests.ast2.AST2CPPTests" time="0.002"/>
  <testcase name="testTypedefAsClassNameWithFunctionPtrArgument_350345" classname="org.eclipse.cdt.core.parser.tests.ast2.AST2CPPTests" time="0.011"/>
  <testcase name="testAggregateInitialization_487555" classname="org.eclipse.cdt.core.parser.tests.ast2.AST2CPPTests" time="0.006"/>
  <testcase name="testIsStatic" classname="org.eclipse.cdt.core.parser.tests.ast2.AST2CPPTests" time="0.003"/>
  <testcase name="testBaseComputationWhileTypeIsIncomplete_498393" classname="org.eclipse.cdt.core.parser.tests.ast2.AST2CPPTests" time="0.007"/>
  <testcase name="testEnumeratorAttribute_514821" classname="org.eclipse.cdt.core.parser.tests.ast2.AST2CPPTests" time="0.01"/>
  <testcase name="testInitOfClassObjectsByRValues_294730" classname="org.eclipse.cdt.core.parser.tests.ast2.AST2CPPTests" time="0.033"/>
  <testcase name="testAnonymousEnumInAliasDeclaration_502016" classname="org.eclipse.cdt.core.parser.tests.ast2.AST2CPPTests" time="0.014"/>
  <testcase name="testNewFunctionDeclaratorSyntax_305972" classname="org.eclipse.cdt.core.parser.tests.ast2.AST2CPPTests" time="0.01"/>
  <testcase name="testRankingOfReferenceBindings_a" classname="org.eclipse.cdt.core.parser.tests.ast2.AST2CPPTests" time="0.011"/>
  <testcase name="testRankingOfReferenceBindings_b" classname="org.eclipse.cdt.core.parser.tests.ast2.AST2CPPTests" time="0.013"/>
  <testcase name="testInheritanceFromMultipleInstancesOfSameTemplate_383502" classname="org.eclipse.cdt.core.parser.tests.ast2.AST2CPPTests" time="0.009"/>
  <testcase name="testTemplateIdInsideCastOperator_460080" classname="org.eclipse.cdt.core.parser.tests.ast2.AST2CPPTests" time="0.014"/>
  <testcase name="testListInitialization_302412a" classname="org.eclipse.cdt.core.parser.tests.ast2.AST2CPPTests" time="0.022"/>
  <testcase name="testListInitialization_302412b" classname="org.eclipse.cdt.core.parser.tests.ast2.AST2CPPTests" time="0.016"/>
  <testcase name="testListInitialization_302412c" classname="org.eclipse.cdt.core.parser.tests.ast2.AST2CPPTests" time="0.013"/>
  <testcase name="testListInitialization_302412d" classname="org.eclipse.cdt.core.parser.tests.ast2.AST2CPPTests" time="0.01"/>
  <testcase name="testListInitialization_302412e" classname="org.eclipse.cdt.core.parser.tests.ast2.AST2CPPTests" time="0.009"/>
  <testcase name="testListInitialization_302412f" classname="org.eclipse.cdt.core.parser.tests.ast2.AST2CPPTests" time="0.013"/>
  <testcase name="testAdjustmentOfParameterTypes_239975" classname="org.eclipse.cdt.core.parser.tests.ast2.AST2CPPTests" time="0.008"/>
  <testcase name="testEmptyInitializerList_324096" classname="org.eclipse.cdt.core.parser.tests.ast2.AST2CPPTests" time="0.011"/>
  <testcase name="testCharStringUserDefinedLiterals" classname="org.eclipse.cdt.core.parser.tests.ast2.AST2CPPTests" time="0.009"/>
  <testcase name="testStructureTags_a" classname="org.eclipse.cdt.core.parser.tests.ast2.AST2CPPTests" time="0.002"/>
  <testcase name="testStructureTags_b" classname="org.eclipse.cdt.core.parser.tests.ast2.AST2CPPTests" time="0.001"/>
  <testcase name="testSizeofStructWithReferenceField_397342" classname="org.eclipse.cdt.core.parser.tests.ast2.AST2CPPTests" time="0.006"/>
  <testcase name="testLookupInClassScopeForTemplateIDs_294904" classname="org.eclipse.cdt.core.parser.tests.ast2.AST2CPPTests" time="0.006"/>
  <testcase name="testEnumRedefinitionInStruct_385144" classname="org.eclipse.cdt.core.parser.tests.ast2.AST2CPPTests" time="0.006"/>
  <testcase name="testValueRepresentationOfClassWithStaticMemberOfOwnType_490475" classname="org.eclipse.cdt.core.parser.tests.ast2.AST2CPPTests" time="0.007"/>
  <testcase name="testShadowingAliasDeclaration_484200" classname="org.eclipse.cdt.core.parser.tests.ast2.AST2CPPTests" time="0.008"/>
  <testcase name="testFriendClass" classname="org.eclipse.cdt.core.parser.tests.ast2.AST2CPPTests" time="0.006"/>
  <testcase name="testNewPointerOfClass_267168" classname="org.eclipse.cdt.core.parser.tests.ast2.AST2CPPTests" time="0.006"/>
  <testcase name="testScopeOfClassFwdDecl_270831" classname="org.eclipse.cdt.core.parser.tests.ast2.AST2CPPTests" time="0.008"/>
  <testcase name="testInitSyntax_302412" classname="org.eclipse.cdt.core.parser.tests.ast2.AST2CPPTests" time="0.01"/>
  <testcase name="testInheritedConstructorShadowingBaseClassName_485383" classname="org.eclipse.cdt.core.parser.tests.ast2.AST2CPPTests" time="0.002"/>
  <testcase name="testSizeofOfNonstaticMember_305979" classname="org.eclipse.cdt.core.parser.tests.ast2.AST2CPPTests" time="0.009"/>
  <testcase name="testNonUserdefinedOperator_291409b" classname="org.eclipse.cdt.core.parser.tests.ast2.AST2CPPTests" time="0.007"/>
  <testcase name="testTypedefConstructorCall" classname="org.eclipse.cdt.core.parser.tests.ast2.AST2CPPTests" time="0.004"/>
  <testcase name="testIntToBoolConversionInInitList_521543" classname="org.eclipse.cdt.core.parser.tests.ast2.AST2CPPTests" time="0.007"/>
  <testcase name="testCtorInitializerForVoidPtr_314113" classname="org.eclipse.cdt.core.parser.tests.ast2.AST2CPPTests" time="0.005"/>
  <testcase name="testUsingDeclaration_86368" classname="org.eclipse.cdt.core.parser.tests.ast2.AST2CPPTests" time="0.006"/>
  <testcase name="testScopeOfCatchHandler_209579" classname="org.eclipse.cdt.core.parser.tests.ast2.AST2CPPTests" time="0.006"/>
  <testcase name="testQualifiedMemberDeclarationInNamespace_222026" classname="org.eclipse.cdt.core.parser.tests.ast2.AST2CPPTests" time="0.01"/>
  <testcase name="testInlineNamespace_305980a" classname="org.eclipse.cdt.core.parser.tests.ast2.AST2CPPTests" time="0.009"/>
  <testcase name="testInlineNamespace_305980b" classname="org.eclipse.cdt.core.parser.tests.ast2.AST2CPPTests" time="0.009"/>
  <testcase name="testInlineNamespace_305980c" classname="org.eclipse.cdt.core.parser.tests.ast2.AST2CPPTests" time="0.011"/>
  <testcase name="testInlineNamespace_305980d" classname="org.eclipse.cdt.core.parser.tests.ast2.AST2CPPTests" time="0.011"/>
  <testcase name="testCallToObjectOfClassType_267389" classname="org.eclipse.cdt.core.parser.tests.ast2.AST2CPPTests" time="0.007"/>
  <testcase name="testFriendClassLookup_512932" classname="org.eclipse.cdt.core.parser.tests.ast2.AST2CPPTests" time="0.006"/>
  <testcase name="testInheritedConstructorFromTemplateInstance" classname="org.eclipse.cdt.core.parser.tests.ast2.AST2CPPTests" time="0.003"/>
  <testcase name="testFinalAndOverrideVariables" classname="org.eclipse.cdt.core.parser.tests.ast2.AST2CPPTests" time="0.006"/>
  <testcase name="testMethodDefinition" classname="org.eclipse.cdt.core.parser.tests.ast2.AST2CPPTests" time="0.001"/>
  <testcase name="testCtorForAutomaticVariables_156668" classname="org.eclipse.cdt.core.parser.tests.ast2.AST2CPPTests" time="0.006"/>
  <testcase name="testExplicitOperatorInDirectInit" classname="org.eclipse.cdt.core.parser.tests.ast2.AST2CPPTests" time="0.007"/>
  <testcase name="testDeclarationAmbiguity_269953" classname="org.eclipse.cdt.core.parser.tests.ast2.AST2CPPTests" time="0.006"/>
  <testcase name="testTopLevelRestrictQualifier_327328" classname="org.eclipse.cdt.core.parser.tests.ast2.AST2CPPTests" time="0.01"/>
  <testcase name="testLambdaExpression_316307a" classname="org.eclipse.cdt.core.parser.tests.ast2.AST2CPPTests" time="0.018"/>
  <testcase name="testLambdaExpression_316307b" classname="org.eclipse.cdt.core.parser.tests.ast2.AST2CPPTests" time="0.013"/>
  <testcase name="testImplicitlyCalledBaseConstructor_393717" classname="org.eclipse.cdt.core.parser.tests.ast2.AST2CPPTests" time="0.027"/>
  <testcase name="testFinalParameter" classname="org.eclipse.cdt.core.parser.tests.ast2.AST2CPPTests" time="0.011"/>
  <testcase name="testAttributeInUsingDirective_351228" classname="org.eclipse.cdt.core.parser.tests.ast2.AST2CPPTests" time="0.006"/>
  <testcase name="testAmbiguousStatements" classname="org.eclipse.cdt.core.parser.tests.ast2.AST2CPPTests" time="0.005"/>
  <testcase name="testTemplateIdInUsingDecl_251199" classname="org.eclipse.cdt.core.parser.tests.ast2.AST2CPPTests" time="0.007"/>
  <testcase name="testAmbiguityResolution_354599" classname="org.eclipse.cdt.core.parser.tests.ast2.AST2CPPTests" time="0.011"/>
  <testcase name="testAmbiguityResolution_356268" classname="org.eclipse.cdt.core.parser.tests.ast2.AST2CPPTests" time="0.01"/>
  <testcase name="testAmbiguityResolution_359364" classname="org.eclipse.cdt.core.parser.tests.ast2.AST2CPPTests" time="0.016"/>
  <testcase name="testLambdaWithCaptureInInitializerList_488265" classname="org.eclipse.cdt.core.parser.tests.ast2.AST2CPPTests" time="0.036"/>
  <testcase name="testScopeOfClassMember_259460" classname="org.eclipse.cdt.core.parser.tests.ast2.AST2CPPTests" time="0.008"/>
  <testcase name="testScopeOfClassMember_259648" classname="org.eclipse.cdt.core.parser.tests.ast2.AST2CPPTests" time="0.007"/>
  <testcase name="testConstructorTemplateInImplicitConversion_264314" classname="org.eclipse.cdt.core.parser.tests.ast2.AST2CPPTests" time="0.013"/>
  <testcase name="testPMConversions" classname="org.eclipse.cdt.core.parser.tests.ast2.AST2CPPTests" time="0.005"/>
  <testcase name="testArrayToPtrConversionForTypedefs_239931" classname="org.eclipse.cdt.core.parser.tests.ast2.AST2CPPTests" time="0.007"/>
  <testcase name="testEnumerations" classname="org.eclipse.cdt.core.parser.tests.ast2.AST2CPPTests" time="0.003"/>
  <testcase name="testAmbiguityResolution_427854" classname="org.eclipse.cdt.core.parser.tests.ast2.AST2CPPTests" time="0.012"/>
  <testcase name="testInvalidOverload_291409" classname="org.eclipse.cdt.core.parser.tests.ast2.AST2CPPTests" time="0.009"/>
  <testcase name="testAmbiguityResolutionInDeleteExpression_428922" classname="org.eclipse.cdt.core.parser.tests.ast2.AST2CPPTests" time="0.009"/>
  <testcase name="testNamespaceAliasNamespaceWithPreviousFunctionName_517402" classname="org.eclipse.cdt.core.parser.tests.ast2.AST2CPPTests" time="0.012"/>
  <testcase name="testAmbiguousVirtualParentLookup" classname="org.eclipse.cdt.core.parser.tests.ast2.AST2CPPTests" time="0.003"/>
  <testcase name="testOverloadingWithRestrictQualifier_327328" classname="org.eclipse.cdt.core.parser.tests.ast2.AST2CPPTests" time="0.011"/>
  <testcase name="testNamespaceAlias" classname="org.eclipse.cdt.core.parser.tests.ast2.AST2CPPTests" time="0.003"/>
  <testcase name="testResolutionToFinalOverrider_86654" classname="org.eclipse.cdt.core.parser.tests.ast2.AST2CPPTests" time="0.014"/>
  <testcase name="testClassScopeSeparateDefinition_401661" classname="org.eclipse.cdt.core.parser.tests.ast2.AST2CPPTests" time="0.012"/>
  <testcase name="testNotExplicitCopyConstructor_183160" classname="org.eclipse.cdt.core.parser.tests.ast2.AST2CPPTests" time="0.005"/>
  <testcase name="testAutoWithTwoDeclarators_522066" classname="org.eclipse.cdt.core.parser.tests.ast2.AST2CPPTests" time="0.012"/>
  <testcase name="testFunctionDeclViaTypedef_86495" classname="org.eclipse.cdt.core.parser.tests.ast2.AST2CPPTests" time="0.01"/>
  <testcase name="testNestedOverloadedFunctionCalls_283324" classname="org.eclipse.cdt.core.parser.tests.ast2.AST2CPPTests" time="0.009"/>
  <testcase name="testInlineNamespaceLookup_324096" classname="org.eclipse.cdt.core.parser.tests.ast2.AST2CPPTests" time="0.009"/>
  <testcase name="testDependentEnumeration_446711a" classname="org.eclipse.cdt.core.parser.tests.ast2.AST2CPPTests" time="0.012"/>
  <testcase name="testDependentEnumeration_446711b" classname="org.eclipse.cdt.core.parser.tests.ast2.AST2CPPTests" time="0.01"/>
  <testcase name="testDependentEnumeration_446711c" classname="org.eclipse.cdt.core.parser.tests.ast2.AST2CPPTests" time="0.01"/>
  <testcase name="testDependentEnumeration_446711d" classname="org.eclipse.cdt.core.parser.tests.ast2.AST2CPPTests" time="0.007"/>
  <testcase name="testDependentEnumeration_446711e" classname="org.eclipse.cdt.core.parser.tests.ast2.AST2CPPTests" time="0.012"/>
  <testcase name="testLookupInConstructorChainInitializer_293566" classname="org.eclipse.cdt.core.parser.tests.ast2.AST2CPPTests" time="0.011"/>
  <testcase name="testForwardDeclaredFriend_525645" classname="org.eclipse.cdt.core.parser.tests.ast2.AST2CPPTests" time="0.003"/>
  <testcase name="testInvalidUserDefinedConversion_269729" classname="org.eclipse.cdt.core.parser.tests.ast2.AST2CPPTests" time="0.006"/>
  <testcase name="testQualifiedMemberDeclaration_222026" classname="org.eclipse.cdt.core.parser.tests.ast2.AST2CPPTests" time="0.007"/>
  <testcase name="testFloatLiteralWithLeadingZero_498434" classname="org.eclipse.cdt.core.parser.tests.ast2.AST2CPPTests" time="0.007"/>
  <testcase name="testDeclDefn" classname="org.eclipse.cdt.core.parser.tests.ast2.AST2CPPTests" time="0.005"/>
  <testcase name="testPrefixLookup" classname="org.eclipse.cdt.core.parser.tests.ast2.AST2CPPTests" time="0.003"/>
  <testcase name="testBuiltinOperators_294543a" classname="org.eclipse.cdt.core.parser.tests.ast2.AST2CPPTests" time="0.009"/>
  <testcase name="testBuiltinOperators_294543b" classname="org.eclipse.cdt.core.parser.tests.ast2.AST2CPPTests" time="0.011"/>
  <testcase name="testFind_a" classname="org.eclipse.cdt.core.parser.tests.ast2.AST2CPPTests" time="0.004"/>
  <testcase name="testFind_b" classname="org.eclipse.cdt.core.parser.tests.ast2.AST2CPPTests" time="0.004"/>
  <testcase name="testFind_c" classname="org.eclipse.cdt.core.parser.tests.ast2.AST2CPPTests" time="0.004"/>
  <testcase name="testFind_d" classname="org.eclipse.cdt.core.parser.tests.ast2.AST2CPPTests" time="0.006"/>
  <testcase name="testFriend" classname="org.eclipse.cdt.core.parser.tests.ast2.AST2CPPTests" time="0.003"/>
  <testcase name="testConstTypedef_264474" classname="org.eclipse.cdt.core.parser.tests.ast2.AST2CPPTests" time="0.011"/>
  <testcase name="testExpressionFieldReference" classname="org.eclipse.cdt.core.parser.tests.ast2.AST2CPPTests" time="0.003"/>
  <testcase name="testVoidViaTypedef_258694" classname="org.eclipse.cdt.core.parser.tests.ast2.AST2CPPTests" time="0.007"/>
  <testcase name="testDefaultedAndDeletedFunctions_305978b" classname="org.eclipse.cdt.core.parser.tests.ast2.AST2CPPTests" time="0.009"/>
  <testcase name="testSizeofArrayField_512932" classname="org.eclipse.cdt.core.parser.tests.ast2.AST2CPPTests" time="0.012"/>
  <testcase name="testBug233889_b" classname="org.eclipse.cdt.core.parser.tests.ast2.AST2CPPTests" time="0.006"/>
  <testcase name="testVariableDeclarationInIfStatement" classname="org.eclipse.cdt.core.parser.tests.ast2.AST2CPPTests" time="0.009"/>
  <testcase name="testSmartPointerReference_259680" classname="org.eclipse.cdt.core.parser.tests.ast2.AST2CPPTests" time="0.006"/>
  <testcase name="test233889_a" classname="org.eclipse.cdt.core.parser.tests.ast2.AST2CPPTests" time="0.005"/>
  <testcase name="testSizeofStringLiteralWithEscapeCharacters_459279" classname="org.eclipse.cdt.core.parser.tests.ast2.AST2CPPTests" time="0.008"/>
  <testcase name="testConstexprEvaluationLimit_429891" classname="org.eclipse.cdt.core.parser.tests.ast2.AST2CPPTests" time="0.014"/>
  <testcase name="testImplicitDestructor_183160" classname="org.eclipse.cdt.core.parser.tests.ast2.AST2CPPTests" time="0.003"/>
  <testcase name="testConditionalOperator_324853a" classname="org.eclipse.cdt.core.parser.tests.ast2.AST2CPPTests" time="0.01"/>
  <testcase name="testConditionalOperator_324853b" classname="org.eclipse.cdt.core.parser.tests.ast2.AST2CPPTests" time="0.011"/>
  <testcase name="testUserDefinedLiteralResolution1" classname="org.eclipse.cdt.core.parser.tests.ast2.AST2CPPTests" time="0.011"/>
  <testcase name="testUserDefinedLiteralResolution2" classname="org.eclipse.cdt.core.parser.tests.ast2.AST2CPPTests" time="0.016"/>
  <testcase name="testUserDefinedLiteralResolution3" classname="org.eclipse.cdt.core.parser.tests.ast2.AST2CPPTests" time="0.014"/>
  <testcase name="testUserDefinedLiteralOperatorTypes1a" classname="org.eclipse.cdt.core.parser.tests.ast2.AST2CPPTests" time="0.013"/>
  <testcase name="testUserDefinedLiteralOperatorTypes1b" classname="org.eclipse.cdt.core.parser.tests.ast2.AST2CPPTests" time="0.014"/>
  <testcase name="testUserDefinedLiteralOperatorTypes2a" classname="org.eclipse.cdt.core.parser.tests.ast2.AST2CPPTests" time="0.011"/>
  <testcase name="testUserDefinedLiteralOperatorTypes2b" classname="org.eclipse.cdt.core.parser.tests.ast2.AST2CPPTests" time="0.011"/>
  <testcase name="testUserDefinedLiteralOperatorTypes3a" classname="org.eclipse.cdt.core.parser.tests.ast2.AST2CPPTests" time="0.011"/>
  <testcase name="testUserDefinedLiteralOperatorTypes3b" classname="org.eclipse.cdt.core.parser.tests.ast2.AST2CPPTests" time="0.012"/>
  <testcase name="testUserDefinedLiteralOperatorTypes3c" classname="org.eclipse.cdt.core.parser.tests.ast2.AST2CPPTests" time="0.011"/>
  <testcase name="testUserDefinedLiteralOperatorTypes4a" classname="org.eclipse.cdt.core.parser.tests.ast2.AST2CPPTests" time="0.011"/>
  <testcase name="testUserDefinedLiteralOperatorTypes4b" classname="org.eclipse.cdt.core.parser.tests.ast2.AST2CPPTests" time="0.011"/>
  <testcase name="testBasicInheritance" classname="org.eclipse.cdt.core.parser.tests.ast2.AST2CPPTests" time="0.002"/>
  <testcase name="testStructureNamespace" classname="org.eclipse.cdt.core.parser.tests.ast2.AST2CPPTests" time="0.006"/>
  <testcase name="testUsingDeclaration" classname="org.eclipse.cdt.core.parser.tests.ast2.AST2CPPTests" time="0.005"/>
  <testcase name="testMemberAccessOperator_a" classname="org.eclipse.cdt.core.parser.tests.ast2.AST2CPPTests" time="0.008"/>
  <testcase name="testMemberAccessOperator_b" classname="org.eclipse.cdt.core.parser.tests.ast2.AST2CPPTests" time="0.009"/>
  <testcase name="testMemberAccessOperator_c" classname="org.eclipse.cdt.core.parser.tests.ast2.AST2CPPTests" time="0.009"/>
  <testcase name="testMemberAccessOperator_d" classname="org.eclipse.cdt.core.parser.tests.ast2.AST2CPPTests" time="0.006"/>
  <testcase name="testMemberAccessOperator_e" classname="org.eclipse.cdt.core.parser.tests.ast2.AST2CPPTests" time="0.006"/>
  <testcase name="testNewExpressionType" classname="org.eclipse.cdt.core.parser.tests.ast2.AST2CPPTests" time="0.004"/>
  <testcase name="testFunctionExtraArgument" classname="org.eclipse.cdt.core.parser.tests.ast2.AST2CPPTests" time="0.004"/>
  <testcase name="testGCCBuiltins_512932a" classname="org.eclipse.cdt.core.parser.tests.ast2.AST2CPPTests" time="0.007"/>
  <testcase name="testGCCBuiltins_512932b" classname="org.eclipse.cdt.core.parser.tests.ast2.AST2CPPTests" time="0.008"/>
  <testcase name="testTypeOfConstexprFunction_451090" classname="org.eclipse.cdt.core.parser.tests.ast2.AST2CPPTests" time="0.011"/>
  <testcase name="testBug1043290" classname="org.eclipse.cdt.core.parser.tests.ast2.AST2CPPTests" time="0.008"/>
  <testcase name="testListInitialization_439477a" classname="org.eclipse.cdt.core.parser.tests.ast2.AST2CPPTests" time="0.01"/>
  <testcase name="testListInitialization_439477b" classname="org.eclipse.cdt.core.parser.tests.ast2.AST2CPPTests" time="0.009"/>
  <testcase name="testNestedClassScopeSeparateDefinition_401661" classname="org.eclipse.cdt.core.parser.tests.ast2.AST2CPPTests" time="0.011"/>
  <testcase name="testTypeOfBuiltinSymbol_512932" classname="org.eclipse.cdt.core.parser.tests.ast2.AST2CPPTests" time="0.011"/>
  <testcase name="testContextualBooleanConversion_506972" classname="org.eclipse.cdt.core.parser.tests.ast2.AST2CPPTests" time="0.008"/>
  <testcase name="testPMKoenig_a" classname="org.eclipse.cdt.core.parser.tests.ast2.AST2CPPTests" time="0.004"/>
  <testcase name="testPMKoenig_b" classname="org.eclipse.cdt.core.parser.tests.ast2.AST2CPPTests" time="0.003"/>
  <testcase name="testNamespaceAliasInMacroExpansion_506668" classname="org.eclipse.cdt.core.parser.tests.ast2.AST2CPPTests" time="0.005"/>
  <testcase name="testDecltypeWithConstantLambda_397494" classname="org.eclipse.cdt.core.parser.tests.ast2.AST2CPPTests" time="0.011"/>
  <testcase name="testDecltypeAutoTrailingReturnType_482225" classname="org.eclipse.cdt.core.parser.tests.ast2.AST2CPPTests" time="0.011"/>
  <testcase name="testOverloadResolutionForOperators_266211" classname="org.eclipse.cdt.core.parser.tests.ast2.AST2CPPTests" time="0.01"/>
  <testcase name="testOverloadResolutionForOperators_268534" classname="org.eclipse.cdt.core.parser.tests.ast2.AST2CPPTests" time="0.009"/>
  <testcase name="testFunctionCallOnLHS_252695" classname="org.eclipse.cdt.core.parser.tests.ast2.AST2CPPTests" time="0.008"/>
  <testcase name="testScopeOfUsingDelegates_219424" classname="org.eclipse.cdt.core.parser.tests.ast2.AST2CPPTests" time="0.007"/>
  <testcase name="testRankingOfDeprecatedConversionOnStringLiteral" classname="org.eclipse.cdt.core.parser.tests.ast2.AST2CPPTests" time="0.008"/>
  <testcase name="testDecltypeAutoTrailingReturnTypeConst_527553" classname="org.eclipse.cdt.core.parser.tests.ast2.AST2CPPTests" time="0.008"/>
  <testcase name="testErrorForDestructorWithWrongName_367590" classname="org.eclipse.cdt.core.parser.tests.ast2.AST2CPPTests" time="0.006"/>
  <testcase name="testNonPointerToPointerConversion_263707" classname="org.eclipse.cdt.core.parser.tests.ast2.AST2CPPTests" time="0.008"/>
  <testcase name="testDecltypeInBaseSpecifier_438348" classname="org.eclipse.cdt.core.parser.tests.ast2.AST2CPPTests" time="0.007"/>
  <testcase name="testOverrideFinalFunction" classname="org.eclipse.cdt.core.parser.tests.ast2.AST2CPPTests" time="0.008"/>
  <testcase name="testOverloadedCommaOpWithConstClassRef_334955" classname="org.eclipse.cdt.core.parser.tests.ast2.AST2CPPTests" time="0.016"/>
  <testcase name="testFunctionDef" classname="org.eclipse.cdt.core.parser.tests.ast2.AST2CPPTests" time="0.002"/>
  <testcase name="testAmbiguityResolutionInCondition_263158" classname="org.eclipse.cdt.core.parser.tests.ast2.AST2CPPTests" time="0.015"/>
  <testcase name="testFinalClass" classname="org.eclipse.cdt.core.parser.tests.ast2.AST2CPPTests" time="0.012"/>
  <testcase name="testReferenceToCopyConstructor" classname="org.eclipse.cdt.core.parser.tests.ast2.AST2CPPTests" time="0.008"/>
  <testcase name="testDecltype_294730" classname="org.eclipse.cdt.core.parser.tests.ast2.AST2CPPTests" time="0.008"/>
  <testcase name="testUserDefinedLiteralConcatenation1a" classname="org.eclipse.cdt.core.parser.tests.ast2.AST2CPPTests" time="0.008"/>
  <testcase name="testUserDefinedLiteralConcatenation1b" classname="org.eclipse.cdt.core.parser.tests.ast2.AST2CPPTests" time="0.007"/>
  <testcase name="testUserDefinedLiteralConcatenation2a" classname="org.eclipse.cdt.core.parser.tests.ast2.AST2CPPTests" time="0.008"/>
  <testcase name="testUserDefinedLiteralConcatenation2b" classname="org.eclipse.cdt.core.parser.tests.ast2.AST2CPPTests" time="0.01"/>
  <testcase name="testUserDefinedLiteralConcatenation2c" classname="org.eclipse.cdt.core.parser.tests.ast2.AST2CPPTests" time="0.01"/>
  <testcase name="testUserDefinedLiteralConcatenation2d" classname="org.eclipse.cdt.core.parser.tests.ast2.AST2CPPTests" time="0.011"/>
  <testcase name="testUserDefinedLiteralConcatenation3a" classname="org.eclipse.cdt.core.parser.tests.ast2.AST2CPPTests" time="0.012"/>
  <testcase name="testUserDefinedLiteralConcatenation3b" classname="org.eclipse.cdt.core.parser.tests.ast2.AST2CPPTests" time="0.011"/>
  <testcase name="testUserDefinedLiteralConcatenation3c" classname="org.eclipse.cdt.core.parser.tests.ast2.AST2CPPTests" time="0.009"/>
  <testcase name="testUserDefinedLiteralConcatenation3d" classname="org.eclipse.cdt.core.parser.tests.ast2.AST2CPPTests" time="0.007"/>
  <testcase name="testUserDefinedLiteralConcatenation4a" classname="org.eclipse.cdt.core.parser.tests.ast2.AST2CPPTests" time="0.01"/>
  <testcase name="testUserDefinedLiteralConcatenation4b" classname="org.eclipse.cdt.core.parser.tests.ast2.AST2CPPTests" time="0.007"/>
  <testcase name="testUserDefinedLiteralConcatenation4c" classname="org.eclipse.cdt.core.parser.tests.ast2.AST2CPPTests" time="0.01"/>
  <testcase name="testUserDefinedLiteralConcatenation4d" classname="org.eclipse.cdt.core.parser.tests.ast2.AST2CPPTests" time="0.007"/>
  <testcase name="testUserDefinedLiteralConcatenation5a" classname="org.eclipse.cdt.core.parser.tests.ast2.AST2CPPTests" time="0.008"/>
  <testcase name="testUserDefinedLiteralConcatenation5b" classname="org.eclipse.cdt.core.parser.tests.ast2.AST2CPPTests" time="0.007"/>
  <testcase name="testUserDefinedLiteralConcatenation5c" classname="org.eclipse.cdt.core.parser.tests.ast2.AST2CPPTests" time="0.008"/>
  <testcase name="testUserDefinedLiteralConcatenation5d" classname="org.eclipse.cdt.core.parser.tests.ast2.AST2CPPTests" time="0.008"/>
  <testcase name="testIntegerUserDefinedLiterals" classname="org.eclipse.cdt.core.parser.tests.ast2.AST2CPPTests" time="0.006"/>
  <testcase name="testClassScopeInlineDefinition_401661" classname="org.eclipse.cdt.core.parser.tests.ast2.AST2CPPTests" time="0.007"/>
  <testcase name="testCastAmbiguity_211756" classname="org.eclipse.cdt.core.parser.tests.ast2.AST2CPPTests" time="0.004"/>
  <testcase name="testSpecialRuleForImplicitObjectType_294730" classname="org.eclipse.cdt.core.parser.tests.ast2.AST2CPPTests" time="0.006"/>
  <testcase name="testNamespaceQualifiedOperator_256840" classname="org.eclipse.cdt.core.parser.tests.ast2.AST2CPPTests" time="0.005"/>
  <testcase name="testDefaultedAndDeletedFunctions_305978" classname="org.eclipse.cdt.core.parser.tests.ast2.AST2CPPTests" time="0.009"/>
  <testcase name="testADLForFunctionObject_388287" classname="org.eclipse.cdt.core.parser.tests.ast2.AST2CPPTests" time="0.006"/>
  <testcase name="testAssociatedScopesForOverloadedOperators_293589" classname="org.eclipse.cdt.core.parser.tests.ast2.AST2CPPTests" time="0.006"/>
  <testcase name="testLookupFromInlineFriend_284690" classname="org.eclipse.cdt.core.parser.tests.ast2.AST2CPPTests" time="0.005"/>
  <testcase name="testBasicPointerToMember" classname="org.eclipse.cdt.core.parser.tests.ast2.AST2CPPTests" time="0.003"/>
  <testcase name="testNarrowingConversionInListInitialization_491748" classname="org.eclipse.cdt.core.parser.tests.ast2.AST2CPPTests" time="0.008"/>
  <testcase name="testDerivedToBaseConversion_269318" classname="org.eclipse.cdt.core.parser.tests.ast2.AST2CPPTests" time="0.007"/>
  <testcase name="testTrailingReturnTypeInFunctionPointer" classname="org.eclipse.cdt.core.parser.tests.ast2.AST2CPPTests" time="0.007"/>
  <testcase name="testMethodTemplateWithSameName_292051" classname="org.eclipse.cdt.core.parser.tests.ast2.AST2CPPTests" time="0.008"/>
  <testcase name="testLiteralsViaOverloads_225534" classname="org.eclipse.cdt.core.parser.tests.ast2.AST2CPPTests" time="0.008"/>
  <testcase name="testThisType" classname="org.eclipse.cdt.core.parser.tests.ast2.AST2CPPTests" time="0.006"/>
  <testcase name="testLongLiteral_225534" classname="org.eclipse.cdt.core.parser.tests.ast2.AST2CPPTests" time="0.003"/>
  <testcase name="testSimpleUserDefinedLiteralOperators" classname="org.eclipse.cdt.core.parser.tests.ast2.AST2CPPTests" time="0.009"/>
  <testcase name="testLambdaWithCapture_446225" classname="org.eclipse.cdt.core.parser.tests.ast2.AST2CPPTests" time="0.005"/>
  <testcase name="testVoidParamInDefinition_257376" classname="org.eclipse.cdt.core.parser.tests.ast2.AST2CPPTests" time="0.005"/>
  <testcase name="testOperatorConversionNames" classname="org.eclipse.cdt.core.parser.tests.ast2.AST2CPPTests" time="0.003"/>
  <testcase name="testFunctionDeclarations" classname="org.eclipse.cdt.core.parser.tests.ast2.AST2CPPTests" time="0.002"/>
  <testcase name="testLambdaWithCapture" classname="org.eclipse.cdt.core.parser.tests.ast2.AST2CPPTests" time="0.007"/>
  <testcase name="testUserDefinedLiteralInNamespace_510665" classname="org.eclipse.cdt.core.parser.tests.ast2.AST2CPPTests" time="0.008"/>
  <testcase name="testInheritedConstructor" classname="org.eclipse.cdt.core.parser.tests.ast2.AST2CPPTests" time="0.002"/>
  <testcase name="testDecltypeInNameQualifier_380751" classname="org.eclipse.cdt.core.parser.tests.ast2.AST2CPPTests" time="0.006"/>
  <testcase name="testDefaultConstructor" classname="org.eclipse.cdt.core.parser.tests.ast2.AST2CPPTests" time="0.003"/>
  <testcase name="testProblem_AmbiguousInParent" classname="org.eclipse.cdt.core.parser.tests.ast2.AST2CPPTests" time="0.002"/>
  <testcase name="testScopeOfExceptionSpecification_377457" classname="org.eclipse.cdt.core.parser.tests.ast2.AST2CPPTests" time="0.007"/>
  <testcase name="testASTCopyForNoexceptDefault_bug456207" classname="org.eclipse.cdt.core.parser.tests.ast2.AST2CPPTests" time="0.007"/>
  <testcase name="_testInstanceMemberInStaticMethod_263154" classname="org.eclipse.cdt.core.parser.tests.ast2.AST2CPPTests" time="0.008"/>
  <testcase name="_testConversionOperator" classname="org.eclipse.cdt.core.parser.tests.ast2.AST2CPPTests" time="0.004"/>
  <testcase name="test33_ADLForOverloadSet_324842" classname="org.eclipse.cdt.core.parser.tests.ast2.ASTCPPSpecDefectTests" time="0.017"/>
  <testcase name="test692_partialOrdering" classname="org.eclipse.cdt.core.parser.tests.ast2.ASTCPPSpecDefectTests" time="0.002"/>
  <testcase name="test38_templateArgForOperator" classname="org.eclipse.cdt.core.parser.tests.ast2.ASTCPPSpecDefectTests" time="0.003"/>
  <testcase name="testConstructorCall" classname="org.eclipse.cdt.core.parser.tests.ast2.AST2CPPImplicitNameTests" time="0.013"/>
  <testcase name="testTemporaryNotCreatedWhenBoundToVariable" classname="org.eclipse.cdt.core.parser.tests.ast2.AST2CPPImplicitNameTests" time="0.005"/>
  <testcase name="testOrderOfDestruction" classname="org.eclipse.cdt.core.parser.tests.ast2.AST2CPPImplicitNameTests" time="0.006"/>
  <testcase name="testOverloadedNew_Bug354585" classname="org.eclipse.cdt.core.parser.tests.ast2.AST2CPPImplicitNameTests" time="0.003"/>
  <testcase name="testCommaOperator1" classname="org.eclipse.cdt.core.parser.tests.ast2.AST2CPPImplicitNameTests" time="0.004"/>
  <testcase name="testCommaOperator2" classname="org.eclipse.cdt.core.parser.tests.ast2.AST2CPPImplicitNameTests" time="0.004"/>
  <testcase name="testEmptyThrow" classname="org.eclipse.cdt.core.parser.tests.ast2.AST2CPPImplicitNameTests" time="0.002"/>
  <testcase name="testTemporaryBoundToReference" classname="org.eclipse.cdt.core.parser.tests.ast2.AST2CPPImplicitNameTests" time="0.002"/>
  <testcase name="testNew" classname="org.eclipse.cdt.core.parser.tests.ast2.AST2CPPImplicitNameTests" time="0.005"/>
  <testcase name="testPointerToMember" classname="org.eclipse.cdt.core.parser.tests.ast2.AST2CPPImplicitNameTests" time="0.003"/>
  <testcase name="testCopyAssignmentOperator" classname="org.eclipse.cdt.core.parser.tests.ast2.AST2CPPImplicitNameTests" time="0.002"/>
  <testcase name="testTemporaryDestruction" classname="org.eclipse.cdt.core.parser.tests.ast2.AST2CPPImplicitNameTests" time="0.003"/>
  <testcase name="testTemporaryNotCreatesInNewExpression" classname="org.eclipse.cdt.core.parser.tests.ast2.AST2CPPImplicitNameTests" time="0.003"/>
  <testcase name="testFunctionCallOperator" classname="org.eclipse.cdt.core.parser.tests.ast2.AST2CPPImplicitNameTests" time="0.006"/>
  <testcase name="testOverloadedDelete_Bug351547" classname="org.eclipse.cdt.core.parser.tests.ast2.AST2CPPImplicitNameTests" time="0.005"/>
  <testcase name="testUnaryPrefixAndPostfix" classname="org.eclipse.cdt.core.parser.tests.ast2.AST2CPPImplicitNameTests" time="0.003"/>
  <testcase name="testArrowOperator" classname="org.eclipse.cdt.core.parser.tests.ast2.AST2CPPImplicitNameTests" time="0.002"/>
  <testcase name="testPointerDereference" classname="org.eclipse.cdt.core.parser.tests.ast2.AST2CPPImplicitNameTests" time="0.005"/>
  <testcase name="testImplicitNewAndDelete" classname="org.eclipse.cdt.core.parser.tests.ast2.AST2CPPImplicitNameTests" time="0.003"/>
  <testcase name="testDelete" classname="org.eclipse.cdt.core.parser.tests.ast2.AST2CPPImplicitNameTests" time="0.002"/>
  <testcase name="testBinaryExpressions" classname="org.eclipse.cdt.core.parser.tests.ast2.AST2CPPImplicitNameTests" time="0.005"/>
  <testcase name="testArraySubscript" classname="org.eclipse.cdt.core.parser.tests.ast2.AST2CPPImplicitNameTests" time="0.003"/>
  <testcase name="testBuiltinOperators_294543" classname="org.eclipse.cdt.core.parser.tests.ast2.AST2CPPImplicitNameTests" time="0.004"/>
  <testcase name="test14_7_1s14_InfiniteInstantiation" classname="org.eclipse.cdt.core.parser.tests.ast2.AST2TemplateTests" time="0.014"/>
  <testcase name="testDecltypeInPackExpansion_486425a" classname="org.eclipse.cdt.core.parser.tests.ast2.AST2TemplateTests" time="0.013"/>
  <testcase name="testDecltypeInPackExpansion_486425b" classname="org.eclipse.cdt.core.parser.tests.ast2.AST2TemplateTests" time="0.01"/>
  <testcase name="testCtorTemplateWithTemplateID_259600" classname="org.eclipse.cdt.core.parser.tests.ast2.AST2TemplateTests" time="0.01"/>
  <testcase name="testSfinaeInTrailingReturnType_495845" classname="org.eclipse.cdt.core.parser.tests.ast2.AST2TemplateTests" time="0.009"/>
  <testcase name="testSfinaeInTrailingReturnType_495952" classname="org.eclipse.cdt.core.parser.tests.ast2.AST2TemplateTests" time="0.015"/>
  <testcase name="testUnnamedTypesAsTemplateArgument_316317a" classname="org.eclipse.cdt.core.parser.tests.ast2.AST2TemplateTests" time="0.007"/>
  <testcase name="testUnnamedTypesAsTemplateArgument_316317b" classname="org.eclipse.cdt.core.parser.tests.ast2.AST2TemplateTests" time="0.008"/>
  <testcase name="testSimpleAliasDeclaration" classname="org.eclipse.cdt.core.parser.tests.ast2.AST2TemplateTests" time="0.015"/>
  <testcase name="testUnsupportedOperationExceptionInASTAmbiguousNode_402085" classname="org.eclipse.cdt.core.parser.tests.ast2.AST2TemplateTests" time="0.01"/>
  <testcase name="testReferenceToParameterOfTemplateTemplateParameter_357308" classname="org.eclipse.cdt.core.parser.tests.ast2.AST2TemplateTests" time="0.009"/>
  <testcase name="testIntegralConversionInSpecializationMatching_237914" classname="org.eclipse.cdt.core.parser.tests.ast2.AST2TemplateTests" time="0.005"/>
  <testcase name="testFunctionCallOnDependentName_337686" classname="org.eclipse.cdt.core.parser.tests.ast2.AST2TemplateTests" time="0.004"/>
  <testcase name="testPartialSpecAfterExplicitInst_339475" classname="org.eclipse.cdt.core.parser.tests.ast2.AST2TemplateTests" time="0.006"/>
  <testcase name="testInstantiationOfFriendOfNestedClassInsideTemplate_484162" classname="org.eclipse.cdt.core.parser.tests.ast2.AST2TemplateTests" time="0.009"/>
  <testcase name="testConflictInTemplateArgumentDeduction" classname="org.eclipse.cdt.core.parser.tests.ast2.AST2TemplateTests" time="0.009"/>
  <testcase name="testPointerToMemberOfTemplateClass_402861" classname="org.eclipse.cdt.core.parser.tests.ast2.AST2TemplateTests" time="0.008"/>
  <testcase name="testLocalTypeAsTemplateArgument_442832" classname="org.eclipse.cdt.core.parser.tests.ast2.AST2TemplateTests" time="0.011"/>
  <testcase name="testAmbiguousDeclaratorInFunctionTemplate_265342" classname="org.eclipse.cdt.core.parser.tests.ast2.AST2TemplateTests" time="0.015"/>
  <testcase name="testInstantiationOfReturnExpression_484959" classname="org.eclipse.cdt.core.parser.tests.ast2.AST2TemplateTests" time="0.01"/>
  <testcase name="testTemplatedAliasDeclarationTemplateArgument" classname="org.eclipse.cdt.core.parser.tests.ast2.AST2TemplateTests" time="0.022"/>
  <testcase name="testTemplateTemplateParameterPack_487703a" classname="org.eclipse.cdt.core.parser.tests.ast2.AST2TemplateTests" time="0.012"/>
  <testcase name="testTemplateTemplateParameterPack_487703b" classname="org.eclipse.cdt.core.parser.tests.ast2.AST2TemplateTests" time="0.015"/>
  <testcase name="testInstanceMemberAccessibility" classname="org.eclipse.cdt.core.parser.tests.ast2.AST2TemplateTests" time="0.01"/>
  <testcase name="testDependentSizeofInDefaultArgument_513430" classname="org.eclipse.cdt.core.parser.tests.ast2.AST2TemplateTests" time="0.011"/>
  <testcase name="testBug229917a" classname="org.eclipse.cdt.core.parser.tests.ast2.AST2TemplateTests" time="0.007"/>
  <testcase name="testBug229917b" classname="org.eclipse.cdt.core.parser.tests.ast2.AST2TemplateTests" time="0.004"/>
  <testcase name="testDefaultTemplateParameter" classname="org.eclipse.cdt.core.parser.tests.ast2.AST2TemplateTests" time="0.006"/>
  <testcase name="testDefaultTemplateParameter_281781" classname="org.eclipse.cdt.core.parser.tests.ast2.AST2TemplateTests" time="0.008"/>
  <testcase name="testUniformInitializationInTemplateArgument_510010" classname="org.eclipse.cdt.core.parser.tests.ast2.AST2TemplateTests" time="0.01"/>
  <testcase name="testNestedFuncTemplatedDeclarator_bug190241" classname="org.eclipse.cdt.core.parser.tests.ast2.AST2TemplateTests" time="0.004"/>
  <testcase name="testConstInTypeParameter_377223" classname="org.eclipse.cdt.core.parser.tests.ast2.AST2TemplateTests" time="0.008"/>
  <testcase name="testFunctionTemplateWithArrayReferenceParameter_269926" classname="org.eclipse.cdt.core.parser.tests.ast2.AST2TemplateTests" time="0.005"/>
  <testcase name="testFunctionTemplateOrdering_293468" classname="org.eclipse.cdt.core.parser.tests.ast2.AST2TemplateTests" time="0.005"/>
  <testcase name="testFunctionTemplateOrdering_294539" classname="org.eclipse.cdt.core.parser.tests.ast2.AST2TemplateTests" time="0.006"/>
  <testcase name="testPackExpansionInNestedTemplate_459844" classname="org.eclipse.cdt.core.parser.tests.ast2.AST2TemplateTests" time="0.012"/>
  <testcase name="testNonAmbiguityCase_229942" classname="org.eclipse.cdt.core.parser.tests.ast2.AST2TemplateTests" time="0.003"/>
  <testcase name="testFunctionTemplateWithArrayReferenceParameter_394024" classname="org.eclipse.cdt.core.parser.tests.ast2.AST2TemplateTests" time="0.006"/>
  <testcase name="testSyntaxFailureInstantiatingFunctionTemplate_365981a" classname="org.eclipse.cdt.core.parser.tests.ast2.AST2TemplateTests" time="0.007"/>
  <testcase name="testSyntaxFailureInstantiatingFunctionTemplate_365981b" classname="org.eclipse.cdt.core.parser.tests.ast2.AST2TemplateTests" time="0.006"/>
  <testcase name="testFunctionTemplateOrdering_388805" classname="org.eclipse.cdt.core.parser.tests.ast2.AST2TemplateTests" time="0.004"/>
  <testcase name="testTemplateSpecializationMemberAccessibility" classname="org.eclipse.cdt.core.parser.tests.ast2.AST2TemplateTests" time="0.01"/>
  <testcase name="testConstexprFunction_395238a" classname="org.eclipse.cdt.core.parser.tests.ast2.AST2TemplateTests" time="0.022"/>
  <testcase name="testConstexprFunction_395238b" classname="org.eclipse.cdt.core.parser.tests.ast2.AST2TemplateTests" time="0.012"/>
  <testcase name="testMemberOfPartialSpecialization_416788" classname="org.eclipse.cdt.core.parser.tests.ast2.AST2TemplateTests" time="0.009"/>
  <testcase name="testSfinaeInNonTypeTemplateParameter_429928" classname="org.eclipse.cdt.core.parser.tests.ast2.AST2TemplateTests" time="0.008"/>
  <testcase name="testOverloadingOnTypeOfNonTypeTemplateParameter_512932" classname="org.eclipse.cdt.core.parser.tests.ast2.AST2TemplateTests" time="0.01"/>
  <testcase name="testNonTypeTemplateParameterWithTypenameKeyword_333186" classname="org.eclipse.cdt.core.parser.tests.ast2.AST2TemplateTests" time="0.004"/>
  <testcase name="testMemberLookupThroughDeferredClassBase" classname="org.eclipse.cdt.core.parser.tests.ast2.AST2TemplateTests" time="0.004"/>
  <testcase name="testRecursiveTemplateClass_484786" classname="org.eclipse.cdt.core.parser.tests.ast2.AST2TemplateTests" time="0.007"/>
  <testcase name="testTemplateArgumentDeduction_MultipleInheritance_527697" classname="org.eclipse.cdt.core.parser.tests.ast2.AST2TemplateTests" time="0.006"/>
  <testcase name="testSfinae_a" classname="org.eclipse.cdt.core.parser.tests.ast2.AST2TemplateTests" time="0.01"/>
  <testcase name="testSfinae_b" classname="org.eclipse.cdt.core.parser.tests.ast2.AST2TemplateTests" time="0.011"/>
  <testcase name="testTemplatedAliasBasicType" classname="org.eclipse.cdt.core.parser.tests.ast2.AST2TemplateTests" time="0.011"/>
  <testcase name="testFunctionWithVoidParamInTypeDeduction" classname="org.eclipse.cdt.core.parser.tests.ast2.AST2TemplateTests" time="0.005"/>
  <testcase name="testTemplateIdNamingAliasTemplateInExpression_472615" classname="org.eclipse.cdt.core.parser.tests.ast2.AST2TemplateTests" time="0.009"/>
  <testcase name="testUnknownParameter_264988" classname="org.eclipse.cdt.core.parser.tests.ast2.AST2TemplateTests" time="0.005"/>
  <testcase name="testConstructorOfExplicitSpecialization" classname="org.eclipse.cdt.core.parser.tests.ast2.AST2TemplateTests" time="0.007"/>
  <testcase name="testInstantiationOfEndl_297457" classname="org.eclipse.cdt.core.parser.tests.ast2.AST2TemplateTests" time="0.007"/>
  <testcase name="testSpecializationSelection_229218" classname="org.eclipse.cdt.core.parser.tests.ast2.AST2TemplateTests" time="0.005"/>
  <testcase name="testMethodImplWithNonDeferredType" classname="org.eclipse.cdt.core.parser.tests.ast2.AST2TemplateTests" time="0.01"/>
  <testcase name="testRegression_399142" classname="org.eclipse.cdt.core.parser.tests.ast2.AST2TemplateTests" time="0.011"/>
  <testcase name="testRegression_399829" classname="org.eclipse.cdt.core.parser.tests.ast2.AST2TemplateTests" time="0.012"/>
  <testcase name="testDirectlyNestedAmbiguity_362976" classname="org.eclipse.cdt.core.parser.tests.ast2.AST2TemplateTests" time="0.007"/>
  <testcase name="testRegression_421823" classname="org.eclipse.cdt.core.parser.tests.ast2.AST2TemplateTests" time="0.011"/>
  <testcase name="testNonTypeTemplateParameter_252108" classname="org.eclipse.cdt.core.parser.tests.ast2.AST2TemplateTests" time="0.006"/>
  <testcase name="testRegression_510010" classname="org.eclipse.cdt.core.parser.tests.ast2.AST2TemplateTests" time="0.008"/>
  <testcase name="testConstexprFunctionCallInTemplateArgument_332829" classname="org.eclipse.cdt.core.parser.tests.ast2.AST2TemplateTests" time="0.009"/>
  <testcase name="testFriendFunctionDeclarationInNamespace_513681" classname="org.eclipse.cdt.core.parser.tests.ast2.AST2TemplateTests" time="0.013"/>
  <testcase name="testTemplateScopes_a" classname="org.eclipse.cdt.core.parser.tests.ast2.AST2TemplateTests" time="0.003"/>
  <testcase name="testTemplateScopes_b" classname="org.eclipse.cdt.core.parser.tests.ast2.AST2TemplateTests" time="0.003"/>
  <testcase name="testSFINAEInEvalIdWithFieldOwner_510834" classname="org.eclipse.cdt.core.parser.tests.ast2.AST2TemplateTests" time="0.015"/>
  <testcase name="testTemplatedAliasAsFunctionArgument" classname="org.eclipse.cdt.core.parser.tests.ast2.AST2TemplateTests" time="0.016"/>
  <testcase name="testPartialOrderingForConversions_326900" classname="org.eclipse.cdt.core.parser.tests.ast2.AST2TemplateTests" time="0.007"/>
  <testcase name="testTemplatedAliasDeclarationValueArgument" classname="org.eclipse.cdt.core.parser.tests.ast2.AST2TemplateTests" time="0.015"/>
  <testcase name="testTypedef" classname="org.eclipse.cdt.core.parser.tests.ast2.AST2TemplateTests" time="0.006"/>
  <testcase name="testTypeIdOperatorArgumentIsUnaryExpression_229942" classname="org.eclipse.cdt.core.parser.tests.ast2.AST2TemplateTests" time="0.004"/>
  <testcase name="testDependentSpecializationOfFunctionTemplateAsFriend_422505a" classname="org.eclipse.cdt.core.parser.tests.ast2.AST2TemplateTests" time="0.007"/>
  <testcase name="testDependentSpecializationOfFunctionTemplateAsFriend_422505b" classname="org.eclipse.cdt.core.parser.tests.ast2.AST2TemplateTests" time="0.008"/>
  <testcase name="testADLForTemplateSpecializations_327069" classname="org.eclipse.cdt.core.parser.tests.ast2.AST2TemplateTests" time="0.004"/>
  <testcase name="testPackExpansionsAsArguments_367560" classname="org.eclipse.cdt.core.parser.tests.ast2.AST2TemplateTests" time="0.005"/>
  <testcase name="testVariadicTemplates_401024" classname="org.eclipse.cdt.core.parser.tests.ast2.AST2TemplateTests" time="0.01"/>
  <testcase name="testForwardDeclarations_264109" classname="org.eclipse.cdt.core.parser.tests.ast2.AST2TemplateTests" time="0.013"/>
  <testcase name="testRRefVsRef_351927" classname="org.eclipse.cdt.core.parser.tests.ast2.AST2TemplateTests" time="0.006"/>
  <testcase name="testSpecializationOfUsingDeclaration_357293" classname="org.eclipse.cdt.core.parser.tests.ast2.AST2TemplateTests" time="0.006"/>
  <testcase name="testSfinaeInTemplatedConversionOperator_409056" classname="org.eclipse.cdt.core.parser.tests.ast2.AST2TemplateTests" time="0.009"/>
  <testcase name="testEnclosingScopes_a" classname="org.eclipse.cdt.core.parser.tests.ast2.AST2TemplateTests" time="0.002"/>
  <testcase name="testEnclosingScopes_b" classname="org.eclipse.cdt.core.parser.tests.ast2.AST2TemplateTests" time="0.004"/>
  <testcase name="testEnclosingScopes_c" classname="org.eclipse.cdt.core.parser.tests.ast2.AST2TemplateTests" time="0.002"/>
  <testcase name="testEnclosingScopes_d" classname="org.eclipse.cdt.core.parser.tests.ast2.AST2TemplateTests" time="0.003"/>
  <testcase name="testTemplateParameterDeclarations" classname="org.eclipse.cdt.core.parser.tests.ast2.AST2TemplateTests" time="0.001"/>
  <testcase name="testUnqualifiedFunctionCallInTemplate_402498a" classname="org.eclipse.cdt.core.parser.tests.ast2.AST2TemplateTests" time="0.005"/>
  <testcase name="testUnqualifiedFunctionCallInTemplate_402498b" classname="org.eclipse.cdt.core.parser.tests.ast2.AST2TemplateTests" time="0.007"/>
  <testcase name="testUnqualifiedFunctionCallInTemplate_402498c" classname="org.eclipse.cdt.core.parser.tests.ast2.AST2TemplateTests" time="0.007"/>
  <testcase name="testUnqualifiedFunctionCallInTemplate_402498d" classname="org.eclipse.cdt.core.parser.tests.ast2.AST2TemplateTests" time="0.009"/>
  <testcase name="testPackExpansionInBaseSpecifier_487703" classname="org.eclipse.cdt.core.parser.tests.ast2.AST2TemplateTests" time="0.01"/>
  <testcase name="testBoolExpressionAsTemplateArgument_361604" classname="org.eclipse.cdt.core.parser.tests.ast2.AST2TemplateTests" time="0.008"/>
  <testcase name="testDependentExpressionInvolvingField_388623" classname="org.eclipse.cdt.core.parser.tests.ast2.AST2TemplateTests" time="0.01"/>
  <testcase name="testClassSpecializations" classname="org.eclipse.cdt.core.parser.tests.ast2.AST2TemplateTests" time="0.002"/>
  <testcase name="testUnknownReferences_257194" classname="org.eclipse.cdt.core.parser.tests.ast2.AST2TemplateTests" time="0.009"/>
  <testcase name="testInlineFriendFunction_284690" classname="org.eclipse.cdt.core.parser.tests.ast2.AST2TemplateTests" time="0.007"/>
  <testcase name="testInlineFriendFunction_287409" classname="org.eclipse.cdt.core.parser.tests.ast2.AST2TemplateTests" time="0.007"/>
  <testcase name="testIntegralConversionInPartialSpecializationMatching_237914" classname="org.eclipse.cdt.core.parser.tests.ast2.AST2TemplateTests" time="0.005"/>
  <testcase name="testSimpleFunctionTemplateAliasDeclaration" classname="org.eclipse.cdt.core.parser.tests.ast2.AST2TemplateTests" time="0.015"/>
  <testcase name="testNestedTemplateAmbiguity_363609" classname="org.eclipse.cdt.core.parser.tests.ast2.AST2TemplateTests" time="0.027"/>
  <testcase name="testQualifiedNameLookupInTemplate_402854" classname="org.eclipse.cdt.core.parser.tests.ast2.AST2TemplateTests" time="0.011"/>
  <testcase name="testAliasTemplate_486618" classname="org.eclipse.cdt.core.parser.tests.ast2.AST2TemplateTests" time="0.006"/>
  <testcase name="testAliasTemplate_486971" classname="org.eclipse.cdt.core.parser.tests.ast2.AST2TemplateTests" time="0.009"/>
  <testcase name="testDestructorExpressionType_528846" classname="org.eclipse.cdt.core.parser.tests.ast2.AST2TemplateTests" time="0.011"/>
  <testcase name="testOOM_508254" classname="org.eclipse.cdt.core.parser.tests.ast2.AST2TemplateTests" time="0.013"/>
  <testcase name="testTemplatedAliasDefaultArguments" classname="org.eclipse.cdt.core.parser.tests.ast2.AST2TemplateTests" time="0.011"/>
  <testcase name="testAliasTemplate_502109" classname="org.eclipse.cdt.core.parser.tests.ast2.AST2TemplateTests" time="0.013"/>
  <testcase name="testExternTemplates_294730" classname="org.eclipse.cdt.core.parser.tests.ast2.AST2TemplateTests" time="0.009"/>
  <testcase name="testUnqualifiedFunctionCallInTemplate_458316a" classname="org.eclipse.cdt.core.parser.tests.ast2.AST2TemplateTests" time="0.009"/>
  <testcase name="testUnqualifiedFunctionCallInTemplate_458316b" classname="org.eclipse.cdt.core.parser.tests.ast2.AST2TemplateTests" time="0.011"/>
  <testcase name="testIntegralConversionOperator_495091a" classname="org.eclipse.cdt.core.parser.tests.ast2.AST2TemplateTests" time="0.009"/>
  <testcase name="testIntegralConversionOperator_495091b" classname="org.eclipse.cdt.core.parser.tests.ast2.AST2TemplateTests" time="0.007"/>
  <testcase name="testDependentNameWithAuto_407480" classname="org.eclipse.cdt.core.parser.tests.ast2.AST2TemplateTests" time="0.006"/>
  <testcase name="testDependentFieldReference_472436a" classname="org.eclipse.cdt.core.parser.tests.ast2.AST2TemplateTests" time="0.008"/>
  <testcase name="testDependentFieldReference_472436b" classname="org.eclipse.cdt.core.parser.tests.ast2.AST2TemplateTests" time="0.006"/>
  <testcase name="testSpecializedEnumerator_418770" classname="org.eclipse.cdt.core.parser.tests.ast2.AST2TemplateTests" time="0.007"/>
  <testcase name="testRegression_401743a" classname="org.eclipse.cdt.core.parser.tests.ast2.AST2TemplateTests" time="0.007"/>
  <testcase name="testRegression_401743b" classname="org.eclipse.cdt.core.parser.tests.ast2.AST2TemplateTests" time="0.01"/>
  <testcase name="testNonTypeArgumentIsIDExpression_229942a" classname="org.eclipse.cdt.core.parser.tests.ast2.AST2TemplateTests" time="0.004"/>
  <testcase name="testNonTypeArgumentIsIDExpression_229942b" classname="org.eclipse.cdt.core.parser.tests.ast2.AST2TemplateTests" time="0.004"/>
  <testcase name="testQualifierTypeThatCollapsesAfterTypedefSubstitution_487698" classname="org.eclipse.cdt.core.parser.tests.ast2.AST2TemplateTests" time="0.007"/>
  <testcase name="testTemplatedAliasTemplateParameter" classname="org.eclipse.cdt.core.parser.tests.ast2.AST2TemplateTests" time="0.014"/>
  <testcase name="testReferenceBinding_Regression_516284" classname="org.eclipse.cdt.core.parser.tests.ast2.AST2TemplateTests" time="0.007"/>
  <testcase name="testBug306213a" classname="org.eclipse.cdt.core.parser.tests.ast2.AST2TemplateTests" time="0.009"/>
  <testcase name="testBug306213b" classname="org.eclipse.cdt.core.parser.tests.ast2.AST2TemplateTests" time="0.158"/>
  <testcase name="testBug306213c" classname="org.eclipse.cdt.core.parser.tests.ast2.AST2TemplateTests" time="0.007"/>
  <testcase name="testPartialOrderingInNonCallContext_326900" classname="org.eclipse.cdt.core.parser.tests.ast2.AST2TemplateTests" time="0.008"/>
  <testcase name="testFunctionTemplate_264963" classname="org.eclipse.cdt.core.parser.tests.ast2.AST2TemplateTests" time="0.005"/>
  <testcase name="testFunctionTemplate_266532" classname="org.eclipse.cdt.core.parser.tests.ast2.AST2TemplateTests" time="0.008"/>
  <testcase name="test14_5_5_1_FunctionTemplates_a" classname="org.eclipse.cdt.core.parser.tests.ast2.AST2TemplateTests" time="0.002"/>
  <testcase name="test14_5_5_1_FunctionTemplates_b" classname="org.eclipse.cdt.core.parser.tests.ast2.AST2TemplateTests" time="0.003"/>
  <testcase name="testFunctionTemplate_309564" classname="org.eclipse.cdt.core.parser.tests.ast2.AST2TemplateTests" time="0.004"/>
  <testcase name="testTemplateArgumentDeductionWithFunctionSet_501549" classname="org.eclipse.cdt.core.parser.tests.ast2.AST2TemplateTests" time="0.012"/>
  <testcase name="testDependentConversionOperator_486149" classname="org.eclipse.cdt.core.parser.tests.ast2.AST2TemplateTests" time="0.011"/>
  <testcase name="testDependentConversionOperator_486426" classname="org.eclipse.cdt.core.parser.tests.ast2.AST2TemplateTests" time="0.011"/>
  <testcase name="testDependentTemplateParameterInNestedTemplate_399454" classname="org.eclipse.cdt.core.parser.tests.ast2.AST2TemplateTests" time="0.007"/>
  <testcase name="testBug45129" classname="org.eclipse.cdt.core.parser.tests.ast2.AST2TemplateTests" time="0.003"/>
  <testcase name="testBug74204" classname="org.eclipse.cdt.core.parser.tests.ast2.AST2TemplateTests" time="0.009"/>
  <testcase name="testBug74276" classname="org.eclipse.cdt.core.parser.tests.ast2.AST2TemplateTests" time="0.005"/>
  <testcase name="testBug76951" classname="org.eclipse.cdt.core.parser.tests.ast2.AST2TemplateTests" time="0.003"/>
  <testcase name="testBug90678" classname="org.eclipse.cdt.core.parser.tests.ast2.AST2TemplateTests" time="0.005"/>
  <testcase name="testBug91707" classname="org.eclipse.cdt.core.parser.tests.ast2.AST2TemplateTests" time="0.006"/>
  <testcase name="testBug95208" classname="org.eclipse.cdt.core.parser.tests.ast2.AST2TemplateTests" time="0.006"/>
  <testcase name="testBug98666" classname="org.eclipse.cdt.core.parser.tests.ast2.AST2TemplateTests" time="0.001"/>
  <testcase name="testBug98784" classname="org.eclipse.cdt.core.parser.tests.ast2.AST2TemplateTests" time="0.003"/>
  <testcase name="testBug98961" classname="org.eclipse.cdt.core.parser.tests.ast2.AST2TemplateTests" time="0.003"/>
  <testcase name="testTemplateIDAmbiguity_393959" classname="org.eclipse.cdt.core.parser.tests.ast2.AST2TemplateTests" time="0.011"/>
  <testcase name="testDependentTemplateParameterInNestedTemplate_407497" classname="org.eclipse.cdt.core.parser.tests.ast2.AST2TemplateTests" time="0.011"/>
  <testcase name="testSpecializationOfConstexprFunction_420995" classname="org.eclipse.cdt.core.parser.tests.ast2.AST2TemplateTests" time="0.011"/>
  <testcase name="testTemplateIDAmbiguity_445177" classname="org.eclipse.cdt.core.parser.tests.ast2.AST2TemplateTests" time="0.007"/>
  <testcase name="testInstantiationOfFunctionTemplateWithOverloadedFunctionSetArgument_326492" classname="org.eclipse.cdt.core.parser.tests.ast2.AST2TemplateTests" time="0.008"/>
  <testcase name="testSimplifiedFunctionTemplateWithFunctionPointer_281783" classname="org.eclipse.cdt.core.parser.tests.ast2.AST2TemplateTests" time="0.004"/>
  <testcase name="testBasicTemplateInstance_a" classname="org.eclipse.cdt.core.parser.tests.ast2.AST2TemplateTests" time="0.002"/>
  <testcase name="testBasicTemplateInstance_b" classname="org.eclipse.cdt.core.parser.tests.ast2.AST2TemplateTests" time="0.002"/>
  <testcase name="testTemplateIDAmbiguity_497668" classname="org.eclipse.cdt.core.parser.tests.ast2.AST2TemplateTests" time="0.01"/>
  <testcase name="testRegression_485388a" classname="org.eclipse.cdt.core.parser.tests.ast2.AST2TemplateTests" time="0.019"/>
  <testcase name="testRegression_485388b" classname="org.eclipse.cdt.core.parser.tests.ast2.AST2TemplateTests" time="0.011"/>
  <testcase name="testAddressAsTemplateArgument_391190" classname="org.eclipse.cdt.core.parser.tests.ast2.AST2TemplateTests" time="0.011"/>
  <testcase name="testFunctionTemplateImplicitInstantiation" classname="org.eclipse.cdt.core.parser.tests.ast2.AST2TemplateTests" time="0.003"/>
  <testcase name="testDependentUsingDeclaration" classname="org.eclipse.cdt.core.parser.tests.ast2.AST2TemplateTests" time="0.009"/>
  <testcase name="test14_5_2s2_MemberSpecializations" classname="org.eclipse.cdt.core.parser.tests.ast2.AST2TemplateTests" time="0.006"/>
  <testcase name="testRebindPattern_214447a" classname="org.eclipse.cdt.core.parser.tests.ast2.AST2TemplateTests" time="0.005"/>
  <testcase name="testRebindPattern_214447b" classname="org.eclipse.cdt.core.parser.tests.ast2.AST2TemplateTests" time="0.008"/>
  <testcase name="testTemplateParameterPacksAmbiguity_280909" classname="org.eclipse.cdt.core.parser.tests.ast2.AST2TemplateTests" time="0.008"/>
  <testcase name="testTypeIdAsTemplateArgumentIsTypeId_229942a" classname="org.eclipse.cdt.core.parser.tests.ast2.AST2TemplateTests" time="0.011"/>
  <testcase name="testTypeIdAsTemplateArgumentIsTypeId_229942b" classname="org.eclipse.cdt.core.parser.tests.ast2.AST2TemplateTests" time="0.006"/>
  <testcase name="testRValueReferences_294730" classname="org.eclipse.cdt.core.parser.tests.ast2.AST2TemplateTests" time="0.01"/>
  <testcase name="testParameterAdjustementInInstantiatedFunctionType_351609" classname="org.eclipse.cdt.core.parser.tests.ast2.AST2TemplateTests" time="0.01"/>
  <testcase name="testTemplateArgumentNestingDepthLimit_512297" classname="org.eclipse.cdt.core.parser.tests.ast2.AST2TemplateTests" time="0.017">
    <error type="java.lang.StackOverflowError:">java.lang.StackOverflowError: null
	at org.eclipse.cdt.internal.core.dom.parser.cpp.GNUCPPSourceParser.nameSpecifier(GNUCPPSourceParser.java)
	at org.eclipse.cdt.internal.core.dom.parser.cpp.GNUCPPSourceParser.ambiguousNameSpecifier(GNUCPPSourceParser.java:285)
	at org.eclipse.cdt.internal.core.dom.parser.cpp.GNUCPPSourceParser.nameSpecifier(GNUCPPSourceParser.java:277)
	at org.eclipse.cdt.internal.core.dom.parser.cpp.GNUCPPSourceParser.qualifiedName(GNUCPPSourceParser.java:410)
	at org.eclipse.cdt.internal.core.dom.parser.cpp.GNUCPPSourceParser.declSpecifierSeq(GNUCPPSourceParser.java:3335)
	at org.eclipse.cdt.internal.core.dom.parser.cpp.GNUCPPSourceParser.declSpecifierSeq(GNUCPPSourceParser.java:3062)
	at org.eclipse.cdt.internal.core.dom.parser.AbstractGNUSourceCodeParser.declSpecifierSequence_initDeclarator(AbstractGNUSourceCodeParser.java:1646)
	at org.eclipse.cdt.internal.core.dom.parser.cpp.GNUCPPSourceParser.typeId(GNUCPPSourceParser.java:4180)
	at org.eclipse.cdt.internal.core.dom.parser.cpp.GNUCPPSourceParser.templateArgument(GNUCPPSourceParser.java:757)
	at org.eclipse.cdt.internal.core.dom.parser.cpp.GNUCPPSourceParser.templateArgumentList(GNUCPPSourceParser.java:736)
	at org.eclipse.cdt.internal.core.dom.parser.cpp.GNUCPPSourceParser.addTemplateArguments(GNUCPPSourceParser.java:463)
	at org.eclipse.cdt.internal.core.dom.parser.cpp.GNUCPPSourceParser.nameSpecifier(GNUCPPSourceParser.java:381)
	at org.eclipse.cdt.internal.core.dom.parser.cpp.GNUCPPSourceParser.ambiguousNameSpecifier(GNUCPPSourceParser.java:285)
	at org.eclipse.cdt.internal.core.dom.parser.cpp.GNUCPPSourceParser.nameSpecifier(GNUCPPSourceParser.java:277)
	at org.eclipse.cdt.internal.core.dom.parser.cpp.GNUCPPSourceParser.qualifiedName(GNUCPPSourceParser.java:410)
	at org.eclipse.cdt.internal.core.dom.parser.cpp.GNUCPPSourceParser.declSpecifierSeq(GNUCPPSourceParser.java:3335)
	at org.eclipse.cdt.internal.core.dom.parser.cpp.GNUCPPSourceParser.declSpecifierSeq(GNUCPPSourceParser.java:3062)
	at org.eclipse.cdt.internal.core.dom.parser.AbstractGNUSourceCodeParser.declSpecifierSequence_initDeclarator(AbstractGNUSourceCodeParser.java:1646)
	at org.eclipse.cdt.internal.core.dom.parser.cpp.GNUCPPSourceParser.typeId(GNUCPPSourceParser.java:4180)
	at org.eclipse.cdt.internal.core.dom.parser.cpp.GNUCPPSourceParser.templateArgument(GNUCPPSourceParser.java:757)
	at org.eclipse.cdt.internal.core.dom.parser.cpp.GNUCPPSourceParser.templateArgumentList(GNUCPPSourceParser.java:736)
	at org.eclipse.cdt.internal.core.dom.parser.cpp.GNUCPPSourceParser.addTemplateArguments(GNUCPPSourceParser.java:463)
	at org.eclipse.cdt.internal.core.dom.parser.cpp.GNUCPPSourceParser.nameSpecifier(GNUCPPSourceParser.java:381)
	at org.eclipse.cdt.internal.core.dom.parser.cpp.GNUCPPSourceParser.ambiguousNameSpecifier(GNUCPPSourceParser.java:285)
	at org.eclipse.cdt.internal.core.dom.parser.cpp.GNUCPPSourceParser.nameSpecifier(GNUCPPSourceParser.java:277)
	at org.eclipse.cdt.internal.core.dom.parser.cpp.GNUCPPSourceParser.qualifiedName(GNUCPPSourceParser.java:410)
	at org.eclipse.cdt.internal.core.dom.parser.cpp.GNUCPPSourceParser.declSpecifierSeq(GNUCPPSourceParser.java:3335)
	at org.eclipse.cdt.internal.core.dom.parser.cpp.GNUCPPSourceParser.declSpecifierSeq(GNUCPPSourceParser.java:3062)
	at org.eclipse.cdt.internal.core.dom.parser.AbstractGNUSourceCodeParser.declSpecifierSequence_initDeclarator(AbstractGNUSourceCodeParser.java:1646)
	at org.eclipse.cdt.internal.core.dom.parser.cpp.GNUCPPSourceParser.typeId(GNUCPPSourceParser.java:4180)
	at org.eclipse.cdt.internal.core.dom.parser.cpp.GNUCPPSourceParser.templateArgument(GNUCPPSourceParser.java:757)
	at org.eclipse.cdt.internal.core.dom.parser.cpp.GNUCPPSourceParser.templateArgumentList(GNUCPPSourceParser.java:736)
	at org.eclipse.cdt.internal.core.dom.parser.cpp.GNUCPPSourceParser.addTemplateArguments(GNUCPPSourceParser.java:463)
	at org.eclipse.cdt.internal.core.dom.parser.cpp.GNUCPPSourceParser.nameSpecifier(GNUCPPSourceParser.java:381)
	at org.eclipse.cdt.internal.core.dom.parser.cpp.GNUCPPSourceParser.ambiguousNameSpecifier(GNUCPPSourceParser.java:285)
	at org.eclipse.cdt.internal.core.dom.parser.cpp.GNUCPPSourceParser.nameSpecifier(GNUCPPSourceParser.java:277)
	at org.eclipse.cdt.internal.core.dom.parser.cpp.GNUCPPSourceParser.qualifiedName(GNUCPPSourceParser.java:410)
	at org.eclipse.cdt.internal.core.dom.parser.cpp.GNUCPPSourceParser.declSpecifierSeq(GNUCPPSourceParser.java:3335)
	at org.eclipse.cdt.internal.core.dom.parser.cpp.GNUCPPSourceParser.declSpecifierSeq(GNUCPPSourceParser.java:3062)
	at org.eclipse.cdt.internal.core.dom.parser.AbstractGNUSourceCodeParser.declSpecifierSequence_initDeclarator(AbstractGNUSourceCodeParser.java:1646)
	at org.eclipse.cdt.internal.core.dom.parser.cpp.GNUCPPSourceParser.typeId(GNUCPPSourceParser.java:4180)
	at org.eclipse.cdt.internal.core.dom.parser.cpp.GNUCPPSourceParser.templateArgument(GNUCPPSourceParser.java:757)
	at org.eclipse.cdt.internal.core.dom.parser.cpp.GNUCPPSourceParser.templateArgumentList(GNUCPPSourceParser.java:736)
	at org.eclipse.cdt.internal.core.dom.parser.cpp.GNUCPPSourceParser.addTemplateArguments(GNUCPPSourceParser.java:463)
	at org.eclipse.cdt.internal.core.dom.parser.cpp.GNUCPPSourceParser.nameSpecifier(GNUCPPSourceParser.java:381)
	at org.eclipse.cdt.internal.core.dom.parser.cpp.GNUCPPSourceParser.ambiguousNameSpecifier(GNUCPPSourceParser.java:285)
	at org.eclipse.cdt.internal.core.dom.parser.cpp.GNUCPPSourceParser.nameSpecifier(GNUCPPSourceParser.java:277)
	at org.eclipse.cdt.internal.core.dom.parser.cpp.GNUCPPSourceParser.qualifiedName(GNUCPPSourceParser.java:410)
	at org.eclipse.cdt.internal.core.dom.parser.cpp.GNUCPPSourceParser.declSpecifierSeq(GNUCPPSourceParser.java:3335)
	at org.eclipse.cdt.internal.core.dom.parser.cpp.GNUCPPSourceParser.declSpecifierSeq(GNUCPPSourceParser.java:3062)
	at org.eclipse.cdt.internal.core.dom.parser.AbstractGNUSourceCodeParser.declSpecifierSequence_initDeclarator(AbstractGNUSourceCodeParser.java:1646)
	at org.eclipse.cdt.internal.core.dom.parser.cpp.GNUCPPSourceParser.typeId(GNUCPPSourceParser.java:4180)
	at org.eclipse.cdt.internal.core.dom.parser.cpp.GNUCPPSourceParser.templateArgument(GNUCPPSourceParser.java:757)
	at org.eclipse.cdt.internal.core.dom.parser.cpp.GNUCPPSourceParser.templateArgumentList(GNUCPPSourceParser.java:736)
	at org.eclipse.cdt.internal.core.dom.parser.cpp.GNUCPPSourceParser.addTemplateArguments(GNUCPPSourceParser.java:463)
	at org.eclipse.cdt.internal.core.dom.parser.cpp.GNUCPPSourceParser.nameSpecifier(GNUCPPSourceParser.java:381)
	at org.eclipse.cdt.internal.core.dom.parser.cpp.GNUCPPSourceParser.ambiguousNameSpecifier(GNUCPPSourceParser.java:285)
	at org.eclipse.cdt.internal.core.dom.parser.cpp.GNUCPPSourceParser.nameSpecifier(GNUCPPSourceParser.java:277)
	at org.eclipse.cdt.internal.core.dom.parser.cpp.GNUCPPSourceParser.qualifiedName(GNUCPPSourceParser.java:410)
	at org.eclipse.cdt.internal.core.dom.parser.cpp.GNUCPPSourceParser.declSpecifierSeq(GNUCPPSourceParser.java:3335)
	at org.eclipse.cdt.internal.core.dom.parser.cpp.GNUCPPSourceParser.declSpecifierSeq(GNUCPPSourceParser.java:3062)
	at org.eclipse.cdt.internal.core.dom.parser.AbstractGNUSourceCodeParser.declSpecifierSequence_initDeclarator(AbstractGNUSourceCodeParser.java:1646)
	at org.eclipse.cdt.internal.core.dom.parser.cpp.GNUCPPSourceParser.typeId(GNUCPPSourceParser.java:4180)
	at org.eclipse.cdt.internal.core.dom.parser.cpp.GNUCPPSourceParser.templateArgument(GNUCPPSourceParser.java:757)
	at org.eclipse.cdt.internal.core.dom.parser.cpp.GNUCPPSourceParser.templateArgumentList(GNUCPPSourceParser.java:736)
	at org.eclipse.cdt.internal.core.dom.parser.cpp.GNUCPPSourceParser.addTemplateArguments(GNUCPPSourceParser.java:463)
	at org.eclipse.cdt.internal.core.dom.parser.cpp.GNUCPPSourceParser.nameSpecifier(GNUCPPSourceParser.java:381)
	at org.eclipse.cdt.internal.core.dom.parser.cpp.GNUCPPSourceParser.ambiguousNameSpecifier(GNUCPPSourceParser.java:285)
	at org.eclipse.cdt.internal.core.dom.parser.cpp.GNUCPPSourceParser.nameSpecifier(GNUCPPSourceParser.java:277)
	at org.eclipse.cdt.internal.core.dom.parser.cpp.GNUCPPSourceParser.qualifiedName(GNUCPPSourceParser.java:410)
	at org.eclipse.cdt.internal.core.dom.parser.cpp.GNUCPPSourceParser.declSpecifierSeq(GNUCPPSourceParser.java:3335)
	at org.eclipse.cdt.internal.core.dom.parser.cpp.GNUCPPSourceParser.declSpecifierSeq(GNUCPPSourceParser.java:3062)
	at org.eclipse.cdt.internal.core.dom.parser.AbstractGNUSourceCodeParser.declSpecifierSequence_initDeclarator(AbstractGNUSourceCodeParser.java:1646)
	at org.eclipse.cdt.internal.core.dom.parser.cpp.GNUCPPSourceParser.typeId(GNUCPPSourceParser.java:4180)
	at org.eclipse.cdt.internal.core.dom.parser.cpp.GNUCPPSourceParser.templateArgument(GNUCPPSourceParser.java:757)
	at org.eclipse.cdt.internal.core.dom.parser.cpp.GNUCPPSourceParser.templateArgumentList(GNUCPPSourceParser.java:736)
	at org.eclipse.cdt.internal.core.dom.parser.cpp.GNUCPPSourceParser.addTemplateArguments(GNUCPPSourceParser.java:463)
	at org.eclipse.cdt.internal.core.dom.parser.cpp.GNUCPPSourceParser.nameSpecifier(GNUCPPSourceParser.java:381)
	at org.eclipse.cdt.internal.core.dom.parser.cpp.GNUCPPSourceParser.ambiguousNameSpecifier(GNUCPPSourceParser.java:285)
	at org.eclipse.cdt.internal.core.dom.parser.cpp.GNUCPPSourceParser.nameSpecifier(GNUCPPSourceParser.java:277)
	at org.eclipse.cdt.internal.core.dom.parser.cpp.GNUCPPSourceParser.qualifiedName(GNUCPPSourceParser.java:410)
	at org.eclipse.cdt.internal.core.dom.parser.cpp.GNUCPPSourceParser.declSpecifierSeq(GNUCPPSourceParser.java:3335)
	at org.eclipse.cdt.internal.core.dom.parser.cpp.GNUCPPSourceParser.declSpecifierSeq(GNUCPPSourceParser.java:3062)
	at org.eclipse.cdt.internal.core.dom.parser.AbstractGNUSourceCodeParser.declSpecifierSequence_initDeclarator(AbstractGNUSourceCodeParser.java:1646)
	at org.eclipse.cdt.internal.core.dom.parser.cpp.GNUCPPSourceParser.typeId(GNUCPPSourceParser.java:4180)
	at org.eclipse.cdt.internal.core.dom.parser.cpp.GNUCPPSourceParser.templateArgument(GNUCPPSourceParser.java:757)
	at org.eclipse.cdt.internal.core.dom.parser.cpp.GNUCPPSourceParser.templateArgumentList(GNUCPPSourceParser.java:736)
	at org.eclipse.cdt.internal.core.dom.parser.cpp.GNUCPPSourceParser.addTemplateArguments(GNUCPPSourceParser.java:463)
	at org.eclipse.cdt.internal.core.dom.parser.cpp.GNUCPPSourceParser.nameSpecifier(GNUCPPSourceParser.java:381)
	at org.eclipse.cdt.internal.core.dom.parser.cpp.GNUCPPSourceParser.ambiguousNameSpecifier(GNUCPPSourceParser.java:285)
	at org.eclipse.cdt.internal.core.dom.parser.cpp.GNUCPPSourceParser.nameSpecifier(GNUCPPSourceParser.java:277)
	at org.eclipse.cdt.internal.core.dom.parser.cpp.GNUCPPSourceParser.qualifiedName(GNUCPPSourceParser.java:410)
	at org.eclipse.cdt.internal.core.dom.parser.cpp.GNUCPPSourceParser.declSpecifierSeq(GNUCPPSourceParser.java:3335)
	at org.eclipse.cdt.internal.core.dom.parser.cpp.GNUCPPSourceParser.declSpecifierSeq(GNUCPPSourceParser.java:3062)
	at org.eclipse.cdt.internal.core.dom.parser.AbstractGNUSourceCodeParser.declSpecifierSequence_initDeclarator(AbstractGNUSourceCodeParser.java:1646)
	at org.eclipse.cdt.internal.core.dom.parser.cpp.GNUCPPSourceParser.typeId(GNUCPPSourceParser.java:4180)
	at org.eclipse.cdt.internal.core.dom.parser.cpp.GNUCPPSourceParser.templateArgument(GNUCPPSourceParser.java:757)
	at org.eclipse.cdt.internal.core.dom.parser.cpp.GNUCPPSourceParser.templateArgumentList(GNUCPPSourceParser.java:736)
	at org.eclipse.cdt.internal.core.dom.parser.cpp.GNUCPPSourceParser.addTemplateArguments(GNUCPPSourceParser.java:463)
	at org.eclipse.cdt.internal.core.dom.parser.cpp.GNUCPPSourceParser.nameSpecifier(GNUCPPSourceParser.java:381)
	at org.eclipse.cdt.internal.core.dom.parser.cpp.GNUCPPSourceParser.ambiguousNameSpecifier(GNUCPPSourceParser.java:285)
	at org.eclipse.cdt.internal.core.dom.parser.cpp.GNUCPPSourceParser.nameSpecifier(GNUCPPSourceParser.java:277)
	at org.eclipse.cdt.internal.core.dom.parser.cpp.GNUCPPSourceParser.qualifiedName(GNUCPPSourceParser.java:410)
	at org.eclipse.cdt.internal.core.dom.parser.cpp.GNUCPPSourceParser.declSpecifierSeq(GNUCPPSourceParser.java:3335)
	at org.eclipse.cdt.internal.core.dom.parser.cpp.GNUCPPSourceParser.declSpecifierSeq(GNUCPPSourceParser.java:3062)
	at org.eclipse.cdt.internal.core.dom.parser.AbstractGNUSourceCodeParser.declSpecifierSequence_initDeclarator(AbstractGNUSourceCodeParser.java:1646)
	at org.eclipse.cdt.internal.core.dom.parser.cpp.GNUCPPSourceParser.typeId(GNUCPPSourceParser.java:4180)
	at org.eclipse.cdt.internal.core.dom.parser.cpp.GNUCPPSourceParser.templateArgument(GNUCPPSourceParser.java:757)
	at org.eclipse.cdt.internal.core.dom.parser.cpp.GNUCPPSourceParser.templateArgumentList(GNUCPPSourceParser.java:736)
	at org.eclipse.cdt.internal.core.dom.parser.cpp.GNUCPPSourceParser.addTemplateArguments(GNUCPPSourceParser.java:463)
	at org.eclipse.cdt.internal.core.dom.parser.cpp.GNUCPPSourceParser.nameSpecifier(GNUCPPSourceParser.java:381)
	at org.eclipse.cdt.internal.core.dom.parser.cpp.GNUCPPSourceParser.ambiguousNameSpecifier(GNUCPPSourceParser.java:285)
	at org.eclipse.cdt.internal.core.dom.parser.cpp.GNUCPPSourceParser.nameSpecifier(GNUCPPSourceParser.java:277)
	at org.eclipse.cdt.internal.core.dom.parser.cpp.GNUCPPSourceParser.qualifiedName(GNUCPPSourceParser.java:410)
	at org.eclipse.cdt.internal.core.dom.parser.cpp.GNUCPPSourceParser.declSpecifierSeq(GNUCPPSourceParser.java:3335)
	at org.eclipse.cdt.internal.core.dom.parser.cpp.GNUCPPSourceParser.declSpecifierSeq(GNUCPPSourceParser.java:3062)
	at org.eclipse.cdt.internal.core.dom.parser.AbstractGNUSourceCodeParser.declSpecifierSequence_initDeclarator(AbstractGNUSourceCodeParser.java:1646)
	at org.eclipse.cdt.internal.core.dom.parser.cpp.GNUCPPSourceParser.typeId(GNUCPPSourceParser.java:4180)
	at org.eclipse.cdt.internal.core.dom.parser.cpp.GNUCPPSourceParser.templateArgument(GNUCPPSourceParser.java:757)
	at org.eclipse.cdt.internal.core.dom.parser.cpp.GNUCPPSourceParser.templateArgumentList(GNUCPPSourceParser.java:736)
	at org.eclipse.cdt.internal.core.dom.parser.cpp.GNUCPPSourceParser.addTemplateArguments(GNUCPPSourceParser.java:463)
	at org.eclipse.cdt.internal.core.dom.parser.cpp.GNUCPPSourceParser.nameSpecifier(GNUCPPSourceParser.java:381)
	at org.eclipse.cdt.internal.core.dom.parser.cpp.GNUCPPSourceParser.ambiguousNameSpecifier(GNUCPPSourceParser.java:285)
	at org.eclipse.cdt.internal.core.dom.parser.cpp.GNUCPPSourceParser.nameSpecifier(GNUCPPSourceParser.java:277)
	at org.eclipse.cdt.internal.core.dom.parser.cpp.GNUCPPSourceParser.qualifiedName(GNUCPPSourceParser.java:410)
	at org.eclipse.cdt.internal.core.dom.parser.cpp.GNUCPPSourceParser.declSpecifierSeq(GNUCPPSourceParser.java:3335)
	at org.eclipse.cdt.internal.core.dom.parser.cpp.GNUCPPSourceParser.declSpecifierSeq(GNUCPPSourceParser.java:3062)
	at org.eclipse.cdt.internal.core.dom.parser.AbstractGNUSourceCodeParser.declSpecifierSequence_initDeclarator(AbstractGNUSourceCodeParser.java:1646)
	at org.eclipse.cdt.internal.core.dom.parser.cpp.GNUCPPSourceParser.typeId(GNUCPPSourceParser.java:4180)
	at org.eclipse.cdt.internal.core.dom.parser.cpp.GNUCPPSourceParser.templateArgument(GNUCPPSourceParser.java:757)
	at org.eclipse.cdt.internal.core.dom.parser.cpp.GNUCPPSourceParser.templateArgumentList(GNUCPPSourceParser.java:736)
	at org.eclipse.cdt.internal.core.dom.parser.cpp.GNUCPPSourceParser.addTemplateArguments(GNUCPPSourceParser.java:463)
	at org.eclipse.cdt.internal.core.dom.parser.cpp.GNUCPPSourceParser.nameSpecifier(GNUCPPSourceParser.java:381)
	at org.eclipse.cdt.internal.core.dom.parser.cpp.GNUCPPSourceParser.ambiguousNameSpecifier(GNUCPPSourceParser.java:285)
	at org.eclipse.cdt.internal.core.dom.parser.cpp.GNUCPPSourceParser.nameSpecifier(GNUCPPSourceParser.java:277)
	at org.eclipse.cdt.internal.core.dom.parser.cpp.GNUCPPSourceParser.qualifiedName(GNUCPPSourceParser.java:410)
	at org.eclipse.cdt.internal.core.dom.parser.cpp.GNUCPPSourceParser.declSpecifierSeq(GNUCPPSourceParser.java:3335)
	at org.eclipse.cdt.internal.core.dom.parser.cpp.GNUCPPSourceParser.declSpecifierSeq(GNUCPPSourceParser.java:3062)
	at org.eclipse.cdt.internal.core.dom.parser.AbstractGNUSourceCodeParser.declSpecifierSequence_initDeclarator(AbstractGNUSourceCodeParser.java:1646)
	at org.eclipse.cdt.internal.core.dom.parser.cpp.GNUCPPSourceParser.typeId(GNUCPPSourceParser.java:4180)
	at org.eclipse.cdt.internal.core.dom.parser.cpp.GNUCPPSourceParser.templateArgument(GNUCPPSourceParser.java:757)
	at org.eclipse.cdt.internal.core.dom.parser.cpp.GNUCPPSourceParser.templateArgumentList(GNUCPPSourceParser.java:736)
	at org.eclipse.cdt.internal.core.dom.parser.cpp.GNUCPPSourceParser.addTemplateArguments(GNUCPPSourceParser.java:463)
	at org.eclipse.cdt.internal.core.dom.parser.cpp.GNUCPPSourceParser.nameSpecifier(GNUCPPSourceParser.java:381)
	at org.eclipse.cdt.internal.core.dom.parser.cpp.GNUCPPSourceParser.ambiguousNameSpecifier(GNUCPPSourceParser.java:285)
	at org.eclipse.cdt.internal.core.dom.parser.cpp.GNUCPPSourceParser.nameSpecifier(GNUCPPSourceParser.java:277)
	at org.eclipse.cdt.internal.core.dom.parser.cpp.GNUCPPSourceParser.qualifiedName(GNUCPPSourceParser.java:410)
	at org.eclipse.cdt.internal.core.dom.parser.cpp.GNUCPPSourceParser.declSpecifierSeq(GNUCPPSourceParser.java:3335)
	at org.eclipse.cdt.internal.core.dom.parser.cpp.GNUCPPSourceParser.declSpecifierSeq(GNUCPPSourceParser.java:3062)
	at org.eclipse.cdt.internal.core.dom.parser.AbstractGNUSourceCodeParser.declSpecifierSequence_initDeclarator(AbstractGNUSourceCodeParser.java:1646)
	at org.eclipse.cdt.internal.core.dom.parser.cpp.GNUCPPSourceParser.typeId(GNUCPPSourceParser.java:4180)
	at org.eclipse.cdt.internal.core.dom.parser.cpp.GNUCPPSourceParser.templateArgument(GNUCPPSourceParser.java:757)
	at org.eclipse.cdt.internal.core.dom.parser.cpp.GNUCPPSourceParser.templateArgumentList(GNUCPPSourceParser.java:736)
	at org.eclipse.cdt.internal.core.dom.parser.cpp.GNUCPPSourceParser.addTemplateArguments(GNUCPPSourceParser.java:463)
	at org.eclipse.cdt.internal.core.dom.parser.cpp.GNUCPPSourceParser.nameSpecifier(GNUCPPSourceParser.java:381)
	at org.eclipse.cdt.internal.core.dom.parser.cpp.GNUCPPSourceParser.ambiguousNameSpecifier(GNUCPPSourceParser.java:285)
	at org.eclipse.cdt.internal.core.dom.parser.cpp.GNUCPPSourceParser.nameSpecifier(GNUCPPSourceParser.java:277)
	at org.eclipse.cdt.internal.core.dom.parser.cpp.GNUCPPSourceParser.qualifiedName(GNUCPPSourceParser.java:410)
	at org.eclipse.cdt.internal.core.dom.parser.cpp.GNUCPPSourceParser.declSpecifierSeq(GNUCPPSourceParser.java:3335)
	at org.eclipse.cdt.internal.core.dom.parser.cpp.GNUCPPSourceParser.declSpecifierSeq(GNUCPPSourceParser.java:3062)
	at org.eclipse.cdt.internal.core.dom.parser.AbstractGNUSourceCodeParser.declSpecifierSequence_initDeclarator(AbstractGNUSourceCodeParser.java:1646)
	at org.eclipse.cdt.internal.core.dom.parser.cpp.GNUCPPSourceParser.typeId(GNUCPPSourceParser.java:4180)
	at org.eclipse.cdt.internal.core.dom.parser.cpp.GNUCPPSourceParser.templateArgument(GNUCPPSourceParser.java:757)
	at org.eclipse.cdt.internal.core.dom.parser.cpp.GNUCPPSourceParser.templateArgumentList(GNUCPPSourceParser.java:736)
	at org.eclipse.cdt.internal.core.dom.parser.cpp.GNUCPPSourceParser.addTemplateArguments(GNUCPPSourceParser.java:463)
	at org.eclipse.cdt.internal.core.dom.parser.cpp.GNUCPPSourceParser.nameSpecifier(GNUCPPSourceParser.java:381)
	at org.eclipse.cdt.internal.core.dom.parser.cpp.GNUCPPSourceParser.ambiguousNameSpecifier(GNUCPPSourceParser.java:285)
	at org.eclipse.cdt.internal.core.dom.parser.cpp.GNUCPPSourceParser.nameSpecifier(GNUCPPSourceParser.java:277)
	at org.eclipse.cdt.internal.core.dom.parser.cpp.GNUCPPSourceParser.qualifiedName(GNUCPPSourceParser.java:410)
	at org.eclipse.cdt.internal.core.dom.parser.cpp.GNUCPPSourceParser.declSpecifierSeq(GNUCPPSourceParser.java:3335)
	at org.eclipse.cdt.internal.core.dom.parser.cpp.GNUCPPSourceParser.declSpecifierSeq(GNUCPPSourceParser.java:3062)
	at org.eclipse.cdt.internal.core.dom.parser.AbstractGNUSourceCodeParser.declSpecifierSequence_initDeclarator(AbstractGNUSourceCodeParser.java:1646)
	at org.eclipse.cdt.internal.core.dom.parser.cpp.GNUCPPSourceParser.typeId(GNUCPPSourceParser.java:4180)
	at org.eclipse.cdt.internal.core.dom.parser.cpp.GNUCPPSourceParser.templateArgument(GNUCPPSourceParser.java:757)
	at org.eclipse.cdt.internal.core.dom.parser.cpp.GNUCPPSourceParser.templateArgumentList(GNUCPPSourceParser.java:736)
	at org.eclipse.cdt.internal.core.dom.parser.cpp.GNUCPPSourceParser.addTemplateArguments(GNUCPPSourceParser.java:463)
	at org.eclipse.cdt.internal.core.dom.parser.cpp.GNUCPPSourceParser.nameSpecifier(GNUCPPSourceParser.java:381)
	at org.eclipse.cdt.internal.core.dom.parser.cpp.GNUCPPSourceParser.ambiguousNameSpecifier(GNUCPPSourceParser.java:285)
	at org.eclipse.cdt.internal.core.dom.parser.cpp.GNUCPPSourceParser.nameSpecifier(GNUCPPSourceParser.java:277)
	at org.eclipse.cdt.internal.core.dom.parser.cpp.GNUCPPSourceParser.qualifiedName(GNUCPPSourceParser.java:410)
	at org.eclipse.cdt.internal.core.dom.parser.cpp.GNUCPPSourceParser.declSpecifierSeq(GNUCPPSourceParser.java:3335)
	at org.eclipse.cdt.internal.core.dom.parser.cpp.GNUCPPSourceParser.declSpecifierSeq(GNUCPPSourceParser.java:3062)
	at org.eclipse.cdt.internal.core.dom.parser.AbstractGNUSourceCodeParser.declSpecifierSequence_initDeclarator(AbstractGNUSourceCodeParser.java:1646)
	at org.eclipse.cdt.internal.core.dom.parser.cpp.GNUCPPSourceParser.typeId(GNUCPPSourceParser.java:4180)
	at org.eclipse.cdt.internal.core.dom.parser.cpp.GNUCPPSourceParser.templateArgument(GNUCPPSourceParser.java:757)
	at org.eclipse.cdt.internal.core.dom.parser.cpp.GNUCPPSourceParser.templateArgumentList(GNUCPPSourceParser.java:736)
	at org.eclipse.cdt.internal.core.dom.parser.cpp.GNUCPPSourceParser.addTemplateArguments(GNUCPPSourceParser.java:463)
	at org.eclipse.cdt.internal.core.dom.parser.cpp.GNUCPPSourceParser.nameSpecifier(GNUCPPSourceParser.java:381)
	at org.eclipse.cdt.internal.core.dom.parser.cpp.GNUCPPSourceParser.ambiguousNameSpecifier(GNUCPPSourceParser.java:285)
	at org.eclipse.cdt.internal.core.dom.parser.cpp.GNUCPPSourceParser.nameSpecifier(GNUCPPSourceParser.java:277)
	at org.eclipse.cdt.internal.core.dom.parser.cpp.GNUCPPSourceParser.qualifiedName(GNUCPPSourceParser.java:410)
	at org.eclipse.cdt.internal.core.dom.parser.cpp.GNUCPPSourceParser.declSpecifierSeq(GNUCPPSourceParser.java:3335)
	at org.eclipse.cdt.internal.core.dom.parser.cpp.GNUCPPSourceParser.declSpecifierSeq(GNUCPPSourceParser.java:3062)
	at org.eclipse.cdt.internal.core.dom.parser.AbstractGNUSourceCodeParser.declSpecifierSequence_initDeclarator(AbstractGNUSourceCodeParser.java:1646)
	at org.eclipse.cdt.internal.core.dom.parser.cpp.GNUCPPSourceParser.typeId(GNUCPPSourceParser.java:4180)
	at org.eclipse.cdt.internal.core.dom.parser.cpp.GNUCPPSourceParser.templateArgument(GNUCPPSourceParser.java:757)
	at org.eclipse.cdt.internal.core.dom.parser.cpp.GNUCPPSourceParser.templateArgumentList(GNUCPPSourceParser.java:736)
	at org.eclipse.cdt.internal.core.dom.parser.cpp.GNUCPPSourceParser.addTemplateArguments(GNUCPPSourceParser.java:463)
	at org.eclipse.cdt.internal.core.dom.parser.cpp.GNUCPPSourceParser.nameSpecifier(GNUCPPSourceParser.java:381)
	at org.eclipse.cdt.internal.core.dom.parser.cpp.GNUCPPSourceParser.ambiguousNameSpecifier(GNUCPPSourceParser.java:285)
	at org.eclipse.cdt.internal.core.dom.parser.cpp.GNUCPPSourceParser.nameSpecifier(GNUCPPSourceParser.java:277)
	at org.eclipse.cdt.internal.core.dom.parser.cpp.GNUCPPSourceParser.qualifiedName(GNUCPPSourceParser.java:410)
	at org.eclipse.cdt.internal.core.dom.parser.cpp.GNUCPPSourceParser.declSpecifierSeq(GNUCPPSourceParser.java:3335)
	at org.eclipse.cdt.internal.core.dom.parser.cpp.GNUCPPSourceParser.declSpecifierSeq(GNUCPPSourceParser.java:3062)
	at org.eclipse.cdt.internal.core.dom.parser.AbstractGNUSourceCodeParser.declSpecifierSequence_initDeclarator(AbstractGNUSourceCodeParser.java:1646)
	at org.eclipse.cdt.internal.core.dom.parser.cpp.GNUCPPSourceParser.typeId(GNUCPPSourceParser.java:4180)
	at org.eclipse.cdt.internal.core.dom.parser.cpp.GNUCPPSourceParser.templateArgument(GNUCPPSourceParser.java:757)
	at org.eclipse.cdt.internal.core.dom.parser.cpp.GNUCPPSourceParser.templateArgumentList(GNUCPPSourceParser.java:736)
	at org.eclipse.cdt.internal.core.dom.parser.cpp.GNUCPPSourceParser.addTemplateArguments(GNUCPPSourceParser.java:463)
	at org.eclipse.cdt.internal.core.dom.parser.cpp.GNUCPPSourceParser.nameSpecifier(GNUCPPSourceParser.java:381)
	at org.eclipse.cdt.internal.core.dom.parser.cpp.GNUCPPSourceParser.ambiguousNameSpecifier(GNUCPPSourceParser.java:285)
	at org.eclipse.cdt.internal.core.dom.parser.cpp.GNUCPPSourceParser.nameSpecifier(GNUCPPSourceParser.java:277)
	at org.eclipse.cdt.internal.core.dom.parser.cpp.GNUCPPSourceParser.qualifiedName(GNUCPPSourceParser.java:410)
	at org.eclipse.cdt.internal.core.dom.parser.cpp.GNUCPPSourceParser.declSpecifierSeq(GNUCPPSourceParser.java:3335)
	at org.eclipse.cdt.internal.core.dom.parser.cpp.GNUCPPSourceParser.declSpecifierSeq(GNUCPPSourceParser.java:3062)
	at org.eclipse.cdt.internal.core.dom.parser.AbstractGNUSourceCodeParser.declSpecifierSequence_initDeclarator(AbstractGNUSourceCodeParser.java:1646)
	at org.eclipse.cdt.internal.core.dom.parser.cpp.GNUCPPSourceParser.typeId(GNUCPPSourceParser.java:4180)
	at org.eclipse.cdt.internal.core.dom.parser.cpp.GNUCPPSourceParser.templateArgument(GNUCPPSourceParser.java:757)
	at org.eclipse.cdt.internal.core.dom.parser.cpp.GNUCPPSourceParser.templateArgumentList(GNUCPPSourceParser.java:736)
	at org.eclipse.cdt.internal.core.dom.parser.cpp.GNUCPPSourceParser.addTemplateArguments(GNUCPPSourceParser.java:463)
	at org.eclipse.cdt.internal.core.dom.parser.cpp.GNUCPPSourceParser.nameSpecifier(GNUCPPSourceParser.java:381)
	at org.eclipse.cdt.internal.core.dom.parser.cpp.GNUCPPSourceParser.ambiguousNameSpecifier(GNUCPPSourceParser.java:285)
	at org.eclipse.cdt.internal.core.dom.parser.cpp.GNUCPPSourceParser.nameSpecifier(GNUCPPSourceParser.java:277)
	at org.eclipse.cdt.internal.core.dom.parser.cpp.GNUCPPSourceParser.qualifiedName(GNUCPPSourceParser.java:410)
	at org.eclipse.cdt.internal.core.dom.parser.cpp.GNUCPPSourceParser.declSpecifierSeq(GNUCPPSourceParser.java:3335)
	at org.eclipse.cdt.internal.core.dom.parser.cpp.GNUCPPSourceParser.declSpecifierSeq(GNUCPPSourceParser.java:3062)
	at org.eclipse.cdt.internal.core.dom.parser.AbstractGNUSourceCodeParser.declSpecifierSequence_initDeclarator(AbstractGNUSourceCodeParser.java:1646)
	at org.eclipse.cdt.internal.core.dom.parser.cpp.GNUCPPSourceParser.typeId(GNUCPPSourceParser.java:4180)
	at org.eclipse.cdt.internal.core.dom.parser.cpp.GNUCPPSourceParser.templateArgument(GNUCPPSourceParser.java:757)
	at org.eclipse.cdt.internal.core.dom.parser.cpp.GNUCPPSourceParser.templateArgumentList(GNUCPPSourceParser.java:736)
	at org.eclipse.cdt.internal.core.dom.parser.cpp.GNUCPPSourceParser.addTemplateArguments(GNUCPPSourceParser.java:463)
	at org.eclipse.cdt.internal.core.dom.parser.cpp.GNUCPPSourceParser.nameSpecifier(GNUCPPSourceParser.java:381)
	at org.eclipse.cdt.internal.core.dom.parser.cpp.GNUCPPSourceParser.ambiguousNameSpecifier(GNUCPPSourceParser.java:285)
	at org.eclipse.cdt.internal.core.dom.parser.cpp.GNUCPPSourceParser.nameSpecifier(GNUCPPSourceParser.java:277)
	at org.eclipse.cdt.internal.core.dom.parser.cpp.GNUCPPSourceParser.qualifiedName(GNUCPPSourceParser.java:410)
	at org.eclipse.cdt.internal.core.dom.parser.cpp.GNUCPPSourceParser.declSpecifierSeq(GNUCPPSourceParser.java:3335)
	at org.eclipse.cdt.internal.core.dom.parser.cpp.GNUCPPSourceParser.declSpecifierSeq(GNUCPPSourceParser.java:3062)
	at org.eclipse.cdt.internal.core.dom.parser.AbstractGNUSourceCodeParser.declSpecifierSequence_initDeclarator(AbstractGNUSourceCodeParser.java:1646)
	at org.eclipse.cdt.internal.core.dom.parser.cpp.GNUCPPSourceParser.typeId(GNUCPPSourceParser.java:4180)
	at org.eclipse.cdt.internal.core.dom.parser.cpp.GNUCPPSourceParser.templateArgument(GNUCPPSourceParser.java:757)
	at org.eclipse.cdt.internal.core.dom.parser.cpp.GNUCPPSourceParser.templateArgumentList(GNUCPPSourceParser.java:736)
	at org.eclipse.cdt.internal.core.dom.parser.cpp.GNUCPPSourceParser.addTemplateArguments(GNUCPPSourceParser.java:463)
	at org.eclipse.cdt.internal.core.dom.parser.cpp.GNUCPPSourceParser.nameSpecifier(GNUCPPSourceParser.java:381)
	at org.eclipse.cdt.internal.core.dom.parser.cpp.GNUCPPSourceParser.ambiguousNameSpecifier(GNUCPPSourceParser.java:285)
	at org.eclipse.cdt.internal.core.dom.parser.cpp.GNUCPPSourceParser.nameSpecifier(GNUCPPSourceParser.java:277)
	at org.eclipse.cdt.internal.core.dom.parser.cpp.GNUCPPSourceParser.qualifiedName(GNUCPPSourceParser.java:410)
	at org.eclipse.cdt.internal.core.dom.parser.cpp.GNUCPPSourceParser.declSpecifierSeq(GNUCPPSourceParser.java:3335)
	at org.eclipse.cdt.internal.core.dom.parser.cpp.GNUCPPSourceParser.declSpecifierSeq(GNUCPPSourceParser.java:3062)
	at org.eclipse.cdt.internal.core.dom.parser.AbstractGNUSourceCodeParser.declSpecifierSequence_initDeclarator(AbstractGNUSourceCodeParser.java:1646)
	at org.eclipse.cdt.internal.core.dom.parser.cpp.GNUCPPSourceParser.typeId(GNUCPPSourceParser.java:4180)
	at org.eclipse.cdt.internal.core.dom.parser.cpp.GNUCPPSourceParser.templateArgument(GNUCPPSourceParser.java:757)
	at org.eclipse.cdt.internal.core.dom.parser.cpp.GNUCPPSourceParser.templateArgumentList(GNUCPPSourceParser.java:736)
	at org.eclipse.cdt.internal.core.dom.parser.cpp.GNUCPPSourceParser.addTemplateArguments(GNUCPPSourceParser.java:463)
	at org.eclipse.cdt.internal.core.dom.parser.cpp.GNUCPPSourceParser.nameSpecifier(GNUCPPSourceParser.java:381)
	at org.eclipse.cdt.internal.core.dom.parser.cpp.GNUCPPSourceParser.ambiguousNameSpecifier(GNUCPPSourceParser.java:285)
	at org.eclipse.cdt.internal.core.dom.parser.cpp.GNUCPPSourceParser.nameSpecifier(GNUCPPSourceParser.java:277)
	at org.eclipse.cdt.internal.core.dom.parser.cpp.GNUCPPSourceParser.qualifiedName(GNUCPPSourceParser.java:410)
	at org.eclipse.cdt.internal.core.dom.parser.cpp.GNUCPPSourceParser.declSpecifierSeq(GNUCPPSourceParser.java:3335)
	at org.eclipse.cdt.internal.core.dom.parser.cpp.GNUCPPSourceParser.declSpecifierSeq(GNUCPPSourceParser.java:3062)
	at org.eclipse.cdt.internal.core.dom.parser.AbstractGNUSourceCodeParser.declSpecifierSequence_initDeclarator(AbstractGNUSourceCodeParser.java:1646)
	at org.eclipse.cdt.internal.core.dom.parser.cpp.GNUCPPSourceParser.typeId(GNUCPPSourceParser.java:4180)
	at org.eclipse.cdt.internal.core.dom.parser.cpp.GNUCPPSourceParser.templateArgument(GNUCPPSourceParser.java:757)
	at org.eclipse.cdt.internal.core.dom.parser.cpp.GNUCPPSourceParser.templateArgumentList(GNUCPPSourceParser.java:736)
	at org.eclipse.cdt.internal.core.dom.parser.cpp.GNUCPPSourceParser.addTemplateArguments(GNUCPPSourceParser.java:463)
	at org.eclipse.cdt.internal.core.dom.parser.cpp.GNUCPPSourceParser.nameSpecifier(GNUCPPSourceParser.java:381)
	at org.eclipse.cdt.internal.core.dom.parser.cpp.GNUCPPSourceParser.ambiguousNameSpecifier(GNUCPPSourceParser.java:285)
	at org.eclipse.cdt.internal.core.dom.parser.cpp.GNUCPPSourceParser.nameSpecifier(GNUCPPSourceParser.java:277)
	at org.eclipse.cdt.internal.core.dom.parser.cpp.GNUCPPSourceParser.qualifiedName(GNUCPPSourceParser.java:410)
	at org.eclipse.cdt.internal.core.dom.parser.cpp.GNUCPPSourceParser.declSpecifierSeq(GNUCPPSourceParser.java:3335)
	at org.eclipse.cdt.internal.core.dom.parser.cpp.GNUCPPSourceParser.declSpecifierSeq(GNUCPPSourceParser.java:3062)
	at org.eclipse.cdt.internal.core.dom.parser.AbstractGNUSourceCodeParser.declSpecifierSequence_initDeclarator(AbstractGNUSourceCodeParser.java:1646)
	at org.eclipse.cdt.internal.core.dom.parser.cpp.GNUCPPSourceParser.typeId(GNUCPPSourceParser.java:4180)
	at org.eclipse.cdt.internal.core.dom.parser.cpp.GNUCPPSourceParser.templateArgument(GNUCPPSourceParser.java:757)
	at org.eclipse.cdt.internal.core.dom.parser.cpp.GNUCPPSourceParser.templateArgumentList(GNUCPPSourceParser.java:736)
	at org.eclipse.cdt.internal.core.dom.parser.cpp.GNUCPPSourceParser.addTemplateArguments(GNUCPPSourceParser.java:463)
	at org.eclipse.cdt.internal.core.dom.parser.cpp.GNUCPPSourceParser.nameSpecifier(GNUCPPSourceParser.java:381)
	at org.eclipse.cdt.internal.core.dom.parser.cpp.GNUCPPSourceParser.ambiguousNameSpecifier(GNUCPPSourceParser.java:285)
	at org.eclipse.cdt.internal.core.dom.parser.cpp.GNUCPPSourceParser.nameSpecifier(GNUCPPSourceParser.java:277)
	at org.eclipse.cdt.internal.core.dom.parser.cpp.GNUCPPSourceParser.qualifiedName(GNUCPPSourceParser.java:410)
	at org.eclipse.cdt.internal.core.dom.parser.cpp.GNUCPPSourceParser.declSpecifierSeq(GNUCPPSourceParser.java:3335)
	at org.eclipse.cdt.internal.core.dom.parser.cpp.GNUCPPSourceParser.declSpecifierSeq(GNUCPPSourceParser.java:3062)
	at org.eclipse.cdt.internal.core.dom.parser.AbstractGNUSourceCodeParser.declSpecifierSequence_initDeclarator(AbstractGNUSourceCodeParser.java:1646)
	at org.eclipse.cdt.internal.core.dom.parser.cpp.GNUCPPSourceParser.typeId(GNUCPPSourceParser.java:4180)
	at org.eclipse.cdt.internal.core.dom.parser.cpp.GNUCPPSourceParser.templateArgument(GNUCPPSourceParser.java:757)
	at org.eclipse.cdt.internal.core.dom.parser.cpp.GNUCPPSourceParser.templateArgumentList(GNUCPPSourceParser.java:736)
	at org.eclipse.cdt.internal.core.dom.parser.cpp.GNUCPPSourceParser.addTemplateArguments(GNUCPPSourceParser.java:463)
	at org.eclipse.cdt.internal.core.dom.parser.cpp.GNUCPPSourceParser.nameSpecifier(GNUCPPSourceParser.java:381)
	at org.eclipse.cdt.internal.core.dom.parser.cpp.GNUCPPSourceParser.ambiguousNameSpecifier(GNUCPPSourceParser.java:285)
	at org.eclipse.cdt.internal.core.dom.parser.cpp.GNUCPPSourceParser.nameSpecifier(GNUCPPSourceParser.java:277)
	at org.eclipse.cdt.internal.core.dom.parser.cpp.GNUCPPSourceParser.qualifiedName(GNUCPPSourceParser.java:410)
	at org.eclipse.cdt.internal.core.dom.parser.cpp.GNUCPPSourceParser.declSpecifierSeq(GNUCPPSourceParser.java:3335)
	at org.eclipse.cdt.internal.core.dom.parser.cpp.GNUCPPSourceParser.declSpecifierSeq(GNUCPPSourceParser.java:3062)
	at org.eclipse.cdt.internal.core.dom.parser.AbstractGNUSourceCodeParser.declSpecifierSequence_initDeclarator(AbstractGNUSourceCodeParser.java:1646)
	at org.eclipse.cdt.internal.core.dom.parser.cpp.GNUCPPSourceParser.typeId(GNUCPPSourceParser.java:4180)
	at org.eclipse.cdt.internal.core.dom.parser.cpp.GNUCPPSourceParser.templateArgument(GNUCPPSourceParser.java:757)
	at org.eclipse.cdt.internal.core.dom.parser.cpp.GNUCPPSourceParser.templateArgumentList(GNUCPPSourceParser.java:736)
	at org.eclipse.cdt.internal.core.dom.parser.cpp.GNUCPPSourceParser.addTemplateArguments(GNUCPPSourceParser.java:463)
	at org.eclipse.cdt.internal.core.dom.parser.cpp.GNUCPPSourceParser.nameSpecifier(GNUCPPSourceParser.java:381)
	at org.eclipse.cdt.internal.core.dom.parser.cpp.GNUCPPSourceParser.ambiguousNameSpecifier(GNUCPPSourceParser.java:285)
	at org.eclipse.cdt.internal.core.dom.parser.cpp.GNUCPPSourceParser.nameSpecifier(GNUCPPSourceParser.java:277)
	at org.eclipse.cdt.internal.core.dom.parser.cpp.GNUCPPSourceParser.qualifiedName(GNUCPPSourceParser.java:410)
	at org.eclipse.cdt.internal.core.dom.parser.cpp.GNUCPPSourceParser.declSpecifierSeq(GNUCPPSourceParser.java:3335)
	at org.eclipse.cdt.internal.core.dom.parser.cpp.GNUCPPSourceParser.declSpecifierSeq(GNUCPPSourceParser.java:3062)
	at org.eclipse.cdt.internal.core.dom.parser.AbstractGNUSourceCodeParser.declSpecifierSequence_initDeclarator(AbstractGNUSourceCodeParser.java:1646)
	at org.eclipse.cdt.internal.core.dom.parser.cpp.GNUCPPSourceParser.typeId(GNUCPPSourceParser.java:4180)
	at org.eclipse.cdt.internal.core.dom.parser.cpp.GNUCPPSourceParser.templateArgument(GNUCPPSourceParser.java:757)
	at org.eclipse.cdt.internal.core.dom.parser.cpp.GNUCPPSourceParser.templateArgumentList(GNUCPPSourceParser.java:736)
	at org.eclipse.cdt.internal.core.dom.parser.cpp.GNUCPPSourceParser.addTemplateArguments(GNUCPPSourceParser.java:463)
	at org.eclipse.cdt.internal.core.dom.parser.cpp.GNUCPPSourceParser.nameSpecifier(GNUCPPSourceParser.java:381)
	at org.eclipse.cdt.internal.core.dom.parser.cpp.GNUCPPSourceParser.ambiguousNameSpecifier(GNUCPPSourceParser.java:285)
	at org.eclipse.cdt.internal.core.dom.parser.cpp.GNUCPPSourceParser.nameSpecifier(GNUCPPSourceParser.java:277)
	at org.eclipse.cdt.internal.core.dom.parser.cpp.GNUCPPSourceParser.qualifiedName(GNUCPPSourceParser.java:410)
	at org.eclipse.cdt.internal.core.dom.parser.cpp.GNUCPPSourceParser.declSpecifierSeq(GNUCPPSourceParser.java:3335)
	at org.eclipse.cdt.internal.core.dom.parser.cpp.GNUCPPSourceParser.declSpecifierSeq(GNUCPPSourceParser.java:3062)
	at org.eclipse.cdt.internal.core.dom.parser.AbstractGNUSourceCodeParser.declSpecifierSequence_initDeclarator(AbstractGNUSourceCodeParser.java:1646)
	at org.eclipse.cdt.internal.core.dom.parser.cpp.GNUCPPSourceParser.typeId(GNUCPPSourceParser.java:4180)
	at org.eclipse.cdt.internal.core.dom.parser.cpp.GNUCPPSourceParser.templateArgument(GNUCPPSourceParser.java:757)
	at org.eclipse.cdt.internal.core.dom.parser.cpp.GNUCPPSourceParser.templateArgumentList(GNUCPPSourceParser.java:736)
	at org.eclipse.cdt.internal.core.dom.parser.cpp.GNUCPPSourceParser.addTemplateArguments(GNUCPPSourceParser.java:463)
	at org.eclipse.cdt.internal.core.dom.parser.cpp.GNUCPPSourceParser.nameSpecifier(GNUCPPSourceParser.java:381)
	at org.eclipse.cdt.internal.core.dom.parser.cpp.GNUCPPSourceParser.ambiguousNameSpecifier(GNUCPPSourceParser.java:285)
	at org.eclipse.cdt.internal.core.dom.parser.cpp.GNUCPPSourceParser.nameSpecifier(GNUCPPSourceParser.java:277)
	at org.eclipse.cdt.internal.core.dom.parser.cpp.GNUCPPSourceParser.qualifiedName(GNUCPPSourceParser.java:410)
	at org.eclipse.cdt.internal.core.dom.parser.cpp.GNUCPPSourceParser.declSpecifierSeq(GNUCPPSourceParser.java:3335)
	at org.eclipse.cdt.internal.core.dom.parser.cpp.GNUCPPSourceParser.declSpecifierSeq(GNUCPPSourceParser.java:3062)
	at org.eclipse.cdt.internal.core.dom.parser.AbstractGNUSourceCodeParser.declSpecifierSequence_initDeclarator(AbstractGNUSourceCodeParser.java:1646)
	at org.eclipse.cdt.internal.core.dom.parser.cpp.GNUCPPSourceParser.typeId(GNUCPPSourceParser.java:4180)
	at org.eclipse.cdt.internal.core.dom.parser.cpp.GNUCPPSourceParser.templateArgument(GNUCPPSourceParser.java:757)
	at org.eclipse.cdt.internal.core.dom.parser.cpp.GNUCPPSourceParser.templateArgumentList(GNUCPPSourceParser.java:736)
	at org.eclipse.cdt.internal.core.dom.parser.cpp.GNUCPPSourceParser.addTemplateArguments(GNUCPPSourceParser.java:463)
	at org.eclipse.cdt.internal.core.dom.parser.cpp.GNUCPPSourceParser.nameSpecifier(GNUCPPSourceParser.java:381)
	at org.eclipse.cdt.internal.core.dom.parser.cpp.GNUCPPSourceParser.ambiguousNameSpecifier(GNUCPPSourceParser.java:285)
	at org.eclipse.cdt.internal.core.dom.parser.cpp.GNUCPPSourceParser.nameSpecifier(GNUCPPSourceParser.java:277)
	at org.eclipse.cdt.internal.core.dom.parser.cpp.GNUCPPSourceParser.qualifiedName(GNUCPPSourceParser.java:410)
	at org.eclipse.cdt.internal.core.dom.parser.cpp.GNUCPPSourceParser.declSpecifierSeq(GNUCPPSourceParser.java:3335)
	at org.eclipse.cdt.internal.core.dom.parser.cpp.GNUCPPSourceParser.declSpecifierSeq(GNUCPPSourceParser.java:3062)
	at org.eclipse.cdt.internal.core.dom.parser.AbstractGNUSourceCodeParser.declSpecifierSequence_initDeclarator(AbstractGNUSourceCodeParser.java:1646)
	at org.eclipse.cdt.internal.core.dom.parser.cpp.GNUCPPSourceParser.typeId(GNUCPPSourceParser.java:4180)
	at org.eclipse.cdt.internal.core.dom.parser.cpp.GNUCPPSourceParser.templateArgument(GNUCPPSourceParser.java:757)
	at org.eclipse.cdt.internal.core.dom.parser.cpp.GNUCPPSourceParser.templateArgumentList(GNUCPPSourceParser.java:736)
	at org.eclipse.cdt.internal.core.dom.parser.cpp.GNUCPPSourceParser.addTemplateArguments(GNUCPPSourceParser.java:463)
	at org.eclipse.cdt.internal.core.dom.parser.cpp.GNUCPPSourceParser.nameSpecifier(GNUCPPSourceParser.java:381)
	at org.eclipse.cdt.internal.core.dom.parser.cpp.GNUCPPSourceParser.ambiguousNameSpecifier(GNUCPPSourceParser.java:285)
	at org.eclipse.cdt.internal.core.dom.parser.cpp.GNUCPPSourceParser.nameSpecifier(GNUCPPSourceParser.java:277)
	at org.eclipse.cdt.internal.core.dom.parser.cpp.GNUCPPSourceParser.qualifiedName(GNUCPPSourceParser.java:410)
	at org.eclipse.cdt.internal.core.dom.parser.cpp.GNUCPPSourceParser.declSpecifierSeq(GNUCPPSourceParser.java:3335)
	at org.eclipse.cdt.internal.core.dom.parser.cpp.GNUCPPSourceParser.declSpecifierSeq(GNUCPPSourceParser.java:3062)
	at org.eclipse.cdt.internal.core.dom.parser.AbstractGNUSourceCodeParser.declSpecifierSequence_initDeclarator(AbstractGNUSourceCodeParser.java:1646)
	at org.eclipse.cdt.internal.core.dom.parser.cpp.GNUCPPSourceParser.typeId(GNUCPPSourceParser.java:4180)
	at org.eclipse.cdt.internal.core.dom.parser.cpp.GNUCPPSourceParser.templateArgument(GNUCPPSourceParser.java:757)
	at org.eclipse.cdt.internal.core.dom.parser.cpp.GNUCPPSourceParser.templateArgumentList(GNUCPPSourceParser.java:736)
	at org.eclipse.cdt.internal.core.dom.parser.cpp.GNUCPPSourceParser.addTemplateArguments(GNUCPPSourceParser.java:463)
	at org.eclipse.cdt.internal.core.dom.parser.cpp.GNUCPPSourceParser.nameSpecifier(GNUCPPSourceParser.java:381)
	at org.eclipse.cdt.internal.core.dom.parser.cpp.GNUCPPSourceParser.ambiguousNameSpecifier(GNUCPPSourceParser.java:285)
	at org.eclipse.cdt.internal.core.dom.parser.cpp.GNUCPPSourceParser.nameSpecifier(GNUCPPSourceParser.java:277)
	at org.eclipse.cdt.internal.core.dom.parser.cpp.GNUCPPSourceParser.qualifiedName(GNUCPPSourceParser.java:410)
	at org.eclipse.cdt.internal.core.dom.parser.cpp.GNUCPPSourceParser.declSpecifierSeq(GNUCPPSourceParser.java:3335)
	at org.eclipse.cdt.internal.core.dom.parser.cpp.GNUCPPSourceParser.declSpecifierSeq(GNUCPPSourceParser.java:3062)
	at org.eclipse.cdt.internal.core.dom.parser.AbstractGNUSourceCodeParser.declSpecifierSequence_initDeclarator(AbstractGNUSourceCodeParser.java:1646)
	at org.eclipse.cdt.internal.core.dom.parser.cpp.GNUCPPSourceParser.typeId(GNUCPPSourceParser.java:4180)
	at org.eclipse.cdt.internal.core.dom.parser.cpp.GNUCPPSourceParser.templateArgument(GNUCPPSourceParser.java:757)
	at org.eclipse.cdt.internal.core.dom.parser.cpp.GNUCPPSourceParser.templateArgumentList(GNUCPPSourceParser.java:736)
	at org.eclipse.cdt.internal.core.dom.parser.cpp.GNUCPPSourceParser.addTemplateArguments(GNUCPPSourceParser.java:463)
	at org.eclipse.cdt.internal.core.dom.parser.cpp.GNUCPPSourceParser.nameSpecifier(GNUCPPSourceParser.java:381)
	at org.eclipse.cdt.internal.core.dom.parser.cpp.GNUCPPSourceParser.ambiguousNameSpecifier(GNUCPPSourceParser.java:285)
	at org.eclipse.cdt.internal.core.dom.parser.cpp.GNUCPPSourceParser.nameSpecifier(GNUCPPSourceParser.java:277)
	at org.eclipse.cdt.internal.core.dom.parser.cpp.GNUCPPSourceParser.qualifiedName(GNUCPPSourceParser.java:410)
	at org.eclipse.cdt.internal.core.dom.parser.cpp.GNUCPPSourceParser.declSpecifierSeq(GNUCPPSourceParser.java:3335)
	at org.eclipse.cdt.internal.core.dom.parser.cpp.GNUCPPSourceParser.declSpecifierSeq(GNUCPPSourceParser.java:3062)
	at org.eclipse.cdt.internal.core.dom.parser.AbstractGNUSourceCodeParser.declSpecifierSequence_initDeclarator(AbstractGNUSourceCodeParser.java:1646)
	at org.eclipse.cdt.internal.core.dom.parser.cpp.GNUCPPSourceParser.typeId(GNUCPPSourceParser.java:4180)
	at org.eclipse.cdt.internal.core.dom.parser.cpp.GNUCPPSourceParser.templateArgument(GNUCPPSourceParser.java:757)
	at org.eclipse.cdt.internal.core.dom.parser.cpp.GNUCPPSourceParser.templateArgumentList(GNUCPPSourceParser.java:736)
	at org.eclipse.cdt.internal.core.dom.parser.cpp.GNUCPPSourceParser.addTemplateArguments(GNUCPPSourceParser.java:463)
	at org.eclipse.cdt.internal.core.dom.parser.cpp.GNUCPPSourceParser.nameSpecifier(GNUCPPSourceParser.java:381)
	at org.eclipse.cdt.internal.core.dom.parser.cpp.GNUCPPSourceParser.ambiguousNameSpecifier(GNUCPPSourceParser.java:285)
	at org.eclipse.cdt.internal.core.dom.parser.cpp.GNUCPPSourceParser.nameSpecifier(GNUCPPSourceParser.java:277)
	at org.eclipse.cdt.internal.core.dom.parser.cpp.GNUCPPSourceParser.qualifiedName(GNUCPPSourceParser.java:410)
	at org.eclipse.cdt.internal.core.dom.parser.cpp.GNUCPPSourceParser.declSpecifierSeq(GNUCPPSourceParser.java:3335)
	at org.eclipse.cdt.internal.core.dom.parser.cpp.GNUCPPSourceParser.declSpecifierSeq(GNUCPPSourceParser.java:3062)
	at org.eclipse.cdt.internal.core.dom.parser.AbstractGNUSourceCodeParser.declSpecifierSequence_initDeclarator(AbstractGNUSourceCodeParser.java:1646)
	at org.eclipse.cdt.internal.core.dom.parser.cpp.GNUCPPSourceParser.typeId(GNUCPPSourceParser.java:4180)
	at org.eclipse.cdt.internal.core.dom.parser.cpp.GNUCPPSourceParser.templateArgument(GNUCPPSourceParser.java:757)
	at org.eclipse.cdt.internal.core.dom.parser.cpp.GNUCPPSourceParser.templateArgumentList(GNUCPPSourceParser.java:736)
	at org.eclipse.cdt.internal.core.dom.parser.cpp.GNUCPPSourceParser.addTemplateArguments(GNUCPPSourceParser.java:463)
	at org.eclipse.cdt.internal.core.dom.parser.cpp.GNUCPPSourceParser.nameSpecifier(GNUCPPSourceParser.java:381)
	at org.eclipse.cdt.internal.core.dom.parser.cpp.GNUCPPSourceParser.ambiguousNameSpecifier(GNUCPPSourceParser.java:285)
	at org.eclipse.cdt.internal.core.dom.parser.cpp.GNUCPPSourceParser.nameSpecifier(GNUCPPSourceParser.java:277)
	at org.eclipse.cdt.internal.core.dom.parser.cpp.GNUCPPSourceParser.qualifiedName(GNUCPPSourceParser.java:410)
	at org.eclipse.cdt.internal.core.dom.parser.cpp.GNUCPPSourceParser.declSpecifierSeq(GNUCPPSourceParser.java:3335)
	at org.eclipse.cdt.internal.core.dom.parser.cpp.GNUCPPSourceParser.declSpecifierSeq(GNUCPPSourceParser.java:3062)
	at org.eclipse.cdt.internal.core.dom.parser.AbstractGNUSourceCodeParser.declSpecifierSequence_initDeclarator(AbstractGNUSourceCodeParser.java:1646)
	at org.eclipse.cdt.internal.core.dom.parser.cpp.GNUCPPSourceParser.typeId(GNUCPPSourceParser.java:4180)
	at org.eclipse.cdt.internal.core.dom.parser.cpp.GNUCPPSourceParser.templateArgument(GNUCPPSourceParser.java:757)
	at org.eclipse.cdt.internal.core.dom.parser.cpp.GNUCPPSourceParser.templateArgumentList(GNUCPPSourceParser.java:736)
	at org.eclipse.cdt.internal.core.dom.parser.cpp.GNUCPPSourceParser.addTemplateArguments(GNUCPPSourceParser.java:463)
	at org.eclipse.cdt.internal.core.dom.parser.cpp.GNUCPPSourceParser.nameSpecifier(GNUCPPSourceParser.java:381)
	at org.eclipse.cdt.internal.core.dom.parser.cpp.GNUCPPSourceParser.ambiguousNameSpecifier(GNUCPPSourceParser.java:285)
	at org.eclipse.cdt.internal.core.dom.parser.cpp.GNUCPPSourceParser.nameSpecifier(GNUCPPSourceParser.java:277)
	at org.eclipse.cdt.internal.core.dom.parser.cpp.GNUCPPSourceParser.qualifiedName(GNUCPPSourceParser.java:410)
	at org.eclipse.cdt.internal.core.dom.parser.cpp.GNUCPPSourceParser.declSpecifierSeq(GNUCPPSourceParser.java:3335)
	at org.eclipse.cdt.internal.core.dom.parser.cpp.GNUCPPSourceParser.declSpecifierSeq(GNUCPPSourceParser.java:3062)
	at org.eclipse.cdt.internal.core.dom.parser.AbstractGNUSourceCodeParser.declSpecifierSequence_initDeclarator(AbstractGNUSourceCodeParser.java:1646)
	at org.eclipse.cdt.internal.core.dom.parser.cpp.GNUCPPSourceParser.typeId(GNUCPPSourceParser.java:4180)
	at org.eclipse.cdt.internal.core.dom.parser.cpp.GNUCPPSourceParser.templateArgument(GNUCPPSourceParser.java:757)
	at org.eclipse.cdt.internal.core.dom.parser.cpp.GNUCPPSourceParser.templateArgumentList(GNUCPPSourceParser.java:736)
	at org.eclipse.cdt.internal.core.dom.parser.cpp.GNUCPPSourceParser.addTemplateArguments(GNUCPPSourceParser.java:463)
	at org.eclipse.cdt.internal.core.dom.parser.cpp.GNUCPPSourceParser.nameSpecifier(GNUCPPSourceParser.java:381)
	at org.eclipse.cdt.internal.core.dom.parser.cpp.GNUCPPSourceParser.ambiguousNameSpecifier(GNUCPPSourceParser.java:285)
	at org.eclipse.cdt.internal.core.dom.parser.cpp.GNUCPPSourceParser.nameSpecifier(GNUCPPSourceParser.java:277)
	at org.eclipse.cdt.internal.core.dom.parser.cpp.GNUCPPSourceParser.qualifiedName(GNUCPPSourceParser.java:410)
	at org.eclipse.cdt.internal.core.dom.parser.cpp.GNUCPPSourceParser.declSpecifierSeq(GNUCPPSourceParser.java:3335)
	at org.eclipse.cdt.internal.core.dom.parser.cpp.GNUCPPSourceParser.declSpecifierSeq(GNUCPPSourceParser.java:3062)
	at org.eclipse.cdt.internal.core.dom.parser.AbstractGNUSourceCodeParser.declSpecifierSequence_initDeclarator(AbstractGNUSourceCodeParser.java:1646)
	at org.eclipse.cdt.internal.core.dom.parser.cpp.GNUCPPSourceParser.typeId(GNUCPPSourceParser.java:4180)
	at org.eclipse.cdt.internal.core.dom.parser.cpp.GNUCPPSourceParser.templateArgument(GNUCPPSourceParser.java:757)
	at org.eclipse.cdt.internal.core.dom.parser.cpp.GNUCPPSourceParser.templateArgumentList(GNUCPPSourceParser.java:736)
	at org.eclipse.cdt.internal.core.dom.parser.cpp.GNUCPPSourceParser.addTemplateArguments(GNUCPPSourceParser.java:463)
	at org.eclipse.cdt.internal.core.dom.parser.cpp.GNUCPPSourceParser.nameSpecifier(GNUCPPSourceParser.java:381)
	at org.eclipse.cdt.internal.core.dom.parser.cpp.GNUCPPSourceParser.ambiguousNameSpecifier(GNUCPPSourceParser.java:285)
	at org.eclipse.cdt.internal.core.dom.parser.cpp.GNUCPPSourceParser.nameSpecifier(GNUCPPSourceParser.java:277)
	at org.eclipse.cdt.internal.core.dom.parser.cpp.GNUCPPSourceParser.qualifiedName(GNUCPPSourceParser.java:410)
	at org.eclipse.cdt.internal.core.dom.parser.cpp.GNUCPPSourceParser.declSpecifierSeq(GNUCPPSourceParser.java:3335)
	at org.eclipse.cdt.internal.core.dom.parser.cpp.GNUCPPSourceParser.declSpecifierSeq(GNUCPPSourceParser.java:3062)
	at org.eclipse.cdt.internal.core.dom.parser.AbstractGNUSourceCodeParser.declSpecifierSequence_initDeclarator(AbstractGNUSourceCodeParser.java:1646)
	at org.eclipse.cdt.internal.core.dom.parser.cpp.GNUCPPSourceParser.typeId(GNUCPPSourceParser.java:4180)
	at org.eclipse.cdt.internal.core.dom.parser.cpp.GNUCPPSourceParser.templateArgument(GNUCPPSourceParser.java:757)
	at org.eclipse.cdt.internal.core.dom.parser.cpp.GNUCPPSourceParser.templateArgumentList(GNUCPPSourceParser.java:736)
	at org.eclipse.cdt.internal.core.dom.parser.cpp.GNUCPPSourceParser.addTemplateArguments(GNUCPPSourceParser.java:463)
	at org.eclipse.cdt.internal.core.dom.parser.cpp.GNUCPPSourceParser.nameSpecifier(GNUCPPSourceParser.java:381)
	at org.eclipse.cdt.internal.core.dom.parser.cpp.GNUCPPSourceParser.ambiguousNameSpecifier(GNUCPPSourceParser.java:285)
	at org.eclipse.cdt.internal.core.dom.parser.cpp.GNUCPPSourceParser.nameSpecifier(GNUCPPSourceParser.java:277)
	at org.eclipse.cdt.internal.core.dom.parser.cpp.GNUCPPSourceParser.qualifiedName(GNUCPPSourceParser.java:410)
	at org.eclipse.cdt.internal.core.dom.parser.cpp.GNUCPPSourceParser.declSpecifierSeq(GNUCPPSourceParser.java:3335)
	at org.eclipse.cdt.internal.core.dom.parser.cpp.GNUCPPSourceParser.declSpecifierSeq(GNUCPPSourceParser.java:3062)
	at org.eclipse.cdt.internal.core.dom.parser.AbstractGNUSourceCodeParser.declSpecifierSequence_initDeclarator(AbstractGNUSourceCodeParser.java:1646)
	at org.eclipse.cdt.internal.core.dom.parser.cpp.GNUCPPSourceParser.typeId(GNUCPPSourceParser.java:4180)
	at org.eclipse.cdt.internal.core.dom.parser.cpp.GNUCPPSourceParser.templateArgument(GNUCPPSourceParser.java:757)
	at org.eclipse.cdt.internal.core.dom.parser.cpp.GNUCPPSourceParser.templateArgumentList(GNUCPPSourceParser.java:736)
	at org.eclipse.cdt.internal.core.dom.parser.cpp.GNUCPPSourceParser.addTemplateArguments(GNUCPPSourceParser.java:463)
	at org.eclipse.cdt.internal.core.dom.parser.cpp.GNUCPPSourceParser.nameSpecifier(GNUCPPSourceParser.java:381)
	at org.eclipse.cdt.internal.core.dom.parser.cpp.GNUCPPSourceParser.ambiguousNameSpecifier(GNUCPPSourceParser.java:285)
	at org.eclipse.cdt.internal.core.dom.parser.cpp.GNUCPPSourceParser.nameSpecifier(GNUCPPSourceParser.java:277)
	at org.eclipse.cdt.internal.core.dom.parser.cpp.GNUCPPSourceParser.qualifiedName(GNUCPPSourceParser.java:410)
	at org.eclipse.cdt.internal.core.dom.parser.cpp.GNUCPPSourceParser.declSpecifierSeq(GNUCPPSourceParser.java:3335)
	at org.eclipse.cdt.internal.core.dom.parser.cpp.GNUCPPSourceParser.declSpecifierSeq(GNUCPPSourceParser.java:3062)
	at org.eclipse.cdt.internal.core.dom.parser.AbstractGNUSourceCodeParser.declSpecifierSequence_initDeclarator(AbstractGNUSourceCodeParser.java:1646)
	at org.eclipse.cdt.internal.core.dom.parser.cpp.GNUCPPSourceParser.typeId(GNUCPPSourceParser.java:4180)
	at org.eclipse.cdt.internal.core.dom.parser.cpp.GNUCPPSourceParser.templateArgument(GNUCPPSourceParser.java:757)
	at org.eclipse.cdt.internal.core.dom.parser.cpp.GNUCPPSourceParser.templateArgumentList(GNUCPPSourceParser.java:736)
	at org.eclipse.cdt.internal.core.dom.parser.cpp.GNUCPPSourceParser.addTemplateArguments(GNUCPPSourceParser.java:463)
	at org.eclipse.cdt.internal.core.dom.parser.cpp.GNUCPPSourceParser.nameSpecifier(GNUCPPSourceParser.java:381)
	at org.eclipse.cdt.internal.core.dom.parser.cpp.GNUCPPSourceParser.ambiguousNameSpecifier(GNUCPPSourceParser.java:285)
	at org.eclipse.cdt.internal.core.dom.parser.cpp.GNUCPPSourceParser.nameSpecifier(GNUCPPSourceParser.java:277)
	at org.eclipse.cdt.internal.core.dom.parser.cpp.GNUCPPSourceParser.qualifiedName(GNUCPPSourceParser.java:410)
	at org.eclipse.cdt.internal.core.dom.parser.cpp.GNUCPPSourceParser.declSpecifierSeq(GNUCPPSourceParser.java:3335)
	at org.eclipse.cdt.internal.core.dom.parser.cpp.GNUCPPSourceParser.declSpecifierSeq(GNUCPPSourceParser.java:3062)
	at org.eclipse.cdt.internal.core.dom.parser.AbstractGNUSourceCodeParser.declSpecifierSequence_initDeclarator(AbstractGNUSourceCodeParser.java:1646)
	at org.eclipse.cdt.internal.core.dom.parser.cpp.GNUCPPSourceParser.typeId(GNUCPPSourceParser.java:4180)
	at org.eclipse.cdt.internal.core.dom.parser.cpp.GNUCPPSourceParser.templateArgument(GNUCPPSourceParser.java:757)
	at org.eclipse.cdt.internal.core.dom.parser.cpp.GNUCPPSourceParser.templateArgumentList(GNUCPPSourceParser.java:736)
	at org.eclipse.cdt.internal.core.dom.parser.cpp.GNUCPPSourceParser.addTemplateArguments(GNUCPPSourceParser.java:463)
	at org.eclipse.cdt.internal.core.dom.parser.cpp.GNUCPPSourceParser.nameSpecifier(GNUCPPSourceParser.java:381)
	at org.eclipse.cdt.internal.core.dom.parser.cpp.GNUCPPSourceParser.ambiguousNameSpecifier(GNUCPPSourceParser.java:285)
	at org.eclipse.cdt.internal.core.dom.parser.cpp.GNUCPPSourceParser.nameSpecifier(GNUCPPSourceParser.java:277)
	at org.eclipse.cdt.internal.core.dom.parser.cpp.GNUCPPSourceParser.qualifiedName(GNUCPPSourceParser.java:410)
	at org.eclipse.cdt.internal.core.dom.parser.cpp.GNUCPPSourceParser.declSpecifierSeq(GNUCPPSourceParser.java:3335)
	at org.eclipse.cdt.internal.core.dom.parser.cpp.GNUCPPSourceParser.declSpecifierSeq(GNUCPPSourceParser.java:3062)
	at org.eclipse.cdt.internal.core.dom.parser.AbstractGNUSourceCodeParser.declSpecifierSequence_initDeclarator(AbstractGNUSourceCodeParser.java:1646)
	at org.eclipse.cdt.internal.core.dom.parser.cpp.GNUCPPSourceParser.typeId(GNUCPPSourceParser.java:4180)
	at org.eclipse.cdt.internal.core.dom.parser.cpp.GNUCPPSourceParser.templateArgument(GNUCPPSourceParser.java:757)
	at org.eclipse.cdt.internal.core.dom.parser.cpp.GNUCPPSourceParser.templateArgumentList(GNUCPPSourceParser.java:736)
	at org.eclipse.cdt.internal.core.dom.parser.cpp.GNUCPPSourceParser.addTemplateArguments(GNUCPPSourceParser.java:463)
	at org.eclipse.cdt.internal.core.dom.parser.cpp.GNUCPPSourceParser.nameSpecifier(GNUCPPSourceParser.java:381)
	at org.eclipse.cdt.internal.core.dom.parser.cpp.GNUCPPSourceParser.ambiguousNameSpecifier(GNUCPPSourceParser.java:285)
	at org.eclipse.cdt.internal.core.dom.parser.cpp.GNUCPPSourceParser.nameSpecifier(GNUCPPSourceParser.java:277)
	at org.eclipse.cdt.internal.core.dom.parser.cpp.GNUCPPSourceParser.qualifiedName(GNUCPPSourceParser.java:410)
	at org.eclipse.cdt.internal.core.dom.parser.cpp.GNUCPPSourceParser.declSpecifierSeq(GNUCPPSourceParser.java:3335)
	at org.eclipse.cdt.internal.core.dom.parser.cpp.GNUCPPSourceParser.declSpecifierSeq(GNUCPPSourceParser.java:3062)
	at org.eclipse.cdt.internal.core.dom.parser.AbstractGNUSourceCodeParser.declSpecifierSequence_initDeclarator(AbstractGNUSourceCodeParser.java:1646)
	at org.eclipse.cdt.internal.core.dom.parser.cpp.GNUCPPSourceParser.typeId(GNUCPPSourceParser.java:4180)
	at org.eclipse.cdt.internal.core.dom.parser.cpp.GNUCPPSourceParser.templateArgument(GNUCPPSourceParser.java:757)
	at org.eclipse.cdt.internal.core.dom.parser.cpp.GNUCPPSourceParser.templateArgumentList(GNUCPPSourceParser.java:736)
	at org.eclipse.cdt.internal.core.dom.parser.cpp.GNUCPPSourceParser.addTemplateArguments(GNUCPPSourceParser.java:463)
	at org.eclipse.cdt.internal.core.dom.parser.cpp.GNUCPPSourceParser.nameSpecifier(GNUCPPSourceParser.java:381)
	at org.eclipse.cdt.internal.core.dom.parser.cpp.GNUCPPSourceParser.ambiguousNameSpecifier(GNUCPPSourceParser.java:285)
	at org.eclipse.cdt.internal.core.dom.parser.cpp.GNUCPPSourceParser.nameSpecifier(GNUCPPSourceParser.java:277)
	at org.eclipse.cdt.internal.core.dom.parser.cpp.GNUCPPSourceParser.qualifiedName(GNUCPPSourceParser.java:410)
	at org.eclipse.cdt.internal.core.dom.parser.cpp.GNUCPPSourceParser.declSpecifierSeq(GNUCPPSourceParser.java:3335)
	at org.eclipse.cdt.internal.core.dom.parser.cpp.GNUCPPSourceParser.declSpecifierSeq(GNUCPPSourceParser.java:3062)
	at org.eclipse.cdt.internal.core.dom.parser.AbstractGNUSourceCodeParser.declSpecifierSequence_initDeclarator(AbstractGNUSourceCodeParser.java:1646)
	at org.eclipse.cdt.internal.core.dom.parser.cpp.GNUCPPSourceParser.typeId(GNUCPPSourceParser.java:4180)
	at org.eclipse.cdt.internal.core.dom.parser.cpp.GNUCPPSourceParser.templateArgument(GNUCPPSourceParser.java:757)
	at org.eclipse.cdt.internal.core.dom.parser.cpp.GNUCPPSourceParser.templateArgumentList(GNUCPPSourceParser.java:736)
	at org.eclipse.cdt.internal.core.dom.parser.cpp.GNUCPPSourceParser.addTemplateArguments(GNUCPPSourceParser.java:463)
	at org.eclipse.cdt.internal.core.dom.parser.cpp.GNUCPPSourceParser.nameSpecifier(GNUCPPSourceParser.java:381)
	at org.eclipse.cdt.internal.core.dom.parser.cpp.GNUCPPSourceParser.ambiguousNameSpecifier(GNUCPPSourceParser.java:285)
	at org.eclipse.cdt.internal.core.dom.parser.cpp.GNUCPPSourceParser.nameSpecifier(GNUCPPSourceParser.java:277)
	at org.eclipse.cdt.internal.core.dom.parser.cpp.GNUCPPSourceParser.qualifiedName(GNUCPPSourceParser.java:410)
	at org.eclipse.cdt.internal.core.dom.parser.cpp.GNUCPPSourceParser.declSpecifierSeq(GNUCPPSourceParser.java:3335)
	at org.eclipse.cdt.internal.core.dom.parser.cpp.GNUCPPSourceParser.declSpecifierSeq(GNUCPPSourceParser.java:3062)
	at org.eclipse.cdt.internal.core.dom.parser.AbstractGNUSourceCodeParser.declSpecifierSequence_initDeclarator(AbstractGNUSourceCodeParser.java:1646)
	at org.eclipse.cdt.internal.core.dom.parser.cpp.GNUCPPSourceParser.typeId(GNUCPPSourceParser.java:4180)
	at org.eclipse.cdt.internal.core.dom.parser.cpp.GNUCPPSourceParser.templateArgument(GNUCPPSourceParser.java:757)
	at org.eclipse.cdt.internal.core.dom.parser.cpp.GNUCPPSourceParser.templateArgumentList(GNUCPPSourceParser.java:736)
	at org.eclipse.cdt.internal.core.dom.parser.cpp.GNUCPPSourceParser.addTemplateArguments(GNUCPPSourceParser.java:463)
	at org.eclipse.cdt.internal.core.dom.parser.cpp.GNUCPPSourceParser.nameSpecifier(GNUCPPSourceParser.java:381)
	at org.eclipse.cdt.internal.core.dom.parser.cpp.GNUCPPSourceParser.ambiguousNameSpecifier(GNUCPPSourceParser.java:285)
	at org.eclipse.cdt.internal.core.dom.parser.cpp.GNUCPPSourceParser.nameSpecifier(GNUCPPSourceParser.java:277)
	at org.eclipse.cdt.internal.core.dom.parser.cpp.GNUCPPSourceParser.qualifiedName(GNUCPPSourceParser.java:410)
	at org.eclipse.cdt.internal.core.dom.parser.cpp.GNUCPPSourceParser.declSpecifierSeq(GNUCPPSourceParser.java:3335)
	at org.eclipse.cdt.internal.core.dom.parser.cpp.GNUCPPSourceParser.declSpecifierSeq(GNUCPPSourceParser.java:3062)
	at org.eclipse.cdt.internal.core.dom.parser.AbstractGNUSourceCodeParser.declSpecifierSequence_initDeclarator(AbstractGNUSourceCodeParser.java:1646)
	at org.eclipse.cdt.internal.core.dom.parser.cpp.GNUCPPSourceParser.typeId(GNUCPPSourceParser.java:4180)
	at org.eclipse.cdt.internal.core.dom.parser.cpp.GNUCPPSourceParser.templateArgument(GNUCPPSourceParser.java:757)
	at org.eclipse.cdt.internal.core.dom.parser.cpp.GNUCPPSourceParser.templateArgumentList(GNUCPPSourceParser.java:736)
	at org.eclipse.cdt.internal.core.dom.parser.cpp.GNUCPPSourceParser.addTemplateArguments(GNUCPPSourceParser.java:463)
	at org.eclipse.cdt.internal.core.dom.parser.cpp.GNUCPPSourceParser.nameSpecifier(GNUCPPSourceParser.java:381)
	at org.eclipse.cdt.internal.core.dom.parser.cpp.GNUCPPSourceParser.ambiguousNameSpecifier(GNUCPPSourceParser.java:285)
	at org.eclipse.cdt.internal.core.dom.parser.cpp.GNUCPPSourceParser.nameSpecifier(GNUCPPSourceParser.java:277)
	at org.eclipse.cdt.internal.core.dom.parser.cpp.GNUCPPSourceParser.qualifiedName(GNUCPPSourceParser.java:410)
	at org.eclipse.cdt.internal.core.dom.parser.cpp.GNUCPPSourceParser.declSpecifierSeq(GNUCPPSourceParser.java:3335)
	at org.eclipse.cdt.internal.core.dom.parser.cpp.GNUCPPSourceParser.declSpecifierSeq(GNUCPPSourceParser.java:3062)
	at org.eclipse.cdt.internal.core.dom.parser.AbstractGNUSourceCodeParser.declSpecifierSequence_initDeclarator(AbstractGNUSourceCodeParser.java:1646)
	at org.eclipse.cdt.internal.core.dom.parser.cpp.GNUCPPSourceParser.typeId(GNUCPPSourceParser.java:4180)
	at org.eclipse.cdt.internal.core.dom.parser.cpp.GNUCPPSourceParser.templateArgument(GNUCPPSourceParser.java:757)
	at org.eclipse.cdt.internal.core.dom.parser.cpp.GNUCPPSourceParser.templateArgumentList(GNUCPPSourceParser.java:736)
	at org.eclipse.cdt.internal.core.dom.parser.cpp.GNUCPPSourceParser.addTemplateArguments(GNUCPPSourceParser.java:463)
	at org.eclipse.cdt.internal.core.dom.parser.cpp.GNUCPPSourceParser.nameSpecifier(GNUCPPSourceParser.java:381)
	at org.eclipse.cdt.internal.core.dom.parser.cpp.GNUCPPSourceParser.ambiguousNameSpecifier(GNUCPPSourceParser.java:285)
	at org.eclipse.cdt.internal.core.dom.parser.cpp.GNUCPPSourceParser.nameSpecifier(GNUCPPSourceParser.java:277)
	at org.eclipse.cdt.internal.core.dom.parser.cpp.GNUCPPSourceParser.qualifiedName(GNUCPPSourceParser.java:410)
	at org.eclipse.cdt.internal.core.dom.parser.cpp.GNUCPPSourceParser.declSpecifierSeq(GNUCPPSourceParser.java:3335)
	at org.eclipse.cdt.internal.core.dom.parser.cpp.GNUCPPSourceParser.declSpecifierSeq(GNUCPPSourceParser.java:3062)
	at org.eclipse.cdt.internal.core.dom.parser.AbstractGNUSourceCodeParser.declSpecifierSequence_initDeclarator(AbstractGNUSourceCodeParser.java:1646)
	at org.eclipse.cdt.internal.core.dom.parser.cpp.GNUCPPSourceParser.typeId(GNUCPPSourceParser.java:4180)
	at org.eclipse.cdt.internal.core.dom.parser.cpp.GNUCPPSourceParser.templateArgument(GNUCPPSourceParser.java:757)
	at org.eclipse.cdt.internal.core.dom.parser.cpp.GNUCPPSourceParser.templateArgumentList(GNUCPPSourceParser.java:736)
	at org.eclipse.cdt.internal.core.dom.parser.cpp.GNUCPPSourceParser.addTemplateArguments(GNUCPPSourceParser.java:463)
	at org.eclipse.cdt.internal.core.dom.parser.cpp.GNUCPPSourceParser.nameSpecifier(GNUCPPSourceParser.java:381)
	at org.eclipse.cdt.internal.core.dom.parser.cpp.GNUCPPSourceParser.ambiguousNameSpecifier(GNUCPPSourceParser.java:285)
	at org.eclipse.cdt.internal.core.dom.parser.cpp.GNUCPPSourceParser.nameSpecifier(GNUCPPSourceParser.java:277)
	at org.eclipse.cdt.internal.core.dom.parser.cpp.GNUCPPSourceParser.qualifiedName(GNUCPPSourceParser.java:410)
	at org.eclipse.cdt.internal.core.dom.parser.cpp.GNUCPPSourceParser.declSpecifierSeq(GNUCPPSourceParser.java:3335)
	at org.eclipse.cdt.internal.core.dom.parser.cpp.GNUCPPSourceParser.declSpecifierSeq(GNUCPPSourceParser.java:3062)
	at org.eclipse.cdt.internal.core.dom.parser.AbstractGNUSourceCodeParser.declSpecifierSequence_initDeclarator(AbstractGNUSourceCodeParser.java:1646)
	at org.eclipse.cdt.internal.core.dom.parser.cpp.GNUCPPSourceParser.typeId(GNUCPPSourceParser.java:4180)
	at org.eclipse.cdt.internal.core.dom.parser.cpp.GNUCPPSourceParser.templateArgument(GNUCPPSourceParser.java:757)
	at org.eclipse.cdt.internal.core.dom.parser.cpp.GNUCPPSourceParser.templateArgumentList(GNUCPPSourceParser.java:736)
	at org.eclipse.cdt.internal.core.dom.parser.cpp.GNUCPPSourceParser.addTemplateArguments(GNUCPPSourceParser.java:463)
	at org.eclipse.cdt.internal.core.dom.parser.cpp.GNUCPPSourceParser.nameSpecifier(GNUCPPSourceParser.java:381)
	at org.eclipse.cdt.internal.core.dom.parser.cpp.GNUCPPSourceParser.ambiguousNameSpecifier(GNUCPPSourceParser.java:285)
	at org.eclipse.cdt.internal.core.dom.parser.cpp.GNUCPPSourceParser.nameSpecifier(GNUCPPSourceParser.java:277)
	at org.eclipse.cdt.internal.core.dom.parser.cpp.GNUCPPSourceParser.qualifiedName(GNUCPPSourceParser.java:410)
	at org.eclipse.cdt.internal.core.dom.parser.cpp.GNUCPPSourceParser.declSpecifierSeq(GNUCPPSourceParser.java:3335)
	at org.eclipse.cdt.internal.core.dom.parser.cpp.GNUCPPSourceParser.declSpecifierSeq(GNUCPPSourceParser.java:3062)
	at org.eclipse.cdt.internal.core.dom.parser.AbstractGNUSourceCodeParser.declSpecifierSequence_initDeclarator(AbstractGNUSourceCodeParser.java:1646)
	at org.eclipse.cdt.internal.core.dom.parser.cpp.GNUCPPSourceParser.typeId(GNUCPPSourceParser.java:4180)
	at org.eclipse.cdt.internal.core.dom.parser.cpp.GNUCPPSourceParser.templateArgument(GNUCPPSourceParser.java:757)
	at org.eclipse.cdt.internal.core.dom.parser.cpp.GNUCPPSourceParser.templateArgumentList(GNUCPPSourceParser.java:736)
	at org.eclipse.cdt.internal.core.dom.parser.cpp.GNUCPPSourceParser.addTemplateArguments(GNUCPPSourceParser.java:463)
	at org.eclipse.cdt.internal.core.dom.parser.cpp.GNUCPPSourceParser.nameSpecifier(GNUCPPSourceParser.java:381)
	at org.eclipse.cdt.internal.core.dom.parser.cpp.GNUCPPSourceParser.ambiguousNameSpecifier(GNUCPPSourceParser.java:285)
	at org.eclipse.cdt.internal.core.dom.parser.cpp.GNUCPPSourceParser.nameSpecifier(GNUCPPSourceParser.java:277)
	at org.eclipse.cdt.internal.core.dom.parser.cpp.GNUCPPSourceParser.qualifiedName(GNUCPPSourceParser.java:410)
	at org.eclipse.cdt.internal.core.dom.parser.cpp.GNUCPPSourceParser.declSpecifierSeq(GNUCPPSourceParser.java:3335)
	at org.eclipse.cdt.internal.core.dom.parser.cpp.GNUCPPSourceParser.declSpecifierSeq(GNUCPPSourceParser.java:3062)
	at org.eclipse.cdt.internal.core.dom.parser.AbstractGNUSourceCodeParser.declSpecifierSequence_initDeclarator(AbstractGNUSourceCodeParser.java:1646)
	at org.eclipse.cdt.internal.core.dom.parser.cpp.GNUCPPSourceParser.typeId(GNUCPPSourceParser.java:4180)
	at org.eclipse.cdt.internal.core.dom.parser.cpp.GNUCPPSourceParser.templateArgument(GNUCPPSourceParser.java:757)
	at org.eclipse.cdt.internal.core.dom.parser.cpp.GNUCPPSourceParser.templateArgumentList(GNUCPPSourceParser.java:736)
	at org.eclipse.cdt.internal.core.dom.parser.cpp.GNUCPPSourceParser.addTemplateArguments(GNUCPPSourceParser.java:463)
	at org.eclipse.cdt.internal.core.dom.parser.cpp.GNUCPPSourceParser.nameSpecifier(GNUCPPSourceParser.java:381)
	at org.eclipse.cdt.internal.core.dom.parser.cpp.GNUCPPSourceParser.ambiguousNameSpecifier(GNUCPPSourceParser.java:285)
	at org.eclipse.cdt.internal.core.dom.parser.cpp.GNUCPPSourceParser.nameSpecifier(GNUCPPSourceParser.java:277)
	at org.eclipse.cdt.internal.core.dom.parser.cpp.GNUCPPSourceParser.qualifiedName(GNUCPPSourceParser.java:410)
	at org.eclipse.cdt.internal.core.dom.parser.cpp.GNUCPPSourceParser.declSpecifierSeq(GNUCPPSourceParser.java:3335)
	at org.eclipse.cdt.internal.core.dom.parser.cpp.GNUCPPSourceParser.declSpecifierSeq(GNUCPPSourceParser.java:3062)
	at org.eclipse.cdt.internal.core.dom.parser.AbstractGNUSourceCodeParser.declSpecifierSequence_initDeclarator(AbstractGNUSourceCodeParser.java:1646)
	at org.eclipse.cdt.internal.core.dom.parser.cpp.GNUCPPSourceParser.typeId(GNUCPPSourceParser.java:4180)
	at org.eclipse.cdt.internal.core.dom.parser.cpp.GNUCPPSourceParser.templateArgument(GNUCPPSourceParser.java:757)
	at org.eclipse.cdt.internal.core.dom.parser.cpp.GNUCPPSourceParser.templateArgumentList(GNUCPPSourceParser.java:736)
	at org.eclipse.cdt.internal.core.dom.parser.cpp.GNUCPPSourceParser.addTemplateArguments(GNUCPPSourceParser.java:463)
	at org.eclipse.cdt.internal.core.dom.parser.cpp.GNUCPPSourceParser.nameSpecifier(GNUCPPSourceParser.java:381)
	at org.eclipse.cdt.internal.core.dom.parser.cpp.GNUCPPSourceParser.ambiguousNameSpecifier(GNUCPPSourceParser.java:285)
	at org.eclipse.cdt.internal.core.dom.parser.cpp.GNUCPPSourceParser.nameSpecifier(GNUCPPSourceParser.java:277)
	at org.eclipse.cdt.internal.core.dom.parser.cpp.GNUCPPSourceParser.qualifiedName(GNUCPPSourceParser.java:410)
	at org.eclipse.cdt.internal.core.dom.parser.cpp.GNUCPPSourceParser.declSpecifierSeq(GNUCPPSourceParser.java:3335)
	at org.eclipse.cdt.internal.core.dom.parser.cpp.GNUCPPSourceParser.declSpecifierSeq(GNUCPPSourceParser.java:3062)
	at org.eclipse.cdt.internal.core.dom.parser.AbstractGNUSourceCodeParser.declSpecifierSequence_initDeclarator(AbstractGNUSourceCodeParser.java:1646)
	at org.eclipse.cdt.internal.core.dom.parser.cpp.GNUCPPSourceParser.typeId(GNUCPPSourceParser.java:4180)
	at org.eclipse.cdt.internal.core.dom.parser.cpp.GNUCPPSourceParser.templateArgument(GNUCPPSourceParser.java:757)
	at org.eclipse.cdt.internal.core.dom.parser.cpp.GNUCPPSourceParser.templateArgumentList(GNUCPPSourceParser.java:736)
	at org.eclipse.cdt.internal.core.dom.parser.cpp.GNUCPPSourceParser.addTemplateArguments(GNUCPPSourceParser.java:463)
	at org.eclipse.cdt.internal.core.dom.parser.cpp.GNUCPPSourceParser.nameSpecifier(GNUCPPSourceParser.java:381)
	at org.eclipse.cdt.internal.core.dom.parser.cpp.GNUCPPSourceParser.ambiguousNameSpecifier(GNUCPPSourceParser.java:285)
	at org.eclipse.cdt.internal.core.dom.parser.cpp.GNUCPPSourceParser.nameSpecifier(GNUCPPSourceParser.java:277)
	at org.eclipse.cdt.internal.core.dom.parser.cpp.GNUCPPSourceParser.qualifiedName(GNUCPPSourceParser.java:410)
	at org.eclipse.cdt.internal.core.dom.parser.cpp.GNUCPPSourceParser.declSpecifierSeq(GNUCPPSourceParser.java:3335)
	at org.eclipse.cdt.internal.core.dom.parser.cpp.GNUCPPSourceParser.declSpecifierSeq(GNUCPPSourceParser.java:3062)
	at org.eclipse.cdt.internal.core.dom.parser.AbstractGNUSourceCodeParser.declSpecifierSequence_initDeclarator(AbstractGNUSourceCodeParser.java:1646)
	at org.eclipse.cdt.internal.core.dom.parser.cpp.GNUCPPSourceParser.typeId(GNUCPPSourceParser.java:4180)
	at org.eclipse.cdt.internal.core.dom.parser.cpp.GNUCPPSourceParser.templateArgument(GNUCPPSourceParser.java:757)
	at org.eclipse.cdt.internal.core.dom.parser.cpp.GNUCPPSourceParser.templateArgumentList(GNUCPPSourceParser.java:736)
	at org.eclipse.cdt.internal.core.dom.parser.cpp.GNUCPPSourceParser.addTemplateArguments(GNUCPPSourceParser.java:463)
	at org.eclipse.cdt.internal.core.dom.parser.cpp.GNUCPPSourceParser.nameSpecifier(GNUCPPSourceParser.java:381)
	at org.eclipse.cdt.internal.core.dom.parser.cpp.GNUCPPSourceParser.ambiguousNameSpecifier(GNUCPPSourceParser.java:285)
	at org.eclipse.cdt.internal.core.dom.parser.cpp.GNUCPPSourceParser.nameSpecifier(GNUCPPSourceParser.java:277)
	at org.eclipse.cdt.internal.core.dom.parser.cpp.GNUCPPSourceParser.qualifiedName(GNUCPPSourceParser.java:410)
	at org.eclipse.cdt.internal.core.dom.parser.cpp.GNUCPPSourceParser.declSpecifierSeq(GNUCPPSourceParser.java:3335)
	at org.eclipse.cdt.internal.core.dom.parser.cpp.GNUCPPSourceParser.declSpecifierSeq(GNUCPPSourceParser.java:3062)
	at org.eclipse.cdt.internal.core.dom.parser.AbstractGNUSourceCodeParser.declSpecifierSequence_initDeclarator(AbstractGNUSourceCodeParser.java:1646)
	at org.eclipse.cdt.internal.core.dom.parser.cpp.GNUCPPSourceParser.typeId(GNUCPPSourceParser.java:4180)
	at org.eclipse.cdt.internal.core.dom.parser.cpp.GNUCPPSourceParser.templateArgument(GNUCPPSourceParser.java:757)
	at org.eclipse.cdt.internal.core.dom.parser.cpp.GNUCPPSourceParser.templateArgumentList(GNUCPPSourceParser.java:736)
	at org.eclipse.cdt.internal.core.dom.parser.cpp.GNUCPPSourceParser.addTemplateArguments(GNUCPPSourceParser.java:463)
	at org.eclipse.cdt.internal.core.dom.parser.cpp.GNUCPPSourceParser.nameSpecifier(GNUCPPSourceParser.java:381)
	at org.eclipse.cdt.internal.core.dom.parser.cpp.GNUCPPSourceParser.ambiguousNameSpecifier(GNUCPPSourceParser.java:285)
	at org.eclipse.cdt.internal.core.dom.parser.cpp.GNUCPPSourceParser.nameSpecifier(GNUCPPSourceParser.java:277)
	at org.eclipse.cdt.internal.core.dom.parser.cpp.GNUCPPSourceParser.qualifiedName(GNUCPPSourceParser.java:410)
	at org.eclipse.cdt.internal.core.dom.parser.cpp.GNUCPPSourceParser.declSpecifierSeq(GNUCPPSourceParser.java:3335)
	at org.eclipse.cdt.internal.core.dom.parser.cpp.GNUCPPSourceParser.declSpecifierSeq(GNUCPPSourceParser.java:3062)
	at org.eclipse.cdt.internal.core.dom.parser.AbstractGNUSourceCodeParser.declSpecifierSequence_initDeclarator(AbstractGNUSourceCodeParser.java:1646)
	at org.eclipse.cdt.internal.core.dom.parser.cpp.GNUCPPSourceParser.typeId(GNUCPPSourceParser.java:4180)
	at org.eclipse.cdt.internal.core.dom.parser.cpp.GNUCPPSourceParser.templateArgument(GNUCPPSourceParser.java:757)
	at org.eclipse.cdt.internal.core.dom.parser.cpp.GNUCPPSourceParser.templateArgumentList(GNUCPPSourceParser.java:736)
	at org.eclipse.cdt.internal.core.dom.parser.cpp.GNUCPPSourceParser.addTemplateArguments(GNUCPPSourceParser.java:463)
	at org.eclipse.cdt.internal.core.dom.parser.cpp.GNUCPPSourceParser.nameSpecifier(GNUCPPSourceParser.java:381)
	at org.eclipse.cdt.internal.core.dom.parser.cpp.GNUCPPSourceParser.ambiguousNameSpecifier(GNUCPPSourceParser.java:285)
	at org.eclipse.cdt.internal.core.dom.parser.cpp.GNUCPPSourceParser.nameSpecifier(GNUCPPSourceParser.java:277)
	at org.eclipse.cdt.internal.core.dom.parser.cpp.GNUCPPSourceParser.qualifiedName(GNUCPPSourceParser.java:410)
	at org.eclipse.cdt.internal.core.dom.parser.cpp.GNUCPPSourceParser.declSpecifierSeq(GNUCPPSourceParser.java:3335)
	at org.eclipse.cdt.internal.core.dom.parser.cpp.GNUCPPSourceParser.declSpecifierSeq(GNUCPPSourceParser.java:3062)
	at org.eclipse.cdt.internal.core.dom.parser.AbstractGNUSourceCodeParser.declSpecifierSequence_initDeclarator(AbstractGNUSourceCodeParser.java:1646)
	at org.eclipse.cdt.internal.core.dom.parser.cpp.GNUCPPSourceParser.typeId(GNUCPPSourceParser.java:4180)
	at org.eclipse.cdt.internal.core.dom.parser.cpp.GNUCPPSourceParser.templateArgument(GNUCPPSourceParser.java:757)
	at org.eclipse.cdt.internal.core.dom.parser.cpp.GNUCPPSourceParser.templateArgumentList(GNUCPPSourceParser.java:736)
	at org.eclipse.cdt.internal.core.dom.parser.cpp.GNUCPPSourceParser.addTemplateArguments(GNUCPPSourceParser.java:463)
	at org.eclipse.cdt.internal.core.dom.parser.cpp.GNUCPPSourceParser.nameSpecifier(GNUCPPSourceParser.java:381)
	at org.eclipse.cdt.internal.core.dom.parser.cpp.GNUCPPSourceParser.ambiguousNameSpecifier(GNUCPPSourceParser.java:285)
	at org.eclipse.cdt.internal.core.dom.parser.cpp.GNUCPPSourceParser.nameSpecifier(GNUCPPSourceParser.java:277)
	at org.eclipse.cdt.internal.core.dom.parser.cpp.GNUCPPSourceParser.qualifiedName(GNUCPPSourceParser.java:410)
	at org.eclipse.cdt.internal.core.dom.parser.cpp.GNUCPPSourceParser.declSpecifierSeq(GNUCPPSourceParser.java:3335)
	at org.eclipse.cdt.internal.core.dom.parser.cpp.GNUCPPSourceParser.declSpecifierSeq(GNUCPPSourceParser.java:3062)
	at org.eclipse.cdt.internal.core.dom.parser.AbstractGNUSourceCodeParser.declSpecifierSequence_initDeclarator(AbstractGNUSourceCodeParser.java:1646)
	at org.eclipse.cdt.internal.core.dom.parser.cpp.GNUCPPSourceParser.typeId(GNUCPPSourceParser.java:4180)
	at org.eclipse.cdt.internal.core.dom.parser.cpp.GNUCPPSourceParser.templateArgument(GNUCPPSourceParser.java:757)
	at org.eclipse.cdt.internal.core.dom.parser.cpp.GNUCPPSourceParser.templateArgumentList(GNUCPPSourceParser.java:736)
	at org.eclipse.cdt.internal.core.dom.parser.cpp.GNUCPPSourceParser.addTemplateArguments(GNUCPPSourceParser.java:463)
	at org.eclipse.cdt.internal.core.dom.parser.cpp.GNUCPPSourceParser.nameSpecifier(GNUCPPSourceParser.java:381)
	at org.eclipse.cdt.internal.core.dom.parser.cpp.GNUCPPSourceParser.ambiguousNameSpecifier(GNUCPPSourceParser.java:285)
	at org.eclipse.cdt.internal.core.dom.parser.cpp.GNUCPPSourceParser.nameSpecifier(GNUCPPSourceParser.java:277)
	at org.eclipse.cdt.internal.core.dom.parser.cpp.GNUCPPSourceParser.qualifiedName(GNUCPPSourceParser.java:410)
	at org.eclipse.cdt.internal.core.dom.parser.cpp.GNUCPPSourceParser.declSpecifierSeq(GNUCPPSourceParser.java:3335)
	at org.eclipse.cdt.internal.core.dom.parser.cpp.GNUCPPSourceParser.declSpecifierSeq(GNUCPPSourceParser.java:3062)
	at org.eclipse.cdt.internal.core.dom.parser.AbstractGNUSourceCodeParser.declSpecifierSequence_initDeclarator(AbstractGNUSourceCodeParser.java:1646)
	at org.eclipse.cdt.internal.core.dom.parser.cpp.GNUCPPSourceParser.typeId(GNUCPPSourceParser.java:4180)
	at org.eclipse.cdt.internal.core.dom.parser.cpp.GNUCPPSourceParser.templateArgument(GNUCPPSourceParser.java:757)
	at org.eclipse.cdt.internal.core.dom.parser.cpp.GNUCPPSourceParser.templateArgumentList(GNUCPPSourceParser.java:736)
	at org.eclipse.cdt.internal.core.dom.parser.cpp.GNUCPPSourceParser.addTemplateArguments(GNUCPPSourceParser.java:463)
	at org.eclipse.cdt.internal.core.dom.parser.cpp.GNUCPPSourceParser.nameSpecifier(GNUCPPSourceParser.java:381)
	at org.eclipse.cdt.internal.core.dom.parser.cpp.GNUCPPSourceParser.ambiguousNameSpecifier(GNUCPPSourceParser.java:285)
	at org.eclipse.cdt.internal.core.dom.parser.cpp.GNUCPPSourceParser.nameSpecifier(GNUCPPSourceParser.java:277)
	at org.eclipse.cdt.internal.core.dom.parser.cpp.GNUCPPSourceParser.qualifiedName(GNUCPPSourceParser.java:410)
	at org.eclipse.cdt.internal.core.dom.parser.cpp.GNUCPPSourceParser.declSpecifierSeq(GNUCPPSourceParser.java:3335)
	at org.eclipse.cdt.internal.core.dom.parser.cpp.GNUCPPSourceParser.declSpecifierSeq(GNUCPPSourceParser.java:3062)
	at org.eclipse.cdt.internal.core.dom.parser.AbstractGNUSourceCodeParser.declSpecifierSequence_initDeclarator(AbstractGNUSourceCodeParser.java:1646)
	at org.eclipse.cdt.internal.core.dom.parser.cpp.GNUCPPSourceParser.typeId(GNUCPPSourceParser.java:4180)
	at org.eclipse.cdt.internal.core.dom.parser.cpp.GNUCPPSourceParser.templateArgument(GNUCPPSourceParser.java:757)
	at org.eclipse.cdt.internal.core.dom.parser.cpp.GNUCPPSourceParser.templateArgumentList(GNUCPPSourceParser.java:736)
	at org.eclipse.cdt.internal.core.dom.parser.cpp.GNUCPPSourceParser.addTemplateArguments(GNUCPPSourceParser.java:463)
	at org.eclipse.cdt.internal.core.dom.parser.cpp.GNUCPPSourceParser.nameSpecifier(GNUCPPSourceParser.java:381)
	at org.eclipse.cdt.internal.core.dom.parser.cpp.GNUCPPSourceParser.ambiguousNameSpecifier(GNUCPPSourceParser.java:285)
	at org.eclipse.cdt.internal.core.dom.parser.cpp.GNUCPPSourceParser.nameSpecifier(GNUCPPSourceParser.java:277)
	at org.eclipse.cdt.internal.core.dom.parser.cpp.GNUCPPSourceParser.qualifiedName(GNUCPPSourceParser.java:410)
	at org.eclipse.cdt.internal.core.dom.parser.cpp.GNUCPPSourceParser.declSpecifierSeq(GNUCPPSourceParser.java:3335)
	at org.eclipse.cdt.internal.core.dom.parser.cpp.GNUCPPSourceParser.declSpecifierSeq(GNUCPPSourceParser.java:3062)
	at org.eclipse.cdt.internal.core.dom.parser.AbstractGNUSourceCodeParser.declSpecifierSequence_initDeclarator(AbstractGNUSourceCodeParser.java:1646)
	at org.eclipse.cdt.internal.core.dom.parser.cpp.GNUCPPSourceParser.typeId(GNUCPPSourceParser.java:4180)
	at org.eclipse.cdt.internal.core.dom.parser.cpp.GNUCPPSourceParser.templateArgument(GNUCPPSourceParser.java:757)
	at org.eclipse.cdt.internal.core.dom.parser.cpp.GNUCPPSourceParser.templateArgumentList(GNUCPPSourceParser.java:736)
	at org.eclipse.cdt.internal.core.dom.parser.cpp.GNUCPPSourceParser.addTemplateArguments(GNUCPPSourceParser.java:463)
	at org.eclipse.cdt.internal.core.dom.parser.cpp.GNUCPPSourceParser.nameSpecifier(GNUCPPSourceParser.java:381)
	at org.eclipse.cdt.internal.core.dom.parser.cpp.GNUCPPSourceParser.ambiguousNameSpecifier(GNUCPPSourceParser.java:285)
	at org.eclipse.cdt.internal.core.dom.parser.cpp.GNUCPPSourceParser.nameSpecifier(GNUCPPSourceParser.java:277)
	at org.eclipse.cdt.internal.core.dom.parser.cpp.GNUCPPSourceParser.qualifiedName(GNUCPPSourceParser.java:410)
	at org.eclipse.cdt.internal.core.dom.parser.cpp.GNUCPPSourceParser.declSpecifierSeq(GNUCPPSourceParser.java:3335)
	at org.eclipse.cdt.internal.core.dom.parser.cpp.GNUCPPSourceParser.declSpecifierSeq(GNUCPPSourceParser.java:3062)
	at org.eclipse.cdt.internal.core.dom.parser.AbstractGNUSourceCodeParser.declSpecifierSequence_initDeclarator(AbstractGNUSourceCodeParser.java:1646)
	at org.eclipse.cdt.internal.core.dom.parser.cpp.GNUCPPSourceParser.typeId(GNUCPPSourceParser.java:4180)
	at org.eclipse.cdt.internal.core.dom.parser.cpp.GNUCPPSourceParser.templateArgument(GNUCPPSourceParser.java:757)
	at org.eclipse.cdt.internal.core.dom.parser.cpp.GNUCPPSourceParser.templateArgumentList(GNUCPPSourceParser.java:736)
	at org.eclipse.cdt.internal.core.dom.parser.cpp.GNUCPPSourceParser.addTemplateArguments(GNUCPPSourceParser.java:463)
	at org.eclipse.cdt.internal.core.dom.parser.cpp.GNUCPPSourceParser.nameSpecifier(GNUCPPSourceParser.java:381)
	at org.eclipse.cdt.internal.core.dom.parser.cpp.GNUCPPSourceParser.ambiguousNameSpecifier(GNUCPPSourceParser.java:285)
	at org.eclipse.cdt.internal.core.dom.parser.cpp.GNUCPPSourceParser.nameSpecifier(GNUCPPSourceParser.java:277)
	at org.eclipse.cdt.internal.core.dom.parser.cpp.GNUCPPSourceParser.qualifiedName(GNUCPPSourceParser.java:410)
	at org.eclipse.cdt.internal.core.dom.parser.cpp.GNUCPPSourceParser.declSpecifierSeq(GNUCPPSourceParser.java:3335)
	at org.eclipse.cdt.internal.core.dom.parser.cpp.GNUCPPSourceParser.declSpecifierSeq(GNUCPPSourceParser.java:3062)
	at org.eclipse.cdt.internal.core.dom.parser.AbstractGNUSourceCodeParser.declSpecifierSequence_initDeclarator(AbstractGNUSourceCodeParser.java:1646)
	at org.eclipse.cdt.internal.core.dom.parser.cpp.GNUCPPSourceParser.typeId(GNUCPPSourceParser.java:4180)
	at org.eclipse.cdt.internal.core.dom.parser.cpp.GNUCPPSourceParser.templateArgument(GNUCPPSourceParser.java:757)
	at org.eclipse.cdt.internal.core.dom.parser.cpp.GNUCPPSourceParser.templateArgumentList(GNUCPPSourceParser.java:736)
	at org.eclipse.cdt.internal.core.dom.parser.cpp.GNUCPPSourceParser.addTemplateArguments(GNUCPPSourceParser.java:463)
	at org.eclipse.cdt.internal.core.dom.parser.cpp.GNUCPPSourceParser.nameSpecifier(GNUCPPSourceParser.java:381)
	at org.eclipse.cdt.internal.core.dom.parser.cpp.GNUCPPSourceParser.ambiguousNameSpecifier(GNUCPPSourceParser.java:285)
	at org.eclipse.cdt.internal.core.dom.parser.cpp.GNUCPPSourceParser.nameSpecifier(GNUCPPSourceParser.java:277)
	at org.eclipse.cdt.internal.core.dom.parser.cpp.GNUCPPSourceParser.qualifiedName(GNUCPPSourceParser.java:410)
	at org.eclipse.cdt.internal.core.dom.parser.cpp.GNUCPPSourceParser.declSpecifierSeq(GNUCPPSourceParser.java:3335)
	at org.eclipse.cdt.internal.core.dom.parser.cpp.GNUCPPSourceParser.declSpecifierSeq(GNUCPPSourceParser.java:3062)
	at org.eclipse.cdt.internal.core.dom.parser.AbstractGNUSourceCodeParser.declSpecifierSequence_initDeclarator(AbstractGNUSourceCodeParser.java:1646)
	at org.eclipse.cdt.internal.core.dom.parser.cpp.GNUCPPSourceParser.typeId(GNUCPPSourceParser.java:4180)
	at org.eclipse.cdt.internal.core.dom.parser.cpp.GNUCPPSourceParser.templateArgument(GNUCPPSourceParser.java:757)
	at org.eclipse.cdt.internal.core.dom.parser.cpp.GNUCPPSourceParser.templateArgumentList(GNUCPPSourceParser.java:736)
	at org.eclipse.cdt.internal.core.dom.parser.cpp.GNUCPPSourceParser.addTemplateArguments(GNUCPPSourceParser.java:463)
	at org.eclipse.cdt.internal.core.dom.parser.cpp.GNUCPPSourceParser.nameSpecifier(GNUCPPSourceParser.java:381)
	at org.eclipse.cdt.internal.core.dom.parser.cpp.GNUCPPSourceParser.ambiguousNameSpecifier(GNUCPPSourceParser.java:285)
	at org.eclipse.cdt.internal.core.dom.parser.cpp.GNUCPPSourceParser.nameSpecifier(GNUCPPSourceParser.java:277)
	at org.eclipse.cdt.internal.core.dom.parser.cpp.GNUCPPSourceParser.qualifiedName(GNUCPPSourceParser.java:410)
	at org.eclipse.cdt.internal.core.dom.parser.cpp.GNUCPPSourceParser.declSpecifierSeq(GNUCPPSourceParser.java:3335)
	at org.eclipse.cdt.internal.core.dom.parser.cpp.GNUCPPSourceParser.declSpecifierSeq(GNUCPPSourceParser.java:3062)
	at org.eclipse.cdt.internal.core.dom.parser.AbstractGNUSourceCodeParser.declSpecifierSequence_initDeclarator(AbstractGNUSourceCodeParser.java:1646)
	at org.eclipse.cdt.internal.core.dom.parser.cpp.GNUCPPSourceParser.typeId(GNUCPPSourceParser.java:4180)
	at org.eclipse.cdt.internal.core.dom.parser.cpp.GNUCPPSourceParser.templateArgument(GNUCPPSourceParser.java:757)
	at org.eclipse.cdt.internal.core.dom.parser.cpp.GNUCPPSourceParser.templateArgumentList(GNUCPPSourceParser.java:736)
	at org.eclipse.cdt.internal.core.dom.parser.cpp.GNUCPPSourceParser.addTemplateArguments(GNUCPPSourceParser.java:463)
	at org.eclipse.cdt.internal.core.dom.parser.cpp.GNUCPPSourceParser.nameSpecifier(GNUCPPSourceParser.java:381)
	at org.eclipse.cdt.internal.core.dom.parser.cpp.GNUCPPSourceParser.ambiguousNameSpecifier(GNUCPPSourceParser.java:285)
	at org.eclipse.cdt.internal.core.dom.parser.cpp.GNUCPPSourceParser.nameSpecifier(GNUCPPSourceParser.java:277)
	at org.eclipse.cdt.internal.core.dom.parser.cpp.GNUCPPSourceParser.qualifiedName(GNUCPPSourceParser.java:410)
	at org.eclipse.cdt.internal.core.dom.parser.cpp.GNUCPPSourceParser.declSpecifierSeq(GNUCPPSourceParser.java:3335)
	at org.eclipse.cdt.internal.core.dom.parser.cpp.GNUCPPSourceParser.declSpecifierSeq(GNUCPPSourceParser.java:3062)
	at org.eclipse.cdt.internal.core.dom.parser.AbstractGNUSourceCodeParser.declSpecifierSequence_initDeclarator(AbstractGNUSourceCodeParser.java:1646)
	at org.eclipse.cdt.internal.core.dom.parser.cpp.GNUCPPSourceParser.typeId(GNUCPPSourceParser.java:4180)
	at org.eclipse.cdt.internal.core.dom.parser.cpp.GNUCPPSourceParser.templateArgument(GNUCPPSourceParser.java:757)
	at org.eclipse.cdt.internal.core.dom.parser.cpp.GNUCPPSourceParser.templateArgumentList(GNUCPPSourceParser.java:736)
	at org.eclipse.cdt.internal.core.dom.parser.cpp.GNUCPPSourceParser.addTemplateArguments(GNUCPPSourceParser.java:463)
	at org.eclipse.cdt.internal.core.dom.parser.cpp.GNUCPPSourceParser.nameSpecifier(GNUCPPSourceParser.java:381)
	at org.eclipse.cdt.internal.core.dom.parser.cpp.GNUCPPSourceParser.ambiguousNameSpecifier(GNUCPPSourceParser.java:285)
	at org.eclipse.cdt.internal.core.dom.parser.cpp.GNUCPPSourceParser.nameSpecifier(GNUCPPSourceParser.java:277)
	at org.eclipse.cdt.internal.core.dom.parser.cpp.GNUCPPSourceParser.qualifiedName(GNUCPPSourceParser.java:410)
	at org.eclipse.cdt.internal.core.dom.parser.cpp.GNUCPPSourceParser.declSpecifierSeq(GNUCPPSourceParser.java:3335)
	at org.eclipse.cdt.internal.core.dom.parser.cpp.GNUCPPSourceParser.declSpecifierSeq(GNUCPPSourceParser.java:3062)
	at org.eclipse.cdt.internal.core.dom.parser.AbstractGNUSourceCodeParser.declSpecifierSequence_initDeclarator(AbstractGNUSourceCodeParser.java:1646)
	at org.eclipse.cdt.internal.core.dom.parser.cpp.GNUCPPSourceParser.typeId(GNUCPPSourceParser.java:4180)
	at org.eclipse.cdt.internal.core.dom.parser.cpp.GNUCPPSourceParser.templateArgument(GNUCPPSourceParser.java:757)
	at org.eclipse.cdt.internal.core.dom.parser.cpp.GNUCPPSourceParser.templateArgumentList(GNUCPPSourceParser.java:736)
	at org.eclipse.cdt.internal.core.dom.parser.cpp.GNUCPPSourceParser.addTemplateArguments(GNUCPPSourceParser.java:463)
	at org.eclipse.cdt.internal.core.dom.parser.cpp.GNUCPPSourceParser.nameSpecifier(GNUCPPSourceParser.java:381)
	at org.eclipse.cdt.internal.core.dom.parser.cpp.GNUCPPSourceParser.ambiguousNameSpecifier(GNUCPPSourceParser.java:285)
	at org.eclipse.cdt.internal.core.dom.parser.cpp.GNUCPPSourceParser.nameSpecifier(GNUCPPSourceParser.java:277)
	at org.eclipse.cdt.internal.core.dom.parser.cpp.GNUCPPSourceParser.qualifiedName(GNUCPPSourceParser.java:410)
	at org.eclipse.cdt.internal.core.dom.parser.cpp.GNUCPPSourceParser.declSpecifierSeq(GNUCPPSourceParser.java:3335)
	at org.eclipse.cdt.internal.core.dom.parser.cpp.GNUCPPSourceParser.declSpecifierSeq(GNUCPPSourceParser.java:3062)
	at org.eclipse.cdt.internal.core.dom.parser.AbstractGNUSourceCodeParser.declSpecifierSequence_initDeclarator(AbstractGNUSourceCodeParser.java:1646)
	at org.eclipse.cdt.internal.core.dom.parser.cpp.GNUCPPSourceParser.typeId(GNUCPPSourceParser.java:4180)
	at org.eclipse.cdt.internal.core.dom.parser.cpp.GNUCPPSourceParser.templateArgument(GNUCPPSourceParser.java:757)
	at org.eclipse.cdt.internal.core.dom.parser.cpp.GNUCPPSourceParser.templateArgumentList(GNUCPPSourceParser.java:736)
	at org.eclipse.cdt.internal.core.dom.parser.cpp.GNUCPPSourceParser.addTemplateArguments(GNUCPPSourceParser.java:463)
	at org.eclipse.cdt.internal.core.dom.parser.cpp.GNUCPPSourceParser.nameSpecifier(GNUCPPSourceParser.java:381)
	at org.eclipse.cdt.internal.core.dom.parser.cpp.GNUCPPSourceParser.ambiguousNameSpecifier(GNUCPPSourceParser.java:285)
	at org.eclipse.cdt.internal.core.dom.parser.cpp.GNUCPPSourceParser.nameSpecifier(GNUCPPSourceParser.java:277)
	at org.eclipse.cdt.internal.core.dom.parser.cpp.GNUCPPSourceParser.qualifiedName(GNUCPPSourceParser.java:410)
	at org.eclipse.cdt.internal.core.dom.parser.cpp.GNUCPPSourceParser.declSpecifierSeq(GNUCPPSourceParser.java:3335)
	at org.eclipse.cdt.internal.core.dom.parser.cpp.GNUCPPSourceParser.declSpecifierSeq(GNUCPPSourceParser.java:3062)
	at org.eclipse.cdt.internal.core.dom.parser.AbstractGNUSourceCodeParser.declSpecifierSequence_initDeclarator(AbstractGNUSourceCodeParser.java:1646)
	at org.eclipse.cdt.internal.core.dom.parser.cpp.GNUCPPSourceParser.typeId(GNUCPPSourceParser.java:4180)
	at org.eclipse.cdt.internal.core.dom.parser.cpp.GNUCPPSourceParser.templateArgument(GNUCPPSourceParser.java:757)
	at org.eclipse.cdt.internal.core.dom.parser.cpp.GNUCPPSourceParser.templateArgumentList(GNUCPPSourceParser.java:736)
	at org.eclipse.cdt.internal.core.dom.parser.cpp.GNUCPPSourceParser.addTemplateArguments(GNUCPPSourceParser.java:463)
	at org.eclipse.cdt.internal.core.dom.parser.cpp.GNUCPPSourceParser.nameSpecifier(GNUCPPSourceParser.java:381)
	at org.eclipse.cdt.internal.core.dom.parser.cpp.GNUCPPSourceParser.ambiguousNameSpecifier(GNUCPPSourceParser.java:285)
	at org.eclipse.cdt.internal.core.dom.parser.cpp.GNUCPPSourceParser.nameSpecifier(GNUCPPSourceParser.java:277)
	at org.eclipse.cdt.internal.core.dom.parser.cpp.GNUCPPSourceParser.qualifiedName(GNUCPPSourceParser.java:410)
	at org.eclipse.cdt.internal.core.dom.parser.cpp.GNUCPPSourceParser.declSpecifierSeq(GNUCPPSourceParser.java:3335)
	at org.eclipse.cdt.internal.core.dom.parser.cpp.GNUCPPSourceParser.declSpecifierSeq(GNUCPPSourceParser.java:3062)
	at org.eclipse.cdt.internal.core.dom.parser.AbstractGNUSourceCodeParser.declSpecifierSequence_initDeclarator(AbstractGNUSourceCodeParser.java:1646)
	at org.eclipse.cdt.internal.core.dom.parser.cpp.GNUCPPSourceParser.typeId(GNUCPPSourceParser.java:4180)
	at org.eclipse.cdt.internal.core.dom.parser.cpp.GNUCPPSourceParser.templateArgument(GNUCPPSourceParser.java:757)
	at org.eclipse.cdt.internal.core.dom.parser.cpp.GNUCPPSourceParser.templateArgumentList(GNUCPPSourceParser.java:736)
	at org.eclipse.cdt.internal.core.dom.parser.cpp.GNUCPPSourceParser.addTemplateArguments(GNUCPPSourceParser.java:463)
	at org.eclipse.cdt.internal.core.dom.parser.cpp.GNUCPPSourceParser.nameSpecifier(GNUCPPSourceParser.java:381)
	at org.eclipse.cdt.internal.core.dom.parser.cpp.GNUCPPSourceParser.ambiguousNameSpecifier(GNUCPPSourceParser.java:285)
	at org.eclipse.cdt.internal.core.dom.parser.cpp.GNUCPPSourceParser.nameSpecifier(GNUCPPSourceParser.java:277)
	at org.eclipse.cdt.internal.core.dom.parser.cpp.GNUCPPSourceParser.qualifiedName(GNUCPPSourceParser.java:410)
	at org.eclipse.cdt.internal.core.dom.parser.cpp.GNUCPPSourceParser.declSpecifierSeq(GNUCPPSourceParser.java:3335)
	at org.eclipse.cdt.internal.core.dom.parser.cpp.GNUCPPSourceParser.declSpecifierSeq(GNUCPPSourceParser.java:3062)
	at org.eclipse.cdt.internal.core.dom.parser.AbstractGNUSourceCodeParser.declSpecifierSequence_initDeclarator(AbstractGNUSourceCodeParser.java:1646)
	at org.eclipse.cdt.internal.core.dom.parser.cpp.GNUCPPSourceParser.typeId(GNUCPPSourceParser.java:4180)
	at org.eclipse.cdt.internal.core.dom.parser.cpp.GNUCPPSourceParser.templateArgument(GNUCPPSourceParser.java:757)
	at org.eclipse.cdt.internal.core.dom.parser.cpp.GNUCPPSourceParser.templateArgumentList(GNUCPPSourceParser.java:736)
	at org.eclipse.cdt.internal.core.dom.parser.cpp.GNUCPPSourceParser.addTemplateArguments(GNUCPPSourceParser.java:463)
	at org.eclipse.cdt.internal.core.dom.parser.cpp.GNUCPPSourceParser.nameSpecifier(GNUCPPSourceParser.java:381)
	at org.eclipse.cdt.internal.core.dom.parser.cpp.GNUCPPSourceParser.ambiguousNameSpecifier(GNUCPPSourceParser.java:285)
	at org.eclipse.cdt.internal.core.dom.parser.cpp.GNUCPPSourceParser.nameSpecifier(GNUCPPSourceParser.java:277)
	at org.eclipse.cdt.internal.core.dom.parser.cpp.GNUCPPSourceParser.qualifiedName(GNUCPPSourceParser.java:410)
	at org.eclipse.cdt.internal.core.dom.parser.cpp.GNUCPPSourceParser.declSpecifierSeq(GNUCPPSourceParser.java:3335)
	at org.eclipse.cdt.internal.core.dom.parser.cpp.GNUCPPSourceParser.declSpecifierSeq(GNUCPPSourceParser.java:3062)
	at org.eclipse.cdt.internal.core.dom.parser.AbstractGNUSourceCodeParser.declSpecifierSequence_initDeclarator(AbstractGNUSourceCodeParser.java:1646)
	at org.eclipse.cdt.internal.core.dom.parser.cpp.GNUCPPSourceParser.typeId(GNUCPPSourceParser.java:4180)
	at org.eclipse.cdt.internal.core.dom.parser.cpp.GNUCPPSourceParser.templateArgument(GNUCPPSourceParser.java:757)
	at org.eclipse.cdt.internal.core.dom.parser.cpp.GNUCPPSourceParser.templateArgumentList(GNUCPPSourceParser.java:736)
	at org.eclipse.cdt.internal.core.dom.parser.cpp.GNUCPPSourceParser.addTemplateArguments(GNUCPPSourceParser.java:463)
	at org.eclipse.cdt.internal.core.dom.parser.cpp.GNUCPPSourceParser.nameSpecifier(GNUCPPSourceParser.java:381)
	at org.eclipse.cdt.internal.core.dom.parser.cpp.GNUCPPSourceParser.ambiguousNameSpecifier(GNUCPPSourceParser.java:285)
	at org.eclipse.cdt.internal.core.dom.parser.cpp.GNUCPPSourceParser.nameSpecifier(GNUCPPSourceParser.java:277)
	at org.eclipse.cdt.internal.core.dom.parser.cpp.GNUCPPSourceParser.qualifiedName(GNUCPPSourceParser.java:410)
	at org.eclipse.cdt.internal.core.dom.parser.cpp.GNUCPPSourceParser.declSpecifierSeq(GNUCPPSourceParser.java:3335)
	at org.eclipse.cdt.internal.core.dom.parser.cpp.GNUCPPSourceParser.declSpecifierSeq(GNUCPPSourceParser.java:3062)
	at org.eclipse.cdt.internal.core.dom.parser.AbstractGNUSourceCodeParser.declSpecifierSequence_initDeclarator(AbstractGNUSourceCodeParser.java:1646)
	at org.eclipse.cdt.internal.core.dom.parser.cpp.GNUCPPSourceParser.typeId(GNUCPPSourceParser.java:4180)
	at org.eclipse.cdt.internal.core.dom.parser.cpp.GNUCPPSourceParser.templateArgument(GNUCPPSourceParser.java:757)
	at org.eclipse.cdt.internal.core.dom.parser.cpp.GNUCPPSourceParser.templateArgumentList(GNUCPPSourceParser.java:736)
	at org.eclipse.cdt.internal.core.dom.parser.cpp.GNUCPPSourceParser.addTemplateArguments(GNUCPPSourceParser.java:463)
	at org.eclipse.cdt.internal.core.dom.parser.cpp.GNUCPPSourceParser.nameSpecifier(GNUCPPSourceParser.java:381)
	at org.eclipse.cdt.internal.core.dom.parser.cpp.GNUCPPSourceParser.ambiguousNameSpecifier(GNUCPPSourceParser.java:285)
	at org.eclipse.cdt.internal.core.dom.parser.cpp.GNUCPPSourceParser.nameSpecifier(GNUCPPSourceParser.java:277)
	at org.eclipse.cdt.internal.core.dom.parser.cpp.GNUCPPSourceParser.qualifiedName(GNUCPPSourceParser.java:410)
	at org.eclipse.cdt.internal.core.dom.parser.cpp.GNUCPPSourceParser.declSpecifierSeq(GNUCPPSourceParser.java:3335)
	at org.eclipse.cdt.internal.core.dom.parser.cpp.GNUCPPSourceParser.declSpecifierSeq(GNUCPPSourceParser.java:3062)
	at org.eclipse.cdt.internal.core.dom.parser.AbstractGNUSourceCodeParser.declSpecifierSequence_initDeclarator(AbstractGNUSourceCodeParser.java:1646)
	at org.eclipse.cdt.internal.core.dom.parser.cpp.GNUCPPSourceParser.typeId(GNUCPPSourceParser.java:4180)
	at org.eclipse.cdt.internal.core.dom.parser.cpp.GNUCPPSourceParser.templateArgument(GNUCPPSourceParser.java:757)
	at org.eclipse.cdt.internal.core.dom.parser.cpp.GNUCPPSourceParser.templateArgumentList(GNUCPPSourceParser.java:736)
	at org.eclipse.cdt.internal.core.dom.parser.cpp.GNUCPPSourceParser.addTemplateArguments(GNUCPPSourceParser.java:463)
	at org.eclipse.cdt.internal.core.dom.parser.cpp.GNUCPPSourceParser.nameSpecifier(GNUCPPSourceParser.java:381)
	at org.eclipse.cdt.internal.core.dom.parser.cpp.GNUCPPSourceParser.ambiguousNameSpecifier(GNUCPPSourceParser.java:285)
	at org.eclipse.cdt.internal.core.dom.parser.cpp.GNUCPPSourceParser.nameSpecifier(GNUCPPSourceParser.java:277)
	at org.eclipse.cdt.internal.core.dom.parser.cpp.GNUCPPSourceParser.qualifiedName(GNUCPPSourceParser.java:410)
	at org.eclipse.cdt.internal.core.dom.parser.cpp.GNUCPPSourceParser.declSpecifierSeq(GNUCPPSourceParser.java:3335)
	at org.eclipse.cdt.internal.core.dom.parser.cpp.GNUCPPSourceParser.declSpecifierSeq(GNUCPPSourceParser.java:3062)
	at org.eclipse.cdt.internal.core.dom.parser.AbstractGNUSourceCodeParser.declSpecifierSequence_initDeclarator(AbstractGNUSourceCodeParser.java:1646)
	at org.eclipse.cdt.internal.core.dom.parser.cpp.GNUCPPSourceParser.typeId(GNUCPPSourceParser.java:4180)
	at org.eclipse.cdt.internal.core.dom.parser.cpp.GNUCPPSourceParser.templateArgument(GNUCPPSourceParser.java:757)
	at org.eclipse.cdt.internal.core.dom.parser.cpp.GNUCPPSourceParser.templateArgumentList(GNUCPPSourceParser.java:736)
	at org.eclipse.cdt.internal.core.dom.parser.cpp.GNUCPPSourceParser.addTemplateArguments(GNUCPPSourceParser.java:463)
	at org.eclipse.cdt.internal.core.dom.parser.cpp.GNUCPPSourceParser.nameSpecifier(GNUCPPSourceParser.java:381)
	at org.eclipse.cdt.internal.core.dom.parser.cpp.GNUCPPSourceParser.ambiguousNameSpecifier(GNUCPPSourceParser.java:285)
	at org.eclipse.cdt.internal.core.dom.parser.cpp.GNUCPPSourceParser.nameSpecifier(GNUCPPSourceParser.java:277)
	at org.eclipse.cdt.internal.core.dom.parser.cpp.GNUCPPSourceParser.qualifiedName(GNUCPPSourceParser.java:410)
	at org.eclipse.cdt.internal.core.dom.parser.cpp.GNUCPPSourceParser.declSpecifierSeq(GNUCPPSourceParser.java:3335)
	at org.eclipse.cdt.internal.core.dom.parser.cpp.GNUCPPSourceParser.declSpecifierSeq(GNUCPPSourceParser.java:3062)
	at org.eclipse.cdt.internal.core.dom.parser.AbstractGNUSourceCodeParser.declSpecifierSequence_initDeclarator(AbstractGNUSourceCodeParser.java:1646)
	at org.eclipse.cdt.internal.core.dom.parser.cpp.GNUCPPSourceParser.typeId(GNUCPPSourceParser.java:4180)
	at org.eclipse.cdt.internal.core.dom.parser.cpp.GNUCPPSourceParser.templateArgument(GNUCPPSourceParser.java:757)
	at org.eclipse.cdt.internal.core.dom.parser.cpp.GNUCPPSourceParser.templateArgumentList(GNUCPPSourceParser.java:736)
	at org.eclipse.cdt.internal.core.dom.parser.cpp.GNUCPPSourceParser.addTemplateArguments(GNUCPPSourceParser.java:463)
	at org.eclipse.cdt.internal.core.dom.parser.cpp.GNUCPPSourceParser.nameSpecifier(GNUCPPSourceParser.java:381)
	at org.eclipse.cdt.internal.core.dom.parser.cpp.GNUCPPSourceParser.ambiguousNameSpecifier(GNUCPPSourceParser.java:285)
	at org.eclipse.cdt.internal.core.dom.parser.cpp.GNUCPPSourceParser.nameSpecifier(GNUCPPSourceParser.java:277)
	at org.eclipse.cdt.internal.core.dom.parser.cpp.GNUCPPSourceParser.qualifiedName(GNUCPPSourceParser.java:410)
	at org.eclipse.cdt.internal.core.dom.parser.cpp.GNUCPPSourceParser.declSpecifierSeq(GNUCPPSourceParser.java:3335)
	at org.eclipse.cdt.internal.core.dom.parser.cpp.GNUCPPSourceParser.declSpecifierSeq(GNUCPPSourceParser.java:3062)
	at org.eclipse.cdt.internal.core.dom.parser.AbstractGNUSourceCodeParser.declSpecifierSequence_initDeclarator(AbstractGNUSourceCodeParser.java:1646)
	at org.eclipse.cdt.internal.core.dom.parser.cpp.GNUCPPSourceParser.typeId(GNUCPPSourceParser.java:4180)
	at org.eclipse.cdt.internal.core.dom.parser.cpp.GNUCPPSourceParser.templateArgument(GNUCPPSourceParser.java:757)
	at org.eclipse.cdt.internal.core.dom.parser.cpp.GNUCPPSourceParser.templateArgumentList(GNUCPPSourceParser.java:736)
	at org.eclipse.cdt.internal.core.dom.parser.cpp.GNUCPPSourceParser.addTemplateArguments(GNUCPPSourceParser.java:463)
	at org.eclipse.cdt.internal.core.dom.parser.cpp.GNUCPPSourceParser.nameSpecifier(GNUCPPSourceParser.java:381)
	at org.eclipse.cdt.internal.core.dom.parser.cpp.GNUCPPSourceParser.ambiguousNameSpecifier(GNUCPPSourceParser.java:285)
	at org.eclipse.cdt.internal.core.dom.parser.cpp.GNUCPPSourceParser.nameSpecifier(GNUCPPSourceParser.java:277)
	at org.eclipse.cdt.internal.core.dom.parser.cpp.GNUCPPSourceParser.qualifiedName(GNUCPPSourceParser.java:410)
	at org.eclipse.cdt.internal.core.dom.parser.cpp.GNUCPPSourceParser.declSpecifierSeq(GNUCPPSourceParser.java:3335)
	at org.eclipse.cdt.internal.core.dom.parser.cpp.GNUCPPSourceParser.declSpecifierSeq(GNUCPPSourceParser.java:3062)
	at org.eclipse.cdt.internal.core.dom.parser.AbstractGNUSourceCodeParser.declSpecifierSequence_initDeclarator(AbstractGNUSourceCodeParser.java:1646)
	at org.eclipse.cdt.internal.core.dom.parser.cpp.GNUCPPSourceParser.typeId(GNUCPPSourceParser.java:4180)
	at org.eclipse.cdt.internal.core.dom.parser.cpp.GNUCPPSourceParser.templateArgument(GNUCPPSourceParser.java:757)
	at org.eclipse.cdt.internal.core.dom.parser.cpp.GNUCPPSourceParser.templateArgumentList(GNUCPPSourceParser.java:736)
	at org.eclipse.cdt.internal.core.dom.parser.cpp.GNUCPPSourceParser.addTemplateArguments(GNUCPPSourceParser.java:463)
	at org.eclipse.cdt.internal.core.dom.parser.cpp.GNUCPPSourceParser.nameSpecifier(GNUCPPSourceParser.java:381)
	at org.eclipse.cdt.internal.core.dom.parser.cpp.GNUCPPSourceParser.ambiguousNameSpecifier(GNUCPPSourceParser.java:285)
	at org.eclipse.cdt.internal.core.dom.parser.cpp.GNUCPPSourceParser.nameSpecifier(GNUCPPSourceParser.java:277)
	at org.eclipse.cdt.internal.core.dom.parser.cpp.GNUCPPSourceParser.qualifiedName(GNUCPPSourceParser.java:410)
	at org.eclipse.cdt.internal.core.dom.parser.cpp.GNUCPPSourceParser.declSpecifierSeq(GNUCPPSourceParser.java:3335)
	at org.eclipse.cdt.internal.core.dom.parser.cpp.GNUCPPSourceParser.declSpecifierSeq(GNUCPPSourceParser.java:3062)
	at org.eclipse.cdt.internal.core.dom.parser.AbstractGNUSourceCodeParser.declSpecifierSequence_initDeclarator(AbstractGNUSourceCodeParser.java:1646)
	at org.eclipse.cdt.internal.core.dom.parser.cpp.GNUCPPSourceParser.typeId(GNUCPPSourceParser.java:4180)
	at org.eclipse.cdt.internal.core.dom.parser.cpp.GNUCPPSourceParser.templateArgument(GNUCPPSourceParser.java:757)
	at org.eclipse.cdt.internal.core.dom.parser.cpp.GNUCPPSourceParser.templateArgumentList(GNUCPPSourceParser.java:736)
	at org.eclipse.cdt.internal.core.dom.parser.cpp.GNUCPPSourceParser.addTemplateArguments(GNUCPPSourceParser.java:463)
	at org.eclipse.cdt.internal.core.dom.parser.cpp.GNUCPPSourceParser.nameSpecifier(GNUCPPSourceParser.java:381)
	at org.eclipse.cdt.internal.core.dom.parser.cpp.GNUCPPSourceParser.ambiguousNameSpecifier(GNUCPPSourceParser.java:285)
	at org.eclipse.cdt.internal.core.dom.parser.cpp.GNUCPPSourceParser.nameSpecifier(GNUCPPSourceParser.java:277)
	at org.eclipse.cdt.internal.core.dom.parser.cpp.GNUCPPSourceParser.qualifiedName(GNUCPPSourceParser.java:410)
	at org.eclipse.cdt.internal.core.dom.parser.cpp.GNUCPPSourceParser.declSpecifierSeq(GNUCPPSourceParser.java:3335)
	at org.eclipse.cdt.internal.core.dom.parser.cpp.GNUCPPSourceParser.declSpecifierSeq(GNUCPPSourceParser.java:3062)
	at org.eclipse.cdt.internal.core.dom.parser.AbstractGNUSourceCodeParser.declSpecifierSequence_initDeclarator(AbstractGNUSourceCodeParser.java:1646)
	at org.eclipse.cdt.internal.core.dom.parser.cpp.GNUCPPSourceParser.typeId(GNUCPPSourceParser.java:4180)
	at org.eclipse.cdt.internal.core.dom.parser.cpp.GNUCPPSourceParser.templateArgument(GNUCPPSourceParser.java:757)
	at org.eclipse.cdt.internal.core.dom.parser.cpp.GNUCPPSourceParser.templateArgumentList(GNUCPPSourceParser.java:736)
	at org.eclipse.cdt.internal.core.dom.parser.cpp.GNUCPPSourceParser.addTemplateArguments(GNUCPPSourceParser.java:463)
	at org.eclipse.cdt.internal.core.dom.parser.cpp.GNUCPPSourceParser.nameSpecifier(GNUCPPSourceParser.java:381)
	at org.eclipse.cdt.internal.core.dom.parser.cpp.GNUCPPSourceParser.ambiguousNameSpecifier(GNUCPPSourceParser.java:285)
	at org.eclipse.cdt.internal.core.dom.parser.cpp.GNUCPPSourceParser.nameSpecifier(GNUCPPSourceParser.java:277)
	at org.eclipse.cdt.internal.core.dom.parser.cpp.GNUCPPSourceParser.qualifiedName(GNUCPPSourceParser.java:410)
	at org.eclipse.cdt.internal.core.dom.parser.cpp.GNUCPPSourceParser.declSpecifierSeq(GNUCPPSourceParser.java:3335)
	at org.eclipse.cdt.internal.core.dom.parser.cpp.GNUCPPSourceParser.declSpecifierSeq(GNUCPPSourceParser.java:3062)
	at org.eclipse.cdt.internal.core.dom.parser.AbstractGNUSourceCodeParser.declSpecifierSequence_initDeclarator(AbstractGNUSourceCodeParser.java:1646)
	at org.eclipse.cdt.internal.core.dom.parser.cpp.GNUCPPSourceParser.typeId(GNUCPPSourceParser.java:4180)
	at org.eclipse.cdt.internal.core.dom.parser.cpp.GNUCPPSourceParser.templateArgument(GNUCPPSourceParser.java:757)
	at org.eclipse.cdt.internal.core.dom.parser.cpp.GNUCPPSourceParser.templateArgumentList(GNUCPPSourceParser.java:736)
	at org.eclipse.cdt.internal.core.dom.parser.cpp.GNUCPPSourceParser.addTemplateArguments(GNUCPPSourceParser.java:463)
	at org.eclipse.cdt.internal.core.dom.parser.cpp.GNUCPPSourceParser.nameSpecifier(GNUCPPSourceParser.java:381)
	at org.eclipse.cdt.internal.core.dom.parser.cpp.GNUCPPSourceParser.ambiguousNameSpecifier(GNUCPPSourceParser.java:285)
	at org.eclipse.cdt.internal.core.dom.parser.cpp.GNUCPPSourceParser.nameSpecifier(GNUCPPSourceParser.java:277)
	at org.eclipse.cdt.internal.core.dom.parser.cpp.GNUCPPSourceParser.qualifiedName(GNUCPPSourceParser.java:410)
	at org.eclipse.cdt.internal.core.dom.parser.cpp.GNUCPPSourceParser.declSpecifierSeq(GNUCPPSourceParser.java:3335)
	at org.eclipse.cdt.internal.core.dom.parser.cpp.GNUCPPSourceParser.declSpecifierSeq(GNUCPPSourceParser.java:3062)
	at org.eclipse.cdt.internal.core.dom.parser.AbstractGNUSourceCodeParser.declSpecifierSequence_initDeclarator(AbstractGNUSourceCodeParser.java:1646)
	at org.eclipse.cdt.internal.core.dom.parser.cpp.GNUCPPSourceParser.typeId(GNUCPPSourceParser.java:4180)
	at org.eclipse.cdt.internal.core.dom.parser.cpp.GNUCPPSourceParser.templateArgument(GNUCPPSourceParser.java:757)
	at org.eclipse.cdt.internal.core.dom.parser.cpp.GNUCPPSourceParser.templateArgumentList(GNUCPPSourceParser.java:736)
	at org.eclipse.cdt.internal.core.dom.parser.cpp.GNUCPPSourceParser.addTemplateArguments(GNUCPPSourceParser.java:463)
	at org.eclipse.cdt.internal.core.dom.parser.cpp.GNUCPPSourceParser.nameSpecifier(GNUCPPSourceParser.java:381)
	at org.eclipse.cdt.internal.core.dom.parser.cpp.GNUCPPSourceParser.ambiguousNameSpecifier(GNUCPPSourceParser.java:285)
	at org.eclipse.cdt.internal.core.dom.parser.cpp.GNUCPPSourceParser.nameSpecifier(GNUCPPSourceParser.java:277)
	at org.eclipse.cdt.internal.core.dom.parser.cpp.GNUCPPSourceParser.qualifiedName(GNUCPPSourceParser.java:410)
	at org.eclipse.cdt.internal.core.dom.parser.cpp.GNUCPPSourceParser.declSpecifierSeq(GNUCPPSourceParser.java:3335)
	at org.eclipse.cdt.internal.core.dom.parser.cpp.GNUCPPSourceParser.declSpecifierSeq(GNUCPPSourceParser.java:3062)
	at org.eclipse.cdt.internal.core.dom.parser.AbstractGNUSourceCodeParser.declSpecifierSequence_initDeclarator(AbstractGNUSourceCodeParser.java:1646)
	at org.eclipse.cdt.internal.core.dom.parser.cpp.GNUCPPSourceParser.typeId(GNUCPPSourceParser.java:4180)
	at org.eclipse.cdt.internal.core.dom.parser.cpp.GNUCPPSourceParser.templateArgument(GNUCPPSourceParser.java:757)
	at org.eclipse.cdt.internal.core.dom.parser.cpp.GNUCPPSourceParser.templateArgumentList(GNUCPPSourceParser.java:736)
	at org.eclipse.cdt.internal.core.dom.parser.cpp.GNUCPPSourceParser.addTemplateArguments(GNUCPPSourceParser.java:463)
	at org.eclipse.cdt.internal.core.dom.parser.cpp.GNUCPPSourceParser.nameSpecifier(GNUCPPSourceParser.java:381)
	at org.eclipse.cdt.internal.core.dom.parser.cpp.GNUCPPSourceParser.ambiguousNameSpecifier(GNUCPPSourceParser.java:285)
	at org.eclipse.cdt.internal.core.dom.parser.cpp.GNUCPPSourceParser.nameSpecifier(GNUCPPSourceParser.java:277)
	at org.eclipse.cdt.internal.core.dom.parser.cpp.GNUCPPSourceParser.qualifiedName(GNUCPPSourceParser.java:410)
	at org.eclipse.cdt.internal.core.dom.parser.cpp.GNUCPPSourceParser.declSpecifierSeq(GNUCPPSourceParser.java:3335)
	at org.eclipse.cdt.internal.core.dom.parser.cpp.GNUCPPSourceParser.declSpecifierSeq(GNUCPPSourceParser.java:3062)
	at org.eclipse.cdt.internal.core.dom.parser.AbstractGNUSourceCodeParser.declSpecifierSequence_initDeclarator(AbstractGNUSourceCodeParser.java:1646)
	at org.eclipse.cdt.internal.core.dom.parser.cpp.GNUCPPSourceParser.typeId(GNUCPPSourceParser.java:4180)
	at org.eclipse.cdt.internal.core.dom.parser.cpp.GNUCPPSourceParser.templateArgument(GNUCPPSourceParser.java:757)
	at org.eclipse.cdt.internal.core.dom.parser.cpp.GNUCPPSourceParser.templateArgumentList(GNUCPPSourceParser.java:736)
	at org.eclipse.cdt.internal.core.dom.parser.cpp.GNUCPPSourceParser.addTemplateArguments(GNUCPPSourceParser.java:463)
	at org.eclipse.cdt.internal.core.dom.parser.cpp.GNUCPPSourceParser.nameSpecifier(GNUCPPSourceParser.java:381)
	at org.eclipse.cdt.internal.core.dom.parser.cpp.GNUCPPSourceParser.ambiguousNameSpecifier(GNUCPPSourceParser.java:285)
	at org.eclipse.cdt.internal.core.dom.parser.cpp.GNUCPPSourceParser.nameSpecifier(GNUCPPSourceParser.java:277)
	at org.eclipse.cdt.internal.core.dom.parser.cpp.GNUCPPSourceParser.qualifiedName(GNUCPPSourceParser.java:410)
	at org.eclipse.cdt.internal.core.dom.parser.cpp.GNUCPPSourceParser.declSpecifierSeq(GNUCPPSourceParser.java:3335)
	at org.eclipse.cdt.internal.core.dom.parser.cpp.GNUCPPSourceParser.declSpecifierSeq(GNUCPPSourceParser.java:3062)
	at org.eclipse.cdt.internal.core.dom.parser.AbstractGNUSourceCodeParser.declSpecifierSequence_initDeclarator(AbstractGNUSourceCodeParser.java:1646)
	at org.eclipse.cdt.internal.core.dom.parser.cpp.GNUCPPSourceParser.typeId(GNUCPPSourceParser.java:4180)
	at org.eclipse.cdt.internal.core.dom.parser.cpp.GNUCPPSourceParser.templateArgument(GNUCPPSourceParser.java:757)
	at org.eclipse.cdt.internal.core.dom.parser.cpp.GNUCPPSourceParser.templateArgumentList(GNUCPPSourceParser.java:736)
	at org.eclipse.cdt.internal.core.dom.parser.cpp.GNUCPPSourceParser.addTemplateArguments(GNUCPPSourceParser.java:463)
	at org.eclipse.cdt.internal.core.dom.parser.cpp.GNUCPPSourceParser.nameSpecifier(GNUCPPSourceParser.java:381)
	at org.eclipse.cdt.internal.core.dom.parser.cpp.GNUCPPSourceParser.ambiguousNameSpecifier(GNUCPPSourceParser.java:285)
	at org.eclipse.cdt.internal.core.dom.parser.cpp.GNUCPPSourceParser.nameSpecifier(GNUCPPSourceParser.java:277)
	at org.eclipse.cdt.internal.core.dom.parser.cpp.GNUCPPSourceParser.qualifiedName(GNUCPPSourceParser.java:410)
	at org.eclipse.cdt.internal.core.dom.parser.cpp.GNUCPPSourceParser.declSpecifierSeq(GNUCPPSourceParser.java:3335)
	at org.eclipse.cdt.internal.core.dom.parser.cpp.GNUCPPSourceParser.declSpecifierSeq(GNUCPPSourceParser.java:3062)
	at org.eclipse.cdt.internal.core.dom.parser.AbstractGNUSourceCodeParser.declSpecifierSequence_initDeclarator(AbstractGNUSourceCodeParser.java:1646)
	at org.eclipse.cdt.internal.core.dom.parser.cpp.GNUCPPSourceParser.typeId(GNUCPPSourceParser.java:4180)
	at org.eclipse.cdt.internal.core.dom.parser.cpp.GNUCPPSourceParser.templateArgument(GNUCPPSourceParser.java:757)
	at org.eclipse.cdt.internal.core.dom.parser.cpp.GNUCPPSourceParser.templateArgumentList(GNUCPPSourceParser.java:736)
	at org.eclipse.cdt.internal.core.dom.parser.cpp.GNUCPPSourceParser.addTemplateArguments(GNUCPPSourceParser.java:463)
	at org.eclipse.cdt.internal.core.dom.parser.cpp.GNUCPPSourceParser.nameSpecifier(GNUCPPSourceParser.java:381)
	at org.eclipse.cdt.internal.core.dom.parser.cpp.GNUCPPSourceParser.ambiguousNameSpecifier(GNUCPPSourceParser.java:285)
	at org.eclipse.cdt.internal.core.dom.parser.cpp.GNUCPPSourceParser.nameSpecifier(GNUCPPSourceParser.java:277)
	at org.eclipse.cdt.internal.core.dom.parser.cpp.GNUCPPSourceParser.qualifiedName(GNUCPPSourceParser.java:410)
	at org.eclipse.cdt.internal.core.dom.parser.cpp.GNUCPPSourceParser.declSpecifierSeq(GNUCPPSourceParser.java:3335)
	at org.eclipse.cdt.internal.core.dom.parser.cpp.GNUCPPSourceParser.declSpecifierSeq(GNUCPPSourceParser.java:3062)
	at org.eclipse.cdt.internal.core.dom.parser.AbstractGNUSourceCodeParser.declSpecifierSequence_initDeclarator(AbstractGNUSourceCodeParser.java:1646)
	at org.eclipse.cdt.internal.core.dom.parser.cpp.GNUCPPSourceParser.typeId(GNUCPPSourceParser.java:4180)
	at org.eclipse.cdt.internal.core.dom.parser.cpp.GNUCPPSourceParser.templateArgument(GNUCPPSourceParser.java:757)
	at org.eclipse.cdt.internal.core.dom.parser.cpp.GNUCPPSourceParser.templateArgumentList(GNUCPPSourceParser.java:736)
	at org.eclipse.cdt.internal.core.dom.parser.cpp.GNUCPPSourceParser.addTemplateArguments(GNUCPPSourceParser.java:463)
	at org.eclipse.cdt.internal.core.dom.parser.cpp.GNUCPPSourceParser.nameSpecifier(GNUCPPSourceParser.java:381)
	at org.eclipse.cdt.internal.core.dom.parser.cpp.GNUCPPSourceParser.ambiguousNameSpecifier(GNUCPPSourceParser.java:285)
	at org.eclipse.cdt.internal.core.dom.parser.cpp.GNUCPPSourceParser.nameSpecifier(GNUCPPSourceParser.java:277)
	at org.eclipse.cdt.internal.core.dom.parser.cpp.GNUCPPSourceParser.qualifiedName(GNUCPPSourceParser.java:410)
	at org.eclipse.cdt.internal.core.dom.parser.cpp.GNUCPPSourceParser.declSpecifierSeq(GNUCPPSourceParser.java:3335)
	at org.eclipse.cdt.internal.core.dom.parser.cpp.GNUCPPSourceParser.declSpecifierSeq(GNUCPPSourceParser.java:3062)
	at org.eclipse.cdt.internal.core.dom.parser.AbstractGNUSourceCodeParser.declSpecifierSequence_initDeclarator(AbstractGNUSourceCodeParser.java:1646)
	at org.eclipse.cdt.internal.core.dom.parser.cpp.GNUCPPSourceParser.typeId(GNUCPPSourceParser.java:4180)
	at org.eclipse.cdt.internal.core.dom.parser.cpp.GNUCPPSourceParser.templateArgument(GNUCPPSourceParser.java:757)
	at org.eclipse.cdt.internal.core.dom.parser.cpp.GNUCPPSourceParser.templateArgumentList(GNUCPPSourceParser.java:736)
	at org.eclipse.cdt.internal.core.dom.parser.cpp.GNUCPPSourceParser.addTemplateArguments(GNUCPPSourceParser.java:463)
	at org.eclipse.cdt.internal.core.dom.parser.cpp.GNUCPPSourceParser.nameSpecifier(GNUCPPSourceParser.java:381)
	at org.eclipse.cdt.internal.core.dom.parser.cpp.GNUCPPSourceParser.ambiguousNameSpecifier(GNUCPPSourceParser.java:285)
	at org.eclipse.cdt.internal.core.dom.parser.cpp.GNUCPPSourceParser.nameSpecifier(GNUCPPSourceParser.java:277)
	at org.eclipse.cdt.internal.core.dom.parser.cpp.GNUCPPSourceParser.qualifiedName(GNUCPPSourceParser.java:410)
	at org.eclipse.cdt.internal.core.dom.parser.cpp.GNUCPPSourceParser.declSpecifierSeq(GNUCPPSourceParser.java:3335)
	at org.eclipse.cdt.internal.core.dom.parser.cpp.GNUCPPSourceParser.declSpecifierSeq(GNUCPPSourceParser.java:3062)
	at org.eclipse.cdt.internal.core.dom.parser.AbstractGNUSourceCodeParser.declSpecifierSequence_initDeclarator(AbstractGNUSourceCodeParser.java:1646)
	at org.eclipse.cdt.internal.core.dom.parser.cpp.GNUCPPSourceParser.typeId(GNUCPPSourceParser.java:4180)
	at org.eclipse.cdt.internal.core.dom.parser.cpp.GNUCPPSourceParser.templateArgument(GNUCPPSourceParser.java:757)
	at org.eclipse.cdt.internal.core.dom.parser.cpp.GNUCPPSourceParser.templateArgumentList(GNUCPPSourceParser.java:736)
	at org.eclipse.cdt.internal.core.dom.parser.cpp.GNUCPPSourceParser.addTemplateArguments(GNUCPPSourceParser.java:463)
	at org.eclipse.cdt.internal.core.dom.parser.cpp.GNUCPPSourceParser.nameSpecifier(GNUCPPSourceParser.java:381)
	at org.eclipse.cdt.internal.core.dom.parser.cpp.GNUCPPSourceParser.ambiguousNameSpecifier(GNUCPPSourceParser.java:285)
	at org.eclipse.cdt.internal.core.dom.parser.cpp.GNUCPPSourceParser.nameSpecifier(GNUCPPSourceParser.java:277)
	at org.eclipse.cdt.internal.core.dom.parser.cpp.GNUCPPSourceParser.qualifiedName(GNUCPPSourceParser.java:410)
	at org.eclipse.cdt.internal.core.dom.parser.cpp.GNUCPPSourceParser.declSpecifierSeq(GNUCPPSourceParser.java:3335)
	at org.eclipse.cdt.internal.core.dom.parser.cpp.GNUCPPSourceParser.declSpecifierSeq(GNUCPPSourceParser.java:3062)
	at org.eclipse.cdt.internal.core.dom.parser.AbstractGNUSourceCodeParser.declSpecifierSequence_initDeclarator(AbstractGNUSourceCodeParser.java:1646)
	at org.eclipse.cdt.internal.core.dom.parser.cpp.GNUCPPSourceParser.typeId(GNUCPPSourceParser.java:4180)
	at org.eclipse.cdt.internal.core.dom.parser.cpp.GNUCPPSourceParser.templateArgument(GNUCPPSourceParser.java:757)
	at org.eclipse.cdt.internal.core.dom.parser.cpp.GNUCPPSourceParser.templateArgumentList(GNUCPPSourceParser.java:736)
	at org.eclipse.cdt.internal.core.dom.parser.cpp.GNUCPPSourceParser.addTemplateArguments(GNUCPPSourceParser.java:463)
	at org.eclipse.cdt.internal.core.dom.parser.cpp.GNUCPPSourceParser.nameSpecifier(GNUCPPSourceParser.java:381)
	at org.eclipse.cdt.internal.core.dom.parser.cpp.GNUCPPSourceParser.ambiguousNameSpecifier(GNUCPPSourceParser.java:285)
	at org.eclipse.cdt.internal.core.dom.parser.cpp.GNUCPPSourceParser.nameSpecifier(GNUCPPSourceParser.java:277)
	at org.eclipse.cdt.internal.core.dom.parser.cpp.GNUCPPSourceParser.qualifiedName(GNUCPPSourceParser.java:410)
	at org.eclipse.cdt.internal.core.dom.parser.cpp.GNUCPPSourceParser.declSpecifierSeq(GNUCPPSourceParser.java:3335)
	at org.eclipse.cdt.internal.core.dom.parser.cpp.GNUCPPSourceParser.declSpecifierSeq(GNUCPPSourceParser.java:3062)
	at org.eclipse.cdt.internal.core.dom.parser.AbstractGNUSourceCodeParser.declSpecifierSequence_initDeclarator(AbstractGNUSourceCodeParser.java:1646)
	at org.eclipse.cdt.internal.core.dom.parser.cpp.GNUCPPSourceParser.typeId(GNUCPPSourceParser.java:4180)
	at org.eclipse.cdt.internal.core.dom.parser.cpp.GNUCPPSourceParser.templateArgument(GNUCPPSourceParser.java:757)
	at org.eclipse.cdt.internal.core.dom.parser.cpp.GNUCPPSourceParser.templateArgumentList(GNUCPPSourceParser.java:736)
	at org.eclipse.cdt.internal.core.dom.parser.cpp.GNUCPPSourceParser.addTemplateArguments(GNUCPPSourceParser.java:463)
	at org.eclipse.cdt.internal.core.dom.parser.cpp.GNUCPPSourceParser.nameSpecifier(GNUCPPSourceParser.java:381)
	at org.eclipse.cdt.internal.core.dom.parser.cpp.GNUCPPSourceParser.ambiguousNameSpecifier(GNUCPPSourceParser.java:285)
	at org.eclipse.cdt.internal.core.dom.parser.cpp.GNUCPPSourceParser.nameSpecifier(GNUCPPSourceParser.java:277)
	at org.eclipse.cdt.internal.core.dom.parser.cpp.GNUCPPSourceParser.qualifiedName(GNUCPPSourceParser.java:410)
	at org.eclipse.cdt.internal.core.dom.parser.cpp.GNUCPPSourceParser.declSpecifierSeq(GNUCPPSourceParser.java:3335)
	at org.eclipse.cdt.internal.core.dom.parser.cpp.GNUCPPSourceParser.declSpecifierSeq(GNUCPPSourceParser.java:3062)
	at org.eclipse.cdt.internal.core.dom.parser.AbstractGNUSourceCodeParser.declSpecifierSequence_initDeclarator(AbstractGNUSourceCodeParser.java:1646)
	at org.eclipse.cdt.internal.core.dom.parser.cpp.GNUCPPSourceParser.typeId(GNUCPPSourceParser.java:4180)
	at org.eclipse.cdt.internal.core.dom.parser.cpp.GNUCPPSourceParser.templateArgument(GNUCPPSourceParser.java:757)
	at org.eclipse.cdt.internal.core.dom.parser.cpp.GNUCPPSourceParser.templateArgumentList(GNUCPPSourceParser.java:736)
	at org.eclipse.cdt.internal.core.dom.parser.cpp.GNUCPPSourceParser.addTemplateArguments(GNUCPPSourceParser.java:463)
	at org.eclipse.cdt.internal.core.dom.parser.cpp.GNUCPPSourceParser.nameSpecifier(GNUCPPSourceParser.java:381)
</error>
  </testcase>
  <testcase name="testClosingAngleBracketsAmbiguity_261268" classname="org.eclipse.cdt.core.parser.tests.ast2.AST2TemplateTests" time="0.007"/>
  <testcase name="testExplicitArgumentsForParameterPack_404245" classname="org.eclipse.cdt.core.parser.tests.ast2.AST2TemplateTests" time="0.01"/>
  <testcase name="testParameterReferenceInChainInitializer_a" classname="org.eclipse.cdt.core.parser.tests.ast2.AST2TemplateTests" time="0.005"/>
  <testcase name="testParameterReferenceInChainInitializer_b" classname="org.eclipse.cdt.core.parser.tests.ast2.AST2TemplateTests" time="0.005"/>
  <testcase name="testDefaultArgForNonTypeTemplateParameter_363743" classname="org.eclipse.cdt.core.parser.tests.ast2.AST2TemplateTests" time="0.01"/>
  <testcase name="testFieldReference_257186" classname="org.eclipse.cdt.core.parser.tests.ast2.AST2TemplateTests" time="0.006"/>
  <testcase name="testDeductionOfNonTypeTemplateArg_372587" classname="org.eclipse.cdt.core.parser.tests.ast2.AST2TemplateTests" time="0.01"/>
  <testcase name="testTypeArgumentToNonTypeParameter" classname="org.eclipse.cdt.core.parser.tests.ast2.AST2TemplateTests" time="0.003"/>
  <testcase name="testTemplateAmbiguityInDeleteExpression_364225" classname="org.eclipse.cdt.core.parser.tests.ast2.AST2TemplateTests" time="0.009"/>
  <testcase name="testResolutionOfUnknownArrayAccess" classname="org.eclipse.cdt.core.parser.tests.ast2.AST2TemplateTests" time="0.004"/>
  <testcase name="testSfinaeInDefaultArgument" classname="org.eclipse.cdt.core.parser.tests.ast2.AST2TemplateTests" time="0.006"/>
  <testcase name="testBraceInitialization_490475a" classname="org.eclipse.cdt.core.parser.tests.ast2.AST2TemplateTests" time="0.008"/>
  <testcase name="testBraceInitialization_490475b" classname="org.eclipse.cdt.core.parser.tests.ast2.AST2TemplateTests" time="0.008"/>
  <testcase name="testDependentDecltypeInNameQualifier_415198" classname="org.eclipse.cdt.core.parser.tests.ast2.AST2TemplateTests" time="0.01"/>
  <testcase name="testDependentDecltypeInNameQualifier_429837" classname="org.eclipse.cdt.core.parser.tests.ast2.AST2TemplateTests" time="0.009"/>
  <testcase name="testFunctionTemplateWithLambdaArgument_443361" classname="org.eclipse.cdt.core.parser.tests.ast2.AST2TemplateTests" time="0.003"/>
  <testcase name="testSfinaeInIdExpression_459940" classname="org.eclipse.cdt.core.parser.tests.ast2.AST2TemplateTests" time="0.008"/>
  <testcase name="testAddressOfMethodTargeted_509396" classname="org.eclipse.cdt.core.parser.tests.ast2.AST2TemplateTests" time="0.006"/>
  <testcase name="testSpecializationSelection_509255a" classname="org.eclipse.cdt.core.parser.tests.ast2.AST2TemplateTests" time="0.003"/>
  <testcase name="testSpecializationSelection_509255b" classname="org.eclipse.cdt.core.parser.tests.ast2.AST2TemplateTests" time="0.003"/>
  <testcase name="testSpecializationSelection_509255c" classname="org.eclipse.cdt.core.parser.tests.ast2.AST2TemplateTests" time="0.014"/>
  <testcase name="testAddressOfMethodUntargeted_509396" classname="org.eclipse.cdt.core.parser.tests.ast2.AST2TemplateTests" time="0.007"/>
  <testcase name="test14_7_3_FunctionExplicitSpecialization" classname="org.eclipse.cdt.core.parser.tests.ast2.AST2TemplateTests" time="0.003"/>
  <testcase name="testSizeofParameterPack_527697" classname="org.eclipse.cdt.core.parser.tests.ast2.AST2TemplateTests" time="0.011"/>
  <testcase name="testNoexceptSpecifierInTypeTemplateArgument_511186" classname="org.eclipse.cdt.core.parser.tests.ast2.AST2TemplateTests" time="0.01"/>
  <testcase name="testOwnerOfFriendTemplate_265671" classname="org.eclipse.cdt.core.parser.tests.ast2.AST2TemplateTests" time="0.01"/>
  <testcase name="testAliasTemplate_395026a" classname="org.eclipse.cdt.core.parser.tests.ast2.AST2TemplateTests" time="0.008"/>
  <testcase name="testAliasTemplate_395026b" classname="org.eclipse.cdt.core.parser.tests.ast2.AST2TemplateTests" time="0.009"/>
  <testcase name="testDefaultTmplArgumentOfFunctionTemplate_333325" classname="org.eclipse.cdt.core.parser.tests.ast2.AST2TemplateTests" time="0.006"/>
  <testcase name="testOverloadResolutionBetweenMethodTemplateAndFunction" classname="org.eclipse.cdt.core.parser.tests.ast2.AST2TemplateTests" time="0.009"/>
  <testcase name="test14_5_5_2s5_OrderingFunctionTemplates_a" classname="org.eclipse.cdt.core.parser.tests.ast2.AST2TemplateTests" time="0.002"/>
  <testcase name="test14_5_5_2s5_OrderingFunctionTemplates_b" classname="org.eclipse.cdt.core.parser.tests.ast2.AST2TemplateTests" time="0.003"/>
  <testcase name="testTemplateTypedef_214447" classname="org.eclipse.cdt.core.parser.tests.ast2.AST2TemplateTests" time="0.005"/>
  <testcase name="testNestedSpecializations" classname="org.eclipse.cdt.core.parser.tests.ast2.AST2TemplateTests" time="0.003"/>
  <testcase name="testInheritedConstructor_489710" classname="org.eclipse.cdt.core.parser.tests.ast2.AST2TemplateTests" time="0.016"/>
  <testcase name="testVariadicTemplateExamples_280909a" classname="org.eclipse.cdt.core.parser.tests.ast2.AST2TemplateTests" time="0.005"/>
  <testcase name="testVariadicTemplateExamples_280909b" classname="org.eclipse.cdt.core.parser.tests.ast2.AST2TemplateTests" time="0.007"/>
  <testcase name="testVariadicTemplateExamples_280909c" classname="org.eclipse.cdt.core.parser.tests.ast2.AST2TemplateTests" time="0.005"/>
  <testcase name="testVariadicTemplateExamples_280909d" classname="org.eclipse.cdt.core.parser.tests.ast2.AST2TemplateTests" time="0.008"/>
  <testcase name="testVariadicTemplateExamples_280909e" classname="org.eclipse.cdt.core.parser.tests.ast2.AST2TemplateTests" time="0.006"/>
  <testcase name="testVariadicTemplateExamples_280909f" classname="org.eclipse.cdt.core.parser.tests.ast2.AST2TemplateTests" time="0.008"/>
  <testcase name="testVariadicTemplateExamples_280909g" classname="org.eclipse.cdt.core.parser.tests.ast2.AST2TemplateTests" time="0.007"/>
  <testcase name="testVariadicTemplateExamples_280909h" classname="org.eclipse.cdt.core.parser.tests.ast2.AST2TemplateTests" time="0.006"/>
  <testcase name="testVariadicTemplateExamples_280909i" classname="org.eclipse.cdt.core.parser.tests.ast2.AST2TemplateTests" time="0.007"/>
  <testcase name="testVariadicTemplateExamples_280909j" classname="org.eclipse.cdt.core.parser.tests.ast2.AST2TemplateTests" time="0.006"/>
  <testcase name="testVariadicTemplateExamples_280909k" classname="org.eclipse.cdt.core.parser.tests.ast2.AST2TemplateTests" time="0.004"/>
  <testcase name="testVariadicTemplateExamples_280909n" classname="org.eclipse.cdt.core.parser.tests.ast2.AST2TemplateTests" time="0.006"/>
  <testcase name="testVariadicTemplateExamples_280909p" classname="org.eclipse.cdt.core.parser.tests.ast2.AST2TemplateTests" time="0.005"/>
  <testcase name="testVariadicTemplateExamples_280909q" classname="org.eclipse.cdt.core.parser.tests.ast2.AST2TemplateTests" time="0.004"/>
  <testcase name="testVariadicTemplateExamples_280909r" classname="org.eclipse.cdt.core.parser.tests.ast2.AST2TemplateTests" time="0.004"/>
  <testcase name="testVariadicTemplateExamples_280909s" classname="org.eclipse.cdt.core.parser.tests.ast2.AST2TemplateTests" time="0.007"/>
  <testcase name="testSfinaeInNewExpression_430230a" classname="org.eclipse.cdt.core.parser.tests.ast2.AST2TemplateTests" time="0.009"/>
  <testcase name="testSfinaeInNewExpression_430230b" classname="org.eclipse.cdt.core.parser.tests.ast2.AST2TemplateTests" time="0.014"/>
  <testcase name="testTokenPasteShiftROperator_261268" classname="org.eclipse.cdt.core.parser.tests.ast2.AST2TemplateTests" time="0.006"/>
  <testcase name="testIsPOD_367993" classname="org.eclipse.cdt.core.parser.tests.ast2.AST2TemplateTests" time="0.009"/>
  <testcase name="testDependentNameReferencingLaterDeclaration_265926a" classname="org.eclipse.cdt.core.parser.tests.ast2.AST2TemplateTests" time="0.011"/>
  <testcase name="testDependentNameReferencingLaterDeclaration_265926b" classname="org.eclipse.cdt.core.parser.tests.ast2.AST2TemplateTests" time="0.006"/>
  <testcase name="testFriendClassTemplate_266992" classname="org.eclipse.cdt.core.parser.tests.ast2.AST2TemplateTests" time="0.006"/>
  <testcase name="testDependentBaseLookup_408314a" classname="org.eclipse.cdt.core.parser.tests.ast2.AST2TemplateTests" time="0.004"/>
  <testcase name="testDependentBaseLookup_408314b" classname="org.eclipse.cdt.core.parser.tests.ast2.AST2TemplateTests" time="0.005"/>
  <testcase name="testDependentBaseLookup_408314c" classname="org.eclipse.cdt.core.parser.tests.ast2.AST2TemplateTests" time="0.005"/>
  <testcase name="testSimpleFunctionReferenceTemplateAliasDeclaration" classname="org.eclipse.cdt.core.parser.tests.ast2.AST2TemplateTests" time="0.021"/>
  <testcase name="testAmbiguityResolutionInNestedClassMethodBody_485388" classname="org.eclipse.cdt.core.parser.tests.ast2.AST2TemplateTests" time="0.015"/>
  <testcase name="testDeferredFunctionTemplates" classname="org.eclipse.cdt.core.parser.tests.ast2.AST2TemplateTests" time="0.003"/>
  <testcase name="testSimpleFunctionAliasDeclaration" classname="org.eclipse.cdt.core.parser.tests.ast2.AST2TemplateTests" time="0.016"/>
  <testcase name="testArgumentDeductionFromReturnTypeOfExplicitSpecialization_355304" classname="org.eclipse.cdt.core.parser.tests.ast2.AST2TemplateTests" time="0.015"/>
  <testcase name="testStaticConstexprFunctionWithDependentBody_521274a" classname="org.eclipse.cdt.core.parser.tests.ast2.AST2TemplateTests" time="0.012"/>
  <testcase name="testStaticConstexprFunctionWithDependentBody_521274b" classname="org.eclipse.cdt.core.parser.tests.ast2.AST2TemplateTests" time="0.012"/>
  <testcase name="testTypeVsExpressionInArgsOfDependentTemplateID_257194" classname="org.eclipse.cdt.core.parser.tests.ast2.AST2TemplateTests" time="0.008"/>
  <testcase name="testFunctionSpecializationAsFriend" classname="org.eclipse.cdt.core.parser.tests.ast2.AST2TemplateTests" time="0.006"/>
  <testcase name="testClassSpecializationInEnumerator_457511" classname="org.eclipse.cdt.core.parser.tests.ast2.AST2TemplateTests" time="0.015"/>
  <testcase name="testTemplatedAliasRedefinitionOfSameFunction" classname="org.eclipse.cdt.core.parser.tests.ast2.AST2TemplateTests" time="0.009"/>
  <testcase name="test14_8_1s2_FunctionTemplates" classname="org.eclipse.cdt.core.parser.tests.ast2.AST2TemplateTests" time="0.003"/>
  <testcase name="testBasicTemplateFunction" classname="org.eclipse.cdt.core.parser.tests.ast2.AST2TemplateTests" time="0.003"/>
  <testcase name="testExpressionArgumentIsExpression_229942" classname="org.eclipse.cdt.core.parser.tests.ast2.AST2TemplateTests" time="0.004"/>
  <testcase name="testConstexprFunctionCallWithNonConstexprArguments_429891" classname="org.eclipse.cdt.core.parser.tests.ast2.AST2TemplateTests" time="0.012"/>
  <testcase name="testBug103578" classname="org.eclipse.cdt.core.parser.tests.ast2.AST2TemplateTests" time="0.004"/>
  <testcase name="testBug103715" classname="org.eclipse.cdt.core.parser.tests.ast2.AST2TemplateTests" time="0.004"/>
  <testcase name="testBug105769" classname="org.eclipse.cdt.core.parser.tests.ast2.AST2TemplateTests" time="0.005"/>
  <testcase name="testBug105852" classname="org.eclipse.cdt.core.parser.tests.ast2.AST2TemplateTests" time="0.005"/>
  <testcase name="testFunctionTemplateOrdering_409094a" classname="org.eclipse.cdt.core.parser.tests.ast2.AST2TemplateTests" time="0.007"/>
  <testcase name="testFunctionTemplateOrdering_409094b" classname="org.eclipse.cdt.core.parser.tests.ast2.AST2TemplateTests" time="0.011"/>
  <testcase name="testBug162230" classname="org.eclipse.cdt.core.parser.tests.ast2.AST2TemplateTests" time="0.006"/>
  <testcase name="testBug169628" classname="org.eclipse.cdt.core.parser.tests.ast2.AST2TemplateTests" time="0.004"/>
  <testcase name="testBug177418" classname="org.eclipse.cdt.core.parser.tests.ast2.AST2TemplateTests" time="0.007"/>
  <testcase name="testNestedTemplateDefinitionParameter" classname="org.eclipse.cdt.core.parser.tests.ast2.AST2TemplateTests" time="0.006"/>
  <testcase name="testBug201204" classname="org.eclipse.cdt.core.parser.tests.ast2.AST2TemplateTests" time="0.009"/>
  <testcase name="testBug207871" classname="org.eclipse.cdt.core.parser.tests.ast2.AST2TemplateTests" time="0.008"/>
  <testcase name="testBug214646" classname="org.eclipse.cdt.core.parser.tests.ast2.AST2TemplateTests" time="0.007"/>
  <testcase name="testBug232086" classname="org.eclipse.cdt.core.parser.tests.ast2.AST2TemplateTests" time="0.005"/>
  <testcase name="testBug233889" classname="org.eclipse.cdt.core.parser.tests.ast2.AST2TemplateTests" time="0.008"/>
  <testcase name="testMethodTemplate_497535a" classname="org.eclipse.cdt.core.parser.tests.ast2.AST2TemplateTests" time="0.007"/>
  <testcase name="testMethodTemplate_497535b" classname="org.eclipse.cdt.core.parser.tests.ast2.AST2TemplateTests" time="0.006"/>
  <testcase name="testSFINAEInDecltype_516291a" classname="org.eclipse.cdt.core.parser.tests.ast2.AST2TemplateTests" time="0.012"/>
  <testcase name="testSFINAEInDecltype_516291b" classname="org.eclipse.cdt.core.parser.tests.ast2.AST2TemplateTests" time="0.011"/>
  <testcase name="testBug311164" classname="org.eclipse.cdt.core.parser.tests.ast2.AST2TemplateTests" time="0.008"/>
  <testcase name="testBug316704" classname="org.eclipse.cdt.core.parser.tests.ast2.AST2TemplateTests" time="0.042"/>
  <testcase name="testBug377838" classname="org.eclipse.cdt.core.parser.tests.ast2.AST2TemplateTests" time="0.006"/>
  <testcase name="testChainInitializerLookupThroughDeferredClassBase" classname="org.eclipse.cdt.core.parser.tests.ast2.AST2TemplateTests" time="0.006"/>
  <testcase name="testExplicitSpecializations_296427" classname="org.eclipse.cdt.core.parser.tests.ast2.AST2TemplateTests" time="0.007"/>
  <testcase name="testVariadicFunctionTemplate_333389" classname="org.eclipse.cdt.core.parser.tests.ast2.AST2TemplateTests" time="0.007"/>
  <testcase name="testArgumentDependentLookupForEnumeration_506170" classname="org.eclipse.cdt.core.parser.tests.ast2.AST2TemplateTests" time="0.011"/>
  <testcase name="testDestructorCallViaAliasedTemplateName_511658" classname="org.eclipse.cdt.core.parser.tests.ast2.AST2TemplateTests" time="0.01"/>
  <testcase name="testInstantiationOfEvalIdWithFieldOwner_511108" classname="org.eclipse.cdt.core.parser.tests.ast2.AST2TemplateTests" time="0.014"/>
  <testcase name="testTemplateIDAmbiguity_341747a" classname="org.eclipse.cdt.core.parser.tests.ast2.AST2TemplateTests" time="0.008"/>
  <testcase name="testTemplateIDAmbiguity_341747b" classname="org.eclipse.cdt.core.parser.tests.ast2.AST2TemplateTests" time="0.008"/>
  <testcase name="testTemplateIDAmbiguity_341747c" classname="org.eclipse.cdt.core.parser.tests.ast2.AST2TemplateTests" time="0.007"/>
  <testcase name="testTemplateIDAmbiguity_341747d" classname="org.eclipse.cdt.core.parser.tests.ast2.AST2TemplateTests" time="0.008"/>
  <testcase name="testTypeOfUnknownReferences_257194a" classname="org.eclipse.cdt.core.parser.tests.ast2.AST2TemplateTests" time="0.008"/>
  <testcase name="testTypeOfUnknownReferences_257194b" classname="org.eclipse.cdt.core.parser.tests.ast2.AST2TemplateTests" time="0.007"/>
  <testcase name="testTypeOfUnknownMember_447728" classname="org.eclipse.cdt.core.parser.tests.ast2.AST2TemplateTests" time="0.01"/>
  <testcase name="testDependentIdExprNamingStaticMember_508254" classname="org.eclipse.cdt.core.parser.tests.ast2.AST2TemplateTests" time="0.007"/>
  <testcase name="testNestedArguments_246079" classname="org.eclipse.cdt.core.parser.tests.ast2.AST2TemplateTests" time="0.021"/>
  <testcase name="testAliasTemplate_416280_1" classname="org.eclipse.cdt.core.parser.tests.ast2.AST2TemplateTests" time="0.015"/>
  <testcase name="testAliasTemplate_416280_2" classname="org.eclipse.cdt.core.parser.tests.ast2.AST2TemplateTests" time="0.009"/>
  <testcase name="testFunctionWithVoidParamInTypeDeduction_423127" classname="org.eclipse.cdt.core.parser.tests.ast2.AST2TemplateTests" time="0.007"/>
  <testcase name="testResolutionOfNonDependentNames_293052" classname="org.eclipse.cdt.core.parser.tests.ast2.AST2TemplateTests" time="0.015"/>
  <testcase name="testDistinctDeferredInstances_264367" classname="org.eclipse.cdt.core.parser.tests.ast2.AST2TemplateTests" time="0.008"/>
  <testcase name="testBug99254a" classname="org.eclipse.cdt.core.parser.tests.ast2.AST2TemplateTests" time="0.004"/>
  <testcase name="testBug99254b" classname="org.eclipse.cdt.core.parser.tests.ast2.AST2TemplateTests" time="0.009"/>
  <testcase name="testBug99254c" classname="org.eclipse.cdt.core.parser.tests.ast2.AST2TemplateTests" time="0.005"/>
  <testcase name="testNonTypeArgumentDisambiguation_233460" classname="org.eclipse.cdt.core.parser.tests.ast2.AST2TemplateTests" time="0.007"/>
  <testcase name="testTemplatedAliasForTemplateReference" classname="org.eclipse.cdt.core.parser.tests.ast2.AST2TemplateTests" time="0.018"/>
  <testcase name="testClosingAngleBrackets1_261268" classname="org.eclipse.cdt.core.parser.tests.ast2.AST2TemplateTests" time="0.009"/>
  <testcase name="testUserDefinedConversions_224364" classname="org.eclipse.cdt.core.parser.tests.ast2.AST2TemplateTests" time="0.006"/>
  <testcase name="testUserDefinedConversions_226231" classname="org.eclipse.cdt.core.parser.tests.ast2.AST2TemplateTests" time="0.006"/>
  <testcase name="testTemplatedAliasWithPointerToMember_448785" classname="org.eclipse.cdt.core.parser.tests.ast2.AST2TemplateTests" time="0.009"/>
  <testcase name="testUserDefinedConversions_239023" classname="org.eclipse.cdt.core.parser.tests.ast2.AST2TemplateTests" time="0.005"/>
  <testcase name="testBasicClassTemplate" classname="org.eclipse.cdt.core.parser.tests.ast2.AST2TemplateTests" time="0.001"/>
  <testcase name="testUsingTemplParamInInitializerOfStaticField" classname="org.eclipse.cdt.core.parser.tests.ast2.AST2TemplateTests" time="0.005"/>
  <testcase name="testMissingTemplateArgumentLists" classname="org.eclipse.cdt.core.parser.tests.ast2.AST2TemplateTests" time="0.005"/>
  <testcase name="testVariadicTemplatesAndFunctionObjects_401479" classname="org.eclipse.cdt.core.parser.tests.ast2.AST2TemplateTests" time="0.01"/>
  <testcase name="testInstantiationOfConstMemberAccess_409107" classname="org.eclipse.cdt.core.parser.tests.ast2.AST2TemplateTests" time="0.01"/>
  <testcase name="testInstantiationOfTypedef_412555" classname="org.eclipse.cdt.core.parser.tests.ast2.AST2TemplateTests" time="0.012"/>
  <testcase name="testSpecializationOfBaseClass_409078" classname="org.eclipse.cdt.core.parser.tests.ast2.AST2TemplateTests" time="0.008"/>
  <testcase name="testSfinaeInNewExpressionWithDeletedConstructor_430230" classname="org.eclipse.cdt.core.parser.tests.ast2.AST2TemplateTests" time="0.009"/>
  <testcase name="testVariadicTemplateWithNoArguments_422700" classname="org.eclipse.cdt.core.parser.tests.ast2.AST2TemplateTests" time="0.006"/>
  <testcase name="testNPE_395074" classname="org.eclipse.cdt.core.parser.tests.ast2.AST2TemplateTests" time="0.01"/>
  <testcase name="testNPE_401140" classname="org.eclipse.cdt.core.parser.tests.ast2.AST2TemplateTests" time="0.011"/>
  <testcase name="test14_7_2s2_ExplicitInstantiation" classname="org.eclipse.cdt.core.parser.tests.ast2.AST2TemplateTests" time="0.004"/>
  <testcase name="testOwnerOfFriendTemplateFunction_408181" classname="org.eclipse.cdt.core.parser.tests.ast2.AST2TemplateTests" time="0.007"/>
  <testcase name="testNestedTypeSpecializations" classname="org.eclipse.cdt.core.parser.tests.ast2.AST2TemplateTests" time="0.002"/>
  <testcase name="testVariadicNonTypeTemplateParameter_382074" classname="org.eclipse.cdt.core.parser.tests.ast2.AST2TemplateTests" time="0.01"/>
  <testcase name="testVariadicNonTypeTemplateParameter_399039" classname="org.eclipse.cdt.core.parser.tests.ast2.AST2TemplateTests" time="0.01"/>
  <testcase name="testFunctionTemplateWithFunctionPointer_281783" classname="org.eclipse.cdt.core.parser.tests.ast2.AST2TemplateTests" time="0.005"/>
  <testcase name="testPseudoRecursiveTypedef_408314" classname="org.eclipse.cdt.core.parser.tests.ast2.AST2TemplateTests" time="0.01"/>
  <testcase name="testVariadicNonTypeTemplateParameter_401142" classname="org.eclipse.cdt.core.parser.tests.ast2.AST2TemplateTests" time="0.012"/>
  <testcase name="testVariadicNonTypeTemplateParameter_401400" classname="org.eclipse.cdt.core.parser.tests.ast2.AST2TemplateTests" time="0.01"/>
  <testcase name="testExtendingVariadicTemplateTemplateParameters_302282" classname="org.eclipse.cdt.core.parser.tests.ast2.AST2TemplateTests" time="0.009"/>
  <testcase name="testDependentMemberAccess_516290" classname="org.eclipse.cdt.core.parser.tests.ast2.AST2TemplateTests" time="0.011"/>
  <testcase name="testQualifiedMethodTemplate" classname="org.eclipse.cdt.core.parser.tests.ast2.AST2TemplateTests" time="0.007"/>
  <testcase name="testTemplateMemberAccessibility" classname="org.eclipse.cdt.core.parser.tests.ast2.AST2TemplateTests" time="0.012"/>
  <testcase name="testVariadicConstructor_395247" classname="org.eclipse.cdt.core.parser.tests.ast2.AST2TemplateTests" time="0.008"/>
  <testcase name="testDeductionForConstFunctionType_367562" classname="org.eclipse.cdt.core.parser.tests.ast2.AST2TemplateTests" time="0.008"/>
  <testcase name="testUsingTemplateTemplateParameter_279619" classname="org.eclipse.cdt.core.parser.tests.ast2.AST2TemplateTests" time="0.006"/>
  <testcase name="testNameLookupInDependentExpression_399829a" classname="org.eclipse.cdt.core.parser.tests.ast2.AST2TemplateTests" time="0.009"/>
  <testcase name="testNameLookupInDependentExpression_399829b" classname="org.eclipse.cdt.core.parser.tests.ast2.AST2TemplateTests" time="0.011"/>
  <testcase name="testConversionSequence_263159" classname="org.eclipse.cdt.core.parser.tests.ast2.AST2TemplateTests" time="0.006"/>
  <testcase name="testNewOfThisTemplate" classname="org.eclipse.cdt.core.parser.tests.ast2.AST2TemplateTests" time="0.004"/>
  <testcase name="testAmbiguityResolutionOrder_462348a" classname="org.eclipse.cdt.core.parser.tests.ast2.AST2TemplateTests" time="0.007"/>
  <testcase name="testAmbiguityResolutionOrder_462348b" classname="org.eclipse.cdt.core.parser.tests.ast2.AST2TemplateTests" time="0.007"/>
  <testcase name="testMemberReferenceFromTemplatedMethodDefinition_238232" classname="org.eclipse.cdt.core.parser.tests.ast2.AST2TemplateTests" time="0.003"/>
  <testcase name="testDependentExpressionInvolvingFieldInNestedClass_399362" classname="org.eclipse.cdt.core.parser.tests.ast2.AST2TemplateTests" time="0.009"/>
  <testcase name="testLambda_430428" classname="org.eclipse.cdt.core.parser.tests.ast2.AST2TemplateTests" time="0.005"/>
  <testcase name="test14_5_4_1s2_MatchingTemplateSpecializations" classname="org.eclipse.cdt.core.parser.tests.ast2.AST2TemplateTests" time="0.006"/>
  <testcase name="test14_8s2" classname="org.eclipse.cdt.core.parser.tests.ast2.AST2TemplateTests" time="0.002"/>
  <testcase name="testInstances" classname="org.eclipse.cdt.core.parser.tests.ast2.AST2TemplateTests" time="0.002"/>
  <testcase name="testTemplateParameterQualifiedType" classname="org.eclipse.cdt.core.parser.tests.ast2.AST2TemplateTests" time="0.003"/>
  <testcase name="testSFINAEInAliasTemplateArgs_516338" classname="org.eclipse.cdt.core.parser.tests.ast2.AST2TemplateTests" time="0.01"/>
  <testcase name="testDeferredInstances" classname="org.eclipse.cdt.core.parser.tests.ast2.AST2TemplateTests" time="0.002"/>
  <testcase name="testTemplateParameterWithoutName_352266" classname="org.eclipse.cdt.core.parser.tests.ast2.AST2TemplateTests" time="0.006"/>
  <testcase name="testSfinaeInConstructorCall_430230" classname="org.eclipse.cdt.core.parser.tests.ast2.AST2TemplateTests" time="0.006"/>
  <testcase name="testResolutionOfUnknownFunctions" classname="org.eclipse.cdt.core.parser.tests.ast2.AST2TemplateTests" time="0.004"/>
  <testcase name="testParameterPackExpansions_280909" classname="org.eclipse.cdt.core.parser.tests.ast2.AST2TemplateTests" time="0.01"/>
  <testcase name="testTemplateTemplateParameterMatching_352859" classname="org.eclipse.cdt.core.parser.tests.ast2.AST2TemplateTests" time="0.014"/>
  <testcase name="testDefaultArgsWithPartialSpecialization" classname="org.eclipse.cdt.core.parser.tests.ast2.AST2TemplateTests" time="0.005"/>
  <testcase name="test14_7_3s14" classname="org.eclipse.cdt.core.parser.tests.ast2.AST2TemplateTests" time="0.003"/>
  <testcase name="test14_7_3s16" classname="org.eclipse.cdt.core.parser.tests.ast2.AST2TemplateTests" time="0.005"/>
  <testcase name="testSpecifiedTemplateAliasDeclaration" classname="org.eclipse.cdt.core.parser.tests.ast2.AST2TemplateTests" time="0.017"/>
  <testcase name="test14_5_5_2s6_FunctionTemplates" classname="org.eclipse.cdt.core.parser.tests.ast2.AST2TemplateTests" time="0.003"/>
  <testcase name="testCPPConstructorTemplateSpecialization" classname="org.eclipse.cdt.core.parser.tests.ast2.AST2TemplateTests" time="0.006"/>
  <testcase name="testTypeTraitWithQualifier_511143" classname="org.eclipse.cdt.core.parser.tests.ast2.AST2TemplateTests" time="0.006"/>
  <testcase name="testParameterPack_485806" classname="org.eclipse.cdt.core.parser.tests.ast2.AST2TemplateTests" time="0.012"/>
  <testcase name="testMethodSpecialization_322988" classname="org.eclipse.cdt.core.parser.tests.ast2.AST2TemplateTests" time="0.006"/>
  <testcase name="testRebindPattern_236197" classname="org.eclipse.cdt.core.parser.tests.ast2.AST2TemplateTests" time="0.006"/>
  <testcase name="testNestedTypedefSpecialization_329795" classname="org.eclipse.cdt.core.parser.tests.ast2.AST2TemplateTests" time="0.01"/>
  <testcase name="testDefaultArgument_289132" classname="org.eclipse.cdt.core.parser.tests.ast2.AST2TemplateTests" time="0.007"/>
  <testcase name="testOverloadedFunctionTemplate_407579" classname="org.eclipse.cdt.core.parser.tests.ast2.AST2TemplateTests" time="0.009"/>
  <testcase name="testStackOverflow_a" classname="org.eclipse.cdt.core.parser.tests.ast2.AST2TemplateTests" time="0.002"/>
  <testcase name="testStackOverflow_b" classname="org.eclipse.cdt.core.parser.tests.ast2.AST2TemplateTests" time="0.003"/>
  <testcase name="testPartialSpecializationForVarargFunctionType_402807" classname="org.eclipse.cdt.core.parser.tests.ast2.AST2TemplateTests" time="0.009"/>
  <testcase name="testTemplateTemplateParameter" classname="org.eclipse.cdt.core.parser.tests.ast2.AST2TemplateTests" time="0.005"/>
  <testcase name="testTemplateParameterPacks_280909" classname="org.eclipse.cdt.core.parser.tests.ast2.AST2TemplateTests" time="0.007"/>
  <testcase name="testDeferredNonTypeArgument" classname="org.eclipse.cdt.core.parser.tests.ast2.AST2TemplateTests" time="0.007"/>
  <testcase name="testFunctionTemplate_245049a" classname="org.eclipse.cdt.core.parser.tests.ast2.AST2TemplateTests" time="0.004"/>
  <testcase name="testFunctionTemplate_245049b" classname="org.eclipse.cdt.core.parser.tests.ast2.AST2TemplateTests" time="0.005"/>
  <testcase name="testMemberOfUnknownMemberClass_519819" classname="org.eclipse.cdt.core.parser.tests.ast2.AST2TemplateTests" time="0.013"/>
  <testcase name="test14_5_4s7_UsingClassTemplate" classname="org.eclipse.cdt.core.parser.tests.ast2.AST2TemplateTests" time="0.004"/>
  <testcase name="testFunctionOrdering_299608" classname="org.eclipse.cdt.core.parser.tests.ast2.AST2TemplateTests" time="0.009"/>
  <testcase name="testAmbiguityResolution_469788" classname="org.eclipse.cdt.core.parser.tests.ast2.AST2TemplateTests" time="0.016"/>
  <testcase name="testDependentPackExpansionInFunctionType_526684" classname="org.eclipse.cdt.core.parser.tests.ast2.AST2TemplateTests" time="0.008"/>
  <testcase name="testDefinitionOfClassTemplateWithNonTypeParameter" classname="org.eclipse.cdt.core.parser.tests.ast2.AST2TemplateTests" time="0.004"/>
  <testcase name="testDelegatingConstructorInPartialSpecialization_512932" classname="org.eclipse.cdt.core.parser.tests.ast2.AST2TemplateTests" time="0.011"/>
  <testcase name="testAmbiguityResolution_515453" classname="org.eclipse.cdt.core.parser.tests.ast2.AST2TemplateTests" time="0.011"/>
  <testcase name="testNonTypeBooleanArgumentDisambiguation" classname="org.eclipse.cdt.core.parser.tests.ast2.AST2TemplateTests" time="0.005"/>
  <testcase name="testFunctionTemplate_272848a" classname="org.eclipse.cdt.core.parser.tests.ast2.AST2TemplateTests" time="0.004"/>
  <testcase name="testFunctionTemplate_272848b" classname="org.eclipse.cdt.core.parser.tests.ast2.AST2TemplateTests" time="0.003"/>
  <testcase name="testTemplateMemberDef" classname="org.eclipse.cdt.core.parser.tests.ast2.AST2TemplateTests" time="0.001"/>
  <testcase name="testClassTemplateSpecializationPartialOrdering_398044a" classname="org.eclipse.cdt.core.parser.tests.ast2.AST2TemplateTests" time="0.011"/>
  <testcase name="testClassTemplateSpecializationPartialOrdering_398044b" classname="org.eclipse.cdt.core.parser.tests.ast2.AST2TemplateTests" time="0.008"/>
  <testcase name="testDependentTypeBindingToAuto_408470" classname="org.eclipse.cdt.core.parser.tests.ast2.AST2TemplateTests" time="0.012"/>
  <testcase name="testNonTypeTemplateParameterPack_280909" classname="org.eclipse.cdt.core.parser.tests.ast2.AST2TemplateTests" time="0.006"/>
  <testcase name="testConstexprMethod_489987" classname="org.eclipse.cdt.core.parser.tests.ast2.AST2TemplateTests" time="0.008"/>
  <testcase name="testPartialSpecializationForRefQualifiedFunctionType_485888" classname="org.eclipse.cdt.core.parser.tests.ast2.AST2TemplateTests" time="0.007"/>
  <testcase name="testNestedTemplates_259872a" classname="org.eclipse.cdt.core.parser.tests.ast2.AST2TemplateTests" time="0.006"/>
  <testcase name="testNestedTemplates_259872b" classname="org.eclipse.cdt.core.parser.tests.ast2.AST2TemplateTests" time="0.007"/>
  <testcase name="testAliasDeclarationContext" classname="org.eclipse.cdt.core.parser.tests.ast2.AST2TemplateTests" time="0.016"/>
  <testcase name="test14_7_3s5_SpecializationMemberDefinition" classname="org.eclipse.cdt.core.parser.tests.ast2.AST2TemplateTests" time="0.003"/>
  <testcase name="testCtorWithTemplateID_259600" classname="org.eclipse.cdt.core.parser.tests.ast2.AST2TemplateTests" time="0.009"/>
  <testcase name="testDependentFunctionSet_485985" classname="org.eclipse.cdt.core.parser.tests.ast2.AST2TemplateTests" time="0.011"/>
  <testcase name="testTemplateConversionOperator_271948a" classname="org.eclipse.cdt.core.parser.tests.ast2.AST2TemplateTests" time="0.006"/>
  <testcase name="testTemplateConversionOperator_271948b" classname="org.eclipse.cdt.core.parser.tests.ast2.AST2TemplateTests" time="0.007"/>
  <testcase name="testFunctionParameterPacksInNonFinalPosition_324096" classname="org.eclipse.cdt.core.parser.tests.ast2.AST2TemplateTests" time="0.005"/>
  <testcase name="testOutOfLineMethodOfPartialSpecialization_401152" classname="org.eclipse.cdt.core.parser.tests.ast2.AST2TemplateTests" time="0.01"/>
  <testcase name="testDeferredInstantiation" classname="org.eclipse.cdt.core.parser.tests.ast2.AST2TemplateTests" time="0.003"/>
  <testcase name="testArgumentDeduction_293409" classname="org.eclipse.cdt.core.parser.tests.ast2.AST2TemplateTests" time="0.01"/>
  <testcase name="testAliasDeclarationNestingLevel" classname="org.eclipse.cdt.core.parser.tests.ast2.AST2TemplateTests" time="0.008"/>
  <testcase name="testInstantiationOfEndlInTemplate_417700" classname="org.eclipse.cdt.core.parser.tests.ast2.AST2TemplateTests" time="0.008"/>
  <testcase name="testDefaultTemplateArgsForFunctionTemplates_294730" classname="org.eclipse.cdt.core.parser.tests.ast2.AST2TemplateTests" time="0.008"/>
  <testcase name="testMemberAccessInPackExpansion_442213" classname="org.eclipse.cdt.core.parser.tests.ast2.AST2TemplateTests" time="0.009"/>
  <testcase name="testBug90689_ExplicitInstantiation" classname="org.eclipse.cdt.core.parser.tests.ast2.AST2TemplateTests" time="0.003"/>
  <testcase name="testTemplatedAliasAsTemplateArgument" classname="org.eclipse.cdt.core.parser.tests.ast2.AST2TemplateTests" time="0.017"/>
  <testcase name="test14_8_3s6_FunctionTemplates" classname="org.eclipse.cdt.core.parser.tests.ast2.AST2TemplateTests" time="0.002"/>
  <testcase name="testTemplateParameters" classname="org.eclipse.cdt.core.parser.tests.ast2.AST2TemplateTests" time="0.002"/>
  <testcase name="testVariadicTemplatesNPE_401743" classname="org.eclipse.cdt.core.parser.tests.ast2.AST2TemplateTests" time="0.015"/>
  <testcase name="testNameLookupInDefaultTemplateArgument_399145" classname="org.eclipse.cdt.core.parser.tests.ast2.AST2TemplateTests" time="0.011"/>
  <testcase name="testDependentDestructorName_511122" classname="org.eclipse.cdt.core.parser.tests.ast2.AST2TemplateTests" time="0.011"/>
  <testcase name="testNestedAliasDeclarationNestingLevel" classname="org.eclipse.cdt.core.parser.tests.ast2.AST2TemplateTests" time="0.009"/>
  <testcase name="test14_6_1s1_LocalNames" classname="org.eclipse.cdt.core.parser.tests.ast2.AST2TemplateTests" time="0.002"/>
  <testcase name="testSfinaeWhenResolvingAddressOfFunction_429928" classname="org.eclipse.cdt.core.parser.tests.ast2.AST2TemplateTests" time="0.009"/>
  <testcase name="testStrayFriends_419301" classname="org.eclipse.cdt.core.parser.tests.ast2.AST2TemplateTests" time="0.012"/>
  <testcase name="testTemplatedAliasDeclarationMultipleParameters" classname="org.eclipse.cdt.core.parser.tests.ast2.AST2TemplateTests" time="0.017"/>
  <testcase name="testNestedClassTypeSpecializations" classname="org.eclipse.cdt.core.parser.tests.ast2.AST2TemplateTests" time="0.003"/>
  <testcase name="testPointerToMemberAsDependentExpression_391001" classname="org.eclipse.cdt.core.parser.tests.ast2.AST2TemplateTests" time="0.01"/>
  <testcase name="testRelaxationForTemplateInheritance" classname="org.eclipse.cdt.core.parser.tests.ast2.AST2TemplateTests" time="0.004"/>
  <testcase name="testDisambiguationInNoexceptSpecifier_467332" classname="org.eclipse.cdt.core.parser.tests.ast2.AST2TemplateTests" time="0.008"/>
  <testcase name="testTypedefPreservation_380498a" classname="org.eclipse.cdt.core.parser.tests.ast2.AST2TemplateTests" time="0.007"/>
  <testcase name="testTypedefPreservation_380498b" classname="org.eclipse.cdt.core.parser.tests.ast2.AST2TemplateTests" time="0.007"/>
  <testcase name="testTypedefPreservation_380498c" classname="org.eclipse.cdt.core.parser.tests.ast2.AST2TemplateTests" time="0.009"/>
  <testcase name="testEnumeratorInTemplateInstance_265070" classname="org.eclipse.cdt.core.parser.tests.ast2.AST2TemplateTests" time="0.005"/>
  <testcase name="testAddressOfMethodForInstantiation_344310" classname="org.eclipse.cdt.core.parser.tests.ast2.AST2TemplateTests" time="0.009"/>
  <testcase name="testBasicClassPartialSpecialization" classname="org.eclipse.cdt.core.parser.tests.ast2.AST2TemplateTests" time="0.001"/>
  <testcase name="testSizeofParameterPackOnTypeid_401973" classname="org.eclipse.cdt.core.parser.tests.ast2.AST2TemplateTests" time="0.01"/>
  <testcase name="testSyntaxErrorInReturnTypeOfFunctionInstance_336426" classname="org.eclipse.cdt.core.parser.tests.ast2.AST2TemplateTests" time="0.009"/>
  <testcase name="testExplicitSpecializationOfForbiddenAsImplicit_356818" classname="org.eclipse.cdt.core.parser.tests.ast2.AST2TemplateTests" time="0.008"/>
  <testcase name="testTypedefReference_259871" classname="org.eclipse.cdt.core.parser.tests.ast2.AST2TemplateTests" time="0.006"/>
  <testcase name="testBug238180_ClassCast" classname="org.eclipse.cdt.core.parser.tests.ast2.AST2TemplateTests" time="0.006"/>
  <testcase name="testResolvingAutoTypeWithDependentExpression_367472" classname="org.eclipse.cdt.core.parser.tests.ast2.AST2TemplateTests" time="0.007"/>
  <testcase name="testFunctionSetWithNonMatchingTemplateArgs_379604" classname="org.eclipse.cdt.core.parser.tests.ast2.AST2TemplateTests" time="0.009"/>
  <testcase name="testParameterPackInNestedTemplate_441028" classname="org.eclipse.cdt.core.parser.tests.ast2.AST2TemplateTests" time="0.015"/>
  <testcase name="testDependentExpressions_395243a" classname="org.eclipse.cdt.core.parser.tests.ast2.AST2TemplateTests" time="0.012"/>
  <testcase name="testDependentExpressions_395243b" classname="org.eclipse.cdt.core.parser.tests.ast2.AST2TemplateTests" time="0.012"/>
  <testcase name="testDependentExpressions_395243c" classname="org.eclipse.cdt.core.parser.tests.ast2.AST2TemplateTests" time="0.014"/>
  <testcase name="testDependentExpressions_395243d" classname="org.eclipse.cdt.core.parser.tests.ast2.AST2TemplateTests" time="0.009"/>
  <testcase name="testConstructorTemplateInClassTemplate_264314" classname="org.eclipse.cdt.core.parser.tests.ast2.AST2TemplateTests" time="0.006"/>
  <testcase name="testTemplateIdAsTemplateArgumentIsTypeId_229942" classname="org.eclipse.cdt.core.parser.tests.ast2.AST2TemplateTests" time="0.007"/>
  <testcase name="testTemplateShortNameInQualifiedName_367607" classname="org.eclipse.cdt.core.parser.tests.ast2.AST2TemplateTests" time="0.014"/>
  <testcase name="testTemplateMetaProgramming_245027" classname="org.eclipse.cdt.core.parser.tests.ast2.AST2TemplateTests" time="0.012"/>
  <testcase name="testDependentExpressions_a" classname="org.eclipse.cdt.core.parser.tests.ast2.AST2TemplateTests" time="0.011"/>
  <testcase name="testDependentExpressions_b" classname="org.eclipse.cdt.core.parser.tests.ast2.AST2TemplateTests" time="0.012"/>
  <testcase name="testSpecializationViaNotDirectlyEnclosingTemplate_333186" classname="org.eclipse.cdt.core.parser.tests.ast2.AST2TemplateTests" time="0.008"/>
  <testcase name="testSfinaeInNestedTypeInTemplateArgument_402257" classname="org.eclipse.cdt.core.parser.tests.ast2.AST2TemplateTests" time="0.012"/>
  <testcase name="testTemplatedAliasDeduction" classname="org.eclipse.cdt.core.parser.tests.ast2.AST2TemplateTests" time="0.01"/>
  <testcase name="testSpecializationOfClassType_368610a" classname="org.eclipse.cdt.core.parser.tests.ast2.AST2TemplateTests" time="0.008"/>
  <testcase name="testSpecializationOfClassType_368610b" classname="org.eclipse.cdt.core.parser.tests.ast2.AST2TemplateTests" time="0.008"/>
  <testcase name="testSpecializationOfClassType_368610c" classname="org.eclipse.cdt.core.parser.tests.ast2.AST2TemplateTests" time="0.008"/>
  <testcase name="testStackOverflowInBaseComputation_418996" classname="org.eclipse.cdt.core.parser.tests.ast2.AST2TemplateTests" time="0.003"/>
  <testcase name="testTemplateInstantiationDepthLimit_512297" classname="org.eclipse.cdt.core.parser.tests.ast2.AST2TemplateTests" time="0.034">
    <error type="java.lang.StackOverflowError:">java.lang.StackOverflowError: null
	at org.eclipse.cdt.internal.core.dom.parser.cpp.semantics.CPPVisitor.findDeclarationOwnerDefinition(CPPVisitor.java:2969)
	at org.eclipse.cdt.internal.core.dom.parser.cpp.semantics.CPPVisitor.findDeclarationOwner(CPPVisitor.java:2944)
	at org.eclipse.cdt.internal.core.dom.parser.cpp.semantics.CPPVisitor.findNameOwner(CPPVisitor.java:2920)
	at org.eclipse.cdt.internal.core.dom.parser.cpp.CPPTemplateDefinition.getOwner(CPPTemplateDefinition.java:329)
	at org.eclipse.cdt.core.dom.ast.ASTTypeUtil.appendCppName(ASTTypeUtil.java:878)
	at org.eclipse.cdt.core.dom.ast.ASTTypeUtil.getQualifiedName(ASTTypeUtil.java:867)
	at org.eclipse.cdt.internal.core.dom.parser.cpp.semantics.SignatureBuilder.marshalBinding(SignatureBuilder.java:63)
	at org.eclipse.cdt.internal.core.dom.parser.cpp.CPPDeferredClassInstance.marshal(CPPDeferredClassInstance.java:225)
	at org.eclipse.cdt.internal.core.dom.parser.cpp.semantics.SignatureBuilder.marshalType(SignatureBuilder.java:74)
	at org.eclipse.cdt.internal.core.dom.parser.cpp.CPPUnknownMember.marshal(CPPUnknownMember.java:65)
	at org.eclipse.cdt.internal.core.dom.parser.cpp.semantics.SignatureBuilder.marshalType(SignatureBuilder.java:74)
	at org.eclipse.cdt.internal.core.dom.parser.cpp.semantics.SignatureBuilder.marshalTemplateArgument(SignatureBuilder.java:126)
	at org.eclipse.cdt.internal.core.dom.parser.cpp.CPPDeferredClassInstance.marshal(CPPDeferredClassInstance.java:228)
	at org.eclipse.cdt.internal.core.dom.parser.cpp.semantics.SignatureBuilder.marshalType(SignatureBuilder.java:74)
	at org.eclipse.cdt.internal.core.dom.parser.cpp.semantics.TypeInstantiationRequest.hashCode(TypeInstantiationRequest.java:46)
	at java.util.HashMap.hash(HashMap.java:338)
	at java.util.HashMap.put(HashMap.java:611)
	at java.util.HashSet.add(HashSet.java:219)
	at org.eclipse.cdt.internal.core.dom.parser.cpp.semantics.CPPTemplates.instantiateType(CPPTemplates.java:1514)
	at org.eclipse.cdt.internal.core.dom.parser.cpp.semantics.CPPTemplates.createSpecialization(CPPTemplates.java:1085)
	at org.eclipse.cdt.internal.core.dom.parser.cpp.CPPClassSpecialization.specializeMember(CPPClassSpecialization.java:193)
	at org.eclipse.cdt.internal.core.dom.parser.cpp.AbstractCPPClassSpecializationScope.getBindings(AbstractCPPClassSpecializationScope.java:135)
	at org.eclipse.cdt.internal.core.dom.parser.cpp.semantics.CPPSemantics.getBindingsFromScope(CPPSemantics.java:1380)
	at org.eclipse.cdt.internal.core.dom.parser.cpp.semantics.CPPSemantics.lookup(CPPSemantics.java:1095)
	at org.eclipse.cdt.internal.core.dom.parser.cpp.semantics.CPPSemantics.resolveUnknownName(CPPSemantics.java:4458)
	at org.eclipse.cdt.internal.core.dom.parser.cpp.semantics.CPPTemplates.resolveUnknownMember(CPPTemplates.java:3044)
	at org.eclipse.cdt.internal.core.dom.parser.cpp.semantics.CPPTemplates.resolveUnknown(CPPTemplates.java:3000)
	at org.eclipse.cdt.internal.core.dom.parser.cpp.semantics.CPPTemplates.instantiateType(CPPTemplates.java:1567)
	at org.eclipse.cdt.internal.core.dom.parser.cpp.semantics.CPPTemplates.instantiateArgument(CPPTemplates.java:1474)
	at org.eclipse.cdt.internal.core.dom.parser.cpp.semantics.CPPTemplates.instantiateArguments(CPPTemplates.java:1409)
	at org.eclipse.cdt.internal.core.dom.parser.cpp.semantics.CPPTemplates.resolveDeferredClassInstance(CPPTemplates.java:3071)
	at org.eclipse.cdt.internal.core.dom.parser.cpp.semantics.CPPTemplates.resolveUnknown(CPPTemplates.java:2994)
	at org.eclipse.cdt.internal.core.dom.parser.cpp.semantics.CPPTemplates.instantiateType(CPPTemplates.java:1567)
	at org.eclipse.cdt.internal.core.dom.parser.cpp.semantics.CPPTemplates.createSpecialization(CPPTemplates.java:1085)
	at org.eclipse.cdt.internal.core.dom.parser.cpp.CPPClassSpecialization.specializeMember(CPPClassSpecialization.java:193)
	at org.eclipse.cdt.internal.core.dom.parser.cpp.AbstractCPPClassSpecializationScope.getBindings(AbstractCPPClassSpecializationScope.java:135)
	at org.eclipse.cdt.internal.core.dom.parser.cpp.semantics.CPPSemantics.getBindingsFromScope(CPPSemantics.java:1380)
	at org.eclipse.cdt.internal.core.dom.parser.cpp.semantics.CPPSemantics.lookup(CPPSemantics.java:1095)
	at org.eclipse.cdt.internal.core.dom.parser.cpp.semantics.CPPSemantics.resolveUnknownName(CPPSemantics.java:4458)
	at org.eclipse.cdt.internal.core.dom.parser.cpp.semantics.CPPTemplates.resolveUnknownMember(CPPTemplates.java:3044)
	at org.eclipse.cdt.internal.core.dom.parser.cpp.semantics.CPPTemplates.resolveUnknown(CPPTemplates.java:3000)
	at org.eclipse.cdt.internal.core.dom.parser.cpp.semantics.CPPTemplates.instantiateType(CPPTemplates.java:1567)
	at org.eclipse.cdt.internal.core.dom.parser.cpp.semantics.CPPTemplates.instantiateArgument(CPPTemplates.java:1474)
	at org.eclipse.cdt.internal.core.dom.parser.cpp.semantics.CPPTemplates.instantiateArguments(CPPTemplates.java:1409)
	at org.eclipse.cdt.internal.core.dom.parser.cpp.semantics.CPPTemplates.resolveDeferredClassInstance(CPPTemplates.java:3071)
	at org.eclipse.cdt.internal.core.dom.parser.cpp.semantics.CPPTemplates.resolveUnknown(CPPTemplates.java:2994)
	at org.eclipse.cdt.internal.core.dom.parser.cpp.semantics.CPPTemplates.instantiateType(CPPTemplates.java:1567)
	at org.eclipse.cdt.internal.core.dom.parser.cpp.semantics.CPPTemplates.createSpecialization(CPPTemplates.java:1085)
	at org.eclipse.cdt.internal.core.dom.parser.cpp.CPPClassSpecialization.specializeMember(CPPClassSpecialization.java:193)
	at org.eclipse.cdt.internal.core.dom.parser.cpp.AbstractCPPClassSpecializationScope.getBindings(AbstractCPPClassSpecializationScope.java:135)
	at org.eclipse.cdt.internal.core.dom.parser.cpp.semantics.CPPSemantics.getBindingsFromScope(CPPSemantics.java:1380)
	at org.eclipse.cdt.internal.core.dom.parser.cpp.semantics.CPPSemantics.lookup(CPPSemantics.java:1095)
	at org.eclipse.cdt.internal.core.dom.parser.cpp.semantics.CPPSemantics.resolveUnknownName(CPPSemantics.java:4458)
	at org.eclipse.cdt.internal.core.dom.parser.cpp.semantics.CPPTemplates.resolveUnknownMember(CPPTemplates.java:3044)
	at org.eclipse.cdt.internal.core.dom.parser.cpp.semantics.CPPTemplates.resolveUnknown(CPPTemplates.java:3000)
	at org.eclipse.cdt.internal.core.dom.parser.cpp.semantics.CPPTemplates.instantiateType(CPPTemplates.java:1567)
	at org.eclipse.cdt.internal.core.dom.parser.cpp.semantics.CPPTemplates.instantiateArgument(CPPTemplates.java:1474)
	at org.eclipse.cdt.internal.core.dom.parser.cpp.semantics.CPPTemplates.instantiateArguments(CPPTemplates.java:1409)
	at org.eclipse.cdt.internal.core.dom.parser.cpp.semantics.CPPTemplates.resolveDeferredClassInstance(CPPTemplates.java:3071)
	at org.eclipse.cdt.internal.core.dom.parser.cpp.semantics.CPPTemplates.resolveUnknown(CPPTemplates.java:2994)
	at org.eclipse.cdt.internal.core.dom.parser.cpp.semantics.CPPTemplates.instantiateType(CPPTemplates.java:1567)
	at org.eclipse.cdt.internal.core.dom.parser.cpp.semantics.CPPTemplates.createSpecialization(CPPTemplates.java:1085)
	at org.eclipse.cdt.internal.core.dom.parser.cpp.CPPClassSpecialization.specializeMember(CPPClassSpecialization.java:193)
	at org.eclipse.cdt.internal.core.dom.parser.cpp.AbstractCPPClassSpecializationScope.getBindings(AbstractCPPClassSpecializationScope.java:135)
	at org.eclipse.cdt.internal.core.dom.parser.cpp.semantics.CPPSemantics.getBindingsFromScope(CPPSemantics.java:1380)
	at org.eclipse.cdt.internal.core.dom.parser.cpp.semantics.CPPSemantics.lookup(CPPSemantics.java:1095)
	at org.eclipse.cdt.internal.core.dom.parser.cpp.semantics.CPPSemantics.resolveUnknownName(CPPSemantics.java:4458)
	at org.eclipse.cdt.internal.core.dom.parser.cpp.semantics.CPPTemplates.resolveUnknownMember(CPPTemplates.java:3044)
	at org.eclipse.cdt.internal.core.dom.parser.cpp.semantics.CPPTemplates.resolveUnknown(CPPTemplates.java:3000)
	at org.eclipse.cdt.internal.core.dom.parser.cpp.semantics.CPPTemplates.instantiateType(CPPTemplates.java:1567)
	at org.eclipse.cdt.internal.core.dom.parser.cpp.semantics.CPPTemplates.instantiateArgument(CPPTemplates.java:1474)
	at org.eclipse.cdt.internal.core.dom.parser.cpp.semantics.CPPTemplates.instantiateArguments(CPPTemplates.java:1409)
	at org.eclipse.cdt.internal.core.dom.parser.cpp.semantics.CPPTemplates.resolveDeferredClassInstance(CPPTemplates.java:3071)
	at org.eclipse.cdt.internal.core.dom.parser.cpp.semantics.CPPTemplates.resolveUnknown(CPPTemplates.java:2994)
	at org.eclipse.cdt.internal.core.dom.parser.cpp.semantics.CPPTemplates.instantiateType(CPPTemplates.java:1567)
	at org.eclipse.cdt.internal.core.dom.parser.cpp.semantics.CPPTemplates.createSpecialization(CPPTemplates.java:1085)
	at org.eclipse.cdt.internal.core.dom.parser.cpp.CPPClassSpecialization.specializeMember(CPPClassSpecialization.java:193)
	at org.eclipse.cdt.internal.core.dom.parser.cpp.AbstractCPPClassSpecializationScope.getBindings(AbstractCPPClassSpecializationScope.java:135)
	at org.eclipse.cdt.internal.core.dom.parser.cpp.semantics.CPPSemantics.getBindingsFromScope(CPPSemantics.java:1380)
	at org.eclipse.cdt.internal.core.dom.parser.cpp.semantics.CPPSemantics.lookup(CPPSemantics.java:1095)
	at org.eclipse.cdt.internal.core.dom.parser.cpp.semantics.CPPSemantics.resolveUnknownName(CPPSemantics.java:4458)
	at org.eclipse.cdt.internal.core.dom.parser.cpp.semantics.CPPTemplates.resolveUnknownMember(CPPTemplates.java:3044)
	at org.eclipse.cdt.internal.core.dom.parser.cpp.semantics.CPPTemplates.resolveUnknown(CPPTemplates.java:3000)
	at org.eclipse.cdt.internal.core.dom.parser.cpp.semantics.CPPTemplates.instantiateType(CPPTemplates.java:1567)
	at org.eclipse.cdt.internal.core.dom.parser.cpp.semantics.CPPTemplates.instantiateArgument(CPPTemplates.java:1474)
	at org.eclipse.cdt.internal.core.dom.parser.cpp.semantics.CPPTemplates.instantiateArguments(CPPTemplates.java:1409)
	at org.eclipse.cdt.internal.core.dom.parser.cpp.semantics.CPPTemplates.resolveDeferredClassInstance(CPPTemplates.java:3071)
	at org.eclipse.cdt.internal.core.dom.parser.cpp.semantics.CPPTemplates.resolveUnknown(CPPTemplates.java:2994)
	at org.eclipse.cdt.internal.core.dom.parser.cpp.semantics.CPPTemplates.instantiateType(CPPTemplates.java:1567)
	at org.eclipse.cdt.internal.core.dom.parser.cpp.semantics.CPPTemplates.createSpecialization(CPPTemplates.java:1085)
	at org.eclipse.cdt.internal.core.dom.parser.cpp.CPPClassSpecialization.specializeMember(CPPClassSpecialization.java:193)
	at org.eclipse.cdt.internal.core.dom.parser.cpp.AbstractCPPClassSpecializationScope.getBindings(AbstractCPPClassSpecializationScope.java:135)
	at org.eclipse.cdt.internal.core.dom.parser.cpp.semantics.CPPSemantics.getBindingsFromScope(CPPSemantics.java:1380)
	at org.eclipse.cdt.internal.core.dom.parser.cpp.semantics.CPPSemantics.lookup(CPPSemantics.java:1095)
	at org.eclipse.cdt.internal.core.dom.parser.cpp.semantics.CPPSemantics.resolveUnknownName(CPPSemantics.java:4458)
	at org.eclipse.cdt.internal.core.dom.parser.cpp.semantics.CPPTemplates.resolveUnknownMember(CPPTemplates.java:3044)
	at org.eclipse.cdt.internal.core.dom.parser.cpp.semantics.CPPTemplates.resolveUnknown(CPPTemplates.java:3000)
	at org.eclipse.cdt.internal.core.dom.parser.cpp.semantics.CPPTemplates.instantiateType(CPPTemplates.java:1567)
	at org.eclipse.cdt.internal.core.dom.parser.cpp.semantics.CPPTemplates.instantiateArgument(CPPTemplates.java:1474)
	at org.eclipse.cdt.internal.core.dom.parser.cpp.semantics.CPPTemplates.instantiateArguments(CPPTemplates.java:1409)
	at org.eclipse.cdt.internal.core.dom.parser.cpp.semantics.CPPTemplates.resolveDeferredClassInstance(CPPTemplates.java:3071)
	at org.eclipse.cdt.internal.core.dom.parser.cpp.semantics.CPPTemplates.resolveUnknown(CPPTemplates.java:2994)
	at org.eclipse.cdt.internal.core.dom.parser.cpp.semantics.CPPTemplates.instantiateType(CPPTemplates.java:1567)
	at org.eclipse.cdt.internal.core.dom.parser.cpp.semantics.CPPTemplates.createSpecialization(CPPTemplates.java:1085)
	at org.eclipse.cdt.internal.core.dom.parser.cpp.CPPClassSpecialization.specializeMember(CPPClassSpecialization.java:193)
	at org.eclipse.cdt.internal.core.dom.parser.cpp.AbstractCPPClassSpecializationScope.getBindings(AbstractCPPClassSpecializationScope.java:135)
	at org.eclipse.cdt.internal.core.dom.parser.cpp.semantics.CPPSemantics.getBindingsFromScope(CPPSemantics.java:1380)
	at org.eclipse.cdt.internal.core.dom.parser.cpp.semantics.CPPSemantics.lookup(CPPSemantics.java:1095)
	at org.eclipse.cdt.internal.core.dom.parser.cpp.semantics.CPPSemantics.resolveUnknownName(CPPSemantics.java:4458)
	at org.eclipse.cdt.internal.core.dom.parser.cpp.semantics.CPPTemplates.resolveUnknownMember(CPPTemplates.java:3044)
	at org.eclipse.cdt.internal.core.dom.parser.cpp.semantics.CPPTemplates.resolveUnknown(CPPTemplates.java:3000)
	at org.eclipse.cdt.internal.core.dom.parser.cpp.semantics.CPPTemplates.instantiateType(CPPTemplates.java:1567)
	at org.eclipse.cdt.internal.core.dom.parser.cpp.semantics.CPPTemplates.instantiateArgument(CPPTemplates.java:1474)
	at org.eclipse.cdt.internal.core.dom.parser.cpp.semantics.CPPTemplates.instantiateArguments(CPPTemplates.java:1409)
	at org.eclipse.cdt.internal.core.dom.parser.cpp.semantics.CPPTemplates.resolveDeferredClassInstance(CPPTemplates.java:3071)
	at org.eclipse.cdt.internal.core.dom.parser.cpp.semantics.CPPTemplates.resolveUnknown(CPPTemplates.java:2994)
	at org.eclipse.cdt.internal.core.dom.parser.cpp.semantics.CPPTemplates.instantiateType(CPPTemplates.java:1567)
	at org.eclipse.cdt.internal.core.dom.parser.cpp.semantics.CPPTemplates.createSpecialization(CPPTemplates.java:1085)
	at org.eclipse.cdt.internal.core.dom.parser.cpp.CPPClassSpecialization.specializeMember(CPPClassSpecialization.java:193)
	at org.eclipse.cdt.internal.core.dom.parser.cpp.AbstractCPPClassSpecializationScope.getBindings(AbstractCPPClassSpecializationScope.java:135)
	at org.eclipse.cdt.internal.core.dom.parser.cpp.semantics.CPPSemantics.getBindingsFromScope(CPPSemantics.java:1380)
	at org.eclipse.cdt.internal.core.dom.parser.cpp.semantics.CPPSemantics.lookup(CPPSemantics.java:1095)
	at org.eclipse.cdt.internal.core.dom.parser.cpp.semantics.CPPSemantics.resolveUnknownName(CPPSemantics.java:4458)
	at org.eclipse.cdt.internal.core.dom.parser.cpp.semantics.CPPTemplates.resolveUnknownMember(CPPTemplates.java:3044)
	at org.eclipse.cdt.internal.core.dom.parser.cpp.semantics.CPPTemplates.resolveUnknown(CPPTemplates.java:3000)
	at org.eclipse.cdt.internal.core.dom.parser.cpp.semantics.CPPTemplates.instantiateType(CPPTemplates.java:1567)
	at org.eclipse.cdt.internal.core.dom.parser.cpp.semantics.CPPTemplates.instantiateArgument(CPPTemplates.java:1474)
	at org.eclipse.cdt.internal.core.dom.parser.cpp.semantics.CPPTemplates.instantiateArguments(CPPTemplates.java:1409)
	at org.eclipse.cdt.internal.core.dom.parser.cpp.semantics.CPPTemplates.resolveDeferredClassInstance(CPPTemplates.java:3071)
	at org.eclipse.cdt.internal.core.dom.parser.cpp.semantics.CPPTemplates.resolveUnknown(CPPTemplates.java:2994)
	at org.eclipse.cdt.internal.core.dom.parser.cpp.semantics.CPPTemplates.instantiateType(CPPTemplates.java:1567)
	at org.eclipse.cdt.internal.core.dom.parser.cpp.semantics.CPPTemplates.createSpecialization(CPPTemplates.java:1085)
	at org.eclipse.cdt.internal.core.dom.parser.cpp.CPPClassSpecialization.specializeMember(CPPClassSpecialization.java:193)
	at org.eclipse.cdt.internal.core.dom.parser.cpp.AbstractCPPClassSpecializationScope.getBindings(AbstractCPPClassSpecializationScope.java:135)
	at org.eclipse.cdt.internal.core.dom.parser.cpp.semantics.CPPSemantics.getBindingsFromScope(CPPSemantics.java:1380)
	at org.eclipse.cdt.internal.core.dom.parser.cpp.semantics.CPPSemantics.lookup(CPPSemantics.java:1095)
	at org.eclipse.cdt.internal.core.dom.parser.cpp.semantics.CPPSemantics.resolveUnknownName(CPPSemantics.java:4458)
	at org.eclipse.cdt.internal.core.dom.parser.cpp.semantics.CPPTemplates.resolveUnknownMember(CPPTemplates.java:3044)
	at org.eclipse.cdt.internal.core.dom.parser.cpp.semantics.CPPTemplates.resolveUnknown(CPPTemplates.java:3000)
	at org.eclipse.cdt.internal.core.dom.parser.cpp.semantics.CPPTemplates.instantiateType(CPPTemplates.java:1567)
	at org.eclipse.cdt.internal.core.dom.parser.cpp.semantics.CPPTemplates.instantiateArgument(CPPTemplates.java:1474)
	at org.eclipse.cdt.internal.core.dom.parser.cpp.semantics.CPPTemplates.instantiateArguments(CPPTemplates.java:1409)
	at org.eclipse.cdt.internal.core.dom.parser.cpp.semantics.CPPTemplates.resolveDeferredClassInstance(CPPTemplates.java:3071)
	at org.eclipse.cdt.internal.core.dom.parser.cpp.semantics.CPPTemplates.resolveUnknown(CPPTemplates.java:2994)
	at org.eclipse.cdt.internal.core.dom.parser.cpp.semantics.CPPTemplates.instantiateType(CPPTemplates.java:1567)
	at org.eclipse.cdt.internal.core.dom.parser.cpp.semantics.CPPTemplates.createSpecialization(CPPTemplates.java:1085)
	at org.eclipse.cdt.internal.core.dom.parser.cpp.CPPClassSpecialization.specializeMember(CPPClassSpecialization.java:193)
	at org.eclipse.cdt.internal.core.dom.parser.cpp.AbstractCPPClassSpecializationScope.getBindings(AbstractCPPClassSpecializationScope.java:135)
	at org.eclipse.cdt.internal.core.dom.parser.cpp.semantics.CPPSemantics.getBindingsFromScope(CPPSemantics.java:1380)
	at org.eclipse.cdt.internal.core.dom.parser.cpp.semantics.CPPSemantics.lookup(CPPSemantics.java:1095)
	at org.eclipse.cdt.internal.core.dom.parser.cpp.semantics.CPPSemantics.resolveUnknownName(CPPSemantics.java:4458)
	at org.eclipse.cdt.internal.core.dom.parser.cpp.semantics.CPPTemplates.resolveUnknownMember(CPPTemplates.java:3044)
	at org.eclipse.cdt.internal.core.dom.parser.cpp.semantics.CPPTemplates.resolveUnknown(CPPTemplates.java:3000)
	at org.eclipse.cdt.internal.core.dom.parser.cpp.semantics.CPPTemplates.instantiateType(CPPTemplates.java:1567)
	at org.eclipse.cdt.internal.core.dom.parser.cpp.semantics.CPPTemplates.instantiateArgument(CPPTemplates.java:1474)
	at org.eclipse.cdt.internal.core.dom.parser.cpp.semantics.CPPTemplates.instantiateArguments(CPPTemplates.java:1409)
	at org.eclipse.cdt.internal.core.dom.parser.cpp.semantics.CPPTemplates.resolveDeferredClassInstance(CPPTemplates.java:3071)
	at org.eclipse.cdt.internal.core.dom.parser.cpp.semantics.CPPTemplates.resolveUnknown(CPPTemplates.java:2994)
	at org.eclipse.cdt.internal.core.dom.parser.cpp.semantics.CPPTemplates.instantiateType(CPPTemplates.java:1567)
	at org.eclipse.cdt.internal.core.dom.parser.cpp.semantics.CPPTemplates.createSpecialization(CPPTemplates.java:1085)
	at org.eclipse.cdt.internal.core.dom.parser.cpp.CPPClassSpecialization.specializeMember(CPPClassSpecialization.java:193)
	at org.eclipse.cdt.internal.core.dom.parser.cpp.AbstractCPPClassSpecializationScope.getBindings(AbstractCPPClassSpecializationScope.java:135)
	at org.eclipse.cdt.internal.core.dom.parser.cpp.semantics.CPPSemantics.getBindingsFromScope(CPPSemantics.java:1380)
	at org.eclipse.cdt.internal.core.dom.parser.cpp.semantics.CPPSemantics.lookup(CPPSemantics.java:1095)
	at org.eclipse.cdt.internal.core.dom.parser.cpp.semantics.CPPSemantics.resolveUnknownName(CPPSemantics.java:4458)
	at org.eclipse.cdt.internal.core.dom.parser.cpp.semantics.CPPTemplates.resolveUnknownMember(CPPTemplates.java:3044)
	at org.eclipse.cdt.internal.core.dom.parser.cpp.semantics.CPPTemplates.resolveUnknown(CPPTemplates.java:3000)
	at org.eclipse.cdt.internal.core.dom.parser.cpp.semantics.CPPTemplates.instantiateType(CPPTemplates.java:1567)
	at org.eclipse.cdt.internal.core.dom.parser.cpp.semantics.CPPTemplates.instantiateArgument(CPPTemplates.java:1474)
	at org.eclipse.cdt.internal.core.dom.parser.cpp.semantics.CPPTemplates.instantiateArguments(CPPTemplates.java:1409)
	at org.eclipse.cdt.internal.core.dom.parser.cpp.semantics.CPPTemplates.resolveDeferredClassInstance(CPPTemplates.java:3071)
	at org.eclipse.cdt.internal.core.dom.parser.cpp.semantics.CPPTemplates.resolveUnknown(CPPTemplates.java:2994)
	at org.eclipse.cdt.internal.core.dom.parser.cpp.semantics.CPPTemplates.instantiateType(CPPTemplates.java:1567)
	at org.eclipse.cdt.internal.core.dom.parser.cpp.semantics.CPPTemplates.createSpecialization(CPPTemplates.java:1085)
	at org.eclipse.cdt.internal.core.dom.parser.cpp.CPPClassSpecialization.specializeMember(CPPClassSpecialization.java:193)
	at org.eclipse.cdt.internal.core.dom.parser.cpp.AbstractCPPClassSpecializationScope.getBindings(AbstractCPPClassSpecializationScope.java:135)
	at org.eclipse.cdt.internal.core.dom.parser.cpp.semantics.CPPSemantics.getBindingsFromScope(CPPSemantics.java:1380)
	at org.eclipse.cdt.internal.core.dom.parser.cpp.semantics.CPPSemantics.lookup(CPPSemantics.java:1095)
	at org.eclipse.cdt.internal.core.dom.parser.cpp.semantics.CPPSemantics.resolveUnknownName(CPPSemantics.java:4458)
	at org.eclipse.cdt.internal.core.dom.parser.cpp.semantics.CPPTemplates.resolveUnknownMember(CPPTemplates.java:3044)
	at org.eclipse.cdt.internal.core.dom.parser.cpp.semantics.CPPTemplates.resolveUnknown(CPPTemplates.java:3000)
	at org.eclipse.cdt.internal.core.dom.parser.cpp.semantics.CPPTemplates.instantiateType(CPPTemplates.java:1567)
	at org.eclipse.cdt.internal.core.dom.parser.cpp.semantics.CPPTemplates.instantiateArgument(CPPTemplates.java:1474)
	at org.eclipse.cdt.internal.core.dom.parser.cpp.semantics.CPPTemplates.instantiateArguments(CPPTemplates.java:1409)
	at org.eclipse.cdt.internal.core.dom.parser.cpp.semantics.CPPTemplates.resolveDeferredClassInstance(CPPTemplates.java:3071)
	at org.eclipse.cdt.internal.core.dom.parser.cpp.semantics.CPPTemplates.resolveUnknown(CPPTemplates.java:2994)
	at org.eclipse.cdt.internal.core.dom.parser.cpp.semantics.CPPTemplates.instantiateType(CPPTemplates.java:1567)
	at org.eclipse.cdt.internal.core.dom.parser.cpp.semantics.CPPTemplates.createSpecialization(CPPTemplates.java:1085)
	at org.eclipse.cdt.internal.core.dom.parser.cpp.CPPClassSpecialization.specializeMember(CPPClassSpecialization.java:193)
	at org.eclipse.cdt.internal.core.dom.parser.cpp.AbstractCPPClassSpecializationScope.getBindings(AbstractCPPClassSpecializationScope.java:135)
	at org.eclipse.cdt.internal.core.dom.parser.cpp.semantics.CPPSemantics.getBindingsFromScope(CPPSemantics.java:1380)
	at org.eclipse.cdt.internal.core.dom.parser.cpp.semantics.CPPSemantics.lookup(CPPSemantics.java:1095)
	at org.eclipse.cdt.internal.core.dom.parser.cpp.semantics.CPPSemantics.resolveUnknownName(CPPSemantics.java:4458)
	at org.eclipse.cdt.internal.core.dom.parser.cpp.semantics.CPPTemplates.resolveUnknownMember(CPPTemplates.java:3044)
	at org.eclipse.cdt.internal.core.dom.parser.cpp.semantics.CPPTemplates.resolveUnknown(CPPTemplates.java:3000)
	at org.eclipse.cdt.internal.core.dom.parser.cpp.semantics.CPPTemplates.instantiateType(CPPTemplates.java:1567)
	at org.eclipse.cdt.internal.core.dom.parser.cpp.semantics.CPPTemplates.instantiateArgument(CPPTemplates.java:1474)
	at org.eclipse.cdt.internal.core.dom.parser.cpp.semantics.CPPTemplates.instantiateArguments(CPPTemplates.java:1409)
	at org.eclipse.cdt.internal.core.dom.parser.cpp.semantics.CPPTemplates.resolveDeferredClassInstance(CPPTemplates.java:3071)
	at org.eclipse.cdt.internal.core.dom.parser.cpp.semantics.CPPTemplates.resolveUnknown(CPPTemplates.java:2994)
	at org.eclipse.cdt.internal.core.dom.parser.cpp.semantics.CPPTemplates.instantiateType(CPPTemplates.java:1567)
	at org.eclipse.cdt.internal.core.dom.parser.cpp.semantics.CPPTemplates.createSpecialization(CPPTemplates.java:1085)
	at org.eclipse.cdt.internal.core.dom.parser.cpp.CPPClassSpecialization.specializeMember(CPPClassSpecialization.java:193)
	at org.eclipse.cdt.internal.core.dom.parser.cpp.AbstractCPPClassSpecializationScope.getBindings(AbstractCPPClassSpecializationScope.java:135)
	at org.eclipse.cdt.internal.core.dom.parser.cpp.semantics.CPPSemantics.getBindingsFromScope(CPPSemantics.java:1380)
	at org.eclipse.cdt.internal.core.dom.parser.cpp.semantics.CPPSemantics.lookup(CPPSemantics.java:1095)
	at org.eclipse.cdt.internal.core.dom.parser.cpp.semantics.CPPSemantics.resolveUnknownName(CPPSemantics.java:4458)
	at org.eclipse.cdt.internal.core.dom.parser.cpp.semantics.CPPTemplates.resolveUnknownMember(CPPTemplates.java:3044)
	at org.eclipse.cdt.internal.core.dom.parser.cpp.semantics.CPPTemplates.resolveUnknown(CPPTemplates.java:3000)
	at org.eclipse.cdt.internal.core.dom.parser.cpp.semantics.CPPTemplates.instantiateType(CPPTemplates.java:1567)
	at org.eclipse.cdt.internal.core.dom.parser.cpp.semantics.CPPTemplates.instantiateArgument(CPPTemplates.java:1474)
	at org.eclipse.cdt.internal.core.dom.parser.cpp.semantics.CPPTemplates.instantiateArguments(CPPTemplates.java:1409)
	at org.eclipse.cdt.internal.core.dom.parser.cpp.semantics.CPPTemplates.resolveDeferredClassInstance(CPPTemplates.java:3071)
	at org.eclipse.cdt.internal.core.dom.parser.cpp.semantics.CPPTemplates.resolveUnknown(CPPTemplates.java:2994)
	at org.eclipse.cdt.internal.core.dom.parser.cpp.semantics.CPPTemplates.instantiateType(CPPTemplates.java:1567)
	at org.eclipse.cdt.internal.core.dom.parser.cpp.semantics.CPPTemplates.createSpecialization(CPPTemplates.java:1085)
	at org.eclipse.cdt.internal.core.dom.parser.cpp.CPPClassSpecialization.specializeMember(CPPClassSpecialization.java:193)
	at org.eclipse.cdt.internal.core.dom.parser.cpp.AbstractCPPClassSpecializationScope.getBindings(AbstractCPPClassSpecializationScope.java:135)
	at org.eclipse.cdt.internal.core.dom.parser.cpp.semantics.CPPSemantics.getBindingsFromScope(CPPSemantics.java:1380)
	at org.eclipse.cdt.internal.core.dom.parser.cpp.semantics.CPPSemantics.lookup(CPPSemantics.java:1095)
	at org.eclipse.cdt.internal.core.dom.parser.cpp.semantics.CPPSemantics.resolveUnknownName(CPPSemantics.java:4458)
	at org.eclipse.cdt.internal.core.dom.parser.cpp.semantics.CPPTemplates.resolveUnknownMember(CPPTemplates.java:3044)
	at org.eclipse.cdt.internal.core.dom.parser.cpp.semantics.CPPTemplates.resolveUnknown(CPPTemplates.java:3000)
	at org.eclipse.cdt.internal.core.dom.parser.cpp.semantics.CPPTemplates.instantiateType(CPPTemplates.java:1567)
	at org.eclipse.cdt.internal.core.dom.parser.cpp.semantics.CPPTemplates.instantiateArgument(CPPTemplates.java:1474)
	at org.eclipse.cdt.internal.core.dom.parser.cpp.semantics.CPPTemplates.instantiateArguments(CPPTemplates.java:1409)
	at org.eclipse.cdt.internal.core.dom.parser.cpp.semantics.CPPTemplates.resolveDeferredClassInstance(CPPTemplates.java:3071)
	at org.eclipse.cdt.internal.core.dom.parser.cpp.semantics.CPPTemplates.resolveUnknown(CPPTemplates.java:2994)
	at org.eclipse.cdt.internal.core.dom.parser.cpp.semantics.CPPTemplates.instantiateType(CPPTemplates.java:1567)
	at org.eclipse.cdt.internal.core.dom.parser.cpp.semantics.CPPTemplates.createSpecialization(CPPTemplates.java:1085)
	at org.eclipse.cdt.internal.core.dom.parser.cpp.CPPClassSpecialization.specializeMember(CPPClassSpecialization.java:193)
	at org.eclipse.cdt.internal.core.dom.parser.cpp.AbstractCPPClassSpecializationScope.getBindings(AbstractCPPClassSpecializationScope.java:135)
	at org.eclipse.cdt.internal.core.dom.parser.cpp.semantics.CPPSemantics.getBindingsFromScope(CPPSemantics.java:1380)
	at org.eclipse.cdt.internal.core.dom.parser.cpp.semantics.CPPSemantics.lookup(CPPSemantics.java:1095)
	at org.eclipse.cdt.internal.core.dom.parser.cpp.semantics.CPPSemantics.resolveUnknownName(CPPSemantics.java:4458)
	at org.eclipse.cdt.internal.core.dom.parser.cpp.semantics.CPPTemplates.resolveUnknownMember(CPPTemplates.java:3044)
	at org.eclipse.cdt.internal.core.dom.parser.cpp.semantics.CPPTemplates.resolveUnknown(CPPTemplates.java:3000)
	at org.eclipse.cdt.internal.core.dom.parser.cpp.semantics.CPPTemplates.instantiateType(CPPTemplates.java:1567)
	at org.eclipse.cdt.internal.core.dom.parser.cpp.semantics.CPPTemplates.instantiateArgument(CPPTemplates.java:1474)
	at org.eclipse.cdt.internal.core.dom.parser.cpp.semantics.CPPTemplates.instantiateArguments(CPPTemplates.java:1409)
	at org.eclipse.cdt.internal.core.dom.parser.cpp.semantics.CPPTemplates.resolveDeferredClassInstance(CPPTemplates.java:3071)
	at org.eclipse.cdt.internal.core.dom.parser.cpp.semantics.CPPTemplates.resolveUnknown(CPPTemplates.java:2994)
	at org.eclipse.cdt.internal.core.dom.parser.cpp.semantics.CPPTemplates.instantiateType(CPPTemplates.java:1567)
	at org.eclipse.cdt.internal.core.dom.parser.cpp.semantics.CPPTemplates.createSpecialization(CPPTemplates.java:1085)
	at org.eclipse.cdt.internal.core.dom.parser.cpp.CPPClassSpecialization.specializeMember(CPPClassSpecialization.java:193)
	at org.eclipse.cdt.internal.core.dom.parser.cpp.AbstractCPPClassSpecializationScope.getBindings(AbstractCPPClassSpecializationScope.java:135)
	at org.eclipse.cdt.internal.core.dom.parser.cpp.semantics.CPPSemantics.getBindingsFromScope(CPPSemantics.java:1380)
	at org.eclipse.cdt.internal.core.dom.parser.cpp.semantics.CPPSemantics.lookup(CPPSemantics.java:1095)
	at org.eclipse.cdt.internal.core.dom.parser.cpp.semantics.CPPSemantics.resolveUnknownName(CPPSemantics.java:4458)
	at org.eclipse.cdt.internal.core.dom.parser.cpp.semantics.CPPTemplates.resolveUnknownMember(CPPTemplates.java:3044)
	at org.eclipse.cdt.internal.core.dom.parser.cpp.semantics.CPPTemplates.resolveUnknown(CPPTemplates.java:3000)
	at org.eclipse.cdt.internal.core.dom.parser.cpp.semantics.CPPTemplates.instantiateType(CPPTemplates.java:1567)
	at org.eclipse.cdt.internal.core.dom.parser.cpp.semantics.CPPTemplates.instantiateArgument(CPPTemplates.java:1474)
	at org.eclipse.cdt.internal.core.dom.parser.cpp.semantics.CPPTemplates.instantiateArguments(CPPTemplates.java:1409)
	at org.eclipse.cdt.internal.core.dom.parser.cpp.semantics.CPPTemplates.resolveDeferredClassInstance(CPPTemplates.java:3071)
	at org.eclipse.cdt.internal.core.dom.parser.cpp.semantics.CPPTemplates.resolveUnknown(CPPTemplates.java:2994)
	at org.eclipse.cdt.internal.core.dom.parser.cpp.semantics.CPPTemplates.instantiateType(CPPTemplates.java:1567)
	at org.eclipse.cdt.internal.core.dom.parser.cpp.semantics.CPPTemplates.createSpecialization(CPPTemplates.java:1085)
	at org.eclipse.cdt.internal.core.dom.parser.cpp.CPPClassSpecialization.specializeMember(CPPClassSpecialization.java:193)
	at org.eclipse.cdt.internal.core.dom.parser.cpp.AbstractCPPClassSpecializationScope.getBindings(AbstractCPPClassSpecializationScope.java:135)
	at org.eclipse.cdt.internal.core.dom.parser.cpp.semantics.CPPSemantics.getBindingsFromScope(CPPSemantics.java:1380)
	at org.eclipse.cdt.internal.core.dom.parser.cpp.semantics.CPPSemantics.lookup(CPPSemantics.java:1095)
	at org.eclipse.cdt.internal.core.dom.parser.cpp.semantics.CPPSemantics.resolveUnknownName(CPPSemantics.java:4458)
	at org.eclipse.cdt.internal.core.dom.parser.cpp.semantics.CPPTemplates.resolveUnknownMember(CPPTemplates.java:3044)
	at org.eclipse.cdt.internal.core.dom.parser.cpp.semantics.CPPTemplates.resolveUnknown(CPPTemplates.java:3000)
	at org.eclipse.cdt.internal.core.dom.parser.cpp.semantics.CPPTemplates.instantiateType(CPPTemplates.java:1567)
	at org.eclipse.cdt.internal.core.dom.parser.cpp.semantics.CPPTemplates.instantiateArgument(CPPTemplates.java:1474)
	at org.eclipse.cdt.internal.core.dom.parser.cpp.semantics.CPPTemplates.instantiateArguments(CPPTemplates.java:1409)
	at org.eclipse.cdt.internal.core.dom.parser.cpp.semantics.CPPTemplates.resolveDeferredClassInstance(CPPTemplates.java:3071)
	at org.eclipse.cdt.internal.core.dom.parser.cpp.semantics.CPPTemplates.resolveUnknown(CPPTemplates.java:2994)
	at org.eclipse.cdt.internal.core.dom.parser.cpp.semantics.CPPTemplates.instantiateType(CPPTemplates.java:1567)
	at org.eclipse.cdt.internal.core.dom.parser.cpp.semantics.CPPTemplates.createSpecialization(CPPTemplates.java:1085)
	at org.eclipse.cdt.internal.core.dom.parser.cpp.CPPClassSpecialization.specializeMember(CPPClassSpecialization.java:193)
	at org.eclipse.cdt.internal.core.dom.parser.cpp.AbstractCPPClassSpecializationScope.getBindings(AbstractCPPClassSpecializationScope.java:135)
	at org.eclipse.cdt.internal.core.dom.parser.cpp.semantics.CPPSemantics.getBindingsFromScope(CPPSemantics.java:1380)
	at org.eclipse.cdt.internal.core.dom.parser.cpp.semantics.CPPSemantics.lookup(CPPSemantics.java:1095)
	at org.eclipse.cdt.internal.core.dom.parser.cpp.semantics.CPPSemantics.resolveUnknownName(CPPSemantics.java:4458)
	at org.eclipse.cdt.internal.core.dom.parser.cpp.semantics.CPPTemplates.resolveUnknownMember(CPPTemplates.java:3044)
	at org.eclipse.cdt.internal.core.dom.parser.cpp.semantics.CPPTemplates.resolveUnknown(CPPTemplates.java:3000)
	at org.eclipse.cdt.internal.core.dom.parser.cpp.semantics.CPPTemplates.instantiateType(CPPTemplates.java:1567)
	at org.eclipse.cdt.internal.core.dom.parser.cpp.semantics.CPPTemplates.instantiateArgument(CPPTemplates.java:1474)
	at org.eclipse.cdt.internal.core.dom.parser.cpp.semantics.CPPTemplates.instantiateArguments(CPPTemplates.java:1409)
	at org.eclipse.cdt.internal.core.dom.parser.cpp.semantics.CPPTemplates.resolveDeferredClassInstance(CPPTemplates.java:3071)
	at org.eclipse.cdt.internal.core.dom.parser.cpp.semantics.CPPTemplates.resolveUnknown(CPPTemplates.java:2994)
	at org.eclipse.cdt.internal.core.dom.parser.cpp.semantics.CPPTemplates.instantiateType(CPPTemplates.java:1567)
	at org.eclipse.cdt.internal.core.dom.parser.cpp.semantics.CPPTemplates.createSpecialization(CPPTemplates.java:1085)
	at org.eclipse.cdt.internal.core.dom.parser.cpp.CPPClassSpecialization.specializeMember(CPPClassSpecialization.java:193)
	at org.eclipse.cdt.internal.core.dom.parser.cpp.AbstractCPPClassSpecializationScope.getBindings(AbstractCPPClassSpecializationScope.java:135)
	at org.eclipse.cdt.internal.core.dom.parser.cpp.semantics.CPPSemantics.getBindingsFromScope(CPPSemantics.java:1380)
	at org.eclipse.cdt.internal.core.dom.parser.cpp.semantics.CPPSemantics.lookup(CPPSemantics.java:1095)
	at org.eclipse.cdt.internal.core.dom.parser.cpp.semantics.CPPSemantics.resolveUnknownName(CPPSemantics.java:4458)
	at org.eclipse.cdt.internal.core.dom.parser.cpp.semantics.CPPTemplates.resolveUnknownMember(CPPTemplates.java:3044)
	at org.eclipse.cdt.internal.core.dom.parser.cpp.semantics.CPPTemplates.resolveUnknown(CPPTemplates.java:3000)
	at org.eclipse.cdt.internal.core.dom.parser.cpp.semantics.CPPTemplates.instantiateType(CPPTemplates.java:1567)
	at org.eclipse.cdt.internal.core.dom.parser.cpp.semantics.CPPTemplates.instantiateArgument(CPPTemplates.java:1474)
	at org.eclipse.cdt.internal.core.dom.parser.cpp.semantics.CPPTemplates.instantiateArguments(CPPTemplates.java:1409)
	at org.eclipse.cdt.internal.core.dom.parser.cpp.semantics.CPPTemplates.resolveDeferredClassInstance(CPPTemplates.java:3071)
	at org.eclipse.cdt.internal.core.dom.parser.cpp.semantics.CPPTemplates.resolveUnknown(CPPTemplates.java:2994)
	at org.eclipse.cdt.internal.core.dom.parser.cpp.semantics.CPPTemplates.instantiateType(CPPTemplates.java:1567)
	at org.eclipse.cdt.internal.core.dom.parser.cpp.semantics.CPPTemplates.createSpecialization(CPPTemplates.java:1085)
	at org.eclipse.cdt.internal.core.dom.parser.cpp.CPPClassSpecialization.specializeMember(CPPClassSpecialization.java:193)
	at org.eclipse.cdt.internal.core.dom.parser.cpp.AbstractCPPClassSpecializationScope.getBindings(AbstractCPPClassSpecializationScope.java:135)
	at org.eclipse.cdt.internal.core.dom.parser.cpp.semantics.CPPSemantics.getBindingsFromScope(CPPSemantics.java:1380)
	at org.eclipse.cdt.internal.core.dom.parser.cpp.semantics.CPPSemantics.lookup(CPPSemantics.java:1095)
	at org.eclipse.cdt.internal.core.dom.parser.cpp.semantics.CPPSemantics.resolveUnknownName(CPPSemantics.java:4458)
	at org.eclipse.cdt.internal.core.dom.parser.cpp.semantics.CPPTemplates.resolveUnknownMember(CPPTemplates.java:3044)
	at org.eclipse.cdt.internal.core.dom.parser.cpp.semantics.CPPTemplates.resolveUnknown(CPPTemplates.java:3000)
	at org.eclipse.cdt.internal.core.dom.parser.cpp.semantics.CPPTemplates.instantiateType(CPPTemplates.java:1567)
	at org.eclipse.cdt.internal.core.dom.parser.cpp.semantics.CPPTemplates.instantiateArgument(CPPTemplates.java:1474)
	at org.eclipse.cdt.internal.core.dom.parser.cpp.semantics.CPPTemplates.instantiateArguments(CPPTemplates.java:1409)
	at org.eclipse.cdt.internal.core.dom.parser.cpp.semantics.CPPTemplates.resolveDeferredClassInstance(CPPTemplates.java:3071)
	at org.eclipse.cdt.internal.core.dom.parser.cpp.semantics.CPPTemplates.resolveUnknown(CPPTemplates.java:2994)
	at org.eclipse.cdt.internal.core.dom.parser.cpp.semantics.CPPTemplates.instantiateType(CPPTemplates.java:1567)
	at org.eclipse.cdt.internal.core.dom.parser.cpp.semantics.CPPTemplates.createSpecialization(CPPTemplates.java:1085)
	at org.eclipse.cdt.internal.core.dom.parser.cpp.CPPClassSpecialization.specializeMember(CPPClassSpecialization.java:193)
	at org.eclipse.cdt.internal.core.dom.parser.cpp.AbstractCPPClassSpecializationScope.getBindings(AbstractCPPClassSpecializationScope.java:135)
	at org.eclipse.cdt.internal.core.dom.parser.cpp.semantics.CPPSemantics.getBindingsFromScope(CPPSemantics.java:1380)
	at org.eclipse.cdt.internal.core.dom.parser.cpp.semantics.CPPSemantics.lookup(CPPSemantics.java:1095)
	at org.eclipse.cdt.internal.core.dom.parser.cpp.semantics.CPPSemantics.resolveUnknownName(CPPSemantics.java:4458)
	at org.eclipse.cdt.internal.core.dom.parser.cpp.semantics.CPPTemplates.resolveUnknownMember(CPPTemplates.java:3044)
	at org.eclipse.cdt.internal.core.dom.parser.cpp.semantics.CPPTemplates.resolveUnknown(CPPTemplates.java:3000)
	at org.eclipse.cdt.internal.core.dom.parser.cpp.semantics.CPPTemplates.instantiateType(CPPTemplates.java:1567)
	at org.eclipse.cdt.internal.core.dom.parser.cpp.semantics.CPPTemplates.instantiateArgument(CPPTemplates.java:1474)
	at org.eclipse.cdt.internal.core.dom.parser.cpp.semantics.CPPTemplates.instantiateArguments(CPPTemplates.java:1409)
	at org.eclipse.cdt.internal.core.dom.parser.cpp.semantics.CPPTemplates.resolveDeferredClassInstance(CPPTemplates.java:3071)
	at org.eclipse.cdt.internal.core.dom.parser.cpp.semantics.CPPTemplates.resolveUnknown(CPPTemplates.java:2994)
	at org.eclipse.cdt.internal.core.dom.parser.cpp.semantics.CPPTemplates.instantiateType(CPPTemplates.java:1567)
	at org.eclipse.cdt.internal.core.dom.parser.cpp.semantics.CPPTemplates.createSpecialization(CPPTemplates.java:1085)
	at org.eclipse.cdt.internal.core.dom.parser.cpp.CPPClassSpecialization.specializeMember(CPPClassSpecialization.java:193)
	at org.eclipse.cdt.internal.core.dom.parser.cpp.AbstractCPPClassSpecializationScope.getBindings(AbstractCPPClassSpecializationScope.java:135)
	at org.eclipse.cdt.internal.core.dom.parser.cpp.semantics.CPPSemantics.getBindingsFromScope(CPPSemantics.java:1380)
	at org.eclipse.cdt.internal.core.dom.parser.cpp.semantics.CPPSemantics.lookup(CPPSemantics.java:1095)
	at org.eclipse.cdt.internal.core.dom.parser.cpp.semantics.CPPSemantics.resolveUnknownName(CPPSemantics.java:4458)
	at org.eclipse.cdt.internal.core.dom.parser.cpp.semantics.CPPTemplates.resolveUnknownMember(CPPTemplates.java:3044)
	at org.eclipse.cdt.internal.core.dom.parser.cpp.semantics.CPPTemplates.resolveUnknown(CPPTemplates.java:3000)
	at org.eclipse.cdt.internal.core.dom.parser.cpp.semantics.CPPTemplates.instantiateType(CPPTemplates.java:1567)
	at org.eclipse.cdt.internal.core.dom.parser.cpp.semantics.CPPTemplates.instantiateArgument(CPPTemplates.java:1474)
	at org.eclipse.cdt.internal.core.dom.parser.cpp.semantics.CPPTemplates.instantiateArguments(CPPTemplates.java:1409)
	at org.eclipse.cdt.internal.core.dom.parser.cpp.semantics.CPPTemplates.resolveDeferredClassInstance(CPPTemplates.java:3071)
	at org.eclipse.cdt.internal.core.dom.parser.cpp.semantics.CPPTemplates.resolveUnknown(CPPTemplates.java:2994)
	at org.eclipse.cdt.internal.core.dom.parser.cpp.semantics.CPPTemplates.instantiateType(CPPTemplates.java:1567)
	at org.eclipse.cdt.internal.core.dom.parser.cpp.semantics.CPPTemplates.createSpecialization(CPPTemplates.java:1085)
	at org.eclipse.cdt.internal.core.dom.parser.cpp.CPPClassSpecialization.specializeMember(CPPClassSpecialization.java:193)
	at org.eclipse.cdt.internal.core.dom.parser.cpp.AbstractCPPClassSpecializationScope.getBindings(AbstractCPPClassSpecializationScope.java:135)
	at org.eclipse.cdt.internal.core.dom.parser.cpp.semantics.CPPSemantics.getBindingsFromScope(CPPSemantics.java:1380)
	at org.eclipse.cdt.internal.core.dom.parser.cpp.semantics.CPPSemantics.lookup(CPPSemantics.java:1095)
	at org.eclipse.cdt.internal.core.dom.parser.cpp.semantics.CPPSemantics.resolveUnknownName(CPPSemantics.java:4458)
	at org.eclipse.cdt.internal.core.dom.parser.cpp.semantics.CPPTemplates.resolveUnknownMember(CPPTemplates.java:3044)
	at org.eclipse.cdt.internal.core.dom.parser.cpp.semantics.CPPTemplates.resolveUnknown(CPPTemplates.java:3000)
	at org.eclipse.cdt.internal.core.dom.parser.cpp.semantics.CPPTemplates.instantiateType(CPPTemplates.java:1567)
	at org.eclipse.cdt.internal.core.dom.parser.cpp.semantics.CPPTemplates.instantiateArgument(CPPTemplates.java:1474)
	at org.eclipse.cdt.internal.core.dom.parser.cpp.semantics.CPPTemplates.instantiateArguments(CPPTemplates.java:1409)
	at org.eclipse.cdt.internal.core.dom.parser.cpp.semantics.CPPTemplates.resolveDeferredClassInstance(CPPTemplates.java:3071)
	at org.eclipse.cdt.internal.core.dom.parser.cpp.semantics.CPPTemplates.resolveUnknown(CPPTemplates.java:2994)
	at org.eclipse.cdt.internal.core.dom.parser.cpp.semantics.CPPTemplates.instantiateType(CPPTemplates.java:1567)
	at org.eclipse.cdt.internal.core.dom.parser.cpp.semantics.CPPTemplates.createSpecialization(CPPTemplates.java:1085)
	at org.eclipse.cdt.internal.core.dom.parser.cpp.CPPClassSpecialization.specializeMember(CPPClassSpecialization.java:193)
	at org.eclipse.cdt.internal.core.dom.parser.cpp.AbstractCPPClassSpecializationScope.getBindings(AbstractCPPClassSpecializationScope.java:135)
	at org.eclipse.cdt.internal.core.dom.parser.cpp.semantics.CPPSemantics.getBindingsFromScope(CPPSemantics.java:1380)
	at org.eclipse.cdt.internal.core.dom.parser.cpp.semantics.CPPSemantics.lookup(CPPSemantics.java:1095)
	at org.eclipse.cdt.internal.core.dom.parser.cpp.semantics.CPPSemantics.resolveUnknownName(CPPSemantics.java:4458)
	at org.eclipse.cdt.internal.core.dom.parser.cpp.semantics.CPPTemplates.resolveUnknownMember(CPPTemplates.java:3044)
	at org.eclipse.cdt.internal.core.dom.parser.cpp.semantics.CPPTemplates.resolveUnknown(CPPTemplates.java:3000)
	at org.eclipse.cdt.internal.core.dom.parser.cpp.semantics.CPPTemplates.instantiateType(CPPTemplates.java:1567)
	at org.eclipse.cdt.internal.core.dom.parser.cpp.semantics.CPPTemplates.instantiateArgument(CPPTemplates.java:1474)
	at org.eclipse.cdt.internal.core.dom.parser.cpp.semantics.CPPTemplates.instantiateArguments(CPPTemplates.java:1409)
	at org.eclipse.cdt.internal.core.dom.parser.cpp.semantics.CPPTemplates.resolveDeferredClassInstance(CPPTemplates.java:3071)
	at org.eclipse.cdt.internal.core.dom.parser.cpp.semantics.CPPTemplates.resolveUnknown(CPPTemplates.java:2994)
	at org.eclipse.cdt.internal.core.dom.parser.cpp.semantics.CPPTemplates.instantiateType(CPPTemplates.java:1567)
	at org.eclipse.cdt.internal.core.dom.parser.cpp.semantics.CPPTemplates.createSpecialization(CPPTemplates.java:1085)
	at org.eclipse.cdt.internal.core.dom.parser.cpp.CPPClassSpecialization.specializeMember(CPPClassSpecialization.java:193)
	at org.eclipse.cdt.internal.core.dom.parser.cpp.AbstractCPPClassSpecializationScope.getBindings(AbstractCPPClassSpecializationScope.java:135)
	at org.eclipse.cdt.internal.core.dom.parser.cpp.semantics.CPPSemantics.getBindingsFromScope(CPPSemantics.java:1380)
	at org.eclipse.cdt.internal.core.dom.parser.cpp.semantics.CPPSemantics.lookup(CPPSemantics.java:1095)
	at org.eclipse.cdt.internal.core.dom.parser.cpp.semantics.CPPSemantics.resolveUnknownName(CPPSemantics.java:4458)
	at org.eclipse.cdt.internal.core.dom.parser.cpp.semantics.CPPTemplates.resolveUnknownMember(CPPTemplates.java:3044)
	at org.eclipse.cdt.internal.core.dom.parser.cpp.semantics.CPPTemplates.resolveUnknown(CPPTemplates.java:3000)
	at org.eclipse.cdt.internal.core.dom.parser.cpp.semantics.CPPTemplates.instantiateType(CPPTemplates.java:1567)
	at org.eclipse.cdt.internal.core.dom.parser.cpp.semantics.CPPTemplates.instantiateArgument(CPPTemplates.java:1474)
	at org.eclipse.cdt.internal.core.dom.parser.cpp.semantics.CPPTemplates.instantiateArguments(CPPTemplates.java:1409)
	at org.eclipse.cdt.internal.core.dom.parser.cpp.semantics.CPPTemplates.resolveDeferredClassInstance(CPPTemplates.java:3071)
	at org.eclipse.cdt.internal.core.dom.parser.cpp.semantics.CPPTemplates.resolveUnknown(CPPTemplates.java:2994)
	at org.eclipse.cdt.internal.core.dom.parser.cpp.semantics.CPPTemplates.instantiateType(CPPTemplates.java:1567)
	at org.eclipse.cdt.internal.core.dom.parser.cpp.semantics.CPPTemplates.createSpecialization(CPPTemplates.java:1085)
	at org.eclipse.cdt.internal.core.dom.parser.cpp.CPPClassSpecialization.specializeMember(CPPClassSpecialization.java:193)
	at org.eclipse.cdt.internal.core.dom.parser.cpp.AbstractCPPClassSpecializationScope.getBindings(AbstractCPPClassSpecializationScope.java:135)
	at org.eclipse.cdt.internal.core.dom.parser.cpp.semantics.CPPSemantics.getBindingsFromScope(CPPSemantics.java:1380)
	at org.eclipse.cdt.internal.core.dom.parser.cpp.semantics.CPPSemantics.lookup(CPPSemantics.java:1095)
	at org.eclipse.cdt.internal.core.dom.parser.cpp.semantics.CPPSemantics.resolveUnknownName(CPPSemantics.java:4458)
	at org.eclipse.cdt.internal.core.dom.parser.cpp.semantics.CPPTemplates.resolveUnknownMember(CPPTemplates.java:3044)
	at org.eclipse.cdt.internal.core.dom.parser.cpp.semantics.CPPTemplates.resolveUnknown(CPPTemplates.java:3000)
	at org.eclipse.cdt.internal.core.dom.parser.cpp.semantics.CPPTemplates.instantiateType(CPPTemplates.java:1567)
	at org.eclipse.cdt.internal.core.dom.parser.cpp.semantics.CPPTemplates.instantiateArgument(CPPTemplates.java:1474)
	at org.eclipse.cdt.internal.core.dom.parser.cpp.semantics.CPPTemplates.instantiateArguments(CPPTemplates.java:1409)
	at org.eclipse.cdt.internal.core.dom.parser.cpp.semantics.CPPTemplates.resolveDeferredClassInstance(CPPTemplates.java:3071)
	at org.eclipse.cdt.internal.core.dom.parser.cpp.semantics.CPPTemplates.resolveUnknown(CPPTemplates.java:2994)
	at org.eclipse.cdt.internal.core.dom.parser.cpp.semantics.CPPTemplates.instantiateType(CPPTemplates.java:1567)
	at org.eclipse.cdt.internal.core.dom.parser.cpp.semantics.CPPTemplates.createSpecialization(CPPTemplates.java:1085)
	at org.eclipse.cdt.internal.core.dom.parser.cpp.CPPClassSpecialization.specializeMember(CPPClassSpecialization.java:193)
	at org.eclipse.cdt.internal.core.dom.parser.cpp.AbstractCPPClassSpecializationScope.getBindings(AbstractCPPClassSpecializationScope.java:135)
	at org.eclipse.cdt.internal.core.dom.parser.cpp.semantics.CPPSemantics.getBindingsFromScope(CPPSemantics.java:1380)
	at org.eclipse.cdt.internal.core.dom.parser.cpp.semantics.CPPSemantics.lookup(CPPSemantics.java:1095)
	at org.eclipse.cdt.internal.core.dom.parser.cpp.semantics.CPPSemantics.resolveUnknownName(CPPSemantics.java:4458)
	at org.eclipse.cdt.internal.core.dom.parser.cpp.semantics.CPPTemplates.resolveUnknownMember(CPPTemplates.java:3044)
	at org.eclipse.cdt.internal.core.dom.parser.cpp.semantics.CPPTemplates.resolveUnknown(CPPTemplates.java:3000)
	at org.eclipse.cdt.internal.core.dom.parser.cpp.semantics.CPPTemplates.instantiateType(CPPTemplates.java:1567)
	at org.eclipse.cdt.internal.core.dom.parser.cpp.semantics.CPPTemplates.instantiateArgument(CPPTemplates.java:1474)
	at org.eclipse.cdt.internal.core.dom.parser.cpp.semantics.CPPTemplates.instantiateArguments(CPPTemplates.java:1409)
	at org.eclipse.cdt.internal.core.dom.parser.cpp.semantics.CPPTemplates.resolveDeferredClassInstance(CPPTemplates.java:3071)
	at org.eclipse.cdt.internal.core.dom.parser.cpp.semantics.CPPTemplates.resolveUnknown(CPPTemplates.java:2994)
	at org.eclipse.cdt.internal.core.dom.parser.cpp.semantics.CPPTemplates.instantiateType(CPPTemplates.java:1567)
	at org.eclipse.cdt.internal.core.dom.parser.cpp.semantics.CPPTemplates.createSpecialization(CPPTemplates.java:1085)
	at org.eclipse.cdt.internal.core.dom.parser.cpp.CPPClassSpecialization.specializeMember(CPPClassSpecialization.java:193)
	at org.eclipse.cdt.internal.core.dom.parser.cpp.AbstractCPPClassSpecializationScope.getBindings(AbstractCPPClassSpecializationScope.java:135)
	at org.eclipse.cdt.internal.core.dom.parser.cpp.semantics.CPPSemantics.getBindingsFromScope(CPPSemantics.java:1380)
	at org.eclipse.cdt.internal.core.dom.parser.cpp.semantics.CPPSemantics.lookup(CPPSemantics.java:1095)
	at org.eclipse.cdt.internal.core.dom.parser.cpp.semantics.CPPSemantics.resolveUnknownName(CPPSemantics.java:4458)
	at org.eclipse.cdt.internal.core.dom.parser.cpp.semantics.CPPTemplates.resolveUnknownMember(CPPTemplates.java:3044)
	at org.eclipse.cdt.internal.core.dom.parser.cpp.semantics.CPPTemplates.resolveUnknown(CPPTemplates.java:3000)
	at org.eclipse.cdt.internal.core.dom.parser.cpp.semantics.CPPTemplates.instantiateType(CPPTemplates.java:1567)
	at org.eclipse.cdt.internal.core.dom.parser.cpp.semantics.CPPTemplates.instantiateArgument(CPPTemplates.java:1474)
	at org.eclipse.cdt.internal.core.dom.parser.cpp.semantics.CPPTemplates.instantiateArguments(CPPTemplates.java:1409)
	at org.eclipse.cdt.internal.core.dom.parser.cpp.semantics.CPPTemplates.resolveDeferredClassInstance(CPPTemplates.java:3071)
	at org.eclipse.cdt.internal.core.dom.parser.cpp.semantics.CPPTemplates.resolveUnknown(CPPTemplates.java:2994)
	at org.eclipse.cdt.internal.core.dom.parser.cpp.semantics.CPPTemplates.instantiateType(CPPTemplates.java:1567)
	at org.eclipse.cdt.internal.core.dom.parser.cpp.semantics.CPPTemplates.createSpecialization(CPPTemplates.java:1085)
	at org.eclipse.cdt.internal.core.dom.parser.cpp.CPPClassSpecialization.specializeMember(CPPClassSpecialization.java:193)
	at org.eclipse.cdt.internal.core.dom.parser.cpp.AbstractCPPClassSpecializationScope.getBindings(AbstractCPPClassSpecializationScope.java:135)
	at org.eclipse.cdt.internal.core.dom.parser.cpp.semantics.CPPSemantics.getBindingsFromScope(CPPSemantics.java:1380)
	at org.eclipse.cdt.internal.core.dom.parser.cpp.semantics.CPPSemantics.lookup(CPPSemantics.java:1095)
	at org.eclipse.cdt.internal.core.dom.parser.cpp.semantics.CPPSemantics.resolveUnknownName(CPPSemantics.java:4458)
	at org.eclipse.cdt.internal.core.dom.parser.cpp.semantics.CPPTemplates.resolveUnknownMember(CPPTemplates.java:3044)
	at org.eclipse.cdt.internal.core.dom.parser.cpp.semantics.CPPTemplates.resolveUnknown(CPPTemplates.java:3000)
	at org.eclipse.cdt.internal.core.dom.parser.cpp.semantics.CPPTemplates.instantiateType(CPPTemplates.java:1567)
	at org.eclipse.cdt.internal.core.dom.parser.cpp.semantics.CPPTemplates.instantiateArgument(CPPTemplates.java:1474)
	at org.eclipse.cdt.internal.core.dom.parser.cpp.semantics.CPPTemplates.instantiateArguments(CPPTemplates.java:1409)
	at org.eclipse.cdt.internal.core.dom.parser.cpp.semantics.CPPTemplates.resolveDeferredClassInstance(CPPTemplates.java:3071)
	at org.eclipse.cdt.internal.core.dom.parser.cpp.semantics.CPPTemplates.resolveUnknown(CPPTemplates.java:2994)
	at org.eclipse.cdt.internal.core.dom.parser.cpp.semantics.CPPTemplates.instantiateType(CPPTemplates.java:1567)
	at org.eclipse.cdt.internal.core.dom.parser.cpp.semantics.CPPTemplates.createSpecialization(CPPTemplates.java:1085)
	at org.eclipse.cdt.internal.core.dom.parser.cpp.CPPClassSpecialization.specializeMember(CPPClassSpecialization.java:193)
	at org.eclipse.cdt.internal.core.dom.parser.cpp.AbstractCPPClassSpecializationScope.getBindings(AbstractCPPClassSpecializationScope.java:135)
	at org.eclipse.cdt.internal.core.dom.parser.cpp.semantics.CPPSemantics.getBindingsFromScope(CPPSemantics.java:1380)
	at org.eclipse.cdt.internal.core.dom.parser.cpp.semantics.CPPSemantics.lookup(CPPSemantics.java:1095)
	at org.eclipse.cdt.internal.core.dom.parser.cpp.semantics.CPPSemantics.resolveUnknownName(CPPSemantics.java:4458)
	at org.eclipse.cdt.internal.core.dom.parser.cpp.semantics.CPPTemplates.resolveUnknownMember(CPPTemplates.java:3044)
	at org.eclipse.cdt.internal.core.dom.parser.cpp.semantics.CPPTemplates.resolveUnknown(CPPTemplates.java:3000)
	at org.eclipse.cdt.internal.core.dom.parser.cpp.semantics.CPPTemplates.instantiateType(CPPTemplates.java:1567)
	at org.eclipse.cdt.internal.core.dom.parser.cpp.semantics.CPPTemplates.instantiateArgument(CPPTemplates.java:1474)
	at org.eclipse.cdt.internal.core.dom.parser.cpp.semantics.CPPTemplates.instantiateArguments(CPPTemplates.java:1409)
	at org.eclipse.cdt.internal.core.dom.parser.cpp.semantics.CPPTemplates.resolveDeferredClassInstance(CPPTemplates.java:3071)
	at org.eclipse.cdt.internal.core.dom.parser.cpp.semantics.CPPTemplates.resolveUnknown(CPPTemplates.java:2994)
	at org.eclipse.cdt.internal.core.dom.parser.cpp.semantics.CPPTemplates.instantiateType(CPPTemplates.java:1567)
	at org.eclipse.cdt.internal.core.dom.parser.cpp.semantics.CPPTemplates.createSpecialization(CPPTemplates.java:1085)
	at org.eclipse.cdt.internal.core.dom.parser.cpp.CPPClassSpecialization.specializeMember(CPPClassSpecialization.java:193)
	at org.eclipse.cdt.internal.core.dom.parser.cpp.AbstractCPPClassSpecializationScope.getBindings(AbstractCPPClassSpecializationScope.java:135)
	at org.eclipse.cdt.internal.core.dom.parser.cpp.semantics.CPPSemantics.getBindingsFromScope(CPPSemantics.java:1380)
	at org.eclipse.cdt.internal.core.dom.parser.cpp.semantics.CPPSemantics.lookup(CPPSemantics.java:1095)
	at org.eclipse.cdt.internal.core.dom.parser.cpp.semantics.CPPSemantics.resolveUnknownName(CPPSemantics.java:4458)
	at org.eclipse.cdt.internal.core.dom.parser.cpp.semantics.CPPTemplates.resolveUnknownMember(CPPTemplates.java:3044)
	at org.eclipse.cdt.internal.core.dom.parser.cpp.semantics.CPPTemplates.resolveUnknown(CPPTemplates.java:3000)
	at org.eclipse.cdt.internal.core.dom.parser.cpp.semantics.CPPTemplates.instantiateType(CPPTemplates.java:1567)
	at org.eclipse.cdt.internal.core.dom.parser.cpp.semantics.CPPTemplates.instantiateArgument(CPPTemplates.java:1474)
	at org.eclipse.cdt.internal.core.dom.parser.cpp.semantics.CPPTemplates.instantiateArguments(CPPTemplates.java:1409)
	at org.eclipse.cdt.internal.core.dom.parser.cpp.semantics.CPPTemplates.resolveDeferredClassInstance(CPPTemplates.java:3071)
	at org.eclipse.cdt.internal.core.dom.parser.cpp.semantics.CPPTemplates.resolveUnknown(CPPTemplates.java:2994)
	at org.eclipse.cdt.internal.core.dom.parser.cpp.semantics.CPPTemplates.instantiateType(CPPTemplates.java:1567)
	at org.eclipse.cdt.internal.core.dom.parser.cpp.semantics.CPPTemplates.createSpecialization(CPPTemplates.java:1085)
	at org.eclipse.cdt.internal.core.dom.parser.cpp.CPPClassSpecialization.specializeMember(CPPClassSpecialization.java:193)
	at org.eclipse.cdt.internal.core.dom.parser.cpp.AbstractCPPClassSpecializationScope.getBindings(AbstractCPPClassSpecializationScope.java:135)
	at org.eclipse.cdt.internal.core.dom.parser.cpp.semantics.CPPSemantics.getBindingsFromScope(CPPSemantics.java:1380)
	at org.eclipse.cdt.internal.core.dom.parser.cpp.semantics.CPPSemantics.lookup(CPPSemantics.java:1095)
	at org.eclipse.cdt.internal.core.dom.parser.cpp.semantics.CPPSemantics.resolveUnknownName(CPPSemantics.java:4458)
	at org.eclipse.cdt.internal.core.dom.parser.cpp.semantics.CPPTemplates.resolveUnknownMember(CPPTemplates.java:3044)
	at org.eclipse.cdt.internal.core.dom.parser.cpp.semantics.CPPTemplates.resolveUnknown(CPPTemplates.java:3000)
	at org.eclipse.cdt.internal.core.dom.parser.cpp.semantics.CPPTemplates.instantiateType(CPPTemplates.java:1567)
	at org.eclipse.cdt.internal.core.dom.parser.cpp.semantics.CPPTemplates.instantiateArgument(CPPTemplates.java:1474)
	at org.eclipse.cdt.internal.core.dom.parser.cpp.semantics.CPPTemplates.instantiateArguments(CPPTemplates.java:1409)
	at org.eclipse.cdt.internal.core.dom.parser.cpp.semantics.CPPTemplates.resolveDeferredClassInstance(CPPTemplates.java:3071)
	at org.eclipse.cdt.internal.core.dom.parser.cpp.semantics.CPPTemplates.resolveUnknown(CPPTemplates.java:2994)
	at org.eclipse.cdt.internal.core.dom.parser.cpp.semantics.CPPTemplates.instantiateType(CPPTemplates.java:1567)
	at org.eclipse.cdt.internal.core.dom.parser.cpp.semantics.CPPTemplates.createSpecialization(CPPTemplates.java:1085)
	at org.eclipse.cdt.internal.core.dom.parser.cpp.CPPClassSpecialization.specializeMember(CPPClassSpecialization.java:193)
	at org.eclipse.cdt.internal.core.dom.parser.cpp.AbstractCPPClassSpecializationScope.getBindings(AbstractCPPClassSpecializationScope.java:135)
	at org.eclipse.cdt.internal.core.dom.parser.cpp.semantics.CPPSemantics.getBindingsFromScope(CPPSemantics.java:1380)
	at org.eclipse.cdt.internal.core.dom.parser.cpp.semantics.CPPSemantics.lookup(CPPSemantics.java:1095)
	at org.eclipse.cdt.internal.core.dom.parser.cpp.semantics.CPPSemantics.resolveUnknownName(CPPSemantics.java:4458)
	at org.eclipse.cdt.internal.core.dom.parser.cpp.semantics.CPPTemplates.resolveUnknownMember(CPPTemplates.java:3044)
	at org.eclipse.cdt.internal.core.dom.parser.cpp.semantics.CPPTemplates.resolveUnknown(CPPTemplates.java:3000)
	at org.eclipse.cdt.internal.core.dom.parser.cpp.semantics.CPPTemplates.instantiateType(CPPTemplates.java:1567)
	at org.eclipse.cdt.internal.core.dom.parser.cpp.semantics.CPPTemplates.instantiateArgument(CPPTemplates.java:1474)
	at org.eclipse.cdt.internal.core.dom.parser.cpp.semantics.CPPTemplates.instantiateArguments(CPPTemplates.java:1409)
	at org.eclipse.cdt.internal.core.dom.parser.cpp.semantics.CPPTemplates.resolveDeferredClassInstance(CPPTemplates.java:3071)
	at org.eclipse.cdt.internal.core.dom.parser.cpp.semantics.CPPTemplates.resolveUnknown(CPPTemplates.java:2994)
	at org.eclipse.cdt.internal.core.dom.parser.cpp.semantics.CPPTemplates.instantiateType(CPPTemplates.java:1567)
	at org.eclipse.cdt.internal.core.dom.parser.cpp.semantics.CPPTemplates.createSpecialization(CPPTemplates.java:1085)
	at org.eclipse.cdt.internal.core.dom.parser.cpp.CPPClassSpecialization.specializeMember(CPPClassSpecialization.java:193)
	at org.eclipse.cdt.internal.core.dom.parser.cpp.AbstractCPPClassSpecializationScope.getBindings(AbstractCPPClassSpecializationScope.java:135)
	at org.eclipse.cdt.internal.core.dom.parser.cpp.semantics.CPPSemantics.getBindingsFromScope(CPPSemantics.java:1380)
	at org.eclipse.cdt.internal.core.dom.parser.cpp.semantics.CPPSemantics.lookup(CPPSemantics.java:1095)
	at org.eclipse.cdt.internal.core.dom.parser.cpp.semantics.CPPSemantics.resolveUnknownName(CPPSemantics.java:4458)
	at org.eclipse.cdt.internal.core.dom.parser.cpp.semantics.CPPTemplates.resolveUnknownMember(CPPTemplates.java:3044)
	at org.eclipse.cdt.internal.core.dom.parser.cpp.semantics.CPPTemplates.resolveUnknown(CPPTemplates.java:3000)
	at org.eclipse.cdt.internal.core.dom.parser.cpp.semantics.CPPTemplates.instantiateType(CPPTemplates.java:1567)
	at org.eclipse.cdt.internal.core.dom.parser.cpp.semantics.CPPTemplates.instantiateArgument(CPPTemplates.java:1474)
	at org.eclipse.cdt.internal.core.dom.parser.cpp.semantics.CPPTemplates.instantiateArguments(CPPTemplates.java:1409)
	at org.eclipse.cdt.internal.core.dom.parser.cpp.semantics.CPPTemplates.resolveDeferredClassInstance(CPPTemplates.java:3071)
	at org.eclipse.cdt.internal.core.dom.parser.cpp.semantics.CPPTemplates.resolveUnknown(CPPTemplates.java:2994)
	at org.eclipse.cdt.internal.core.dom.parser.cpp.semantics.CPPTemplates.instantiateType(CPPTemplates.java:1567)
	at org.eclipse.cdt.internal.core.dom.parser.cpp.semantics.CPPTemplates.createSpecialization(CPPTemplates.java:1085)
	at org.eclipse.cdt.internal.core.dom.parser.cpp.CPPClassSpecialization.specializeMember(CPPClassSpecialization.java:193)
	at org.eclipse.cdt.internal.core.dom.parser.cpp.AbstractCPPClassSpecializationScope.getBindings(AbstractCPPClassSpecializationScope.java:135)
	at org.eclipse.cdt.internal.core.dom.parser.cpp.semantics.CPPSemantics.getBindingsFromScope(CPPSemantics.java:1380)
	at org.eclipse.cdt.internal.core.dom.parser.cpp.semantics.CPPSemantics.lookup(CPPSemantics.java:1095)
	at org.eclipse.cdt.internal.core.dom.parser.cpp.semantics.CPPSemantics.resolveUnknownName(CPPSemantics.java:4458)
	at org.eclipse.cdt.internal.core.dom.parser.cpp.semantics.CPPTemplates.resolveUnknownMember(CPPTemplates.java:3044)
	at org.eclipse.cdt.internal.core.dom.parser.cpp.semantics.CPPTemplates.resolveUnknown(CPPTemplates.java:3000)
	at org.eclipse.cdt.internal.core.dom.parser.cpp.semantics.CPPTemplates.instantiateType(CPPTemplates.java:1567)
	at org.eclipse.cdt.internal.core.dom.parser.cpp.semantics.CPPTemplates.instantiateArgument(CPPTemplates.java:1474)
	at org.eclipse.cdt.internal.core.dom.parser.cpp.semantics.CPPTemplates.instantiateArguments(CPPTemplates.java:1409)
	at org.eclipse.cdt.internal.core.dom.parser.cpp.semantics.CPPTemplates.resolveDeferredClassInstance(CPPTemplates.java:3071)
	at org.eclipse.cdt.internal.core.dom.parser.cpp.semantics.CPPTemplates.resolveUnknown(CPPTemplates.java:2994)
	at org.eclipse.cdt.internal.core.dom.parser.cpp.semantics.CPPTemplates.instantiateType(CPPTemplates.java:1567)
	at org.eclipse.cdt.internal.core.dom.parser.cpp.semantics.CPPTemplates.createSpecialization(CPPTemplates.java:1085)
	at org.eclipse.cdt.internal.core.dom.parser.cpp.CPPClassSpecialization.specializeMember(CPPClassSpecialization.java:193)
	at org.eclipse.cdt.internal.core.dom.parser.cpp.AbstractCPPClassSpecializationScope.getBindings(AbstractCPPClassSpecializationScope.java:135)
	at org.eclipse.cdt.internal.core.dom.parser.cpp.semantics.CPPSemantics.getBindingsFromScope(CPPSemantics.java:1380)
	at org.eclipse.cdt.internal.core.dom.parser.cpp.semantics.CPPSemantics.lookup(CPPSemantics.java:1095)
	at org.eclipse.cdt.internal.core.dom.parser.cpp.semantics.CPPSemantics.resolveUnknownName(CPPSemantics.java:4458)
	at org.eclipse.cdt.internal.core.dom.parser.cpp.semantics.CPPTemplates.resolveUnknownMember(CPPTemplates.java:3044)
	at org.eclipse.cdt.internal.core.dom.parser.cpp.semantics.CPPTemplates.resolveUnknown(CPPTemplates.java:3000)
	at org.eclipse.cdt.internal.core.dom.parser.cpp.semantics.CPPTemplates.instantiateType(CPPTemplates.java:1567)
	at org.eclipse.cdt.internal.core.dom.parser.cpp.semantics.CPPTemplates.instantiateArgument(CPPTemplates.java:1474)
	at org.eclipse.cdt.internal.core.dom.parser.cpp.semantics.CPPTemplates.instantiateArguments(CPPTemplates.java:1409)
	at org.eclipse.cdt.internal.core.dom.parser.cpp.semantics.CPPTemplates.resolveDeferredClassInstance(CPPTemplates.java:3071)
	at org.eclipse.cdt.internal.core.dom.parser.cpp.semantics.CPPTemplates.resolveUnknown(CPPTemplates.java:2994)
	at org.eclipse.cdt.internal.core.dom.parser.cpp.semantics.CPPTemplates.instantiateType(CPPTemplates.java:1567)
	at org.eclipse.cdt.internal.core.dom.parser.cpp.semantics.CPPTemplates.createSpecialization(CPPTemplates.java:1085)
	at org.eclipse.cdt.internal.core.dom.parser.cpp.CPPClassSpecialization.specializeMember(CPPClassSpecialization.java:193)
	at org.eclipse.cdt.internal.core.dom.parser.cpp.AbstractCPPClassSpecializationScope.getBindings(AbstractCPPClassSpecializationScope.java:135)
	at org.eclipse.cdt.internal.core.dom.parser.cpp.semantics.CPPSemantics.getBindingsFromScope(CPPSemantics.java:1380)
	at org.eclipse.cdt.internal.core.dom.parser.cpp.semantics.CPPSemantics.lookup(CPPSemantics.java:1095)
	at org.eclipse.cdt.internal.core.dom.parser.cpp.semantics.CPPSemantics.resolveUnknownName(CPPSemantics.java:4458)
	at org.eclipse.cdt.internal.core.dom.parser.cpp.semantics.CPPTemplates.resolveUnknownMember(CPPTemplates.java:3044)
	at org.eclipse.cdt.internal.core.dom.parser.cpp.semantics.CPPTemplates.resolveUnknown(CPPTemplates.java:3000)
	at org.eclipse.cdt.internal.core.dom.parser.cpp.semantics.CPPTemplates.instantiateType(CPPTemplates.java:1567)
	at org.eclipse.cdt.internal.core.dom.parser.cpp.semantics.CPPTemplates.instantiateArgument(CPPTemplates.java:1474)
	at org.eclipse.cdt.internal.core.dom.parser.cpp.semantics.CPPTemplates.instantiateArguments(CPPTemplates.java:1409)
	at org.eclipse.cdt.internal.core.dom.parser.cpp.semantics.CPPTemplates.resolveDeferredClassInstance(CPPTemplates.java:3071)
	at org.eclipse.cdt.internal.core.dom.parser.cpp.semantics.CPPTemplates.resolveUnknown(CPPTemplates.java:2994)
	at org.eclipse.cdt.internal.core.dom.parser.cpp.semantics.CPPTemplates.instantiateType(CPPTemplates.java:1567)
	at org.eclipse.cdt.internal.core.dom.parser.cpp.semantics.CPPTemplates.createSpecialization(CPPTemplates.java:1085)
	at org.eclipse.cdt.internal.core.dom.parser.cpp.CPPClassSpecialization.specializeMember(CPPClassSpecialization.java:193)
	at org.eclipse.cdt.internal.core.dom.parser.cpp.AbstractCPPClassSpecializationScope.getBindings(AbstractCPPClassSpecializationScope.java:135)
	at org.eclipse.cdt.internal.core.dom.parser.cpp.semantics.CPPSemantics.getBindingsFromScope(CPPSemantics.java:1380)
	at org.eclipse.cdt.internal.core.dom.parser.cpp.semantics.CPPSemantics.lookup(CPPSemantics.java:1095)
	at org.eclipse.cdt.internal.core.dom.parser.cpp.semantics.CPPSemantics.resolveUnknownName(CPPSemantics.java:4458)
	at org.eclipse.cdt.internal.core.dom.parser.cpp.semantics.CPPTemplates.resolveUnknownMember(CPPTemplates.java:3044)
	at org.eclipse.cdt.internal.core.dom.parser.cpp.semantics.CPPTemplates.resolveUnknown(CPPTemplates.java:3000)
	at org.eclipse.cdt.internal.core.dom.parser.cpp.semantics.CPPTemplates.instantiateType(CPPTemplates.java:1567)
	at org.eclipse.cdt.internal.core.dom.parser.cpp.semantics.CPPTemplates.instantiateArgument(CPPTemplates.java:1474)
	at org.eclipse.cdt.internal.core.dom.parser.cpp.semantics.CPPTemplates.instantiateArguments(CPPTemplates.java:1409)
	at org.eclipse.cdt.internal.core.dom.parser.cpp.semantics.CPPTemplates.resolveDeferredClassInstance(CPPTemplates.java:3071)
	at org.eclipse.cdt.internal.core.dom.parser.cpp.semantics.CPPTemplates.resolveUnknown(CPPTemplates.java:2994)
	at org.eclipse.cdt.internal.core.dom.parser.cpp.semantics.CPPTemplates.instantiateType(CPPTemplates.java:1567)
	at org.eclipse.cdt.internal.core.dom.parser.cpp.semantics.CPPTemplates.createSpecialization(CPPTemplates.java:1085)
	at org.eclipse.cdt.internal.core.dom.parser.cpp.CPPClassSpecialization.specializeMember(CPPClassSpecialization.java:193)
	at org.eclipse.cdt.internal.core.dom.parser.cpp.AbstractCPPClassSpecializationScope.getBindings(AbstractCPPClassSpecializationScope.java:135)
	at org.eclipse.cdt.internal.core.dom.parser.cpp.semantics.CPPSemantics.getBindingsFromScope(CPPSemantics.java:1380)
	at org.eclipse.cdt.internal.core.dom.parser.cpp.semantics.CPPSemantics.lookup(CPPSemantics.java:1095)
	at org.eclipse.cdt.internal.core.dom.parser.cpp.semantics.CPPSemantics.resolveUnknownName(CPPSemantics.java:4458)
	at org.eclipse.cdt.internal.core.dom.parser.cpp.semantics.CPPTemplates.resolveUnknownMember(CPPTemplates.java:3044)
	at org.eclipse.cdt.internal.core.dom.parser.cpp.semantics.CPPTemplates.resolveUnknown(CPPTemplates.java:3000)
	at org.eclipse.cdt.internal.core.dom.parser.cpp.semantics.CPPTemplates.instantiateType(CPPTemplates.java:1567)
	at org.eclipse.cdt.internal.core.dom.parser.cpp.semantics.CPPTemplates.instantiateArgument(CPPTemplates.java:1474)
	at org.eclipse.cdt.internal.core.dom.parser.cpp.semantics.CPPTemplates.instantiateArguments(CPPTemplates.java:1409)
	at org.eclipse.cdt.internal.core.dom.parser.cpp.semantics.CPPTemplates.resolveDeferredClassInstance(CPPTemplates.java:3071)
	at org.eclipse.cdt.internal.core.dom.parser.cpp.semantics.CPPTemplates.resolveUnknown(CPPTemplates.java:2994)
	at org.eclipse.cdt.internal.core.dom.parser.cpp.semantics.CPPTemplates.instantiateType(CPPTemplates.java:1567)
	at org.eclipse.cdt.internal.core.dom.parser.cpp.semantics.CPPTemplates.createSpecialization(CPPTemplates.java:1085)
	at org.eclipse.cdt.internal.core.dom.parser.cpp.CPPClassSpecialization.specializeMember(CPPClassSpecialization.java:193)
	at org.eclipse.cdt.internal.core.dom.parser.cpp.AbstractCPPClassSpecializationScope.getBindings(AbstractCPPClassSpecializationScope.java:135)
	at org.eclipse.cdt.internal.core.dom.parser.cpp.semantics.CPPSemantics.getBindingsFromScope(CPPSemantics.java:1380)
	at org.eclipse.cdt.internal.core.dom.parser.cpp.semantics.CPPSemantics.lookup(CPPSemantics.java:1095)
	at org.eclipse.cdt.internal.core.dom.parser.cpp.semantics.CPPSemantics.resolveUnknownName(CPPSemantics.java:4458)
	at org.eclipse.cdt.internal.core.dom.parser.cpp.semantics.CPPTemplates.resolveUnknownMember(CPPTemplates.java:3044)
	at org.eclipse.cdt.internal.core.dom.parser.cpp.semantics.CPPTemplates.resolveUnknown(CPPTemplates.java:3000)
	at org.eclipse.cdt.internal.core.dom.parser.cpp.semantics.CPPTemplates.instantiateType(CPPTemplates.java:1567)
	at org.eclipse.cdt.internal.core.dom.parser.cpp.semantics.CPPTemplates.instantiateArgument(CPPTemplates.java:1474)
	at org.eclipse.cdt.internal.core.dom.parser.cpp.semantics.CPPTemplates.instantiateArguments(CPPTemplates.java:1409)
	at org.eclipse.cdt.internal.core.dom.parser.cpp.semantics.CPPTemplates.resolveDeferredClassInstance(CPPTemplates.java:3071)
	at org.eclipse.cdt.internal.core.dom.parser.cpp.semantics.CPPTemplates.resolveUnknown(CPPTemplates.java:2994)
	at org.eclipse.cdt.internal.core.dom.parser.cpp.semantics.CPPTemplates.instantiateType(CPPTemplates.java:1567)
	at org.eclipse.cdt.internal.core.dom.parser.cpp.semantics.CPPTemplates.createSpecialization(CPPTemplates.java:1085)
	at org.eclipse.cdt.internal.core.dom.parser.cpp.CPPClassSpecialization.specializeMember(CPPClassSpecialization.java:193)
	at org.eclipse.cdt.internal.core.dom.parser.cpp.AbstractCPPClassSpecializationScope.getBindings(AbstractCPPClassSpecializationScope.java:135)
	at org.eclipse.cdt.internal.core.dom.parser.cpp.semantics.CPPSemantics.getBindingsFromScope(CPPSemantics.java:1380)
	at org.eclipse.cdt.internal.core.dom.parser.cpp.semantics.CPPSemantics.lookup(CPPSemantics.java:1095)
	at org.eclipse.cdt.internal.core.dom.parser.cpp.semantics.CPPSemantics.resolveUnknownName(CPPSemantics.java:4458)
	at org.eclipse.cdt.internal.core.dom.parser.cpp.semantics.CPPTemplates.resolveUnknownMember(CPPTemplates.java:3044)
	at org.eclipse.cdt.internal.core.dom.parser.cpp.semantics.CPPTemplates.resolveUnknown(CPPTemplates.java:3000)
	at org.eclipse.cdt.internal.core.dom.parser.cpp.semantics.CPPTemplates.instantiateType(CPPTemplates.java:1567)
	at org.eclipse.cdt.internal.core.dom.parser.cpp.semantics.CPPTemplates.instantiateArgument(CPPTemplates.java:1474)
	at org.eclipse.cdt.internal.core.dom.parser.cpp.semantics.CPPTemplates.instantiateArguments(CPPTemplates.java:1409)
	at org.eclipse.cdt.internal.core.dom.parser.cpp.semantics.CPPTemplates.resolveDeferredClassInstance(CPPTemplates.java:3071)
	at org.eclipse.cdt.internal.core.dom.parser.cpp.semantics.CPPTemplates.resolveUnknown(CPPTemplates.java:2994)
	at org.eclipse.cdt.internal.core.dom.parser.cpp.semantics.CPPTemplates.instantiateType(CPPTemplates.java:1567)
	at org.eclipse.cdt.internal.core.dom.parser.cpp.semantics.CPPTemplates.createSpecialization(CPPTemplates.java:1085)
	at org.eclipse.cdt.internal.core.dom.parser.cpp.CPPClassSpecialization.specializeMember(CPPClassSpecialization.java:193)
	at org.eclipse.cdt.internal.core.dom.parser.cpp.AbstractCPPClassSpecializationScope.getBindings(AbstractCPPClassSpecializationScope.java:135)
	at org.eclipse.cdt.internal.core.dom.parser.cpp.semantics.CPPSemantics.getBindingsFromScope(CPPSemantics.java:1380)
	at org.eclipse.cdt.internal.core.dom.parser.cpp.semantics.CPPSemantics.lookup(CPPSemantics.java:1095)
	at org.eclipse.cdt.internal.core.dom.parser.cpp.semantics.CPPSemantics.resolveUnknownName(CPPSemantics.java:4458)
	at org.eclipse.cdt.internal.core.dom.parser.cpp.semantics.CPPTemplates.resolveUnknownMember(CPPTemplates.java:3044)
	at org.eclipse.cdt.internal.core.dom.parser.cpp.semantics.CPPTemplates.resolveUnknown(CPPTemplates.java:3000)
	at org.eclipse.cdt.internal.core.dom.parser.cpp.semantics.CPPTemplates.instantiateType(CPPTemplates.java:1567)
	at org.eclipse.cdt.internal.core.dom.parser.cpp.semantics.CPPTemplates.instantiateArgument(CPPTemplates.java:1474)
	at org.eclipse.cdt.internal.core.dom.parser.cpp.semantics.CPPTemplates.instantiateArguments(CPPTemplates.java:1409)
	at org.eclipse.cdt.internal.core.dom.parser.cpp.semantics.CPPTemplates.resolveDeferredClassInstance(CPPTemplates.java:3071)
	at org.eclipse.cdt.internal.core.dom.parser.cpp.semantics.CPPTemplates.resolveUnknown(CPPTemplates.java:2994)
	at org.eclipse.cdt.internal.core.dom.parser.cpp.semantics.CPPTemplates.instantiateType(CPPTemplates.java:1567)
	at org.eclipse.cdt.internal.core.dom.parser.cpp.semantics.CPPTemplates.createSpecialization(CPPTemplates.java:1085)
	at org.eclipse.cdt.internal.core.dom.parser.cpp.CPPClassSpecialization.specializeMember(CPPClassSpecialization.java:193)
	at org.eclipse.cdt.internal.core.dom.parser.cpp.AbstractCPPClassSpecializationScope.getBindings(AbstractCPPClassSpecializationScope.java:135)
	at org.eclipse.cdt.internal.core.dom.parser.cpp.semantics.CPPSemantics.getBindingsFromScope(CPPSemantics.java:1380)
	at org.eclipse.cdt.internal.core.dom.parser.cpp.semantics.CPPSemantics.lookup(CPPSemantics.java:1095)
	at org.eclipse.cdt.internal.core.dom.parser.cpp.semantics.CPPSemantics.resolveUnknownName(CPPSemantics.java:4458)
	at org.eclipse.cdt.internal.core.dom.parser.cpp.semantics.CPPTemplates.resolveUnknownMember(CPPTemplates.java:3044)
	at org.eclipse.cdt.internal.core.dom.parser.cpp.semantics.CPPTemplates.resolveUnknown(CPPTemplates.java:3000)
	at org.eclipse.cdt.internal.core.dom.parser.cpp.semantics.CPPTemplates.instantiateType(CPPTemplates.java:1567)
	at org.eclipse.cdt.internal.core.dom.parser.cpp.semantics.CPPTemplates.instantiateArgument(CPPTemplates.java:1474)
	at org.eclipse.cdt.internal.core.dom.parser.cpp.semantics.CPPTemplates.instantiateArguments(CPPTemplates.java:1409)
	at org.eclipse.cdt.internal.core.dom.parser.cpp.semantics.CPPTemplates.resolveDeferredClassInstance(CPPTemplates.java:3071)
	at org.eclipse.cdt.internal.core.dom.parser.cpp.semantics.CPPTemplates.resolveUnknown(CPPTemplates.java:2994)
	at org.eclipse.cdt.internal.core.dom.parser.cpp.semantics.CPPTemplates.instantiateType(CPPTemplates.java:1567)
	at org.eclipse.cdt.internal.core.dom.parser.cpp.semantics.CPPTemplates.createSpecialization(CPPTemplates.java:1085)
	at org.eclipse.cdt.internal.core.dom.parser.cpp.CPPClassSpecialization.specializeMember(CPPClassSpecialization.java:193)
	at org.eclipse.cdt.internal.core.dom.parser.cpp.AbstractCPPClassSpecializationScope.getBindings(AbstractCPPClassSpecializationScope.java:135)
	at org.eclipse.cdt.internal.core.dom.parser.cpp.semantics.CPPSemantics.getBindingsFromScope(CPPSemantics.java:1380)
	at org.eclipse.cdt.internal.core.dom.parser.cpp.semantics.CPPSemantics.lookup(CPPSemantics.java:1095)
	at org.eclipse.cdt.internal.core.dom.parser.cpp.semantics.CPPSemantics.resolveUnknownName(CPPSemantics.java:4458)
	at org.eclipse.cdt.internal.core.dom.parser.cpp.semantics.CPPTemplates.resolveUnknownMember(CPPTemplates.java:3044)
	at org.eclipse.cdt.internal.core.dom.parser.cpp.semantics.CPPTemplates.resolveUnknown(CPPTemplates.java:3000)
	at org.eclipse.cdt.internal.core.dom.parser.cpp.semantics.CPPTemplates.instantiateType(CPPTemplates.java:1567)
	at org.eclipse.cdt.internal.core.dom.parser.cpp.semantics.CPPTemplates.instantiateArgument(CPPTemplates.java:1474)
	at org.eclipse.cdt.internal.core.dom.parser.cpp.semantics.CPPTemplates.instantiateArguments(CPPTemplates.java:1409)
	at org.eclipse.cdt.internal.core.dom.parser.cpp.semantics.CPPTemplates.resolveDeferredClassInstance(CPPTemplates.java:3071)
	at org.eclipse.cdt.internal.core.dom.parser.cpp.semantics.CPPTemplates.resolveUnknown(CPPTemplates.java:2994)
	at org.eclipse.cdt.internal.core.dom.parser.cpp.semantics.CPPTemplates.instantiateType(CPPTemplates.java:1567)
	at org.eclipse.cdt.internal.core.dom.parser.cpp.semantics.CPPTemplates.createSpecialization(CPPTemplates.java:1085)
	at org.eclipse.cdt.internal.core.dom.parser.cpp.CPPClassSpecialization.specializeMember(CPPClassSpecialization.java:193)
	at org.eclipse.cdt.internal.core.dom.parser.cpp.AbstractCPPClassSpecializationScope.getBindings(AbstractCPPClassSpecializationScope.java:135)
	at org.eclipse.cdt.internal.core.dom.parser.cpp.semantics.CPPSemantics.getBindingsFromScope(CPPSemantics.java:1380)
	at org.eclipse.cdt.internal.core.dom.parser.cpp.semantics.CPPSemantics.lookup(CPPSemantics.java:1095)
	at org.eclipse.cdt.internal.core.dom.parser.cpp.semantics.CPPSemantics.resolveUnknownName(CPPSemantics.java:4458)
	at org.eclipse.cdt.internal.core.dom.parser.cpp.semantics.CPPTemplates.resolveUnknownMember(CPPTemplates.java:3044)
	at org.eclipse.cdt.internal.core.dom.parser.cpp.semantics.CPPTemplates.resolveUnknown(CPPTemplates.java:3000)
	at org.eclipse.cdt.internal.core.dom.parser.cpp.semantics.CPPTemplates.instantiateType(CPPTemplates.java:1567)
	at org.eclipse.cdt.internal.core.dom.parser.cpp.semantics.CPPTemplates.instantiateArgument(CPPTemplates.java:1474)
	at org.eclipse.cdt.internal.core.dom.parser.cpp.semantics.CPPTemplates.instantiateArguments(CPPTemplates.java:1409)
	at org.eclipse.cdt.internal.core.dom.parser.cpp.semantics.CPPTemplates.resolveDeferredClassInstance(CPPTemplates.java:3071)
	at org.eclipse.cdt.internal.core.dom.parser.cpp.semantics.CPPTemplates.resolveUnknown(CPPTemplates.java:2994)
	at org.eclipse.cdt.internal.core.dom.parser.cpp.semantics.CPPTemplates.instantiateType(CPPTemplates.java:1567)
	at org.eclipse.cdt.internal.core.dom.parser.cpp.semantics.CPPTemplates.createSpecialization(CPPTemplates.java:1085)
	at org.eclipse.cdt.internal.core.dom.parser.cpp.CPPClassSpecialization.specializeMember(CPPClassSpecialization.java:193)
	at org.eclipse.cdt.internal.core.dom.parser.cpp.AbstractCPPClassSpecializationScope.getBindings(AbstractCPPClassSpecializationScope.java:135)
	at org.eclipse.cdt.internal.core.dom.parser.cpp.semantics.CPPSemantics.getBindingsFromScope(CPPSemantics.java:1380)
	at org.eclipse.cdt.internal.core.dom.parser.cpp.semantics.CPPSemantics.lookup(CPPSemantics.java:1095)
	at org.eclipse.cdt.internal.core.dom.parser.cpp.semantics.CPPSemantics.resolveUnknownName(CPPSemantics.java:4458)
	at org.eclipse.cdt.internal.core.dom.parser.cpp.semantics.CPPTemplates.resolveUnknownMember(CPPTemplates.java:3044)
	at org.eclipse.cdt.internal.core.dom.parser.cpp.semantics.CPPTemplates.resolveUnknown(CPPTemplates.java:3000)
	at org.eclipse.cdt.internal.core.dom.parser.cpp.semantics.CPPTemplates.instantiateType(CPPTemplates.java:1567)
	at org.eclipse.cdt.internal.core.dom.parser.cpp.semantics.CPPTemplates.instantiateArgument(CPPTemplates.java:1474)
	at org.eclipse.cdt.internal.core.dom.parser.cpp.semantics.CPPTemplates.instantiateArguments(CPPTemplates.java:1409)
	at org.eclipse.cdt.internal.core.dom.parser.cpp.semantics.CPPTemplates.resolveDeferredClassInstance(CPPTemplates.java:3071)
	at org.eclipse.cdt.internal.core.dom.parser.cpp.semantics.CPPTemplates.resolveUnknown(CPPTemplates.java:2994)
	at org.eclipse.cdt.internal.core.dom.parser.cpp.semantics.CPPTemplates.instantiateType(CPPTemplates.java:1567)
	at org.eclipse.cdt.internal.core.dom.parser.cpp.semantics.CPPTemplates.createSpecialization(CPPTemplates.java:1085)
	at org.eclipse.cdt.internal.core.dom.parser.cpp.CPPClassSpecialization.specializeMember(CPPClassSpecialization.java:193)
	at org.eclipse.cdt.internal.core.dom.parser.cpp.AbstractCPPClassSpecializationScope.getBindings(AbstractCPPClassSpecializationScope.java:135)
	at org.eclipse.cdt.internal.core.dom.parser.cpp.semantics.CPPSemantics.getBindingsFromScope(CPPSemantics.java:1380)
	at org.eclipse.cdt.internal.core.dom.parser.cpp.semantics.CPPSemantics.lookup(CPPSemantics.java:1095)
	at org.eclipse.cdt.internal.core.dom.parser.cpp.semantics.CPPSemantics.resolveUnknownName(CPPSemantics.java:4458)
	at org.eclipse.cdt.internal.core.dom.parser.cpp.semantics.CPPTemplates.resolveUnknownMember(CPPTemplates.java:3044)
	at org.eclipse.cdt.internal.core.dom.parser.cpp.semantics.CPPTemplates.resolveUnknown(CPPTemplates.java:3000)
	at org.eclipse.cdt.internal.core.dom.parser.cpp.semantics.CPPTemplates.instantiateType(CPPTemplates.java:1567)
	at org.eclipse.cdt.internal.core.dom.parser.cpp.semantics.CPPTemplates.instantiateArgument(CPPTemplates.java:1474)
	at org.eclipse.cdt.internal.core.dom.parser.cpp.semantics.CPPTemplates.instantiateArguments(CPPTemplates.java:1409)
	at org.eclipse.cdt.internal.core.dom.parser.cpp.semantics.CPPTemplates.resolveDeferredClassInstance(CPPTemplates.java:3071)
	at org.eclipse.cdt.internal.core.dom.parser.cpp.semantics.CPPTemplates.resolveUnknown(CPPTemplates.java:2994)
	at org.eclipse.cdt.internal.core.dom.parser.cpp.semantics.CPPTemplates.instantiateType(CPPTemplates.java:1567)
	at org.eclipse.cdt.internal.core.dom.parser.cpp.semantics.CPPTemplates.createSpecialization(CPPTemplates.java:1085)
	at org.eclipse.cdt.internal.core.dom.parser.cpp.CPPClassSpecialization.specializeMember(CPPClassSpecialization.java:193)
	at org.eclipse.cdt.internal.core.dom.parser.cpp.AbstractCPPClassSpecializationScope.getBindings(AbstractCPPClassSpecializationScope.java:135)
	at org.eclipse.cdt.internal.core.dom.parser.cpp.semantics.CPPSemantics.getBindingsFromScope(CPPSemantics.java:1380)
	at org.eclipse.cdt.internal.core.dom.parser.cpp.semantics.CPPSemantics.lookup(CPPSemantics.java:1095)
	at org.eclipse.cdt.internal.core.dom.parser.cpp.semantics.CPPSemantics.resolveUnknownName(CPPSemantics.java:4458)
	at org.eclipse.cdt.internal.core.dom.parser.cpp.semantics.CPPTemplates.resolveUnknownMember(CPPTemplates.java:3044)
	at org.eclipse.cdt.internal.core.dom.parser.cpp.semantics.CPPTemplates.resolveUnknown(CPPTemplates.java:3000)
	at org.eclipse.cdt.internal.core.dom.parser.cpp.semantics.CPPTemplates.instantiateType(CPPTemplates.java:1567)
	at org.eclipse.cdt.internal.core.dom.parser.cpp.semantics.CPPTemplates.instantiateArgument(CPPTemplates.java:1474)
	at org.eclipse.cdt.internal.core.dom.parser.cpp.semantics.CPPTemplates.instantiateArguments(CPPTemplates.java:1409)
	at org.eclipse.cdt.internal.core.dom.parser.cpp.semantics.CPPTemplates.resolveDeferredClassInstance(CPPTemplates.java:3071)
	at org.eclipse.cdt.internal.core.dom.parser.cpp.semantics.CPPTemplates.resolveUnknown(CPPTemplates.java:2994)
	at org.eclipse.cdt.internal.core.dom.parser.cpp.semantics.CPPTemplates.instantiateType(CPPTemplates.java:1567)
	at org.eclipse.cdt.internal.core.dom.parser.cpp.semantics.CPPTemplates.createSpecialization(CPPTemplates.java:1085)
	at org.eclipse.cdt.internal.core.dom.parser.cpp.CPPClassSpecialization.specializeMember(CPPClassSpecialization.java:193)
	at org.eclipse.cdt.internal.core.dom.parser.cpp.AbstractCPPClassSpecializationScope.getBindings(AbstractCPPClassSpecializationScope.java:135)
	at org.eclipse.cdt.internal.core.dom.parser.cpp.semantics.CPPSemantics.getBindingsFromScope(CPPSemantics.java:1380)
	at org.eclipse.cdt.internal.core.dom.parser.cpp.semantics.CPPSemantics.lookup(CPPSemantics.java:1095)
	at org.eclipse.cdt.internal.core.dom.parser.cpp.semantics.CPPSemantics.resolveUnknownName(CPPSemantics.java:4458)
	at org.eclipse.cdt.internal.core.dom.parser.cpp.semantics.CPPTemplates.resolveUnknownMember(CPPTemplates.java:3044)
	at org.eclipse.cdt.internal.core.dom.parser.cpp.semantics.CPPTemplates.resolveUnknown(CPPTemplates.java:3000)
	at org.eclipse.cdt.internal.core.dom.parser.cpp.semantics.CPPTemplates.instantiateType(CPPTemplates.java:1567)
	at org.eclipse.cdt.internal.core.dom.parser.cpp.semantics.CPPTemplates.instantiateArgument(CPPTemplates.java:1474)
	at org.eclipse.cdt.internal.core.dom.parser.cpp.semantics.CPPTemplates.instantiateArguments(CPPTemplates.java:1409)
	at org.eclipse.cdt.internal.core.dom.parser.cpp.semantics.CPPTemplates.resolveDeferredClassInstance(CPPTemplates.java:3071)
	at org.eclipse.cdt.internal.core.dom.parser.cpp.semantics.CPPTemplates.resolveUnknown(CPPTemplates.java:2994)
	at org.eclipse.cdt.internal.core.dom.parser.cpp.semantics.CPPTemplates.instantiateType(CPPTemplates.java:1567)
	at org.eclipse.cdt.internal.core.dom.parser.cpp.semantics.CPPTemplates.createSpecialization(CPPTemplates.java:1085)
	at org.eclipse.cdt.internal.core.dom.parser.cpp.CPPClassSpecialization.specializeMember(CPPClassSpecialization.java:193)
	at org.eclipse.cdt.internal.core.dom.parser.cpp.AbstractCPPClassSpecializationScope.getBindings(AbstractCPPClassSpecializationScope.java:135)
	at org.eclipse.cdt.internal.core.dom.parser.cpp.semantics.CPPSemantics.getBindingsFromScope(CPPSemantics.java:1380)
	at org.eclipse.cdt.internal.core.dom.parser.cpp.semantics.CPPSemantics.lookup(CPPSemantics.java:1095)
	at org.eclipse.cdt.internal.core.dom.parser.cpp.semantics.CPPSemantics.resolveUnknownName(CPPSemantics.java:4458)
	at org.eclipse.cdt.internal.core.dom.parser.cpp.semantics.CPPTemplates.resolveUnknownMember(CPPTemplates.java:3044)
	at org.eclipse.cdt.internal.core.dom.parser.cpp.semantics.CPPTemplates.resolveUnknown(CPPTemplates.java:3000)
	at org.eclipse.cdt.internal.core.dom.parser.cpp.semantics.CPPTemplates.instantiateType(CPPTemplates.java:1567)
	at org.eclipse.cdt.internal.core.dom.parser.cpp.semantics.CPPTemplates.instantiateArgument(CPPTemplates.java:1474)
	at org.eclipse.cdt.internal.core.dom.parser.cpp.semantics.CPPTemplates.instantiateArguments(CPPTemplates.java:1409)
	at org.eclipse.cdt.internal.core.dom.parser.cpp.semantics.CPPTemplates.resolveDeferredClassInstance(CPPTemplates.java:3071)
	at org.eclipse.cdt.internal.core.dom.parser.cpp.semantics.CPPTemplates.resolveUnknown(CPPTemplates.java:2994)
	at org.eclipse.cdt.internal.core.dom.parser.cpp.semantics.CPPTemplates.instantiateType(CPPTemplates.java:1567)
	at org.eclipse.cdt.internal.core.dom.parser.cpp.semantics.CPPTemplates.createSpecialization(CPPTemplates.java:1085)
	at org.eclipse.cdt.internal.core.dom.parser.cpp.CPPClassSpecialization.specializeMember(CPPClassSpecialization.java:193)
	at org.eclipse.cdt.internal.core.dom.parser.cpp.AbstractCPPClassSpecializationScope.getBindings(AbstractCPPClassSpecializationScope.java:135)
	at org.eclipse.cdt.internal.core.dom.parser.cpp.semantics.CPPSemantics.getBindingsFromScope(CPPSemantics.java:1380)
	at org.eclipse.cdt.internal.core.dom.parser.cpp.semantics.CPPSemantics.lookup(CPPSemantics.java:1095)
	at org.eclipse.cdt.internal.core.dom.parser.cpp.semantics.CPPSemantics.resolveUnknownName(CPPSemantics.java:4458)
	at org.eclipse.cdt.internal.core.dom.parser.cpp.semantics.CPPTemplates.resolveUnknownMember(CPPTemplates.java:3044)
	at org.eclipse.cdt.internal.core.dom.parser.cpp.semantics.CPPTemplates.resolveUnknown(CPPTemplates.java:3000)
	at org.eclipse.cdt.internal.core.dom.parser.cpp.semantics.CPPTemplates.instantiateType(CPPTemplates.java:1567)
	at org.eclipse.cdt.internal.core.dom.parser.cpp.semantics.CPPTemplates.instantiateArgument(CPPTemplates.java:1474)
	at org.eclipse.cdt.internal.core.dom.parser.cpp.semantics.CPPTemplates.instantiateArguments(CPPTemplates.java:1409)
	at org.eclipse.cdt.internal.core.dom.parser.cpp.semantics.CPPTemplates.resolveDeferredClassInstance(CPPTemplates.java:3071)
	at org.eclipse.cdt.internal.core.dom.parser.cpp.semantics.CPPTemplates.resolveUnknown(CPPTemplates.java:2994)
	at org.eclipse.cdt.internal.core.dom.parser.cpp.semantics.CPPTemplates.instantiateType(CPPTemplates.java:1567)
	at org.eclipse.cdt.internal.core.dom.parser.cpp.semantics.CPPTemplates.createSpecialization(CPPTemplates.java:1085)
	at org.eclipse.cdt.internal.core.dom.parser.cpp.CPPClassSpecialization.specializeMember(CPPClassSpecialization.java:193)
	at org.eclipse.cdt.internal.core.dom.parser.cpp.AbstractCPPClassSpecializationScope.getBindings(AbstractCPPClassSpecializationScope.java:135)
	at org.eclipse.cdt.internal.core.dom.parser.cpp.semantics.CPPSemantics.getBindingsFromScope(CPPSemantics.java:1380)
	at org.eclipse.cdt.internal.core.dom.parser.cpp.semantics.CPPSemantics.lookup(CPPSemantics.java:1095)
	at org.eclipse.cdt.internal.core.dom.parser.cpp.semantics.CPPSemantics.resolveUnknownName(CPPSemantics.java:4458)
	at org.eclipse.cdt.internal.core.dom.parser.cpp.semantics.CPPTemplates.resolveUnknownMember(CPPTemplates.java:3044)
	at org.eclipse.cdt.internal.core.dom.parser.cpp.semantics.CPPTemplates.resolveUnknown(CPPTemplates.java:3000)
	at org.eclipse.cdt.internal.core.dom.parser.cpp.semantics.CPPTemplates.instantiateType(CPPTemplates.java:1567)
	at org.eclipse.cdt.internal.core.dom.parser.cpp.semantics.CPPTemplates.instantiateArgument(CPPTemplates.java:1474)
	at org.eclipse.cdt.internal.core.dom.parser.cpp.semantics.CPPTemplates.instantiateArguments(CPPTemplates.java:1409)
	at org.eclipse.cdt.internal.core.dom.parser.cpp.semantics.CPPTemplates.resolveDeferredClassInstance(CPPTemplates.java:3071)
	at org.eclipse.cdt.internal.core.dom.parser.cpp.semantics.CPPTemplates.resolveUnknown(CPPTemplates.java:2994)
	at org.eclipse.cdt.internal.core.dom.parser.cpp.semantics.CPPTemplates.instantiateType(CPPTemplates.java:1567)
	at org.eclipse.cdt.internal.core.dom.parser.cpp.semantics.CPPTemplates.createSpecialization(CPPTemplates.java:1085)
	at org.eclipse.cdt.internal.core.dom.parser.cpp.CPPClassSpecialization.specializeMember(CPPClassSpecialization.java:193)
	at org.eclipse.cdt.internal.core.dom.parser.cpp.AbstractCPPClassSpecializationScope.getBindings(AbstractCPPClassSpecializationScope.java:135)
	at org.eclipse.cdt.internal.core.dom.parser.cpp.semantics.CPPSemantics.getBindingsFromScope(CPPSemantics.java:1380)
	at org.eclipse.cdt.internal.core.dom.parser.cpp.semantics.CPPSemantics.lookup(CPPSemantics.java:1095)
	at org.eclipse.cdt.internal.core.dom.parser.cpp.semantics.CPPSemantics.resolveUnknownName(CPPSemantics.java:4458)
	at org.eclipse.cdt.internal.core.dom.parser.cpp.semantics.CPPTemplates.resolveUnknownMember(CPPTemplates.java:3044)
	at org.eclipse.cdt.internal.core.dom.parser.cpp.semantics.CPPTemplates.resolveUnknown(CPPTemplates.java:3000)
	at org.eclipse.cdt.internal.core.dom.parser.cpp.semantics.CPPTemplates.instantiateType(CPPTemplates.java:1567)
	at org.eclipse.cdt.internal.core.dom.parser.cpp.semantics.CPPTemplates.instantiateArgument(CPPTemplates.java:1474)
	at org.eclipse.cdt.internal.core.dom.parser.cpp.semantics.CPPTemplates.instantiateArguments(CPPTemplates.java:1409)
	at org.eclipse.cdt.internal.core.dom.parser.cpp.semantics.CPPTemplates.resolveDeferredClassInstance(CPPTemplates.java:3071)
	at org.eclipse.cdt.internal.core.dom.parser.cpp.semantics.CPPTemplates.resolveUnknown(CPPTemplates.java:2994)
	at org.eclipse.cdt.internal.core.dom.parser.cpp.semantics.CPPTemplates.instantiateType(CPPTemplates.java:1567)
	at org.eclipse.cdt.internal.core.dom.parser.cpp.semantics.CPPTemplates.createSpecialization(CPPTemplates.java:1085)
	at org.eclipse.cdt.internal.core.dom.parser.cpp.CPPClassSpecialization.specializeMember(CPPClassSpecialization.java:193)
	at org.eclipse.cdt.internal.core.dom.parser.cpp.AbstractCPPClassSpecializationScope.getBindings(AbstractCPPClassSpecializationScope.java:135)
	at org.eclipse.cdt.internal.core.dom.parser.cpp.semantics.CPPSemantics.getBindingsFromScope(CPPSemantics.java:1380)
	at org.eclipse.cdt.internal.core.dom.parser.cpp.semantics.CPPSemantics.lookup(CPPSemantics.java:1095)
	at org.eclipse.cdt.internal.core.dom.parser.cpp.semantics.CPPSemantics.resolveUnknownName(CPPSemantics.java:4458)
	at org.eclipse.cdt.internal.core.dom.parser.cpp.semantics.CPPTemplates.resolveUnknownMember(CPPTemplates.java:3044)
	at org.eclipse.cdt.internal.core.dom.parser.cpp.semantics.CPPTemplates.resolveUnknown(CPPTemplates.java:3000)
	at org.eclipse.cdt.internal.core.dom.parser.cpp.semantics.CPPTemplates.instantiateType(CPPTemplates.java:1567)
	at org.eclipse.cdt.internal.core.dom.parser.cpp.semantics.CPPTemplates.instantiateArgument(CPPTemplates.java:1474)
	at org.eclipse.cdt.internal.core.dom.parser.cpp.semantics.CPPTemplates.instantiateArguments(CPPTemplates.java:1409)
	at org.eclipse.cdt.internal.core.dom.parser.cpp.semantics.CPPTemplates.resolveDeferredClassInstance(CPPTemplates.java:3071)
	at org.eclipse.cdt.internal.core.dom.parser.cpp.semantics.CPPTemplates.resolveUnknown(CPPTemplates.java:2994)
	at org.eclipse.cdt.internal.core.dom.parser.cpp.semantics.CPPTemplates.instantiateType(CPPTemplates.java:1567)
	at org.eclipse.cdt.internal.core.dom.parser.cpp.semantics.CPPTemplates.createSpecialization(CPPTemplates.java:1085)
	at org.eclipse.cdt.internal.core.dom.parser.cpp.CPPClassSpecialization.specializeMember(CPPClassSpecialization.java:193)
	at org.eclipse.cdt.internal.core.dom.parser.cpp.AbstractCPPClassSpecializationScope.getBindings(AbstractCPPClassSpecializationScope.java:135)
	at org.eclipse.cdt.internal.core.dom.parser.cpp.semantics.CPPSemantics.getBindingsFromScope(CPPSemantics.java:1380)
	at org.eclipse.cdt.internal.core.dom.parser.cpp.semantics.CPPSemantics.lookup(CPPSemantics.java:1095)
	at org.eclipse.cdt.internal.core.dom.parser.cpp.semantics.CPPSemantics.resolveUnknownName(CPPSemantics.java:4458)
	at org.eclipse.cdt.internal.core.dom.parser.cpp.semantics.CPPTemplates.resolveUnknownMember(CPPTemplates.java:3044)
	at org.eclipse.cdt.internal.core.dom.parser.cpp.semantics.CPPTemplates.resolveUnknown(CPPTemplates.java:3000)
	at org.eclipse.cdt.internal.core.dom.parser.cpp.semantics.CPPTemplates.instantiateType(CPPTemplates.java:1567)
	at org.eclipse.cdt.internal.core.dom.parser.cpp.semantics.CPPTemplates.instantiateArgument(CPPTemplates.java:1474)
	at org.eclipse.cdt.internal.core.dom.parser.cpp.semantics.CPPTemplates.instantiateArguments(CPPTemplates.java:1409)
	at org.eclipse.cdt.internal.core.dom.parser.cpp.semantics.CPPTemplates.resolveDeferredClassInstance(CPPTemplates.java:3071)
	at org.eclipse.cdt.internal.core.dom.parser.cpp.semantics.CPPTemplates.resolveUnknown(CPPTemplates.java:2994)
	at org.eclipse.cdt.internal.core.dom.parser.cpp.semantics.CPPTemplates.instantiateType(CPPTemplates.java:1567)
	at org.eclipse.cdt.internal.core.dom.parser.cpp.semantics.CPPTemplates.createSpecialization(CPPTemplates.java:1085)
	at org.eclipse.cdt.internal.core.dom.parser.cpp.CPPClassSpecialization.specializeMember(CPPClassSpecialization.java:193)
	at org.eclipse.cdt.internal.core.dom.parser.cpp.AbstractCPPClassSpecializationScope.getBindings(AbstractCPPClassSpecializationScope.java:135)
	at org.eclipse.cdt.internal.core.dom.parser.cpp.semantics.CPPSemantics.getBindingsFromScope(CPPSemantics.java:1380)
	at org.eclipse.cdt.internal.core.dom.parser.cpp.semantics.CPPSemantics.lookup(CPPSemantics.java:1095)
	at org.eclipse.cdt.internal.core.dom.parser.cpp.semantics.CPPSemantics.resolveUnknownName(CPPSemantics.java:4458)
	at org.eclipse.cdt.internal.core.dom.parser.cpp.semantics.CPPTemplates.resolveUnknownMember(CPPTemplates.java:3044)
	at org.eclipse.cdt.internal.core.dom.parser.cpp.semantics.CPPTemplates.resolveUnknown(CPPTemplates.java:3000)
	at org.eclipse.cdt.internal.core.dom.parser.cpp.semantics.CPPTemplates.instantiateType(CPPTemplates.java:1567)
	at org.eclipse.cdt.internal.core.dom.parser.cpp.semantics.CPPTemplates.instantiateArgument(CPPTemplates.java:1474)
	at org.eclipse.cdt.internal.core.dom.parser.cpp.semantics.CPPTemplates.instantiateArguments(CPPTemplates.java:1409)
	at org.eclipse.cdt.internal.core.dom.parser.cpp.semantics.CPPTemplates.resolveDeferredClassInstance(CPPTemplates.java:3071)
	at org.eclipse.cdt.internal.core.dom.parser.cpp.semantics.CPPTemplates.resolveUnknown(CPPTemplates.java:2994)
	at org.eclipse.cdt.internal.core.dom.parser.cpp.semantics.CPPTemplates.instantiateType(CPPTemplates.java:1567)
	at org.eclipse.cdt.internal.core.dom.parser.cpp.semantics.CPPTemplates.createSpecialization(CPPTemplates.java:1085)
	at org.eclipse.cdt.internal.core.dom.parser.cpp.CPPClassSpecialization.specializeMember(CPPClassSpecialization.java:193)
	at org.eclipse.cdt.internal.core.dom.parser.cpp.AbstractCPPClassSpecializationScope.getBindings(AbstractCPPClassSpecializationScope.java:135)
	at org.eclipse.cdt.internal.core.dom.parser.cpp.semantics.CPPSemantics.getBindingsFromScope(CPPSemantics.java:1380)
	at org.eclipse.cdt.internal.core.dom.parser.cpp.semantics.CPPSemantics.lookup(CPPSemantics.java:1095)
	at org.eclipse.cdt.internal.core.dom.parser.cpp.semantics.CPPSemantics.resolveUnknownName(CPPSemantics.java:4458)
	at org.eclipse.cdt.internal.core.dom.parser.cpp.semantics.CPPTemplates.resolveUnknownMember(CPPTemplates.java:3044)
	at org.eclipse.cdt.internal.core.dom.parser.cpp.semantics.CPPTemplates.resolveUnknown(CPPTemplates.java:3000)
	at org.eclipse.cdt.internal.core.dom.parser.cpp.semantics.CPPTemplates.instantiateType(CPPTemplates.java:1567)
	at org.eclipse.cdt.internal.core.dom.parser.cpp.semantics.CPPTemplates.instantiateArgument(CPPTemplates.java:1474)
	at org.eclipse.cdt.internal.core.dom.parser.cpp.semantics.CPPTemplates.instantiateArguments(CPPTemplates.java:1409)
	at org.eclipse.cdt.internal.core.dom.parser.cpp.semantics.CPPTemplates.resolveDeferredClassInstance(CPPTemplates.java:3071)
	at org.eclipse.cdt.internal.core.dom.parser.cpp.semantics.CPPTemplates.resolveUnknown(CPPTemplates.java:2994)
	at org.eclipse.cdt.internal.core.dom.parser.cpp.semantics.CPPTemplates.instantiateType(CPPTemplates.java:1567)
	at org.eclipse.cdt.internal.core.dom.parser.cpp.semantics.CPPTemplates.createSpecialization(CPPTemplates.java:1085)
	at org.eclipse.cdt.internal.core.dom.parser.cpp.CPPClassSpecialization.specializeMember(CPPClassSpecialization.java:193)
	at org.eclipse.cdt.internal.core.dom.parser.cpp.AbstractCPPClassSpecializationScope.getBindings(AbstractCPPClassSpecializationScope.java:135)
	at org.eclipse.cdt.internal.core.dom.parser.cpp.semantics.CPPSemantics.getBindingsFromScope(CPPSemantics.java:1380)
	at org.eclipse.cdt.internal.core.dom.parser.cpp.semantics.CPPSemantics.lookup(CPPSemantics.java:1095)
	at org.eclipse.cdt.internal.core.dom.parser.cpp.semantics.CPPSemantics.resolveUnknownName(CPPSemantics.java:4458)
	at org.eclipse.cdt.internal.core.dom.parser.cpp.semantics.CPPTemplates.resolveUnknownMember(CPPTemplates.java:3044)
	at org.eclipse.cdt.internal.core.dom.parser.cpp.semantics.CPPTemplates.resolveUnknown(CPPTemplates.java:3000)
	at org.eclipse.cdt.internal.core.dom.parser.cpp.semantics.CPPTemplates.instantiateType(CPPTemplates.java:1567)
	at org.eclipse.cdt.internal.core.dom.parser.cpp.semantics.CPPTemplates.instantiateArgument(CPPTemplates.java:1474)
	at org.eclipse.cdt.internal.core.dom.parser.cpp.semantics.CPPTemplates.instantiateArguments(CPPTemplates.java:1409)
	at org.eclipse.cdt.internal.core.dom.parser.cpp.semantics.CPPTemplates.resolveDeferredClassInstance(CPPTemplates.java:3071)
	at org.eclipse.cdt.internal.core.dom.parser.cpp.semantics.CPPTemplates.resolveUnknown(CPPTemplates.java:2994)
	at org.eclipse.cdt.internal.core.dom.parser.cpp.semantics.CPPTemplates.instantiateType(CPPTemplates.java:1567)
	at org.eclipse.cdt.internal.core.dom.parser.cpp.semantics.CPPTemplates.createSpecialization(CPPTemplates.java:1085)
	at org.eclipse.cdt.internal.core.dom.parser.cpp.CPPClassSpecialization.specializeMember(CPPClassSpecialization.java:193)
	at org.eclipse.cdt.internal.core.dom.parser.cpp.AbstractCPPClassSpecializationScope.getBindings(AbstractCPPClassSpecializationScope.java:135)
	at org.eclipse.cdt.internal.core.dom.parser.cpp.semantics.CPPSemantics.getBindingsFromScope(CPPSemantics.java:1380)
	at org.eclipse.cdt.internal.core.dom.parser.cpp.semantics.CPPSemantics.lookup(CPPSemantics.java:1095)
	at org.eclipse.cdt.internal.core.dom.parser.cpp.semantics.CPPSemantics.resolveUnknownName(CPPSemantics.java:4458)
	at org.eclipse.cdt.internal.core.dom.parser.cpp.semantics.CPPTemplates.resolveUnknownMember(CPPTemplates.java:3044)
	at org.eclipse.cdt.internal.core.dom.parser.cpp.semantics.CPPTemplates.resolveUnknown(CPPTemplates.java:3000)
	at org.eclipse.cdt.internal.core.dom.parser.cpp.semantics.CPPTemplates.instantiateType(CPPTemplates.java:1567)
	at org.eclipse.cdt.internal.core.dom.parser.cpp.semantics.CPPTemplates.instantiateArgument(CPPTemplates.java:1474)
	at org.eclipse.cdt.internal.core.dom.parser.cpp.semantics.CPPTemplates.instantiateArguments(CPPTemplates.java:1409)
	at org.eclipse.cdt.internal.core.dom.parser.cpp.semantics.CPPTemplates.resolveDeferredClassInstance(CPPTemplates.java:3071)
	at org.eclipse.cdt.internal.core.dom.parser.cpp.semantics.CPPTemplates.resolveUnknown(CPPTemplates.java:2994)
	at org.eclipse.cdt.internal.core.dom.parser.cpp.semantics.CPPTemplates.instantiateType(CPPTemplates.java:1567)
	at org.eclipse.cdt.internal.core.dom.parser.cpp.semantics.CPPTemplates.createSpecialization(CPPTemplates.java:1085)
	at org.eclipse.cdt.internal.core.dom.parser.cpp.CPPClassSpecialization.specializeMember(CPPClassSpecialization.java:193)
	at org.eclipse.cdt.internal.core.dom.parser.cpp.AbstractCPPClassSpecializationScope.getBindings(AbstractCPPClassSpecializationScope.java:135)
	at org.eclipse.cdt.internal.core.dom.parser.cpp.semantics.CPPSemantics.getBindingsFromScope(CPPSemantics.java:1380)
	at org.eclipse.cdt.internal.core.dom.parser.cpp.semantics.CPPSemantics.lookup(CPPSemantics.java:1095)
	at org.eclipse.cdt.internal.core.dom.parser.cpp.semantics.CPPSemantics.resolveUnknownName(CPPSemantics.java:4458)
	at org.eclipse.cdt.internal.core.dom.parser.cpp.semantics.CPPTemplates.resolveUnknownMember(CPPTemplates.java:3044)
	at org.eclipse.cdt.internal.core.dom.parser.cpp.semantics.CPPTemplates.resolveUnknown(CPPTemplates.java:3000)
	at org.eclipse.cdt.internal.core.dom.parser.cpp.semantics.CPPTemplates.instantiateType(CPPTemplates.java:1567)
	at org.eclipse.cdt.internal.core.dom.parser.cpp.semantics.CPPTemplates.instantiateArgument(CPPTemplates.java:1474)
	at org.eclipse.cdt.internal.core.dom.parser.cpp.semantics.CPPTemplates.instantiateArguments(CPPTemplates.java:1409)
	at org.eclipse.cdt.internal.core.dom.parser.cpp.semantics.CPPTemplates.resolveDeferredClassInstance(CPPTemplates.java:3071)
	at org.eclipse.cdt.internal.core.dom.parser.cpp.semantics.CPPTemplates.resolveUnknown(CPPTemplates.java:2994)
	at org.eclipse.cdt.internal.core.dom.parser.cpp.semantics.CPPTemplates.instantiateType(CPPTemplates.java:1567)
	at org.eclipse.cdt.internal.core.dom.parser.cpp.semantics.CPPTemplates.createSpecialization(CPPTemplates.java:1085)
	at org.eclipse.cdt.internal.core.dom.parser.cpp.CPPClassSpecialization.specializeMember(CPPClassSpecialization.java:193)
	at org.eclipse.cdt.internal.core.dom.parser.cpp.AbstractCPPClassSpecializationScope.getBindings(AbstractCPPClassSpecializationScope.java:135)
	at org.eclipse.cdt.internal.core.dom.parser.cpp.semantics.CPPSemantics.getBindingsFromScope(CPPSemantics.java:1380)
	at org.eclipse.cdt.internal.core.dom.parser.cpp.semantics.CPPSemantics.lookup(CPPSemantics.java:1095)
	at org.eclipse.cdt.internal.core.dom.parser.cpp.semantics.CPPSemantics.resolveUnknownName(CPPSemantics.java:4458)
	at org.eclipse.cdt.internal.core.dom.parser.cpp.semantics.CPPTemplates.resolveUnknownMember(CPPTemplates.java:3044)
	at org.eclipse.cdt.internal.core.dom.parser.cpp.semantics.CPPTemplates.resolveUnknown(CPPTemplates.java:3000)
	at org.eclipse.cdt.internal.core.dom.parser.cpp.semantics.CPPTemplates.instantiateType(CPPTemplates.java:1567)
	at org.eclipse.cdt.internal.core.dom.parser.cpp.semantics.CPPTemplates.instantiateArgument(CPPTemplates.java:1474)
	at org.eclipse.cdt.internal.core.dom.parser.cpp.semantics.CPPTemplates.instantiateArguments(CPPTemplates.java:1409)
	at org.eclipse.cdt.internal.core.dom.parser.cpp.semantics.CPPTemplates.resolveDeferredClassInstance(CPPTemplates.java:3071)
	at org.eclipse.cdt.internal.core.dom.parser.cpp.semantics.CPPTemplates.resolveUnknown(CPPTemplates.java:2994)
	at org.eclipse.cdt.internal.core.dom.parser.cpp.semantics.CPPTemplates.instantiateType(CPPTemplates.java:1567)
	at org.eclipse.cdt.internal.core.dom.parser.cpp.semantics.CPPTemplates.createSpecialization(CPPTemplates.java:1085)
	at org.eclipse.cdt.internal.core.dom.parser.cpp.CPPClassSpecialization.specializeMember(CPPClassSpecialization.java:193)
	at org.eclipse.cdt.internal.core.dom.parser.cpp.AbstractCPPClassSpecializationScope.getBindings(AbstractCPPClassSpecializationScope.java:135)
	at org.eclipse.cdt.internal.core.dom.parser.cpp.semantics.CPPSemantics.getBindingsFromScope(CPPSemantics.java:1380)
	at org.eclipse.cdt.internal.core.dom.parser.cpp.semantics.CPPSemantics.lookup(CPPSemantics.java:1095)
	at org.eclipse.cdt.internal.core.dom.parser.cpp.semantics.CPPSemantics.resolveUnknownName(CPPSemantics.java:4458)
	at org.eclipse.cdt.internal.core.dom.parser.cpp.semantics.CPPTemplates.resolveUnknownMember(CPPTemplates.java:3044)
	at org.eclipse.cdt.internal.core.dom.parser.cpp.semantics.CPPTemplates.resolveUnknown(CPPTemplates.java:3000)
	at org.eclipse.cdt.internal.core.dom.parser.cpp.semantics.CPPTemplates.instantiateType(CPPTemplates.java:1567)
	at org.eclipse.cdt.internal.core.dom.parser.cpp.semantics.CPPTemplates.instantiateArgument(CPPTemplates.java:1474)
	at org.eclipse.cdt.internal.core.dom.parser.cpp.semantics.CPPTemplates.instantiateArguments(CPPTemplates.java:1409)
	at org.eclipse.cdt.internal.core.dom.parser.cpp.semantics.CPPTemplates.resolveDeferredClassInstance(CPPTemplates.java:3071)
	at org.eclipse.cdt.internal.core.dom.parser.cpp.semantics.CPPTemplates.resolveUnknown(CPPTemplates.java:2994)
	at org.eclipse.cdt.internal.core.dom.parser.cpp.semantics.CPPTemplates.instantiateType(CPPTemplates.java:1567)
	at org.eclipse.cdt.internal.core.dom.parser.cpp.semantics.CPPTemplates.createSpecialization(CPPTemplates.java:1085)
	at org.eclipse.cdt.internal.core.dom.parser.cpp.CPPClassSpecialization.specializeMember(CPPClassSpecialization.java:193)
	at org.eclipse.cdt.internal.core.dom.parser.cpp.AbstractCPPClassSpecializationScope.getBindings(AbstractCPPClassSpecializationScope.java:135)
	at org.eclipse.cdt.internal.core.dom.parser.cpp.semantics.CPPSemantics.getBindingsFromScope(CPPSemantics.java:1380)
	at org.eclipse.cdt.internal.core.dom.parser.cpp.semantics.CPPSemantics.lookup(CPPSemantics.java:1095)
	at org.eclipse.cdt.internal.core.dom.parser.cpp.semantics.CPPSemantics.resolveUnknownName(CPPSemantics.java:4458)
	at org.eclipse.cdt.internal.core.dom.parser.cpp.semantics.CPPTemplates.resolveUnknownMember(CPPTemplates.java:3044)
	at org.eclipse.cdt.internal.core.dom.parser.cpp.semantics.CPPTemplates.resolveUnknown(CPPTemplates.java:3000)
	at org.eclipse.cdt.internal.core.dom.parser.cpp.semantics.CPPTemplates.instantiateType(CPPTemplates.java:1567)
	at org.eclipse.cdt.internal.core.dom.parser.cpp.semantics.CPPTemplates.instantiateArgument(CPPTemplates.java:1474)
	at org.eclipse.cdt.internal.core.dom.parser.cpp.semantics.CPPTemplates.instantiateArguments(CPPTemplates.java:1409)
	at org.eclipse.cdt.internal.core.dom.parser.cpp.semantics.CPPTemplates.resolveDeferredClassInstance(CPPTemplates.java:3071)
	at org.eclipse.cdt.internal.core.dom.parser.cpp.semantics.CPPTemplates.resolveUnknown(CPPTemplates.java:2994)
	at org.eclipse.cdt.internal.core.dom.parser.cpp.semantics.CPPTemplates.instantiateType(CPPTemplates.java:1567)
	at org.eclipse.cdt.internal.core.dom.parser.cpp.semantics.CPPTemplates.createSpecialization(CPPTemplates.java:1085)
	at org.eclipse.cdt.internal.core.dom.parser.cpp.CPPClassSpecialization.specializeMember(CPPClassSpecialization.java:193)
	at org.eclipse.cdt.internal.core.dom.parser.cpp.AbstractCPPClassSpecializationScope.getBindings(AbstractCPPClassSpecializationScope.java:135)
	at org.eclipse.cdt.internal.core.dom.parser.cpp.semantics.CPPSemantics.getBindingsFromScope(CPPSemantics.java:1380)
	at org.eclipse.cdt.internal.core.dom.parser.cpp.semantics.CPPSemantics.lookup(CPPSemantics.java:1095)
	at org.eclipse.cdt.internal.core.dom.parser.cpp.semantics.CPPSemantics.resolveUnknownName(CPPSemantics.java:4458)
	at org.eclipse.cdt.internal.core.dom.parser.cpp.semantics.CPPTemplates.resolveUnknownMember(CPPTemplates.java:3044)
	at org.eclipse.cdt.internal.core.dom.parser.cpp.semantics.CPPTemplates.resolveUnknown(CPPTemplates.java:3000)
	at org.eclipse.cdt.internal.core.dom.parser.cpp.semantics.CPPTemplates.instantiateType(CPPTemplates.java:1567)
	at org.eclipse.cdt.internal.core.dom.parser.cpp.semantics.CPPTemplates.instantiateArgument(CPPTemplates.java:1474)
	at org.eclipse.cdt.internal.core.dom.parser.cpp.semantics.CPPTemplates.instantiateArguments(CPPTemplates.java:1409)
	at org.eclipse.cdt.internal.core.dom.parser.cpp.semantics.CPPTemplates.resolveDeferredClassInstance(CPPTemplates.java:3071)
	at org.eclipse.cdt.internal.core.dom.parser.cpp.semantics.CPPTemplates.resolveUnknown(CPPTemplates.java:2994)
	at org.eclipse.cdt.internal.core.dom.parser.cpp.semantics.CPPTemplates.instantiateType(CPPTemplates.java:1567)
	at org.eclipse.cdt.internal.core.dom.parser.cpp.semantics.CPPTemplates.createSpecialization(CPPTemplates.java:1085)
	at org.eclipse.cdt.internal.core.dom.parser.cpp.CPPClassSpecialization.specializeMember(CPPClassSpecialization.java:193)
	at org.eclipse.cdt.internal.core.dom.parser.cpp.AbstractCPPClassSpecializationScope.getBindings(AbstractCPPClassSpecializationScope.java:135)
	at org.eclipse.cdt.internal.core.dom.parser.cpp.semantics.CPPSemantics.getBindingsFromScope(CPPSemantics.java:1380)
	at org.eclipse.cdt.internal.core.dom.parser.cpp.semantics.CPPSemantics.lookup(CPPSemantics.java:1095)
	at org.eclipse.cdt.internal.core.dom.parser.cpp.semantics.CPPSemantics.resolveUnknownName(CPPSemantics.java:4458)
	at org.eclipse.cdt.internal.core.dom.parser.cpp.semantics.CPPTemplates.resolveUnknownMember(CPPTemplates.java:3044)
	at org.eclipse.cdt.internal.core.dom.parser.cpp.semantics.CPPTemplates.resolveUnknown(CPPTemplates.java:3000)
	at org.eclipse.cdt.internal.core.dom.parser.cpp.semantics.CPPTemplates.instantiateType(CPPTemplates.java:1567)
	at org.eclipse.cdt.internal.core.dom.parser.cpp.semantics.CPPTemplates.instantiateArgument(CPPTemplates.java:1474)
	at org.eclipse.cdt.internal.core.dom.parser.cpp.semantics.CPPTemplates.instantiateArguments(CPPTemplates.java:1409)
	at org.eclipse.cdt.internal.core.dom.parser.cpp.semantics.CPPTemplates.resolveDeferredClassInstance(CPPTemplates.java:3071)
	at org.eclipse.cdt.internal.core.dom.parser.cpp.semantics.CPPTemplates.resolveUnknown(CPPTemplates.java:2994)
	at org.eclipse.cdt.internal.core.dom.parser.cpp.semantics.CPPTemplates.instantiateType(CPPTemplates.java:1567)
	at org.eclipse.cdt.internal.core.dom.parser.cpp.semantics.CPPTemplates.createSpecialization(CPPTemplates.java:1085)
	at org.eclipse.cdt.internal.core.dom.parser.cpp.CPPClassSpecialization.specializeMember(CPPClassSpecialization.java:193)
	at org.eclipse.cdt.internal.core.dom.parser.cpp.AbstractCPPClassSpecializationScope.getBindings(AbstractCPPClassSpecializationScope.java:135)
	at org.eclipse.cdt.internal.core.dom.parser.cpp.semantics.CPPSemantics.getBindingsFromScope(CPPSemantics.java:1380)
	at org.eclipse.cdt.internal.core.dom.parser.cpp.semantics.CPPSemantics.lookup(CPPSemantics.java:1095)
	at org.eclipse.cdt.internal.core.dom.parser.cpp.semantics.CPPSemantics.resolveUnknownName(CPPSemantics.java:4458)
	at org.eclipse.cdt.internal.core.dom.parser.cpp.semantics.CPPTemplates.resolveUnknownMember(CPPTemplates.java:3044)
	at org.eclipse.cdt.internal.core.dom.parser.cpp.semantics.CPPTemplates.resolveUnknown(CPPTemplates.java:3000)
	at org.eclipse.cdt.internal.core.dom.parser.cpp.semantics.CPPTemplates.instantiateType(CPPTemplates.java:1567)
	at org.eclipse.cdt.internal.core.dom.parser.cpp.semantics.CPPTemplates.instantiateArgument(CPPTemplates.java:1474)
	at org.eclipse.cdt.internal.core.dom.parser.cpp.semantics.CPPTemplates.instantiateArguments(CPPTemplates.java:1409)
	at org.eclipse.cdt.internal.core.dom.parser.cpp.semantics.CPPTemplates.resolveDeferredClassInstance(CPPTemplates.java:3071)
	at org.eclipse.cdt.internal.core.dom.parser.cpp.semantics.CPPTemplates.resolveUnknown(CPPTemplates.java:2994)
	at org.eclipse.cdt.internal.core.dom.parser.cpp.semantics.CPPTemplates.instantiateType(CPPTemplates.java:1567)
	at org.eclipse.cdt.internal.core.dom.parser.cpp.semantics.CPPTemplates.createSpecialization(CPPTemplates.java:1085)
	at org.eclipse.cdt.internal.core.dom.parser.cpp.CPPClassSpecialization.specializeMember(CPPClassSpecialization.java:193)
	at org.eclipse.cdt.internal.core.dom.parser.cpp.AbstractCPPClassSpecializationScope.getBindings(AbstractCPPClassSpecializationScope.java:135)
	at org.eclipse.cdt.internal.core.dom.parser.cpp.semantics.CPPSemantics.getBindingsFromScope(CPPSemantics.java:1380)
	at org.eclipse.cdt.internal.core.dom.parser.cpp.semantics.CPPSemantics.lookup(CPPSemantics.java:1095)
	at org.eclipse.cdt.internal.core.dom.parser.cpp.semantics.CPPSemantics.resolveUnknownName(CPPSemantics.java:4458)
	at org.eclipse.cdt.internal.core.dom.parser.cpp.semantics.CPPTemplates.resolveUnknownMember(CPPTemplates.java:3044)
	at org.eclipse.cdt.internal.core.dom.parser.cpp.semantics.CPPTemplates.resolveUnknown(CPPTemplates.java:3000)
	at org.eclipse.cdt.internal.core.dom.parser.cpp.semantics.CPPTemplates.instantiateType(CPPTemplates.java:1567)
	at org.eclipse.cdt.internal.core.dom.parser.cpp.semantics.CPPTemplates.instantiateArgument(CPPTemplates.java:1474)
	at org.eclipse.cdt.internal.core.dom.parser.cpp.semantics.CPPTemplates.instantiateArguments(CPPTemplates.java:1409)
	at org.eclipse.cdt.internal.core.dom.parser.cpp.semantics.CPPTemplates.resolveDeferredClassInstance(CPPTemplates.java:3071)
	at org.eclipse.cdt.internal.core.dom.parser.cpp.semantics.CPPTemplates.resolveUnknown(CPPTemplates.java:2994)
	at org.eclipse.cdt.internal.core.dom.parser.cpp.semantics.CPPTemplates.instantiateType(CPPTemplates.java:1567)
	at org.eclipse.cdt.internal.core.dom.parser.cpp.semantics.CPPTemplates.createSpecialization(CPPTemplates.java:1085)
	at org.eclipse.cdt.internal.core.dom.parser.cpp.CPPClassSpecialization.specializeMember(CPPClassSpecialization.java:193)
	at org.eclipse.cdt.internal.core.dom.parser.cpp.AbstractCPPClassSpecializationScope.getBindings(AbstractCPPClassSpecializationScope.java:135)
	at org.eclipse.cdt.internal.core.dom.parser.cpp.semantics.CPPSemantics.getBindingsFromScope(CPPSemantics.java:1380)
	at org.eclipse.cdt.internal.core.dom.parser.cpp.semantics.CPPSemantics.lookup(CPPSemantics.java:1095)
	at org.eclipse.cdt.internal.core.dom.parser.cpp.semantics.CPPSemantics.resolveUnknownName(CPPSemantics.java:4458)
	at org.eclipse.cdt.internal.core.dom.parser.cpp.semantics.CPPTemplates.resolveUnknownMember(CPPTemplates.java:3044)
	at org.eclipse.cdt.internal.core.dom.parser.cpp.semantics.CPPTemplates.resolveUnknown(CPPTemplates.java:3000)
	at org.eclipse.cdt.internal.core.dom.parser.cpp.semantics.CPPTemplates.instantiateType(CPPTemplates.java:1567)
	at org.eclipse.cdt.internal.core.dom.parser.cpp.semantics.CPPTemplates.instantiateArgument(CPPTemplates.java:1474)
	at org.eclipse.cdt.internal.core.dom.parser.cpp.semantics.CPPTemplates.instantiateArguments(CPPTemplates.java:1409)
	at org.eclipse.cdt.internal.core.dom.parser.cpp.semantics.CPPTemplates.resolveDeferredClassInstance(CPPTemplates.java:3071)
	at org.eclipse.cdt.internal.core.dom.parser.cpp.semantics.CPPTemplates.resolveUnknown(CPPTemplates.java:2994)
	at org.eclipse.cdt.internal.core.dom.parser.cpp.semantics.CPPTemplates.instantiateType(CPPTemplates.java:1567)
	at org.eclipse.cdt.internal.core.dom.parser.cpp.semantics.CPPTemplates.createSpecialization(CPPTemplates.java:1085)
	at org.eclipse.cdt.internal.core.dom.parser.cpp.CPPClassSpecialization.specializeMember(CPPClassSpecialization.java:193)
	at org.eclipse.cdt.internal.core.dom.parser.cpp.AbstractCPPClassSpecializationScope.getBindings(AbstractCPPClassSpecializationScope.java:135)
	at org.eclipse.cdt.internal.core.dom.parser.cpp.semantics.CPPSemantics.getBindingsFromScope(CPPSemantics.java:1380)
	at org.eclipse.cdt.internal.core.dom.parser.cpp.semantics.CPPSemantics.lookup(CPPSemantics.java:1095)
	at org.eclipse.cdt.internal.core.dom.parser.cpp.semantics.CPPSemantics.resolveUnknownName(CPPSemantics.java:4458)
	at org.eclipse.cdt.internal.core.dom.parser.cpp.semantics.CPPTemplates.resolveUnknownMember(CPPTemplates.java:3044)
	at org.eclipse.cdt.internal.core.dom.parser.cpp.semantics.CPPTemplates.resolveUnknown(CPPTemplates.java:3000)
	at org.eclipse.cdt.internal.core.dom.parser.cpp.semantics.CPPTemplates.instantiateType(CPPTemplates.java:1567)
	at org.eclipse.cdt.internal.core.dom.parser.cpp.semantics.CPPTemplates.instantiateArgument(CPPTemplates.java:1474)
	at org.eclipse.cdt.internal.core.dom.parser.cpp.semantics.CPPTemplates.instantiateArguments(CPPTemplates.java:1409)
	at org.eclipse.cdt.internal.core.dom.parser.cpp.semantics.CPPTemplates.resolveDeferredClassInstance(CPPTemplates.java:3071)
	at org.eclipse.cdt.internal.core.dom.parser.cpp.semantics.CPPTemplates.resolveUnknown(CPPTemplates.java:2994)
	at org.eclipse.cdt.internal.core.dom.parser.cpp.semantics.CPPTemplates.instantiateType(CPPTemplates.java:1567)
	at org.eclipse.cdt.internal.core.dom.parser.cpp.semantics.CPPTemplates.createSpecialization(CPPTemplates.java:1085)
	at org.eclipse.cdt.internal.core.dom.parser.cpp.CPPClassSpecialization.specializeMember(CPPClassSpecialization.java:193)
	at org.eclipse.cdt.internal.core.dom.parser.cpp.AbstractCPPClassSpecializationScope.getBindings(AbstractCPPClassSpecializationScope.java:135)
	at org.eclipse.cdt.internal.core.dom.parser.cpp.semantics.CPPSemantics.getBindingsFromScope(CPPSemantics.java:1380)
	at org.eclipse.cdt.internal.core.dom.parser.cpp.semantics.CPPSemantics.lookup(CPPSemantics.java:1095)
	at org.eclipse.cdt.internal.core.dom.parser.cpp.semantics.CPPSemantics.resolveUnknownName(CPPSemantics.java:4458)
	at org.eclipse.cdt.internal.core.dom.parser.cpp.semantics.CPPTemplates.resolveUnknownMember(CPPTemplates.java:3044)
	at org.eclipse.cdt.internal.core.dom.parser.cpp.semantics.CPPTemplates.resolveUnknown(CPPTemplates.java:3000)
	at org.eclipse.cdt.internal.core.dom.parser.cpp.semantics.CPPTemplates.instantiateType(CPPTemplates.java:1567)
	at org.eclipse.cdt.internal.core.dom.parser.cpp.semantics.CPPTemplates.instantiateArgument(CPPTemplates.java:1474)
	at org.eclipse.cdt.internal.core.dom.parser.cpp.semantics.CPPTemplates.instantiateArguments(CPPTemplates.java:1409)
	at org.eclipse.cdt.internal.core.dom.parser.cpp.semantics.CPPTemplates.resolveDeferredClassInstance(CPPTemplates.java:3071)
	at org.eclipse.cdt.internal.core.dom.parser.cpp.semantics.CPPTemplates.resolveUnknown(CPPTemplates.java:2994)
	at org.eclipse.cdt.internal.core.dom.parser.cpp.semantics.CPPTemplates.instantiateType(CPPTemplates.java:1567)
	at org.eclipse.cdt.internal.core.dom.parser.cpp.semantics.CPPTemplates.createSpecialization(CPPTemplates.java:1085)
	at org.eclipse.cdt.internal.core.dom.parser.cpp.CPPClassSpecialization.specializeMember(CPPClassSpecialization.java:193)
	at org.eclipse.cdt.internal.core.dom.parser.cpp.AbstractCPPClassSpecializationScope.getBindings(AbstractCPPClassSpecializationScope.java:135)
	at org.eclipse.cdt.internal.core.dom.parser.cpp.semantics.CPPSemantics.getBindingsFromScope(CPPSemantics.java:1380)
	at org.eclipse.cdt.internal.core.dom.parser.cpp.semantics.CPPSemantics.lookup(CPPSemantics.java:1095)
	at org.eclipse.cdt.internal.core.dom.parser.cpp.semantics.CPPSemantics.resolveUnknownName(CPPSemantics.java:4458)
	at org.eclipse.cdt.internal.core.dom.parser.cpp.semantics.CPPTemplates.resolveUnknownMember(CPPTemplates.java:3044)
	at org.eclipse.cdt.internal.core.dom.parser.cpp.semantics.CPPTemplates.resolveUnknown(CPPTemplates.java:3000)
	at org.eclipse.cdt.internal.core.dom.parser.cpp.semantics.CPPTemplates.instantiateType(CPPTemplates.java:1567)
	at org.eclipse.cdt.internal.core.dom.parser.cpp.semantics.CPPTemplates.instantiateArgument(CPPTemplates.java:1474)
	at org.eclipse.cdt.internal.core.dom.parser.cpp.semantics.CPPTemplates.instantiateArguments(CPPTemplates.java:1409)
</error>
  </testcase>
  <testcase name="testDependentEnumValue_389009" classname="org.eclipse.cdt.core.parser.tests.ast2.AST2TemplateTests" time="0.007"/>
  <testcase name="testValueForSizeofExpression_368309" classname="org.eclipse.cdt.core.parser.tests.ast2.AST2TemplateTests" time="0.005"/>
  <testcase name="testResolutionOfUnknownBindings_262163" classname="org.eclipse.cdt.core.parser.tests.ast2.AST2TemplateTests" time="0.006"/>
  <testcase name="testResolutionOfUnknownBindings_262328" classname="org.eclipse.cdt.core.parser.tests.ast2.AST2TemplateTests" time="0.005"/>
  <testcase name="test14_6_1s2" classname="org.eclipse.cdt.core.parser.tests.ast2.AST2TemplateTests" time="0.002"/>
  <testcase name="test14_6_1s6" classname="org.eclipse.cdt.core.parser.tests.ast2.AST2TemplateTests" time="0.003"/>
  <testcase name="testAutoTypeWithTypedef_368311" classname="org.eclipse.cdt.core.parser.tests.ast2.AST2TemplateTests" time="0.016"/>
  <testcase name="testRecursiveVariadicTemplate_397828" classname="org.eclipse.cdt.core.parser.tests.ast2.AST2TemplateTests" time="0.006"/>
  <testcase name="testUserDefinedConversions_224364a" classname="org.eclipse.cdt.core.parser.tests.ast2.AST2TemplateTests" time="0.004"/>
  <testcase name="testUserDefinedConversions_224364b" classname="org.eclipse.cdt.core.parser.tests.ast2.AST2TemplateTests" time="0.007"/>
  <testcase name="testInlineNamespaces_305980" classname="org.eclipse.cdt.core.parser.tests.ast2.AST2TemplateTests" time="0.009"/>
  <testcase name="testNestedAliasTemplate_488456" classname="org.eclipse.cdt.core.parser.tests.ast2.AST2TemplateTests" time="0.006"/>
  <testcase name="testAdressOfUniqueTemplateInst_326076" classname="org.eclipse.cdt.core.parser.tests.ast2.AST2TemplateTests" time="0.006"/>
  <testcase name="testFunctionParameterPacks_280909" classname="org.eclipse.cdt.core.parser.tests.ast2.AST2TemplateTests" time="0.007"/>
  <testcase name="testFunctionInstanceAsTemplateArg_333529" classname="org.eclipse.cdt.core.parser.tests.ast2.AST2TemplateTests" time="0.004"/>
  <testcase name="testFunctionInstanceAsTemplateArg_334472" classname="org.eclipse.cdt.core.parser.tests.ast2.AST2TemplateTests" time="0.006"/>
  <testcase name="testPartialClassTemplateSpecUsingDefaultArgument_367997" classname="org.eclipse.cdt.core.parser.tests.ast2.AST2TemplateTests" time="0.005"/>
  <testcase name="testTemplateBaseClassConstructorCall_402602" classname="org.eclipse.cdt.core.parser.tests.ast2.AST2TemplateTests" time="0.007"/>
  <testcase name="testDependentConditionalExpression_506170" classname="org.eclipse.cdt.core.parser.tests.ast2.AST2TemplateTests" time="0.007"/>
  <testcase name="testResolvingAutoTypeWithDependentExpression_402409a" classname="org.eclipse.cdt.core.parser.tests.ast2.AST2TemplateTests" time="0.006"/>
  <testcase name="testResolvingAutoTypeWithDependentExpression_402409b" classname="org.eclipse.cdt.core.parser.tests.ast2.AST2TemplateTests" time="0.008"/>
  <testcase name="testBug238180_ArrayOutOfBounds" classname="org.eclipse.cdt.core.parser.tests.ast2.AST2TemplateTests" time="0.005"/>
  <testcase name="testMemberAccessViaReferenceInPackExpansion_466845" classname="org.eclipse.cdt.core.parser.tests.ast2.AST2TemplateTests" time="0.011"/>
  <testcase name="testDeferredConversionOperator" classname="org.eclipse.cdt.core.parser.tests.ast2.AST2TemplateTests" time="0.004"/>
  <testcase name="testBug239586_ClassCast" classname="org.eclipse.cdt.core.parser.tests.ast2.AST2TemplateTests" time="0.005"/>
  <testcase name="testTemplatedAliasDeclaration" classname="org.eclipse.cdt.core.parser.tests.ast2.AST2TemplateTests" time="0.013"/>
  <testcase name="testInstantiationOfArraySize_269926" classname="org.eclipse.cdt.core.parser.tests.ast2.AST2TemplateTests" time="0.003"/>
  <testcase name="testTemplateArgumentDeductionWithoutParameters_358654" classname="org.eclipse.cdt.core.parser.tests.ast2.AST2TemplateTests" time="0.005"/>
  <testcase name="testClassTemplateMemberFunctionTemplate_104262" classname="org.eclipse.cdt.core.parser.tests.ast2.AST2TemplateTests" time="0.006"/>
  <testcase name="testClosingAngleBrackets2_261268" classname="org.eclipse.cdt.core.parser.tests.ast2.AST2TemplateTests" time="0.005"/>
  <testcase name="testTemplatedAliasTemplateArgument" classname="org.eclipse.cdt.core.parser.tests.ast2.AST2TemplateTests" time="0.015"/>
  <testcase name="testFunctionTemplateSignatures_335062" classname="org.eclipse.cdt.core.parser.tests.ast2.AST2TemplateTests" time="0.004"/>
  <testcase name="testFunctionTemplateWithUsing" classname="org.eclipse.cdt.core.parser.tests.ast2.AST2TemplateTests" time="0.004"/>
  <testcase name="testScopeOfUnkownMemberType_525982" classname="org.eclipse.cdt.core.parser.tests.ast2.AST2TemplateTests" time="0.007"/>
  <testcase name="testTemplatedAliasAsFunctionParameter" classname="org.eclipse.cdt.core.parser.tests.ast2.AST2TemplateTests" time="0.011"/>
  <testcase name="_testAmbiguityResolution_497931" classname="org.eclipse.cdt.core.parser.tests.ast2.AST2TemplateTests" time="0.007"/>
  <testcase name="testIsTriviallyCopyable" classname="org.eclipse.cdt.core.parser.tests.ast2.TypeTraitsTests" time="0.002"/>
  <testcase name="testIsTrivial" classname="org.eclipse.cdt.core.parser.tests.ast2.TypeTraitsTests" time="0.003"/>
  <testcase name="testHasTrivialCopyCtor" classname="org.eclipse.cdt.core.parser.tests.ast2.TypeTraitsTests" time="0.002"/>
  <testcase name="testIsStandardLayout" classname="org.eclipse.cdt.core.parser.tests.ast2.TypeTraitsTests" time="0.002"/>
  <testcase name="testIsPolymorphic" classname="org.eclipse.cdt.core.parser.tests.ast2.TypeTraitsTests" time="0.002"/>
  <testcase name="testHasTrivialDestructor" classname="org.eclipse.cdt.core.parser.tests.ast2.TypeTraitsTests" time="0.001"/>
  <testcase name="testIsEmpty" classname="org.eclipse.cdt.core.parser.tests.ast2.TypeTraitsTests" time="0.002"/>
  <testcase name="testPointersToFunctions" classname="org.eclipse.cdt.core.parser.tests.ast2.QuickParser2Tests" time="0.001"/>
  <testcase name="testEmptyClass" classname="org.eclipse.cdt.core.parser.tests.ast2.QuickParser2Tests" time="0.001"/>
  <testcase name="testTemplateSpecialization" classname="org.eclipse.cdt.core.parser.tests.ast2.QuickParser2Tests" time="0"/>
  <testcase name="testBugFunctor758" classname="org.eclipse.cdt.core.parser.tests.ast2.QuickParser2Tests" time="0.001"/>
  <testcase name="testSimpleFunctionDeclaration" classname="org.eclipse.cdt.core.parser.tests.ast2.QuickParser2Tests" time="0"/>
  <testcase name="testConstructorChain" classname="org.eclipse.cdt.core.parser.tests.ast2.QuickParser2Tests" time="0"/>
  <testcase name="testTypedef" classname="org.eclipse.cdt.core.parser.tests.ast2.QuickParser2Tests" time="0"/>
  <testcase name="testTemplateDeclarationOfFunction" classname="org.eclipse.cdt.core.parser.tests.ast2.QuickParser2Tests" time="0.001"/>
  <testcase name="testCBool" classname="org.eclipse.cdt.core.parser.tests.ast2.QuickParser2Tests" time="0"/>
  <testcase name="testOrder" classname="org.eclipse.cdt.core.parser.tests.ast2.QuickParser2Tests" time="0.001"/>
  <testcase name="testBug26467" classname="org.eclipse.cdt.core.parser.tests.ast2.QuickParser2Tests" time="0"/>
  <testcase name="testBug35906" classname="org.eclipse.cdt.core.parser.tests.ast2.QuickParser2Tests" time="0"/>
  <testcase name="testBug36073" classname="org.eclipse.cdt.core.parser.tests.ast2.QuickParser2Tests" time="0.001"/>
  <testcase name="testBug36237" classname="org.eclipse.cdt.core.parser.tests.ast2.QuickParser2Tests" time="0"/>
  <testcase name="testBug36240" classname="org.eclipse.cdt.core.parser.tests.ast2.QuickParser2Tests" time="0"/>
  <testcase name="testBug36250" classname="org.eclipse.cdt.core.parser.tests.ast2.QuickParser2Tests" time="0.001"/>
  <testcase name="testBug36254" classname="org.eclipse.cdt.core.parser.tests.ast2.QuickParser2Tests" time="0"/>
  <testcase name="testBug36288" classname="org.eclipse.cdt.core.parser.tests.ast2.QuickParser2Tests" time="0"/>
  <testcase name="testBug36290" classname="org.eclipse.cdt.core.parser.tests.ast2.QuickParser2Tests" time="0.001"/>
  <testcase name="testBug36432" classname="org.eclipse.cdt.core.parser.tests.ast2.QuickParser2Tests" time="0"/>
  <testcase name="testBug36532" classname="org.eclipse.cdt.core.parser.tests.ast2.QuickParser2Tests" time="0"/>
  <testcase name="testBug36551" classname="org.eclipse.cdt.core.parser.tests.ast2.QuickParser2Tests" time="0.001"/>
  <testcase name="testBug36559" classname="org.eclipse.cdt.core.parser.tests.ast2.QuickParser2Tests" time="0"/>
  <testcase name="testBug36594" classname="org.eclipse.cdt.core.parser.tests.ast2.QuickParser2Tests" time="0.001"/>
  <testcase name="testBug36600" classname="org.eclipse.cdt.core.parser.tests.ast2.QuickParser2Tests" time="0"/>
  <testcase name="testBug36689" classname="org.eclipse.cdt.core.parser.tests.ast2.QuickParser2Tests" time="0.001"/>
  <testcase name="testBug36690" classname="org.eclipse.cdt.core.parser.tests.ast2.QuickParser2Tests" time="0"/>
  <testcase name="testBug36691" classname="org.eclipse.cdt.core.parser.tests.ast2.QuickParser2Tests" time="0"/>
  <testcase name="testBug36692" classname="org.eclipse.cdt.core.parser.tests.ast2.QuickParser2Tests" time="0.001"/>
  <testcase name="testBug36693" classname="org.eclipse.cdt.core.parser.tests.ast2.QuickParser2Tests" time="0"/>
  <testcase name="testBug36696" classname="org.eclipse.cdt.core.parser.tests.ast2.QuickParser2Tests" time="0.001"/>
  <testcase name="testBug36699" classname="org.eclipse.cdt.core.parser.tests.ast2.QuickParser2Tests" time="0"/>
  <testcase name="testBug36702" classname="org.eclipse.cdt.core.parser.tests.ast2.QuickParser2Tests" time="0.001"/>
  <testcase name="testBug36703" classname="org.eclipse.cdt.core.parser.tests.ast2.QuickParser2Tests" time="0"/>
  <testcase name="testBug36704" classname="org.eclipse.cdt.core.parser.tests.ast2.QuickParser2Tests" time="0.001"/>
  <testcase name="testBug36707" classname="org.eclipse.cdt.core.parser.tests.ast2.QuickParser2Tests" time="0"/>
  <testcase name="testBug36708" classname="org.eclipse.cdt.core.parser.tests.ast2.QuickParser2Tests" time="0.001"/>
  <testcase name="testBug36713" classname="org.eclipse.cdt.core.parser.tests.ast2.QuickParser2Tests" time="0"/>
  <testcase name="testBug36714" classname="org.eclipse.cdt.core.parser.tests.ast2.QuickParser2Tests" time="0"/>
  <testcase name="testBug36717" classname="org.eclipse.cdt.core.parser.tests.ast2.QuickParser2Tests" time="0"/>
  <testcase name="testBug36764" classname="org.eclipse.cdt.core.parser.tests.ast2.QuickParser2Tests" time="0.002"/>
  <testcase name="testBug36771" classname="org.eclipse.cdt.core.parser.tests.ast2.QuickParser2Tests" time="0"/>
  <testcase name="testBug36794" classname="org.eclipse.cdt.core.parser.tests.ast2.QuickParser2Tests" time="0.001"/>
  <testcase name="testBug36799" classname="org.eclipse.cdt.core.parser.tests.ast2.QuickParser2Tests" time="0"/>
  <testcase name="testBug36811" classname="org.eclipse.cdt.core.parser.tests.ast2.QuickParser2Tests" time="0"/>
  <testcase name="testBug36852" classname="org.eclipse.cdt.core.parser.tests.ast2.QuickParser2Tests" time="0"/>
  <testcase name="testBug36931" classname="org.eclipse.cdt.core.parser.tests.ast2.QuickParser2Tests" time="0.002"/>
  <testcase name="testBug36932" classname="org.eclipse.cdt.core.parser.tests.ast2.QuickParser2Tests" time="0.001"/>
  <testcase name="testBug37019" classname="org.eclipse.cdt.core.parser.tests.ast2.QuickParser2Tests" time="0"/>
  <testcase name="testBug39348" classname="org.eclipse.cdt.core.parser.tests.ast2.QuickParser2Tests" time="0"/>
  <testcase name="testBug39349" classname="org.eclipse.cdt.core.parser.tests.ast2.QuickParser2Tests" time="0"/>
  <testcase name="testBug39501" classname="org.eclipse.cdt.core.parser.tests.ast2.QuickParser2Tests" time="0.001"/>
  <testcase name="testBug39525" classname="org.eclipse.cdt.core.parser.tests.ast2.QuickParser2Tests" time="0"/>
  <testcase name="testBug39526" classname="org.eclipse.cdt.core.parser.tests.ast2.QuickParser2Tests" time="0"/>
  <testcase name="testBug39528" classname="org.eclipse.cdt.core.parser.tests.ast2.QuickParser2Tests" time="0.001"/>
  <testcase name="testBug39530" classname="org.eclipse.cdt.core.parser.tests.ast2.QuickParser2Tests" time="0"/>
  <testcase name="testBug39531" classname="org.eclipse.cdt.core.parser.tests.ast2.QuickParser2Tests" time="0"/>
  <testcase name="testBug39532" classname="org.eclipse.cdt.core.parser.tests.ast2.QuickParser2Tests" time="0"/>
  <testcase name="testBug39535" classname="org.eclipse.cdt.core.parser.tests.ast2.QuickParser2Tests" time="0.001"/>
  <testcase name="testBug39536" classname="org.eclipse.cdt.core.parser.tests.ast2.QuickParser2Tests" time="0"/>
  <testcase name="testBug39537" classname="org.eclipse.cdt.core.parser.tests.ast2.QuickParser2Tests" time="0.001"/>
  <testcase name="testBug39538" classname="org.eclipse.cdt.core.parser.tests.ast2.QuickParser2Tests" time="0"/>
  <testcase name="testBug39540" classname="org.eclipse.cdt.core.parser.tests.ast2.QuickParser2Tests" time="0"/>
  <testcase name="testBug39542" classname="org.eclipse.cdt.core.parser.tests.ast2.QuickParser2Tests" time="0.001"/>
  <testcase name="testBug39544" classname="org.eclipse.cdt.core.parser.tests.ast2.QuickParser2Tests" time="0"/>
  <testcase name="testBug39546" classname="org.eclipse.cdt.core.parser.tests.ast2.QuickParser2Tests" time="0"/>
  <testcase name="testBug39549" classname="org.eclipse.cdt.core.parser.tests.ast2.QuickParser2Tests" time="0.001"/>
  <testcase name="testBug39550" classname="org.eclipse.cdt.core.parser.tests.ast2.QuickParser2Tests" time="0.001"/>
  <testcase name="testBug39553" classname="org.eclipse.cdt.core.parser.tests.ast2.QuickParser2Tests" time="0"/>
  <testcase name="testBug39554" classname="org.eclipse.cdt.core.parser.tests.ast2.QuickParser2Tests" time="0"/>
  <testcase name="testBug39556" classname="org.eclipse.cdt.core.parser.tests.ast2.QuickParser2Tests" time="0"/>
  <testcase name="testBug39677" classname="org.eclipse.cdt.core.parser.tests.ast2.QuickParser2Tests" time="0.004"/>
  <testcase name="testBug39678" classname="org.eclipse.cdt.core.parser.tests.ast2.QuickParser2Tests" time="0"/>
  <testcase name="testBug39681" classname="org.eclipse.cdt.core.parser.tests.ast2.QuickParser2Tests" time="0.001"/>
  <testcase name="testBug39684" classname="org.eclipse.cdt.core.parser.tests.ast2.QuickParser2Tests" time="0"/>
  <testcase name="testBug39686" classname="org.eclipse.cdt.core.parser.tests.ast2.QuickParser2Tests" time="0.001"/>
  <testcase name="testBug39694" classname="org.eclipse.cdt.core.parser.tests.ast2.QuickParser2Tests" time="0"/>
  <testcase name="testBug39695" classname="org.eclipse.cdt.core.parser.tests.ast2.QuickParser2Tests" time="0.001"/>
  <testcase name="testBug39703" classname="org.eclipse.cdt.core.parser.tests.ast2.QuickParser2Tests" time="0.001"/>
  <testcase name="testBug39705" classname="org.eclipse.cdt.core.parser.tests.ast2.QuickParser2Tests" time="0"/>
  <testcase name="testBug40007" classname="org.eclipse.cdt.core.parser.tests.ast2.QuickParser2Tests" time="0"/>
  <testcase name="testBug40419" classname="org.eclipse.cdt.core.parser.tests.ast2.QuickParser2Tests" time="0.005"/>
  <testcase name="testBug40759" classname="org.eclipse.cdt.core.parser.tests.ast2.QuickParser2Tests" time="0"/>
  <testcase name="testBug41935" classname="org.eclipse.cdt.core.parser.tests.ast2.QuickParser2Tests" time="0"/>
  <testcase name="testBug42985" classname="org.eclipse.cdt.core.parser.tests.ast2.QuickParser2Tests" time="0"/>
  <testcase name="testBug43062" classname="org.eclipse.cdt.core.parser.tests.ast2.QuickParser2Tests" time="0.001"/>
  <testcase name="testBug43110" classname="org.eclipse.cdt.core.parser.tests.ast2.QuickParser2Tests" time="0"/>
  <testcase name="testBug43371" classname="org.eclipse.cdt.core.parser.tests.ast2.QuickParser2Tests" time="0"/>
  <testcase name="testBug43644" classname="org.eclipse.cdt.core.parser.tests.ast2.QuickParser2Tests" time="0.001"/>
  <testcase name="testBug44336" classname="org.eclipse.cdt.core.parser.tests.ast2.QuickParser2Tests" time="0"/>
  <testcase name="testBug44633" classname="org.eclipse.cdt.core.parser.tests.ast2.QuickParser2Tests" time="0"/>
  <testcase name="testBug45235" classname="org.eclipse.cdt.core.parser.tests.ast2.QuickParser2Tests" time="0"/>
  <testcase name="testBug47628" classname="org.eclipse.cdt.core.parser.tests.ast2.QuickParser2Tests" time="0"/>
  <testcase name="testBug47752" classname="org.eclipse.cdt.core.parser.tests.ast2.QuickParser2Tests" time="0"/>
  <testcase name="testBug57652" classname="org.eclipse.cdt.core.parser.tests.ast2.QuickParser2Tests" time="0.001"/>
  <testcase name="testBug59179" classname="org.eclipse.cdt.core.parser.tests.ast2.QuickParser2Tests" time="0.001"/>
  <testcase name="testBug60142" classname="org.eclipse.cdt.core.parser.tests.ast2.QuickParser2Tests" time="0"/>
  <testcase name="testBug61431" classname="org.eclipse.cdt.core.parser.tests.ast2.QuickParser2Tests" time="0.001"/>
  <testcase name="testBug67622" classname="org.eclipse.cdt.core.parser.tests.ast2.QuickParser2Tests" time="0"/>
  <testcase name="testBug68116" classname="org.eclipse.cdt.core.parser.tests.ast2.QuickParser2Tests" time="0.002"/>
  <testcase name="testBug69161" classname="org.eclipse.cdt.core.parser.tests.ast2.QuickParser2Tests" time="0"/>
  <testcase name="testBug73524" classname="org.eclipse.cdt.core.parser.tests.ast2.QuickParser2Tests" time="0.001"/>
  <testcase name="testBadIdentifier" classname="org.eclipse.cdt.core.parser.tests.ast2.QuickParser2Tests" time="0"/>
  <testcase name="testUsingClauses" classname="org.eclipse.cdt.core.parser.tests.ast2.QuickParser2Tests" time="0"/>
  <testcase name="testPointersToMemberFunctions" classname="org.eclipse.cdt.core.parser.tests.ast2.QuickParser2Tests" time="0"/>
  <testcase name="testEnumSpecifier" classname="org.eclipse.cdt.core.parser.tests.ast2.QuickParser2Tests" time="0.001"/>
  <testcase name="testSimpleClassMembers" classname="org.eclipse.cdt.core.parser.tests.ast2.QuickParser2Tests" time="0"/>
  <testcase name="testAssignmentExpressions" classname="org.eclipse.cdt.core.parser.tests.ast2.QuickParser2Tests" time="0"/>
  <testcase name="testBug36769A" classname="org.eclipse.cdt.core.parser.tests.ast2.QuickParser2Tests" time="0.002"/>
  <testcase name="testBug36769B" classname="org.eclipse.cdt.core.parser.tests.ast2.QuickParser2Tests" time="0.005"/>
  <testcase name="testBug36932A" classname="org.eclipse.cdt.core.parser.tests.ast2.QuickParser2Tests" time="0.001"/>
  <testcase name="testBug39504B" classname="org.eclipse.cdt.core.parser.tests.ast2.QuickParser2Tests" time="0"/>
  <testcase name="testBug39505A" classname="org.eclipse.cdt.core.parser.tests.ast2.QuickParser2Tests" time="0"/>
  <testcase name="testBug39505B" classname="org.eclipse.cdt.core.parser.tests.ast2.QuickParser2Tests" time="0"/>
  <testcase name="testBug39536A" classname="org.eclipse.cdt.core.parser.tests.ast2.QuickParser2Tests" time="0.001"/>
  <testcase name="testBug39536B" classname="org.eclipse.cdt.core.parser.tests.ast2.QuickParser2Tests" time="0"/>
  <testcase name="testBug39551A" classname="org.eclipse.cdt.core.parser.tests.ast2.QuickParser2Tests" time="0"/>
  <testcase name="testBug39551B" classname="org.eclipse.cdt.core.parser.tests.ast2.QuickParser2Tests" time="0.001"/>
  <testcase name="testBug39698A" classname="org.eclipse.cdt.core.parser.tests.ast2.QuickParser2Tests" time="0"/>
  <testcase name="testBug39698B" classname="org.eclipse.cdt.core.parser.tests.ast2.QuickParser2Tests" time="0"/>
  <testcase name="testBug39701A" classname="org.eclipse.cdt.core.parser.tests.ast2.QuickParser2Tests" time="0.001"/>
  <testcase name="testBug39701B" classname="org.eclipse.cdt.core.parser.tests.ast2.QuickParser2Tests" time="0.001"/>
  <testcase name="testBug39701C" classname="org.eclipse.cdt.core.parser.tests.ast2.QuickParser2Tests" time="0.001"/>
  <testcase name="testBug39704A" classname="org.eclipse.cdt.core.parser.tests.ast2.QuickParser2Tests" time="0"/>
  <testcase name="testBug39704B" classname="org.eclipse.cdt.core.parser.tests.ast2.QuickParser2Tests" time="0.001"/>
  <testcase name="testBug39704C" classname="org.eclipse.cdt.core.parser.tests.ast2.QuickParser2Tests" time="0.001"/>
  <testcase name="testBug39704D" classname="org.eclipse.cdt.core.parser.tests.ast2.QuickParser2Tests" time="0"/>
  <testcase name="testPreprocessor" classname="org.eclipse.cdt.core.parser.tests.ast2.QuickParser2Tests" time="0"/>
  <testcase name="testIntGlobal" classname="org.eclipse.cdt.core.parser.tests.ast2.QuickParser2Tests" time="0"/>
  <testcase name="testArrayOfPointerToFunctions" classname="org.eclipse.cdt.core.parser.tests.ast2.QuickParser2Tests" time="0"/>
  <testcase name="testLinkageSpecification" classname="org.eclipse.cdt.core.parser.tests.ast2.QuickParser2Tests" time="0.001"/>
  <testcase name="testSimpleClassMember" classname="org.eclipse.cdt.core.parser.tests.ast2.QuickParser2Tests" time="0"/>
  <testcase name="testElaboratedParms" classname="org.eclipse.cdt.core.parser.tests.ast2.QuickParser2Tests" time="0.003"/>
  <testcase name="testIndirectDeclarators" classname="org.eclipse.cdt.core.parser.tests.ast2.QuickParser2Tests" time="0"/>
  <testcase name="testBugSingleton192" classname="org.eclipse.cdt.core.parser.tests.ast2.QuickParser2Tests" time="0"/>
  <testcase name="testFunctionDeclarationWithParameters" classname="org.eclipse.cdt.core.parser.tests.ast2.QuickParser2Tests" time="0"/>
  <testcase name="testArrays" classname="org.eclipse.cdt.core.parser.tests.ast2.QuickParser2Tests" time="0.001"/>
  <testcase name="testMemberDeclarations" classname="org.eclipse.cdt.core.parser.tests.ast2.QuickParser2Tests" time="0"/>
  <testcase name="testNamespaceDefinition" classname="org.eclipse.cdt.core.parser.tests.ast2.QuickParser2Tests" time="0"/>
  <testcase name="testWeirdExpression" classname="org.eclipse.cdt.core.parser.tests.ast2.QuickParser2Tests" time="0"/>
  <testcase name="testASMDefinition" classname="org.eclipse.cdt.core.parser.tests.ast2.QuickParser2Tests" time="0.002"/>
  <testcase name="testBug36766and36769A" classname="org.eclipse.cdt.core.parser.tests.ast2.QuickParser2Tests" time="0"/>
  <testcase name="testBug36766and36769B" classname="org.eclipse.cdt.core.parser.tests.ast2.QuickParser2Tests" time="0.001"/>
  <testcase name="testBug36766and36769C" classname="org.eclipse.cdt.core.parser.tests.ast2.QuickParser2Tests" time="0"/>
  <testcase name="testBug36766and36769D" classname="org.eclipse.cdt.core.parser.tests.ast2.QuickParser2Tests" time="0.001"/>
  <testcase name="testTemplateDeclarationOfClass" classname="org.eclipse.cdt.core.parser.tests.ast2.QuickParser2Tests" time="0"/>
  <testcase name="testPointerOperators" classname="org.eclipse.cdt.core.parser.tests.ast2.QuickParser2Tests" time="0"/>
  <testcase name="testStruct" classname="org.eclipse.cdt.core.parser.tests.ast2.QuickParser2Tests" time="0"/>
  <testcase name="testTemplateInstantiation" classname="org.eclipse.cdt.core.parser.tests.ast2.QuickParser2Tests" time="0.001"/>
  <testcase name="testFunctionModifiers" classname="org.eclipse.cdt.core.parser.tests.ast2.QuickParser2Tests" time="0"/>
  <testcase name="testMultipleDeclarators" classname="org.eclipse.cdt.core.parser.tests.ast2.QuickParser2Tests" time="0"/>
  <testcase name="testSimpleSubclass" classname="org.eclipse.cdt.core.parser.tests.ast2.CompleteParser2Tests" time="0.002"/>
  <testcase name="testSimpleField" classname="org.eclipse.cdt.core.parser.tests.ast2.CompleteParser2Tests" time="0.001"/>
  <testcase name="testSimpleSwitchStatement" classname="org.eclipse.cdt.core.parser.tests.ast2.CompleteParser2Tests" time="0.001"/>
  <testcase name="testArrayModExpression" classname="org.eclipse.cdt.core.parser.tests.ast2.CompleteParser2Tests" time="0.001"/>
  <testcase name="testNestedNamespaceExpression" classname="org.eclipse.cdt.core.parser.tests.ast2.CompleteParser2Tests" time="0"/>
  <testcase name="testQualifiedNameReferences" classname="org.eclipse.cdt.core.parser.tests.ast2.CompleteParser2Tests" time="0.001"/>
  <testcase name="test575513_qualified" classname="org.eclipse.cdt.core.parser.tests.ast2.CompleteParser2Tests" time="0.001"/>
  <testcase name="testNestedSubclass" classname="org.eclipse.cdt.core.parser.tests.ast2.CompleteParser2Tests" time="0"/>
  <testcase name="testBug72691_2" classname="org.eclipse.cdt.core.parser.tests.ast2.CompleteParser2Tests" time="0.001"/>
  <testcase name="test57513_ctorinit" classname="org.eclipse.cdt.core.parser.tests.ast2.CompleteParser2Tests" time="0"/>
  <testcase name="testSimpleWhileStatement" classname="org.eclipse.cdt.core.parser.tests.ast2.CompleteParser2Tests" time="0.001"/>
  <testcase name="testASM" classname="org.eclipse.cdt.core.parser.tests.ast2.CompleteParser2Tests" time="0.001"/>
  <testcase name="testBug43110_XRef" classname="org.eclipse.cdt.core.parser.tests.ast2.CompleteParser2Tests" time="0"/>
  <testcase name="testPredefinedSymbol_bug70928_infinite_loop_test1" classname="org.eclipse.cdt.core.parser.tests.ast2.CompleteParser2Tests" time="0"/>
  <testcase name="testPredefinedSymbol_bug70928_infinite_loop_test2" classname="org.eclipse.cdt.core.parser.tests.ast2.CompleteParser2Tests" time="0.001"/>
  <testcase name="testEnumeratorReferences" classname="org.eclipse.cdt.core.parser.tests.ast2.CompleteParser2Tests" time="0.001"/>
  <testcase name="testSimpleVariable" classname="org.eclipse.cdt.core.parser.tests.ast2.CompleteParser2Tests" time="0"/>
  <testcase name="testConstructorChain" classname="org.eclipse.cdt.core.parser.tests.ast2.CompleteParser2Tests" time="0.001"/>
  <testcase name="testCBool" classname="org.eclipse.cdt.core.parser.tests.ast2.CompleteParser2Tests" time="0"/>
  <testcase name="testSimpleFunctionBody" classname="org.eclipse.cdt.core.parser.tests.ast2.CompleteParser2Tests" time="0.001"/>
  <testcase name="testULong" classname="org.eclipse.cdt.core.parser.tests.ast2.CompleteParser2Tests" time="0.001"/>
  <testcase name="testSimpleIfStatement" classname="org.eclipse.cdt.core.parser.tests.ast2.CompleteParser2Tests" time="0.001"/>
  <testcase name="testSimpleTypedef" classname="org.eclipse.cdt.core.parser.tests.ast2.CompleteParser2Tests" time="0"/>
  <testcase name="testLinkageSpec" classname="org.eclipse.cdt.core.parser.tests.ast2.CompleteParser2Tests" time="0.001"/>
  <testcase name="testBug39676_tough" classname="org.eclipse.cdt.core.parser.tests.ast2.CompleteParser2Tests" time="0.001"/>
  <testcase name="test57513_NoConstructor" classname="org.eclipse.cdt.core.parser.tests.ast2.CompleteParser2Tests" time="0"/>
  <testcase name="testIsConstructor" classname="org.eclipse.cdt.core.parser.tests.ast2.CompleteParser2Tests" time="0.001"/>
  <testcase name="testNestedClassReferenceVariable" classname="org.eclipse.cdt.core.parser.tests.ast2.CompleteParser2Tests" time="0.001"/>
  <testcase name="testErrorHandling_1" classname="org.eclipse.cdt.core.parser.tests.ast2.CompleteParser2Tests" time="0.001"/>
  <testcase name="test158192_declspec_in_declarator" classname="org.eclipse.cdt.core.parser.tests.ast2.CompleteParser2Tests" time="0.001"/>
  <testcase name="testSimpleForLoop" classname="org.eclipse.cdt.core.parser.tests.ast2.CompleteParser2Tests" time="0.001"/>
  <testcase name="testGloballyQualifiedUsingDeclaration" classname="org.eclipse.cdt.core.parser.tests.ast2.CompleteParser2Tests" time="0.001"/>
  <testcase name="testBug39504" classname="org.eclipse.cdt.core.parser.tests.ast2.CompleteParser2Tests" time="0.001"/>
  <testcase name="testBug40842" classname="org.eclipse.cdt.core.parser.tests.ast2.CompleteParser2Tests" time="0"/>
  <testcase name="testBug41445" classname="org.eclipse.cdt.core.parser.tests.ast2.CompleteParser2Tests" time="0.001"/>
  <testcase name="testBug41520" classname="org.eclipse.cdt.core.parser.tests.ast2.CompleteParser2Tests" time="0.001"/>
  <testcase name="testBug42541" classname="org.eclipse.cdt.core.parser.tests.ast2.CompleteParser2Tests" time="0.001"/>
  <testcase name="testBug42840" classname="org.eclipse.cdt.core.parser.tests.ast2.CompleteParser2Tests" time="0"/>
  <testcase name="testBug42872" classname="org.eclipse.cdt.core.parser.tests.ast2.CompleteParser2Tests" time="0.001"/>
  <testcase name="testBug42979" classname="org.eclipse.cdt.core.parser.tests.ast2.CompleteParser2Tests" time="0.002"/>
  <testcase name="testBug43110" classname="org.eclipse.cdt.core.parser.tests.ast2.CompleteParser2Tests" time="0"/>
  <testcase name="testBug43373" classname="org.eclipse.cdt.core.parser.tests.ast2.CompleteParser2Tests" time="0.001"/>
  <testcase name="testBug43375" classname="org.eclipse.cdt.core.parser.tests.ast2.CompleteParser2Tests" time="0.001"/>
  <testcase name="testBug43503" classname="org.eclipse.cdt.core.parser.tests.ast2.CompleteParser2Tests" time="0.003"/>
  <testcase name="testBug43951" classname="org.eclipse.cdt.core.parser.tests.ast2.CompleteParser2Tests" time="0.001"/>
  <testcase name="testBug44249" classname="org.eclipse.cdt.core.parser.tests.ast2.CompleteParser2Tests" time="0"/>
  <testcase name="testBug44340" classname="org.eclipse.cdt.core.parser.tests.ast2.CompleteParser2Tests" time="0.001"/>
  <testcase name="testBug44342" classname="org.eclipse.cdt.core.parser.tests.ast2.CompleteParser2Tests" time="0.002"/>
  <testcase name="testBug44510" classname="org.eclipse.cdt.core.parser.tests.ast2.CompleteParser2Tests" time="0"/>
  <testcase name="testBug44838" classname="org.eclipse.cdt.core.parser.tests.ast2.CompleteParser2Tests" time="0.001"/>
  <testcase name="testBug44925" classname="org.eclipse.cdt.core.parser.tests.ast2.CompleteParser2Tests" time="0.001"/>
  <testcase name="testBug45235" classname="org.eclipse.cdt.core.parser.tests.ast2.CompleteParser2Tests" time="0"/>
  <testcase name="testBug45697" classname="org.eclipse.cdt.core.parser.tests.ast2.CompleteParser2Tests" time="0.001"/>
  <testcase name="testBug46165" classname="org.eclipse.cdt.core.parser.tests.ast2.CompleteParser2Tests" time="0.001"/>
  <testcase name="testBug46246" classname="org.eclipse.cdt.core.parser.tests.ast2.CompleteParser2Tests" time="0"/>
  <testcase name="testBug47624" classname="org.eclipse.cdt.core.parser.tests.ast2.CompleteParser2Tests" time="0.001"/>
  <testcase name="testBug47625" classname="org.eclipse.cdt.core.parser.tests.ast2.CompleteParser2Tests" time="0.001"/>
  <testcase name="testBug47628" classname="org.eclipse.cdt.core.parser.tests.ast2.CompleteParser2Tests" time="0"/>
  <testcase name="testBug47636" classname="org.eclipse.cdt.core.parser.tests.ast2.CompleteParser2Tests" time="0"/>
  <testcase name="testBug47752" classname="org.eclipse.cdt.core.parser.tests.ast2.CompleteParser2Tests" time="0.001"/>
  <testcase name="testBug47926" classname="org.eclipse.cdt.core.parser.tests.ast2.CompleteParser2Tests" time="0"/>
  <testcase name="testBug53786" classname="org.eclipse.cdt.core.parser.tests.ast2.CompleteParser2Tests" time="0.001"/>
  <testcase name="testBug54029" classname="org.eclipse.cdt.core.parser.tests.ast2.CompleteParser2Tests" time="0"/>
  <testcase name="testBug54531" classname="org.eclipse.cdt.core.parser.tests.ast2.CompleteParser2Tests" time="0"/>
  <testcase name="testBug54639" classname="org.eclipse.cdt.core.parser.tests.ast2.CompleteParser2Tests" time="0.001"/>
  <testcase name="testBug55163" classname="org.eclipse.cdt.core.parser.tests.ast2.CompleteParser2Tests" time="0.001"/>
  <testcase name="testBug55673" classname="org.eclipse.cdt.core.parser.tests.ast2.CompleteParser2Tests" time="0"/>
  <testcase name="testBug56516" classname="org.eclipse.cdt.core.parser.tests.ast2.CompleteParser2Tests" time="0.001"/>
  <testcase name="testBug57754" classname="org.eclipse.cdt.core.parser.tests.ast2.CompleteParser2Tests" time="0"/>
  <testcase name="testBug57791" classname="org.eclipse.cdt.core.parser.tests.ast2.CompleteParser2Tests" time="0.001"/>
  <testcase name="testBug57800" classname="org.eclipse.cdt.core.parser.tests.ast2.CompleteParser2Tests" time="0.001"/>
  <testcase name="testBug59149" classname="org.eclipse.cdt.core.parser.tests.ast2.CompleteParser2Tests" time="0"/>
  <testcase name="testBug59302" classname="org.eclipse.cdt.core.parser.tests.ast2.CompleteParser2Tests" time="0"/>
  <testcase name="testBug60407" classname="org.eclipse.cdt.core.parser.tests.ast2.CompleteParser2Tests" time="0.001"/>
  <testcase name="testBug60939" classname="org.eclipse.cdt.core.parser.tests.ast2.CompleteParser2Tests" time="0.001"/>
  <testcase name="testBug60944" classname="org.eclipse.cdt.core.parser.tests.ast2.CompleteParser2Tests" time="0.001"/>
  <testcase name="testBug61972" classname="org.eclipse.cdt.core.parser.tests.ast2.CompleteParser2Tests" time="0"/>
  <testcase name="testBug64010" classname="org.eclipse.cdt.core.parser.tests.ast2.CompleteParser2Tests" time="0.037"/>
  <testcase name="testBug64268" classname="org.eclipse.cdt.core.parser.tests.ast2.CompleteParser2Tests" time="0.001"/>
  <testcase name="testBug64271" classname="org.eclipse.cdt.core.parser.tests.ast2.CompleteParser2Tests" time="0.001"/>
  <testcase name="testBug65569" classname="org.eclipse.cdt.core.parser.tests.ast2.CompleteParser2Tests" time="0.001"/>
  <testcase name="testBug67622" classname="org.eclipse.cdt.core.parser.tests.ast2.CompleteParser2Tests" time="0"/>
  <testcase name="testBug67680" classname="org.eclipse.cdt.core.parser.tests.ast2.CompleteParser2Tests" time="0.001"/>
  <testcase name="testBug68235" classname="org.eclipse.cdt.core.parser.tests.ast2.CompleteParser2Tests" time="0"/>
  <testcase name="testBug68528" classname="org.eclipse.cdt.core.parser.tests.ast2.CompleteParser2Tests" time="0.001"/>
  <testcase name="testBug68623" classname="org.eclipse.cdt.core.parser.tests.ast2.CompleteParser2Tests" time="0.001"/>
  <testcase name="testBug69454" classname="org.eclipse.cdt.core.parser.tests.ast2.CompleteParser2Tests" time="0.001"/>
  <testcase name="testBug69526" classname="org.eclipse.cdt.core.parser.tests.ast2.CompleteParser2Tests" time="0.001"/>
  <testcase name="testBug69662" classname="org.eclipse.cdt.core.parser.tests.ast2.CompleteParser2Tests" time="0"/>
  <testcase name="testBug69798" classname="org.eclipse.cdt.core.parser.tests.ast2.CompleteParser2Tests" time="0.001"/>
  <testcase name="testBug71094" classname="org.eclipse.cdt.core.parser.tests.ast2.CompleteParser2Tests" time="0"/>
  <testcase name="testBug71733" classname="org.eclipse.cdt.core.parser.tests.ast2.CompleteParser2Tests" time="0.001"/>
  <testcase name="testBug72691" classname="org.eclipse.cdt.core.parser.tests.ast2.CompleteParser2Tests" time="0"/>
  <testcase name="testBug73428" classname="org.eclipse.cdt.core.parser.tests.ast2.CompleteParser2Tests" time="0.001"/>
  <testcase name="testBug73615" classname="org.eclipse.cdt.core.parser.tests.ast2.CompleteParser2Tests" time="0"/>
  <testcase name="testBug73652" classname="org.eclipse.cdt.core.parser.tests.ast2.CompleteParser2Tests" time="0.001"/>
  <testcase name="testBug74069" classname="org.eclipse.cdt.core.parser.tests.ast2.CompleteParser2Tests" time="0.001"/>
  <testcase name="testBug74180" classname="org.eclipse.cdt.core.parser.tests.ast2.CompleteParser2Tests" time="0"/>
  <testcase name="testBug74328" classname="org.eclipse.cdt.core.parser.tests.ast2.CompleteParser2Tests" time="0"/>
  <testcase name="testBug74847" classname="org.eclipse.cdt.core.parser.tests.ast2.CompleteParser2Tests" time="0.001"/>
  <testcase name="testBug75338" classname="org.eclipse.cdt.core.parser.tests.ast2.CompleteParser2Tests" time="0"/>
  <testcase name="testBug76696" classname="org.eclipse.cdt.core.parser.tests.ast2.CompleteParser2Tests" time="0.001"/>
  <testcase name="testBug77009" classname="org.eclipse.cdt.core.parser.tests.ast2.CompleteParser2Tests" time="0"/>
  <testcase name="testBug77097" classname="org.eclipse.cdt.core.parser.tests.ast2.CompleteParser2Tests" time="0"/>
  <testcase name="testBug77276" classname="org.eclipse.cdt.core.parser.tests.ast2.CompleteParser2Tests" time="0.001"/>
  <testcase name="testBug77281" classname="org.eclipse.cdt.core.parser.tests.ast2.CompleteParser2Tests" time="0"/>
  <testcase name="testBug77805" classname="org.eclipse.cdt.core.parser.tests.ast2.CompleteParser2Tests" time="0.001"/>
  <testcase name="testBug77821" classname="org.eclipse.cdt.core.parser.tests.ast2.CompleteParser2Tests" time="0"/>
  <testcase name="testBug77921" classname="org.eclipse.cdt.core.parser.tests.ast2.CompleteParser2Tests" time="0.001"/>
  <testcase name="testBug78165" classname="org.eclipse.cdt.core.parser.tests.ast2.CompleteParser2Tests" time="0"/>
  <testcase name="testParameterExpressions" classname="org.eclipse.cdt.core.parser.tests.ast2.CompleteParser2Tests" time="0.001"/>
  <testcase name="testUnaryAmperCast" classname="org.eclipse.cdt.core.parser.tests.ast2.CompleteParser2Tests" time="0.002"/>
  <testcase name="testForwardDeclaration" classname="org.eclipse.cdt.core.parser.tests.ast2.CompleteParser2Tests" time="0"/>
  <testcase name="testSimpleNamespace" classname="org.eclipse.cdt.core.parser.tests.ast2.CompleteParser2Tests" time="0.001"/>
  <testcase name="testEmptyClassDeclaration" classname="org.eclipse.cdt.core.parser.tests.ast2.CompleteParser2Tests" time="0"/>
  <testcase name="testBogdansExample" classname="org.eclipse.cdt.core.parser.tests.ast2.CompleteParser2Tests" time="0.001"/>
  <testcase name="testQualifiedLookup" classname="org.eclipse.cdt.core.parser.tests.ast2.CompleteParser2Tests" time="0.001"/>
  <testcase name="testBug50984_ASTMethod_getOwnerClassSpecifier_ClassCastException" classname="org.eclipse.cdt.core.parser.tests.ast2.CompleteParser2Tests" time="0.001"/>
  <testcase name="testNewExpressions" classname="org.eclipse.cdt.core.parser.tests.ast2.CompleteParser2Tests" time="0.001"/>
  <testcase name="testSimpleMethod" classname="org.eclipse.cdt.core.parser.tests.ast2.CompleteParser2Tests" time="0.001"/>
  <testcase name="testNestedNamespaceDefinitions" classname="org.eclipse.cdt.core.parser.tests.ast2.CompleteParser2Tests" time="0"/>
  <testcase name="testTypeIDSignature" classname="org.eclipse.cdt.core.parser.tests.ast2.CompleteParser2Tests" time="0.001"/>
  <testcase name="testUsingClauses" classname="org.eclipse.cdt.core.parser.tests.ast2.CompleteParser2Tests" time="0"/>
  <testcase name="testPointerVariable" classname="org.eclipse.cdt.core.parser.tests.ast2.CompleteParser2Tests" time="0.001"/>
  <testcase name="testNestedClassname" classname="org.eclipse.cdt.core.parser.tests.ast2.CompleteParser2Tests" time="0"/>
  <testcase name="testUsingDeclarationWithFunctionsAndMethods" classname="org.eclipse.cdt.core.parser.tests.ast2.CompleteParser2Tests" time="0.001"/>
  <testcase name="testForewardDeclarationWithUsage" classname="org.eclipse.cdt.core.parser.tests.ast2.CompleteParser2Tests" time="0.001"/>
  <testcase name="testCDesignatedInitializers" classname="org.eclipse.cdt.core.parser.tests.ast2.CompleteParser2Tests" time="0"/>
  <testcase name="testEmptyCompilationUnit" classname="org.eclipse.cdt.core.parser.tests.ast2.CompleteParser2Tests" time="0.001"/>
  <testcase name="test57513_new" classname="org.eclipse.cdt.core.parser.tests.ast2.CompleteParser2Tests" time="0"/>
  <testcase name="testBug43679_A" classname="org.eclipse.cdt.core.parser.tests.ast2.CompleteParser2Tests" time="0.001"/>
  <testcase name="testBug43679_B" classname="org.eclipse.cdt.core.parser.tests.ast2.CompleteParser2Tests" time="0.001"/>
  <testcase name="testBug102376" classname="org.eclipse.cdt.core.parser.tests.ast2.CompleteParser2Tests" time="0.008"/>
  <testcase name="testBug103560" classname="org.eclipse.cdt.core.parser.tests.ast2.CompleteParser2Tests" time="0"/>
  <testcase name="testBug39551A" classname="org.eclipse.cdt.core.parser.tests.ast2.CompleteParser2Tests" time="0.001"/>
  <testcase name="testBug39551B" classname="org.eclipse.cdt.core.parser.tests.ast2.CompleteParser2Tests" time="0"/>
  <testcase name="testBug43503A" classname="org.eclipse.cdt.core.parser.tests.ast2.CompleteParser2Tests" time="0.001"/>
  <testcase name="testBug71317A" classname="org.eclipse.cdt.core.parser.tests.ast2.CompleteParser2Tests" time="0.001"/>
  <testcase name="testBug71317B" classname="org.eclipse.cdt.core.parser.tests.ast2.CompleteParser2Tests" time="0"/>
  <testcase name="testBug72692A" classname="org.eclipse.cdt.core.parser.tests.ast2.CompleteParser2Tests" time="0.001"/>
  <testcase name="testBug72692B" classname="org.eclipse.cdt.core.parser.tests.ast2.CompleteParser2Tests" time="0.001"/>
  <testcase name="testBug72692C" classname="org.eclipse.cdt.core.parser.tests.ast2.CompleteParser2Tests" time="0"/>
  <testcase name="testBug74575A" classname="org.eclipse.cdt.core.parser.tests.ast2.CompleteParser2Tests" time="0.001"/>
  <testcase name="testSimpleFunctionWithTypes" classname="org.eclipse.cdt.core.parser.tests.ast2.CompleteParser2Tests" time="0"/>
  <testcase name="testIsDestructor" classname="org.eclipse.cdt.core.parser.tests.ast2.CompleteParser2Tests" time="0.001"/>
  <testcase name="testAndrewsExample" classname="org.eclipse.cdt.core.parser.tests.ast2.CompleteParser2Tests" time="0.001"/>
  <testcase name="testMultipleDeclaratorsVariable" classname="org.eclipse.cdt.core.parser.tests.ast2.CompleteParser2Tests" time="0"/>
  <testcase name="testGNUASMExtension" classname="org.eclipse.cdt.core.parser.tests.ast2.CompleteParser2Tests" time="0.006"/>
  <testcase name="test158192_declspec_on_variable" classname="org.eclipse.cdt.core.parser.tests.ast2.CompleteParser2Tests" time="0.001"/>
  <testcase name="testCBoolAsParameter" classname="org.eclipse.cdt.core.parser.tests.ast2.CompleteParser2Tests" time="0.001"/>
  <testcase name="test173874_nestedClasses" classname="org.eclipse.cdt.core.parser.tests.ast2.CompleteParser2Tests" time="0.002"/>
  <testcase name="testEnumerations" classname="org.eclipse.cdt.core.parser.tests.ast2.CompleteParser2Tests" time="0"/>
  <testcase name="testExceptionSpecification" classname="org.eclipse.cdt.core.parser.tests.ast2.CompleteParser2Tests" time="0.001"/>
  <testcase name="testSimpleMethodWithTypes" classname="org.eclipse.cdt.core.parser.tests.ast2.CompleteParser2Tests" time="0.001"/>
  <testcase name="testOverride" classname="org.eclipse.cdt.core.parser.tests.ast2.CompleteParser2Tests" time="0"/>
  <testcase name="test158192_declspec_on_class" classname="org.eclipse.cdt.core.parser.tests.ast2.CompleteParser2Tests" time="0.001"/>
  <testcase name="testSimpleFunction" classname="org.eclipse.cdt.core.parser.tests.ast2.CompleteParser2Tests" time="0.001"/>
  <testcase name="testComplexTypedef" classname="org.eclipse.cdt.core.parser.tests.ast2.CompleteParser2Tests" time="0"/>
  <testcase name="testElaboratedType" classname="org.eclipse.cdt.core.parser.tests.ast2.CompleteParser2Tests" time="0.001"/>
  <testcase name="testPredefinedSymbol_bug70928" classname="org.eclipse.cdt.core.parser.tests.ast2.CompleteParser2Tests" time="0.001"/>
  <testcase name="testScoping" classname="org.eclipse.cdt.core.parser.tests.ast2.CompleteParser2Tests" time="0.001"/>
  <testcase name="testNewXReferences" classname="org.eclipse.cdt.core.parser.tests.ast2.CompleteParser2Tests" time="0"/>
  <testcase name="testSimpleDoStatement" classname="org.eclipse.cdt.core.parser.tests.ast2.CompleteParser2Tests" time="0.001"/>
  <testcase name="testSimpleClassReferenceVariable" classname="org.eclipse.cdt.core.parser.tests.ast2.CompleteParser2Tests" time="0"/>
  <testcase name="testMultipleNamespaceDefinitions" classname="org.eclipse.cdt.core.parser.tests.ast2.CompleteParser2Tests" time="0.001"/>
  <testcase name="testThrowStatement" classname="org.eclipse.cdt.core.parser.tests.ast2.CompleteParser2Tests" time="0.001"/>
  <testcase name="testSimpleExpression" classname="org.eclipse.cdt.core.parser.tests.ast2.CompleteParser2Tests" time="0"/>
  <testcase name="testDestructorReference" classname="org.eclipse.cdt.core.parser.tests.ast2.CompleteParser2Tests" time="0.001"/>
  <testcase name="testBug162180_0" classname="org.eclipse.cdt.core.parser.tests.ast2.DOMLocationTests" time="0.001"/>
  <testcase name="test162180_1" classname="org.eclipse.cdt.core.parser.tests.ast2.DOMLocationTests" time="0.001"/>
  <testcase name="test162180_2" classname="org.eclipse.cdt.core.parser.tests.ast2.DOMLocationTests" time="0.001"/>
  <testcase name="test162180_3" classname="org.eclipse.cdt.core.parser.tests.ast2.DOMLocationTests" time="0.001"/>
  <testcase name="test162180_4" classname="org.eclipse.cdt.core.parser.tests.ast2.DOMLocationTests" time="0.001"/>
  <testcase name="testRawSignature_Bug117029" classname="org.eclipse.cdt.core.parser.tests.ast2.DOMLocationTests" time="0.028"/>
  <testcase name="testSimplePreprocessorStatements" classname="org.eclipse.cdt.core.parser.tests.ast2.DOMLocationTests" time="0.002"/>
  <testcase name="testBaseCase" classname="org.eclipse.cdt.core.parser.tests.ast2.DOMLocationTests" time="0.002"/>
  <testcase name="testTemplateIdNameLocation_Bug211444" classname="org.eclipse.cdt.core.parser.tests.ast2.DOMLocationTests" time="0.002"/>
  <testcase name="testBug83664" classname="org.eclipse.cdt.core.parser.tests.ast2.DOMLocationTests" time="0.002"/>
  <testcase name="testBug83737" classname="org.eclipse.cdt.core.parser.tests.ast2.DOMLocationTests" time="0.003"/>
  <testcase name="testBug83852" classname="org.eclipse.cdt.core.parser.tests.ast2.DOMLocationTests" time="0.002"/>
  <testcase name="testBug83853" classname="org.eclipse.cdt.core.parser.tests.ast2.DOMLocationTests" time="0.001"/>
  <testcase name="testBug84343" classname="org.eclipse.cdt.core.parser.tests.ast2.DOMLocationTests" time="0.001"/>
  <testcase name="testBug84357" classname="org.eclipse.cdt.core.parser.tests.ast2.DOMLocationTests" time="0.001"/>
  <testcase name="testBug84366" classname="org.eclipse.cdt.core.parser.tests.ast2.DOMLocationTests" time="0"/>
  <testcase name="testBug84367" classname="org.eclipse.cdt.core.parser.tests.ast2.DOMLocationTests" time="0.001"/>
  <testcase name="testBug84374" classname="org.eclipse.cdt.core.parser.tests.ast2.DOMLocationTests" time="0.001"/>
  <testcase name="testBug84375" classname="org.eclipse.cdt.core.parser.tests.ast2.DOMLocationTests" time="0"/>
  <testcase name="testBug84467" classname="org.eclipse.cdt.core.parser.tests.ast2.DOMLocationTests" time="0.001"/>
  <testcase name="testBug84576" classname="org.eclipse.cdt.core.parser.tests.ast2.DOMLocationTests" time="0.001"/>
  <testcase name="testBug85820" classname="org.eclipse.cdt.core.parser.tests.ast2.DOMLocationTests" time="0.001"/>
  <testcase name="testBug86323" classname="org.eclipse.cdt.core.parser.tests.ast2.DOMLocationTests" time="0.001"/>
  <testcase name="testSimpleObjectStyleMacroDefinition" classname="org.eclipse.cdt.core.parser.tests.ast2.DOMLocationTests" time="0.001"/>
  <testcase name="testBug86698_1" classname="org.eclipse.cdt.core.parser.tests.ast2.DOMLocationTests" time="0.001"/>
  <testcase name="testBug86698_2" classname="org.eclipse.cdt.core.parser.tests.ast2.DOMLocationTests" time="0.002"/>
  <testcase name="testSimpleDeclaration" classname="org.eclipse.cdt.core.parser.tests.ast2.DOMLocationTests" time="0.001"/>
  <testcase name="testBug120607" classname="org.eclipse.cdt.core.parser.tests.ast2.DOMLocationTests" time="0.001"/>
  <testcase name="testBug162180" classname="org.eclipse.cdt.core.parser.tests.ast2.DOMLocationTests" time="0.001"/>
  <testcase name="testBug171520" classname="org.eclipse.cdt.core.parser.tests.ast2.DOMLocationTests" time="0"/>
  <testcase name="testElaboratedTypeSpecifier" classname="org.eclipse.cdt.core.parser.tests.ast2.DOMLocationTests" time="0.001"/>
  <testcase name="testFunctionDeclaratorLocationContainsVirtualSpecifiers_Bug518628" classname="org.eclipse.cdt.core.parser.tests.ast2.DOMLocationTests" time="0.004"/>
  <testcase name="testBug157009_1" classname="org.eclipse.cdt.core.parser.tests.ast2.DOMLocationTests" time="0.001"/>
  <testcase name="testBug157009_2" classname="org.eclipse.cdt.core.parser.tests.ast2.DOMLocationTests" time="0"/>
  <testcase name="testBug527396_1" classname="org.eclipse.cdt.core.parser.tests.ast2.DOMLocationTests" time="0.001"/>
  <testcase name="testBug527396_2" classname="org.eclipse.cdt.core.parser.tests.ast2.DOMLocationTests" time="0.001"/>
  <testcase name="testBug527396_3" classname="org.eclipse.cdt.core.parser.tests.ast2.DOMLocationTests" time="0"/>
  <testcase name="testBug527396_4" classname="org.eclipse.cdt.core.parser.tests.ast2.DOMLocationTests" time="0"/>
  <testcase name="testBug527396_5" classname="org.eclipse.cdt.core.parser.tests.ast2.DOMLocationTests" time="0.001"/>
  <testcase name="testBug527396_6" classname="org.eclipse.cdt.core.parser.tests.ast2.DOMLocationTests" time="0"/>
  <testcase name="testSimpleFunctionStyleMacroDefinition" classname="org.eclipse.cdt.core.parser.tests.ast2.DOMLocationTests" time="0.001"/>
  <testcase name="testObjectMacroExpansionModestDeclarator" classname="org.eclipse.cdt.core.parser.tests.ast2.DOMLocationMacroTests" time="0.001"/>
  <testcase name="testArgumentExpansion" classname="org.eclipse.cdt.core.parser.tests.ast2.DOMLocationMacroTests" time="0.002"/>
  <testcase name="testObjectMacroExpansionPartialDeclSpec" classname="org.eclipse.cdt.core.parser.tests.ast2.DOMLocationMacroTests" time="0.001"/>
  <testcase name="testMacroBindings" classname="org.eclipse.cdt.core.parser.tests.ast2.DOMLocationMacroTests" time="0.002"/>
  <testcase name="testBug90978" classname="org.eclipse.cdt.core.parser.tests.ast2.DOMLocationMacroTests" time="0.001"/>
  <testcase name="testBug94933" classname="org.eclipse.cdt.core.parser.tests.ast2.DOMLocationMacroTests" time="0"/>
  <testcase name="testObjectMacroExpansionNested" classname="org.eclipse.cdt.core.parser.tests.ast2.DOMLocationMacroTests" time="0.001"/>
  <testcase name="testBuildFunctionMacroName" classname="org.eclipse.cdt.core.parser.tests.ast2.DOMLocationMacroTests" time="0.001"/>
  <testcase name="testBug186257" classname="org.eclipse.cdt.core.parser.tests.ast2.DOMLocationMacroTests" time="0.002"/>
  <testcase name="testArgumentCapture" classname="org.eclipse.cdt.core.parser.tests.ast2.DOMLocationMacroTests" time="0.001"/>
  <testcase name="testFunctionMacroNotCalled" classname="org.eclipse.cdt.core.parser.tests.ast2.DOMLocationMacroTests" time="0.001"/>
  <testcase name="testObjectMacroExpansionComplex" classname="org.eclipse.cdt.core.parser.tests.ast2.DOMLocationMacroTests" time="0.001"/>
  <testcase name="testObjectStyleMacroExpansionSimpleDeclarator" classname="org.eclipse.cdt.core.parser.tests.ast2.DOMLocationMacroTests" time="0.001"/>
  <testcase name="testStdioBug" classname="org.eclipse.cdt.core.parser.tests.ast2.DOMLocationMacroTests" time="0.003"/>
  <testcase name="testFunctionMacroExpansionWithNameSubstitution_Bug173637" classname="org.eclipse.cdt.core.parser.tests.ast2.DOMLocationMacroTests" time="0.001"/>
  <testcase name="testMacroArgumentLocation" classname="org.eclipse.cdt.core.parser.tests.ast2.ImageLocationTests" time="0.006"/>
  <testcase name="testMacroLocation" classname="org.eclipse.cdt.core.parser.tests.ast2.ImageLocationTests" time="0.001"/>
  <testcase name="testFileLocation" classname="org.eclipse.cdt.core.parser.tests.ast2.ImageLocationTests" time="0"/>
  <testcase name="testIndirectMacroLocation" classname="org.eclipse.cdt.core.parser.tests.ast2.ImageLocationTests" time="0.001"/>
  <testcase name="testKRC_Ethereal_1" classname="org.eclipse.cdt.core.parser.tests.ast2.AST2KnRTests" time="0.002"/>
  <testcase name="testKRC_1" classname="org.eclipse.cdt.core.parser.tests.ast2.AST2KnRTests" time="0.002"/>
  <testcase name="testKRCWithTypes" classname="org.eclipse.cdt.core.parser.tests.ast2.AST2KnRTests" time="0.002"/>
  <testcase name="testBug97447" classname="org.eclipse.cdt.core.parser.tests.ast2.AST2KnRTests" time="0.001"/>
  <testcase name="testSimpleKRCTest1" classname="org.eclipse.cdt.core.parser.tests.ast2.AST2KnRTests" time="0.001"/>
  <testcase name="testSimpleKRCTest2" classname="org.eclipse.cdt.core.parser.tests.ast2.AST2KnRTests" time="0.001"/>
  <testcase name="testSimpleKRCTest3" classname="org.eclipse.cdt.core.parser.tests.ast2.AST2KnRTests" time="0.001"/>
  <testcase name="testKRCProblem1" classname="org.eclipse.cdt.core.parser.tests.ast2.AST2KnRTests" time="0.001"/>
  <testcase name="testKRCProblem2" classname="org.eclipse.cdt.core.parser.tests.ast2.AST2KnRTests" time="0"/>
  <testcase name="testKRCProblem3" classname="org.eclipse.cdt.core.parser.tests.ast2.AST2KnRTests" time="0.001"/>
  <testcase name="testKRCProblem4" classname="org.eclipse.cdt.core.parser.tests.ast2.AST2KnRTests" time="0.001"/>
  <testcase name="testKRCProblem5" classname="org.eclipse.cdt.core.parser.tests.ast2.AST2KnRTests" time="0.001"/>
  <testcase name="testBug100104" classname="org.eclipse.cdt.core.parser.tests.ast2.AST2KnRTests" time="0.001"/>
  <testcase name="testBug203050" classname="org.eclipse.cdt.core.parser.tests.ast2.AST2KnRTests" time="0.007"/>
  <testcase name="testFunctionPtrParameter_378614" classname="org.eclipse.cdt.core.parser.tests.ast2.AST2KnRTests" time="0.002"/>
  <testcase name="testKRC_monop_cards1" classname="org.eclipse.cdt.core.parser.tests.ast2.AST2KnRTests" time="0.001"/>
  <testcase name="testKRC_monop_cards2" classname="org.eclipse.cdt.core.parser.tests.ast2.AST2KnRTests" time="0.001"/>
  <testcase name="testKRC_getParametersOrder" classname="org.eclipse.cdt.core.parser.tests.ast2.AST2KnRTests" time="0"/>
  <testcase name="testKnRC" classname="org.eclipse.cdt.core.parser.tests.ast2.AST2UtilTests" time="0.001"/>
  <testcase name="testSimpleSignature" classname="org.eclipse.cdt.core.parser.tests.ast2.AST2UtilTests" time="0.001"/>
  <testcase name="testSimpleTypeId" classname="org.eclipse.cdt.core.parser.tests.ast2.AST2UtilTests" time="0.002"/>
  <testcase name="testSimpleCParameterSignature" classname="org.eclipse.cdt.core.parser.tests.ast2.AST2UtilTests" time="0"/>
  <testcase name="testSimpleParameter" classname="org.eclipse.cdt.core.parser.tests.ast2.AST2UtilTests" time="0.002"/>
  <testcase name="testParseIntegral" classname="org.eclipse.cdt.core.parser.tests.ast2.AST2UtilTests" time="0"/>
  <testcase name="testPrimaryBracketedExpression" classname="org.eclipse.cdt.core.parser.tests.ast2.AST2UtilOldTests" time="0.001"/>
  <testcase name="testAssignmentExpressionPlus" classname="org.eclipse.cdt.core.parser.tests.ast2.AST2UtilOldTests" time="0"/>
  <testcase name="testRelationalGreaterThan" classname="org.eclipse.cdt.core.parser.tests.ast2.AST2UtilOldTests" time="0.001"/>
  <testcase name="testPostfixTypeIdExpression" classname="org.eclipse.cdt.core.parser.tests.ast2.AST2UtilOldTests" time="0"/>
  <testcase name="testIdExpression" classname="org.eclipse.cdt.core.parser.tests.ast2.AST2UtilOldTests" time="0.001"/>
  <testcase name="testPrimaryThis" classname="org.eclipse.cdt.core.parser.tests.ast2.AST2UtilOldTests" time="0"/>
  <testcase name="testPrimaryBooleanLiteral" classname="org.eclipse.cdt.core.parser.tests.ast2.AST2UtilOldTests" time="0.001"/>
  <testcase name="testPostfixSimpletypesBug42823" classname="org.eclipse.cdt.core.parser.tests.ast2.AST2UtilOldTests" time="0.001"/>
  <testcase name="testPostfixStaticCast" classname="org.eclipse.cdt.core.parser.tests.ast2.AST2UtilOldTests" time="0.001"/>
  <testcase name="testUnaryDecrement" classname="org.eclipse.cdt.core.parser.tests.ast2.AST2UtilOldTests" time="0"/>
  <testcase name="testUnaryNotCastExpression" classname="org.eclipse.cdt.core.parser.tests.ast2.AST2UtilOldTests" time="0.001"/>
  <testcase name="testAssignmentExpressionOr" classname="org.eclipse.cdt.core.parser.tests.ast2.AST2UtilOldTests" time="0"/>
  <testcase name="testPostfixIncrement" classname="org.eclipse.cdt.core.parser.tests.ast2.AST2UtilOldTests" time="0.001"/>
  <testcase name="testPrimaryCharLiteral" classname="org.eclipse.cdt.core.parser.tests.ast2.AST2UtilOldTests" time="0"/>
  <testcase name="testUnarySizeofTypeId" classname="org.eclipse.cdt.core.parser.tests.ast2.AST2UtilOldTests" time="0.001"/>
  <testcase name="testMultiplicativeDivide" classname="org.eclipse.cdt.core.parser.tests.ast2.AST2UtilOldTests" time="0.001"/>
  <testcase name="testPrimaryIntegerLiteral" classname="org.eclipse.cdt.core.parser.tests.ast2.AST2UtilOldTests" time="0"/>
  <testcase name="testPostfixDotExpression" classname="org.eclipse.cdt.core.parser.tests.ast2.AST2UtilOldTests" time="0.001"/>
  <testcase name="testRelationalLessThanOrEqual" classname="org.eclipse.cdt.core.parser.tests.ast2.AST2UtilOldTests" time="0.001"/>
  <testcase name="testConditionalExpression" classname="org.eclipse.cdt.core.parser.tests.ast2.AST2UtilOldTests" time="0.001"/>
  <testcase name="testRelationalGreaterThanOrEqual" classname="org.eclipse.cdt.core.parser.tests.ast2.AST2UtilOldTests" time="0"/>
  <testcase name="testUnarySizeofUnaryExpression" classname="org.eclipse.cdt.core.parser.tests.ast2.AST2UtilOldTests" time="0.001"/>
  <testcase name="testEqualityNotEquals" classname="org.eclipse.cdt.core.parser.tests.ast2.AST2UtilOldTests" time="0"/>
  <testcase name="testPostfixArrowExpression" classname="org.eclipse.cdt.core.parser.tests.ast2.AST2UtilOldTests" time="0.001"/>
  <testcase name="testPostfixConstCast" classname="org.eclipse.cdt.core.parser.tests.ast2.AST2UtilOldTests" time="0.001"/>
  <testcase name="testPrimaryEmpty" classname="org.eclipse.cdt.core.parser.tests.ast2.AST2UtilOldTests" time="0"/>
  <testcase name="testNewTypeId" classname="org.eclipse.cdt.core.parser.tests.ast2.AST2UtilOldTests" time="0.001"/>
  <testcase name="testExclusiveOrExpression" classname="org.eclipse.cdt.core.parser.tests.ast2.AST2UtilOldTests" time="0.001"/>
  <testcase name="testPrimaryStringLiteral" classname="org.eclipse.cdt.core.parser.tests.ast2.AST2UtilOldTests" time="0.001"/>
  <testcase name="testAdditiveMinus" classname="org.eclipse.cdt.core.parser.tests.ast2.AST2UtilOldTests" time="0"/>
  <testcase name="testUnaryStarCastExpression" classname="org.eclipse.cdt.core.parser.tests.ast2.AST2UtilOldTests" time="0.001"/>
  <testcase name="testPostfixTypeIdTypeId2" classname="org.eclipse.cdt.core.parser.tests.ast2.AST2UtilOldTests" time="0.002"/>
  <testcase name="testPrimaryFloatLiteral" classname="org.eclipse.cdt.core.parser.tests.ast2.AST2UtilOldTests" time="0.001"/>
  <testcase name="testAdditivePlus" classname="org.eclipse.cdt.core.parser.tests.ast2.AST2UtilOldTests" time="0"/>
  <testcase name="testUnaryMinusCastExpression" classname="org.eclipse.cdt.core.parser.tests.ast2.AST2UtilOldTests" time="0.001"/>
  <testcase name="testPostfixSubscript" classname="org.eclipse.cdt.core.parser.tests.ast2.AST2UtilOldTests" time="0.001"/>
  <testcase name="testInclusiveOrExpression" classname="org.eclipse.cdt.core.parser.tests.ast2.AST2UtilOldTests" time="0"/>
  <testcase name="testAssignmentExpressionAnd" classname="org.eclipse.cdt.core.parser.tests.ast2.AST2UtilOldTests" time="0.001"/>
  <testcase name="testAssignmentExpressionDiv" classname="org.eclipse.cdt.core.parser.tests.ast2.AST2UtilOldTests" time="0"/>
  <testcase name="testAssignmentExpressionMod" classname="org.eclipse.cdt.core.parser.tests.ast2.AST2UtilOldTests" time="0.001"/>
  <testcase name="testAssignmentExpressionXOr" classname="org.eclipse.cdt.core.parser.tests.ast2.AST2UtilOldTests" time="0"/>
  <testcase name="testUnaryAmpersandCastExpression" classname="org.eclipse.cdt.core.parser.tests.ast2.AST2UtilOldTests" time="0.001"/>
  <testcase name="testPostfixDecrement" classname="org.eclipse.cdt.core.parser.tests.ast2.AST2UtilOldTests" time="0.001"/>
  <testcase name="testUnaryPlusCastExpression" classname="org.eclipse.cdt.core.parser.tests.ast2.AST2UtilOldTests" time="0"/>
  <testcase name="testMultiplicativeModulus" classname="org.eclipse.cdt.core.parser.tests.ast2.AST2UtilOldTests" time="0.001"/>
  <testcase name="testLogicalOrExpression" classname="org.eclipse.cdt.core.parser.tests.ast2.AST2UtilOldTests" time="0"/>
  <testcase name="testUnaryIncrement" classname="org.eclipse.cdt.core.parser.tests.ast2.AST2UtilOldTests" time="0.001"/>
  <testcase name="testPostfixTypeIdExpression2" classname="org.eclipse.cdt.core.parser.tests.ast2.AST2UtilOldTests" time="0"/>
  <testcase name="testRelationalLessThan" classname="org.eclipse.cdt.core.parser.tests.ast2.AST2UtilOldTests" time="0.001"/>
  <testcase name="testAssignmentExpressionLShift" classname="org.eclipse.cdt.core.parser.tests.ast2.AST2UtilOldTests" time="0"/>
  <testcase name="testShiftRight" classname="org.eclipse.cdt.core.parser.tests.ast2.AST2UtilOldTests" time="0.001"/>
  <testcase name="testTildeNotCastExpression" classname="org.eclipse.cdt.core.parser.tests.ast2.AST2UtilOldTests" time="0"/>
  <testcase name="testAssignmentExpressionNormal" classname="org.eclipse.cdt.core.parser.tests.ast2.AST2UtilOldTests" time="0.001"/>
  <testcase name="testPostfixReinterpretCast" classname="org.eclipse.cdt.core.parser.tests.ast2.AST2UtilOldTests" time="0"/>
  <testcase name="testAssignmentExpressionRShift" classname="org.eclipse.cdt.core.parser.tests.ast2.AST2UtilOldTests" time="0.001"/>
  <testcase name="testAndExpression" classname="org.eclipse.cdt.core.parser.tests.ast2.AST2UtilOldTests" time="0.001"/>
  <testcase name="testLogicalAndExpression" classname="org.eclipse.cdt.core.parser.tests.ast2.AST2UtilOldTests" time="0"/>
  <testcase name="testShiftLeft" classname="org.eclipse.cdt.core.parser.tests.ast2.AST2UtilOldTests" time="0.001"/>
  <testcase name="testPostfixDynamicCast" classname="org.eclipse.cdt.core.parser.tests.ast2.AST2UtilOldTests" time="0"/>
  <testcase name="testCastExpression" classname="org.eclipse.cdt.core.parser.tests.ast2.AST2UtilOldTests" time="0"/>
  <testcase name="testMultiplicativeMultiply" classname="org.eclipse.cdt.core.parser.tests.ast2.AST2UtilOldTests" time="0.001"/>
  <testcase name="testAssignmentExpressionMinus" classname="org.eclipse.cdt.core.parser.tests.ast2.AST2UtilOldTests" time="0"/>
  <testcase name="testAssignmentExpressionMulti" classname="org.eclipse.cdt.core.parser.tests.ast2.AST2UtilOldTests" time="0.001"/>
  <testcase name="testPostfixSubscriptA" classname="org.eclipse.cdt.core.parser.tests.ast2.AST2UtilOldTests" time="0"/>
  <testcase name="testEqualityEquals" classname="org.eclipse.cdt.core.parser.tests.ast2.AST2UtilOldTests" time="0.001"/>
  <testcase name="testPostfixFunctioncallBug42822" classname="org.eclipse.cdt.core.parser.tests.ast2.AST2UtilOldTests" time="0"/>
  <testcase name="testBug72372_2" classname="org.eclipse.cdt.core.parser.tests.ast2.AST2SelectionParseTest" time="0.001"/>
  <testcase name="testBug72712_2" classname="org.eclipse.cdt.core.parser.tests.ast2.AST2SelectionParseTest" time="0.001"/>
  <testcase name="testKRC_Ethereal_1" classname="org.eclipse.cdt.core.parser.tests.ast2.AST2SelectionParseTest" time="0.003"/>
  <testcase name="testLittleThings" classname="org.eclipse.cdt.core.parser.tests.ast2.AST2SelectionParseTest" time="0.003"/>
  <testcase name="test72220" classname="org.eclipse.cdt.core.parser.tests.ast2.AST2SelectionParseTest" time="0"/>
  <testcase name="testKRC_1" classname="org.eclipse.cdt.core.parser.tests.ast2.AST2SelectionParseTest" time="0.001"/>
  <testcase name="testKRCWithTypes" classname="org.eclipse.cdt.core.parser.tests.ast2.AST2SelectionParseTest" time="0.002"/>
  <testcase name="testMethodReference" classname="org.eclipse.cdt.core.parser.tests.ast2.AST2SelectionParseTest" time="0.001"/>
  <testcase name="testBug57898" classname="org.eclipse.cdt.core.parser.tests.ast2.AST2SelectionParseTest" time="0.001"/>
  <testcase name="testBug60038" classname="org.eclipse.cdt.core.parser.tests.ast2.AST2SelectionParseTest" time="0.013"/>
  <testcase name="testBug60264" classname="org.eclipse.cdt.core.parser.tests.ast2.AST2SelectionParseTest" time="0.001"/>
  <testcase name="testBug60407" classname="org.eclipse.cdt.core.parser.tests.ast2.AST2SelectionParseTest" time="0.002"/>
  <testcase name="testBug61613" classname="org.eclipse.cdt.core.parser.tests.ast2.AST2SelectionParseTest" time="0"/>
  <testcase name="testBug61800" classname="org.eclipse.cdt.core.parser.tests.ast2.AST2SelectionParseTest" time="0"/>
  <testcase name="testBug63966" classname="org.eclipse.cdt.core.parser.tests.ast2.AST2SelectionParseTest" time="0.001"/>
  <testcase name="testBug66744" classname="org.eclipse.cdt.core.parser.tests.ast2.AST2SelectionParseTest" time="0.001"/>
  <testcase name="testBug68527" classname="org.eclipse.cdt.core.parser.tests.ast2.AST2SelectionParseTest" time="0.001"/>
  <testcase name="testBug68739" classname="org.eclipse.cdt.core.parser.tests.ast2.AST2SelectionParseTest" time="0.001"/>
  <testcase name="testBug72372" classname="org.eclipse.cdt.core.parser.tests.ast2.AST2SelectionParseTest" time="0"/>
  <testcase name="testBug72710" classname="org.eclipse.cdt.core.parser.tests.ast2.AST2SelectionParseTest" time="0.001"/>
  <testcase name="testBug72712" classname="org.eclipse.cdt.core.parser.tests.ast2.AST2SelectionParseTest" time="0"/>
  <testcase name="testBug72713" classname="org.eclipse.cdt.core.parser.tests.ast2.AST2SelectionParseTest" time="0.001"/>
  <testcase name="testBug72721" classname="org.eclipse.cdt.core.parser.tests.ast2.AST2SelectionParseTest" time="0"/>
  <testcase name="testBug72818" classname="org.eclipse.cdt.core.parser.tests.ast2.AST2SelectionParseTest" time="0.001"/>
  <testcase name="testBug75731" classname="org.eclipse.cdt.core.parser.tests.ast2.AST2SelectionParseTest" time="0.012"/>
  <testcase name="testBug77989" classname="org.eclipse.cdt.core.parser.tests.ast2.AST2SelectionParseTest" time="0"/>
  <testcase name="testBug78435" classname="org.eclipse.cdt.core.parser.tests.ast2.AST2SelectionParseTest" time="0.002"/>
  <testcase name="testBug86126" classname="org.eclipse.cdt.core.parser.tests.ast2.AST2SelectionParseTest" time="0.111"/>
  <testcase name="testBug86698" classname="org.eclipse.cdt.core.parser.tests.ast2.AST2SelectionParseTest" time="0.002"/>
  <testcase name="testBug86870" classname="org.eclipse.cdt.core.parser.tests.ast2.AST2SelectionParseTest" time="0.001"/>
  <testcase name="testBug86993" classname="org.eclipse.cdt.core.parser.tests.ast2.AST2SelectionParseTest" time="0.001"/>
  <testcase name="testBug87179" classname="org.eclipse.cdt.core.parser.tests.ast2.AST2SelectionParseTest" time="0"/>
  <testcase name="testBug96702" classname="org.eclipse.cdt.core.parser.tests.ast2.AST2SelectionParseTest" time="0.004"/>
  <testcase name="testBug97301" classname="org.eclipse.cdt.core.parser.tests.ast2.AST2SelectionParseTest" time="0.038"/>
  <testcase name="testBug98806" classname="org.eclipse.cdt.core.parser.tests.ast2.AST2SelectionParseTest" time="0.001"/>
  <testcase name="testSimpleKRCTest1" classname="org.eclipse.cdt.core.parser.tests.ast2.AST2SelectionParseTest" time="0"/>
  <testcase name="testSimpleKRCTest2" classname="org.eclipse.cdt.core.parser.tests.ast2.AST2SelectionParseTest" time="0.001"/>
  <testcase name="testSimpleKRCTest3" classname="org.eclipse.cdt.core.parser.tests.ast2.AST2SelectionParseTest" time="0.001"/>
  <testcase name="testBaseCase_FunctionDeclaration2" classname="org.eclipse.cdt.core.parser.tests.ast2.AST2SelectionParseTest" time="0"/>
  <testcase name="testBaseCase_VariableReference" classname="org.eclipse.cdt.core.parser.tests.ast2.AST2SelectionParseTest" time="0"/>
  <testcase name="testBaseCase_FunctionReference" classname="org.eclipse.cdt.core.parser.tests.ast2.AST2SelectionParseTest" time="0.001"/>
  <testcase name="testBug78231A" classname="org.eclipse.cdt.core.parser.tests.ast2.AST2SelectionParseTest" time="0"/>
  <testcase name="testBug78231B" classname="org.eclipse.cdt.core.parser.tests.ast2.AST2SelectionParseTest" time="0.001"/>
  <testcase name="testSimpleWindowsPreprocessorSelections" classname="org.eclipse.cdt.core.parser.tests.ast2.AST2SelectionParseTest" time="0.001"/>
  <testcase name="testBaseCase_FunctionDeclaration" classname="org.eclipse.cdt.core.parser.tests.ast2.AST2SelectionParseTest" time="0"/>
  <testcase name="testConstructorDestructorDeclaration" classname="org.eclipse.cdt.core.parser.tests.ast2.AST2SelectionParseTest" time="0.001"/>
  <testcase name="testBaseCase_VariableDeclaration" classname="org.eclipse.cdt.core.parser.tests.ast2.AST2SelectionParseTest" time="0"/>
  <testcase name="testKRC_monop_cards1" classname="org.eclipse.cdt.core.parser.tests.ast2.AST2SelectionParseTest" time="0.002"/>
  <testcase name="testKRC_monop_cards2" classname="org.eclipse.cdt.core.parser.tests.ast2.AST2SelectionParseTest" time="0.002"/>
  <testcase name="testConstructorDefinition" classname="org.eclipse.cdt.core.parser.tests.ast2.AST2SelectionParseTest" time="0"/>
  <testcase name="testKRC_getParametersOrder" classname="org.eclipse.cdt.core.parser.tests.ast2.AST2SelectionParseTest" time="0.001"/>
  <testcase name="testBaseCase_Parameter" classname="org.eclipse.cdt.core.parser.tests.ast2.AST2SelectionParseTest" time="0.001"/>
  <testcase name="testInclusionWithExpansions" classname="org.eclipse.cdt.core.parser.tests.ast2.ASTNodeSelectorTest" time="0.036"/>
  <testcase name="testInclusion" classname="org.eclipse.cdt.core.parser.tests.ast2.ASTNodeSelectorTest" time="0.001"/>
  <testcase name="testUnreachableImplicitMacro" classname="org.eclipse.cdt.core.parser.tests.ast2.ASTNodeSelectorTest" time="0.002"/>
  <testcase name="testMacroInConditional" classname="org.eclipse.cdt.core.parser.tests.ast2.ASTNodeSelectorTest" time="0.001"/>
  <testcase name="testMacroInDefinedExpression" classname="org.eclipse.cdt.core.parser.tests.ast2.ASTNodeSelectorTest" time="0.001"/>
  <testcase name="testMacroInConditionalExpression" classname="org.eclipse.cdt.core.parser.tests.ast2.ASTNodeSelectorTest" time="0.003"/>
  <testcase name="testImageLocations" classname="org.eclipse.cdt.core.parser.tests.ast2.ASTNodeSelectorTest" time="0.002"/>
  <testcase name="testReachableNestedMacro" classname="org.eclipse.cdt.core.parser.tests.ast2.ASTNodeSelectorTest" time="0.002"/>
  <testcase name="testEnclosingAMacro" classname="org.eclipse.cdt.core.parser.tests.ast2.ASTNodeSelectorTest" time="0.002"/>
  <testcase name="testOrdering" classname="org.eclipse.cdt.core.parser.tests.ast2.ASTNodeSelectorTest" time="0.002"/>
  <testcase name="test7_1_1s1" classname="org.eclipse.cdt.core.parser.tests.ast2.AST2CPPSpecTest" time="0.028"/>
  <testcase name="test7_1_1s7" classname="org.eclipse.cdt.core.parser.tests.ast2.AST2CPPSpecTest" time="0.002"/>
  <testcase name="test7_1_3s1" classname="org.eclipse.cdt.core.parser.tests.ast2.AST2CPPSpecTest" time="0.002"/>
  <testcase name="test7_1_3s2" classname="org.eclipse.cdt.core.parser.tests.ast2.AST2CPPSpecTest" time="0.002"/>
  <testcase name="test7_1_3s4" classname="org.eclipse.cdt.core.parser.tests.ast2.AST2CPPSpecTest" time="0.002"/>
  <testcase name="test7_1_5s1" classname="org.eclipse.cdt.core.parser.tests.ast2.AST2CPPSpecTest" time="0.003"/>
  <testcase name="test7_3_1s5" classname="org.eclipse.cdt.core.parser.tests.ast2.AST2CPPSpecTest" time="0.002"/>
  <testcase name="test7_3_2s3" classname="org.eclipse.cdt.core.parser.tests.ast2.AST2CPPSpecTest" time="0.002"/>
  <testcase name="test7_3_3s3" classname="org.eclipse.cdt.core.parser.tests.ast2.AST2CPPSpecTest" time="0.003"/>
  <testcase name="test7_3_3s4" classname="org.eclipse.cdt.core.parser.tests.ast2.AST2CPPSpecTest" time="0.002"/>
  <testcase name="test7_3_3s5" classname="org.eclipse.cdt.core.parser.tests.ast2.AST2CPPSpecTest" time="0.002"/>
  <testcase name="test7_3_3s6" classname="org.eclipse.cdt.core.parser.tests.ast2.AST2CPPSpecTest" time="0.002"/>
  <testcase name="test7_3_3s7" classname="org.eclipse.cdt.core.parser.tests.ast2.AST2CPPSpecTest" time="0.003"/>
  <testcase name="test7_3_3s8" classname="org.eclipse.cdt.core.parser.tests.ast2.AST2CPPSpecTest" time="0.002"/>
  <testcase name="test7_3_3s9" classname="org.eclipse.cdt.core.parser.tests.ast2.AST2CPPSpecTest" time="0.003"/>
  <testcase name="test7_3_4s1" classname="org.eclipse.cdt.core.parser.tests.ast2.AST2CPPSpecTest" time="0.002"/>
  <testcase name="test7_3_4s4" classname="org.eclipse.cdt.core.parser.tests.ast2.AST2CPPSpecTest" time="0.007"/>
  <testcase name="test7_3_4s5" classname="org.eclipse.cdt.core.parser.tests.ast2.AST2CPPSpecTest" time="0.003"/>
  <testcase name="test14_8_2_5s16a" classname="org.eclipse.cdt.core.parser.tests.ast2.AST2CPPSpecTest" time="0.009"/>
  <testcase name="test14_8_2_5s16b" classname="org.eclipse.cdt.core.parser.tests.ast2.AST2CPPSpecTest" time="0.009"/>
  <testcase name="test15_3_5s3" classname="org.eclipse.cdt.core.parser.tests.ast2.AST2CPPSpecTest" time="0.018"/>
  <testcase name="test5_3_4s12" classname="org.eclipse.cdt.core.parser.tests.ast2.AST2CPPSpecTest" time="0.002"/>
  <testcase name="test5s4" classname="org.eclipse.cdt.core.parser.tests.ast2.AST2CPPSpecTest" time="0.001"/>
  <testcase name="test8s4" classname="org.eclipse.cdt.core.parser.tests.ast2.AST2CPPSpecTest" time="0.003"/>
  <testcase name="test3_2s5_a" classname="org.eclipse.cdt.core.parser.tests.ast2.AST2CPPSpecTest" time="0.001"/>
  <testcase name="test3_2s5_b" classname="org.eclipse.cdt.core.parser.tests.ast2.AST2CPPSpecTest" time="0.001"/>
  <testcase name="test3_3_1s1" classname="org.eclipse.cdt.core.parser.tests.ast2.AST2CPPSpecTest" time="0.001"/>
  <testcase name="test3_3_1s2" classname="org.eclipse.cdt.core.parser.tests.ast2.AST2CPPSpecTest" time="0.001"/>
  <testcase name="test3_3_1s3" classname="org.eclipse.cdt.core.parser.tests.ast2.AST2CPPSpecTest" time="0.001"/>
  <testcase name="test3_3_1s4" classname="org.eclipse.cdt.core.parser.tests.ast2.AST2CPPSpecTest" time="0.006"/>
  <testcase name="test3_3_5s1" classname="org.eclipse.cdt.core.parser.tests.ast2.AST2CPPSpecTest" time="0.003"/>
  <testcase name="test3_3_6s5" classname="org.eclipse.cdt.core.parser.tests.ast2.AST2CPPSpecTest" time="0.007"/>
  <testcase name="test3_4_1s3" classname="org.eclipse.cdt.core.parser.tests.ast2.AST2CPPSpecTest" time="0.006"/>
  <testcase name="test3_4_1s6" classname="org.eclipse.cdt.core.parser.tests.ast2.AST2CPPSpecTest" time="0.001"/>
  <testcase name="test3_4_1s7" classname="org.eclipse.cdt.core.parser.tests.ast2.AST2CPPSpecTest" time="0.001"/>
  <testcase name="test3_4_1s8" classname="org.eclipse.cdt.core.parser.tests.ast2.AST2CPPSpecTest" time="0.003"/>
  <testcase name="test3_4_2s2" classname="org.eclipse.cdt.core.parser.tests.ast2.AST2CPPSpecTest" time="0.002"/>
  <testcase name="test3_4_3s1" classname="org.eclipse.cdt.core.parser.tests.ast2.AST2CPPSpecTest" time="0.001"/>
  <testcase name="test3_4_3s3" classname="org.eclipse.cdt.core.parser.tests.ast2.AST2CPPSpecTest" time="0.002"/>
  <testcase name="test3_4_3s5" classname="org.eclipse.cdt.core.parser.tests.ast2.AST2CPPSpecTest" time="0.001"/>
  <testcase name="test3_4_4s3" classname="org.eclipse.cdt.core.parser.tests.ast2.AST2CPPSpecTest" time="0.002"/>
  <testcase name="test3_4_5s4" classname="org.eclipse.cdt.core.parser.tests.ast2.AST2CPPSpecTest" time="0.008"/>
  <testcase name="test3_6_1s2" classname="org.eclipse.cdt.core.parser.tests.ast2.AST2CPPSpecTest" time="0.001"/>
  <testcase name="test3_6_2s2" classname="org.eclipse.cdt.core.parser.tests.ast2.AST2CPPSpecTest" time="0.007"/>
  <testcase name="test11s1b" classname="org.eclipse.cdt.core.parser.tests.ast2.AST2CPPSpecTest" time="0.003"/>
  <testcase name="test2_3s2" classname="org.eclipse.cdt.core.parser.tests.ast2.AST2CPPSpecTest" time="0.001"/>
  <testcase name="test2_4s5" classname="org.eclipse.cdt.core.parser.tests.ast2.AST2CPPSpecTest" time="0.001"/>
  <testcase name="test3_1s3" classname="org.eclipse.cdt.core.parser.tests.ast2.AST2CPPSpecTest" time="0.002"/>
  <testcase name="test3_2s4" classname="org.eclipse.cdt.core.parser.tests.ast2.AST2CPPSpecTest" time="0.001"/>
  <testcase name="test3_3s2" classname="org.eclipse.cdt.core.parser.tests.ast2.AST2CPPSpecTest" time="0.001"/>
  <testcase name="test3_5s6" classname="org.eclipse.cdt.core.parser.tests.ast2.AST2CPPSpecTest" time="0.001"/>
  <testcase name="test3_5s7" classname="org.eclipse.cdt.core.parser.tests.ast2.AST2CPPSpecTest" time="0.002"/>
  <testcase name="test3_5s8" classname="org.eclipse.cdt.core.parser.tests.ast2.AST2CPPSpecTest" time="0.001"/>
  <testcase name="test3_8s5" classname="org.eclipse.cdt.core.parser.tests.ast2.AST2CPPSpecTest" time="0.002"/>
  <testcase name="test3_8s7" classname="org.eclipse.cdt.core.parser.tests.ast2.AST2CPPSpecTest" time="0.003"/>
  <testcase name="test3_8s8" classname="org.eclipse.cdt.core.parser.tests.ast2.AST2CPPSpecTest" time="0.002"/>
  <testcase name="test3_8s9" classname="org.eclipse.cdt.core.parser.tests.ast2.AST2CPPSpecTest" time="0.002"/>
  <testcase name="test3_9s2" classname="org.eclipse.cdt.core.parser.tests.ast2.AST2CPPSpecTest" time="0.001"/>
  <testcase name="test3_9s3" classname="org.eclipse.cdt.core.parser.tests.ast2.AST2CPPSpecTest" time="0.001"/>
  <testcase name="test3_9s7" classname="org.eclipse.cdt.core.parser.tests.ast2.AST2CPPSpecTest" time="0.002"/>
  <testcase name="test4_4s4" classname="org.eclipse.cdt.core.parser.tests.ast2.AST2CPPSpecTest" time="0.008"/>
  <testcase name="test5_3_7" classname="org.eclipse.cdt.core.parser.tests.ast2.AST2CPPSpecTest" time="0.002"/>
  <testcase name="test5_4s5" classname="org.eclipse.cdt.core.parser.tests.ast2.AST2CPPSpecTest" time="0.002"/>
  <testcase name="test5_5s5" classname="org.eclipse.cdt.core.parser.tests.ast2.AST2CPPSpecTest" time="0.009"/>
  <testcase name="test5_5s6" classname="org.eclipse.cdt.core.parser.tests.ast2.AST2CPPSpecTest" time="0.002"/>
  <testcase name="test5_9s2" classname="org.eclipse.cdt.core.parser.tests.ast2.AST2CPPSpecTest" time="0.002"/>
  <testcase name="test6_4s1" classname="org.eclipse.cdt.core.parser.tests.ast2.AST2CPPSpecTest" time="0.002"/>
  <testcase name="test6_4s3" classname="org.eclipse.cdt.core.parser.tests.ast2.AST2CPPSpecTest" time="0.001"/>
  <testcase name="test6_5s3" classname="org.eclipse.cdt.core.parser.tests.ast2.AST2CPPSpecTest" time="0.002"/>
  <testcase name="test6_7s3" classname="org.eclipse.cdt.core.parser.tests.ast2.AST2CPPSpecTest" time="0.002"/>
  <testcase name="test6_7s4" classname="org.eclipse.cdt.core.parser.tests.ast2.AST2CPPSpecTest" time="0.004"/>
  <testcase name="test6_8s1" classname="org.eclipse.cdt.core.parser.tests.ast2.AST2CPPSpecTest" time="0.002"/>
  <testcase name="test6_8s2" classname="org.eclipse.cdt.core.parser.tests.ast2.AST2CPPSpecTest" time="0.002"/>
  <testcase name="test6_8s3" classname="org.eclipse.cdt.core.parser.tests.ast2.AST2CPPSpecTest" time="0.003"/>
  <testcase name="test7_1s2" classname="org.eclipse.cdt.core.parser.tests.ast2.AST2CPPSpecTest" time="0.001"/>
  <testcase name="test7_1s3" classname="org.eclipse.cdt.core.parser.tests.ast2.AST2CPPSpecTest" time="0.002"/>
  <testcase name="test7_2s2" classname="org.eclipse.cdt.core.parser.tests.ast2.AST2CPPSpecTest" time="0.005"/>
  <testcase name="test7_2s3" classname="org.eclipse.cdt.core.parser.tests.ast2.AST2CPPSpecTest" time="0.002"/>
  <testcase name="test7_2s8" classname="org.eclipse.cdt.core.parser.tests.ast2.AST2CPPSpecTest" time="0.002"/>
  <testcase name="test7_5s3" classname="org.eclipse.cdt.core.parser.tests.ast2.AST2CPPSpecTest" time="0.002"/>
  <testcase name="test7_5s6" classname="org.eclipse.cdt.core.parser.tests.ast2.AST2CPPSpecTest" time="0.003"/>
  <testcase name="test8_1s1" classname="org.eclipse.cdt.core.parser.tests.ast2.AST2CPPSpecTest" time="0.003"/>
  <testcase name="test8_2s1" classname="org.eclipse.cdt.core.parser.tests.ast2.AST2CPPSpecTest" time="0.003"/>
  <testcase name="test8_2s3" classname="org.eclipse.cdt.core.parser.tests.ast2.AST2CPPSpecTest" time="0.007"/>
  <testcase name="test8_2s4" classname="org.eclipse.cdt.core.parser.tests.ast2.AST2CPPSpecTest" time="0.003"/>
  <testcase name="test8_2s5" classname="org.eclipse.cdt.core.parser.tests.ast2.AST2CPPSpecTest" time="0.003"/>
  <testcase name="test8_2s6" classname="org.eclipse.cdt.core.parser.tests.ast2.AST2CPPSpecTest" time="0.004"/>
  <testcase name="test8_3s1" classname="org.eclipse.cdt.core.parser.tests.ast2.AST2CPPSpecTest" time="0.002"/>
  <testcase name="test8_3s4" classname="org.eclipse.cdt.core.parser.tests.ast2.AST2CPPSpecTest" time="0.003"/>
  <testcase name="test8_4s2" classname="org.eclipse.cdt.core.parser.tests.ast2.AST2CPPSpecTest" time="0.003"/>
  <testcase name="test8_4s5" classname="org.eclipse.cdt.core.parser.tests.ast2.AST2CPPSpecTest" time="0.003"/>
  <testcase name="test8_5s2" classname="org.eclipse.cdt.core.parser.tests.ast2.AST2CPPSpecTest" time="0.007"/>
  <testcase name="test9_1s1" classname="org.eclipse.cdt.core.parser.tests.ast2.AST2CPPSpecTest" time="0.005"/>
  <testcase name="test9_1s3" classname="org.eclipse.cdt.core.parser.tests.ast2.AST2CPPSpecTest" time="0.003"/>
  <testcase name="test9_1s4" classname="org.eclipse.cdt.core.parser.tests.ast2.AST2CPPSpecTest" time="0.003"/>
  <testcase name="test9_3s5" classname="org.eclipse.cdt.core.parser.tests.ast2.AST2CPPSpecTest" time="0.004"/>
  <testcase name="test9_3s9" classname="org.eclipse.cdt.core.parser.tests.ast2.AST2CPPSpecTest" time="0.003"/>
  <testcase name="test9_5s2" classname="org.eclipse.cdt.core.parser.tests.ast2.AST2CPPSpecTest" time="0.003"/>
  <testcase name="test9_5s4" classname="org.eclipse.cdt.core.parser.tests.ast2.AST2CPPSpecTest" time="0.004"/>
  <testcase name="test9_6s4" classname="org.eclipse.cdt.core.parser.tests.ast2.AST2CPPSpecTest" time="0.004"/>
  <testcase name="test9_7s1" classname="org.eclipse.cdt.core.parser.tests.ast2.AST2CPPSpecTest" time="0.007"/>
  <testcase name="test9_7s2" classname="org.eclipse.cdt.core.parser.tests.ast2.AST2CPPSpecTest" time="0.003"/>
  <testcase name="test9_7s3" classname="org.eclipse.cdt.core.parser.tests.ast2.AST2CPPSpecTest" time="0.004"/>
  <testcase name="test9_8s1" classname="org.eclipse.cdt.core.parser.tests.ast2.AST2CPPSpecTest" time="0.003"/>
  <testcase name="test9_9s1" classname="org.eclipse.cdt.core.parser.tests.ast2.AST2CPPSpecTest" time="0.005"/>
  <testcase name="test10s2" classname="org.eclipse.cdt.core.parser.tests.ast2.AST2CPPSpecTest" time="0.003"/>
  <testcase name="test11s2" classname="org.eclipse.cdt.core.parser.tests.ast2.AST2CPPSpecTest" time="0.004"/>
  <testcase name="test11s3" classname="org.eclipse.cdt.core.parser.tests.ast2.AST2CPPSpecTest" time="0.008"/>
  <testcase name="test11s5" classname="org.eclipse.cdt.core.parser.tests.ast2.AST2CPPSpecTest" time="0.004"/>
  <testcase name="test11s6" classname="org.eclipse.cdt.core.parser.tests.ast2.AST2CPPSpecTest" time="0.004"/>
  <testcase name="test12s1" classname="org.eclipse.cdt.core.parser.tests.ast2.AST2CPPSpecTest" time="0.009"/>
  <testcase name="test13s2" classname="org.eclipse.cdt.core.parser.tests.ast2.AST2CPPSpecTest" time="0.004"/>
  <testcase name="test15s2" classname="org.eclipse.cdt.core.parser.tests.ast2.AST2CPPSpecTest" time="0.005"/>
  <testcase name="test15s3" classname="org.eclipse.cdt.core.parser.tests.ast2.AST2CPPSpecTest" time="0.007"/>
  <testcase name="test8_3_2s1" classname="org.eclipse.cdt.core.parser.tests.ast2.AST2CPPSpecTest" time="0.002"/>
  <testcase name="test8_3_2s3" classname="org.eclipse.cdt.core.parser.tests.ast2.AST2CPPSpecTest" time="0.005"/>
  <testcase name="test8_3_3s2" classname="org.eclipse.cdt.core.parser.tests.ast2.AST2CPPSpecTest" time="0.003"/>
  <testcase name="test8_3_4s1" classname="org.eclipse.cdt.core.parser.tests.ast2.AST2CPPSpecTest" time="0.003"/>
  <testcase name="test8_3_4s4" classname="org.eclipse.cdt.core.parser.tests.ast2.AST2CPPSpecTest" time="0.003"/>
  <testcase name="test8_3_4s8" classname="org.eclipse.cdt.core.parser.tests.ast2.AST2CPPSpecTest" time="0.002"/>
  <testcase name="test8_3_5s2" classname="org.eclipse.cdt.core.parser.tests.ast2.AST2CPPSpecTest" time="0.004"/>
  <testcase name="test8_3_5s4" classname="org.eclipse.cdt.core.parser.tests.ast2.AST2CPPSpecTest" time="0.003"/>
  <testcase name="test8_3_5s5" classname="org.eclipse.cdt.core.parser.tests.ast2.AST2CPPSpecTest" time="0.002"/>
  <testcase name="test8_3_6s2" classname="org.eclipse.cdt.core.parser.tests.ast2.AST2CPPSpecTest" time="0.003"/>
  <testcase name="test8_3_6s4" classname="org.eclipse.cdt.core.parser.tests.ast2.AST2CPPSpecTest" time="0.003"/>
  <testcase name="test8_3_6s5" classname="org.eclipse.cdt.core.parser.tests.ast2.AST2CPPSpecTest" time="0.003"/>
  <testcase name="test8_3_6s6" classname="org.eclipse.cdt.core.parser.tests.ast2.AST2CPPSpecTest" time="0.004"/>
  <testcase name="test8_3_6s7" classname="org.eclipse.cdt.core.parser.tests.ast2.AST2CPPSpecTest" time="0.002"/>
  <testcase name="test8_3_6s8" classname="org.eclipse.cdt.core.parser.tests.ast2.AST2CPPSpecTest" time="0.003"/>
  <testcase name="test8_5_1s2" classname="org.eclipse.cdt.core.parser.tests.ast2.AST2CPPSpecTest" time="0.003"/>
  <testcase name="test8_5_1s4" classname="org.eclipse.cdt.core.parser.tests.ast2.AST2CPPSpecTest" time="0.003"/>
  <testcase name="test8_5_1s5" classname="org.eclipse.cdt.core.parser.tests.ast2.AST2CPPSpecTest" time="0.003"/>
  <testcase name="test8_5_1s6" classname="org.eclipse.cdt.core.parser.tests.ast2.AST2CPPSpecTest" time="0.003"/>
  <testcase name="test8_5_1s7" classname="org.eclipse.cdt.core.parser.tests.ast2.AST2CPPSpecTest" time="0.004"/>
  <testcase name="test8_5_1s8" classname="org.eclipse.cdt.core.parser.tests.ast2.AST2CPPSpecTest" time="0.003"/>
  <testcase name="test8_5_2s1" classname="org.eclipse.cdt.core.parser.tests.ast2.AST2CPPSpecTest" time="0.003"/>
  <testcase name="test8_5_2s2" classname="org.eclipse.cdt.core.parser.tests.ast2.AST2CPPSpecTest" time="0.003"/>
  <testcase name="test8_5_3s1" classname="org.eclipse.cdt.core.parser.tests.ast2.AST2CPPSpecTest" time="0.009"/>
  <testcase name="test8_5_3s2" classname="org.eclipse.cdt.core.parser.tests.ast2.AST2CPPSpecTest" time="0.003"/>
  <testcase name="test3_4_1s10" classname="org.eclipse.cdt.core.parser.tests.ast2.AST2CPPSpecTest" time="0.002"/>
  <testcase name="test13_3_1_1_2s4" classname="org.eclipse.cdt.core.parser.tests.ast2.AST2CPPSpecTest" time="0.005"/>
  <testcase name="test7_1_5_1s5" classname="org.eclipse.cdt.core.parser.tests.ast2.AST2CPPSpecTest" time="0.002"/>
  <testcase name="test7_1_5_1s6" classname="org.eclipse.cdt.core.parser.tests.ast2.AST2CPPSpecTest" time="0.003"/>
  <testcase name="test8_3_1s2a" classname="org.eclipse.cdt.core.parser.tests.ast2.AST2CPPSpecTest" time="0.002"/>
  <testcase name="test8_3_1s2b" classname="org.eclipse.cdt.core.parser.tests.ast2.AST2CPPSpecTest" time="0.005"/>
  <testcase name="test8_3_1s2c" classname="org.eclipse.cdt.core.parser.tests.ast2.AST2CPPSpecTest" time="0.003"/>
  <testcase name="test8_3_5s7a" classname="org.eclipse.cdt.core.parser.tests.ast2.AST2CPPSpecTest" time="0.003"/>
  <testcase name="test8_3_5s7b" classname="org.eclipse.cdt.core.parser.tests.ast2.AST2CPPSpecTest" time="0.002"/>
  <testcase name="test8_3_5s9a" classname="org.eclipse.cdt.core.parser.tests.ast2.AST2CPPSpecTest" time="0.003"/>
  <testcase name="test8_3_5s9b" classname="org.eclipse.cdt.core.parser.tests.ast2.AST2CPPSpecTest" time="0.003"/>
  <testcase name="test8_3_6s10" classname="org.eclipse.cdt.core.parser.tests.ast2.AST2CPPSpecTest" time="0.003"/>
  <testcase name="test8_3_6s9a" classname="org.eclipse.cdt.core.parser.tests.ast2.AST2CPPSpecTest" time="0.003"/>
  <testcase name="test8_3_6s9b" classname="org.eclipse.cdt.core.parser.tests.ast2.AST2CPPSpecTest" time="0.003"/>
  <testcase name="test8_3_6s9c" classname="org.eclipse.cdt.core.parser.tests.ast2.AST2CPPSpecTest" time="0.003"/>
  <testcase name="test8_5_1s10" classname="org.eclipse.cdt.core.parser.tests.ast2.AST2CPPSpecTest" time="0.003"/>
  <testcase name="test8_5_1s12" classname="org.eclipse.cdt.core.parser.tests.ast2.AST2CPPSpecTest" time="0.003"/>
  <testcase name="test8_5_1s15" classname="org.eclipse.cdt.core.parser.tests.ast2.AST2CPPSpecTest" time="0.003"/>
  <testcase name="test8_5_3s5a" classname="org.eclipse.cdt.core.parser.tests.ast2.AST2CPPSpecTest" time="0.004"/>
  <testcase name="test8_5_3s5b" classname="org.eclipse.cdt.core.parser.tests.ast2.AST2CPPSpecTest" time="0.004"/>
  <testcase name="test8_5_3s5c" classname="org.eclipse.cdt.core.parser.tests.ast2.AST2CPPSpecTest" time="0.006"/>
  <testcase name="test8_5_3s5d" classname="org.eclipse.cdt.core.parser.tests.ast2.AST2CPPSpecTest" time="0.005"/>
  <testcase name="test9_3_1s2" classname="org.eclipse.cdt.core.parser.tests.ast2.AST2CPPSpecTest" time="0.004"/>
  <testcase name="test9_3_1s3" classname="org.eclipse.cdt.core.parser.tests.ast2.AST2CPPSpecTest" time="0.002"/>
  <testcase name="test9_3_2s2" classname="org.eclipse.cdt.core.parser.tests.ast2.AST2CPPSpecTest" time="0.004"/>
  <testcase name="test9_3_2s4" classname="org.eclipse.cdt.core.parser.tests.ast2.AST2CPPSpecTest" time="0.005"/>
  <testcase name="test9_4_2s2" classname="org.eclipse.cdt.core.parser.tests.ast2.AST2CPPSpecTest" time="0.003"/>
  <testcase name="test10_1s3a" classname="org.eclipse.cdt.core.parser.tests.ast2.AST2CPPSpecTest" time="0.003"/>
  <testcase name="test10_1s3b" classname="org.eclipse.cdt.core.parser.tests.ast2.AST2CPPSpecTest" time="0.004"/>
  <testcase name="test10_2s3a" classname="org.eclipse.cdt.core.parser.tests.ast2.AST2CPPSpecTest" time="0.003"/>
  <testcase name="test10_2s3b" classname="org.eclipse.cdt.core.parser.tests.ast2.AST2CPPSpecTest" time="0.005"/>
  <testcase name="test10_3s10" classname="org.eclipse.cdt.core.parser.tests.ast2.AST2CPPSpecTest" time="0.004"/>
  <testcase name="test10_3s11" classname="org.eclipse.cdt.core.parser.tests.ast2.AST2CPPSpecTest" time="0.007"/>
  <testcase name="test10_3s12" classname="org.eclipse.cdt.core.parser.tests.ast2.AST2CPPSpecTest" time="0.004"/>
  <testcase name="test10_4s2a" classname="org.eclipse.cdt.core.parser.tests.ast2.AST2CPPSpecTest" time="0.004"/>
  <testcase name="test10_4s4a" classname="org.eclipse.cdt.core.parser.tests.ast2.AST2CPPSpecTest" time="0.004"/>
  <testcase name="test10_4s4b" classname="org.eclipse.cdt.core.parser.tests.ast2.AST2CPPSpecTest" time="0.003"/>
  <testcase name="test11_1s1a" classname="org.eclipse.cdt.core.parser.tests.ast2.AST2CPPSpecTest" time="0.004"/>
  <testcase name="test11_4s2a" classname="org.eclipse.cdt.core.parser.tests.ast2.AST2CPPSpecTest" time="0.004"/>
  <testcase name="test11_4s2b" classname="org.eclipse.cdt.core.parser.tests.ast2.AST2CPPSpecTest" time="0.004"/>
  <testcase name="test12_1s15" classname="org.eclipse.cdt.core.parser.tests.ast2.AST2CPPSpecTest" time="0.004"/>
  <testcase name="test12_1s3a" classname="org.eclipse.cdt.core.parser.tests.ast2.AST2CPPSpecTest" time="0.005"/>
  <testcase name="test12_1s3b" classname="org.eclipse.cdt.core.parser.tests.ast2.AST2CPPSpecTest" time="0.004"/>
  <testcase name="test12_1s3c" classname="org.eclipse.cdt.core.parser.tests.ast2.AST2CPPSpecTest" time="0.004"/>
  <testcase name="test12_4s12" classname="org.eclipse.cdt.core.parser.tests.ast2.AST2CPPSpecTest" time="0.006"/>
  <testcase name="test12_4s13" classname="org.eclipse.cdt.core.parser.tests.ast2.AST2CPPSpecTest" time="0.005"/>
  <testcase name="test12_5s7a" classname="org.eclipse.cdt.core.parser.tests.ast2.AST2CPPSpecTest" time="0.006"/>
  <testcase name="test12_5s7b" classname="org.eclipse.cdt.core.parser.tests.ast2.AST2CPPSpecTest" time="0.006"/>
  <testcase name="test12_8s13" classname="org.eclipse.cdt.core.parser.tests.ast2.AST2CPPSpecTest" time="0.004"/>
  <testcase name="test12_8s15" classname="org.eclipse.cdt.core.parser.tests.ast2.AST2CPPSpecTest" time="0.004"/>
  <testcase name="test12_8s2a" classname="org.eclipse.cdt.core.parser.tests.ast2.AST2CPPSpecTest" time="0.005"/>
  <testcase name="test12_8s2b" classname="org.eclipse.cdt.core.parser.tests.ast2.AST2CPPSpecTest" time="0.004"/>
  <testcase name="test12_8s2c" classname="org.eclipse.cdt.core.parser.tests.ast2.AST2CPPSpecTest" time="0.004"/>
  <testcase name="test12_8s3d" classname="org.eclipse.cdt.core.parser.tests.ast2.AST2CPPSpecTest" time="0.004"/>
  <testcase name="test12_8s3e" classname="org.eclipse.cdt.core.parser.tests.ast2.AST2CPPSpecTest" time="0.004"/>
  <testcase name="test12_8s3f" classname="org.eclipse.cdt.core.parser.tests.ast2.AST2CPPSpecTest" time="0.004"/>
  <testcase name="test12_8s4a" classname="org.eclipse.cdt.core.parser.tests.ast2.AST2CPPSpecTest" time="0.004"/>
  <testcase name="test12_8s4b" classname="org.eclipse.cdt.core.parser.tests.ast2.AST2CPPSpecTest" time="0.004"/>
  <testcase name="test13_2s1a" classname="org.eclipse.cdt.core.parser.tests.ast2.AST2CPPSpecTest" time="0.004"/>
  <testcase name="test13_2s1b" classname="org.eclipse.cdt.core.parser.tests.ast2.AST2CPPSpecTest" time="0.005"/>
  <testcase name="test13_4s5a" classname="org.eclipse.cdt.core.parser.tests.ast2.AST2CPPSpecTest" time="0.006"/>
  <testcase name="test13_4s5b" classname="org.eclipse.cdt.core.parser.tests.ast2.AST2CPPSpecTest" time="0.005"/>
  <testcase name="test14_8_2_1s3" classname="org.eclipse.cdt.core.parser.tests.ast2.AST2CPPSpecTest" time="0.008"/>
  <testcase name="test14_8_2_1s7" classname="org.eclipse.cdt.core.parser.tests.ast2.AST2CPPSpecTest" time="0.007"/>
  <testcase name="test14_8_2_1s8" classname="org.eclipse.cdt.core.parser.tests.ast2.AST2CPPSpecTest" time="0.007"/>
  <testcase name="test14_8_2_1s9" classname="org.eclipse.cdt.core.parser.tests.ast2.AST2CPPSpecTest" time="0.007"/>
  <testcase name="test14_8_2_3s7" classname="org.eclipse.cdt.core.parser.tests.ast2.AST2CPPSpecTest" time="0.006"/>
  <testcase name="test14_8_2_5s5" classname="org.eclipse.cdt.core.parser.tests.ast2.AST2CPPSpecTest" time="0.006"/>
  <testcase name="test12_3_1s1" classname="org.eclipse.cdt.core.parser.tests.ast2.AST2CPPSpecTest" time="0.004"/>
  <testcase name="test12_3_1s2" classname="org.eclipse.cdt.core.parser.tests.ast2.AST2CPPSpecTest" time="0.004"/>
  <testcase name="test12_3_2s2" classname="org.eclipse.cdt.core.parser.tests.ast2.AST2CPPSpecTest" time="0.005"/>
  <testcase name="test12_3_2s3" classname="org.eclipse.cdt.core.parser.tests.ast2.AST2CPPSpecTest" time="0.003"/>
  <testcase name="test12_6_1s1" classname="org.eclipse.cdt.core.parser.tests.ast2.AST2CPPSpecTest" time="0.003"/>
  <testcase name="test12_6_1s2" classname="org.eclipse.cdt.core.parser.tests.ast2.AST2CPPSpecTest" time="0.004"/>
  <testcase name="test12_6_2s3" classname="org.eclipse.cdt.core.parser.tests.ast2.AST2CPPSpecTest" time="0.003"/>
  <testcase name="test12_6_2s6" classname="org.eclipse.cdt.core.parser.tests.ast2.AST2CPPSpecTest" time="0.004"/>
  <testcase name="test12_6_2s7" classname="org.eclipse.cdt.core.parser.tests.ast2.AST2CPPSpecTest" time="0.002"/>
  <testcase name="test12_6_2s8" classname="org.eclipse.cdt.core.parser.tests.ast2.AST2CPPSpecTest" time="0.006"/>
  <testcase name="test12_7s1_a" classname="org.eclipse.cdt.core.parser.tests.ast2.AST2CPPSpecTest" time="0.005"/>
  <testcase name="test12_7s1_b" classname="org.eclipse.cdt.core.parser.tests.ast2.AST2CPPSpecTest" time="0.004"/>
  <testcase name="test14_1s11" classname="org.eclipse.cdt.core.parser.tests.ast2.AST2CPPSpecTest" time="0.006"/>
  <testcase name="test14_1s12" classname="org.eclipse.cdt.core.parser.tests.ast2.AST2CPPSpecTest" time="0.008"/>
  <testcase name="test14_1s13" classname="org.eclipse.cdt.core.parser.tests.ast2.AST2CPPSpecTest" time="0.004"/>
  <testcase name="test14_1s15" classname="org.eclipse.cdt.core.parser.tests.ast2.AST2CPPSpecTest" time="0.005"/>
  <testcase name="test14_2s1a" classname="org.eclipse.cdt.core.parser.tests.ast2.AST2CPPSpecTest" time="0.005"/>
  <testcase name="test14_4s1b" classname="org.eclipse.cdt.core.parser.tests.ast2.AST2CPPSpecTest" time="0.006"/>
  <testcase name="test15_4s10" classname="org.eclipse.cdt.core.parser.tests.ast2.AST2CPPSpecTest" time="0.006"/>
  <testcase name="test15_4s13" classname="org.eclipse.cdt.core.parser.tests.ast2.AST2CPPSpecTest" time="0.006"/>
  <testcase name="test15_4s1a" classname="org.eclipse.cdt.core.parser.tests.ast2.AST2CPPSpecTest" time="0.006"/>
  <testcase name="test15_4s1b" classname="org.eclipse.cdt.core.parser.tests.ast2.AST2CPPSpecTest" time="0.006"/>
  <testcase name="test15_4s1c" classname="org.eclipse.cdt.core.parser.tests.ast2.AST2CPPSpecTest" time="0.006"/>
  <testcase name="test15_4s3a" classname="org.eclipse.cdt.core.parser.tests.ast2.AST2CPPSpecTest" time="0.007"/>
  <testcase name="test15_4s3b" classname="org.eclipse.cdt.core.parser.tests.ast2.AST2CPPSpecTest" time="0.007"/>
  <testcase name="test18_2_1_5s2" classname="org.eclipse.cdt.core.parser.tests.ast2.AST2CPPSpecTest" time="0.007"/>
  <testcase name="test14_5_5_1s2a" classname="org.eclipse.cdt.core.parser.tests.ast2.AST2CPPSpecTest" time="0.008"/>
  <testcase name="test14_5_5_1s2b" classname="org.eclipse.cdt.core.parser.tests.ast2.AST2CPPSpecTest" time="0.008"/>
  <testcase name="test14_5_6_1s1a" classname="org.eclipse.cdt.core.parser.tests.ast2.AST2CPPSpecTest" time="0.007"/>
  <testcase name="test14_5_6_1s1b" classname="org.eclipse.cdt.core.parser.tests.ast2.AST2CPPSpecTest" time="0.006"/>
  <testcase name="test14_5_6_1s8a" classname="org.eclipse.cdt.core.parser.tests.ast2.AST2CPPSpecTest" time="0.009"/>
  <testcase name="test14_5_6_1s8b" classname="org.eclipse.cdt.core.parser.tests.ast2.AST2CPPSpecTest" time="0.005"/>
  <testcase name="test5_2_7s5" classname="org.eclipse.cdt.core.parser.tests.ast2.AST2CPPSpecTest" time="0.002"/>
  <testcase name="test5_2_7s9" classname="org.eclipse.cdt.core.parser.tests.ast2.AST2CPPSpecTest" time="0.002"/>
  <testcase name="test5_2_8s5" classname="org.eclipse.cdt.core.parser.tests.ast2.AST2CPPSpecTest" time="0.002"/>
  <testcase name="test5_2_9s5" classname="org.eclipse.cdt.core.parser.tests.ast2.AST2CPPSpecTest" time="0.002"/>
  <testcase name="test5_3_1s2" classname="org.eclipse.cdt.core.parser.tests.ast2.AST2CPPSpecTest" time="0.002"/>
  <testcase name="test5_3_4s3" classname="org.eclipse.cdt.core.parser.tests.ast2.AST2CPPSpecTest" time="0.002"/>
  <testcase name="test5_3_4s6" classname="org.eclipse.cdt.core.parser.tests.ast2.AST2CPPSpecTest" time="0.002"/>
  <testcase name="test3_4_3_2s6a" classname="org.eclipse.cdt.core.parser.tests.ast2.AST2CPPSpecTest" time="0.001"/>
  <testcase name="test3_4_3_2s6b" classname="org.eclipse.cdt.core.parser.tests.ast2.AST2CPPSpecTest" time="0.002"/>
  <testcase name="test10_1s1" classname="org.eclipse.cdt.core.parser.tests.ast2.AST2CPPSpecTest" time="0.003"/>
  <testcase name="test10_2s4" classname="org.eclipse.cdt.core.parser.tests.ast2.AST2CPPSpecTest" time="0.006"/>
  <testcase name="test10_2s5" classname="org.eclipse.cdt.core.parser.tests.ast2.AST2CPPSpecTest" time="0.003"/>
  <testcase name="test10_2s6" classname="org.eclipse.cdt.core.parser.tests.ast2.AST2CPPSpecTest" time="0.003"/>
  <testcase name="test10_2s7" classname="org.eclipse.cdt.core.parser.tests.ast2.AST2CPPSpecTest" time="0.004"/>
  <testcase name="test10_3s2" classname="org.eclipse.cdt.core.parser.tests.ast2.AST2CPPSpecTest" time="0.006"/>
  <testcase name="test10_3s3" classname="org.eclipse.cdt.core.parser.tests.ast2.AST2CPPSpecTest" time="0.007"/>
  <testcase name="test10_3s5" classname="org.eclipse.cdt.core.parser.tests.ast2.AST2CPPSpecTest" time="0.003"/>
  <testcase name="test10_3s9" classname="org.eclipse.cdt.core.parser.tests.ast2.AST2CPPSpecTest" time="0.004"/>
  <testcase name="test10_4s3" classname="org.eclipse.cdt.core.parser.tests.ast2.AST2CPPSpecTest" time="0.003"/>
  <testcase name="test11_1s3" classname="org.eclipse.cdt.core.parser.tests.ast2.AST2CPPSpecTest" time="0.005"/>
  <testcase name="test11_2s2" classname="org.eclipse.cdt.core.parser.tests.ast2.AST2CPPSpecTest" time="0.003"/>
  <testcase name="test11_2s3" classname="org.eclipse.cdt.core.parser.tests.ast2.AST2CPPSpecTest" time="0.007"/>
  <testcase name="test11_2s4" classname="org.eclipse.cdt.core.parser.tests.ast2.AST2CPPSpecTest" time="0.004"/>
  <testcase name="test11_3s2" classname="org.eclipse.cdt.core.parser.tests.ast2.AST2CPPSpecTest" time="0.009"/>
  <testcase name="test11_4s1" classname="org.eclipse.cdt.core.parser.tests.ast2.AST2CPPSpecTest" time="0.006"/>
  <testcase name="test11_4s4" classname="org.eclipse.cdt.core.parser.tests.ast2.AST2CPPSpecTest" time="0.003"/>
  <testcase name="test11_4s5" classname="org.eclipse.cdt.core.parser.tests.ast2.AST2CPPSpecTest" time="0.004"/>
  <testcase name="test11_4s8" classname="org.eclipse.cdt.core.parser.tests.ast2.AST2CPPSpecTest" time="0.004"/>
  <testcase name="test11_4s9" classname="org.eclipse.cdt.core.parser.tests.ast2.AST2CPPSpecTest" time="0.003"/>
  <testcase name="test11_5s1" classname="org.eclipse.cdt.core.parser.tests.ast2.AST2CPPSpecTest" time="0.009"/>
  <testcase name="test11_6s1" classname="org.eclipse.cdt.core.parser.tests.ast2.AST2CPPSpecTest" time="0.004"/>
  <testcase name="test11_7s1" classname="org.eclipse.cdt.core.parser.tests.ast2.AST2CPPSpecTest" time="0.005"/>
  <testcase name="test11_8s1" classname="org.eclipse.cdt.core.parser.tests.ast2.AST2CPPSpecTest" time="0.004"/>
  <testcase name="test11_8s2" classname="org.eclipse.cdt.core.parser.tests.ast2.AST2CPPSpecTest" time="0.005"/>
  <testcase name="test12_1s1" classname="org.eclipse.cdt.core.parser.tests.ast2.AST2CPPSpecTest" time="0.004"/>
  <testcase name="test12_1s2" classname="org.eclipse.cdt.core.parser.tests.ast2.AST2CPPSpecTest" time="0.005"/>
  <testcase name="test12_2s2" classname="org.eclipse.cdt.core.parser.tests.ast2.AST2CPPSpecTest" time="0.004"/>
  <testcase name="test12_2s5" classname="org.eclipse.cdt.core.parser.tests.ast2.AST2CPPSpecTest" time="0.005"/>
  <testcase name="test12_3s4" classname="org.eclipse.cdt.core.parser.tests.ast2.AST2CPPSpecTest" time="0.004"/>
  <testcase name="test12_3s5" classname="org.eclipse.cdt.core.parser.tests.ast2.AST2CPPSpecTest" time="0.004"/>
  <testcase name="test12_5s2" classname="org.eclipse.cdt.core.parser.tests.ast2.AST2CPPSpecTest" time="0.004"/>
  <testcase name="test12_5s6" classname="org.eclipse.cdt.core.parser.tests.ast2.AST2CPPSpecTest" time="0.004"/>
  <testcase name="test12_7s2" classname="org.eclipse.cdt.core.parser.tests.ast2.AST2CPPSpecTest" time="0.008"/>
  <testcase name="test12_7s3" classname="org.eclipse.cdt.core.parser.tests.ast2.AST2CPPSpecTest" time="0.009"/>
  <testcase name="test12_7s6" classname="org.eclipse.cdt.core.parser.tests.ast2.AST2CPPSpecTest" time="0.006"/>
  <testcase name="test12_8s3" classname="org.eclipse.cdt.core.parser.tests.ast2.AST2CPPSpecTest" time="0.004"/>
  <testcase name="test12_8s9" classname="org.eclipse.cdt.core.parser.tests.ast2.AST2CPPSpecTest" time="0.005"/>
  <testcase name="test13_2s2" classname="org.eclipse.cdt.core.parser.tests.ast2.AST2CPPSpecTest" time="0.004"/>
  <testcase name="test13_2s3" classname="org.eclipse.cdt.core.parser.tests.ast2.AST2CPPSpecTest" time="0.004"/>
  <testcase name="test13_5s4" classname="org.eclipse.cdt.core.parser.tests.ast2.AST2CPPSpecTest" time="0.005"/>
  <testcase name="test14_1s2" classname="org.eclipse.cdt.core.parser.tests.ast2.AST2CPPSpecTest" time="0.007"/>
  <testcase name="test14_1s3" classname="org.eclipse.cdt.core.parser.tests.ast2.AST2CPPSpecTest" time="0.006"/>
  <testcase name="test14_1s6" classname="org.eclipse.cdt.core.parser.tests.ast2.AST2CPPSpecTest" time="0.005"/>
  <testcase name="test14_1s7" classname="org.eclipse.cdt.core.parser.tests.ast2.AST2CPPSpecTest" time="0.004"/>
  <testcase name="test14_1s8" classname="org.eclipse.cdt.core.parser.tests.ast2.AST2CPPSpecTest" time="0.007"/>
  <testcase name="test14_2s3" classname="org.eclipse.cdt.core.parser.tests.ast2.AST2CPPSpecTest" time="0.007"/>
  <testcase name="test14_2s4" classname="org.eclipse.cdt.core.parser.tests.ast2.AST2CPPSpecTest" time="0.01"/>
  <testcase name="test14_3s1" classname="org.eclipse.cdt.core.parser.tests.ast2.AST2CPPSpecTest" time="0.006"/>
  <testcase name="test14_3s2" classname="org.eclipse.cdt.core.parser.tests.ast2.AST2CPPSpecTest" time="0.008"/>
  <testcase name="test14_3s3" classname="org.eclipse.cdt.core.parser.tests.ast2.AST2CPPSpecTest" time="0.006"/>
  <testcase name="test14_3s5" classname="org.eclipse.cdt.core.parser.tests.ast2.AST2CPPSpecTest" time="0.005"/>
  <testcase name="test14_6s2" classname="org.eclipse.cdt.core.parser.tests.ast2.AST2CPPSpecTest" time="0.005"/>
  <testcase name="test14_6s4" classname="org.eclipse.cdt.core.parser.tests.ast2.AST2CPPSpecTest" time="0.005"/>
  <testcase name="test14_6s6" classname="org.eclipse.cdt.core.parser.tests.ast2.AST2CPPSpecTest" time="0.004"/>
  <testcase name="test14_6s7" classname="org.eclipse.cdt.core.parser.tests.ast2.AST2CPPSpecTest" time="0.004"/>
  <testcase name="test14_6s8" classname="org.eclipse.cdt.core.parser.tests.ast2.AST2CPPSpecTest" time="0.005"/>
  <testcase name="test14_6s9" classname="org.eclipse.cdt.core.parser.tests.ast2.AST2CPPSpecTest" time="0.005"/>
  <testcase name="test14_7s3" classname="org.eclipse.cdt.core.parser.tests.ast2.AST2CPPSpecTest" time="0.006"/>
  <testcase name="test14_7s6" classname="org.eclipse.cdt.core.parser.tests.ast2.AST2CPPSpecTest" time="0.006"/>
  <testcase name="test14_8s2" classname="org.eclipse.cdt.core.parser.tests.ast2.AST2CPPSpecTest" time="0.006"/>
  <testcase name="test15_1s1" classname="org.eclipse.cdt.core.parser.tests.ast2.AST2CPPSpecTest" time="0.007"/>
  <testcase name="test15_1s6" classname="org.eclipse.cdt.core.parser.tests.ast2.AST2CPPSpecTest" time="0.007"/>
  <testcase name="test15_3s4" classname="org.eclipse.cdt.core.parser.tests.ast2.AST2CPPSpecTest" time="0.007"/>
  <testcase name="test15_4s8" classname="org.eclipse.cdt.core.parser.tests.ast2.AST2CPPSpecTest" time="0.006"/>
  <testcase name="test16_2s8" classname="org.eclipse.cdt.core.parser.tests.ast2.AST2CPPSpecTest" time="0.006"/>
  <testcase name="test3_4_3_2s2" classname="org.eclipse.cdt.core.parser.tests.ast2.AST2CPPSpecTest" time="0.003"/>
  <testcase name="test3_4_3_2s3" classname="org.eclipse.cdt.core.parser.tests.ast2.AST2CPPSpecTest" time="0.001"/>
  <testcase name="test3_4_3_2s4" classname="org.eclipse.cdt.core.parser.tests.ast2.AST2CPPSpecTest" time="0.001"/>
  <testcase name="test3_4_3_2s5" classname="org.eclipse.cdt.core.parser.tests.ast2.AST2CPPSpecTest" time="0.002"/>
  <testcase name="test14_5_1s3a" classname="org.eclipse.cdt.core.parser.tests.ast2.AST2CPPSpecTest" time="0.006"/>
  <testcase name="test14_5_5s9b" classname="org.eclipse.cdt.core.parser.tests.ast2.AST2CPPSpecTest" time="0.005"/>
  <testcase name="test14_6_1s3a" classname="org.eclipse.cdt.core.parser.tests.ast2.AST2CPPSpecTest" time="0.005"/>
  <testcase name="test14_6_1s3b" classname="org.eclipse.cdt.core.parser.tests.ast2.AST2CPPSpecTest" time="0.005"/>
  <testcase name="test3_10s3" classname="org.eclipse.cdt.core.parser.tests.ast2.AST2CPPSpecTest" time="0.002"/>
  <testcase name="test3_1s4a" classname="org.eclipse.cdt.core.parser.tests.ast2.AST2CPPSpecTest" time="0"/>
  <testcase name="test3_1s4b" classname="org.eclipse.cdt.core.parser.tests.ast2.AST2CPPSpecTest" time="0.001"/>
  <testcase name="test14_7_1s10" classname="org.eclipse.cdt.core.parser.tests.ast2.AST2CPPSpecTest" time="0.006"/>
  <testcase name="test14_7_1s12" classname="org.eclipse.cdt.core.parser.tests.ast2.AST2CPPSpecTest" time="0.007"/>
  <testcase name="test14_7_1s14" classname="org.eclipse.cdt.core.parser.tests.ast2.AST2CPPSpecTest" time="0.005"/>
  <testcase name="test14_7_3s10" classname="org.eclipse.cdt.core.parser.tests.ast2.AST2CPPSpecTest" time="0.006"/>
  <testcase name="test14_7_3s11" classname="org.eclipse.cdt.core.parser.tests.ast2.AST2CPPSpecTest" time="0.005"/>
  <testcase name="test14_7_3s12" classname="org.eclipse.cdt.core.parser.tests.ast2.AST2CPPSpecTest" time="0.007"/>
  <testcase name="test14_7_3s14" classname="org.eclipse.cdt.core.parser.tests.ast2.AST2CPPSpecTest" time="0.005"/>
  <testcase name="test14_7_3s16" classname="org.eclipse.cdt.core.parser.tests.ast2.AST2CPPSpecTest" time="0.01"/>
  <testcase name="test14_7_3s17" classname="org.eclipse.cdt.core.parser.tests.ast2.AST2CPPSpecTest" time="0.007"/>
  <testcase name="test14_7_3s18" classname="org.eclipse.cdt.core.parser.tests.ast2.AST2CPPSpecTest" time="0.006"/>
  <testcase name="test14_8_1s2b" classname="org.eclipse.cdt.core.parser.tests.ast2.AST2CPPSpecTest" time="0.007"/>
  <testcase name="test14_8_2s8a" classname="org.eclipse.cdt.core.parser.tests.ast2.AST2CPPSpecTest" time="0.006"/>
  <testcase name="test14_8_2s8c" classname="org.eclipse.cdt.core.parser.tests.ast2.AST2CPPSpecTest" time="0.008"/>
  <testcase name="test14_8_2s8d" classname="org.eclipse.cdt.core.parser.tests.ast2.AST2CPPSpecTest" time="0.009"/>
  <testcase name="test14_8_2s8e" classname="org.eclipse.cdt.core.parser.tests.ast2.AST2CPPSpecTest" time="0.007"/>
  <testcase name="test14_8_2s8f" classname="org.eclipse.cdt.core.parser.tests.ast2.AST2CPPSpecTest" time="0.009"/>
  <testcase name="test14_8_2s8g" classname="org.eclipse.cdt.core.parser.tests.ast2.AST2CPPSpecTest" time="0.005"/>
  <testcase name="test5_10s2" classname="org.eclipse.cdt.core.parser.tests.ast2.AST2CPPSpecTest" time="0.002"/>
  <testcase name="test5_18s2" classname="org.eclipse.cdt.core.parser.tests.ast2.AST2CPPSpecTest" time="0.002"/>
  <testcase name="test7_2s10" classname="org.eclipse.cdt.core.parser.tests.ast2.AST2CPPSpecTest" time="0.002"/>
  <testcase name="test7_5s4a" classname="org.eclipse.cdt.core.parser.tests.ast2.AST2CPPSpecTest" time="0.003"/>
  <testcase name="test7_5s4b" classname="org.eclipse.cdt.core.parser.tests.ast2.AST2CPPSpecTest" time="0.002"/>
  <testcase name="test7_5s7a" classname="org.eclipse.cdt.core.parser.tests.ast2.AST2CPPSpecTest" time="0.003"/>
  <testcase name="test7_5s7b" classname="org.eclipse.cdt.core.parser.tests.ast2.AST2CPPSpecTest" time="0.002"/>
  <testcase name="test7_5s7c" classname="org.eclipse.cdt.core.parser.tests.ast2.AST2CPPSpecTest" time="0.002"/>
  <testcase name="test8_2s7a" classname="org.eclipse.cdt.core.parser.tests.ast2.AST2CPPSpecTest" time="0.004"/>
  <testcase name="test8_2s7b" classname="org.eclipse.cdt.core.parser.tests.ast2.AST2CPPSpecTest" time="0.004"/>
  <testcase name="test8_5s10" classname="org.eclipse.cdt.core.parser.tests.ast2.AST2CPPSpecTest" time="0.003"/>
  <testcase name="test8_5s14" classname="org.eclipse.cdt.core.parser.tests.ast2.AST2CPPSpecTest" time="0.006"/>
  <testcase name="test13_3_1s6" classname="org.eclipse.cdt.core.parser.tests.ast2.AST2CPPSpecTest" time="0.006"/>
  <testcase name="test13_3_3s1" classname="org.eclipse.cdt.core.parser.tests.ast2.AST2CPPSpecTest" time="0.004"/>
  <testcase name="test13_3_3s3" classname="org.eclipse.cdt.core.parser.tests.ast2.AST2CPPSpecTest" time="0.004"/>
  <testcase name="test13_5_3s2" classname="org.eclipse.cdt.core.parser.tests.ast2.AST2CPPSpecTest" time="0.007"/>
  <testcase name="test13_5_7s1" classname="org.eclipse.cdt.core.parser.tests.ast2.AST2CPPSpecTest" time="0.005"/>
  <testcase name="test9_1s2a" classname="org.eclipse.cdt.core.parser.tests.ast2.AST2CPPSpecTest" time="0.004"/>
  <testcase name="test9_1s2b" classname="org.eclipse.cdt.core.parser.tests.ast2.AST2CPPSpecTest" time="0.004"/>
  <testcase name="test9_1s2c" classname="org.eclipse.cdt.core.parser.tests.ast2.AST2CPPSpecTest" time="0.003"/>
  <testcase name="test9_2s11" classname="org.eclipse.cdt.core.parser.tests.ast2.AST2CPPSpecTest" time="0.003"/>
  <testcase name="test9_4s2a" classname="org.eclipse.cdt.core.parser.tests.ast2.AST2CPPSpecTest" time="0.003"/>
  <testcase name="test9_4s2b" classname="org.eclipse.cdt.core.parser.tests.ast2.AST2CPPSpecTest" time="0.003"/>
  <testcase name="test13_3_3_1_1s2" classname="org.eclipse.cdt.core.parser.tests.ast2.AST2CPPSpecTest" time="0.004"/>
  <testcase name="test13_3_3_1_4s1" classname="org.eclipse.cdt.core.parser.tests.ast2.AST2CPPSpecTest" time="0.005"/>
  <testcase name="test8_5_1s11a" classname="org.eclipse.cdt.core.parser.tests.ast2.AST2CPPSpecTest" time="0.003"/>
  <testcase name="test8_5_1s11b" classname="org.eclipse.cdt.core.parser.tests.ast2.AST2CPPSpecTest" time="0.002"/>
  <testcase name="test7_3_1_1s1" classname="org.eclipse.cdt.core.parser.tests.ast2.AST2CPPSpecTest" time="0.002"/>
  <testcase name="test7_3_1_2s1" classname="org.eclipse.cdt.core.parser.tests.ast2.AST2CPPSpecTest" time="0.001"/>
  <testcase name="test7_3_1_2s2" classname="org.eclipse.cdt.core.parser.tests.ast2.AST2CPPSpecTest" time="0.002"/>
  <testcase name="test7_3_1_2s3" classname="org.eclipse.cdt.core.parser.tests.ast2.AST2CPPSpecTest" time="0.003"/>
  <testcase name="test14_8_2_1s1a" classname="org.eclipse.cdt.core.parser.tests.ast2.AST2CPPSpecTest" time="0.008"/>
  <testcase name="test14_8_2_1s1b" classname="org.eclipse.cdt.core.parser.tests.ast2.AST2CPPSpecTest" time="0.007"/>
  <testcase name="test14_8_2_4s11" classname="org.eclipse.cdt.core.parser.tests.ast2.AST2CPPSpecTest" time="0.006"/>
  <testcase name="test14_8_2_4s12" classname="org.eclipse.cdt.core.parser.tests.ast2.AST2CPPSpecTest" time="0.016"/>
  <testcase name="test14_8_2_4s20" classname="org.eclipse.cdt.core.parser.tests.ast2.AST2CPPSpecTest" time="0.009"/>
  <testcase name="test14_8_2_4s21" classname="org.eclipse.cdt.core.parser.tests.ast2.AST2CPPSpecTest" time="0.007"/>
  <testcase name="test14_8_2_5s10" classname="org.eclipse.cdt.core.parser.tests.ast2.AST2CPPSpecTest" time="0.011"/>
  <testcase name="test14_8_2_5s14" classname="org.eclipse.cdt.core.parser.tests.ast2.AST2CPPSpecTest" time="0.013"/>
  <testcase name="test14_8_2_5s15" classname="org.eclipse.cdt.core.parser.tests.ast2.AST2CPPSpecTest" time="0.009"/>
  <testcase name="test14_8_2_5s17" classname="org.eclipse.cdt.core.parser.tests.ast2.AST2CPPSpecTest" time="0.008"/>
  <testcase name="test14_8_2_5s18" classname="org.eclipse.cdt.core.parser.tests.ast2.AST2CPPSpecTest" time="0.009"/>
  <testcase name="test14_8_2_5s19" classname="org.eclipse.cdt.core.parser.tests.ast2.AST2CPPSpecTest" time="0.007"/>
  <testcase name="test14_8_2_5s22" classname="org.eclipse.cdt.core.parser.tests.ast2.AST2CPPSpecTest" time="0.008"/>
  <testcase name="test14_8_2_5s7a" classname="org.eclipse.cdt.core.parser.tests.ast2.AST2CPPSpecTest" time="0.006"/>
  <testcase name="test14_8_2_5s7b" classname="org.eclipse.cdt.core.parser.tests.ast2.AST2CPPSpecTest" time="0.008"/>
  <testcase name="test14_8_2_5s7c" classname="org.eclipse.cdt.core.parser.tests.ast2.AST2CPPSpecTest" time="0.007"/>
  <testcase name="test14_8_2_5s7d" classname="org.eclipse.cdt.core.parser.tests.ast2.AST2CPPSpecTest" time="0.01"/>
  <testcase name="test13_3_1_2s10" classname="org.eclipse.cdt.core.parser.tests.ast2.AST2CPPSpecTest" time="0.007"/>
  <testcase name="test6_5_1s2" classname="org.eclipse.cdt.core.parser.tests.ast2.AST2CPPSpecTest" time="0.002"/>
  <testcase name="test6_5_3s3" classname="org.eclipse.cdt.core.parser.tests.ast2.AST2CPPSpecTest" time="0.002"/>
  <testcase name="test13_3_3_2s3a" classname="org.eclipse.cdt.core.parser.tests.ast2.AST2CPPSpecTest" time="0.004"/>
  <testcase name="test13_3_3_2s3b" classname="org.eclipse.cdt.core.parser.tests.ast2.AST2CPPSpecTest" time="0.005"/>
  <testcase name="test13_3_3_2s3c" classname="org.eclipse.cdt.core.parser.tests.ast2.AST2CPPSpecTest" time="0.005"/>
  <testcase name="test12_6_2s2a" classname="org.eclipse.cdt.core.parser.tests.ast2.AST2CPPSpecTest" time="0.004"/>
  <testcase name="test12_6_2s2b" classname="org.eclipse.cdt.core.parser.tests.ast2.AST2CPPSpecTest" time="0.004"/>
  <testcase name="test14_5_1_1s1" classname="org.eclipse.cdt.core.parser.tests.ast2.AST2CPPSpecTest" time="0.005"/>
  <testcase name="test14_5_1_1s2" classname="org.eclipse.cdt.core.parser.tests.ast2.AST2CPPSpecTest" time="0.005"/>
  <testcase name="test14_5_1_2s1" classname="org.eclipse.cdt.core.parser.tests.ast2.AST2CPPSpecTest" time="0.005"/>
  <testcase name="test14_5_1_3s1" classname="org.eclipse.cdt.core.parser.tests.ast2.AST2CPPSpecTest" time="0.005"/>
  <testcase name="test14_5_5_2s2" classname="org.eclipse.cdt.core.parser.tests.ast2.AST2CPPSpecTest" time="0.006"/>
  <testcase name="test14_5_5_3s1" classname="org.eclipse.cdt.core.parser.tests.ast2.AST2CPPSpecTest" time="0.008"/>
  <testcase name="test14_5_5_3s2" classname="org.eclipse.cdt.core.parser.tests.ast2.AST2CPPSpecTest" time="0.006"/>
  <testcase name="test14_5_6_1s4" classname="org.eclipse.cdt.core.parser.tests.ast2.AST2CPPSpecTest" time="0.006"/>
  <testcase name="test14_5_6_1s5" classname="org.eclipse.cdt.core.parser.tests.ast2.AST2CPPSpecTest" time="0.012"/>
  <testcase name="test14_5_6_1s6" classname="org.eclipse.cdt.core.parser.tests.ast2.AST2CPPSpecTest" time="0.008"/>
  <testcase name="test14_5_6_2s3" classname="org.eclipse.cdt.core.parser.tests.ast2.AST2CPPSpecTest" time="0.01"/>
  <testcase name="test14_5_6_2s5" classname="org.eclipse.cdt.core.parser.tests.ast2.AST2CPPSpecTest" time="0.01"/>
  <testcase name="test14_5_6_2s6" classname="org.eclipse.cdt.core.parser.tests.ast2.AST2CPPSpecTest" time="0.006"/>
  <testcase name="test13_3_1_2s1" classname="org.eclipse.cdt.core.parser.tests.ast2.AST2CPPSpecTest" time="0.004"/>
  <testcase name="test13_3_1_2s6" classname="org.eclipse.cdt.core.parser.tests.ast2.AST2CPPSpecTest" time="0.005"/>
  <testcase name="test13_3_3_2s4" classname="org.eclipse.cdt.core.parser.tests.ast2.AST2CPPSpecTest" time="0.004"/>
  <testcase name="test2_13_1s1" classname="org.eclipse.cdt.core.parser.tests.ast2.AST2CPPSpecTest" time="0.002"/>
  <testcase name="test14_1s10a" classname="org.eclipse.cdt.core.parser.tests.ast2.AST2CPPSpecTest" time="0.004"/>
  <testcase name="test14_1s10b" classname="org.eclipse.cdt.core.parser.tests.ast2.AST2CPPSpecTest" time="0.004"/>
  <testcase name="test14_3_1s2" classname="org.eclipse.cdt.core.parser.tests.ast2.AST2CPPSpecTest" time="0.005"/>
  <testcase name="test14_3_1s3" classname="org.eclipse.cdt.core.parser.tests.ast2.AST2CPPSpecTest" time="0.005"/>
  <testcase name="test14_3_2s2" classname="org.eclipse.cdt.core.parser.tests.ast2.AST2CPPSpecTest" time="0.007"/>
  <testcase name="test14_3_2s3" classname="org.eclipse.cdt.core.parser.tests.ast2.AST2CPPSpecTest" time="0.008"/>
  <testcase name="test14_3_2s4" classname="org.eclipse.cdt.core.parser.tests.ast2.AST2CPPSpecTest" time="0.006"/>
  <testcase name="test14_3_2s5" classname="org.eclipse.cdt.core.parser.tests.ast2.AST2CPPSpecTest" time="0.008"/>
  <testcase name="test14_3_3s2" classname="org.eclipse.cdt.core.parser.tests.ast2.AST2CPPSpecTest" time="0.005"/>
  <testcase name="test14_5_1s2" classname="org.eclipse.cdt.core.parser.tests.ast2.AST2CPPSpecTest" time="0.005"/>
  <testcase name="test14_5_2s1" classname="org.eclipse.cdt.core.parser.tests.ast2.AST2CPPSpecTest" time="0.006"/>
  <testcase name="test14_5_2s2" classname="org.eclipse.cdt.core.parser.tests.ast2.AST2CPPSpecTest" time="0.008"/>
  <testcase name="test14_5_2s4" classname="org.eclipse.cdt.core.parser.tests.ast2.AST2CPPSpecTest" time="0.006"/>
  <testcase name="test14_5_2s5" classname="org.eclipse.cdt.core.parser.tests.ast2.AST2CPPSpecTest" time="0.007"/>
  <testcase name="test14_5_4s1" classname="org.eclipse.cdt.core.parser.tests.ast2.AST2CPPSpecTest" time="0.004"/>
  <testcase name="test14_5_4s2" classname="org.eclipse.cdt.core.parser.tests.ast2.AST2CPPSpecTest" time="0.003"/>
  <testcase name="test14_5_4s3" classname="org.eclipse.cdt.core.parser.tests.ast2.AST2CPPSpecTest" time="0.003"/>
  <testcase name="test14_5_4s4" classname="org.eclipse.cdt.core.parser.tests.ast2.AST2CPPSpecTest" time="0.004"/>
  <testcase name="test14_5_4s6" classname="org.eclipse.cdt.core.parser.tests.ast2.AST2CPPSpecTest" time="0.003"/>
  <testcase name="test14_5_5s4" classname="org.eclipse.cdt.core.parser.tests.ast2.AST2CPPSpecTest" time="0.004"/>
  <testcase name="test14_5_5s5" classname="org.eclipse.cdt.core.parser.tests.ast2.AST2CPPSpecTest" time="0.004"/>
  <testcase name="test14_5_5s6" classname="org.eclipse.cdt.core.parser.tests.ast2.AST2CPPSpecTest" time="0.005"/>
  <testcase name="test14_5_5s7" classname="org.eclipse.cdt.core.parser.tests.ast2.AST2CPPSpecTest" time="0.004"/>
  <testcase name="test14_5_6s1" classname="org.eclipse.cdt.core.parser.tests.ast2.AST2CPPSpecTest" time="0.005"/>
  <testcase name="test14_6_1s1" classname="org.eclipse.cdt.core.parser.tests.ast2.AST2CPPSpecTest" time="0.004"/>
  <testcase name="test14_6_1s2" classname="org.eclipse.cdt.core.parser.tests.ast2.AST2CPPSpecTest" time="0.005"/>
  <testcase name="test14_6_1s4" classname="org.eclipse.cdt.core.parser.tests.ast2.AST2CPPSpecTest" time="0.008"/>
  <testcase name="test14_6_1s5" classname="org.eclipse.cdt.core.parser.tests.ast2.AST2CPPSpecTest" time="0.004"/>
  <testcase name="test14_6_1s6" classname="org.eclipse.cdt.core.parser.tests.ast2.AST2CPPSpecTest" time="0.004"/>
  <testcase name="test14_6_1s7" classname="org.eclipse.cdt.core.parser.tests.ast2.AST2CPPSpecTest" time="0.003"/>
  <testcase name="test14_6_2s2" classname="org.eclipse.cdt.core.parser.tests.ast2.AST2CPPSpecTest" time="0.009"/>
  <testcase name="test14_6_2s3" classname="org.eclipse.cdt.core.parser.tests.ast2.AST2CPPSpecTest" time="0.007"/>
  <testcase name="test14_6_2s4" classname="org.eclipse.cdt.core.parser.tests.ast2.AST2CPPSpecTest" time="0.007"/>
  <testcase name="test14_6_3s1" classname="org.eclipse.cdt.core.parser.tests.ast2.AST2CPPSpecTest" time="0.005"/>
  <testcase name="test14_6_5s2" classname="org.eclipse.cdt.core.parser.tests.ast2.AST2CPPSpecTest" time="0.006"/>
  <testcase name="test14_7_1s3" classname="org.eclipse.cdt.core.parser.tests.ast2.AST2CPPSpecTest" time="0.005"/>
  <testcase name="test14_7_1s4" classname="org.eclipse.cdt.core.parser.tests.ast2.AST2CPPSpecTest" time="0.007"/>
  <testcase name="test14_7_1s5" classname="org.eclipse.cdt.core.parser.tests.ast2.AST2CPPSpecTest" time="0.006"/>
  <testcase name="test14_7_1s6" classname="org.eclipse.cdt.core.parser.tests.ast2.AST2CPPSpecTest" time="0.003"/>
  <testcase name="test14_7_2s2" classname="org.eclipse.cdt.core.parser.tests.ast2.AST2CPPSpecTest" time="0.005"/>
  <testcase name="test14_7_2s5" classname="org.eclipse.cdt.core.parser.tests.ast2.AST2CPPSpecTest" time="0.003"/>
  <testcase name="test14_7_2s6" classname="org.eclipse.cdt.core.parser.tests.ast2.AST2CPPSpecTest" time="0.004"/>
  <testcase name="test14_7_2s9" classname="org.eclipse.cdt.core.parser.tests.ast2.AST2CPPSpecTest" time="0.004"/>
  <testcase name="test14_7_3s1" classname="org.eclipse.cdt.core.parser.tests.ast2.AST2CPPSpecTest" time="0.004"/>
  <testcase name="test14_7_3s3" classname="org.eclipse.cdt.core.parser.tests.ast2.AST2CPPSpecTest" time="0.004"/>
  <testcase name="test14_7_3s5" classname="org.eclipse.cdt.core.parser.tests.ast2.AST2CPPSpecTest" time="0.004"/>
  <testcase name="test14_7_3s6" classname="org.eclipse.cdt.core.parser.tests.ast2.AST2CPPSpecTest" time="0.004"/>
  <testcase name="test14_7_3s9" classname="org.eclipse.cdt.core.parser.tests.ast2.AST2CPPSpecTest" time="0.003"/>
  <testcase name="test14_8_1s1" classname="org.eclipse.cdt.core.parser.tests.ast2.AST2CPPSpecTest" time="0.005"/>
  <testcase name="test14_8_1s2" classname="org.eclipse.cdt.core.parser.tests.ast2.AST2CPPSpecTest" time="0.005"/>
  <testcase name="test14_8_1s3" classname="org.eclipse.cdt.core.parser.tests.ast2.AST2CPPSpecTest" time="0.006"/>
  <testcase name="test14_8_1s4" classname="org.eclipse.cdt.core.parser.tests.ast2.AST2CPPSpecTest" time="0.005"/>
  <testcase name="test14_8_1s6" classname="org.eclipse.cdt.core.parser.tests.ast2.AST2CPPSpecTest" time="0.005"/>
  <testcase name="test14_8_2s1" classname="org.eclipse.cdt.core.parser.tests.ast2.AST2CPPSpecTest" time="0.004"/>
  <testcase name="test14_8_2s3" classname="org.eclipse.cdt.core.parser.tests.ast2.AST2CPPSpecTest" time="0.004"/>
  <testcase name="test14_8_2s5" classname="org.eclipse.cdt.core.parser.tests.ast2.AST2CPPSpecTest" time="0.005"/>
  <testcase name="test14_8_2s9" classname="org.eclipse.cdt.core.parser.tests.ast2.AST2CPPSpecTest" time="0.008"/>
  <testcase name="test14_8_3s2" classname="org.eclipse.cdt.core.parser.tests.ast2.AST2CPPSpecTest" time="0.006"/>
  <testcase name="test14_8_3s3" classname="org.eclipse.cdt.core.parser.tests.ast2.AST2CPPSpecTest" time="0.007"/>
  <testcase name="test14_8_3s4" classname="org.eclipse.cdt.core.parser.tests.ast2.AST2CPPSpecTest" time="0.007"/>
  <testcase name="test14_8_3s5" classname="org.eclipse.cdt.core.parser.tests.ast2.AST2CPPSpecTest" time="0.007"/>
  <testcase name="test14_8_3s6" classname="org.eclipse.cdt.core.parser.tests.ast2.AST2CPPSpecTest" time="0.006"/>
  <testcase name="test7_1_1s8a" classname="org.eclipse.cdt.core.parser.tests.ast2.AST2CPPSpecTest" time="0.002"/>
  <testcase name="test7_1_1s8b" classname="org.eclipse.cdt.core.parser.tests.ast2.AST2CPPSpecTest" time="0.001"/>
  <testcase name="test7_1_3s3a" classname="org.eclipse.cdt.core.parser.tests.ast2.AST2CPPSpecTest" time="0.002"/>
  <testcase name="test7_1_3s3b" classname="org.eclipse.cdt.core.parser.tests.ast2.AST2CPPSpecTest" time="0.001"/>
  <testcase name="test7_1_3s5a" classname="org.eclipse.cdt.core.parser.tests.ast2.AST2CPPSpecTest" time="0.002"/>
  <testcase name="test7_1_3s5b" classname="org.eclipse.cdt.core.parser.tests.ast2.AST2CPPSpecTest" time="0.002"/>
  <testcase name="test7_3_3s10" classname="org.eclipse.cdt.core.parser.tests.ast2.AST2CPPSpecTest" time="0.003"/>
  <testcase name="test7_3_3s11" classname="org.eclipse.cdt.core.parser.tests.ast2.AST2CPPSpecTest" time="0.003"/>
  <testcase name="test7_3_3s12" classname="org.eclipse.cdt.core.parser.tests.ast2.AST2CPPSpecTest" time="0.005"/>
  <testcase name="test7_3_3s14" classname="org.eclipse.cdt.core.parser.tests.ast2.AST2CPPSpecTest" time="0.002"/>
  <testcase name="test7_3_3s15" classname="org.eclipse.cdt.core.parser.tests.ast2.AST2CPPSpecTest" time="0.002"/>
  <testcase name="test7_3_4s2a" classname="org.eclipse.cdt.core.parser.tests.ast2.AST2CPPSpecTest" time="0.005"/>
  <testcase name="test7_3_4s2b" classname="org.eclipse.cdt.core.parser.tests.ast2.AST2CPPSpecTest" time="0.006"/>
  <testcase name="_test14_8_2s8b" classname="org.eclipse.cdt.core.parser.tests.ast2.AST2CPPSpecTest" time="0.009"/>
  <testcase name="test6_7_2_2s5" classname="org.eclipse.cdt.core.parser.tests.ast2.AST2CSpecTest" time="0.027"/>
  <testcase name="test6_7_2_3s9" classname="org.eclipse.cdt.core.parser.tests.ast2.AST2CSpecTest" time="0.001"/>
  <testcase name="test6_7_3_1s7" classname="org.eclipse.cdt.core.parser.tests.ast2.AST2CSpecTest" time="0"/>
  <testcase name="test6_7_3_1s8" classname="org.eclipse.cdt.core.parser.tests.ast2.AST2CSpecTest" time="0.001"/>
  <testcase name="test6_7_3_1s9" classname="org.eclipse.cdt.core.parser.tests.ast2.AST2CSpecTest" time="0.002"/>
  <testcase name="test6_7_5_1s4" classname="org.eclipse.cdt.core.parser.tests.ast2.AST2CSpecTest" time="0.002"/>
  <testcase name="test6_7_5_2s7" classname="org.eclipse.cdt.core.parser.tests.ast2.AST2CSpecTest" time="0.001"/>
  <testcase name="test6_7_5_2s8" classname="org.eclipse.cdt.core.parser.tests.ast2.AST2CSpecTest" time="0.001"/>
  <testcase name="test6_7_5_2s9" classname="org.eclipse.cdt.core.parser.tests.ast2.AST2CSpecTest" time="0.006"/>
  <testcase name="test6_7_8s26a" classname="org.eclipse.cdt.core.parser.tests.ast2.AST2CSpecTest" time="0.001"/>
  <testcase name="test6_7_8s26b" classname="org.eclipse.cdt.core.parser.tests.ast2.AST2CSpecTest" time="0.002"/>
  <testcase name="test4s6" classname="org.eclipse.cdt.core.parser.tests.ast2.AST2CSpecTest" time="0"/>
  <testcase name="test5_1_1_3s2" classname="org.eclipse.cdt.core.parser.tests.ast2.AST2CSpecTest" time="0"/>
  <testcase name="test6_8_6_1s3" classname="org.eclipse.cdt.core.parser.tests.ast2.AST2CSpecTest" time="0.003"/>
  <testcase name="test6_8_6_1s4" classname="org.eclipse.cdt.core.parser.tests.ast2.AST2CSpecTest" time="0.004"/>
  <testcase name="test6_8_6_4s4" classname="org.eclipse.cdt.core.parser.tests.ast2.AST2CSpecTest" time="0.001"/>
  <testcase name="test5_1_2_3s10" classname="org.eclipse.cdt.core.parser.tests.ast2.AST2CSpecTest" time="0.002"/>
  <testcase name="test5_1_2_3s11" classname="org.eclipse.cdt.core.parser.tests.ast2.AST2CSpecTest" time="0.001"/>
  <testcase name="test5_1_2_3s12" classname="org.eclipse.cdt.core.parser.tests.ast2.AST2CSpecTest" time="0.001"/>
  <testcase name="test5_1_2_3s13" classname="org.eclipse.cdt.core.parser.tests.ast2.AST2CSpecTest" time="0.002"/>
  <testcase name="test5_1_2_3s14" classname="org.eclipse.cdt.core.parser.tests.ast2.AST2CSpecTest" time="0.002"/>
  <testcase name="test5_1_2_3s15" classname="org.eclipse.cdt.core.parser.tests.ast2.AST2CSpecTest" time="0.001"/>
  <testcase name="test6_7_2_1s18a" classname="org.eclipse.cdt.core.parser.tests.ast2.AST2CSpecTest" time="0.002"/>
  <testcase name="test6_7_2_1s18b" classname="org.eclipse.cdt.core.parser.tests.ast2.AST2CSpecTest" time="0.001"/>
  <testcase name="test6_4_4_4s12" classname="org.eclipse.cdt.core.parser.tests.ast2.AST2CSpecTest" time="0.001"/>
  <testcase name="test6_10_1s4" classname="org.eclipse.cdt.core.parser.tests.ast2.AST2CSpecTest" time="0.002"/>
  <testcase name="test6_2_5s28" classname="org.eclipse.cdt.core.parser.tests.ast2.AST2CSpecTest" time="0.001"/>
  <testcase name="test6_5_15s8" classname="org.eclipse.cdt.core.parser.tests.ast2.AST2CSpecTest" time="0.004"/>
  <testcase name="test6_5_6s10" classname="org.eclipse.cdt.core.parser.tests.ast2.AST2CSpecTest" time="0.001"/>
  <testcase name="test6_7_3s10" classname="org.eclipse.cdt.core.parser.tests.ast2.AST2CSpecTest" time="0.001"/>
  <testcase name="test6_7_3s11" classname="org.eclipse.cdt.core.parser.tests.ast2.AST2CSpecTest" time="0.004"/>
  <testcase name="test6_7_8s24" classname="org.eclipse.cdt.core.parser.tests.ast2.AST2CSpecTest" time="0.002"/>
  <testcase name="test6_7_8s25" classname="org.eclipse.cdt.core.parser.tests.ast2.AST2CSpecTest" time="0.002"/>
  <testcase name="test6_7_8s27" classname="org.eclipse.cdt.core.parser.tests.ast2.AST2CSpecTest" time="0.001"/>
  <testcase name="test6_7_8s28" classname="org.eclipse.cdt.core.parser.tests.ast2.AST2CSpecTest" time="0.003"/>
  <testcase name="test6_7_8s29" classname="org.eclipse.cdt.core.parser.tests.ast2.AST2CSpecTest" time="0.002"/>
  <testcase name="test6_7_8s31" classname="org.eclipse.cdt.core.parser.tests.ast2.AST2CSpecTest" time="0.002"/>
  <testcase name="test6_7_8s32" classname="org.eclipse.cdt.core.parser.tests.ast2.AST2CSpecTest" time="0.002"/>
  <testcase name="test6_7_8s33" classname="org.eclipse.cdt.core.parser.tests.ast2.AST2CSpecTest" time="0.002"/>
  <testcase name="test6_7_8s34" classname="org.eclipse.cdt.core.parser.tests.ast2.AST2CSpecTest" time="0.001"/>
  <testcase name="test6_7_8s35" classname="org.eclipse.cdt.core.parser.tests.ast2.AST2CSpecTest" time="0.002"/>
  <testcase name="test6_7_8s36" classname="org.eclipse.cdt.core.parser.tests.ast2.AST2CSpecTest" time="0.001"/>
  <testcase name="test6_7_8s38" classname="org.eclipse.cdt.core.parser.tests.ast2.AST2CSpecTest" time="0.002"/>
  <testcase name="test6_9_1s13" classname="org.eclipse.cdt.core.parser.tests.ast2.AST2CSpecTest" time="0.002"/>
  <testcase name="test6_9_1s14" classname="org.eclipse.cdt.core.parser.tests.ast2.AST2CSpecTest" time="0.002"/>
  <testcase name="test6_5_2_3s7" classname="org.eclipse.cdt.core.parser.tests.ast2.AST2CSpecTest" time="0.002"/>
  <testcase name="test6_5_2_5s9" classname="org.eclipse.cdt.core.parser.tests.ast2.AST2CSpecTest" time="0.001"/>
  <testcase name="test6_5_3_4s5" classname="org.eclipse.cdt.core.parser.tests.ast2.AST2CSpecTest" time="0.001"/>
  <testcase name="test6_5_3_4s6" classname="org.eclipse.cdt.core.parser.tests.ast2.AST2CSpecTest" time="0.002"/>
  <testcase name="test6_7_2_1s17" classname="org.eclipse.cdt.core.parser.tests.ast2.AST2CSpecTest" time="0.002"/>
  <testcase name="test6_7_2_3s10" classname="org.eclipse.cdt.core.parser.tests.ast2.AST2CSpecTest" time="0.002"/>
  <testcase name="test6_7_2_3s11" classname="org.eclipse.cdt.core.parser.tests.ast2.AST2CSpecTest" time="0.001"/>
  <testcase name="test6_7_3_1s10" classname="org.eclipse.cdt.core.parser.tests.ast2.AST2CSpecTest" time="0.002"/>
  <testcase name="test6_7_3_1s11" classname="org.eclipse.cdt.core.parser.tests.ast2.AST2CSpecTest" time="0.001"/>
  <testcase name="test6_7_3_1s12" classname="org.eclipse.cdt.core.parser.tests.ast2.AST2CSpecTest" time="0.002"/>
  <testcase name="test6_7_5_2s10" classname="org.eclipse.cdt.core.parser.tests.ast2.AST2CSpecTest" time="0.002"/>
  <testcase name="test6_7_5_3s16" classname="org.eclipse.cdt.core.parser.tests.ast2.AST2CSpecTest" time="0.002"/>
  <testcase name="test6_7_5_3s18" classname="org.eclipse.cdt.core.parser.tests.ast2.AST2CSpecTest" time="0.001"/>
  <testcase name="test6_7_5_3s19" classname="org.eclipse.cdt.core.parser.tests.ast2.AST2CSpecTest" time="0.002"/>
  <testcase name="test6_7_5_3s20" classname="org.eclipse.cdt.core.parser.tests.ast2.AST2CSpecTest" time="0.002"/>
  <testcase name="test6_7_5_3s21" classname="org.eclipse.cdt.core.parser.tests.ast2.AST2CSpecTest" time="0.001"/>
  <testcase name="test6_2_7s5" classname="org.eclipse.cdt.core.parser.tests.ast2.AST2CSpecTest" time="0.001"/>
  <testcase name="test6_7_4s7" classname="org.eclipse.cdt.core.parser.tests.ast2.AST2CSpecTest" time="0.002"/>
  <testcase name="test6_7_7s4" classname="org.eclipse.cdt.core.parser.tests.ast2.AST2CSpecTest" time="0.002"/>
  <testcase name="test6_7_7s5" classname="org.eclipse.cdt.core.parser.tests.ast2.AST2CSpecTest" time="0.001"/>
  <testcase name="test6_7_7s6" classname="org.eclipse.cdt.core.parser.tests.ast2.AST2CSpecTest" time="0.003"/>
  <testcase name="test6_7_7s7" classname="org.eclipse.cdt.core.parser.tests.ast2.AST2CSpecTest" time="0.002"/>
  <testcase name="test6_7_7s8" classname="org.eclipse.cdt.core.parser.tests.ast2.AST2CSpecTest" time="0.004"/>
  <testcase name="test6_8_3s4" classname="org.eclipse.cdt.core.parser.tests.ast2.AST2CSpecTest" time="0.002"/>
  <testcase name="test6_8_3s5" classname="org.eclipse.cdt.core.parser.tests.ast2.AST2CSpecTest" time="0.002"/>
  <testcase name="test6_8_3s6" classname="org.eclipse.cdt.core.parser.tests.ast2.AST2CSpecTest" time="0.002"/>
  <testcase name="test6_8_4s7" classname="org.eclipse.cdt.core.parser.tests.ast2.AST2CSpecTest" time="0.004"/>
  <testcase name="test6_9_2s4" classname="org.eclipse.cdt.core.parser.tests.ast2.AST2CSpecTest" time="0.002"/>
  <testcase name="test6_10_3_3s4" classname="org.eclipse.cdt.core.parser.tests.ast2.AST2CSpecTest" time="0.002"/>
  <testcase name="test6_10_3_5s3" classname="org.eclipse.cdt.core.parser.tests.ast2.AST2CSpecTest" time="0.002"/>
  <testcase name="test6_10_3_5s4" classname="org.eclipse.cdt.core.parser.tests.ast2.AST2CSpecTest" time="0.001"/>
  <testcase name="test6_10_3_5s5" classname="org.eclipse.cdt.core.parser.tests.ast2.AST2CSpecTest" time="0.004"/>
  <testcase name="test6_10_3_5s6" classname="org.eclipse.cdt.core.parser.tests.ast2.AST2CSpecTest" time="0.002"/>
  <testcase name="test6_10_3_5s7" classname="org.eclipse.cdt.core.parser.tests.ast2.AST2CSpecTest" time="0.003"/>
  <testcase name="test6_10_3_5s8" classname="org.eclipse.cdt.core.parser.tests.ast2.AST2CSpecTest" time="0.002"/>
  <testcase name="test6_10_3_5s9" classname="org.eclipse.cdt.core.parser.tests.ast2.AST2CSpecTest" time="0.003"/>
  <testcase name="test6_5_16_1s5" classname="org.eclipse.cdt.core.parser.tests.ast2.AST2CSpecTest" time="0.001"/>
  <testcase name="test6_5_16_1s6" classname="org.eclipse.cdt.core.parser.tests.ast2.AST2CSpecTest" time="0.002"/>
  <testcase name="test6_5_2_2s12" classname="org.eclipse.cdt.core.parser.tests.ast2.AST2CSpecTest" time="0.001"/>
  <testcase name="test6_5_2_3s8a" classname="org.eclipse.cdt.core.parser.tests.ast2.AST2CSpecTest" time="0.001"/>
  <testcase name="test6_5_2_3s8b" classname="org.eclipse.cdt.core.parser.tests.ast2.AST2CSpecTest" time="0.002"/>
  <testcase name="test6_5_2_5s10" classname="org.eclipse.cdt.core.parser.tests.ast2.AST2CSpecTest" time="0.001"/>
  <testcase name="test6_5_2_5s11" classname="org.eclipse.cdt.core.parser.tests.ast2.AST2CSpecTest" time="0"/>
  <testcase name="test6_5_2_5s12" classname="org.eclipse.cdt.core.parser.tests.ast2.AST2CSpecTest" time="0"/>
  <testcase name="test6_5_2_5s13" classname="org.eclipse.cdt.core.parser.tests.ast2.AST2CSpecTest" time="0.001"/>
  <testcase name="test6_5_2_5s14" classname="org.eclipse.cdt.core.parser.tests.ast2.AST2CSpecTest" time="0.001"/>
  <testcase name="test6_5_2_5s15" classname="org.eclipse.cdt.core.parser.tests.ast2.AST2CSpecTest" time="0.001"/>
  <testcase name="test6_5_2_5s16" classname="org.eclipse.cdt.core.parser.tests.ast2.AST2CSpecTest" time="0.002"/>
  <testcase name="testBug72372_2" classname="org.eclipse.cdt.core.parser.tests.ast2.DOMSelectionParseTest" time="0.026"/>
  <testcase name="testBug72712_2" classname="org.eclipse.cdt.core.parser.tests.ast2.DOMSelectionParseTest" time="0.007"/>
  <testcase name="testBug" classname="org.eclipse.cdt.core.parser.tests.ast2.DOMSelectionParseTest" time="0.004"/>
  <testcase name="test72220" classname="org.eclipse.cdt.core.parser.tests.ast2.DOMSelectionParseTest" time="0.004"/>
  <testcase name="testMethodReference" classname="org.eclipse.cdt.core.parser.tests.ast2.DOMSelectionParseTest" time="0.005"/>
  <testcase name="testBugMethodDef" classname="org.eclipse.cdt.core.parser.tests.ast2.DOMSelectionParseTest" time="0.004"/>
  <testcase name="testBug57898" classname="org.eclipse.cdt.core.parser.tests.ast2.DOMSelectionParseTest" time="0.014"/>
  <testcase name="testBug60038" classname="org.eclipse.cdt.core.parser.tests.ast2.DOMSelectionParseTest" time="0.011"/>
  <testcase name="testBug60264" classname="org.eclipse.cdt.core.parser.tests.ast2.DOMSelectionParseTest" time="0.008"/>
  <testcase name="testBug60407" classname="org.eclipse.cdt.core.parser.tests.ast2.DOMSelectionParseTest" time="0.006"/>
  <testcase name="testBug61613" classname="org.eclipse.cdt.core.parser.tests.ast2.DOMSelectionParseTest" time="0.004"/>
  <testcase name="testBug61800" classname="org.eclipse.cdt.core.parser.tests.ast2.DOMSelectionParseTest" time="0.003"/>
  <testcase name="testBug63966" classname="org.eclipse.cdt.core.parser.tests.ast2.DOMSelectionParseTest" time="0.003"/>
  <testcase name="testBug64181" classname="org.eclipse.cdt.core.parser.tests.ast2.DOMSelectionParseTest" time="0.003"/>
  <testcase name="testBug64326" classname="org.eclipse.cdt.core.parser.tests.ast2.DOMSelectionParseTest" time="0.003"/>
  <testcase name="testBug66744" classname="org.eclipse.cdt.core.parser.tests.ast2.DOMSelectionParseTest" time="0.004"/>
  <testcase name="testBug68527" classname="org.eclipse.cdt.core.parser.tests.ast2.DOMSelectionParseTest" time="0.007"/>
  <testcase name="testBug68739" classname="org.eclipse.cdt.core.parser.tests.ast2.DOMSelectionParseTest" time="0.005"/>
  <testcase name="testBug72372" classname="org.eclipse.cdt.core.parser.tests.ast2.DOMSelectionParseTest" time="0.003"/>
  <testcase name="testBug72710" classname="org.eclipse.cdt.core.parser.tests.ast2.DOMSelectionParseTest" time="0.003"/>
  <testcase name="testBug72712" classname="org.eclipse.cdt.core.parser.tests.ast2.DOMSelectionParseTest" time="0.004"/>
  <testcase name="testBug72713" classname="org.eclipse.cdt.core.parser.tests.ast2.DOMSelectionParseTest" time="0.003"/>
  <testcase name="testBug72721" classname="org.eclipse.cdt.core.parser.tests.ast2.DOMSelectionParseTest" time="0.003"/>
  <testcase name="testBug72814" classname="org.eclipse.cdt.core.parser.tests.ast2.DOMSelectionParseTest" time="0.005"/>
  <testcase name="testBug72818" classname="org.eclipse.cdt.core.parser.tests.ast2.DOMSelectionParseTest" time="0.003"/>
  <testcase name="testBug73398" classname="org.eclipse.cdt.core.parser.tests.ast2.DOMSelectionParseTest" time="0.003"/>
  <testcase name="testBug75731" classname="org.eclipse.cdt.core.parser.tests.ast2.DOMSelectionParseTest" time="0.062"/>
  <testcase name="testBug77989" classname="org.eclipse.cdt.core.parser.tests.ast2.DOMSelectionParseTest" time="0.006"/>
  <testcase name="testBug78114" classname="org.eclipse.cdt.core.parser.tests.ast2.DOMSelectionParseTest" time="0.007"/>
  <testcase name="testBug78389" classname="org.eclipse.cdt.core.parser.tests.ast2.DOMSelectionParseTest" time="0.008"/>
  <testcase name="testBug78435" classname="org.eclipse.cdt.core.parser.tests.ast2.DOMSelectionParseTest" time="0.002"/>
  <testcase name="testBug78625" classname="org.eclipse.cdt.core.parser.tests.ast2.DOMSelectionParseTest" time="0.005"/>
  <testcase name="testBug78656" classname="org.eclipse.cdt.core.parser.tests.ast2.DOMSelectionParseTest" time="0.003"/>
  <testcase name="testBug79811" classname="org.eclipse.cdt.core.parser.tests.ast2.DOMSelectionParseTest" time="0.003"/>
  <testcase name="testBug79877" classname="org.eclipse.cdt.core.parser.tests.ast2.DOMSelectionParseTest" time="0.005"/>
  <testcase name="testBug79965" classname="org.eclipse.cdt.core.parser.tests.ast2.DOMSelectionParseTest" time="0.003"/>
  <testcase name="testBug80823" classname="org.eclipse.cdt.core.parser.tests.ast2.DOMSelectionParseTest" time="0.003"/>
  <testcase name="testBug80826" classname="org.eclipse.cdt.core.parser.tests.ast2.DOMSelectionParseTest" time="0.004"/>
  <testcase name="testBug86504" classname="org.eclipse.cdt.core.parser.tests.ast2.DOMSelectionParseTest" time="0.003"/>
  <testcase name="testBug86993" classname="org.eclipse.cdt.core.parser.tests.ast2.DOMSelectionParseTest" time="0.005"/>
  <testcase name="testBug92605" classname="org.eclipse.cdt.core.parser.tests.ast2.DOMSelectionParseTest" time="0.004"/>
  <testcase name="testBaseCase_FunctionDeclaration2" classname="org.eclipse.cdt.core.parser.tests.ast2.DOMSelectionParseTest" time="0.004"/>
  <testcase name="testBaseCase_VariableReference" classname="org.eclipse.cdt.core.parser.tests.ast2.DOMSelectionParseTest" time="0.002"/>
  <testcase name="testBug43128A" classname="org.eclipse.cdt.core.parser.tests.ast2.DOMSelectionParseTest" time="0.003"/>
  <testcase name="testBug43128B" classname="org.eclipse.cdt.core.parser.tests.ast2.DOMSelectionParseTest" time="0.003"/>
  <testcase name="testBug43128C" classname="org.eclipse.cdt.core.parser.tests.ast2.DOMSelectionParseTest" time="0.007"/>
  <testcase name="testBaseCase_FunctionReference" classname="org.eclipse.cdt.core.parser.tests.ast2.DOMSelectionParseTest" time="0.003"/>
  <testcase name="testBaseCase_Error" classname="org.eclipse.cdt.core.parser.tests.ast2.DOMSelectionParseTest" time="0.003"/>
  <testcase name="testBug64326A" classname="org.eclipse.cdt.core.parser.tests.ast2.DOMSelectionParseTest" time="0.006"/>
  <testcase name="testBug64326B" classname="org.eclipse.cdt.core.parser.tests.ast2.DOMSelectionParseTest" time="0.004"/>
  <testcase name="testBug78231A" classname="org.eclipse.cdt.core.parser.tests.ast2.DOMSelectionParseTest" time="0.004"/>
  <testcase name="testBug78231B" classname="org.eclipse.cdt.core.parser.tests.ast2.DOMSelectionParseTest" time="0.003"/>
  <testcase name="testBug86698A" classname="org.eclipse.cdt.core.parser.tests.ast2.DOMSelectionParseTest" time="0.005"/>
  <testcase name="testBug86698B" classname="org.eclipse.cdt.core.parser.tests.ast2.DOMSelectionParseTest" time="0.004"/>
  <testcase name="testBaseCase_FunctionDeclaration" classname="org.eclipse.cdt.core.parser.tests.ast2.DOMSelectionParseTest" time="0.003"/>
  <testcase name="testConstructorDestructorDeclaration" classname="org.eclipse.cdt.core.parser.tests.ast2.DOMSelectionParseTest" time="0.004"/>
  <testcase name="testBaseCase_VariableDeclaration" classname="org.eclipse.cdt.core.parser.tests.ast2.DOMSelectionParseTest" time="0.003"/>
  <testcase name="testConstructorDefinition" classname="org.eclipse.cdt.core.parser.tests.ast2.DOMSelectionParseTest" time="0.002"/>
  <testcase name="testBugLabelWithMacro" classname="org.eclipse.cdt.core.parser.tests.ast2.DOMSelectionParseTest" time="0.005"/>
  <testcase name="testBaseCase_Parameter" classname="org.eclipse.cdt.core.parser.tests.ast2.DOMSelectionParseTest" time="0.003"/>
  <testcase name="test__float128" classname="org.eclipse.cdt.core.parser.tests.ast2.GCCCompleteParseExtensionsTest" time="0.024"/>
  <testcase name="testBug74190_g_return_if_fail" classname="org.eclipse.cdt.core.parser.tests.ast2.GCCCompleteParseExtensionsTest" time="0.002"/>
  <testcase name="test_Decimal32" classname="org.eclipse.cdt.core.parser.tests.ast2.GCCCompleteParseExtensionsTest" time="0.002"/>
  <testcase name="test_Decimal64" classname="org.eclipse.cdt.core.parser.tests.ast2.GCCCompleteParseExtensionsTest" time="0.003"/>
  <testcase name="testBug74190_g_assert_1" classname="org.eclipse.cdt.core.parser.tests.ast2.GCCCompleteParseExtensionsTest" time="0.003"/>
  <testcase name="test_Decimal128" classname="org.eclipse.cdt.core.parser.tests.ast2.GCCCompleteParseExtensionsTest" time="0.003"/>
  <testcase name="test__offsetof__Bug265001" classname="org.eclipse.cdt.core.parser.tests.ast2.GCCCompleteParseExtensionsTest" time="0.004"/>
  <testcase name="test__attribute__aligned_bug400204" classname="org.eclipse.cdt.core.parser.tests.ast2.GCCCompleteParseExtensionsTest" time="0.003"/>
  <testcase name="testBug39677" classname="org.eclipse.cdt.core.parser.tests.ast2.GCCCompleteParseExtensionsTest" time="0.011"/>
  <testcase name="testBug39681" classname="org.eclipse.cdt.core.parser.tests.ast2.GCCCompleteParseExtensionsTest" time="0.002"/>
  <testcase name="testBug39684" classname="org.eclipse.cdt.core.parser.tests.ast2.GCCCompleteParseExtensionsTest" time="0.001"/>
  <testcase name="testBug39686" classname="org.eclipse.cdt.core.parser.tests.ast2.GCCCompleteParseExtensionsTest" time="0.002"/>
  <testcase name="testBug39695" classname="org.eclipse.cdt.core.parser.tests.ast2.GCCCompleteParseExtensionsTest" time="0.001"/>
  <testcase name="testBug39697" classname="org.eclipse.cdt.core.parser.tests.ast2.GCCCompleteParseExtensionsTest" time="0.004"/>
  <testcase name="testBug75401" classname="org.eclipse.cdt.core.parser.tests.ast2.GCCCompleteParseExtensionsTest" time="0.005"/>
  <testcase name="testBug95635" classname="org.eclipse.cdt.core.parser.tests.ast2.GCCCompleteParseExtensionsTest" time="0.02"/>
  <testcase name="testGNUExternalTemplate_bug71603" classname="org.eclipse.cdt.core.parser.tests.ast2.GCCCompleteParseExtensionsTest" time="0.002"/>
  <testcase name="testBug39551B" classname="org.eclipse.cdt.core.parser.tests.ast2.GCCCompleteParseExtensionsTest" time="0.001"/>
  <testcase name="testBug39698A" classname="org.eclipse.cdt.core.parser.tests.ast2.GCCCompleteParseExtensionsTest" time="0.002"/>
  <testcase name="testBug39698B" classname="org.eclipse.cdt.core.parser.tests.ast2.GCCCompleteParseExtensionsTest" time="0.001"/>
  <testcase name="testBug73954A" classname="org.eclipse.cdt.core.parser.tests.ast2.GCCCompleteParseExtensionsTest" time="0.003"/>
  <testcase name="testBug73954B" classname="org.eclipse.cdt.core.parser.tests.ast2.GCCCompleteParseExtensionsTest" time="0.002"/>
  <testcase name="test__int128" classname="org.eclipse.cdt.core.parser.tests.ast2.GCCCompleteParseExtensionsTest" time="0.002"/>
  <testcase name="test__builtinOffsetof_Bug265001" classname="org.eclipse.cdt.core.parser.tests.ast2.GCCCompleteParseExtensionsTest" time="0.005"/>
  <testcase name="testPredefinedSymbol_bug69791" classname="org.eclipse.cdt.core.parser.tests.ast2.GCCCompleteParseExtensionsTest" time="0.002"/>
  <testcase name="testTypeTraits_Bug342683" classname="org.eclipse.cdt.core.parser.tests.ast2.GCCCompleteParseExtensionsTest" time="0.003"/>
  <testcase name="testPragmaWithSpaces" classname="org.eclipse.cdt.core.parser.tests.ast2.DOMPreprocessorInformationTest" time="0.001"/>
  <testcase name="testIfWithSpaces" classname="org.eclipse.cdt.core.parser.tests.ast2.DOMPreprocessorInformationTest" time="0"/>
  <testcase name="testError" classname="org.eclipse.cdt.core.parser.tests.ast2.DOMPreprocessorInformationTest" time="0.001"/>
  <testcase name="testIfDef" classname="org.eclipse.cdt.core.parser.tests.ast2.DOMPreprocessorInformationTest" time="0.001"/>
  <testcase name="testElIf" classname="org.eclipse.cdt.core.parser.tests.ast2.DOMPreprocessorInformationTest" time="0"/>
  <testcase name="testIf" classname="org.eclipse.cdt.core.parser.tests.ast2.DOMPreprocessorInformationTest" time="0"/>
  <testcase name="testErrorWithSpaces" classname="org.eclipse.cdt.core.parser.tests.ast2.DOMPreprocessorInformationTest" time="0"/>
  <testcase name="testIfnDefWithSpaces" classname="org.eclipse.cdt.core.parser.tests.ast2.DOMPreprocessorInformationTest" time="0"/>
  <testcase name="testMacroExpansion" classname="org.eclipse.cdt.core.parser.tests.ast2.DOMPreprocessorInformationTest" time="0.001"/>
  <testcase name="testElIfWithSpaces" classname="org.eclipse.cdt.core.parser.tests.ast2.DOMPreprocessorInformationTest" time="0"/>
  <testcase name="testElifWithoutCondition_bug185324" classname="org.eclipse.cdt.core.parser.tests.ast2.DOMPreprocessorInformationTest" time="0.001"/>
  <testcase name="testIfnDef" classname="org.eclipse.cdt.core.parser.tests.ast2.DOMPreprocessorInformationTest" time="0.001"/>
  <testcase name="testPragma" classname="org.eclipse.cdt.core.parser.tests.ast2.DOMPreprocessorInformationTest" time="0"/>
  <testcase name="testIfDefWithSpaces" classname="org.eclipse.cdt.core.parser.tests.ast2.DOMPreprocessorInformationTest" time="0"/>
  <testcase name="testCountCommentsInHeaderFile" classname="org.eclipse.cdt.core.parser.tests.ast2.CommentTests" time="0.001"/>
  <testcase name="testCommentsInHeaderFile" classname="org.eclipse.cdt.core.parser.tests.ast2.CommentTests" time="0.004"/>
  <testcase name="testCountCommentsInCFile" classname="org.eclipse.cdt.core.parser.tests.ast2.CommentTests" time="0.002"/>
  <testcase name="testCommentsInCPPFile" classname="org.eclipse.cdt.core.parser.tests.ast2.CommentTests" time="0.008"/>
  <testcase name="testCommentsInCFile" classname="org.eclipse.cdt.core.parser.tests.ast2.CommentTests" time="0.001"/>
  <testcase name="testCommentInDirectives_bug192546" classname="org.eclipse.cdt.core.parser.tests.ast2.CommentTests" time="0.003"/>
  <testcase name="testCountCommentsInCPPFile" classname="org.eclipse.cdt.core.parser.tests.ast2.CommentTests" time="0.003"/>
  <testcase name="testCommentLocation_bug186337" classname="org.eclipse.cdt.core.parser.tests.ast2.CommentTests" time="0.001"/>
  <testcase name="testCommentsInInactiveCode_bug183930" classname="org.eclipse.cdt.core.parser.tests.ast2.CommentTests" time="0"/>
  <testcase name="testTaskParser" classname="org.eclipse.cdt.core.parser.tests.ast2.TaskParserTest" time="0.005"/>
  <testcase name="testCamelCaseCompletion_CPPScope" classname="org.eclipse.cdt.core.parser.tests.prefix.BasicCompletionTest" time="0.024"/>
  <testcase name="testBug279931a" classname="org.eclipse.cdt.core.parser.tests.prefix.BasicCompletionTest" time="0.004"/>
  <testcase name="testCompletionInParamlistOfCtor_338949" classname="org.eclipse.cdt.core.parser.tests.prefix.BasicCompletionTest" time="0.004"/>
  <testcase name="testCompletionInSizeof340664" classname="org.eclipse.cdt.core.parser.tests.prefix.BasicCompletionTest" time="0.004"/>
  <testcase name="testCompletionInDesignatedInitializor_353281a" classname="org.eclipse.cdt.core.parser.tests.prefix.BasicCompletionTest" time="0.002"/>
  <testcase name="testCompletionInDesignatedInitializor_353281b" classname="org.eclipse.cdt.core.parser.tests.prefix.BasicCompletionTest" time="0.002"/>
  <testcase name="testVar" classname="org.eclipse.cdt.core.parser.tests.prefix.BasicCompletionTest" time="0.002"/>
  <testcase name="testTypedef" classname="org.eclipse.cdt.core.parser.tests.prefix.BasicCompletionTest" time="0.002"/>
  <testcase name="testCompletionInCtorOfVariable_223660" classname="org.eclipse.cdt.core.parser.tests.prefix.BasicCompletionTest" time="0.001"/>
  <testcase name="testCamelCaseCompletion_CVisitor" classname="org.eclipse.cdt.core.parser.tests.prefix.BasicCompletionTest" time="0.002"/>
  <testcase name="testCamelCaseCompletion_CScope" classname="org.eclipse.cdt.core.parser.tests.prefix.BasicCompletionTest" time="0.002"/>
  <testcase name="testBug181624" classname="org.eclipse.cdt.core.parser.tests.prefix.BasicCompletionTest" time="0.003"/>
  <testcase name="testBug267911" classname="org.eclipse.cdt.core.parser.tests.prefix.BasicCompletionTest" time="0.008"/>
  <testcase name="testBug279931" classname="org.eclipse.cdt.core.parser.tests.prefix.BasicCompletionTest" time="0.004"/>
  <testcase name="testBug280934" classname="org.eclipse.cdt.core.parser.tests.prefix.BasicCompletionTest" time="0.002"/>
  <testcase name="testBug284245" classname="org.eclipse.cdt.core.parser.tests.prefix.BasicCompletionTest" time="0.003"/>
  <testcase name="testQualifiedMemberAccess_Bug300139" classname="org.eclipse.cdt.core.parser.tests.prefix.BasicCompletionTest" time="0.002"/>
  <testcase name="testNewExpressions_Bug313982a" classname="org.eclipse.cdt.core.parser.tests.prefix.BasicCompletionTest" time="0.009"/>
  <testcase name="testNewExpressions_Bug313982b" classname="org.eclipse.cdt.core.parser.tests.prefix.BasicCompletionTest" time="0.002"/>
  <testcase name="testNewExpressions_Bug313982c" classname="org.eclipse.cdt.core.parser.tests.prefix.BasicCompletionTest" time="0.003"/>
  <testcase name="testCamelCaseCompletion_CPPASTQualifiedName_CPPClassScope" classname="org.eclipse.cdt.core.parser.tests.prefix.BasicCompletionTest" time="0.002"/>
  <testcase name="testCompletionInCtorOfMemberInitializer_327064" classname="org.eclipse.cdt.core.parser.tests.prefix.BasicCompletionTest" time="0.004"/>
  <testcase name="testCompletionInCtorOfMemberInitializer_351009" classname="org.eclipse.cdt.core.parser.tests.prefix.BasicCompletionTest" time="0.002"/>
  <testcase name="testIncompleteKnrFunction_Bug324384" classname="org.eclipse.cdt.core.parser.tests.prefix.BasicCompletionTest" time="0.001"/>
  <testcase name="testCastExpression_Bug301933" classname="org.eclipse.cdt.core.parser.tests.prefix.BasicCompletionTest" time="0.002"/>
  <testcase name="testConditionalOperator_Bug308611" classname="org.eclipse.cdt.core.parser.tests.prefix.BasicCompletionTest" time="0.002"/>
  <testcase name="testIncompleteKnrFunction_Bug324384b" classname="org.eclipse.cdt.core.parser.tests.prefix.BasicCompletionTest" time="0.002"/>
  <testcase name="testFunction" classname="org.eclipse.cdt.core.parser.tests.prefix.BasicCompletionTest" time="0.013"/>
  <testcase name="testProperFail" classname="org.eclipse.cdt.core.parser.tests.ast2.CharArrayMapTest" time="0.001"/>
  <testcase name="testBasicUsage1" classname="org.eclipse.cdt.core.parser.tests.ast2.CharArrayMapTest" time="0"/>
  <testcase name="testBasicUsage2" classname="org.eclipse.cdt.core.parser.tests.ast2.CharArrayMapTest" time="0.011"/>
  <testcase name="testOrderedMap" classname="org.eclipse.cdt.core.parser.tests.ast2.CharArrayMapTest" time="0"/>
  <testcase name="testCompositeTypeWithDtorWithoutSemi" classname="org.eclipse.cdt.core.parser.tests.ast2.FaultToleranceTests" time="0.01"/>
  <testcase name="testPerformanceIssue_364108" classname="org.eclipse.cdt.core.parser.tests.ast2.FaultToleranceTests" time="0.016"/>
  <testcase name="testEnumError_Bug72685" classname="org.eclipse.cdt.core.parser.tests.ast2.FaultToleranceTests" time="0.002"/>
  <testcase name="testUndefinedMacrosInFunctionDeclarations_Bug234085" classname="org.eclipse.cdt.core.parser.tests.ast2.FaultToleranceTests" time="0.002"/>
  <testcase name="testIncompleteNamespace" classname="org.eclipse.cdt.core.parser.tests.ast2.FaultToleranceTests" time="0.001"/>
  <testcase name="testEnumProblem" classname="org.eclipse.cdt.core.parser.tests.ast2.FaultToleranceTests" time="0.002"/>
  <testcase name="testIncompleteFunctionDefinition" classname="org.eclipse.cdt.core.parser.tests.ast2.FaultToleranceTests" time="0.001"/>
  <testcase name="testProblemInIfExpression_Bug100321" classname="org.eclipse.cdt.core.parser.tests.ast2.FaultToleranceTests" time="0.008"/>
  <testcase name="testCompositeTypeWithoutSemi" classname="org.eclipse.cdt.core.parser.tests.ast2.FaultToleranceTests" time="0.002"/>
  <testcase name="testIncompleteLinkageSpec" classname="org.eclipse.cdt.core.parser.tests.ast2.FaultToleranceTests" time="0.001"/>
  <testcase name="testPrototypeWithoutSemi" classname="org.eclipse.cdt.core.parser.tests.ast2.FaultToleranceTests" time="0.001"/>
  <testcase name="testExpressionWithoutSemi_314593" classname="org.eclipse.cdt.core.parser.tests.ast2.FaultToleranceTests" time="0.003"/>
  <testcase name="testErrorRecovery_273759" classname="org.eclipse.cdt.core.parser.tests.ast2.FaultToleranceTests" time="0.002"/>
  <testcase name="testVariableWithoutSemi" classname="org.eclipse.cdt.core.parser.tests.ast2.FaultToleranceTests" time="0.001"/>
  <testcase name="testIncompleteCompositeType" classname="org.eclipse.cdt.core.parser.tests.ast2.FaultToleranceTests" time="0.001"/>
  <testcase name="testRangeOfProblemNode_Bug238151" classname="org.eclipse.cdt.core.parser.tests.ast2.FaultToleranceTests" time="0.002"/>
  <testcase name="testPOP_marshallingData" classname="org.eclipse.cdt.core.parser.tests.ast2.LanguageExtensionsTest" time="0.007"/>
  <testcase name="testSlashPercentComment" classname="org.eclipse.cdt.core.parser.tests.ast2.LanguageExtensionsTest" time="0.046"/>
  <testcase name="testSizeofExtension" classname="org.eclipse.cdt.core.parser.tests.ast2.LanguageExtensionsTest" time="0.005"/>
  <testcase name="testFunctionStyleAssembler" classname="org.eclipse.cdt.core.parser.tests.ast2.LanguageExtensionsTest" time="0.002"/>
  <testcase name="testPOP_parclass" classname="org.eclipse.cdt.core.parser.tests.ast2.LanguageExtensionsTest" time="0.001"/>
  <testcase name="testPOP_objectDescriptor" classname="org.eclipse.cdt.core.parser.tests.ast2.LanguageExtensionsTest" time="0.002"/>
  <testcase name="testPOP_packDirective" classname="org.eclipse.cdt.core.parser.tests.ast2.LanguageExtensionsTest" time="0.002"/>
  <testcase name="testAmbiguity" classname="org.eclipse.cdt.core.parser.tests.ast2.ASTInactiveCodeTests" time="0.012"/>
  <testcase name="testExternC" classname="org.eclipse.cdt.core.parser.tests.ast2.ASTInactiveCodeTests" time="0.011"/>
  <testcase name="testOpenBraceInInactiveBranch" classname="org.eclipse.cdt.core.parser.tests.ast2.ASTInactiveCodeTests" time="0.004"/>
  <testcase name="testUnexpectedBranchesInInactiveCode" classname="org.eclipse.cdt.core.parser.tests.ast2.ASTInactiveCodeTests" time="0.003"/>
  <testcase name="testIfdefBranches" classname="org.eclipse.cdt.core.parser.tests.ast2.ASTInactiveCodeTests" time="0.015"/>
  <testcase name="testIfBranches" classname="org.eclipse.cdt.core.parser.tests.ast2.ASTInactiveCodeTests" time="0.012"/>
  <testcase name="testDuplicateDefinition" classname="org.eclipse.cdt.core.parser.tests.ast2.ASTInactiveCodeTests" time="0.007"/>
  <testcase name="testIfndefBranches" classname="org.eclipse.cdt.core.parser.tests.ast2.ASTInactiveCodeTests" time="0.019"/>
  <testcase name="testInactiveClosingBrace" classname="org.eclipse.cdt.core.parser.tests.ast2.ASTInactiveCodeTests" time="0.004"/>
  <testcase name="testNamespace" classname="org.eclipse.cdt.core.parser.tests.ast2.ASTInactiveCodeTests" time="0.014"/>
  <testcase name="testStructs" classname="org.eclipse.cdt.core.parser.tests.ast2.ASTInactiveCodeTests" time="0.018"/>
  <testcase name="testOpenBraceInActiveBranch" classname="org.eclipse.cdt.core.parser.tests.ast2.ASTInactiveCodeTests" time="0.003"/>
  <testcase name="testFriends" classname="org.eclipse.cdt.core.parser.tests.ast2.AccessControlTests" time="0.01"/>
  <testcase name="testPublicTypedefForFriendClass_427730" classname="org.eclipse.cdt.core.parser.tests.ast2.AccessControlTests" time="0.003"/>
  <testcase name="testHiddenMember" classname="org.eclipse.cdt.core.parser.tests.ast2.AccessControlTests" time="0.003"/>
  <testcase name="testEnclosingAsNamingClass_292232" classname="org.eclipse.cdt.core.parser.tests.ast2.AccessControlTests" time="0.003"/>
  <testcase name="testPublicTypedefForPrivateMemberClass_427730" classname="org.eclipse.cdt.core.parser.tests.ast2.AccessControlTests" time="0.003"/>
  <testcase name="testPrivateTypedef_427730" classname="org.eclipse.cdt.core.parser.tests.ast2.AccessControlTests" time="0.003"/>
  <testcase name="testAccessibilityForAliasedTypeInSameClass_427730" classname="org.eclipse.cdt.core.parser.tests.ast2.AccessControlTests" time="0.002"/>
  <testcase name="testEnclosingAsNamingClass_292232a" classname="org.eclipse.cdt.core.parser.tests.ast2.AccessControlTests" time="0.005"/>
  <testcase name="testMethodCall" classname="org.eclipse.cdt.core.parser.tests.ast2.VariableReadWriteFlagsTest" time="0.004"/>
  <testcase name="testSimpleAccess" classname="org.eclipse.cdt.core.parser.tests.ast2.VariableReadWriteFlagsTest" time="0.002"/>
  <testcase name="testFieldAccess" classname="org.eclipse.cdt.core.parser.tests.ast2.VariableReadWriteFlagsTest" time="0.002"/>
  <testcase name="testVariadicFunctionCall_452416" classname="org.eclipse.cdt.core.parser.tests.ast2.VariableReadWriteFlagsTest" time="0.003"/>
  <testcase name="testFunctionCall" classname="org.eclipse.cdt.core.parser.tests.ast2.VariableReadWriteFlagsTest" time="0.006"/>
  <testcase name="testConstructorCall_393068" classname="org.eclipse.cdt.core.parser.tests.ast2.VariableReadWriteFlagsTest" time="0.005"/>
  <testcase name="testVariableDeclaration" classname="org.eclipse.cdt.core.parser.tests.ast2.VariableReadWriteFlagsTest" time="0.007"/>
  <testcase name="testAttributeWithKeywordArgument" classname="org.eclipse.cdt.core.parser.tests.ast2.AST2CPPAttributeTests" time="0.008"/>
  <testcase name="testAttributedForRangeDeclaration" classname="org.eclipse.cdt.core.parser.tests.ast2.AST2CPPAttributeTests" time="0.002"/>
  <testcase name="testAttributedDeclarator" classname="org.eclipse.cdt.core.parser.tests.ast2.AST2CPPAttributeTests" time="0.001"/>
  <testcase name="testMultipleAttributes" classname="org.eclipse.cdt.core.parser.tests.ast2.AST2CPPAttributeTests" time="0.002"/>
  <testcase name="testDeletedCtor" classname="org.eclipse.cdt.core.parser.tests.ast2.AST2CPPAttributeTests" time="0.001"/>
  <testcase name="testAttributedUsingDirective" classname="org.eclipse.cdt.core.parser.tests.ast2.AST2CPPAttributeTests" time="0.002"/>
  <testcase name="testAttributedLambda" classname="org.eclipse.cdt.core.parser.tests.ast2.AST2CPPAttributeTests" time="0.002"/>
  <testcase name="testGCCAttributedStruct" classname="org.eclipse.cdt.core.parser.tests.ast2.AST2CPPAttributeTests" time="0.002"/>
  <testcase name="testAttributedSimpleDeclarationInStatement" classname="org.eclipse.cdt.core.parser.tests.ast2.AST2CPPAttributeTests" time="0.001"/>
  <testcase name="testAttributedElaboratedTypeSpecifier" classname="org.eclipse.cdt.core.parser.tests.ast2.AST2CPPAttributeTests" time="0.002"/>
  <testcase name="testGCCAttributeAfterOverride_bug413615" classname="org.eclipse.cdt.core.parser.tests.ast2.AST2CPPAttributeTests" time="0.002"/>
  <testcase name="testAttributedRvalueRefOperator" classname="org.eclipse.cdt.core.parser.tests.ast2.AST2CPPAttributeTests" time="0.001"/>
  <testcase name="testAttributedSelectionStatement" classname="org.eclipse.cdt.core.parser.tests.ast2.AST2CPPAttributeTests" time="0.001"/>
  <testcase name="testAttributedMultidimensionalNewArrayExpression" classname="org.eclipse.cdt.core.parser.tests.ast2.AST2CPPAttributeTests" time="0.002"/>
  <testcase name="testAttributedTryBlockStatement" classname="org.eclipse.cdt.core.parser.tests.ast2.AST2CPPAttributeTests" time="0.001"/>
  <testcase name="testAttributedTypeSpecifier" classname="org.eclipse.cdt.core.parser.tests.ast2.AST2CPPAttributeTests" time="0.002"/>
  <testcase name="testDefaultedDtor" classname="org.eclipse.cdt.core.parser.tests.ast2.AST2CPPAttributeTests" time="0.002"/>
  <testcase name="testAttributedCompoundStatement" classname="org.eclipse.cdt.core.parser.tests.ast2.AST2CPPAttributeTests" time="0.001"/>
  <testcase name="testAttributedSimpleDeclaration" classname="org.eclipse.cdt.core.parser.tests.ast2.AST2CPPAttributeTests" time="0.001"/>
  <testcase name="testAttributedFunctionDeclaration" classname="org.eclipse.cdt.core.parser.tests.ast2.AST2CPPAttributeTests" time="0.001"/>
  <testcase name="testAttributedClass" classname="org.eclipse.cdt.core.parser.tests.ast2.AST2CPPAttributeTests" time="0.001"/>
  <testcase name="testAttributedArrayDeclarator" classname="org.eclipse.cdt.core.parser.tests.ast2.AST2CPPAttributeTests" time="0.001"/>
  <testcase name="testAttributedExpressionStatement" classname="org.eclipse.cdt.core.parser.tests.ast2.AST2CPPAttributeTests" time="0.002"/>
  <testcase name="testAttributedEnumDeclaration" classname="org.eclipse.cdt.core.parser.tests.ast2.AST2CPPAttributeTests" time="0.001"/>
  <testcase name="testAttributeWithBalancedArgument" classname="org.eclipse.cdt.core.parser.tests.ast2.AST2CPPAttributeTests" time="0.002"/>
  <testcase name="testAttributedNewArrayExpression" classname="org.eclipse.cdt.core.parser.tests.ast2.AST2CPPAttributeTests" time="0.002"/>
  <testcase name="testAttributedJumpStatement" classname="org.eclipse.cdt.core.parser.tests.ast2.AST2CPPAttributeTests" time="0.001"/>
  <testcase name="testLeadingNoreturnFunctionDefinition" classname="org.eclipse.cdt.core.parser.tests.ast2.AST2CPPAttributeTests" time="0.002"/>
  <testcase name="testAttributedAliasDeclaration" classname="org.eclipse.cdt.core.parser.tests.ast2.AST2CPPAttributeTests" time="0.002"/>
  <testcase name="testPackExpansionAttribute" classname="org.eclipse.cdt.core.parser.tests.ast2.AST2CPPAttributeTests" time="0.001"/>
  <testcase name="testAttributedExceptionDeclaration" classname="org.eclipse.cdt.core.parser.tests.ast2.AST2CPPAttributeTests" time="0.003"/>
  <testcase name="testAttributedSwitchLabels" classname="org.eclipse.cdt.core.parser.tests.ast2.AST2CPPAttributeTests" time="0.002"/>
  <testcase name="testScopedAttribute" classname="org.eclipse.cdt.core.parser.tests.ast2.AST2CPPAttributeTests" time="0.002"/>
  <testcase name="testMultipleSequentialAttributeSpecifiers" classname="org.eclipse.cdt.core.parser.tests.ast2.AST2CPPAttributeTests" time="0.002"/>
  <testcase name="testEmptyAttributeSpecifier" classname="org.eclipse.cdt.core.parser.tests.ast2.AST2CPPAttributeTests" time="0.001"/>
  <testcase name="testAttributedPtrOperators" classname="org.eclipse.cdt.core.parser.tests.ast2.AST2CPPAttributeTests" time="0.002"/>
  <testcase name="testTrailingNoreturnFunctionDefinition" classname="org.eclipse.cdt.core.parser.tests.ast2.AST2CPPAttributeTests" time="0.001"/>
  <testcase name="testAttributedConditionWithInitializer" classname="org.eclipse.cdt.core.parser.tests.ast2.AST2CPPAttributeTests" time="0.001"/>
  <testcase name="testAttributedDeclSpecifier" classname="org.eclipse.cdt.core.parser.tests.ast2.AST2CPPAttributeTests" time="0.002"/>
  <testcase name="testLeadingNoReturnFunctionDeclaration" classname="org.eclipse.cdt.core.parser.tests.ast2.AST2CPPAttributeTests" time="0.001"/>
  <testcase name="testAttributeInLabeledStatement" classname="org.eclipse.cdt.core.parser.tests.ast2.AST2CPPAttributeTests" time="0.002"/>
  <testcase name="testAttributedIterationStatement" classname="org.eclipse.cdt.core.parser.tests.ast2.AST2CPPAttributeTests" time="0.002"/>
  <testcase name="testGCCAttributedVariableDeclarator_bug391572" classname="org.eclipse.cdt.core.parser.tests.ast2.AST2CPPAttributeTests" time="0.004"/>
  <testcase name="testTrailingNoReturnFunctionDeclaration" classname="org.eclipse.cdt.core.parser.tests.ast2.AST2CPPAttributeTests" time="0.001"/>
  <testcase name="testAttributedFunctionDefinition" classname="org.eclipse.cdt.core.parser.tests.ast2.AST2CPPAttributeTests" time="0.002"/>
  <testcase name="testAttributeWithEmptyArgument" classname="org.eclipse.cdt.core.parser.tests.ast2.AST2CPPAttributeTests" time="0.001"/>
  <testcase name="testAttributedRefOperator" classname="org.eclipse.cdt.core.parser.tests.ast2.AST2CPPAttributeTests" time="0.001"/>
  <testcase name="testFieldTemplateInstantiation" classname="org.eclipse.cdt.core.parser.tests.ast2.cxx14.VariableTemplateTests" time="0.009"/>
  <testcase name="testVariableTemplateInstantiation" classname="org.eclipse.cdt.core.parser.tests.ast2.cxx14.VariableTemplateTests" time="0.005"/>
  <testcase name="testVariableTemplateWithTemplateTemplateParameter" classname="org.eclipse.cdt.core.parser.tests.ast2.cxx14.VariableTemplateTests" time="0.006"/>
  <testcase name="test_bug494216" classname="org.eclipse.cdt.core.parser.tests.ast2.cxx14.VariableTemplateTests" time="0.028"/>
  <testcase name="testLambdaValue_517670" classname="org.eclipse.cdt.core.parser.tests.ast2.cxx14.VariableTemplateTests" time="0.008"/>
  <testcase name="testFieldTemplateUse" classname="org.eclipse.cdt.core.parser.tests.ast2.cxx14.VariableTemplateTests" time="0.009"/>
  <testcase name="testVariableTemplatePack" classname="org.eclipse.cdt.core.parser.tests.ast2.cxx14.VariableTemplateTests" time="0.004"/>
  <testcase name="testFieldTemplate" classname="org.eclipse.cdt.core.parser.tests.ast2.cxx14.VariableTemplateTests" time="0.003"/>
  <testcase name="testFieldTemplateSpecialization" classname="org.eclipse.cdt.core.parser.tests.ast2.cxx14.VariableTemplateTests" time="0.006"/>
  <testcase name="testStackOverflow_513429" classname="org.eclipse.cdt.core.parser.tests.ast2.cxx14.VariableTemplateTests" time="0.008"/>
  <testcase name="testFieldTemplateDeclaration" classname="org.eclipse.cdt.core.parser.tests.ast2.cxx14.VariableTemplateTests" time="0.004"/>
  <testcase name="testVariableTemplateUse" classname="org.eclipse.cdt.core.parser.tests.ast2.cxx14.VariableTemplateTests" time="0.005"/>
  <testcase name="testFieldTemplatePartialSpecialization" classname="org.eclipse.cdt.core.parser.tests.ast2.cxx14.VariableTemplateTests" time="0.006"/>
  <testcase name="testVariableTemplateSpecialization" classname="org.eclipse.cdt.core.parser.tests.ast2.cxx14.VariableTemplateTests" time="0.003"/>
  <testcase name="testVariableTemplate" classname="org.eclipse.cdt.core.parser.tests.ast2.cxx14.VariableTemplateTests" time="0.003"/>
  <testcase name="testVariableTemplatePartialSpecialization" classname="org.eclipse.cdt.core.parser.tests.ast2.cxx14.VariableTemplateTests" time="0.005"/>
  <testcase name="testFieldTemplateInTemplate" classname="org.eclipse.cdt.core.parser.tests.ast2.cxx14.VariableTemplateTests" time="0.009"/>
  <testcase name="testVariableTemplateDeclaration" classname="org.eclipse.cdt.core.parser.tests.ast2.cxx14.VariableTemplateTests" time="0.003"/>
  <testcase name="testMultipleReturnsSameType" classname="org.eclipse.cdt.core.parser.tests.ast2.cxx14.ReturnTypeDeductionTests" time="0.021"/>
  <testcase name="testPartiallyRecursiveFunction" classname="org.eclipse.cdt.core.parser.tests.ast2.cxx14.ReturnTypeDeductionTests" time="0.003"/>
  <testcase name="testMultipleReturnsDifferentTypes" classname="org.eclipse.cdt.core.parser.tests.ast2.cxx14.ReturnTypeDeductionTests" time="0.002"/>
  <testcase name="testDecltypeAutoInTrailingReturnType" classname="org.eclipse.cdt.core.parser.tests.ast2.cxx14.ReturnTypeDeductionTests" time="0.012"/>
  <testcase name="testMultipleReturnsDifferingByConst" classname="org.eclipse.cdt.core.parser.tests.ast2.cxx14.ReturnTypeDeductionTests" time="0.002"/>
  <testcase name="testLambdaWithMultipleReturnsDifferingByConst" classname="org.eclipse.cdt.core.parser.tests.ast2.cxx14.ReturnTypeDeductionTests" time="0.003"/>
  <testcase name="testSingleReturn" classname="org.eclipse.cdt.core.parser.tests.ast2.cxx14.ReturnTypeDeductionTests" time="0.001"/>
  <testcase name="testFullyRecursiveFunction" classname="org.eclipse.cdt.core.parser.tests.ast2.cxx14.ReturnTypeDeductionTests" time="0.002"/>
  <testcase name="testVirtualAutoFunction" classname="org.eclipse.cdt.core.parser.tests.ast2.cxx14.ReturnTypeDeductionTests" time="0.005"/>
  <testcase name="testAutoRef" classname="org.eclipse.cdt.core.parser.tests.ast2.cxx14.ReturnTypeDeductionTests" time="0.012"/>
  <testcase name="testVoidFunction" classname="org.eclipse.cdt.core.parser.tests.ast2.cxx14.ReturnTypeDeductionTests" time="0.005"/>
  <testcase name="testDecltypeAuto" classname="org.eclipse.cdt.core.parser.tests.ast2.cxx14.ReturnTypeDeductionTests" time="0.004"/>
  <testcase name="testInitializerList" classname="org.eclipse.cdt.core.parser.tests.ast2.cxx14.ReturnTypeDeductionTests" time="0.001"/>
  <testcase name="testFunctionTemplate" classname="org.eclipse.cdt.core.parser.tests.ast2.cxx14.ReturnTypeDeductionTests" time="0.002"/>
  <testcase name="testAutoInTrailingReturnType" classname="org.eclipse.cdt.core.parser.tests.ast2.cxx14.ReturnTypeDeductionTests" time="0.024"/>
  <testcase name="testAddressOfFunction" classname="org.eclipse.cdt.core.parser.tests.ast2.cxx14.ReturnTypeDeductionTests" time="0.003"/>
  <testcase name="testUseAfterDefinition" classname="org.eclipse.cdt.core.parser.tests.ast2.cxx14.ReturnTypeDeductionTests" time="0.002"/>
  <testcase name="testRedeclaration" classname="org.eclipse.cdt.core.parser.tests.ast2.cxx14.ReturnTypeDeductionTests" time="0.001"/>
  <testcase name="testAutoInLambdaReturnType" classname="org.eclipse.cdt.core.parser.tests.ast2.cxx14.ReturnTypeDeductionTests" time="0.015"/>
  <testcase name="testOutOfLineMethod" classname="org.eclipse.cdt.core.parser.tests.ast2.cxx14.ReturnTypeDeductionTests" time="0.002"/>
  <testcase name="testDecltypeAutoWithDecoration" classname="org.eclipse.cdt.core.parser.tests.ast2.cxx14.ReturnTypeDeductionTests" time="0.01"/>
  <testcase name="testAutoPointer" classname="org.eclipse.cdt.core.parser.tests.ast2.cxx14.ReturnTypeDeductionTests" time="0.005"/>
  <testcase name="testUseWithoutDefinition" classname="org.eclipse.cdt.core.parser.tests.ast2.cxx14.ReturnTypeDeductionTests" time="0.002"/>
  <testcase name="testBasicCall" classname="org.eclipse.cdt.core.parser.tests.ast2.cxx14.GenericLambdaTests" time="0.007"/>
  <testcase name="testConversionToFunctionPointer" classname="org.eclipse.cdt.core.parser.tests.ast2.cxx14.GenericLambdaTests" time="0.007"/>
  <testcase name="testVariadicAutoParameter" classname="org.eclipse.cdt.core.parser.tests.ast2.cxx14.GenericLambdaTests" time="0.007"/>
  <testcase name="testNestedGenericLambdas" classname="org.eclipse.cdt.core.parser.tests.ast2.cxx14.GenericLambdaTests" time="0.009"/>
  <testcase name="testBug43021" classname="org.eclipse.cdt.core.parser.tests.ast2.DOMGCCSelectionParseExtensionsTest" time="0.003"/>
  <testcase name="testDescriptorCreation" classname="org.eclipse.cdt.core.cdescriptor.tests.CDescriptorOldTests" time="0.032"/>
  <testcase name="testDescriptorOwner" classname="org.eclipse.cdt.core.cdescriptor.tests.CDescriptorOldTests" time="0"/>
  <testcase name="testExtensionCreation" classname="org.eclipse.cdt.core.cdescriptor.tests.CDescriptorOldTests" time="0.003"/>
  <testcase name="testExtensionGet" classname="org.eclipse.cdt.core.cdescriptor.tests.CDescriptorOldTests" time="0"/>
  <testcase name="testExtensionData" classname="org.eclipse.cdt.core.cdescriptor.tests.CDescriptorOldTests" time="0.003"/>
  <testcase name="testExtensionRemove" classname="org.eclipse.cdt.core.cdescriptor.tests.CDescriptorOldTests" time="0.004"/>
  <testcase name="testProjectDataCreate" classname="org.eclipse.cdt.core.cdescriptor.tests.CDescriptorOldTests" time="0.044"/>
  <testcase name="testProjectDataDelete" classname="org.eclipse.cdt.core.cdescriptor.tests.CDescriptorOldTests" time="0.004"/>
  <testcase name="testConcurrentDescriptorCreation" classname="org.eclipse.cdt.core.cdescriptor.tests.CDescriptorOldTests" time="0.012"/>
  <testcase name="testConcurrentDescriptorCreation2" classname="org.eclipse.cdt.core.cdescriptor.tests.CDescriptorOldTests" time="5.768"/>
  <testcase name="testDeadlockDuringProjectCreation" classname="org.eclipse.cdt.core.cdescriptor.tests.CDescriptorOldTests" time="0.441"/>
  <testcase name="testProjectStorageDelete" classname="org.eclipse.cdt.core.cdescriptor.tests.CDescriptorOldTests" time="0.029"/>
  <testcase name="testSimpleVar" classname="org.eclipse.cdt.core.envvar.IEnvironmentVariableManagerTests" time="0.079"/>
  <testcase name="testOldStyleLoad" classname="org.eclipse.cdt.core.envvar.IEnvironmentVariableManagerTests" time="0.38"/>
  <testcase name="testSettingsOverwrite" classname="org.eclipse.cdt.core.envvar.IEnvironmentVariableManagerTests" time="0.116"/>
  <testcase name="testSettingsOverwriteBug295436" classname="org.eclipse.cdt.core.envvar.IEnvironmentVariableManagerTests" time="0.038"/>
  <testcase name="testBug265282" classname="org.eclipse.cdt.core.envvar.IEnvironmentVariableManagerTests" time="0.04"/>
  <testcase name="testBug284843" classname="org.eclipse.cdt.core.envvar.IEnvironmentVariableManagerTests" time="0.318"/>
  <testcase name="testNoChangeToOneVariable" classname="org.eclipse.cdt.core.envvar.IEnvironmentVariableManagerTests" time="0.041"/>
  <testcase name="testEnvironmentChangeListener" classname="org.eclipse.cdt.core.envvar.IEnvironmentVariableManagerTests" time="0.027"/>
  <testcase name="testGetSetAppend" classname="org.eclipse.cdt.core.envvar.IEnvironmentVariableManagerTests" time="0.028"/>
  <testcase name="testNewStyleOverwrite" classname="org.eclipse.cdt.core.envvar.IEnvironmentVariableManagerTests" time="0.035"/>
  <testcase name="testOldStyleLoadConflictingSchedulingRule" classname="org.eclipse.cdt.core.envvar.IEnvironmentVariableManagerTests" time="0.062"/>
  <testcase name="testBrokenCaching" classname="org.eclipse.cdt.core.envvar.IEnvironmentVariableManagerTests" time="0.032"/>
  <testcase name="testGccErrorMessages_C90Comments_bug193982" classname="org.eclipse.cdt.core.internal.errorparsers.tests.GCCErrorParserTests" time="0.127"/>
  <testcase name="testGccErrorMessages_DangerousFunction_bug248669" classname="org.eclipse.cdt.core.internal.errorparsers.tests.GCCErrorParserTests" time="0.005"/>
  <testcase name="testMultipleIncludesError" classname="org.eclipse.cdt.core.internal.errorparsers.tests.GCCErrorParserTests" time="0.005"/>
  <testcase name="testBasicMessages" classname="org.eclipse.cdt.core.internal.errorparsers.tests.GCCErrorParserTests" time="0.005"/>
  <testcase name="testGccErrorMessages_InstantiatedFromHere" classname="org.eclipse.cdt.core.internal.errorparsers.tests.GCCErrorParserTests" time="0.006"/>
  <testcase name="testGccErrorMessages_RequiredFromHere" classname="org.eclipse.cdt.core.internal.errorparsers.tests.GCCErrorParserTests" time="0.006"/>
  <testcase name="testGccErrorMessages_ConflictingTypes" classname="org.eclipse.cdt.core.internal.errorparsers.tests.GCCErrorParserTests" time="0.006"/>
  <testcase name="testGccErrorMessages_Infos" classname="org.eclipse.cdt.core.internal.errorparsers.tests.GCCErrorParserTests" time="0.006"/>
  <testcase name="testGccErrorMessages_Colon_bug263987" classname="org.eclipse.cdt.core.internal.errorparsers.tests.GCCErrorParserTests" time="0.005"/>
  <testcase name="testLinkerMessages0" classname="org.eclipse.cdt.core.internal.errorparsers.tests.GLDErrorParserTests" time="0.005"/>
  <testcase name="testLinkerMessages1" classname="org.eclipse.cdt.core.internal.errorparsers.tests.GLDErrorParserTests" time="0.005"/>
  <testcase name="testLinkerMessages2" classname="org.eclipse.cdt.core.internal.errorparsers.tests.GLDErrorParserTests" time="0.007"/>
  <testcase name="testLinkerMessages_DangerousFunction_bug248669" classname="org.eclipse.cdt.core.internal.errorparsers.tests.GLDErrorParserTests" time="0.009"/>
  <testcase name="testLinkerMessages_PrecedingPath_bug314253" classname="org.eclipse.cdt.core.internal.errorparsers.tests.GLDErrorParserTests" time="0.008"/>
  <testcase name="testGmakeMessages0" classname="org.eclipse.cdt.core.internal.errorparsers.tests.MakeErrorParserTests" time="0.01"/>
  <testcase name="testGmakeMessages2" classname="org.eclipse.cdt.core.internal.errorparsers.tests.MakeErrorParserTests" time="0.006"/>
  <testcase name="testGmakeSanity" classname="org.eclipse.cdt.core.internal.errorparsers.tests.MakeErrorParserTests" time="0.011"/>
  <testcase name="testGMakeMessages1" classname="org.eclipse.cdt.core.internal.errorparsers.tests.MakeErrorParserTests" time="0.007"/>
  <testcase name="testErrorsInFiles output-1" classname="org.eclipse.cdt.core.internal.errorparsers.tests.FileBasedErrorParserTests" time="0.051"/>
  <testcase name="testLongLinesParser" classname="org.eclipse.cdt.core.internal.errorparsers.tests.ErrorParserManagerTest" time="0.047"/>
  <testcase name="testParsersSanity" classname="org.eclipse.cdt.core.internal.errorparsers.tests.ErrorParserManagerTest" time="0.002"/>
  <testcase name="testLongLinesUntrimmedParser" classname="org.eclipse.cdt.core.internal.errorparsers.tests.ErrorParserManagerTest" time="0.003"/>
  <testcase name="testNoTrimParser" classname="org.eclipse.cdt.core.internal.errorparsers.tests.ErrorParserManagerTest" time="0.003"/>
  <testcase name="testParsersSanityTrimmed" classname="org.eclipse.cdt.core.internal.errorparsers.tests.ErrorParserManagerTest" time="0.002"/>
  <testcase name="testOutput" classname="org.eclipse.cdt.core.internal.errorparsers.tests.ErrorParserManagerTest" time="0.169"/>
  <testcase name="testWorkspaceLevelError" classname="org.eclipse.cdt.core.internal.errorparsers.tests.ErrorParserManagerTest" time="0.005"/>
  <testcase name="testInNestedProject" classname="org.eclipse.cdt.core.internal.errorparsers.tests.ErrorParserFileMatchingTest" time="0.689"/>
  <testcase name="testRelativePathDotDuplicate" classname="org.eclipse.cdt.core.internal.errorparsers.tests.ErrorParserFileMatchingTest" time="0.319"/>
  <testcase name="testDisablePushDirectoryOnParallelBuild_Jobs1" classname="org.eclipse.cdt.core.internal.errorparsers.tests.ErrorParserFileMatchingTest" time="0.315"/>
  <testcase name="testDisablePushDirectoryOnParallelBuild_gmake" classname="org.eclipse.cdt.core.internal.errorparsers.tests.ErrorParserFileMatchingTest" time="0.312"/>
  <testcase name="testPushPop_WithNoLevel" classname="org.eclipse.cdt.core.internal.errorparsers.tests.ErrorParserFileMatchingTest" time="0.311"/>
  <testcase name="testAbsolutePathInOtherProject" classname="org.eclipse.cdt.core.internal.errorparsers.tests.ErrorParserFileMatchingTest" time="0.434"/>
  <testcase name="testDisablePushDirectoryOnParallelBuild_Jobs" classname="org.eclipse.cdt.core.internal.errorparsers.tests.ErrorParserFileMatchingTest" time="0.309"/>
  <testcase name="testDisablePushDirectoryOnParallelBuild_J_1" classname="org.eclipse.cdt.core.internal.errorparsers.tests.ErrorParserFileMatchingTest" time="0.31"/>
  <testcase name="testDisablePushDirectoryOnParallelBuild_J_2" classname="org.eclipse.cdt.core.internal.errorparsers.tests.ErrorParserFileMatchingTest" time="0.308"/>
  <testcase name="testWindowsPathOnLinux_Bug263977" classname="org.eclipse.cdt.core.internal.errorparsers.tests.ErrorParserFileMatchingTest" time="0.319"/>
  <testcase name="testBuildDirVsProjectRoot" classname="org.eclipse.cdt.core.internal.errorparsers.tests.ErrorParserFileMatchingTest" time="0.212"/>
  <testcase name="testDuplicateInLinkedFolder" classname="org.eclipse.cdt.core.internal.errorparsers.tests.ErrorParserFileMatchingTest" time="0.314"/>
  <testcase name="testPushDirectorySingleQuote" classname="org.eclipse.cdt.core.internal.errorparsers.tests.ErrorParserFileMatchingTest" time="0.309"/>
  <testcase name="testCygwinUsrUnclude" classname="org.eclipse.cdt.core.internal.errorparsers.tests.ErrorParserFileMatchingTest" time="0.318"/>
  <testcase name="testUppercase2InSubFolder" classname="org.eclipse.cdt.core.internal.errorparsers.tests.ErrorParserFileMatchingTest" time="0.31"/>
  <testcase name="testDuplicateLinkedFileDifferentName" classname="org.eclipse.cdt.core.internal.errorparsers.tests.ErrorParserFileMatchingTest" time="0.314"/>
  <testcase name="testPushDirectoryAndCache" classname="org.eclipse.cdt.core.internal.errorparsers.tests.ErrorParserFileMatchingTest" time="0.309"/>
  <testcase name="testPushDirectory" classname="org.eclipse.cdt.core.internal.errorparsers.tests.ErrorParserFileMatchingTest" time="0.31"/>
  <testcase name="testAbsoluteFileVsLink" classname="org.eclipse.cdt.core.internal.errorparsers.tests.ErrorParserFileMatchingTest" time="0.318"/>
  <testcase name="testRelativePathFromProjectRoot" classname="org.eclipse.cdt.core.internal.errorparsers.tests.ErrorParserFileMatchingTest" time="0.308"/>
  <testcase name="testMappedRemoteAbsolutePath_Bug264704" classname="org.eclipse.cdt.core.internal.errorparsers.tests.ErrorParserFileMatchingTest" time="0.312"/>
  <testcase name="testRelativePathDuplicate" classname="org.eclipse.cdt.core.internal.errorparsers.tests.ErrorParserFileMatchingTest" time="0.312"/>
  <testcase name="testRelativePathNotMatchingFolder" classname="org.eclipse.cdt.core.internal.errorparsers.tests.ErrorParserFileMatchingTest" time="0.211"/>
  <testcase name="testUppercase3ResolveCase" classname="org.eclipse.cdt.core.internal.errorparsers.tests.ErrorParserFileMatchingTest" time="0.218"/>
  <testcase name="testDuplicateLinkedFile" classname="org.eclipse.cdt.core.internal.errorparsers.tests.ErrorParserFileMatchingTest" time="0.313"/>
  <testcase name="testDisablePushDirectoryOnParallelBuild_J1" classname="org.eclipse.cdt.core.internal.errorparsers.tests.ErrorParserFileMatchingTest" time="0.31"/>
  <testcase name="testDisablePushDirectoryOnParallelBuild_J2" classname="org.eclipse.cdt.core.internal.errorparsers.tests.ErrorParserFileMatchingTest" time="0.309"/>
  <testcase name="testRelativePathDotNotMatchingFolder" classname="org.eclipse.cdt.core.internal.errorparsers.tests.ErrorParserFileMatchingTest" time="0.309"/>
  <testcase name="testBuildDir" classname="org.eclipse.cdt.core.internal.errorparsers.tests.ErrorParserFileMatchingTest" time="0.31"/>
  <testcase name="testRelativePathUp" classname="org.eclipse.cdt.core.internal.errorparsers.tests.ErrorParserFileMatchingTest" time="0.212"/>
  <testcase name="testLinkedFileWithDifferentName" classname="org.eclipse.cdt.core.internal.errorparsers.tests.ErrorParserFileMatchingTest" time="0.31"/>
  <testcase name="testCygwinCygdrive" classname="org.eclipse.cdt.core.internal.errorparsers.tests.ErrorParserFileMatchingTest" time="0.306"/>
  <testcase name="testSymbolicLink" classname="org.eclipse.cdt.core.internal.errorparsers.tests.ErrorParserFileMatchingTest" time="0.347"/>
  <testcase name="testInFolder" classname="org.eclipse.cdt.core.internal.errorparsers.tests.ErrorParserFileMatchingTest" time="0.31"/>
  <testcase name="testDuplicateFolderSymbolicLink" classname="org.eclipse.cdt.core.internal.errorparsers.tests.ErrorParserFileMatchingTest" time="0.336"/>
  <testcase name="testPushAbsoluteDirectory" classname="org.eclipse.cdt.core.internal.errorparsers.tests.ErrorParserFileMatchingTest" time="0.309"/>
  <testcase name="testRelativePathDotFromProjectRoot" classname="org.eclipse.cdt.core.internal.errorparsers.tests.ErrorParserFileMatchingTest" time="0.306"/>
  <testcase name="testDuplicateInRoot" classname="org.eclipse.cdt.core.internal.errorparsers.tests.ErrorParserFileMatchingTest" time="0.312"/>
  <testcase name="testLinkedFolderInAnotherProject" classname="org.eclipse.cdt.core.internal.errorparsers.tests.ErrorParserFileMatchingTest" time="0.617"/>
  <testcase name="testCygwinAnotherProject" classname="org.eclipse.cdt.core.internal.errorparsers.tests.ErrorParserFileMatchingTest" time="0.611"/>
  <testcase name="testAbsolutePathOutsideWorkspace" classname="org.eclipse.cdt.core.internal.errorparsers.tests.ErrorParserFileMatchingTest" time="0.206"/>
  <testcase name="testRelativePathUpDuplicate" classname="org.eclipse.cdt.core.internal.errorparsers.tests.ErrorParserFileMatchingTest" time="0.311"/>
  <testcase name="testLinkedFile" classname="org.eclipse.cdt.core.internal.errorparsers.tests.ErrorParserFileMatchingTest" time="0.308"/>
  <testcase name="testMissing" classname="org.eclipse.cdt.core.internal.errorparsers.tests.ErrorParserFileMatchingTest" time="0.304"/>
  <testcase name="testRelativePathUpOtherProject" classname="org.eclipse.cdt.core.internal.errorparsers.tests.ErrorParserFileMatchingTest" time="0.613"/>
  <testcase name="testRelativePathUpSubfolderBug262988" classname="org.eclipse.cdt.core.internal.errorparsers.tests.ErrorParserFileMatchingTest" time="0.311"/>
  <testcase name="testUppercase4Duplicate" classname="org.eclipse.cdt.core.internal.errorparsers.tests.ErrorParserFileMatchingTest" time="0.311"/>
  <testcase name="testFolderSymbolicLink" classname="org.eclipse.cdt.core.internal.errorparsers.tests.ErrorParserFileMatchingTest" time="0.311"/>
  <testcase name="testMappedRemoteAbsolutePathAnotherProject_Bug264704" classname="org.eclipse.cdt.core.internal.errorparsers.tests.ErrorParserFileMatchingTest" time="0.611"/>
  <testcase name="testDuplicateSymbolicLink" classname="org.eclipse.cdt.core.internal.errorparsers.tests.ErrorParserFileMatchingTest" time="0.314"/>
  <testcase name="testInLinkedFolder" classname="org.eclipse.cdt.core.internal.errorparsers.tests.ErrorParserFileMatchingTest" time="0.313"/>
  <testcase name="testPopDirectory" classname="org.eclipse.cdt.core.internal.errorparsers.tests.ErrorParserFileMatchingTest" time="0.314"/>
  <testcase name="testDisablePushDirectoryOnParallelBuild_J" classname="org.eclipse.cdt.core.internal.errorparsers.tests.ErrorParserFileMatchingTest" time="0.309"/>
  <testcase name="testRelativePathFromSubfolder" classname="org.eclipse.cdt.core.internal.errorparsers.tests.ErrorParserFileMatchingTest" time="0.31"/>
  <testcase name="testRelativePathDotFromSubfolder" classname="org.eclipse.cdt.core.internal.errorparsers.tests.ErrorParserFileMatchingTest" time="0.31"/>
  <testcase name="testCustomProjectLocation" classname="org.eclipse.cdt.core.internal.errorparsers.tests.ErrorParserFileMatchingTest" time="0.62"/>
  <testcase name="testCygwinAndMakeErrorParserBug270772" classname="org.eclipse.cdt.core.internal.errorparsers.tests.ErrorParserFileMatchingTest" time="0.306"/>
  <testcase name="testSingle" classname="org.eclipse.cdt.core.internal.errorparsers.tests.ErrorParserFileMatchingTest" time="0.308"/>
  <testcase name="testAbsolutePathSingle" classname="org.eclipse.cdt.core.internal.errorparsers.tests.ErrorParserFileMatchingTest" time="0.309"/>
  <testcase name="testDuplicate" classname="org.eclipse.cdt.core.internal.errorparsers.tests.ErrorParserFileMatchingTest" time="0.311"/>
  <testcase name="testUppercase1" classname="org.eclipse.cdt.core.internal.errorparsers.tests.ErrorParserFileMatchingTest" time="0.206"/>
  <testcase name="testEfsProjectBuildDirURI" classname="org.eclipse.cdt.core.internal.errorparsers.tests.ErrorParserEfsFileMatchingTest" time="0.683"/>
  <testcase name="testRelativePathFromProjectRoot" classname="org.eclipse.cdt.core.internal.errorparsers.tests.ErrorParserEfsFileMatchingTest" time="0.335"/>
  <testcase name="testRelativePathDuplicate" classname="org.eclipse.cdt.core.internal.errorparsers.tests.ErrorParserEfsFileMatchingTest" time="0.222"/>
  <testcase name="testRelativePathNotMatchingFolder" classname="org.eclipse.cdt.core.internal.errorparsers.tests.ErrorParserEfsFileMatchingTest" time="0.311"/>
  <testcase name="testBuildDir" classname="org.eclipse.cdt.core.internal.errorparsers.tests.ErrorParserEfsFileMatchingTest" time="0.315"/>
  <testcase name="testRelativePathUpSubfolder" classname="org.eclipse.cdt.core.internal.errorparsers.tests.ErrorParserEfsFileMatchingTest" time="0.312"/>
  <testcase name="testInFolder" classname="org.eclipse.cdt.core.internal.errorparsers.tests.ErrorParserEfsFileMatchingTest" time="0.31"/>
  <testcase name="testDuplicateInRoot" classname="org.eclipse.cdt.core.internal.errorparsers.tests.ErrorParserEfsFileMatchingTest" time="0.311"/>
  <testcase name="testEfsProject" classname="org.eclipse.cdt.core.internal.errorparsers.tests.ErrorParserEfsFileMatchingTest" time="0.619"/>
  <testcase name="testRelativePathFromSubfolder" classname="org.eclipse.cdt.core.internal.errorparsers.tests.ErrorParserEfsFileMatchingTest" time="0.213"/>
  <testcase name="testRelativePathDotFromSubfolder" classname="org.eclipse.cdt.core.internal.errorparsers.tests.ErrorParserEfsFileMatchingTest" time="0.311"/>
  <testcase name="testEfsProjectPushPopDirectory" classname="org.eclipse.cdt.core.internal.errorparsers.tests.ErrorParserEfsFileMatchingTest" time="0.617"/>
  <testcase name="testInNonEfsFolder" classname="org.eclipse.cdt.core.internal.errorparsers.tests.ErrorParserEfsFileMatchingTest" time="0.31"/>
  <testcase name="testSingle" classname="org.eclipse.cdt.core.internal.errorparsers.tests.ErrorParserEfsFileMatchingTest" time="0.206"/>
  <testcase name="testEfsVsRegular" classname="org.eclipse.cdt.core.internal.errorparsers.tests.ErrorParserEfsFileMatchingTest" time="0.307"/>
  <testcase name="testFullPath" classname="org.eclipse.cdt.core.internal.errorparsers.tests.ErrorParserEfsFileMatchingTest" time="0.344"/>
  <testcase name="testRegexErrorParserParseOutput" classname="org.eclipse.cdt.core.internal.errorparsers.tests.RegexErrorParserTests" time="0.324"/>
  <testcase name="testSerializeRegexErrorParser" classname="org.eclipse.cdt.core.internal.errorparsers.tests.RegexErrorParserTests" time="0.308"/>
  <testcase name="testGetErrorParserCopy" classname="org.eclipse.cdt.core.internal.errorparsers.tests.RegexErrorParserTests" time="0.304"/>
  <testcase name="testRegexErrorParserAddDeletePattern" classname="org.eclipse.cdt.core.internal.errorparsers.tests.RegexErrorParserTests" time="0.305"/>
  <testcase name="testSerializeRegexErrorParserSpecialCharacters" classname="org.eclipse.cdt.core.internal.errorparsers.tests.RegexErrorParserTests" time="0.307"/>
  <testcase name="testCompatibility" classname="org.eclipse.cdt.core.internal.errorparsers.tests.RegexErrorParserTests" time="0.307"/>
  <testcase name="testRegexErrorParserExternalLocation_bug301338" classname="org.eclipse.cdt.core.internal.errorparsers.tests.RegexErrorParserTests" time="0.305"/>
  <testcase name="testExtension" classname="org.eclipse.cdt.core.internal.errorparsers.tests.RegexErrorParserTests" time="0.305"/>
  <testcase name="testExtensionsSorting" classname="org.eclipse.cdt.core.internal.errorparsers.tests.RegexErrorParserTests" time="0.306"/>
  <testcase name="testUserDefinedErrorParsers" classname="org.eclipse.cdt.core.internal.errorparsers.tests.RegexErrorParserTests" time="0.328"/>
  <testcase name="testSerializeErrorParser" classname="org.eclipse.cdt.core.internal.errorparsers.tests.RegexErrorParserTests" time="0.306"/>
  <testcase name="testAvailableErrorParsers" classname="org.eclipse.cdt.core.internal.errorparsers.tests.RegexErrorParserTests" time="0.306"/>
  <testcase name="testSerializeDefaultErrorParserIds" classname="org.eclipse.cdt.core.internal.errorparsers.tests.RegexErrorParserTests" time="0.305"/>
  <testcase name="testRegexErrorParserPatternOrder" classname="org.eclipse.cdt.core.internal.errorparsers.tests.RegexErrorParserTests" time="0.305"/>
  <testcase name="testDefaultErrorParserIds" classname="org.eclipse.cdt.core.internal.errorparsers.tests.RegexErrorParserTests" time="0.306"/>
  <testcase name="testGetIncludeName" classname="org.eclipse.cdt.core.model.tests.IIncludeTests" time="0.039"/>
  <testcase name="testGetElementName" classname="org.eclipse.cdt.core.model.tests.IMacroTests" time="0.021"/>
  <testcase name="testGetElementName" classname="org.eclipse.cdt.core.model.tests.StructuralMacroTests" time="0.028"/>
  <testcase name="testGetChildrenOfTypeStruct" classname="org.eclipse.cdt.core.model.tests.IStructureTests" time="0.052"/>
  <testcase name="testGetChildrenOfTypeClass" classname="org.eclipse.cdt.core.model.tests.IStructureTests" time="0.044"/>
  <testcase name="testGetFields" classname="org.eclipse.cdt.core.model.tests.IStructureTests" time="0.053"/>
  <testcase name="testGetField" classname="org.eclipse.cdt.core.model.tests.IStructureTests" time="0.038"/>
  <testcase name="testGetMethods" classname="org.eclipse.cdt.core.model.tests.IStructureTests" time="0.122"/>
  <testcase name="testGetMethod" classname="org.eclipse.cdt.core.model.tests.IStructureTests" time="0.06"/>
  <testcase name="testIsStruct" classname="org.eclipse.cdt.core.model.tests.IStructureTests" time="0.045"/>
  <testcase name="testIsClass" classname="org.eclipse.cdt.core.model.tests.IStructureTests" time="0.038"/>
  <testcase name="testIsUnion" classname="org.eclipse.cdt.core.model.tests.IStructureTests" time="0.041"/>
  <testcase name="testIsAbstract" classname="org.eclipse.cdt.core.model.tests.IStructureTests" time="0.047"/>
  <testcase name="testGetBaseTypes" classname="org.eclipse.cdt.core.model.tests.IStructureTests" time="0.038"/>
  <testcase name="testGetAccessControl" classname="org.eclipse.cdt.core.model.tests.IStructureTests" time="0.039"/>
  <testcase name="testAnonymousStructObject" classname="org.eclipse.cdt.core.model.tests.IStructureTests" time="0.04"/>
  <testcase name="testInnerStruct" classname="org.eclipse.cdt.core.model.tests.IStructureTests" time="0.042"/>
  <testcase name="testGetChildrenOfTypeStruct" classname="org.eclipse.cdt.core.model.tests.StructuralStructureTests" time="0.04"/>
  <testcase name="testGetChildrenOfTypeClass" classname="org.eclipse.cdt.core.model.tests.StructuralStructureTests" time="0.038"/>
  <testcase name="testGetFields" classname="org.eclipse.cdt.core.model.tests.StructuralStructureTests" time="0.034"/>
  <testcase name="testGetField" classname="org.eclipse.cdt.core.model.tests.StructuralStructureTests" time="0.035"/>
  <testcase name="testGetMethods" classname="org.eclipse.cdt.core.model.tests.StructuralStructureTests" time="0.039"/>
  <testcase name="testGetMethod" classname="org.eclipse.cdt.core.model.tests.StructuralStructureTests" time="0.039"/>
  <testcase name="testIsStruct" classname="org.eclipse.cdt.core.model.tests.StructuralStructureTests" time="0.039"/>
  <testcase name="testIsClass" classname="org.eclipse.cdt.core.model.tests.StructuralStructureTests" time="0.057"/>
  <testcase name="testIsUnion" classname="org.eclipse.cdt.core.model.tests.StructuralStructureTests" time="0.037"/>
  <testcase name="testIsAbstract" classname="org.eclipse.cdt.core.model.tests.StructuralStructureTests" time="0.037"/>
  <testcase name="testGetBaseTypes" classname="org.eclipse.cdt.core.model.tests.StructuralStructureTests" time="0.032"/>
  <testcase name="testGetAccessControl" classname="org.eclipse.cdt.core.model.tests.StructuralStructureTests" time="0.054"/>
  <testcase name="testAnonymousStructObject" classname="org.eclipse.cdt.core.model.tests.StructuralStructureTests" time="0.037"/>
  <testcase name="testInnerStruct" classname="org.eclipse.cdt.core.model.tests.StructuralStructureTests" time="0.04"/>
  <testcase name="testGetChildrenOfTypeTemplate" classname="org.eclipse.cdt.core.model.tests.ITemplateTests" time="0.039"/>
  <testcase name="testGetNumberOfTemplateParameters" classname="org.eclipse.cdt.core.model.tests.ITemplateTests" time="0.039"/>
  <testcase name="testGetTemplateParameterTypes" classname="org.eclipse.cdt.core.model.tests.ITemplateTests" time="0.034"/>
  <testcase name="testGetTemplateSignature" classname="org.eclipse.cdt.core.model.tests.ITemplateTests" time="0.036"/>
  <testcase name="testGetChildrenOfTypeTemplate" classname="org.eclipse.cdt.core.model.tests.StructuralTemplateTests" time="0.035"/>
  <testcase name="testGetNumberOfTemplateParameters" classname="org.eclipse.cdt.core.model.tests.StructuralTemplateTests" time="0.035"/>
  <testcase name="testGetTemplateParameterTypes" classname="org.eclipse.cdt.core.model.tests.StructuralTemplateTests" time="0.039"/>
  <testcase name="testGetTemplateSignature" classname="org.eclipse.cdt.core.model.tests.StructuralTemplateTests" time="0.037"/>
  <testcase name="testIsValidTranslationUnitName" classname="org.eclipse.cdt.core.model.tests.CModelTests" time="0"/>
  <testcase name="testSourceExclusionFilters_179474" classname="org.eclipse.cdt.core.model.tests.CModelTests" time="0.026"/>
  <testcase name="testSourceExclusionFilters_275609" classname="org.eclipse.cdt.core.model.tests.CModelTests" time="0.04"/>
  <testcase name="testPickUpBinariesInNewFolder_131165" classname="org.eclipse.cdt.core.model.tests.CModelTests" time="0.284"/>
  <testcase name="testBinaryContainerDeltaAfterCloseProjDeleteBin_349564" classname="org.eclipse.cdt.core.model.tests.CModelTests" time="0.088"/>
  <testcase name="testFileType" classname="org.eclipse.cdt.core.model.tests.CModelTests" time="0.065"/>
  <testcase name="testHasNature" classname="org.eclipse.cdt.core.model.tests.CModelTests" time="0.022"/>
  <testcase name="testBinaryInProjectRoot_294965" classname="org.eclipse.cdt.core.model.tests.CModelTests" time="0.033"/>
  <testcase name="testCModelElements" classname="org.eclipse.cdt.core.model.tests.CModelElementsTests" time="0.074"/>
  <testcase name="testIdentifierConsistency" classname="org.eclipse.cdt.core.model.tests.CModelIdentifierTests" time="0.074"/>
  <testcase name="testCreationNoStatus" classname="org.eclipse.cdt.core.model.tests.CModelExceptionTest" time="0"/>
  <testcase name="testCreationWithStatus" classname="org.eclipse.cdt.core.model.tests.CModelExceptionTest" time="0"/>
  <testcase name="testElementDoesNotExist" classname="org.eclipse.cdt.core.model.tests.CModelExceptionTest" time="0"/>
  <testcase name="testElementExists" classname="org.eclipse.cdt.core.model.tests.CModelExceptionTest" time="0"/>
  <testcase name="testPreprocessorNodes" classname="org.eclipse.cdt.core.model.tests.CModelBuilderInactiveCodeTest" time="0.063"/>
  <testcase name="testIsPrivate" classname="org.eclipse.cdt.core.model.tests.FlagTests" time="0.001"/>
  <testcase name="testIsProtected" classname="org.eclipse.cdt.core.model.tests.FlagTests" time="0"/>
  <testcase name="testIsExport" classname="org.eclipse.cdt.core.model.tests.FlagTests" time="0"/>
  <testcase name="testIsExtern" classname="org.eclipse.cdt.core.model.tests.FlagTests" time="0"/>
  <testcase name="testIsInline" classname="org.eclipse.cdt.core.model.tests.FlagTests" time="0"/>
  <testcase name="testIsAbstract" classname="org.eclipse.cdt.core.model.tests.FlagTests" time="0"/>
  <testcase name="testIsPublic" classname="org.eclipse.cdt.core.model.tests.FlagTests" time="0"/>
  <testcase name="testIsStatic" classname="org.eclipse.cdt.core.model.tests.FlagTests" time="0"/>
  <testcase name="testIsVirtual" classname="org.eclipse.cdt.core.model.tests.FlagTests" time="0"/>
  <testcase name="testIsExplicit" classname="org.eclipse.cdt.core.model.tests.FlagTests" time="0"/>
  <testcase name="testIsVolatile" classname="org.eclipse.cdt.core.model.tests.FlagTests" time="0"/>
  <testcase name="testIsMutable" classname="org.eclipse.cdt.core.model.tests.FlagTests" time="0"/>
  <testcase name="testIsRegister" classname="org.eclipse.cdt.core.model.tests.FlagTests" time="0"/>
  <testcase name="testGetBinaries" classname="org.eclipse.cdt.core.model.tests.ArchiveTests" time="0.074"/>
  <testcase name="testIsArchive" classname="org.eclipse.cdt.core.model.tests.ArchiveTests" time="0.023"/>
  <testcase name="testisBinRead" classname="org.eclipse.cdt.core.model.tests.BinaryTests" time="0.478"/>
  <testcase name="testGetChildren" classname="org.eclipse.cdt.core.model.tests.BinaryTests" time="0.718"/>
  <testcase name="testIsSharedLib" classname="org.eclipse.cdt.core.model.tests.BinaryTests" time="0.174"/>
  <testcase name="testIsExecutable" classname="org.eclipse.cdt.core.model.tests.BinaryTests" time="0.167"/>
  <testcase name="testGetData" classname="org.eclipse.cdt.core.model.tests.BinaryTests" time="0.167"/>
  <testcase name="testGetText" classname="org.eclipse.cdt.core.model.tests.BinaryTests" time="0.179"/>
  <testcase name="testIsBinary" classname="org.eclipse.cdt.core.model.tests.BinaryTests" time="0.194"/>
  <testcase name="testIsObject" classname="org.eclipse.cdt.core.model.tests.BinaryTests" time="0.173"/>
  <testcase name="testGetNeededSharedLibs" classname="org.eclipse.cdt.core.model.tests.BinaryTests" time="0.173"/>
  <testcase name="testHasDebug" classname="org.eclipse.cdt.core.model.tests.BinaryTests" time="0.179"/>
  <testcase name="testGetBss" classname="org.eclipse.cdt.core.model.tests.BinaryTests" time="0.215"/>
  <testcase name="testGetCpu" classname="org.eclipse.cdt.core.model.tests.BinaryTests" time="0.227"/>
  <testcase name="testGetSoname" classname="org.eclipse.cdt.core.model.tests.BinaryTests" time="0.167"/>
  <testcase name="testGetElement" classname="org.eclipse.cdt.core.model.tests.TranslationUnitTests" time="0.044"/>
  <testcase name="testGetChildren" classname="org.eclipse.cdt.core.model.tests.TranslationUnitTests" time="0.023"/>
  <testcase name="testIsValidSourceUnitName" classname="org.eclipse.cdt.core.model.tests.TranslationUnitTests" time="0.03"/>
  <testcase name="testBug23478A" classname="org.eclipse.cdt.core.model.tests.TranslationUnitTests" time="0.03"/>
  <testcase name="testBug23478B" classname="org.eclipse.cdt.core.model.tests.TranslationUnitTests" time="0.031"/>
  <testcase name="testIsTranslationUnit" classname="org.eclipse.cdt.core.model.tests.TranslationUnitTests" time="0.031"/>
  <testcase name="testDeclarators_0001" classname="org.eclipse.cdt.core.model.tests.DeclaratorsTests" time="0.031"/>
  <testcase name="testDeclarators_0002" classname="org.eclipse.cdt.core.model.tests.DeclaratorsTests" time="0.041"/>
  <testcase name="testDeclarators_0003" classname="org.eclipse.cdt.core.model.tests.DeclaratorsTests" time="0.036"/>
  <testcase name="testDeclarators_0004" classname="org.eclipse.cdt.core.model.tests.DeclaratorsTests" time="0.055"/>
  <testcase name="testDeclarators_0005" classname="org.eclipse.cdt.core.model.tests.DeclaratorsTests" time="0.025"/>
  <testcase name="testDeclarators_0006" classname="org.eclipse.cdt.core.model.tests.DeclaratorsTests" time="0.029"/>
  <testcase name="testDeclarators_0007" classname="org.eclipse.cdt.core.model.tests.DeclaratorsTests" time="0.036"/>
  <testcase name="testDeclarators_0011" classname="org.eclipse.cdt.core.model.tests.DeclaratorsTests" time="0.036"/>
  <testcase name="testDeclarators_0012" classname="org.eclipse.cdt.core.model.tests.DeclaratorsTests" time="0.032"/>
  <testcase name="testDeclarators_0013" classname="org.eclipse.cdt.core.model.tests.DeclaratorsTests" time="0.038"/>
  <testcase name="testDeclarators_0014" classname="org.eclipse.cdt.core.model.tests.DeclaratorsTests" time="0.026"/>
  <testcase name="testDeclarators_0015" classname="org.eclipse.cdt.core.model.tests.DeclaratorsTests" time="0.033"/>
  <testcase name="testDeclarators_0016" classname="org.eclipse.cdt.core.model.tests.DeclaratorsTests" time="0.037"/>
  <testcase name="testDeclarators_0017" classname="org.eclipse.cdt.core.model.tests.DeclaratorsTests" time="0.035"/>
  <testcase name="testDeclarators_0023" classname="org.eclipse.cdt.core.model.tests.DeclaratorsTests" time="0.037"/>
  <testcase name="testDeclarators_0024" classname="org.eclipse.cdt.core.model.tests.DeclaratorsTests" time="0.03"/>
  <testcase name="testDeclarators_0031" classname="org.eclipse.cdt.core.model.tests.DeclaratorsTests" time="0.039"/>
  <testcase name="testBug40759" classname="org.eclipse.cdt.core.model.tests.MacroTests" time="0.104"/>
  <testcase name="testCPathEntries" classname="org.eclipse.cdt.core.model.tests.CPathEntryTest" time="0.057"/>
  <testcase name="testPathEntryContainer" classname="org.eclipse.cdt.core.model.tests.CPathEntryTest" time="0.049"/>
  <testcase name="testSetExclusionFilter_Bug197486" classname="org.eclipse.cdt.core.model.tests.CPathEntryTest" time="0.022"/>
  <testcase name="testCPathEntriesDelta" classname="org.eclipse.cdt.core.model.tests.CPathEntryTest" time="0.048"/>
  <testcase name="testConfigurationDescriptionReference" classname="org.eclipse.cdt.core.settings.model.CConfigurationDescriptionReferenceTests" time="0.131"/>
  <testcase name="testConfigurationDescriptionReferencing" classname="org.eclipse.cdt.core.settings.model.CConfigurationDescriptionReferenceTests" time="0.117"/>
  <testcase name="testDependencyOrder" classname="org.eclipse.cdt.core.settings.model.CConfigurationDescriptionReferenceTests" time="0.22"/>
  <testcase name="testUpdateExportedSettingsNamedConfig" classname="org.eclipse.cdt.core.settings.model.CConfigurationDescriptionExportSettings" time="0.12"/>
  <testcase name="testExportedSettingsExternalUpdate" classname="org.eclipse.cdt.core.settings.model.CConfigurationDescriptionExportSettings" time="0.068"/>
  <testcase name="testUpdateExportedSettingsActiveCfg" classname="org.eclipse.cdt.core.settings.model.CConfigurationDescriptionExportSettings" time="0.05"/>
  <testcase name="testProjectImport" classname="org.eclipse.cdt.core.settings.model.CConfigurationDescriptionExportSettings" time="0.071"/>
  <testcase name="testReferences" classname="org.eclipse.cdt.core.settings.model.CConfigurationDescriptionExportSettings" time="0.046"/>
  <testcase name="_testExportedSettingsCyclicExternalUpdate" classname="org.eclipse.cdt.core.settings.model.CConfigurationDescriptionExportSettings" time="0.127"/>
  <testcase name="testChangeLanguageSet" classname="org.eclipse.cdt.core.settings.model.ExternalSettingsProviderTests" time="0.139"/>
  <testcase name="testRestoreDefaults" classname="org.eclipse.cdt.core.settings.model.ExternalSettingsProviderTests" time="0.091"/>
  <testcase name="testRefs" classname="org.eclipse.cdt.core.settings.model.ExternalSettingsProviderTests" time="0.081"/>
  <testcase name="testCheckAllProvidedSettingTypes" classname="org.eclipse.cdt.core.settings.model.ExternalSettingsProviderTests" time="0.076"/>
  <testcase name="testProviderUpdate" classname="org.eclipse.cdt.core.settings.model.ExternalSettingsProviderTests" time="0.105"/>
  <testcase name="testSameMacroWithDifferentValuesAndDifferentLanguageIds" classname="org.eclipse.cdt.core.settings.model.ExternalSettingsProviderTests" time="0.076"/>
  <testcase name="testCreateCfg" classname="org.eclipse.cdt.core.settings.model.ExternalSettingsProviderTests" time="0.104"/>
  <testcase name="testDefaultSettingConfig" classname="org.eclipse.cdt.core.settings.model.CfgSettingsTests" time="0.05"/>
  <testcase name="testDelta_SOURCE_REMOVED" classname="org.eclipse.cdt.core.settings.model.CProjectDescriptionDeltaTests" time="0.052"/>
  <testcase name="testDelta_DESCRIPTION" classname="org.eclipse.cdt.core.settings.model.CProjectDescriptionDeltaTests" time="0.02"/>
  <testcase name="testDelta_SOURCE_EXTENSIONS" classname="org.eclipse.cdt.core.settings.model.CProjectDescriptionDeltaTests" time="0.022"/>
  <testcase name="testDelta_SETTING_ENTRIES" classname="org.eclipse.cdt.core.settings.model.CProjectDescriptionDeltaTests" time="0.026"/>
  <testcase name="testDelta_CFG_REF_ADDED" classname="org.eclipse.cdt.core.settings.model.CProjectDescriptionDeltaTests" time="0.032"/>
  <testcase name="testDelta_LANGUAGE_ID" classname="org.eclipse.cdt.core.settings.model.CProjectDescriptionDeltaTests" time="0.033"/>
  <testcase name="testDelta_EXCLUDE" classname="org.eclipse.cdt.core.settings.model.CProjectDescriptionDeltaTests" time="0.033"/>
  <testcase name="testDelta_EXT_REF" classname="org.eclipse.cdt.core.settings.model.CProjectDescriptionDeltaTests" time="0.03"/>
  <testcase name="testDelta_EXTERNAL_SETTINGS_ADDED" classname="org.eclipse.cdt.core.settings.model.CProjectDescriptionDeltaTests" time="0.026"/>
  <testcase name="testDelta_CFG_REF_REMOVED" classname="org.eclipse.cdt.core.settings.model.CProjectDescriptionDeltaTests" time="0.035"/>
  <testcase name="testDelta_EXTERNAL_SETTINGS_REMOVED" classname="org.eclipse.cdt.core.settings.model.CProjectDescriptionDeltaTests" time="0.032"/>
  <testcase name="testDelta_INDEX_CFG" classname="org.eclipse.cdt.core.settings.model.CProjectDescriptionDeltaTests" time="0.027"/>
  <testcase name="testDelta_SOURCE_CONTENT_TYPE" classname="org.eclipse.cdt.core.settings.model.CProjectDescriptionDeltaTests" time="0.032"/>
  <testcase name="testDelta_ERROR_PARSER_IDS" classname="org.eclipse.cdt.core.settings.model.CProjectDescriptionDeltaTests" time="0.028"/>
  <testcase name="testDelta_NAME" classname="org.eclipse.cdt.core.settings.model.CProjectDescriptionDeltaTests" time="0.025"/>
  <testcase name="testDelta_BINARY_PARSER_IDS" classname="org.eclipse.cdt.core.settings.model.CProjectDescriptionDeltaTests" time="0.027"/>
  <testcase name="testDelta_LANGUAGE_SETTINGS_PROVIDERS" classname="org.eclipse.cdt.core.settings.model.CProjectDescriptionDeltaTests" time="0.037"/>
  <testcase name="testDelta_SOURCE_ADDED" classname="org.eclipse.cdt.core.settings.model.CProjectDescriptionDeltaTests" time="0.024"/>
  <testcase name="testDelta_ACTIVE_CFG" classname="org.eclipse.cdt.core.settings.model.CProjectDescriptionDeltaTests" time="0.033"/>
  <testcase name="testProjectCreatingState" classname="org.eclipse.cdt.core.settings.model.ProjectCreationStateTests" time="0.083"/>
  <testcase name="testCreateProjectDescriptionForCreatingDes" classname="org.eclipse.cdt.core.settings.model.ProjectCreationStateTests" time="0.026"/>
  <testcase name="testCreateProjectDescriptionForInexistingDes" classname="org.eclipse.cdt.core.settings.model.ProjectCreationStateTests" time="0.029"/>
  <testcase name="testCreateProjectDescriptionForCreatedDes" classname="org.eclipse.cdt.core.settings.model.ProjectCreationStateTests" time="0.027"/>
  <testcase name="testICDescriptorGetProjectData" classname="org.eclipse.cdt.core.settings.model.BackwardCompatibilityTests" time="0.03"/>
  <testcase name="testCPathEntriesForOldStyle" classname="org.eclipse.cdt.core.settings.model.BackwardCompatibilityTests" time="0.033"/>
  <testcase name="testPathEntriesForNewStyle" classname="org.eclipse.cdt.core.settings.model.BackwardCompatibilityTests" time="0.117"/>
  <testcase name="testModulesCopiedOnCreateNewConfig" classname="org.eclipse.cdt.core.settings.model.CProjectDescriptionBasicTests" time="0.036"/>
  <testcase name="testSetDescriptionWithRootIncompatibleRuleAquired" classname="org.eclipse.cdt.core.settings.model.CProjectDescriptionBasicTests" time="0.029"/>
  <testcase name="testBug242955" classname="org.eclipse.cdt.core.settings.model.CProjectDescriptionBasicTests" time="0.05"/>
  <testcase name="testSetInvalidDescription" classname="org.eclipse.cdt.core.settings.model.CProjectDescriptionBasicTests" time="0.027"/>
  <testcase name="testCreateProjectDescriptionInvalidProject" classname="org.eclipse.cdt.core.settings.model.CProjectDescriptionBasicTests" time="0"/>
  <testcase name="testSetInvalidCreatingDescription" classname="org.eclipse.cdt.core.settings.model.CProjectDescriptionBasicTests" time="0.03"/>
  <testcase name="testReadOnlyProjectDescription" classname="org.eclipse.cdt.core.settings.model.CProjectDescriptionStorageTests" time="2.182"/>
  <testcase name="testExternalCProjDescModification" classname="org.eclipse.cdt.core.settings.model.CProjectDescriptionStorageTests" time="5.325"/>
  <testcase name="testExternalCProjDescRemoveAndReplace" classname="org.eclipse.cdt.core.settings.model.CProjectDescriptionStorageTests" time="2.032"/>
  <testcase name="testPathSettingsContainerRemove" classname="org.eclipse.cdt.core.settings.model.PathSettingsContainerTests" time="0.001"/>
  <testcase name="testPathSettingsContainerCreate" classname="org.eclipse.cdt.core.settings.model.PathSettingsContainerTests" time="0"/>
  <testcase name="testPathSettingsContainer_Bug208765" classname="org.eclipse.cdt.core.settings.model.PathSettingsContainerTests" time="0"/>
  <testcase name="testASTCache" classname="org.eclipse.cdt.core.model.tests.ASTCacheTests" time="1.478"/>
  <testcase name="testAsmModelElements" classname="org.eclipse.cdt.core.model.tests.AsmModelBuilderTest" time="0.038"/>
  <testcase name="testAsmLabelRanges" classname="org.eclipse.cdt.core.model.tests.AsmModelBuilderTest" time="0.028"/>
  <testcase name="testModelBuilderBug222398" classname="org.eclipse.cdt.core.model.tests.CModelBuilderBugsTest" time="0.032"/>
  <testcase name="testModelBuilderBug262785" classname="org.eclipse.cdt.core.model.tests.CModelBuilderBugsTest" time="0.034"/>
  <testcase name="testModelBuilderBug274490" classname="org.eclipse.cdt.core.model.tests.CModelBuilderBugsTest" time="0.034"/>
  <testcase name="testPathSettingLost" classname="org.eclipse.cdt.core.model.tests.Bug311189" time="0.02"/>
  <testcase name="testBaseProvider" classname="org.eclipse.cdt.core.language.settings.providers.LanguageSettingsExtensionsTests" time="0.004"/>
  <testcase name="testExtensionBaseProviderSubclass" classname="org.eclipse.cdt.core.language.settings.providers.LanguageSettingsExtensionsTests" time="0.001"/>
  <testcase name="testEditableProvider" classname="org.eclipse.cdt.core.language.settings.providers.LanguageSettingsExtensionsTests" time="0"/>
  <testcase name="testBaseProviderConfigure" classname="org.eclipse.cdt.core.language.settings.providers.LanguageSettingsExtensionsTests" time="0"/>
  <testcase name="testExtension" classname="org.eclipse.cdt.core.language.settings.providers.LanguageSettingsExtensionsTests" time="0.001"/>
  <testcase name="testBaseProviderCantReconfigure" classname="org.eclipse.cdt.core.language.settings.providers.LanguageSettingsExtensionsTests" time="0"/>
  <testcase name="testSerializableProvider" classname="org.eclipse.cdt.core.language.settings.providers.LanguageSettingsExtensionsTests" time="0"/>
  <testcase name="testExtensionCustomProvider" classname="org.eclipse.cdt.core.language.settings.providers.LanguageSettingsExtensionsTests" time="0"/>
  <testcase name="testWorkspaceProvider_ReplaceRawProvider" classname="org.eclipse.cdt.core.language.settings.providers.LanguageSettingsManagerTests" time="0.003"/>
  <testcase name="testConfigurationDescription_ProvidersUniqueId" classname="org.eclipse.cdt.core.language.settings.providers.LanguageSettingsManagerTests" time="0.065"/>
  <testcase name="testWorkspaceProvider_ReplaceWithWorkspaceProvider" classname="org.eclipse.cdt.core.language.settings.providers.LanguageSettingsManagerTests" time="0.005"/>
  <testcase name="testEntriesByKind_CompositeKind" classname="org.eclipse.cdt.core.language.settings.providers.LanguageSettingsManagerTests" time="0.01"/>
  <testcase name="testConfigurationDescription_Providers" classname="org.eclipse.cdt.core.language.settings.providers.LanguageSettingsManagerTests" time="0.001"/>
  <testcase name="testWorkspaceProvider_Basic" classname="org.eclipse.cdt.core.language.settings.providers.LanguageSettingsManagerTests" time="0.002"/>
  <testcase name="testProvider_Basic" classname="org.eclipse.cdt.core.language.settings.providers.LanguageSettingsManagerTests" time="0.005"/>
  <testcase name="testEntriesByKind_Undefined" classname="org.eclipse.cdt.core.language.settings.providers.LanguageSettingsManagerTests" time="0.001"/>
  <testcase name="testRudeProviders" classname="org.eclipse.cdt.core.language.settings.providers.LanguageSettingsManagerTests" time="0.01"/>
  <testcase name="testEntriesByKind_Regular" classname="org.eclipse.cdt.core.language.settings.providers.LanguageSettingsManagerTests" time="0.002"/>
  <testcase name="testEntriesByKind_ConflictingEntries" classname="org.eclipse.cdt.core.language.settings.providers.LanguageSettingsManagerTests" time="0.001"/>
  <testcase name="testWorkspaceProvider_Equals" classname="org.eclipse.cdt.core.language.settings.providers.LanguageSettingsManagerTests" time="0.002"/>
  <testcase name="testProvider_DefaultEntries" classname="org.eclipse.cdt.core.language.settings.providers.LanguageSettingsManagerTests" time="0.211"/>
  <testcase name="testProvider_Regular" classname="org.eclipse.cdt.core.language.settings.providers.LanguageSettingsManagerTests" time="0.005"/>
  <testcase name="testConfigurationDescription_SerializeProviders" classname="org.eclipse.cdt.core.language.settings.providers.LanguageSettingsManagerTests" time="0.056"/>
  <testcase name="testProvider_ParentFolder" classname="org.eclipse.cdt.core.language.settings.providers.LanguageSettingsManagerTests" time="0.023"/>
  <testcase name="testEntriesByKind_ConflictingProviders" classname="org.eclipse.cdt.core.language.settings.providers.LanguageSettingsManagerTests" time="0.005"/>
  <testcase name="testEntriesByKind_LocalAndSystem" classname="org.eclipse.cdt.core.language.settings.providers.LanguageSettingsManagerTests" time="0.001"/>
  <testcase name="testCloneShallow" classname="org.eclipse.cdt.core.language.settings.providers.LanguageSettingsSerializableProviderTests" time="0.001"/>
  <testcase name="testProvider_serializeAttributesDOM" classname="org.eclipse.cdt.core.language.settings.providers.LanguageSettingsSerializableProviderTests" time="0.001"/>
  <testcase name="testEntryFlagsDOM" classname="org.eclipse.cdt.core.language.settings.providers.LanguageSettingsSerializableProviderTests" time="0"/>
  <testcase name="testLanguageScopeDOM" classname="org.eclipse.cdt.core.language.settings.providers.LanguageSettingsSerializableProviderTests" time="0.001"/>
  <testcase name="testTwoLanguagesDOM" classname="org.eclipse.cdt.core.language.settings.providers.LanguageSettingsSerializableProviderTests" time="0"/>
  <testcase name="testNullLanguageResourceDOM" classname="org.eclipse.cdt.core.language.settings.providers.LanguageSettingsSerializableProviderTests" time="0.001"/>
  <testcase name="testCustomParameterDOM" classname="org.eclipse.cdt.core.language.settings.providers.LanguageSettingsSerializableProviderTests" time="0"/>
  <testcase name="testClone" classname="org.eclipse.cdt.core.language.settings.providers.LanguageSettingsSerializableProviderTests" time="0.001"/>
  <testcase name="testSort_Kinds" classname="org.eclipse.cdt.core.language.settings.providers.LanguageSettingsSerializableProviderTests" time="0.001"/>
  <testcase name="testSort_Undef" classname="org.eclipse.cdt.core.language.settings.providers.LanguageSettingsSerializableProviderTests" time="0"/>
  <testcase name="testLanguagesDOM" classname="org.eclipse.cdt.core.language.settings.providers.LanguageSettingsSerializableProviderTests" time="0.001"/>
  <testcase name="testNullLanguageScopeDOM" classname="org.eclipse.cdt.core.language.settings.providers.LanguageSettingsSerializableProviderTests" time="0.002"/>
  <testcase name="testNullLanguageDOM" classname="org.eclipse.cdt.core.language.settings.providers.LanguageSettingsSerializableProviderTests" time="0.001"/>
  <testcase name="testNullConfigurationResourceDOM" classname="org.eclipse.cdt.core.language.settings.providers.LanguageSettingsSerializableProviderTests" time="0"/>
  <testcase name="testSort_Entries" classname="org.eclipse.cdt.core.language.settings.providers.LanguageSettingsSerializableProviderTests" time="0"/>
  <testcase name="testNullConfigurationLanguageResourceFlagDOM" classname="org.eclipse.cdt.core.language.settings.providers.LanguageSettingsSerializableProviderTests" time="0.001"/>
  <testcase name="testLanguageAndNullDOM" classname="org.eclipse.cdt.core.language.settings.providers.LanguageSettingsSerializableProviderTests" time="0"/>
  <testcase name="testCLibraryFileEntryDOM" classname="org.eclipse.cdt.core.language.settings.providers.LanguageSettingsSerializableProviderTests" time="0.001"/>
  <testcase name="testCLibraryPathEntryDOM" classname="org.eclipse.cdt.core.language.settings.providers.LanguageSettingsSerializableProviderTests" time="0"/>
  <testcase name="testCMacroEntryDOM" classname="org.eclipse.cdt.core.language.settings.providers.LanguageSettingsSerializableProviderTests" time="0"/>
  <testcase name="testProvider_EmptyDOM" classname="org.eclipse.cdt.core.language.settings.providers.LanguageSettingsSerializableProviderTests" time="0.001"/>
  <testcase name="testNullConfigurationDOM" classname="org.eclipse.cdt.core.language.settings.providers.LanguageSettingsSerializableProviderTests" time="0"/>
  <testcase name="testTwoResourcesDOM" classname="org.eclipse.cdt.core.language.settings.providers.LanguageSettingsSerializableProviderTests" time="0.017"/>
  <testcase name="testProvider_SettersGetters" classname="org.eclipse.cdt.core.language.settings.providers.LanguageSettingsSerializableProviderTests" time="0.005"/>
  <testcase name="testMixedSettingEntriesDOM" classname="org.eclipse.cdt.core.language.settings.providers.LanguageSettingsSerializableProviderTests" time="0"/>
  <testcase name="testEquals_DefaultProperties" classname="org.eclipse.cdt.core.language.settings.providers.LanguageSettingsSerializableProviderTests" time="0"/>
  <testcase name="testNullConfigurationLanguageDOM" classname="org.eclipse.cdt.core.language.settings.providers.LanguageSettingsSerializableProviderTests" time="0.001"/>
  <testcase name="testStoreEntriesWithProjectDOM" classname="org.eclipse.cdt.core.language.settings.providers.LanguageSettingsSerializableProviderTests" time="0"/>
  <testcase name="testEquals" classname="org.eclipse.cdt.core.language.settings.providers.LanguageSettingsSerializableProviderTests" time="0.015"/>
  <testcase name="testProvider_serializeEntriesDOM" classname="org.eclipse.cdt.core.language.settings.providers.LanguageSettingsSerializableProviderTests" time="0.001"/>
  <testcase name="testCIncludeFileEntryDOM" classname="org.eclipse.cdt.core.language.settings.providers.LanguageSettingsSerializableProviderTests" time="0"/>
  <testcase name="testNullResourceDOM" classname="org.eclipse.cdt.core.language.settings.providers.LanguageSettingsSerializableProviderTests" time="0.001"/>
  <testcase name="testCMacroFileEntryDOM" classname="org.eclipse.cdt.core.language.settings.providers.LanguageSettingsSerializableProviderTests" time="0"/>
  <testcase name="testCIncludePathEntryDOM" classname="org.eclipse.cdt.core.language.settings.providers.LanguageSettingsSerializableProviderTests" time="0"/>
  <testcase name="testProvider_RegularDOM" classname="org.eclipse.cdt.core.language.settings.providers.LanguageSettingsSerializableProviderTests" time="0"/>
  <testcase name="testParentFolder" classname="org.eclipse.cdt.core.language.settings.providers.LanguageSettingsSerializableProviderTests" time="0.017"/>
  <testcase name="testProvider_SetStoringEntriesInProjectArea" classname="org.eclipse.cdt.core.language.settings.providers.LanguageSettingsSerializableProviderTests" time="0"/>
  <testcase name="testProjectPersistence_ReferenceExtensionProviderDOM" classname="org.eclipse.cdt.core.language.settings.providers.LanguageSettingsPersistenceProjectTests" time="0.009"/>
  <testcase name="testWorkspacePersistence_ProviderExtensionCopy" classname="org.eclipse.cdt.core.language.settings.providers.LanguageSettingsPersistenceProjectTests" time="0.004"/>
  <testcase name="testWorkspacePersistence_UnmodifiedExtensionProvider" classname="org.eclipse.cdt.core.language.settings.providers.LanguageSettingsPersistenceProjectTests" time="0.001"/>
  <testcase name="testProjectDescription_PreventBackDoorAccess" classname="org.eclipse.cdt.core.language.settings.providers.LanguageSettingsPersistenceProjectTests" time="0.027"/>
  <testcase name="testProjectPersistence_SubclassedSerializableProviderDOM" classname="org.eclipse.cdt.core.language.settings.providers.LanguageSettingsPersistenceProjectTests" time="0.003"/>
  <testcase name="testWorkspacePersistence_NoProviders" classname="org.eclipse.cdt.core.language.settings.providers.LanguageSettingsPersistenceProjectTests" time="0.001"/>
  <testcase name="testProjectPersistence_MixedProvidersDOM" classname="org.eclipse.cdt.core.language.settings.providers.LanguageSettingsPersistenceProjectTests" time="0.005"/>
  <testcase name="testWorkspacePersistence_ShadowedExtensionProvider" classname="org.eclipse.cdt.core.language.settings.providers.LanguageSettingsPersistenceProjectTests" time="0.205"/>
  <testcase name="testProjectPersistence_ProviderExtensionReferenceDOM" classname="org.eclipse.cdt.core.language.settings.providers.LanguageSettingsPersistenceProjectTests" time="0.001"/>
  <testcase name="testProjectPersistence_OverrideExtensionProviderDOM" classname="org.eclipse.cdt.core.language.settings.providers.LanguageSettingsPersistenceProjectTests" time="0.001"/>
  <testcase name="testProjectPersistence_Defaults" classname="org.eclipse.cdt.core.language.settings.providers.LanguageSettingsPersistenceProjectTests" time="0.018"/>
  <testcase name="testProjectPersistence_ProviderExtensionCopyDOM" classname="org.eclipse.cdt.core.language.settings.providers.LanguageSettingsPersistenceProjectTests" time="0.005"/>
  <testcase name="testWorkspacePersistence_Defaults" classname="org.eclipse.cdt.core.language.settings.providers.LanguageSettingsPersistenceProjectTests" time="0.001"/>
  <testcase name="testWorkspacePersistence_ModifiedExtensionProvider" classname="org.eclipse.cdt.core.language.settings.providers.LanguageSettingsPersistenceProjectTests" time="0.004"/>
  <testcase name="testProjectPersistence_RealProjectSplitStorage" classname="org.eclipse.cdt.core.language.settings.providers.LanguageSettingsPersistenceProjectTests" time="0.038"/>
  <testcase name="testProjectPersistence_UserProviderDOM" classname="org.eclipse.cdt.core.language.settings.providers.LanguageSettingsPersistenceProjectTests" time="0.008"/>
  <testcase name="testWorkspacePersistence_GlobalProvider" classname="org.eclipse.cdt.core.language.settings.providers.LanguageSettingsPersistenceProjectTests" time="0.001"/>
  <testcase name="testProjectPersistence_TwoConfigurationsDOM" classname="org.eclipse.cdt.core.language.settings.providers.LanguageSettingsPersistenceProjectTests" time="0.002"/>
  <testcase name="testProjectPersistence_RealProject" classname="org.eclipse.cdt.core.language.settings.providers.LanguageSettingsPersistenceProjectTests" time="0.033"/>
  <testcase name="testProjectPersistence_SplitStorageDOM" classname="org.eclipse.cdt.core.language.settings.providers.LanguageSettingsPersistenceProjectTests" time="0.009"/>
  <testcase name="testProjectDescription_ReadWriteDescription" classname="org.eclipse.cdt.core.language.settings.providers.LanguageSettingsPersistenceProjectTests" time="0.019"/>
  <testcase name="testProjectPersistence_SerializableProviderDOM" classname="org.eclipse.cdt.core.language.settings.providers.LanguageSettingsPersistenceProjectTests" time="0.005"/>
  <testcase name="testListenerRegisterer_CheckExtensionProvider" classname="org.eclipse.cdt.core.language.settings.providers.LanguageSettingsListenersTests" time="0.101"/>
  <testcase name="testDelta_AffectedResources_DefaultResource" classname="org.eclipse.cdt.core.language.settings.providers.LanguageSettingsListenersTests" time="0.023"/>
  <testcase name="testListenerRegisterer_TwoGlobalMinusOne" classname="org.eclipse.cdt.core.language.settings.providers.LanguageSettingsListenersTests" time="0.036"/>
  <testcase name="testNotification_globalProvider_SerializeEntries" classname="org.eclipse.cdt.core.language.settings.providers.LanguageSettingsListenersTests" time="0.164"/>
  <testcase name="testDelta_AffectedResources_Mix" classname="org.eclipse.cdt.core.language.settings.providers.LanguageSettingsListenersTests" time="0.128"/>
  <testcase name="testDelta_AffectedResources_Folder" classname="org.eclipse.cdt.core.language.settings.providers.LanguageSettingsListenersTests" time="0.128"/>
  <testcase name="testNotification_cfgProvider_AddNonEmptyProvider" classname="org.eclipse.cdt.core.language.settings.providers.LanguageSettingsListenersTests" time="0.127"/>
  <testcase name="testListenerRegisterer_TwoGlobal" classname="org.eclipse.cdt.core.language.settings.providers.LanguageSettingsListenersTests" time="0.14"/>
  <testcase name="testListenerRegisterer_OneOwnedByCfg" classname="org.eclipse.cdt.core.language.settings.providers.LanguageSettingsListenersTests" time="0.12"/>
  <testcase name="testNotification_globalProvider_AddNonEmptyProvider" classname="org.eclipse.cdt.core.language.settings.providers.LanguageSettingsListenersTests" time="0.117"/>
  <testcase name="testNotification_globalProvider_AddEmptyProvider" classname="org.eclipse.cdt.core.language.settings.providers.LanguageSettingsListenersTests" time="0.121"/>
  <testcase name="testDelta_AffectedResources_Project" classname="org.eclipse.cdt.core.language.settings.providers.LanguageSettingsListenersTests" time="0.124"/>
  <testcase name="testListenerRegisterer_GlobalProviderAddRemoveOutsideTheProject" classname="org.eclipse.cdt.core.language.settings.providers.LanguageSettingsListenersTests" time="0.228"/>
  <testcase name="testListenerRegisterer_TwoOwnedByCfgs" classname="org.eclipse.cdt.core.language.settings.providers.LanguageSettingsListenersTests" time="0.13"/>
  <testcase name="testNotification_cfgProvider_SerializeEntries" classname="org.eclipse.cdt.core.language.settings.providers.LanguageSettingsListenersTests" time="0.118"/>
  <testcase name="testListenerRegisterer_GlobalProviderNotInUse" classname="org.eclipse.cdt.core.language.settings.providers.LanguageSettingsListenersTests" time="0.101"/>
  <testcase name="testNotification_cfgProvider_SerializeEntriesConcurrent" classname="org.eclipse.cdt.core.language.settings.providers.LanguageSettingsListenersTests" time="0.119"/>
  <testcase name="testListenerRegisterer_GlobalProviderTwoProjects" classname="org.eclipse.cdt.core.language.settings.providers.LanguageSettingsListenersTests" time="0.154"/>
  <testcase name="testListenerRegisterer_OneGlobal" classname="org.eclipse.cdt.core.language.settings.providers.LanguageSettingsListenersTests" time="0.122"/>
  <testcase name="testNotification_cfgProvider_AddEmptyProvider" classname="org.eclipse.cdt.core.language.settings.providers.LanguageSettingsListenersTests" time="0.119"/>
  <testcase name="testDelta_AffectedResources_File" classname="org.eclipse.cdt.core.language.settings.providers.LanguageSettingsListenersTests" time="0.129"/>
  <testcase name="testEmpty" classname="org.eclipse.cdt.core.language.settings.providers.LanguageSettingsScannerInfoProviderTests" time="0.016"/>
  <testcase name="testLocal" classname="org.eclipse.cdt.core.language.settings.providers.LanguageSettingsScannerInfoProviderTests" time="0.022"/>
  <testcase name="testNulls" classname="org.eclipse.cdt.core.language.settings.providers.LanguageSettingsScannerInfoProviderTests" time="0.019"/>
  <testcase name="testWorkspacePath" classname="org.eclipse.cdt.core.language.settings.providers.LanguageSettingsScannerInfoProviderTests" time="0.024"/>
  <testcase name="testResourceLanguages" classname="org.eclipse.cdt.core.language.settings.providers.LanguageSettingsScannerInfoProviderTests" time="0.027"/>
  <testcase name="testFilesystemPathNoDriveLetter" classname="org.eclipse.cdt.core.language.settings.providers.LanguageSettingsScannerInfoProviderTests" time="0.023"/>
  <testcase name="testRegular" classname="org.eclipse.cdt.core.language.settings.providers.LanguageSettingsScannerInfoProviderTests" time="0.038"/>
  <testcase name="testRelativePath" classname="org.eclipse.cdt.core.language.settings.providers.LanguageSettingsScannerInfoProviderTests" time="0.037"/>
  <testcase name="testRelativePathWithDots" classname="org.eclipse.cdt.core.language.settings.providers.LanguageSettingsScannerInfoProviderTests" time="0.03"/>
  <testcase name="testFramework" classname="org.eclipse.cdt.core.language.settings.providers.LanguageSettingsScannerInfoProviderTests" time="0.031"/>
  <testcase name="testResolvedPath" classname="org.eclipse.cdt.core.language.settings.providers.LanguageSettingsScannerInfoProviderTests" time="0.022"/>
  <testcase name="testEnvironmentVars" classname="org.eclipse.cdt.core.language.settings.providers.LanguageSettingsScannerInfoProviderTests" time="0.02"/>
  <testcase name="testParentFolder" classname="org.eclipse.cdt.core.language.settings.providers.LanguageSettingsScannerInfoProviderTests" time="0.041"/>
  <testcase name="testDuplicate" classname="org.eclipse.cdt.core.language.settings.providers.LanguageSettingsScannerInfoProviderTests" time="0.022"/>
  <testcase name="testNulls" classname="org.eclipse.cdt.core.language.settings.providers.LanguageSettingsProviderReferencedProjectsTests" time="0.006"/>
  <testcase name="testRecursiveReferences" classname="org.eclipse.cdt.core.language.settings.providers.LanguageSettingsProviderReferencedProjectsTests" time="0.066"/>
  <testcase name="testReferencedProjectProvider" classname="org.eclipse.cdt.core.language.settings.providers.LanguageSettingsProviderReferencedProjectsTests" time="0.064"/>
  <testcase name="testElementDeltas" classname="org.eclipse.cdt.core.model.tests.ElementDeltaTests" time="0.129"/>
  <testcase name="testWorkingCopy" classname="org.eclipse.cdt.core.model.tests.WorkingCopyTests" time="1.039"/>
  <testcase name="testRetireDepth2" classname="org.eclipse.cdt.core.internal.tests.PositionTrackerTests" time="0.184"/>
  <testcase name="testRetireDepth5" classname="org.eclipse.cdt.core.internal.tests.PositionTrackerTests" time="0.107"/>
  <testcase name="testInitialFailures" classname="org.eclipse.cdt.core.internal.tests.PositionTrackerTests" time="0"/>
  <testcase name="testRotations" classname="org.eclipse.cdt.core.internal.tests.PositionTrackerTests" time="0"/>
  <testcase name="testRandomDepth5" classname="org.eclipse.cdt.core.internal.tests.PositionTrackerTests" time="0.007"/>
  <testcase name="testInsertion" classname="org.eclipse.cdt.core.internal.tests.PositionTrackerTests" time="0.001"/>
  <testcase name="testRetireDepth10" classname="org.eclipse.cdt.core.internal.tests.PositionTrackerTests" time="0.087"/>
  <testcase name="testReplace" classname="org.eclipse.cdt.core.internal.tests.PositionTrackerTests" time="0"/>
  <testcase name="testRandomDepth10" classname="org.eclipse.cdt.core.internal.tests.PositionTrackerTests" time="0.018"/>
  <testcase name="testRandomDepth15" classname="org.eclipse.cdt.core.internal.tests.PositionTrackerTests" time="0.035"/>
  <testcase name="testRandomDepth20" classname="org.eclipse.cdt.core.internal.tests.PositionTrackerTests" time="0.039"/>
  <testcase name="testDepth4" classname="org.eclipse.cdt.core.internal.tests.PositionTrackerTests" time="0.685"/>
  <testcase name="testDeletion" classname="org.eclipse.cdt.core.internal.tests.PositionTrackerTests" time="0"/>
  <testcase name="testCollected" classname="org.eclipse.cdt.core.internal.tests.ResourceLookupTests" time="0.013"/>
  <testcase name="testNameLookup" classname="org.eclipse.cdt.core.internal.tests.ResourceLookupTests" time="0.017"/>
  <testcase name="testResourceDelta" classname="org.eclipse.cdt.core.internal.tests.ResourceLookupTests" time="0.02"/>
  <testcase name="testDeref" classname="org.eclipse.cdt.core.internal.tests.ResourceLookupTests" time="0.008"/>
  <testcase name="testLinkedResourceFiles" classname="org.eclipse.cdt.core.internal.tests.ResourceLookupTests" time="0.018"/>
  <testcase name="testFindFilesByLocation" classname="org.eclipse.cdt.core.internal.tests.ResourceLookupTests" time="0.012"/>
  <testcase name="testStringBuilderMethods" classname="org.eclipse.cdt.core.internal.tests.StringBuilderTest" time="0.013"/>
  <testcase name="testSafe" classname="org.eclipse.cdt.core.internal.tests.StringBuilderTest" time="0.001"/>
  <testcase name="testBug220158" classname="org.eclipse.cdt.core.internal.tests.StringBuilderTest" time="0"/>
  <testcase name="testOverriddenWorkspaceContentTypeMapping1" classname="org.eclipse.cdt.core.language.LanguageInheritanceTests" time="0.026"/>
  <testcase name="testOverriddenWorkspaceContentTypeMapping2" classname="org.eclipse.cdt.core.language.LanguageInheritanceTests" time="0.041"/>
  <testcase name="testDirectWorkspaceContentTypeMapping" classname="org.eclipse.cdt.core.language.LanguageInheritanceTests" time="0.037"/>
  <testcase name="testDirectProjectContentTypeMapping" classname="org.eclipse.cdt.core.language.LanguageInheritanceTests" time="0.039"/>
  <testcase name="testDirectFileMapping" classname="org.eclipse.cdt.core.language.LanguageInheritanceTests" time="0.041"/>
  <testcase name="testOverriddenProjectContentTypeMapping" classname="org.eclipse.cdt.core.language.LanguageInheritanceTests" time="0.041"/>
  <testcase name="CCastExpression" classname="org.eclipse.cdt.core.parser.tests.rewrite.astwriter.ASTWriterTest" time="0.449"/>
  <testcase name="CPPCastExpression" classname="org.eclipse.cdt.core.parser.tests.rewrite.astwriter.ASTWriterTest" time="0.312"/>
  <testcase name="ArraySubscrition" classname="org.eclipse.cdt.core.parser.tests.rewrite.astwriter.ASTWriterTest" time="0.161"/>
  <testcase name="CPPBinaryExpression" classname="org.eclipse.cdt.core.parser.tests.rewrite.astwriter.ASTWriterTest" time="0.195"/>
  <testcase name="BinaryExpression with MacroExpansions" classname="org.eclipse.cdt.core.parser.tests.rewrite.astwriter.ASTWriterTest" time="0.203"/>
  <testcase name="GPPBinaryExpression" classname="org.eclipse.cdt.core.parser.tests.rewrite.astwriter.ASTWriterTest" time="0.175"/>
  <testcase name="ConditionalExpression" classname="org.eclipse.cdt.core.parser.tests.rewrite.astwriter.ASTWriterTest" time="0.162"/>
  <testcase name="ExpressionList" classname="org.eclipse.cdt.core.parser.tests.rewrite.astwriter.ASTWriterTest" time="0.161"/>
  <testcase name="FieldReference" classname="org.eclipse.cdt.core.parser.tests.rewrite.astwriter.ASTWriterTest" time="0.143"/>
  <testcase name="CPPFieldReference" classname="org.eclipse.cdt.core.parser.tests.rewrite.astwriter.ASTWriterTest" time="0.146"/>
  <testcase name="FunctionCall" classname="org.eclipse.cdt.core.parser.tests.rewrite.astwriter.ASTWriterTest" time="0.144"/>
  <testcase name="IdExpression" classname="org.eclipse.cdt.core.parser.tests.rewrite.astwriter.ASTWriterTest" time="0.144"/>
  <testcase name="LiteralExpression" classname="org.eclipse.cdt.core.parser.tests.rewrite.astwriter.ASTWriterTest" time="0.151"/>
  <testcase name="CPPLiteralExpression" classname="org.eclipse.cdt.core.parser.tests.rewrite.astwriter.ASTWriterTest" time="0.142"/>
  <testcase name="UnaryExpression" classname="org.eclipse.cdt.core.parser.tests.rewrite.astwriter.ASTWriterTest" time="0.151"/>
  <testcase name="CPPUnaryExpression" classname="org.eclipse.cdt.core.parser.tests.rewrite.astwriter.ASTWriterTest" time="0.159"/>
  <testcase name="CPPUnaryExpression without operand Bug 318552" classname="org.eclipse.cdt.core.parser.tests.rewrite.astwriter.ASTWriterTest" time="0.149"/>
  <testcase name="TypeIdExpression" classname="org.eclipse.cdt.core.parser.tests.rewrite.astwriter.ASTWriterTest" time="0.148"/>
  <testcase name="CPPTypeIdExpression" classname="org.eclipse.cdt.core.parser.tests.rewrite.astwriter.ASTWriterTest" time="0.144"/>
  <testcase name="CPPDeleteExpression" classname="org.eclipse.cdt.core.parser.tests.rewrite.astwriter.ASTWriterTest" time="0.143"/>
  <testcase name="CPPNewExpression" classname="org.eclipse.cdt.core.parser.tests.rewrite.astwriter.ASTWriterTest" time="0.156"/>
  <testcase name="CPPSimpleTypeConstructorExpression" classname="org.eclipse.cdt.core.parser.tests.rewrite.astwriter.ASTWriterTest" time="0.15"/>
  <testcase name="DeclSpecifierTest" classname="org.eclipse.cdt.core.parser.tests.rewrite.astwriter.ASTWriterTest" time="0.161"/>
  <testcase name="CompositeTypeSpecifier" classname="org.eclipse.cdt.core.parser.tests.rewrite.astwriter.ASTWriterTest" time="0.141"/>
  <testcase name="ElaboratedTypeSpecifier" classname="org.eclipse.cdt.core.parser.tests.rewrite.astwriter.ASTWriterTest" time="0.144"/>
  <testcase name="EnumeratioSpecifier" classname="org.eclipse.cdt.core.parser.tests.rewrite.astwriter.ASTWriterTest" time="0.144"/>
  <testcase name="NamedTypeSpecifier" classname="org.eclipse.cdt.core.parser.tests.rewrite.astwriter.ASTWriterTest" time="0.142"/>
  <testcase name="SimpleDeclSpecifier" classname="org.eclipse.cdt.core.parser.tests.rewrite.astwriter.ASTWriterTest" time="0.153"/>
  <testcase name="CDeclSpecifer" classname="org.eclipse.cdt.core.parser.tests.rewrite.astwriter.ASTWriterTest" time="0.145"/>
  <testcase name="CCompositeTypeSpecifier" classname="org.eclipse.cdt.core.parser.tests.rewrite.astwriter.ASTWriterTest" time="0.148"/>
  <testcase name="CElaboratedTypeSpecifier" classname="org.eclipse.cdt.core.parser.tests.rewrite.astwriter.ASTWriterTest" time="0.144"/>
  <testcase name="CEnumeratioSpecifier" classname="org.eclipse.cdt.core.parser.tests.rewrite.astwriter.ASTWriterTest" time="0.145"/>
  <testcase name="CSimpleDeclSpecifier" classname="org.eclipse.cdt.core.parser.tests.rewrite.astwriter.ASTWriterTest" time="0.147"/>
  <testcase name="CPPCompositeTypeSpecifier" classname="org.eclipse.cdt.core.parser.tests.rewrite.astwriter.ASTWriterTest" time="0.152"/>
  <testcase name="protected Base Specifiers" classname="org.eclipse.cdt.core.parser.tests.rewrite.astwriter.ASTWriterTest" time="0.151"/>
  <testcase name="private Base Specifiers" classname="org.eclipse.cdt.core.parser.tests.rewrite.astwriter.ASTWriterTest" time="0.146"/>
  <testcase name="CPPNamedTypeSpecifier" classname="org.eclipse.cdt.core.parser.tests.rewrite.astwriter.ASTWriterTest" time="0.15"/>
  <testcase name="SimpleDeclSpecifier" classname="org.eclipse.cdt.core.parser.tests.rewrite.astwriter.ASTWriterTest" time="0.157"/>
  <testcase name="ICPPSimpleDeclSpecifier mutable Bug 40" classname="org.eclipse.cdt.core.parser.tests.rewrite.astwriter.ASTWriterTest" time="0.142"/>
  <testcase name="C++0x auto keyword Bug 318588" classname="org.eclipse.cdt.core.parser.tests.rewrite.astwriter.ASTWriterTest" time="0.141"/>
  <testcase name="C++0x long long keyword Bug 318588" classname="org.eclipse.cdt.core.parser.tests.rewrite.astwriter.ASTWriterTest" time="0.141"/>
  <testcase name="C++0x decltype" classname="org.eclipse.cdt.core.parser.tests.rewrite.astwriter.ASTWriterTest" time="0.149"/>
  <testcase name="C++0x typeof" classname="org.eclipse.cdt.core.parser.tests.rewrite.astwriter.ASTWriterTest" time="0.143"/>
  <testcase name="CPPCompositeTypeSpecifier declared final" classname="org.eclipse.cdt.core.parser.tests.rewrite.astwriter.ASTWriterTest" time="0.144"/>
  <testcase name="decltype(auto)" classname="org.eclipse.cdt.core.parser.tests.rewrite.astwriter.ASTWriterTest" time="0.141"/>
  <testcase name="Commented DeclSpecifierTest" classname="org.eclipse.cdt.core.parser.tests.rewrite.astwriter.ASTWriterTest" time="0.144"/>
  <testcase name="Commented CompositeTypeSpecifier" classname="org.eclipse.cdt.core.parser.tests.rewrite.astwriter.ASTWriterTest" time="0.142"/>
  <testcase name="Commented ElaboratedTypeSpecifier 1" classname="org.eclipse.cdt.core.parser.tests.rewrite.astwriter.ASTWriterTest" time="0.148"/>
  <testcase name="Commented ElaboratedTypeSpecifier 2" classname="org.eclipse.cdt.core.parser.tests.rewrite.astwriter.ASTWriterTest" time="0.146"/>
  <testcase name="Commented EnumeratioSpecifier" classname="org.eclipse.cdt.core.parser.tests.rewrite.astwriter.ASTWriterTest" time="0.142"/>
  <testcase name="NamedTypeSpecifier" classname="org.eclipse.cdt.core.parser.tests.rewrite.astwriter.ASTWriterTest" time="0.153"/>
  <testcase name="SimpleDeclSpecifier" classname="org.eclipse.cdt.core.parser.tests.rewrite.astwriter.ASTWriterTest" time="0.142"/>
  <testcase name="Commented CPPCompositeTypeSpecifier 1" classname="org.eclipse.cdt.core.parser.tests.rewrite.astwriter.ASTWriterTest" time="0.144"/>
  <testcase name="Commented CPPCompositeTypeSpecifier 2" classname="org.eclipse.cdt.core.parser.tests.rewrite.astwriter.ASTWriterTest" time="0.145"/>
  <testcase name="Commented CPPCompositeTypeSpecifier 3" classname="org.eclipse.cdt.core.parser.tests.rewrite.astwriter.ASTWriterTest" time="0.151"/>
  <testcase name="Commented CPPCompositeTypeSpecifier 4" classname="org.eclipse.cdt.core.parser.tests.rewrite.astwriter.ASTWriterTest" time="0.153"/>
  <testcase name="Commented CPPCompositeTypeSpecifier 5" classname="org.eclipse.cdt.core.parser.tests.rewrite.astwriter.ASTWriterTest" time="0.157"/>
  <testcase name="Commented CPPCompositeTypeSpecifier 6" classname="org.eclipse.cdt.core.parser.tests.rewrite.astwriter.ASTWriterTest" time="0.159"/>
  <testcase name="Commented CPPCompositeTypeSpecifier 7" classname="org.eclipse.cdt.core.parser.tests.rewrite.astwriter.ASTWriterTest" time="0.147"/>
  <testcase name="Commented CPPCompositeTypeSpecifier 8" classname="org.eclipse.cdt.core.parser.tests.rewrite.astwriter.ASTWriterTest" time="0.14"/>
  <testcase name="Commented CPPNamedTypeSpecifier 1" classname="org.eclipse.cdt.core.parser.tests.rewrite.astwriter.ASTWriterTest" time="0.146"/>
  <testcase name="Commented CPPNamedTypeSpecifier 2" classname="org.eclipse.cdt.core.parser.tests.rewrite.astwriter.ASTWriterTest" time="0.147"/>
  <testcase name="Commented SimpleDeclSpecifier 1" classname="org.eclipse.cdt.core.parser.tests.rewrite.astwriter.ASTWriterTest" time="0.148"/>
  <testcase name="Commented SimpleDeclSpecifier 2" classname="org.eclipse.cdt.core.parser.tests.rewrite.astwriter.ASTWriterTest" time="0.144"/>
  <testcase name="Commented DeclSpecifier in Definition" classname="org.eclipse.cdt.core.parser.tests.rewrite.astwriter.ASTWriterTest" time="0.143"/>
  <testcase name="DeclaratorTest" classname="org.eclipse.cdt.core.parser.tests.rewrite.astwriter.ASTWriterTest" time="0.149"/>
  <testcase name="ArrayDeclaratorTest" classname="org.eclipse.cdt.core.parser.tests.rewrite.astwriter.ASTWriterTest" time="0.152"/>
  <testcase name="FieldDeclaratorTest" classname="org.eclipse.cdt.core.parser.tests.rewrite.astwriter.ASTWriterTest" time="0.143"/>
  <testcase name="CStandardFunctionDeclaratorTest" classname="org.eclipse.cdt.core.parser.tests.rewrite.astwriter.ASTWriterTest" time="0.15"/>
  <testcase name="CPPStandardFunctionDeclaratorTest" classname="org.eclipse.cdt.core.parser.tests.rewrite.astwriter.ASTWriterTest" time="0.146"/>
  <testcase name="CPPFunctionDeclaratorTest" classname="org.eclipse.cdt.core.parser.tests.rewrite.astwriter.ASTWriterTest" time="0.146"/>
  <testcase name="ICPPASTFunctionTryBlockDeclarator" classname="org.eclipse.cdt.core.parser.tests.rewrite.astwriter.ASTWriterTest" time="0.159"/>
  <testcase name="CKnRFunctionDeclarator" classname="org.eclipse.cdt.core.parser.tests.rewrite.astwriter.ASTWriterTest" time="0.152"/>
  <testcase name="ICPPASTDeclarator with nested declarator being a variable" classname="org.eclipse.cdt.core.parser.tests.rewrite.astwriter.ASTWriterTest" time="0.142"/>
  <testcase name="ICPPASTDeclarator with nested declarator and redundant parentheses " classname="org.eclipse.cdt.core.parser.tests.rewrite.astwriter.ASTWriterTest" time="0.143"/>
  <testcase name="ICPPASTDeclarator with nested declarator as a method" classname="org.eclipse.cdt.core.parser.tests.rewrite.astwriter.ASTWriterTest" time="0.148"/>
  <testcase name="ICPPASTReferenceOperator rvalue reference" classname="org.eclipse.cdt.core.parser.tests.rewrite.astwriter.ASTWriterTest" time="0.156"/>
  <testcase name="ICPPASTFunctionDeclarator in member function declared final" classname="org.eclipse.cdt.core.parser.tests.rewrite.astwriter.ASTWriterTest" time="0.155"/>
  <testcase name="ICPPASTFunctionDeclarator in member function declared override" classname="org.eclipse.cdt.core.parser.tests.rewrite.astwriter.ASTWriterTest" time="0.19"/>
  <testcase name="ICPPASTFunctionDeclarator in member function declared override final" classname="org.eclipse.cdt.core.parser.tests.rewrite.astwriter.ASTWriterTest" time="0.185"/>
  <testcase name="ICPPASTFunctionDeclarator in member function definition declared final" classname="org.eclipse.cdt.core.parser.tests.rewrite.astwriter.ASTWriterTest" time="0.155"/>
  <testcase name="Noexcept without expression specifiers" classname="org.eclipse.cdt.core.parser.tests.rewrite.astwriter.ASTWriterTest" time="0.158"/>
  <testcase name="Noexcept with expression specifiers" classname="org.eclipse.cdt.core.parser.tests.rewrite.astwriter.ASTWriterTest" time="0.145"/>
  <testcase name="Nested noexcept specifiers" classname="org.eclipse.cdt.core.parser.tests.rewrite.astwriter.ASTWriterTest" time="0.158"/>
  <testcase name="Multiple nested noexcept specifiers" classname="org.eclipse.cdt.core.parser.tests.rewrite.astwriter.ASTWriterTest" time="0.143"/>
  <testcase name="Basic UDL operator" classname="org.eclipse.cdt.core.parser.tests.rewrite.astwriter.ASTWriterTest" time="0.145"/>
  <testcase name="Commented DeclaratorTest 1" classname="org.eclipse.cdt.core.parser.tests.rewrite.astwriter.ASTWriterTest" time="0.142"/>
  <testcase name="Commented DeclaratorTest 2" classname="org.eclipse.cdt.core.parser.tests.rewrite.astwriter.ASTWriterTest" time="0.142"/>
  <testcase name="Commented CPPFunctionDeclaratorTest 1" classname="org.eclipse.cdt.core.parser.tests.rewrite.astwriter.ASTWriterTest" time="0.146"/>
  <testcase name="Commented CPPFunctionDeclaratorTest 2" classname="org.eclipse.cdt.core.parser.tests.rewrite.astwriter.ASTWriterTest" time="0.148"/>
  <testcase name="Commented CPPFunctionDeclaratorTest 3" classname="org.eclipse.cdt.core.parser.tests.rewrite.astwriter.ASTWriterTest" time="0.144"/>
  <testcase name="Commented CPPFunctionDeclaratorTest 4" classname="org.eclipse.cdt.core.parser.tests.rewrite.astwriter.ASTWriterTest" time="0.141"/>
  <testcase name="Commented ICPPASTFunctionTryBlockDeclarator1" classname="org.eclipse.cdt.core.parser.tests.rewrite.astwriter.ASTWriterTest" time="0.143"/>
  <testcase name="Commented ICPPASTFunctionTryBlockDeclarator2" classname="org.eclipse.cdt.core.parser.tests.rewrite.astwriter.ASTWriterTest" time="0.142"/>
  <testcase name="Commented ICPPASTFunctionTryBlockDeclarator3" classname="org.eclipse.cdt.core.parser.tests.rewrite.astwriter.ASTWriterTest" time="0.142"/>
  <testcase name="Commented ICPPASTFunctionTryBlockDeclarator3b" classname="org.eclipse.cdt.core.parser.tests.rewrite.astwriter.ASTWriterTest" time="0.149"/>
  <testcase name="Commented ICPPASTFunctionTryBlockDeclarator4" classname="org.eclipse.cdt.core.parser.tests.rewrite.astwriter.ASTWriterTest" time="0.146"/>
  <testcase name="Commented ICPPASTFunctionTryBlockDeclarator5" classname="org.eclipse.cdt.core.parser.tests.rewrite.astwriter.ASTWriterTest" time="0.151"/>
  <testcase name="Commented ICPPASTFunctionTryBlockDeclarator6" classname="org.eclipse.cdt.core.parser.tests.rewrite.astwriter.ASTWriterTest" time="0.167"/>
  <testcase name="Commented ICPPASTFunctionTryBlockDeclarator7" classname="org.eclipse.cdt.core.parser.tests.rewrite.astwriter.ASTWriterTest" time="0.148"/>
  <testcase name="Commented ICPPASTFunctionTryBlockDeclarator8" classname="org.eclipse.cdt.core.parser.tests.rewrite.astwriter.ASTWriterTest" time="0.146"/>
  <testcase name="Commented ICPPASTFunctionTryBlockDeclarator9" classname="org.eclipse.cdt.core.parser.tests.rewrite.astwriter.ASTWriterTest" time="0.152"/>
  <testcase name="Commented ICPPASTFunctionTryBlockDeclarator11" classname="org.eclipse.cdt.core.parser.tests.rewrite.astwriter.ASTWriterTest" time="0.151"/>
  <testcase name="Commented ICPPASTFunctionTryBlockDeclarator12" classname="org.eclipse.cdt.core.parser.tests.rewrite.astwriter.ASTWriterTest" time="0.148"/>
  <testcase name="Commented ICPPASTFunctionTryBlockDeclarator13" classname="org.eclipse.cdt.core.parser.tests.rewrite.astwriter.ASTWriterTest" time="0.16"/>
  <testcase name="BreakStatementTest" classname="org.eclipse.cdt.core.parser.tests.rewrite.astwriter.ASTWriterTest" time="0.145"/>
  <testcase name="CaseDefaultStatementTest" classname="org.eclipse.cdt.core.parser.tests.rewrite.astwriter.ASTWriterTest" time="0.145"/>
  <testcase name="CompoundStatementTest" classname="org.eclipse.cdt.core.parser.tests.rewrite.astwriter.ASTWriterTest" time="0.142"/>
  <testcase name="ContinueStatementTest" classname="org.eclipse.cdt.core.parser.tests.rewrite.astwriter.ASTWriterTest" time="0.174"/>
  <testcase name="DeclarationStatementTest" classname="org.eclipse.cdt.core.parser.tests.rewrite.astwriter.ASTWriterTest" time="0.148"/>
  <testcase name="DoStatementTest" classname="org.eclipse.cdt.core.parser.tests.rewrite.astwriter.ASTWriterTest" time="0.146"/>
  <testcase name="ExpressionStatementTest" classname="org.eclipse.cdt.core.parser.tests.rewrite.astwriter.ASTWriterTest" time="0.143"/>
  <testcase name="ForStatementTest" classname="org.eclipse.cdt.core.parser.tests.rewrite.astwriter.ASTWriterTest" time="0.144"/>
  <testcase name="C ForStatement" classname="org.eclipse.cdt.core.parser.tests.rewrite.astwriter.ASTWriterTest" time="0.144"/>
  <testcase name="Goto&amp;LabelStatementTest" classname="org.eclipse.cdt.core.parser.tests.rewrite.astwriter.ASTWriterTest" time="0.142"/>
  <testcase name="CPP GNU Goto Expression Statement Test" classname="org.eclipse.cdt.core.parser.tests.rewrite.astwriter.ASTWriterTest" time="0.161"/>
  <testcase name="C GNU Goto Expression Statement Test" classname="org.eclipse.cdt.core.parser.tests.rewrite.astwriter.ASTWriterTest" time="0.179"/>
  <testcase name="IfStatementTest" classname="org.eclipse.cdt.core.parser.tests.rewrite.astwriter.ASTWriterTest" time="0.155"/>
  <testcase name="IfStatementTest" classname="org.eclipse.cdt.core.parser.tests.rewrite.astwriter.ASTWriterTest" time="0.164"/>
  <testcase name="C IfStatementTest" classname="org.eclipse.cdt.core.parser.tests.rewrite.astwriter.ASTWriterTest" time="0.151"/>
  <testcase name="NullStatementTest" classname="org.eclipse.cdt.core.parser.tests.rewrite.astwriter.ASTWriterTest" time="0.174"/>
  <testcase name="ReturnStatementTest" classname="org.eclipse.cdt.core.parser.tests.rewrite.astwriter.ASTWriterTest" time="0.16"/>
  <testcase name="SwitchStatementTest" classname="org.eclipse.cdt.core.parser.tests.rewrite.astwriter.ASTWriterTest" time="0.153"/>
  <testcase name="SwitchStatementTest" classname="org.eclipse.cdt.core.parser.tests.rewrite.astwriter.ASTWriterTest" time="0.146"/>
  <testcase name="GNUSwitchStatementTest" classname="org.eclipse.cdt.core.parser.tests.rewrite.astwriter.ASTWriterTest" time="0.147"/>
  <testcase name="GNUSwitchStatementTest" classname="org.eclipse.cdt.core.parser.tests.rewrite.astwriter.ASTWriterTest" time="0.144"/>
  <testcase name="WhileStatementTest" classname="org.eclipse.cdt.core.parser.tests.rewrite.astwriter.ASTWriterTest" time="0.147"/>
  <testcase name="C WhileStatementTest" classname="org.eclipse.cdt.core.parser.tests.rewrite.astwriter.ASTWriterTest" time="0.155"/>
  <testcase name="TryBlockStatement" classname="org.eclipse.cdt.core.parser.tests.rewrite.astwriter.ASTWriterTest" time="0.144"/>
  <testcase name="MixedStatement" classname="org.eclipse.cdt.core.parser.tests.rewrite.astwriter.ASTWriterTest" time="0.143"/>
  <testcase name="ArrayDeclarationStatementTest" classname="org.eclipse.cdt.core.parser.tests.rewrite.astwriter.ASTWriterTest" time="0.145"/>
  <testcase name="Commented BreakStatementTest 1" classname="org.eclipse.cdt.core.parser.tests.rewrite.astwriter.ASTWriterTest" time="0.147"/>
  <testcase name="Commented BreakStatementTest 2" classname="org.eclipse.cdt.core.parser.tests.rewrite.astwriter.ASTWriterTest" time="0.154"/>
  <testcase name="Commented CompoundStatementTest 1" classname="org.eclipse.cdt.core.parser.tests.rewrite.astwriter.ASTWriterTest" time="0.143"/>
  <testcase name="Commented CompoundStatementTest 2" classname="org.eclipse.cdt.core.parser.tests.rewrite.astwriter.ASTWriterTest" time="0.146"/>
  <testcase name="Commented ContinueStatementTest 1" classname="org.eclipse.cdt.core.parser.tests.rewrite.astwriter.ASTWriterTest" time="0.144"/>
  <testcase name="Commented ContinueStatementTest 2" classname="org.eclipse.cdt.core.parser.tests.rewrite.astwriter.ASTWriterTest" time="0.15"/>
  <testcase name="Commented DeclarationStatementTest 1" classname="org.eclipse.cdt.core.parser.tests.rewrite.astwriter.ASTWriterTest" time="0.144"/>
  <testcase name="Commented DeclarationStatementTest 2" classname="org.eclipse.cdt.core.parser.tests.rewrite.astwriter.ASTWriterTest" time="0.147"/>
  <testcase name="Commented DoStatementTest 1" classname="org.eclipse.cdt.core.parser.tests.rewrite.astwriter.ASTWriterTest" time="0.143"/>
  <testcase name="Commented DoStatementTest 2" classname="org.eclipse.cdt.core.parser.tests.rewrite.astwriter.ASTWriterTest" time="0.142"/>
  <testcase name="Commented DoStatementTest 3" classname="org.eclipse.cdt.core.parser.tests.rewrite.astwriter.ASTWriterTest" time="0.147"/>
  <testcase name="Commented ExpressionsStatement1" classname="org.eclipse.cdt.core.parser.tests.rewrite.astwriter.ASTWriterTest" time="0.144"/>
  <testcase name="Commented ExpressionsStatement2" classname="org.eclipse.cdt.core.parser.tests.rewrite.astwriter.ASTWriterTest" time="0.144"/>
  <testcase name="Commented ExpressionsStatement3" classname="org.eclipse.cdt.core.parser.tests.rewrite.astwriter.ASTWriterTest" time="0.142"/>
  <testcase name="Commented ForStatementTest 1" classname="org.eclipse.cdt.core.parser.tests.rewrite.astwriter.ASTWriterTest" time="0.145"/>
  <testcase name="Commented ForStatementTest 2" classname="org.eclipse.cdt.core.parser.tests.rewrite.astwriter.ASTWriterTest" time="0.148"/>
  <testcase name="Commented ForStatementTest 3" classname="org.eclipse.cdt.core.parser.tests.rewrite.astwriter.ASTWriterTest" time="0.148"/>
  <testcase name="Commented GotoStatement1" classname="org.eclipse.cdt.core.parser.tests.rewrite.astwriter.ASTWriterTest" time="0.149"/>
  <testcase name="Commented GotoStatement2" classname="org.eclipse.cdt.core.parser.tests.rewrite.astwriter.ASTWriterTest" time="0.157"/>
  <testcase name="Commented GotoStatement3" classname="org.eclipse.cdt.core.parser.tests.rewrite.astwriter.ASTWriterTest" time="0.147"/>
  <testcase name="Commented GotoStatement4" classname="org.eclipse.cdt.core.parser.tests.rewrite.astwriter.ASTWriterTest" time="0.153"/>
  <testcase name="Commented GotoStatement5" classname="org.eclipse.cdt.core.parser.tests.rewrite.astwriter.ASTWriterTest" time="0.144"/>
  <testcase name="Commented LabelStatement1" classname="org.eclipse.cdt.core.parser.tests.rewrite.astwriter.ASTWriterTest" time="0.145"/>
  <testcase name="Commented LabelStatement2" classname="org.eclipse.cdt.core.parser.tests.rewrite.astwriter.ASTWriterTest" time="0.144"/>
  <testcase name="Commented LabelStatement3" classname="org.eclipse.cdt.core.parser.tests.rewrite.astwriter.ASTWriterTest" time="0.153"/>
  <testcase name="Commented LabelStatement4" classname="org.eclipse.cdt.core.parser.tests.rewrite.astwriter.ASTWriterTest" time="0.141"/>
  <testcase name="Commented LabelStatement5" classname="org.eclipse.cdt.core.parser.tests.rewrite.astwriter.ASTWriterTest" time="0.145"/>
  <testcase name="Commented IfStatementTest 1" classname="org.eclipse.cdt.core.parser.tests.rewrite.astwriter.ASTWriterTest" time="0.142"/>
  <testcase name="Commented IfStatementTest 2" classname="org.eclipse.cdt.core.parser.tests.rewrite.astwriter.ASTWriterTest" time="0.148"/>
  <testcase name="Commented IfStatementTest 3" classname="org.eclipse.cdt.core.parser.tests.rewrite.astwriter.ASTWriterTest" time="0.144"/>
  <testcase name="Commented IfStatementTest 4" classname="org.eclipse.cdt.core.parser.tests.rewrite.astwriter.ASTWriterTest" time="0.14"/>
  <testcase name="Commented IfStatementTest 5" classname="org.eclipse.cdt.core.parser.tests.rewrite.astwriter.ASTWriterTest" time="0.15"/>
  <testcase name="NullStatementTest" classname="org.eclipse.cdt.core.parser.tests.rewrite.astwriter.ASTWriterTest" time="0.144"/>
  <testcase name="Commented ReturnStatement1" classname="org.eclipse.cdt.core.parser.tests.rewrite.astwriter.ASTWriterTest" time="0.143"/>
  <testcase name="Commented ReturnStatement2" classname="org.eclipse.cdt.core.parser.tests.rewrite.astwriter.ASTWriterTest" time="0.153"/>
  <testcase name="Commented ReturnStatement3" classname="org.eclipse.cdt.core.parser.tests.rewrite.astwriter.ASTWriterTest" time="0.151"/>
  <testcase name="Commented SwitchStatementTest 1" classname="org.eclipse.cdt.core.parser.tests.rewrite.astwriter.ASTWriterTest" time="0.148"/>
  <testcase name="Commented SwitchStatementTest 2" classname="org.eclipse.cdt.core.parser.tests.rewrite.astwriter.ASTWriterTest" time="0.152"/>
  <testcase name="Commented SwitchStatementTest 3" classname="org.eclipse.cdt.core.parser.tests.rewrite.astwriter.ASTWriterTest" time="0.144"/>
  <testcase name="Commented WhileStatementTest 1" classname="org.eclipse.cdt.core.parser.tests.rewrite.astwriter.ASTWriterTest" time="0.146"/>
  <testcase name="Commented WhileStatementTest 2" classname="org.eclipse.cdt.core.parser.tests.rewrite.astwriter.ASTWriterTest" time="0.142"/>
  <testcase name="Commented WhileStatementTest 3" classname="org.eclipse.cdt.core.parser.tests.rewrite.astwriter.ASTWriterTest" time="0.144"/>
  <testcase name="TryBlockStatement" classname="org.eclipse.cdt.core.parser.tests.rewrite.astwriter.ASTWriterTest" time="0.145"/>
  <testcase name="NameTest" classname="org.eclipse.cdt.core.parser.tests.rewrite.astwriter.ASTWriterTest" time="0.146"/>
  <testcase name="QualifiedName" classname="org.eclipse.cdt.core.parser.tests.rewrite.astwriter.ASTWriterTest" time="0.148"/>
  <testcase name="FullyQualifiedName" classname="org.eclipse.cdt.core.parser.tests.rewrite.astwriter.ASTWriterTest" time="0.146"/>
  <testcase name="OperatorName" classname="org.eclipse.cdt.core.parser.tests.rewrite.astwriter.ASTWriterTest" time="0.149"/>
  <testcase name="ConversionName" classname="org.eclipse.cdt.core.parser.tests.rewrite.astwriter.ASTWriterTest" time="0.147"/>
  <testcase name="TemplateID" classname="org.eclipse.cdt.core.parser.tests.rewrite.astwriter.ASTWriterTest" time="0.155"/>
  <testcase name="NestedTemplates" classname="org.eclipse.cdt.core.parser.tests.rewrite.astwriter.ASTWriterTest" time="0.144"/>
  <testcase name="Commented NameTest1" classname="org.eclipse.cdt.core.parser.tests.rewrite.astwriter.ASTWriterTest" time="0.142"/>
  <testcase name="Commented NameTest2" classname="org.eclipse.cdt.core.parser.tests.rewrite.astwriter.ASTWriterTest" time="0.145"/>
  <testcase name="Commented NameTest2" classname="org.eclipse.cdt.core.parser.tests.rewrite.astwriter.ASTWriterTest" time="0.15"/>
  <testcase name="Commented QualifiedName1" classname="org.eclipse.cdt.core.parser.tests.rewrite.astwriter.ASTWriterTest" time="0.146"/>
  <testcase name="Commented QualifiedName1" classname="org.eclipse.cdt.core.parser.tests.rewrite.astwriter.ASTWriterTest" time="0.147"/>
  <testcase name="Commented QualifiedName1" classname="org.eclipse.cdt.core.parser.tests.rewrite.astwriter.ASTWriterTest" time="0.145"/>
  <testcase name="Commented OperatorName1" classname="org.eclipse.cdt.core.parser.tests.rewrite.astwriter.ASTWriterTest" time="0.146"/>
  <testcase name="Commented OperatorName2" classname="org.eclipse.cdt.core.parser.tests.rewrite.astwriter.ASTWriterTest" time="0.143"/>
  <testcase name="Commented ConversionName1" classname="org.eclipse.cdt.core.parser.tests.rewrite.astwriter.ASTWriterTest" time="0.144"/>
  <testcase name="Commented ConversionName2" classname="org.eclipse.cdt.core.parser.tests.rewrite.astwriter.ASTWriterTest" time="0.143"/>
  <testcase name="Commented ConversionName3" classname="org.eclipse.cdt.core.parser.tests.rewrite.astwriter.ASTWriterTest" time="0.145"/>
  <testcase name="Commented TemplateID1" classname="org.eclipse.cdt.core.parser.tests.rewrite.astwriter.ASTWriterTest" time="0.148"/>
  <testcase name="Commented TemplateID2" classname="org.eclipse.cdt.core.parser.tests.rewrite.astwriter.ASTWriterTest" time="0.143"/>
  <testcase name="Commented NestedTemplates1" classname="org.eclipse.cdt.core.parser.tests.rewrite.astwriter.ASTWriterTest" time="0.146"/>
  <testcase name="Commented NestedTemplates2" classname="org.eclipse.cdt.core.parser.tests.rewrite.astwriter.ASTWriterTest" time="0.143"/>
  <testcase name="InitializerExpressionTest" classname="org.eclipse.cdt.core.parser.tests.rewrite.astwriter.ASTWriterTest" time="0.145"/>
  <testcase name="InitializerListTest" classname="org.eclipse.cdt.core.parser.tests.rewrite.astwriter.ASTWriterTest" time="0.153"/>
  <testcase name="DesignatedInitializer" classname="org.eclipse.cdt.core.parser.tests.rewrite.astwriter.ASTWriterTest" time="0.162"/>
  <testcase name="CPPConstructorInitializer" classname="org.eclipse.cdt.core.parser.tests.rewrite.astwriter.ASTWriterTest" time="0.161"/>
  <testcase name="CArrayDesignator" classname="org.eclipse.cdt.core.parser.tests.rewrite.astwriter.ASTWriterTest" time="0.153"/>
  <testcase name="ASMDeclarationTest" classname="org.eclipse.cdt.core.parser.tests.rewrite.astwriter.ASTWriterTest" time="0.155"/>
  <testcase name="FunctionDefinitionTest" classname="org.eclipse.cdt.core.parser.tests.rewrite.astwriter.ASTWriterTest" time="0.159"/>
  <testcase name="SimpleDeclarationTest" classname="org.eclipse.cdt.core.parser.tests.rewrite.astwriter.ASTWriterTest" time="0.152"/>
  <testcase name="ExplicitTemplateInstantion" classname="org.eclipse.cdt.core.parser.tests.rewrite.astwriter.ASTWriterTest" time="0.141"/>
  <testcase name="GPPExplicitTemplateInstantion" classname="org.eclipse.cdt.core.parser.tests.rewrite.astwriter.ASTWriterTest" time="0.143"/>
  <testcase name="LinkageSpecification" classname="org.eclipse.cdt.core.parser.tests.rewrite.astwriter.ASTWriterTest" time="0.144"/>
  <testcase name="NamespaceAlias" classname="org.eclipse.cdt.core.parser.tests.rewrite.astwriter.ASTWriterTest" time="0.148"/>
  <testcase name="NamespaceDefinition" classname="org.eclipse.cdt.core.parser.tests.rewrite.astwriter.ASTWriterTest" time="0.14"/>
  <testcase name="TemplateDeclaration" classname="org.eclipse.cdt.core.parser.tests.rewrite.astwriter.ASTWriterTest" time="0.149"/>
  <testcase name="NestedTemplateDeclaration" classname="org.eclipse.cdt.core.parser.tests.rewrite.astwriter.ASTWriterTest" time="0.147"/>
  <testcase name="TemplateSpecialization" classname="org.eclipse.cdt.core.parser.tests.rewrite.astwriter.ASTWriterTest" time="0.144"/>
  <testcase name="UsingDeclaration" classname="org.eclipse.cdt.core.parser.tests.rewrite.astwriter.ASTWriterTest" time="0.147"/>
  <testcase name="UsingDirective" classname="org.eclipse.cdt.core.parser.tests.rewrite.astwriter.ASTWriterTest" time="0.145"/>
  <testcase name="VisibilityLabel" classname="org.eclipse.cdt.core.parser.tests.rewrite.astwriter.ASTWriterTest" time="0.144"/>
  <testcase name="CommentBeforeSimpleDeclaration" classname="org.eclipse.cdt.core.parser.tests.rewrite.astwriter.ASTWriterTest" time="0.145"/>
  <testcase name="Typename qualifier" classname="org.eclipse.cdt.core.parser.tests.rewrite.astwriter.ASTWriterTest" time="0.151"/>
  <testcase name="Variadic Template" classname="org.eclipse.cdt.core.parser.tests.rewrite.astwriter.ASTWriterTest" time="0.146"/>
  <testcase name="Commented ASMDeclarationTest 1" classname="org.eclipse.cdt.core.parser.tests.rewrite.astwriter.ASTWriterTest" time="0.154"/>
  <testcase name="Commented ASMDeclarationTest 2" classname="org.eclipse.cdt.core.parser.tests.rewrite.astwriter.ASTWriterTest" time="0.152"/>
  <testcase name="Commented FunctionDefinitionTest 1" classname="org.eclipse.cdt.core.parser.tests.rewrite.astwriter.ASTWriterTest" time="0.143"/>
  <testcase name="Commented FunctionDefinitionTest 2" classname="org.eclipse.cdt.core.parser.tests.rewrite.astwriter.ASTWriterTest" time="0.143"/>
  <testcase name="Commented SimpleDeclarationTest 1" classname="org.eclipse.cdt.core.parser.tests.rewrite.astwriter.ASTWriterTest" time="0.141"/>
  <testcase name="Commented SimpleDeclarationTest 2" classname="org.eclipse.cdt.core.parser.tests.rewrite.astwriter.ASTWriterTest" time="0.148"/>
  <testcase name="Commented ExplicitTemplateInstantion 1" classname="org.eclipse.cdt.core.parser.tests.rewrite.astwriter.ASTWriterTest" time="0.142"/>
  <testcase name="Commented ExplicitTemplateInstantion 2" classname="org.eclipse.cdt.core.parser.tests.rewrite.astwriter.ASTWriterTest" time="0.148"/>
  <testcase name="Commented GPPExplicitTemplateInstantion 1" classname="org.eclipse.cdt.core.parser.tests.rewrite.astwriter.ASTWriterTest" time="0.144"/>
  <testcase name="Commented LinkageSpecification 1" classname="org.eclipse.cdt.core.parser.tests.rewrite.astwriter.ASTWriterTest" time="0.153"/>
  <testcase name="Commented LinkageSpecification 2" classname="org.eclipse.cdt.core.parser.tests.rewrite.astwriter.ASTWriterTest" time="0.172"/>
  <testcase name="Commented NamespaceAlias 1" classname="org.eclipse.cdt.core.parser.tests.rewrite.astwriter.ASTWriterTest" time="0.149"/>
  <testcase name="Commented NamespaceAlias 2" classname="org.eclipse.cdt.core.parser.tests.rewrite.astwriter.ASTWriterTest" time="0.148"/>
  <testcase name="Commented NamespaceDefinition 1" classname="org.eclipse.cdt.core.parser.tests.rewrite.astwriter.ASTWriterTest" time="0.15"/>
  <testcase name="Commented NamespaceDefinition 2" classname="org.eclipse.cdt.core.parser.tests.rewrite.astwriter.ASTWriterTest" time="0.144"/>
  <testcase name="Commented NamespaceDefinition 3" classname="org.eclipse.cdt.core.parser.tests.rewrite.astwriter.ASTWriterTest" time="0.145"/>
  <testcase name="Commented NamespaceDefinition 4" classname="org.eclipse.cdt.core.parser.tests.rewrite.astwriter.ASTWriterTest" time="0.146"/>
  <testcase name="Commented TemplateDeclaration 1" classname="org.eclipse.cdt.core.parser.tests.rewrite.astwriter.ASTWriterTest" time="0.147"/>
  <testcase name="Commented TemplateDeclaration 2" classname="org.eclipse.cdt.core.parser.tests.rewrite.astwriter.ASTWriterTest" time="0.146"/>
  <testcase name="Commented NestedTemplateDeclaration 1" classname="org.eclipse.cdt.core.parser.tests.rewrite.astwriter.ASTWriterTest" time="0.147"/>
  <testcase name="Commented NestedTemplateDeclaration 2" classname="org.eclipse.cdt.core.parser.tests.rewrite.astwriter.ASTWriterTest" time="0.142"/>
  <testcase name="Commented TemplateSpecialization 1" classname="org.eclipse.cdt.core.parser.tests.rewrite.astwriter.ASTWriterTest" time="0.145"/>
  <testcase name="Commented TemplateSpecialization 2" classname="org.eclipse.cdt.core.parser.tests.rewrite.astwriter.ASTWriterTest" time="0.149"/>
  <testcase name="Commented UsingDeclaration 1" classname="org.eclipse.cdt.core.parser.tests.rewrite.astwriter.ASTWriterTest" time="0.149"/>
  <testcase name="Commented UsingDirective 1" classname="org.eclipse.cdt.core.parser.tests.rewrite.astwriter.ASTWriterTest" time="0.143"/>
  <testcase name="Commented VisibilityLabel 1" classname="org.eclipse.cdt.core.parser.tests.rewrite.astwriter.ASTWriterTest" time="0.142"/>
  <testcase name="Comment BeforeSimpleDeclaration 1" classname="org.eclipse.cdt.core.parser.tests.rewrite.astwriter.ASTWriterTest" time="0.148"/>
  <testcase name="Comment BeforeSimpleDeclaration 2" classname="org.eclipse.cdt.core.parser.tests.rewrite.astwriter.ASTWriterTest" time="0.152"/>
  <testcase name="Commented typename qualifier 1" classname="org.eclipse.cdt.core.parser.tests.rewrite.astwriter.ASTWriterTest" time="0.143"/>
  <testcase name="Commented typename qualifier 2" classname="org.eclipse.cdt.core.parser.tests.rewrite.astwriter.ASTWriterTest" time="0.148"/>
  <testcase name="[temp.names] examples abschnitt 4/1" classname="org.eclipse.cdt.core.parser.tests.rewrite.astwriter.ASTWriterTest" time="0.149"/>
  <testcase name="[temp.names] examples abschnitt 4/2, didn&apos;t work cause of Bug# 164482" classname="org.eclipse.cdt.core.parser.tests.rewrite.astwriter.ASTWriterTest" time="0.145"/>
  <testcase name="[temp.alias] Template alias declaration" classname="org.eclipse.cdt.core.parser.tests.rewrite.astwriter.ASTWriterTest" time="0.15"/>
  <testcase name="Variadic Function Template" classname="org.eclipse.cdt.core.parser.tests.rewrite.astwriter.ASTWriterTest" time="0.15"/>
  <testcase name="Variadic Class Template" classname="org.eclipse.cdt.core.parser.tests.rewrite.astwriter.ASTWriterTest" time="0.148"/>
  <testcase name="Variable Template" classname="org.eclipse.cdt.core.parser.tests.rewrite.astwriter.ASTWriterTest" time="0.151"/>
  <testcase name="Field Template" classname="org.eclipse.cdt.core.parser.tests.rewrite.astwriter.ASTWriterTest" time="0.151"/>
  <testcase name="Field Template in Template" classname="org.eclipse.cdt.core.parser.tests.rewrite.astwriter.ASTWriterTest" time="0.163"/>
  <testcase name="CommentRecognition000" classname="org.eclipse.cdt.core.parser.tests.rewrite.astwriter.ASTWriterTest" time="0.143"/>
  <testcase name="CommentRecognition00" classname="org.eclipse.cdt.core.parser.tests.rewrite.astwriter.ASTWriterTest" time="0.15"/>
  <testcase name="CommentRecognition0" classname="org.eclipse.cdt.core.parser.tests.rewrite.astwriter.ASTWriterTest" time="0.147"/>
  <testcase name="DeclarationWithTraillingDoubleComments" classname="org.eclipse.cdt.core.parser.tests.rewrite.astwriter.ASTWriterTest" time="0.148"/>
  <testcase name="DeclarationWithLeadingDoubleComments" classname="org.eclipse.cdt.core.parser.tests.rewrite.astwriter.ASTWriterTest" time="0.145"/>
  <testcase name="DeclarationWithTraillingAndLeadingComments" classname="org.eclipse.cdt.core.parser.tests.rewrite.astwriter.ASTWriterTest" time="0.147"/>
  <testcase name="DeclarationWithTraillingAndLeadingComments" classname="org.eclipse.cdt.core.parser.tests.rewrite.astwriter.ASTWriterTest" time="0.145"/>
  <testcase name="DeclarationWithTraillingComments" classname="org.eclipse.cdt.core.parser.tests.rewrite.astwriter.ASTWriterTest" time="0.146"/>
  <testcase name="DeclarationWithTraillingComments" classname="org.eclipse.cdt.core.parser.tests.rewrite.astwriter.ASTWriterTest" time="0.153"/>
  <testcase name="Method witch Trailercomment" classname="org.eclipse.cdt.core.parser.tests.rewrite.astwriter.ASTWriterTest" time="0.143"/>
  <testcase name="Method witch Trailercomment2" classname="org.eclipse.cdt.core.parser.tests.rewrite.astwriter.ASTWriterTest" time="0.148"/>
  <testcase name="Method witch Trailercomment3" classname="org.eclipse.cdt.core.parser.tests.rewrite.astwriter.ASTWriterTest" time="0.146"/>
  <testcase name="ClassCommentTest" classname="org.eclipse.cdt.core.parser.tests.rewrite.astwriter.ASTWriterTest" time="0.15"/>
  <testcase name="Comment1 - von CERP" classname="org.eclipse.cdt.core.parser.tests.rewrite.astwriter.ASTWriterTest" time="0.144"/>
  <testcase name="Comment2 - von CERP" classname="org.eclipse.cdt.core.parser.tests.rewrite.astwriter.ASTWriterTest" time="0.151"/>
  <testcase name="Comment3 - von CERP" classname="org.eclipse.cdt.core.parser.tests.rewrite.astwriter.ASTWriterTest" time="0.148"/>
  <testcase name="Comment4 - von CERP" classname="org.eclipse.cdt.core.parser.tests.rewrite.astwriter.ASTWriterTest" time="0.142"/>
  <testcase name="CommentRecognition1 - von CERP" classname="org.eclipse.cdt.core.parser.tests.rewrite.astwriter.ASTWriterTest" time="0.145"/>
  <testcase name="CommentRecognition2 - von CERP" classname="org.eclipse.cdt.core.parser.tests.rewrite.astwriter.ASTWriterTest" time="0.148"/>
  <testcase name="CommentRecognition3 - von CERP" classname="org.eclipse.cdt.core.parser.tests.rewrite.astwriter.ASTWriterTest" time="0.147"/>
  <testcase name="CommentRecognition4 - von CERP" classname="org.eclipse.cdt.core.parser.tests.rewrite.astwriter.ASTWriterTest" time="0.144"/>
  <testcase name="CommentRecognition5 - von CERP" classname="org.eclipse.cdt.core.parser.tests.rewrite.astwriter.ASTWriterTest" time="0.146"/>
  <testcase name="CommentRecognition6 - von CERP" classname="org.eclipse.cdt.core.parser.tests.rewrite.astwriter.ASTWriterTest" time="0.146"/>
  <testcase name="CommentRecognition7 - von CERP" classname="org.eclipse.cdt.core.parser.tests.rewrite.astwriter.ASTWriterTest" time="0.142"/>
  <testcase name="CommentRecognition8 - von CERP" classname="org.eclipse.cdt.core.parser.tests.rewrite.astwriter.ASTWriterTest" time="0.145"/>
  <testcase name="CommentRecognition9 - von CERP" classname="org.eclipse.cdt.core.parser.tests.rewrite.astwriter.ASTWriterTest" time="0.145"/>
  <testcase name="CommentRecognition10 - von CERP" classname="org.eclipse.cdt.core.parser.tests.rewrite.astwriter.ASTWriterTest" time="0.147"/>
  <testcase name="CommentRecognition11 - von CERP" classname="org.eclipse.cdt.core.parser.tests.rewrite.astwriter.ASTWriterTest" time="0.145"/>
  <testcase name="CommentRecognition11b - von CERP" classname="org.eclipse.cdt.core.parser.tests.rewrite.astwriter.ASTWriterTest" time="0.145"/>
  <testcase name="CommentRecognition12 - von CERP" classname="org.eclipse.cdt.core.parser.tests.rewrite.astwriter.ASTWriterTest" time="0.147"/>
  <testcase name="CommentRecognition13 - von CERP" classname="org.eclipse.cdt.core.parser.tests.rewrite.astwriter.ASTWriterTest" time="0.158"/>
  <testcase name="CommentRecognition14 - von CERP" classname="org.eclipse.cdt.core.parser.tests.rewrite.astwriter.ASTWriterTest" time="0.176"/>
  <testcase name="CommentRecognition15 - von CERP" classname="org.eclipse.cdt.core.parser.tests.rewrite.astwriter.ASTWriterTest" time="0.145"/>
  <testcase name="CommentRecognition16 - von CERP" classname="org.eclipse.cdt.core.parser.tests.rewrite.astwriter.ASTWriterTest" time="0.168"/>
  <testcase name="CommentRecognition17 - von CERP" classname="org.eclipse.cdt.core.parser.tests.rewrite.astwriter.ASTWriterTest" time="0.152"/>
  <testcase name="CommentRecognition18 - von CERP" classname="org.eclipse.cdt.core.parser.tests.rewrite.astwriter.ASTWriterTest" time="0.166"/>
  <testcase name="CommentRecognition19 - von CERP" classname="org.eclipse.cdt.core.parser.tests.rewrite.astwriter.ASTWriterTest" time="0.145"/>
  <testcase name="CommentRecognition20 - von CERP" classname="org.eclipse.cdt.core.parser.tests.rewrite.astwriter.ASTWriterTest" time="0.149"/>
  <testcase name="CommentRecognition21 - von CERP" classname="org.eclipse.cdt.core.parser.tests.rewrite.astwriter.ASTWriterTest" time="0.148"/>
  <testcase name="CommentRecognition22 - von CERP" classname="org.eclipse.cdt.core.parser.tests.rewrite.astwriter.ASTWriterTest" time="0.146"/>
  <testcase name="CommentRecognition23 - von CERP" classname="org.eclipse.cdt.core.parser.tests.rewrite.astwriter.ASTWriterTest" time="0.144"/>
  <testcase name="CommentRecognition24 - von CERP" classname="org.eclipse.cdt.core.parser.tests.rewrite.astwriter.ASTWriterTest" time="0.155"/>
  <testcase name="CommentRecognition25 - von CERP" classname="org.eclipse.cdt.core.parser.tests.rewrite.astwriter.ASTWriterTest" time="0.146"/>
  <testcase name="CommentRecognition26 - von CERP" classname="org.eclipse.cdt.core.parser.tests.rewrite.astwriter.ASTWriterTest" time="0.149"/>
  <testcase name="CommentRecognition27 - von CERP" classname="org.eclipse.cdt.core.parser.tests.rewrite.astwriter.ASTWriterTest" time="0.15"/>
  <testcase name="CommentRecognition28 - von CERP" classname="org.eclipse.cdt.core.parser.tests.rewrite.astwriter.ASTWriterTest" time="0.143"/>
  <testcase name="CommentRecognition29 - von CERP" classname="org.eclipse.cdt.core.parser.tests.rewrite.astwriter.ASTWriterTest" time="0.145"/>
  <testcase name="CommentRecognition30 - von CERP" classname="org.eclipse.cdt.core.parser.tests.rewrite.astwriter.ASTWriterTest" time="0.142"/>
  <testcase name="CommentRecognition31 - von CERP" classname="org.eclipse.cdt.core.parser.tests.rewrite.astwriter.ASTWriterTest" time="0.148"/>
  <testcase name="CommentRecognition32 - von CERP" classname="org.eclipse.cdt.core.parser.tests.rewrite.astwriter.ASTWriterTest" time="0.149"/>
  <testcase name="CommentRecognition33 - von CERP" classname="org.eclipse.cdt.core.parser.tests.rewrite.astwriter.ASTWriterTest" time="0.145"/>
  <testcase name="CommentRecognition34 - von CERP" classname="org.eclipse.cdt.core.parser.tests.rewrite.astwriter.ASTWriterTest" time="0.142"/>
  <testcase name="CommentRecognition35 - von CERP" classname="org.eclipse.cdt.core.parser.tests.rewrite.astwriter.ASTWriterTest" time="0.148"/>
  <testcase name="CommentRecognition36 - von CERP" classname="org.eclipse.cdt.core.parser.tests.rewrite.astwriter.ASTWriterTest" time="0.144"/>
  <testcase name="CommentRecognition37 - von CERP" classname="org.eclipse.cdt.core.parser.tests.rewrite.astwriter.ASTWriterTest" time="0.141"/>
  <testcase name="CommentRecognition38 - von CERP" classname="org.eclipse.cdt.core.parser.tests.rewrite.astwriter.ASTWriterTest" time="0.15"/>
  <testcase name="CommentRecognition39 - von CERP" classname="org.eclipse.cdt.core.parser.tests.rewrite.astwriter.ASTWriterTest" time="0.147"/>
  <testcase name="CommentRecognition40 - von CERP" classname="org.eclipse.cdt.core.parser.tests.rewrite.astwriter.ASTWriterTest" time="0.153"/>
  <testcase name="CommentRecognition41 - von CERP" classname="org.eclipse.cdt.core.parser.tests.rewrite.astwriter.ASTWriterTest" time="0.146"/>
  <testcase name="CommentRecognition42 - von CERP" classname="org.eclipse.cdt.core.parser.tests.rewrite.astwriter.ASTWriterTest" time="0.15"/>
  <testcase name="CommentRecognition43 - von CERP" classname="org.eclipse.cdt.core.parser.tests.rewrite.astwriter.ASTWriterTest" time="0.146"/>
  <testcase name="CommentRecognition44 - von CERP" classname="org.eclipse.cdt.core.parser.tests.rewrite.astwriter.ASTWriterTest" time="0.16"/>
  <testcase name="CommentRecognition44b - von CERP" classname="org.eclipse.cdt.core.parser.tests.rewrite.astwriter.ASTWriterTest" time="0.15"/>
  <testcase name="CommentRecognition44c - von CERP" classname="org.eclipse.cdt.core.parser.tests.rewrite.astwriter.ASTWriterTest" time="0.147"/>
  <testcase name="CommentRecognition44d - von CERP" classname="org.eclipse.cdt.core.parser.tests.rewrite.astwriter.ASTWriterTest" time="0.146"/>
  <testcase name="CommentRecognition45 - von CERP" classname="org.eclipse.cdt.core.parser.tests.rewrite.astwriter.ASTWriterTest" time="0.151"/>
  <testcase name="CommentRecognition46 - von CERP" classname="org.eclipse.cdt.core.parser.tests.rewrite.astwriter.ASTWriterTest" time="0.147"/>
  <testcase name="CommentRecognition47 - von CERP" classname="org.eclipse.cdt.core.parser.tests.rewrite.astwriter.ASTWriterTest" time="0.142"/>
  <testcase name="CommentRecognition48 - von CERP" classname="org.eclipse.cdt.core.parser.tests.rewrite.astwriter.ASTWriterTest" time="0.147"/>
  <testcase name="CommentRecognition48b - von CERP" classname="org.eclipse.cdt.core.parser.tests.rewrite.astwriter.ASTWriterTest" time="0.154"/>
  <testcase name="CommentRecognition49 - von CERP" classname="org.eclipse.cdt.core.parser.tests.rewrite.astwriter.ASTWriterTest" time="0.146"/>
  <testcase name="CommentRecognition50 - von CERP" classname="org.eclipse.cdt.core.parser.tests.rewrite.astwriter.ASTWriterTest" time="0.149"/>
  <testcase name="CommentRecognition51 - von CERP" classname="org.eclipse.cdt.core.parser.tests.rewrite.astwriter.ASTWriterTest" time="0.147"/>
  <testcase name="CommentRecognition52 - von CERP" classname="org.eclipse.cdt.core.parser.tests.rewrite.astwriter.ASTWriterTest" time="0.148"/>
  <testcase name="CommentRecognition53 - von CERP" classname="org.eclipse.cdt.core.parser.tests.rewrite.astwriter.ASTWriterTest" time="0.147"/>
  <testcase name="CommentRecognition54 - von CERP" classname="org.eclipse.cdt.core.parser.tests.rewrite.astwriter.ASTWriterTest" time="0.147"/>
  <testcase name="CommentRecognition55 - von CERP" classname="org.eclipse.cdt.core.parser.tests.rewrite.astwriter.ASTWriterTest" time="0.149"/>
  <testcase name="CommentRecognition56 - von CERP" classname="org.eclipse.cdt.core.parser.tests.rewrite.astwriter.ASTWriterTest" time="0.146"/>
  <testcase name="CommentRecognition57 - von CERP" classname="org.eclipse.cdt.core.parser.tests.rewrite.astwriter.ASTWriterTest" time="0.149"/>
  <testcase name="CommentRecognition58 - von CERP" classname="org.eclipse.cdt.core.parser.tests.rewrite.astwriter.ASTWriterTest" time="0.146"/>
  <testcase name="CommentRecognition59 - von CERP" classname="org.eclipse.cdt.core.parser.tests.rewrite.astwriter.ASTWriterTest" time="0.142"/>
  <testcase name="CommentRecognition60 - von CERP" classname="org.eclipse.cdt.core.parser.tests.rewrite.astwriter.ASTWriterTest" time="0.144"/>
  <testcase name="CommentRecognition61 - von CERP" classname="org.eclipse.cdt.core.parser.tests.rewrite.astwriter.ASTWriterTest" time="0.148"/>
  <testcase name="CommentRecognition62 - von CERP" classname="org.eclipse.cdt.core.parser.tests.rewrite.astwriter.ASTWriterTest" time="0.153"/>
  <testcase name="CommentRecognition63 - von CERP" classname="org.eclipse.cdt.core.parser.tests.rewrite.astwriter.ASTWriterTest" time="0.143"/>
  <testcase name="CommentRecognition64 - von CERP" classname="org.eclipse.cdt.core.parser.tests.rewrite.astwriter.ASTWriterTest" time="0.146"/>
  <testcase name="CommentRecognition65 - von CERP" classname="org.eclipse.cdt.core.parser.tests.rewrite.astwriter.ASTWriterTest" time="0.155"/>
  <testcase name="CommentRecognition66 - von CERP" classname="org.eclipse.cdt.core.parser.tests.rewrite.astwriter.ASTWriterTest" time="0.144"/>
  <testcase name="CommentRecognition67 - von CERP" classname="org.eclipse.cdt.core.parser.tests.rewrite.astwriter.ASTWriterTest" time="0.15"/>
  <testcase name="CommentRecognition68 - von CERP" classname="org.eclipse.cdt.core.parser.tests.rewrite.astwriter.ASTWriterTest" time="0.156"/>
  <testcase name="CommentRecognition69 - von CERP" classname="org.eclipse.cdt.core.parser.tests.rewrite.astwriter.ASTWriterTest" time="0.149"/>
  <testcase name="CommentRecognition100 - von CERP" classname="org.eclipse.cdt.core.parser.tests.rewrite.astwriter.ASTWriterTest" time="0.147"/>
  <testcase name="CommentRecognition101 - von CERP" classname="org.eclipse.cdt.core.parser.tests.rewrite.astwriter.ASTWriterTest" time="0.147"/>
  <testcase name="CommentRecognition102 - von CERP" classname="org.eclipse.cdt.core.parser.tests.rewrite.astwriter.ASTWriterTest" time="0.152"/>
  <testcase name="CommentRecognition103 - von CERP" classname="org.eclipse.cdt.core.parser.tests.rewrite.astwriter.ASTWriterTest" time="0.146"/>
  <testcase name="CommentRecognition104 - von CERP" classname="org.eclipse.cdt.core.parser.tests.rewrite.astwriter.ASTWriterTest" time="0.147"/>
  <testcase name="ImplementationFileCommentRecognition1 - von CERP" classname="org.eclipse.cdt.core.parser.tests.rewrite.astwriter.ASTWriterTest" time="0.151"/>
  <testcase name="ImplementationFileCommentRecognition2 - von CERP" classname="org.eclipse.cdt.core.parser.tests.rewrite.astwriter.ASTWriterTest" time="0.162"/>
  <testcase name="ImplementationFileCommentRecognition3 - von CERP" classname="org.eclipse.cdt.core.parser.tests.rewrite.astwriter.ASTWriterTest" time="0.151"/>
  <testcase name="Commented TemplateFunction1" classname="org.eclipse.cdt.core.parser.tests.rewrite.astwriter.ASTWriterTest" time="0.151"/>
  <testcase name="Commented TemplateFunction2" classname="org.eclipse.cdt.core.parser.tests.rewrite.astwriter.ASTWriterTest" time="0.155"/>
  <testcase name="Commented TemplateFunction3" classname="org.eclipse.cdt.core.parser.tests.rewrite.astwriter.ASTWriterTest" time="0.143"/>
  <testcase name="Commented ExpressionList1" classname="org.eclipse.cdt.core.parser.tests.rewrite.astwriter.ASTWriterTest" time="0.151"/>
  <testcase name="Commented ExpressionList2" classname="org.eclipse.cdt.core.parser.tests.rewrite.astwriter.ASTWriterTest" time="0.152"/>
  <testcase name="Commented ExpressionList3" classname="org.eclipse.cdt.core.parser.tests.rewrite.astwriter.ASTWriterTest" time="0.145"/>
  <testcase name="Attributed Lambda" classname="org.eclipse.cdt.core.parser.tests.rewrite.astwriter.ASTWriterTest" time="0.149"/>
  <testcase name="Attributed Array New Initialization" classname="org.eclipse.cdt.core.parser.tests.rewrite.astwriter.ASTWriterTest" time="0.152"/>
  <testcase name="Attributed Multidimensional Array" classname="org.eclipse.cdt.core.parser.tests.rewrite.astwriter.ASTWriterTest" time="0.156"/>
  <testcase name="Attributed Label" classname="org.eclipse.cdt.core.parser.tests.rewrite.astwriter.ASTWriterTest" time="0.158"/>
  <testcase name="Attributed Switch Labels" classname="org.eclipse.cdt.core.parser.tests.rewrite.astwriter.ASTWriterTest" time="0.187"/>
  <testcase name="Attributed Expression Statement" classname="org.eclipse.cdt.core.parser.tests.rewrite.astwriter.ASTWriterTest" time="0.151"/>
  <testcase name="Attributed Compound Statement" classname="org.eclipse.cdt.core.parser.tests.rewrite.astwriter.ASTWriterTest" time="0.15"/>
  <testcase name="Attributed Selection Statement" classname="org.eclipse.cdt.core.parser.tests.rewrite.astwriter.ASTWriterTest" time="0.148"/>
  <testcase name="Attributed Iteration Statement" classname="org.eclipse.cdt.core.parser.tests.rewrite.astwriter.ASTWriterTest" time="0.146"/>
  <testcase name="Attributed Jump Statement" classname="org.eclipse.cdt.core.parser.tests.rewrite.astwriter.ASTWriterTest" time="0.144"/>
  <testcase name="Attributed Try Block Statement" classname="org.eclipse.cdt.core.parser.tests.rewrite.astwriter.ASTWriterTest" time="0.149"/>
  <testcase name="Attributed Condition with Initializer" classname="org.eclipse.cdt.core.parser.tests.rewrite.astwriter.ASTWriterTest" time="0.152"/>
  <testcase name="Attributed For Range Declaration" classname="org.eclipse.cdt.core.parser.tests.rewrite.astwriter.ASTWriterTest" time="0.148"/>
  <testcase name="Attributed Alias Declaration" classname="org.eclipse.cdt.core.parser.tests.rewrite.astwriter.ASTWriterTest" time="0.145"/>
  <testcase name="Attributed Enum Declaration" classname="org.eclipse.cdt.core.parser.tests.rewrite.astwriter.ASTWriterTest" time="0.148"/>
  <testcase name="Attributed Using Directive" classname="org.eclipse.cdt.core.parser.tests.rewrite.astwriter.ASTWriterTest" time="0.149"/>
  <testcase name="Attributed Function Declarator in Definition" classname="org.eclipse.cdt.core.parser.tests.rewrite.astwriter.ASTWriterTest" time="0.147"/>
  <testcase name="Attributed Class" classname="org.eclipse.cdt.core.parser.tests.rewrite.astwriter.ASTWriterTest" time="0.151"/>
  <testcase name="Attributed Exception Declaration" classname="org.eclipse.cdt.core.parser.tests.rewrite.astwriter.ASTWriterTest" time="0.147"/>
  <testcase name="Attributed Elaborated Type Specifier" classname="org.eclipse.cdt.core.parser.tests.rewrite.astwriter.ASTWriterTest" time="0.156"/>
  <testcase name="Attributed Decl Specifier" classname="org.eclipse.cdt.core.parser.tests.rewrite.astwriter.ASTWriterTest" time="0.151"/>
  <testcase name="Attributed Type Specifier" classname="org.eclipse.cdt.core.parser.tests.rewrite.astwriter.ASTWriterTest" time="0.147"/>
  <testcase name="Attributed Ptr Operators" classname="org.eclipse.cdt.core.parser.tests.rewrite.astwriter.ASTWriterTest" time="0.149"/>
  <testcase name="Attributed Reference Operator" classname="org.eclipse.cdt.core.parser.tests.rewrite.astwriter.ASTWriterTest" time="0.147"/>
  <testcase name="Attributed Rvalue Reference Operator" classname="org.eclipse.cdt.core.parser.tests.rewrite.astwriter.ASTWriterTest" time="0.148"/>
  <testcase name="Attributed Function Declaration" classname="org.eclipse.cdt.core.parser.tests.rewrite.astwriter.ASTWriterTest" time="0.148"/>
  <testcase name="Attributed Declarator" classname="org.eclipse.cdt.core.parser.tests.rewrite.astwriter.ASTWriterTest" time="0.147"/>
  <testcase name="Attributed Array Declarator" classname="org.eclipse.cdt.core.parser.tests.rewrite.astwriter.ASTWriterTest" time="0.146"/>
  <testcase name="Attributed Simple Declaration" classname="org.eclipse.cdt.core.parser.tests.rewrite.astwriter.ASTWriterTest" time="0.148"/>
  <testcase name="Attributed Function Definition" classname="org.eclipse.cdt.core.parser.tests.rewrite.astwriter.ASTWriterTest" time="0.146"/>
  <testcase name="Attributed Deleted Constructor" classname="org.eclipse.cdt.core.parser.tests.rewrite.astwriter.ASTWriterTest" time="0.154"/>
  <testcase name="Attributed Simple Declaration in Statement" classname="org.eclipse.cdt.core.parser.tests.rewrite.astwriter.ASTWriterTest" time="0.148"/>
  <testcase name="Attributed Do-while Statement 514684" classname="org.eclipse.cdt.core.parser.tests.rewrite.astwriter.ASTWriterTest" time="0.15"/>
  <testcase name="Attributed For Statement 514684" classname="org.eclipse.cdt.core.parser.tests.rewrite.astwriter.ASTWriterTest" time="0.151"/>
  <testcase name="Attributed Range-Based For Statement 514684" classname="org.eclipse.cdt.core.parser.tests.rewrite.astwriter.ASTWriterTest" time="0.148"/>
  <testcase name="Attributed Break Statement 514684" classname="org.eclipse.cdt.core.parser.tests.rewrite.astwriter.ASTWriterTest" time="0.16"/>
  <testcase name="Attributed Continue Statement 514684" classname="org.eclipse.cdt.core.parser.tests.rewrite.astwriter.ASTWriterTest" time="0.165"/>
  <testcase name="Attributed Goto Statement 514684" classname="org.eclipse.cdt.core.parser.tests.rewrite.astwriter.ASTWriterTest" time="0.152"/>
  <testcase name="Attributed GNU Goto Statement 514684" classname="org.eclipse.cdt.core.parser.tests.rewrite.astwriter.ASTWriterTest" time="0.152"/>
  <testcase name="Attributed Null Statement 514684" classname="org.eclipse.cdt.core.parser.tests.rewrite.astwriter.ASTWriterTest" time="0.148"/>
  <testcase name="Attributed Switch Statement 514684" classname="org.eclipse.cdt.core.parser.tests.rewrite.astwriter.ASTWriterTest" time="0.153"/>
  <testcase name="Empty Attribute" classname="org.eclipse.cdt.core.parser.tests.rewrite.astwriter.ASTWriterTest" time="0.147"/>
  <testcase name="Multiple Sequential Attribute Specifiers" classname="org.eclipse.cdt.core.parser.tests.rewrite.astwriter.ASTWriterTest" time="0.145"/>
  <testcase name="Multiple Attributes" classname="org.eclipse.cdt.core.parser.tests.rewrite.astwriter.ASTWriterTest" time="0.149"/>
  <testcase name="Pack Expansion Attribute" classname="org.eclipse.cdt.core.parser.tests.rewrite.astwriter.ASTWriterTest" time="0.165"/>
  <testcase name="Multiple Pack Expansions Attribute" classname="org.eclipse.cdt.core.parser.tests.rewrite.astwriter.ASTWriterTest" time="0.161"/>
  <testcase name="Scoped Attribute" classname="org.eclipse.cdt.core.parser.tests.rewrite.astwriter.ASTWriterTest" time="0.167"/>
  <testcase name="Attribute with Empty Argument" classname="org.eclipse.cdt.core.parser.tests.rewrite.astwriter.ASTWriterTest" time="0.153"/>
  <testcase name="Attribute with Balanced Argument" classname="org.eclipse.cdt.core.parser.tests.rewrite.astwriter.ASTWriterTest" time="0.144"/>
  <testcase name="Attribute with Keyword Argument" classname="org.eclipse.cdt.core.parser.tests.rewrite.astwriter.ASTWriterTest" time="0.148"/>
  <testcase name="GCC Attribute Sequence" classname="org.eclipse.cdt.core.parser.tests.rewrite.astwriter.ASTWriterTest" time="0.15"/>
  <testcase name="GCC Attributed Using Directive" classname="org.eclipse.cdt.core.parser.tests.rewrite.astwriter.ASTWriterTest" time="0.152"/>
  <testcase name="GCC Attributed Namespace Declaration" classname="org.eclipse.cdt.core.parser.tests.rewrite.astwriter.ASTWriterTest" time="0.144"/>
  <testcase name="GCC Attributed Function Definition" classname="org.eclipse.cdt.core.parser.tests.rewrite.astwriter.ASTWriterTest" time="0.143"/>
  <testcase name="GCC Attributed Enum Declaration" classname="org.eclipse.cdt.core.parser.tests.rewrite.astwriter.ASTWriterTest" time="0.146"/>
  <testcase name="GCC Attributed Elaborated Type Specifier" classname="org.eclipse.cdt.core.parser.tests.rewrite.astwriter.ASTWriterTest" time="0.147"/>
  <testcase name="GCC Attributed Pointer Declarator" classname="org.eclipse.cdt.core.parser.tests.rewrite.astwriter.ASTWriterTest" time="0.146"/>
  <testcase name="GCC Attributed Declarator" classname="org.eclipse.cdt.core.parser.tests.rewrite.astwriter.ASTWriterTest" time="0.15"/>
  <testcase name="testWriteLambdaExpressionDefaultCaptureByCopyNoDeclarator" classname="org.eclipse.cdt.core.parser.tests.rewrite.astwriter.ExpressionWriterTest" time="0"/>
  <testcase name="testWriteLambdaExpressionEmptyIntroducerTrailingReturnTypeDeclarator" classname="org.eclipse.cdt.core.parser.tests.rewrite.astwriter.ExpressionWriterTest" time="0"/>
  <testcase name="testWriteLambdaExpressionEmptyIntroducerExceptionSpecificationDeclarator" classname="org.eclipse.cdt.core.parser.tests.rewrite.astwriter.ExpressionWriterTest" time="0.001"/>
  <testcase name="testWriteLambdaExpressionEmptyIntroducerMutableDeclarator" classname="org.eclipse.cdt.core.parser.tests.rewrite.astwriter.ExpressionWriterTest" time="0"/>
  <testcase name="testWriteLambdaExpressionEmptyIntroducerNoDeclarator" classname="org.eclipse.cdt.core.parser.tests.rewrite.astwriter.ExpressionWriterTest" time="0"/>
  <testcase name="testWriteLambdaExpressionThisCaptureNoDeclarator" classname="org.eclipse.cdt.core.parser.tests.rewrite.astwriter.ExpressionWriterTest" time="0"/>
  <testcase name="testWriteLambdaExpressionDefaultCaptureByReferenceNoDeclarator" classname="org.eclipse.cdt.core.parser.tests.rewrite.astwriter.ExpressionWriterTest" time="0"/>
  <testcase name="testWriteAllEmbracingLambdaExpression" classname="org.eclipse.cdt.core.parser.tests.rewrite.astwriter.ExpressionWriterTest" time="0"/>
  <testcase name="testWriteLambdaExpressionEmptyIntroducerSimpleDeclarator" classname="org.eclipse.cdt.core.parser.tests.rewrite.astwriter.ExpressionWriterTest" time="0"/>
  <testcase name="testWriteLambdaExpressionMixedCaptureNoDeclarator" classname="org.eclipse.cdt.core.parser.tests.rewrite.astwriter.ExpressionWriterTest" time="0"/>
  <testcase name="CommentHandlingTest 1 - von CERP" classname="org.eclipse.cdt.core.parser.tests.rewrite.comenthandler.CommentHandlingTest" time="0.177"/>
  <testcase name="CommentHandlingTest 2 - von CERP" classname="org.eclipse.cdt.core.parser.tests.rewrite.comenthandler.CommentHandlingTest" time="0.147"/>
  <testcase name="CommentHandlingTest 3 - von CERP" classname="org.eclipse.cdt.core.parser.tests.rewrite.comenthandler.CommentHandlingTest" time="0.148"/>
  <testcase name="CommentHandlingTest 4 - von CERP" classname="org.eclipse.cdt.core.parser.tests.rewrite.comenthandler.CommentHandlingTest" time="0.156"/>
  <testcase name="CommentRecognition00" classname="org.eclipse.cdt.core.parser.tests.rewrite.comenthandler.CommentHandlingTest" time="0.145"/>
  <testcase name="CommentRecognition0" classname="org.eclipse.cdt.core.parser.tests.rewrite.comenthandler.CommentHandlingTest" time="0.145"/>
  <testcase name="DeclarationWithTraillingDoubleComments" classname="org.eclipse.cdt.core.parser.tests.rewrite.comenthandler.CommentHandlingTest" time="0.151"/>
  <testcase name="DeclarationWithLeadingDoubleComments" classname="org.eclipse.cdt.core.parser.tests.rewrite.comenthandler.CommentHandlingTest" time="0.149"/>
  <testcase name="DeclarationWithTraillingAndLeadingComments" classname="org.eclipse.cdt.core.parser.tests.rewrite.comenthandler.CommentHandlingTest" time="0.149"/>
  <testcase name="DeclarationWithTraillingComments" classname="org.eclipse.cdt.core.parser.tests.rewrite.comenthandler.CommentHandlingTest" time="0.147"/>
  <testcase name="DeclarationWithTraillingComments" classname="org.eclipse.cdt.core.parser.tests.rewrite.comenthandler.CommentHandlingTest" time="0.144"/>
  <testcase name="Method with Trailercomment" classname="org.eclipse.cdt.core.parser.tests.rewrite.comenthandler.CommentHandlingTest" time="0.145"/>
  <testcase name="Method with Trailercomment2" classname="org.eclipse.cdt.core.parser.tests.rewrite.comenthandler.CommentHandlingTest" time="0.154"/>
  <testcase name="Method with Trailercomment3" classname="org.eclipse.cdt.core.parser.tests.rewrite.comenthandler.CommentHandlingTest" time="0.152"/>
  <testcase name="ClassCommentTest" classname="org.eclipse.cdt.core.parser.tests.rewrite.comenthandler.CommentHandlingTest" time="0.149"/>
  <testcase name="CommentRecognition1 - von CERP" classname="org.eclipse.cdt.core.parser.tests.rewrite.comenthandler.CommentHandlingTest" time="0.147"/>
  <testcase name="CommentRecognition2 - von CERP" classname="org.eclipse.cdt.core.parser.tests.rewrite.comenthandler.CommentHandlingTest" time="0.157"/>
  <testcase name="CommentRecognition3 - von CERP" classname="org.eclipse.cdt.core.parser.tests.rewrite.comenthandler.CommentHandlingTest" time="0.147"/>
  <testcase name="CommentRecognition4 - von CERP" classname="org.eclipse.cdt.core.parser.tests.rewrite.comenthandler.CommentHandlingTest" time="0.148"/>
  <testcase name="CommentRecognition5 - von CERP" classname="org.eclipse.cdt.core.parser.tests.rewrite.comenthandler.CommentHandlingTest" time="0.154"/>
  <testcase name="CommentRecognition6 - von CERP" classname="org.eclipse.cdt.core.parser.tests.rewrite.comenthandler.CommentHandlingTest" time="0.153"/>
  <testcase name="CommentRecognition7 - von CERP" classname="org.eclipse.cdt.core.parser.tests.rewrite.comenthandler.CommentHandlingTest" time="0.152"/>
  <testcase name="CommentRecognition8 - von CERP" classname="org.eclipse.cdt.core.parser.tests.rewrite.comenthandler.CommentHandlingTest" time="0.148"/>
  <testcase name="CommentRecognition9 - von CERP" classname="org.eclipse.cdt.core.parser.tests.rewrite.comenthandler.CommentHandlingTest" time="0.162"/>
  <testcase name="CommentRecognition10 - von CERP" classname="org.eclipse.cdt.core.parser.tests.rewrite.comenthandler.CommentHandlingTest" time="0.146"/>
  <testcase name="CommentRecognition11 - von CERP" classname="org.eclipse.cdt.core.parser.tests.rewrite.comenthandler.CommentHandlingTest" time="0.147"/>
  <testcase name="CommentRecognition11b - von CERP" classname="org.eclipse.cdt.core.parser.tests.rewrite.comenthandler.CommentHandlingTest" time="0.148"/>
  <testcase name="CommentRecognition12 - von CERP" classname="org.eclipse.cdt.core.parser.tests.rewrite.comenthandler.CommentHandlingTest" time="0.149"/>
  <testcase name="CommentRecognition13 - von CERP" classname="org.eclipse.cdt.core.parser.tests.rewrite.comenthandler.CommentHandlingTest" time="0.15"/>
  <testcase name="CommentRecognition14 - von CERP" classname="org.eclipse.cdt.core.parser.tests.rewrite.comenthandler.CommentHandlingTest" time="0.158"/>
  <testcase name="CommentRecognition15 - von CERP" classname="org.eclipse.cdt.core.parser.tests.rewrite.comenthandler.CommentHandlingTest" time="0.144"/>
  <testcase name="CommentRecognition16 - von CERP" classname="org.eclipse.cdt.core.parser.tests.rewrite.comenthandler.CommentHandlingTest" time="0.147"/>
  <testcase name="CommentRecognition17 - von CERP" classname="org.eclipse.cdt.core.parser.tests.rewrite.comenthandler.CommentHandlingTest" time="0.148"/>
  <testcase name="CommentRecognition18 - von CERP" classname="org.eclipse.cdt.core.parser.tests.rewrite.comenthandler.CommentHandlingTest" time="0.152"/>
  <testcase name="CommentRecognition19 - von CERP" classname="org.eclipse.cdt.core.parser.tests.rewrite.comenthandler.CommentHandlingTest" time="0.156"/>
  <testcase name="CommentRecognition20 - von CERP" classname="org.eclipse.cdt.core.parser.tests.rewrite.comenthandler.CommentHandlingTest" time="0.151"/>
  <testcase name="CommentRecognition21 - von CERP" classname="org.eclipse.cdt.core.parser.tests.rewrite.comenthandler.CommentHandlingTest" time="0.157"/>
  <testcase name="CommentRecognition22 - von CERP" classname="org.eclipse.cdt.core.parser.tests.rewrite.comenthandler.CommentHandlingTest" time="0.151"/>
  <testcase name="CommentRecognition23 - von CERP" classname="org.eclipse.cdt.core.parser.tests.rewrite.comenthandler.CommentHandlingTest" time="0.173"/>
  <testcase name="CommentRecognition24 - von CERP" classname="org.eclipse.cdt.core.parser.tests.rewrite.comenthandler.CommentHandlingTest" time="0.153"/>
  <testcase name="CommentRecognition25 - von CERP" classname="org.eclipse.cdt.core.parser.tests.rewrite.comenthandler.CommentHandlingTest" time="0.148"/>
  <testcase name="CommentRecognition26 - von CERP" classname="org.eclipse.cdt.core.parser.tests.rewrite.comenthandler.CommentHandlingTest" time="0.149"/>
  <testcase name="CommentRecognition27 - von CERP" classname="org.eclipse.cdt.core.parser.tests.rewrite.comenthandler.CommentHandlingTest" time="0.149"/>
  <testcase name="CommentRecognition28 - von CERP" classname="org.eclipse.cdt.core.parser.tests.rewrite.comenthandler.CommentHandlingTest" time="0.148"/>
  <testcase name="CommentRecognition29 - von CERP" classname="org.eclipse.cdt.core.parser.tests.rewrite.comenthandler.CommentHandlingTest" time="0.145"/>
  <testcase name="CommentRecognition30 - von CERP" classname="org.eclipse.cdt.core.parser.tests.rewrite.comenthandler.CommentHandlingTest" time="0.154"/>
  <testcase name="CommentRecognition31 - von CERP" classname="org.eclipse.cdt.core.parser.tests.rewrite.comenthandler.CommentHandlingTest" time="0.148"/>
  <testcase name="CommentRecognition32 - von CERP" classname="org.eclipse.cdt.core.parser.tests.rewrite.comenthandler.CommentHandlingTest" time="0.149"/>
  <testcase name="CommentRecognition33 - von CERP" classname="org.eclipse.cdt.core.parser.tests.rewrite.comenthandler.CommentHandlingTest" time="0.146"/>
  <testcase name="CommentRecognition34 - von CERP" classname="org.eclipse.cdt.core.parser.tests.rewrite.comenthandler.CommentHandlingTest" time="0.15"/>
  <testcase name="CommentRecognition35 - von CERP" classname="org.eclipse.cdt.core.parser.tests.rewrite.comenthandler.CommentHandlingTest" time="0.143"/>
  <testcase name="CommentRecognition36 - von CERP" classname="org.eclipse.cdt.core.parser.tests.rewrite.comenthandler.CommentHandlingTest" time="0.144"/>
  <testcase name="CommentRecognition37 - von CERP" classname="org.eclipse.cdt.core.parser.tests.rewrite.comenthandler.CommentHandlingTest" time="0.151"/>
  <testcase name="CommentRecognition38 - von CERP" classname="org.eclipse.cdt.core.parser.tests.rewrite.comenthandler.CommentHandlingTest" time="0.155"/>
  <testcase name="CommentRecognition39 - von CERP" classname="org.eclipse.cdt.core.parser.tests.rewrite.comenthandler.CommentHandlingTest" time="0.152"/>
  <testcase name="CommentRecognition40 - von CERP" classname="org.eclipse.cdt.core.parser.tests.rewrite.comenthandler.CommentHandlingTest" time="0.149"/>
  <testcase name="CommentRecognition41 - von CERP" classname="org.eclipse.cdt.core.parser.tests.rewrite.comenthandler.CommentHandlingTest" time="0.147"/>
  <testcase name="CommentRecognition42 - von CERP" classname="org.eclipse.cdt.core.parser.tests.rewrite.comenthandler.CommentHandlingTest" time="0.15"/>
  <testcase name="CommentRecognition43 - von CERP" classname="org.eclipse.cdt.core.parser.tests.rewrite.comenthandler.CommentHandlingTest" time="0.149"/>
  <testcase name="CommentRecognition44 - von CERP" classname="org.eclipse.cdt.core.parser.tests.rewrite.comenthandler.CommentHandlingTest" time="0.152"/>
  <testcase name="CommentRecognition44b - von CERP" classname="org.eclipse.cdt.core.parser.tests.rewrite.comenthandler.CommentHandlingTest" time="0.155"/>
  <testcase name="CommentRecognition44c - von CERP" classname="org.eclipse.cdt.core.parser.tests.rewrite.comenthandler.CommentHandlingTest" time="0.15"/>
  <testcase name="CommentRecognition45 - von CERP" classname="org.eclipse.cdt.core.parser.tests.rewrite.comenthandler.CommentHandlingTest" time="0.149"/>
  <testcase name="CommentRecognition46 - von CERP" classname="org.eclipse.cdt.core.parser.tests.rewrite.comenthandler.CommentHandlingTest" time="0.159"/>
  <testcase name="CommentRecognition47 - von CERP" classname="org.eclipse.cdt.core.parser.tests.rewrite.comenthandler.CommentHandlingTest" time="0.234"/>
  <testcase name="CommentRecognition48 - von CERP" classname="org.eclipse.cdt.core.parser.tests.rewrite.comenthandler.CommentHandlingTest" time="0.153"/>
  <testcase name="CommentRecognition48b - von CERP" classname="org.eclipse.cdt.core.parser.tests.rewrite.comenthandler.CommentHandlingTest" time="0.157"/>
  <testcase name="CommentRecognition49 - von CERP" classname="org.eclipse.cdt.core.parser.tests.rewrite.comenthandler.CommentHandlingTest" time="0.151"/>
  <testcase name="CommentRecognition50 - von CERP" classname="org.eclipse.cdt.core.parser.tests.rewrite.comenthandler.CommentHandlingTest" time="0.144"/>
  <testcase name="CommentRecognition51 - von CERP" classname="org.eclipse.cdt.core.parser.tests.rewrite.comenthandler.CommentHandlingTest" time="0.154"/>
  <testcase name="CommentRecognition52 - von CERP" classname="org.eclipse.cdt.core.parser.tests.rewrite.comenthandler.CommentHandlingTest" time="0.148"/>
  <testcase name="CommentRecognition53 - von CERP" classname="org.eclipse.cdt.core.parser.tests.rewrite.comenthandler.CommentHandlingTest" time="0.148"/>
  <testcase name="CommentRecognition54 - von CERP" classname="org.eclipse.cdt.core.parser.tests.rewrite.comenthandler.CommentHandlingTest" time="0.149"/>
  <testcase name="CommentRecognition55 - von CERP" classname="org.eclipse.cdt.core.parser.tests.rewrite.comenthandler.CommentHandlingTest" time="0.146"/>
  <testcase name="CommentRecognition56 - von CERP" classname="org.eclipse.cdt.core.parser.tests.rewrite.comenthandler.CommentHandlingTest" time="0.147"/>
  <testcase name="CommentRecognition57 - von CERP" classname="org.eclipse.cdt.core.parser.tests.rewrite.comenthandler.CommentHandlingTest" time="0.146"/>
  <testcase name="CommentRecognition58 - von CERP" classname="org.eclipse.cdt.core.parser.tests.rewrite.comenthandler.CommentHandlingTest" time="0.149"/>
  <testcase name="CommentRecognition59 - von CERP" classname="org.eclipse.cdt.core.parser.tests.rewrite.comenthandler.CommentHandlingTest" time="0.145"/>
  <testcase name="CommentRecognition60 - von CERP" classname="org.eclipse.cdt.core.parser.tests.rewrite.comenthandler.CommentHandlingTest" time="0.147"/>
  <testcase name="CommentRecognition61 - von CERP" classname="org.eclipse.cdt.core.parser.tests.rewrite.comenthandler.CommentHandlingTest" time="0.163"/>
  <testcase name="CommentRecognition62 - von CERP" classname="org.eclipse.cdt.core.parser.tests.rewrite.comenthandler.CommentHandlingTest" time="0.148"/>
  <testcase name="CommentRecognition63 - von CERP" classname="org.eclipse.cdt.core.parser.tests.rewrite.comenthandler.CommentHandlingTest" time="0.15"/>
  <testcase name="CommentRecognition64 - von CERP" classname="org.eclipse.cdt.core.parser.tests.rewrite.comenthandler.CommentHandlingTest" time="0.148"/>
  <testcase name="CommentRecognition65 - von CERP" classname="org.eclipse.cdt.core.parser.tests.rewrite.comenthandler.CommentHandlingTest" time="0.147"/>
  <testcase name="CommentRecognition66 - von CERP" classname="org.eclipse.cdt.core.parser.tests.rewrite.comenthandler.CommentHandlingTest" time="0.161"/>
  <testcase name="CommentRecognition67 - von CERP" classname="org.eclipse.cdt.core.parser.tests.rewrite.comenthandler.CommentHandlingTest" time="0.151"/>
  <testcase name="CommentRecognition68 - von CERP" classname="org.eclipse.cdt.core.parser.tests.rewrite.comenthandler.CommentHandlingTest" time="0.153"/>
  <testcase name="CommentRecognition69 - von CERP" classname="org.eclipse.cdt.core.parser.tests.rewrite.comenthandler.CommentHandlingTest" time="0.146"/>
  <testcase name="CommentRecognition70 - von CERP" classname="org.eclipse.cdt.core.parser.tests.rewrite.comenthandler.CommentHandlingTest" time="0.148"/>
  <testcase name="CommentRecognition100" classname="org.eclipse.cdt.core.parser.tests.rewrite.comenthandler.CommentHandlingTest" time="0.152"/>
  <testcase name="CommentRecognition101" classname="org.eclipse.cdt.core.parser.tests.rewrite.comenthandler.CommentHandlingTest" time="0.145"/>
  <testcase name="CommentRecognition102" classname="org.eclipse.cdt.core.parser.tests.rewrite.comenthandler.CommentHandlingTest" time="0.154"/>
  <testcase name="CommentRecognition103" classname="org.eclipse.cdt.core.parser.tests.rewrite.comenthandler.CommentHandlingTest" time="0.151"/>
  <testcase name="CommentRecognition104" classname="org.eclipse.cdt.core.parser.tests.rewrite.comenthandler.CommentHandlingTest" time="0.157"/>
  <testcase name="CommentRecognition200 - von ASTWriter" classname="org.eclipse.cdt.core.parser.tests.rewrite.comenthandler.CommentHandlingTest" time="0.149"/>
  <testcase name="CommentRecognition201 - von ASTWriter" classname="org.eclipse.cdt.core.parser.tests.rewrite.comenthandler.CommentHandlingTest" time="0.148"/>
  <testcase name="CommentRecognition202 - von ASTWriter DeclarationStatement" classname="org.eclipse.cdt.core.parser.tests.rewrite.comenthandler.CommentHandlingTest" time="0.152"/>
  <testcase name="CommentRecognition203 - von ASTWriter ForStatement" classname="org.eclipse.cdt.core.parser.tests.rewrite.comenthandler.CommentHandlingTest" time="0.144"/>
  <testcase name="CommentRecognition204 - von ASTWriter LabelStatement" classname="org.eclipse.cdt.core.parser.tests.rewrite.comenthandler.CommentHandlingTest" time="0.148"/>
  <testcase name="CommentRecognition205 - von ASTWriter IfStatement" classname="org.eclipse.cdt.core.parser.tests.rewrite.comenthandler.CommentHandlingTest" time="0.164"/>
  <testcase name="CommentRecognition206 - von ASTWriter SwitchStatement" classname="org.eclipse.cdt.core.parser.tests.rewrite.comenthandler.CommentHandlingTest" time="0.16"/>
  <testcase name="CommentRecognition207 - von ASTWriter WhileStatement" classname="org.eclipse.cdt.core.parser.tests.rewrite.comenthandler.CommentHandlingTest" time="0.156"/>
  <testcase name="CommentRecognition208 - von ASTWriter ExplicitTemplateInstantiationStatement" classname="org.eclipse.cdt.core.parser.tests.rewrite.comenthandler.CommentHandlingTest" time="0.174"/>
  <testcase name="CommentRecognition209 - von ASTWriter GPPExplicitTemplateInstantitation" classname="org.eclipse.cdt.core.parser.tests.rewrite.comenthandler.CommentHandlingTest" time="0.144"/>
  <testcase name="CommentRecognition210 - von ASTWriter LinkageSpecification" classname="org.eclipse.cdt.core.parser.tests.rewrite.comenthandler.CommentHandlingTest" time="0.155"/>
  <testcase name="CommentRecognition212 - von ASTWriter TemplateFunction" classname="org.eclipse.cdt.core.parser.tests.rewrite.comenthandler.CommentHandlingTest" time="0.155"/>
  <testcase name="CommentRecognition213 - von ASTWriter DeclarationWithTraillingDoubleComments" classname="org.eclipse.cdt.core.parser.tests.rewrite.comenthandler.CommentHandlingTest" time="0.165"/>
  <testcase name="CommentRecognition214 - von ASTWriter NamesapceDefinition" classname="org.eclipse.cdt.core.parser.tests.rewrite.comenthandler.CommentHandlingTest" time="0.208"/>
  <testcase name="CommentRecognition215 - von ASTWriter NamesapceDefinition" classname="org.eclipse.cdt.core.parser.tests.rewrite.comenthandler.CommentHandlingTest" time="0.148"/>
  <testcase name="CommentRecognition216 - von ASTWriter NamesapceDefinition" classname="org.eclipse.cdt.core.parser.tests.rewrite.comenthandler.CommentHandlingTest" time="0.158"/>
  <testcase name="ImplementationFileCommentRecognition1 - von CERP" classname="org.eclipse.cdt.core.parser.tests.rewrite.comenthandler.CommentHandlingTest" time="0.15"/>
  <testcase name="ImplementationFileCommentRecognition2 - von CERP" classname="org.eclipse.cdt.core.parser.tests.rewrite.comenthandler.CommentHandlingTest" time="0.153"/>
  <testcase name="ImplementationFileCommentRecognition3 - von CERP" classname="org.eclipse.cdt.core.parser.tests.rewrite.comenthandler.CommentHandlingTest" time="0.212"/>
  <testcase name="CommentRecognitionAtTheBeginningBeforePreprocessorStatement 1" classname="org.eclipse.cdt.core.parser.tests.rewrite.comenthandler.CommentHandlingTest" time="0.188"/>
  <testcase name="CommentRecognitionAtTheBeginningBeforePreprocessorStatement 2" classname="org.eclipse.cdt.core.parser.tests.rewrite.comenthandler.CommentHandlingTest" time="0.154"/>
  <testcase name="CommentRecognitionAtTheBeginningBeforePreprocessorStatement 3" classname="org.eclipse.cdt.core.parser.tests.rewrite.comenthandler.CommentHandlingTest" time="0.156"/>
  <testcase name="CommentRecognitionAtTheBeginningBeforePreprocessorStatement 4" classname="org.eclipse.cdt.core.parser.tests.rewrite.comenthandler.CommentHandlingTest" time="0.151"/>
  <testcase name="CommentRecognition Bug 233438" classname="org.eclipse.cdt.core.parser.tests.rewrite.comenthandler.CommentHandlingTest" time="0.155"/>
  <testcase name="CommentRecognition Bug 234786" classname="org.eclipse.cdt.core.parser.tests.rewrite.comenthandler.CommentHandlingTest" time="0.154"/>
  <testcase name="CommentRecognition preprocessor directives comment recognition" classname="org.eclipse.cdt.core.parser.tests.rewrite.comenthandler.CommentHandlingTest" time="0.149"/>
  <testcase name="CommentRecognition comment in empty compound statement width include guard" classname="org.eclipse.cdt.core.parser.tests.rewrite.comenthandler.CommentHandlingTest" time="0.153"/>
  <testcase name="Comment Handling Test - Rewrite with otherTu node" classname="org.eclipse.cdt.core.parser.tests.rewrite.comenthandler.CommentHandlingWithRewriteTest" time="0.316"/>
  <testcase name="testCommentOnDifferentNodes" classname="org.eclipse.cdt.core.parser.tests.rewrite.comenthandler.NodeCommentMapTest" time="0.002"/>
  <testcase name="testNoComment" classname="org.eclipse.cdt.core.parser.tests.rewrite.comenthandler.NodeCommentMapTest" time="0.001"/>
  <testcase name="testOneComment" classname="org.eclipse.cdt.core.parser.tests.rewrite.comenthandler.NodeCommentMapTest" time="0"/>
  <testcase name="testTwoComment" classname="org.eclipse.cdt.core.parser.tests.rewrite.comenthandler.NodeCommentMapTest" time="0"/>
  <testcase name="testException" classname="org.eclipse.cdt.core.parser.tests.rewrite.changegenerator.AppendTests" time="0.396"/>
  <testcase name="testAddDeclarationBugTest" classname="org.eclipse.cdt.core.parser.tests.rewrite.changegenerator.AppendTests" time="0.263"/>
  <testcase name="testParameter" classname="org.eclipse.cdt.core.parser.tests.rewrite.changegenerator.AppendTests" time="0.236"/>
  <testcase name="testPointerToParamter" classname="org.eclipse.cdt.core.parser.tests.rewrite.changegenerator.AppendTests" time="0.246"/>
  <testcase name="testPointerToPointerParameter" classname="org.eclipse.cdt.core.parser.tests.rewrite.changegenerator.AppendTests" time="0.247"/>
  <testcase name="testArrayModifier" classname="org.eclipse.cdt.core.parser.tests.rewrite.changegenerator.AppendTests" time="0.244"/>
  <testcase name="testParameterToList" classname="org.eclipse.cdt.core.parser.tests.rewrite.changegenerator.AppendTests" time="0.243"/>
  <testcase name="testSelfInsertion" classname="org.eclipse.cdt.core.parser.tests.rewrite.changegenerator.AppendTests" time="0.244"/>
  <testcase name="testNestedElseifStatement" classname="org.eclipse.cdt.core.parser.tests.rewrite.changegenerator.AppendTests" time="0.247"/>
  <testcase name="testMultilineWhitespaceHandling" classname="org.eclipse.cdt.core.parser.tests.rewrite.changegenerator.AppendTests" time="0.251"/>
  <testcase name="testAppendNull" classname="org.eclipse.cdt.core.parser.tests.rewrite.changegenerator.AppendTests" time="0.248"/>
  <testcase name="testExpression" classname="org.eclipse.cdt.core.parser.tests.rewrite.changegenerator.AppendTests" time="0.239"/>
  <testcase name="testArraySizeExpression" classname="org.eclipse.cdt.core.parser.tests.rewrite.changegenerator.AppendTests" time="0.245"/>
  <testcase name="testCtorChainInitializer" classname="org.eclipse.cdt.core.parser.tests.rewrite.changegenerator.AppendTests" time="0.255"/>
  <testcase name="testException" classname="org.eclipse.cdt.core.parser.tests.rewrite.changegenerator.InsertBeforeTests" time="0.275"/>
  <testcase name="testInsertStatement" classname="org.eclipse.cdt.core.parser.tests.rewrite.changegenerator.InsertBeforeTests" time="0.239"/>
  <testcase name="testArrayModifier" classname="org.eclipse.cdt.core.parser.tests.rewrite.changegenerator.InsertBeforeTests" time="0.239"/>
  <testcase name="testInsertMultipleStatements" classname="org.eclipse.cdt.core.parser.tests.rewrite.changegenerator.InsertBeforeTests" time="0.245"/>
  <testcase name="testExpression" classname="org.eclipse.cdt.core.parser.tests.rewrite.changegenerator.InsertBeforeTests" time="0.247"/>
  <testcase name="testArraySizeExpression" classname="org.eclipse.cdt.core.parser.tests.rewrite.changegenerator.InsertBeforeTests" time="0.241"/>
  <testcase name="testFirstParameter" classname="org.eclipse.cdt.core.parser.tests.rewrite.changegenerator.InsertBeforeTests" time="0.244"/>
  <testcase name="testPointerParameter" classname="org.eclipse.cdt.core.parser.tests.rewrite.changegenerator.InsertBeforeTests" time="0.248"/>
  <testcase name="testCtorChainInitializer" classname="org.eclipse.cdt.core.parser.tests.rewrite.changegenerator.InsertBeforeTests" time="0.258"/>
  <testcase name="testException" classname="org.eclipse.cdt.core.parser.tests.rewrite.changegenerator.RemoveTests" time="0.26"/>
  <testcase name="testSingleParameter" classname="org.eclipse.cdt.core.parser.tests.rewrite.changegenerator.RemoveTests" time="0.247"/>
  <testcase name="testStatement" classname="org.eclipse.cdt.core.parser.tests.rewrite.changegenerator.RemoveTests" time="0.24"/>
  <testcase name="testNewInitializerExpression" classname="org.eclipse.cdt.core.parser.tests.rewrite.changegenerator.RemoveTests" time="0.24"/>
  <testcase name="testPointerInParameter" classname="org.eclipse.cdt.core.parser.tests.rewrite.changegenerator.RemoveTests" time="0.246"/>
  <testcase name="testArrayModifier" classname="org.eclipse.cdt.core.parser.tests.rewrite.changegenerator.RemoveTests" time="0.236"/>
  <testcase name="testMiddleParameter" classname="org.eclipse.cdt.core.parser.tests.rewrite.changegenerator.RemoveTests" time="0.247"/>
  <testcase name="testDeclaration" classname="org.eclipse.cdt.core.parser.tests.rewrite.changegenerator.RemoveTests" time="0.246"/>
  <testcase name="testExpression" classname="org.eclipse.cdt.core.parser.tests.rewrite.changegenerator.RemoveTests" time="0.243"/>
  <testcase name="testArraySizeExpression" classname="org.eclipse.cdt.core.parser.tests.rewrite.changegenerator.RemoveTests" time="0.249"/>
  <testcase name="testFirstParameter" classname="org.eclipse.cdt.core.parser.tests.rewrite.changegenerator.RemoveTests" time="0.264"/>
  <testcase name="testLastParameter" classname="org.eclipse.cdt.core.parser.tests.rewrite.changegenerator.RemoveTests" time="0.256"/>
  <testcase name="testCtorChainInitializer" classname="org.eclipse.cdt.core.parser.tests.rewrite.changegenerator.RemoveTests" time="0.249"/>
  <testcase name="testExceptionTest" classname="org.eclipse.cdt.core.parser.tests.rewrite.changegenerator.ReplaceTests" time="0.319"/>
  <testcase name="testNestedReplacementInIfStatementWithMacroAsFirstPartOfCondition_474020" classname="org.eclipse.cdt.core.parser.tests.rewrite.changegenerator.ReplaceTests" time="0.256"/>
  <testcase name="testReplaceForLoopBody" classname="org.eclipse.cdt.core.parser.tests.rewrite.changegenerator.ReplaceTests" time="0.263"/>
  <testcase name="testNestedReplacementInIfStatementWithMacroInCondition_474020" classname="org.eclipse.cdt.core.parser.tests.rewrite.changegenerator.ReplaceTests" time="0.305"/>
  <testcase name="testSameName" classname="org.eclipse.cdt.core.parser.tests.rewrite.changegenerator.ReplaceTests" time="0.255"/>
  <testcase name="testStatement" classname="org.eclipse.cdt.core.parser.tests.rewrite.changegenerator.ReplaceTests" time="0.303"/>
  <testcase name="testMove" classname="org.eclipse.cdt.core.parser.tests.rewrite.changegenerator.ReplaceTests" time="0.274"/>
  <testcase name="testName" classname="org.eclipse.cdt.core.parser.tests.rewrite.changegenerator.ReplaceTests" time="0.252"/>
  <testcase name="testNewInitializerExpression" classname="org.eclipse.cdt.core.parser.tests.rewrite.changegenerator.ReplaceTests" time="0.245"/>
  <testcase name="testNestedReplacementInIfStatementWithMacroInSibling_474020" classname="org.eclipse.cdt.core.parser.tests.rewrite.changegenerator.ReplaceTests" time="0.265"/>
  <testcase name="testReplaceReplacedNode" classname="org.eclipse.cdt.core.parser.tests.rewrite.changegenerator.ReplaceTests" time="0.266"/>
  <testcase name="testReplaceFunctionDeclaratorWithVirtualSpecifier_Bug518628" classname="org.eclipse.cdt.core.parser.tests.rewrite.changegenerator.ReplaceTests" time="0.267"/>
  <testcase name="testNestedReplacementInIfStatementWithMacroAsInnerPartOfCondition_474020" classname="org.eclipse.cdt.core.parser.tests.rewrite.changegenerator.ReplaceTests" time="0.265"/>
  <testcase name="testPointerInParameter" classname="org.eclipse.cdt.core.parser.tests.rewrite.changegenerator.ReplaceTests" time="0.255"/>
  <testcase name="testWhitespaceHandling" classname="org.eclipse.cdt.core.parser.tests.rewrite.changegenerator.ReplaceTests" time="0.273"/>
  <testcase name="testArrayModifier" classname="org.eclipse.cdt.core.parser.tests.rewrite.changegenerator.ReplaceTests" time="0.272"/>
  <testcase name="testNestedReplacementInIfStatementWithMacroAsLastPartOfCondition_474020" classname="org.eclipse.cdt.core.parser.tests.rewrite.changegenerator.ReplaceTests" time="0.284"/>
  <testcase name="testInitializer" classname="org.eclipse.cdt.core.parser.tests.rewrite.changegenerator.ReplaceTests" time="0.263"/>
  <testcase name="testIdentical" classname="org.eclipse.cdt.core.parser.tests.rewrite.changegenerator.ReplaceTests" time="0.284"/>
  <testcase name="testNestedReplace" classname="org.eclipse.cdt.core.parser.tests.rewrite.changegenerator.ReplaceTests" time="0.257"/>
  <testcase name="testExpressionTest" classname="org.eclipse.cdt.core.parser.tests.rewrite.changegenerator.ReplaceTests" time="0.259"/>
  <testcase name="testArraySizeExpression" classname="org.eclipse.cdt.core.parser.tests.rewrite.changegenerator.ReplaceTests" time="0.257"/>
  <testcase name="testMoveRename" classname="org.eclipse.cdt.core.parser.tests.rewrite.changegenerator.ReplaceTests" time="0.274"/>
  <testcase name="testReplaceInsertStatement" classname="org.eclipse.cdt.core.parser.tests.rewrite.changegenerator.ReplaceTests" time="0.268"/>
  <testcase name="testCtorChainInitializer" classname="org.eclipse.cdt.core.parser.tests.rewrite.changegenerator.ReplaceTests" time="0.255"/>
  <testcase name="testExceptions" classname="org.eclipse.cdt.utils.CdtVariableResolverTest" time="0.001"/>
  <testcase name="testOtherBasic" classname="org.eclipse.cdt.utils.CdtVariableResolverTest" time="0"/>
  <testcase name="testResolveToString" classname="org.eclipse.cdt.utils.CdtVariableResolverTest" time="0"/>
  <testcase name="testAsList" classname="org.eclipse.cdt.utils.CdtVariableResolverTest" time="0"/>
  <testcase name="testSetMacros" classname="org.eclipse.cdt.utils.StorableCdtVariablesTest" time="0.028"/>
  <testcase name="testArgumentsToArrayNL" classname="org.eclipse.cdt.utils.CommandLineUtilTest" time="0.002"/>
  <testcase name="testArgumentsToArraySimple" classname="org.eclipse.cdt.utils.CommandLineUtilTest" time="0"/>
  <testcase name="testArgumentsToArraySpaces" classname="org.eclipse.cdt.utils.CommandLineUtilTest" time="0"/>
  <testcase name="testArgumentsToArrayEmptySpaces" classname="org.eclipse.cdt.utils.CommandLineUtilTest" time="0"/>
  <testcase name="testArgumentsToArrayEmptyString" classname="org.eclipse.cdt.utils.CommandLineUtilTest" time="0"/>
  <testcase name="testArgumentsToArraySimpleWin" classname="org.eclipse.cdt.utils.CommandLineUtilTest" time="0"/>
  <testcase name="testArgumentsToArraySimpleUniversal" classname="org.eclipse.cdt.utils.CommandLineUtilTest" time="0"/>
  <testcase name="testArgumentsToArrayJumbledString" classname="org.eclipse.cdt.utils.CommandLineUtilTest" time="0"/>
  <testcase name="testArgumentsToArrayJumbledString2" classname="org.eclipse.cdt.utils.CommandLineUtilTest" time="0"/>
  <testcase name="testArgumentsToArrayDoubleQuotes2" classname="org.eclipse.cdt.utils.CommandLineUtilTest" time="0"/>
  <testcase name="testArgumentsToArrayWindowsEmpty" classname="org.eclipse.cdt.utils.CommandLineUtilTest" time="0"/>
  <testcase name="testArgumentsToArrayWindowsFiles" classname="org.eclipse.cdt.utils.CommandLineUtilTest" time="0"/>
  <testcase name="testArgumentsToArrayNull" classname="org.eclipse.cdt.utils.CommandLineUtilTest" time="0"/>
  <testcase name="testArgumentsToArrayTabs" classname="org.eclipse.cdt.utils.CommandLineUtilTest" time="0.001"/>
  <testcase name="testArgumentsToArrayWindowsQuotes" classname="org.eclipse.cdt.utils.CommandLineUtilTest" time="0"/>
  <testcase name="testArgumentsToArraySpaces2" classname="org.eclipse.cdt.utils.CommandLineUtilTest" time="0"/>
  <testcase name="testArgumentsToArrayWindowsSpaces" classname="org.eclipse.cdt.utils.CommandLineUtilTest" time="0"/>
  <testcase name="testArgumentsToArrayDoubleQuotes" classname="org.eclipse.cdt.utils.CommandLineUtilTest" time="0"/>
  <testcase name="testArgumentsToArrayJumbledSQ" classname="org.eclipse.cdt.utils.CommandLineUtilTest" time="0"/>
  <testcase name="testArgumentsToArrayEmpty" classname="org.eclipse.cdt.utils.CommandLineUtilTest" time="0"/>
  <testcase name="testArgumentsToArrayQuot1" classname="org.eclipse.cdt.utils.CommandLineUtilTest" time="0"/>
  <testcase name="testArgumentsToArrayQuot2" classname="org.eclipse.cdt.utils.CommandLineUtilTest" time="0"/>
  <testcase name="testArgumentsToArrayQuote" classname="org.eclipse.cdt.utils.CommandLineUtilTest" time="0"/>
  <testcase name="testArgumentsToArrayOnlySpaces" classname="org.eclipse.cdt.utils.CommandLineUtilTest" time="0"/>
  <testcase name="testArgumentsToArraySingleQuotes" classname="org.eclipse.cdt.utils.CommandLineUtilTest" time="0"/>
  <testcase name="testArgumentsToArrayEmpty3" classname="org.eclipse.cdt.utils.CommandLineUtilTest" time="0"/>
  <testcase name="testArgumentsToArrayQuotSpaces" classname="org.eclipse.cdt.utils.CommandLineUtilTest" time="0"/>
  <testcase name="testArgumentsToArrayEmptyString2" classname="org.eclipse.cdt.utils.CommandLineUtilTest" time="0"/>
  <testcase name="testHashSetBasic" classname="org.eclipse.cdt.utils.WeakHashSetTest" time="0.036"/>
  <testcase name="testHashSetSyncronization" classname="org.eclipse.cdt.utils.WeakHashSetTest" time="0.326"/>
  <testcase name="testCornerCases" classname="org.eclipse.cdt.utils.FindProgramLocationTest" time="0"/>
  <testcase name="testFind" classname="org.eclipse.cdt.utils.FindProgramLocationTest" time="0.002"/>
  <testcase name="testWindows" classname="org.eclipse.cdt.utils.FindProgramLocationTest" time="0"/>
  <testcase name="testAppendinRSEURI" classname="org.eclipse.cdt.core.internal.efsextension.tests.EFSExtensionTests" time="0.001"/>
  <testcase name="testAppendToWindowsURI" classname="org.eclipse.cdt.core.internal.efsextension.tests.EFSExtensionTests" time="0"/>
  <testcase name="testReplaceInWindowsURI" classname="org.eclipse.cdt.core.internal.efsextension.tests.EFSExtensionTests" time="0"/>
  <testcase name="testReplaceURIWithAuthority2" classname="org.eclipse.cdt.core.internal.efsextension.tests.EFSExtensionTests" time="0"/>
  <testcase name="testGetMappedPath" classname="org.eclipse.cdt.core.internal.efsextension.tests.EFSExtensionTests" time="0"/>
  <testcase name="testGetLinkedURI" classname="org.eclipse.cdt.core.internal.efsextension.tests.EFSExtensionTests" time="0"/>
  <testcase name="testGetPathFromURI" classname="org.eclipse.cdt.core.internal.efsextension.tests.EFSExtensionTests" time="0"/>
  <testcase name="testReplaceURIWithAuthority" classname="org.eclipse.cdt.core.internal.efsextension.tests.EFSExtensionTests" time="0"/>
  <testcase name="testReplaceInRSEURI" classname="org.eclipse.cdt.core.internal.efsextension.tests.EFSExtensionTests" time="0"/>
  <testcase name="testReplaceInUNIXURI" classname="org.eclipse.cdt.core.internal.efsextension.tests.EFSExtensionTests" time="0"/>
  <testcase name="testExtension" classname="org.eclipse.cdt.core.internal.efsextension.tests.EFSExtensionTests" time="0"/>
  <testcase name="testReplaceInMadeUpURI" classname="org.eclipse.cdt.core.internal.efsextension.tests.EFSExtensionTests" time="0"/>
  <testcase name="testReplaceWithWindowsPathNoLeadingSlash" classname="org.eclipse.cdt.core.internal.efsextension.tests.EFSExtensionTests" time="0.001"/>
  <testcase name="testAppendToUNIXURI" classname="org.eclipse.cdt.core.internal.efsextension.tests.EFSExtensionTests" time="0"/>
  <testcase name="testMakeInt" classname="org.eclipse.cdt.utils.ByteUtilsTest" time="0"/>
  <testcase name="testMakeLong" classname="org.eclipse.cdt.utils.ByteUtilsTest" time="0"/>
  <testcase name="testMakeShort" classname="org.eclipse.cdt.utils.ByteUtilsTest" time="0"/>
  <testcase name="testToPath[0: /foo/bar]" classname="org.eclipse.cdt.utils.UNCPathConverterTest" time="0.001"/>
  <testcase name="testToPath[1: file:/foo/bar]" classname="org.eclipse.cdt.utils.UNCPathConverterTest" time="0"/>
  <testcase name="testToPath[2: http://example.com/foo/bar]" classname="org.eclipse.cdt.utils.UNCPathConverterTest" time="0"/>
  <testcase name="testToPath[3: ssh://user:password@example.com:8080/foo/bar]" classname="org.eclipse.cdt.utils.UNCPathConverterTest" time="0"/>
  <testcase name="testToPath[4: remotetools://My%20Connection/foo/bar]" classname="org.eclipse.cdt.utils.UNCPathConverterTest" time="0"/>
  <testcase name="testFreeBlockLinking" classname="org.eclipse.cdt.internal.pdom.tests.DatabaseTest" time="0.001"/>
  <testcase name="testShortStringComparison" classname="org.eclipse.cdt.internal.pdom.tests.DatabaseTest" time="1.598"/>
  <testcase name="testStringsInBTree" classname="org.eclipse.cdt.internal.pdom.tests.DatabaseTest" time="0.106"/>
  <testcase name="testBlockSizeAndFirstBlock" classname="org.eclipse.cdt.internal.pdom.tests.DatabaseTest" time="0"/>
  <testcase name="testBug192437" classname="org.eclipse.cdt.internal.pdom.tests.DatabaseTest" time="0.12"/>
  <testcase name="testSimpleAllocationLifecycle" classname="org.eclipse.cdt.internal.pdom.tests.DatabaseTest" time="0.001"/>
  <testcase name="testLongStringComparison" classname="org.eclipse.cdt.internal.pdom.tests.DatabaseTest" time="0.157"/>
  <testcase name="testSeq" classname="org.eclipse.cdt.internal.pdom.tests.DBPropertiesTests" time="0.024"/>
  <testcase name="testBasic" classname="org.eclipse.cdt.internal.pdom.tests.DBPropertiesTests" time="0.005"/>
  <testcase name="testNulls" classname="org.eclipse.cdt.internal.pdom.tests.DBPropertiesTests" time="0"/>
  <testcase name="testLong" classname="org.eclipse.cdt.internal.pdom.tests.DBPropertiesTests" time="0.009"/>
  <testcase name="test192165" classname="org.eclipse.cdt.internal.pdom.tests.PDOMCBugsTest" time="0.13"/>
  <testcase name="testProjectPDOMPropertiesOnExport" classname="org.eclipse.cdt.internal.pdom.tests.PDOMCPPBugsTest" time="0.121"/>
  <testcase name="test191679" classname="org.eclipse.cdt.internal.pdom.tests.PDOMCPPBugsTest" time="0.075"/>
  <testcase name="testInterruptingAcquireReadLock" classname="org.eclipse.cdt.internal.pdom.tests.PDOMCPPBugsTest" time="0.034"/>
  <testcase name="testPDOMProperties" classname="org.eclipse.cdt.internal.pdom.tests.PDOMCPPBugsTest" time="0.031"/>
  <testcase name="testProjectPDOMProperties" classname="org.eclipse.cdt.internal.pdom.tests.PDOMCPPBugsTest" time="0.031"/>
  <testcase name="testInterruptingAcquireWriteLock" classname="org.eclipse.cdt.internal.pdom.tests.PDOMCPPBugsTest" time="0.022"/>
  <testcase name="testNamespaces" classname="org.eclipse.cdt.internal.pdom.tests.PDOMSearchTest" time="0.115"/>
  <testcase name="testMethods" classname="org.eclipse.cdt.internal.pdom.tests.PDOMSearchTest" time="0.061"/>
  <testcase name="testVariables" classname="org.eclipse.cdt.internal.pdom.tests.PDOMSearchTest" time="0.057"/>
  <testcase name="testFields" classname="org.eclipse.cdt.internal.pdom.tests.PDOMSearchTest" time="0.039"/>
  <testcase name="testClasses_160913" classname="org.eclipse.cdt.internal.pdom.tests.PDOMSearchTest" time="0.036"/>
  <testcase name="testAnonymousNamespace_460646" classname="org.eclipse.cdt.internal.pdom.tests.PDOMSearchTest" time="0.052"/>
  <testcase name="testFunction" classname="org.eclipse.cdt.internal.pdom.tests.PDOMSearchTest" time="0.063"/>
  <testcase name="testLocationConverter" classname="org.eclipse.cdt.internal.pdom.tests.PDOMLocationTests" time="0.045"/>
  <testcase name="testExternalReferences" classname="org.eclipse.cdt.internal.pdom.tests.PDOMNameTests" time="0.054"/>
  <testcase name="testVersionMismatchOfExternalPDOM_178998" classname="org.eclipse.cdt.internal.pdom.tests.PDOMProviderTests" time="0.077"/>
  <testcase name="testCommonSDK" classname="org.eclipse.cdt.internal.pdom.tests.PDOMProviderTests" time="0.146"/>
  <testcase name="testLifeCycle" classname="org.eclipse.cdt.internal.pdom.tests.PDOMProviderTests" time="0.117"/>
  <testcase name="testCPP" classname="org.eclipse.cdt.internal.pdom.tests.EnumerationTests" time="0.046"/>
  <testcase name="testC" classname="org.eclipse.cdt.internal.pdom.tests.EnumerationTests" time="0.021"/>
  <testcase name="testClassScope_bug185408" classname="org.eclipse.cdt.internal.pdom.tests.ClassTests" time="0.05"/>
  <testcase name="testAbsenceOfDefaultConstructorWhenExplicitNonDefaultPresentA" classname="org.eclipse.cdt.internal.pdom.tests.ClassTests" time="0.043"/>
  <testcase name="testAbsenceOfDefaultConstructorWhenExplicitNonDefaultPresentB" classname="org.eclipse.cdt.internal.pdom.tests.ClassTests" time="0.035"/>
  <testcase name="test1" classname="org.eclipse.cdt.internal.pdom.tests.ClassTests" time="0.039"/>
  <testcase name="test147903" classname="org.eclipse.cdt.internal.pdom.tests.ClassTests" time="0.032"/>
  <testcase name="testFriend" classname="org.eclipse.cdt.internal.pdom.tests.ClassTests" time="0.042"/>
  <testcase name="testNested" classname="org.eclipse.cdt.internal.pdom.tests.ClassTests" time="0.045"/>
  <testcase name="testFinalClass" classname="org.eclipse.cdt.internal.pdom.tests.ClassTests" time="0.039"/>
  <testcase name="testCPP" classname="org.eclipse.cdt.internal.pdom.tests.TypesTests" time="0.055"/>
  <testcase name="testC" classname="org.eclipse.cdt.internal.pdom.tests.TypesTests" time="0.023"/>
  <testcase name="test145351" classname="org.eclipse.cdt.internal.pdom.tests.TypesTests" time="0.035"/>
  <testcase name="testIncludeName" classname="org.eclipse.cdt.internal.pdom.tests.IncludesTests" time="0.136"/>
  <testcase name="testIncludedBy" classname="org.eclipse.cdt.internal.pdom.tests.IncludesTests" time="0.06"/>
  <testcase name="testIncludes" classname="org.eclipse.cdt.internal.pdom.tests.IncludesTests" time="0.033"/>
  <testcase name="testReferencesToNamespacedBindings" classname="org.eclipse.cdt.internal.pdom.tests.OverloadsWithinSingleTUTests" time="0.029"/>
  <testcase name="testReferencesToGlobalBindings" classname="org.eclipse.cdt.internal.pdom.tests.OverloadsWithinSingleTUTests" time="0.024"/>
  <testcase name="testDistinctBindingsPresent" classname="org.eclipse.cdt.internal.pdom.tests.OverloadsWithinSingleTUTests" time="0.023"/>
  <testcase name="testOverloadedInCommonHeader_NamespaceScope_Collides_With_Filescope" classname="org.eclipse.cdt.internal.pdom.tests.OverloadsWithinCommonHeaderTests" time="0.09"/>
  <testcase name="testOverloadedInCommonHeader_ClassScope" classname="org.eclipse.cdt.internal.pdom.tests.OverloadsWithinCommonHeaderTests" time="0.07"/>
  <testcase name="testOverloadedInCommonHeader_FileScope" classname="org.eclipse.cdt.internal.pdom.tests.OverloadsWithinCommonHeaderTests" time="0.074"/>
  <testcase name="testOverloadedInCommonHeader_NamespaceScope" classname="org.eclipse.cdt.internal.pdom.tests.OverloadsWithinCommonHeaderTests" time="0.092"/>
  <testcase name="testEquivalentRecordInsert_Bug402177" classname="org.eclipse.cdt.internal.pdom.tests.BTreeTests" time="0.005"/>
  <testcase name="testBySortedSetMirrorLite" classname="org.eclipse.cdt.internal.pdom.tests.BTreeTests" time="2.021"/>
  <testcase name="testInsertion" classname="org.eclipse.cdt.internal.pdom.tests.BTreeTests" time="1.192"/>
  <testcase name="testInterface" classname="org.eclipse.cdt.internal.pdom.tests.PDOMStringSetTests" time="0.004"/>
  <testcase name="testReplaceTags" classname="org.eclipse.cdt.internal.pdom.tests.PDOMTagIndexTests" time="0.073"/>
  <testcase name="testMultipleTaggers" classname="org.eclipse.cdt.internal.pdom.tests.PDOMTagIndexTests" time="0.005"/>
  <testcase name="testSimple" classname="org.eclipse.cdt.internal.pdom.tests.PDOMTagIndexTests" time="0.003"/>
  <testcase name="testFilesOnReindex" classname="org.eclipse.cdt.internal.pdom.tests.FilesOnReindexTests" time="0.056"/>
  <testcase name="testExternalExportProjectProvider_BadCmdLine1" classname="org.eclipse.cdt.internal.pdom.tests.GeneratePDOMApplicationTest" time="0.114"/>
  <testcase name="testExternalExportProjectProvider_BadCmdLine2" classname="org.eclipse.cdt.internal.pdom.tests.GeneratePDOMApplicationTest" time="0.073"/>
  <testcase name="testExternalExportProjectProvider_BadCmdLine3" classname="org.eclipse.cdt.internal.pdom.tests.GeneratePDOMApplicationTest" time="0.05"/>
  <testcase name="testBrokenExportProjectProvider1" classname="org.eclipse.cdt.internal.pdom.tests.GeneratePDOMApplicationTest" time="0.002"/>
  <testcase name="testBrokenExportProjectProvider2" classname="org.eclipse.cdt.internal.pdom.tests.GeneratePDOMApplicationTest" time="0.058"/>
  <testcase name="testExternalExportProjectProvider_SysIncludes" classname="org.eclipse.cdt.internal.pdom.tests.GeneratePDOMApplicationTest" time="0.458"/>
  <testcase name="testGenerateOnCyclicIncludes1" classname="org.eclipse.cdt.internal.pdom.tests.GeneratePDOMApplicationTest" time="0.42"/>
  <testcase name="testGenerateOnCyclicIncludes2" classname="org.eclipse.cdt.internal.pdom.tests.GeneratePDOMApplicationTest" time="0.416"/>
  <testcase name="testExternalExportProjectProvider" classname="org.eclipse.cdt.internal.pdom.tests.GeneratePDOMApplicationTest" time="0.456"/>
  <testcase name="testExternalExportProjectProvider_CLinkage" classname="org.eclipse.cdt.internal.pdom.tests.GeneratePDOMApplicationTest" time="0.034"/>
  <testcase name="testSimpleExportProjectProvider1" classname="org.eclipse.cdt.internal.pdom.tests.GeneratePDOMApplicationTest" time="0.223"/>
  <testcase name="testSimpleExportProjectProvider2" classname="org.eclipse.cdt.internal.pdom.tests.GeneratePDOMApplicationTest" time="0.035"/>
  <testcase name="testCharField" classname="org.eclipse.cdt.internal.pdom.tests.CPPFieldTests" time="0.048"/>
  <testcase name="testInheritedFieldDeclarations" classname="org.eclipse.cdt.internal.pdom.tests.CPPFieldTests" time="0.039"/>
  <testcase name="testPublicField" classname="org.eclipse.cdt.internal.pdom.tests.CPPFieldTests" time="0.042"/>
  <testcase name="testFloatField" classname="org.eclipse.cdt.internal.pdom.tests.CPPFieldTests" time="0.045"/>
  <testcase name="testFieldReferences" classname="org.eclipse.cdt.internal.pdom.tests.CPPFieldTests" time="0.037"/>
  <testcase name="testInheritedFieldDefinitions" classname="org.eclipse.cdt.internal.pdom.tests.CPPFieldTests" time="0.036"/>
  <testcase name="testDefaultPrivateField" classname="org.eclipse.cdt.internal.pdom.tests.CPPFieldTests" time="0.035"/>
  <testcase name="testInheritedFieldReferences" classname="org.eclipse.cdt.internal.pdom.tests.CPPFieldTests" time="0.043"/>
  <testcase name="testProtectedField" classname="org.eclipse.cdt.internal.pdom.tests.CPPFieldTests" time="0.042"/>
  <testcase name="testStaticField" classname="org.eclipse.cdt.internal.pdom.tests.CPPFieldTests" time="0.033"/>
  <testcase name="testMutableField" classname="org.eclipse.cdt.internal.pdom.tests.CPPFieldTests" time="0.047"/>
  <testcase name="testIntField" classname="org.eclipse.cdt.internal.pdom.tests.CPPFieldTests" time="0.06"/>
  <testcase name="testFieldDefinitions" classname="org.eclipse.cdt.internal.pdom.tests.CPPFieldTests" time="0.058"/>
  <testcase name="testFieldDeclarations" classname="org.eclipse.cdt.internal.pdom.tests.CPPFieldTests" time="0.046"/>
  <testcase name="testDoubleField" classname="org.eclipse.cdt.internal.pdom.tests.CPPFieldTests" time="0.055"/>
  <testcase name="testPrivateField" classname="org.eclipse.cdt.internal.pdom.tests.CPPFieldTests" time="0.049"/>
  <testcase name="testInlineCPPFunction" classname="org.eclipse.cdt.internal.pdom.tests.CPPFunctionTests" time="0.135"/>
  <testcase name="testCharFunction" classname="org.eclipse.cdt.internal.pdom.tests.CPPFunctionTests" time="0.064"/>
  <testcase name="testForwardDeclarationType" classname="org.eclipse.cdt.internal.pdom.tests.CPPFunctionTests" time="0.572"/>
  <testcase name="testFunctionReferences" classname="org.eclipse.cdt.internal.pdom.tests.CPPFunctionTests" time="0.067"/>
  <testcase name="testDoubleFunction" classname="org.eclipse.cdt.internal.pdom.tests.CPPFunctionTests" time="0.058"/>
  <testcase name="testStorageClassSpecParameters" classname="org.eclipse.cdt.internal.pdom.tests.CPPFunctionTests" time="0.058"/>
  <testcase name="testVoidFunction" classname="org.eclipse.cdt.internal.pdom.tests.CPPFunctionTests" time="0.053"/>
  <testcase name="testForwardDeclaration" classname="org.eclipse.cdt.internal.pdom.tests.CPPFunctionTests" time="0.064"/>
  <testcase name="testPointerToFunctionType" classname="org.eclipse.cdt.internal.pdom.tests.CPPFunctionTests" time="0.053"/>
  <testcase name="testParameters" classname="org.eclipse.cdt.internal.pdom.tests.CPPFunctionTests" time="0.066"/>
  <testcase name="testVarArgsCPPFunction" classname="org.eclipse.cdt.internal.pdom.tests.CPPFunctionTests" time="0.073"/>
  <testcase name="testStaticCPPFunction" classname="org.eclipse.cdt.internal.pdom.tests.CPPFunctionTests" time="0.047"/>
  <testcase name="testFunctionType" classname="org.eclipse.cdt.internal.pdom.tests.CPPFunctionTests" time="0.067"/>
  <testcase name="testExternCPPFunction" classname="org.eclipse.cdt.internal.pdom.tests.CPPFunctionTests" time="0.063"/>
  <testcase name="testFloatFunction" classname="org.eclipse.cdt.internal.pdom.tests.CPPFunctionTests" time="0.058"/>
  <testcase name="testIntFunction" classname="org.eclipse.cdt.internal.pdom.tests.CPPFunctionTests" time="0.143"/>
  <testcase name="testFunctionDefinitions" classname="org.eclipse.cdt.internal.pdom.tests.CPPFunctionTests" time="0.063"/>
  <testcase name="testOverloadedFunction" classname="org.eclipse.cdt.internal.pdom.tests.CPPFunctionTests" time="0.055"/>
  <testcase name="testFunctionDeclarations" classname="org.eclipse.cdt.internal.pdom.tests.CPPFunctionTests" time="0.049"/>
  <testcase name="testNoReturnCPPFunction" classname="org.eclipse.cdt.internal.pdom.tests.CPPFunctionTests" time="0.067"/>
  <testcase name="testCPPAutoVariable" classname="org.eclipse.cdt.internal.pdom.tests.CPPVariableTests" time="0.064"/>
  <testcase name="testCPPStaticVariable" classname="org.eclipse.cdt.internal.pdom.tests.CPPVariableTests" time="0.054"/>
  <testcase name="testCPPRegisterVariable" classname="org.eclipse.cdt.internal.pdom.tests.CPPVariableTests" time="0.043"/>
  <testcase name="testCPPExternVariable" classname="org.eclipse.cdt.internal.pdom.tests.CPPVariableTests" time="0.051"/>
  <testcase name="testDefinition2" classname="org.eclipse.cdt.internal.pdom.tests.CPPClassTemplateTests" time="0.085"/>
  <testcase name="testDefinition" classname="org.eclipse.cdt.internal.pdom.tests.CPPClassTemplateTests" time="0.052"/>
  <testcase name="testSimpleAliasDefinitionValueTemplateArguments" classname="org.eclipse.cdt.internal.pdom.tests.CPPClassTemplateTests" time="0.051"/>
  <testcase name="testSimpleDefinition" classname="org.eclipse.cdt.internal.pdom.tests.CPPClassTemplateTests" time="0.048"/>
  <testcase name="testPDOMAliasDeclarationNestingLevel" classname="org.eclipse.cdt.internal.pdom.tests.CPPClassTemplateTests" time="0.055"/>
  <testcase name="testSpecializations" classname="org.eclipse.cdt.internal.pdom.tests.CPPClassTemplateTests" time="0.044"/>
  <testcase name="testSimpleAliasDefinitionDefaultTemplateArgument" classname="org.eclipse.cdt.internal.pdom.tests.CPPClassTemplateTests" time="0.043"/>
  <testcase name="testPDOMNestedAliasDeclarationNestingLevel" classname="org.eclipse.cdt.internal.pdom.tests.CPPClassTemplateTests" time="0.037"/>
  <testcase name="testSimpleAliasReference" classname="org.eclipse.cdt.internal.pdom.tests.CPPClassTemplateTests" time="0.048"/>
  <testcase name="testSimpleAliasDefinition" classname="org.eclipse.cdt.internal.pdom.tests.CPPClassTemplateTests" time="0.046"/>
  <testcase name="testSimpleAliasTemplateParameter" classname="org.eclipse.cdt.internal.pdom.tests.CPPClassTemplateTests" time="0.057"/>
  <testcase name="testFunctionPointer" classname="org.eclipse.cdt.internal.pdom.tests.CPPClassTemplateTests" time="0.046"/>
  <testcase name="testExplicitInstantiation" classname="org.eclipse.cdt.internal.pdom.tests.CPPClassTemplateTests" time="0.05"/>
  <testcase name="testSimpleInstantiation" classname="org.eclipse.cdt.internal.pdom.tests.CPPFunctionTemplateTests" time="0.055"/>
  <testcase name="testStaticMethod" classname="org.eclipse.cdt.internal.pdom.tests.MethodTests" time="0.065"/>
  <testcase name="testVirtualMethod" classname="org.eclipse.cdt.internal.pdom.tests.MethodTests" time="0.058"/>
  <testcase name="testVirtualMethodDeclarations" classname="org.eclipse.cdt.internal.pdom.tests.MethodTests" time="0.05"/>
  <testcase name="testPrivateMethod" classname="org.eclipse.cdt.internal.pdom.tests.MethodTests" time="0.048"/>
  <testcase name="testPureVirtualMethodType" classname="org.eclipse.cdt.internal.pdom.tests.MethodTests" time="0.083"/>
  <testcase name="testMethodParameters" classname="org.eclipse.cdt.internal.pdom.tests.MethodTests" time="0.056"/>
  <testcase name="testVirtualMethodType" classname="org.eclipse.cdt.internal.pdom.tests.MethodTests" time="0.058"/>
  <testcase name="testOverrideFinalVirtualMemberFunction" classname="org.eclipse.cdt.internal.pdom.tests.MethodTests" time="0.058"/>
  <testcase name="testVolatileMethod" classname="org.eclipse.cdt.internal.pdom.tests.MethodTests" time="0.048"/>
  <testcase name="testOverriddenMethodReferences" classname="org.eclipse.cdt.internal.pdom.tests.MethodTests" time="0.054"/>
  <testcase name="testNotConstVolatileMethod" classname="org.eclipse.cdt.internal.pdom.tests.MethodTests" time="0.052"/>
  <testcase name="testVarArgsMethod" classname="org.eclipse.cdt.internal.pdom.tests.MethodTests" time="0.049"/>
  <testcase name="testConstVolatileMethod" classname="org.eclipse.cdt.internal.pdom.tests.MethodTests" time="0.046"/>
  <testcase name="testOverriddenMethodDefinitions" classname="org.eclipse.cdt.internal.pdom.tests.MethodTests" time="0.058"/>
  <testcase name="testDefaultPrivateMethod" classname="org.eclipse.cdt.internal.pdom.tests.MethodTests" time="0.066"/>
  <testcase name="testVirtualMemberFunction" classname="org.eclipse.cdt.internal.pdom.tests.MethodTests" time="0.054"/>
  <testcase name="testImplicitCtorExceptionSpec" classname="org.eclipse.cdt.internal.pdom.tests.MethodTests" time="0.047"/>
  <testcase name="testNoExceptionSpecification" classname="org.eclipse.cdt.internal.pdom.tests.MethodTests" time="0.05"/>
  <testcase name="testPureVirtualMethodDeclarations" classname="org.eclipse.cdt.internal.pdom.tests.MethodTests" time="0.062"/>
  <testcase name="testInheritedMethodDefinitions" classname="org.eclipse.cdt.internal.pdom.tests.MethodTests" time="0.048"/>
  <testcase name="testPureVirtualMethodDefinitions" classname="org.eclipse.cdt.internal.pdom.tests.MethodTests" time="0.062"/>
  <testcase name="testVirtualMethodDefinitions" classname="org.eclipse.cdt.internal.pdom.tests.MethodTests" time="0.059"/>
  <testcase name="testOverrideVirtualMemberFunction" classname="org.eclipse.cdt.internal.pdom.tests.MethodTests" time="0.051"/>
  <testcase name="testImplicitDtorExceptionSpec" classname="org.eclipse.cdt.internal.pdom.tests.MethodTests" time="0.063"/>
  <testcase name="testDestructor" classname="org.eclipse.cdt.internal.pdom.tests.MethodTests" time="0.05"/>
  <testcase name="testEmptyExceptionSpecification" classname="org.eclipse.cdt.internal.pdom.tests.MethodTests" time="0.054"/>
  <testcase name="testInheritedMethodReferences" classname="org.eclipse.cdt.internal.pdom.tests.MethodTests" time="0.053"/>
  <testcase name="testConstMethod" classname="org.eclipse.cdt.internal.pdom.tests.MethodTests" time="0.061"/>
  <testcase name="testPureVirtualMethod" classname="org.eclipse.cdt.internal.pdom.tests.MethodTests" time="0.039"/>
  <testcase name="testVirtualMethodReferences" classname="org.eclipse.cdt.internal.pdom.tests.MethodTests" time="0.065"/>
  <testcase name="testInlineMethod" classname="org.eclipse.cdt.internal.pdom.tests.MethodTests" time="0.054"/>
  <testcase name="testPublicMethod" classname="org.eclipse.cdt.internal.pdom.tests.MethodTests" time="0.052"/>
  <testcase name="testProtectedMethod" classname="org.eclipse.cdt.internal.pdom.tests.MethodTests" time="0.05"/>
  <testcase name="testNotVolatileMethod" classname="org.eclipse.cdt.internal.pdom.tests.MethodTests" time="0.05"/>
  <testcase name="testOverriddenMethodDeclarations" classname="org.eclipse.cdt.internal.pdom.tests.MethodTests" time="0.057"/>
  <testcase name="testOverriddenMethodType" classname="org.eclipse.cdt.internal.pdom.tests.MethodTests" time="0.059"/>
  <testcase name="testNonEmptyExceptionSpecification" classname="org.eclipse.cdt.internal.pdom.tests.MethodTests" time="0.036"/>
  <testcase name="testInheritedMethodType" classname="org.eclipse.cdt.internal.pdom.tests.MethodTests" time="0.052"/>
  <testcase name="testImplicitCopyCtorExceptionSpec" classname="org.eclipse.cdt.internal.pdom.tests.MethodTests" time="0.045"/>
  <testcase name="testNotConstMethod" classname="org.eclipse.cdt.internal.pdom.tests.MethodTests" time="0.042"/>
  <testcase name="testPureVirtualMethodReferences" classname="org.eclipse.cdt.internal.pdom.tests.MethodTests" time="0.044"/>
  <testcase name="testInheritedMethodDeclarations" classname="org.eclipse.cdt.internal.pdom.tests.MethodTests" time="0.04"/>
  <testcase name="testFriend_162011" classname="org.eclipse.cdt.internal.pdom.tests.NamespaceTests" time="0.1"/>
  <testcase name="testAlias" classname="org.eclipse.cdt.internal.pdom.tests.NamespaceTests" time="0.049"/>
  <testcase name="testUsingDirective" classname="org.eclipse.cdt.internal.pdom.tests.NamespaceTests" time="0.054"/>
  <testcase name="testUnnamed_162226" classname="org.eclipse.cdt.internal.pdom.tests.NamespaceTests" time="0.056"/>
  <testcase name="testOverload" classname="org.eclipse.cdt.internal.pdom.tests.NamespaceTests" time="0.081"/>
  <testcase name="testMemberDefinition" classname="org.eclipse.cdt.internal.pdom.tests.NamespaceTests" time="0.07"/>
  <testcase name="testExtend" classname="org.eclipse.cdt.internal.pdom.tests.NamespaceTests" time="0.067"/>
  <testcase name="testNested" classname="org.eclipse.cdt.internal.pdom.tests.NamespaceTests" time="0.056"/>
  <testcase name="testVisibilityDefaultMemberFunction" classname="org.eclipse.cdt.internal.pdom.tests.ClassMemberVisibilityTests" time="0.069"/>
  <testcase name="testVisibilityDefaultNestedClass" classname="org.eclipse.cdt.internal.pdom.tests.ClassMemberVisibilityTests" time="0.033"/>
  <testcase name="testVisibilityDefaultMemberVariable" classname="org.eclipse.cdt.internal.pdom.tests.ClassMemberVisibilityTests" time="0.035"/>
  <testcase name="testVisibilitySpecializedDefaultVariable" classname="org.eclipse.cdt.internal.pdom.tests.ClassMemberVisibilityTests" time="0.036"/>
  <testcase name="testVisibilityImplicitTemplateMembers" classname="org.eclipse.cdt.internal.pdom.tests.ClassMemberVisibilityTests" time="0.036"/>
  <testcase name="testVisibilitySpecializedPublicVariable" classname="org.eclipse.cdt.internal.pdom.tests.ClassMemberVisibilityTests" time="0.036"/>
  <testcase name="testVisibilitySpecializedProtectedVariable" classname="org.eclipse.cdt.internal.pdom.tests.ClassMemberVisibilityTests" time="0.035"/>
  <testcase name="testVisibilityImplicitClassMembers" classname="org.eclipse.cdt.internal.pdom.tests.ClassMemberVisibilityTests" time="0.037"/>
  <testcase name="testVisibilitySpecializedPrivateVariable" classname="org.eclipse.cdt.internal.pdom.tests.ClassMemberVisibilityTests" time="0.036"/>
  <testcase name="testExternCFunction" classname="org.eclipse.cdt.internal.pdom.tests.CFunctionTests" time="0.046"/>
  <testcase name="testNoReturnCFunction" classname="org.eclipse.cdt.internal.pdom.tests.CFunctionTests" time="0.059"/>
  <testcase name="testVarArgsCFunction" classname="org.eclipse.cdt.internal.pdom.tests.CFunctionTests" time="0.049"/>
  <testcase name="testInlineCFunction" classname="org.eclipse.cdt.internal.pdom.tests.CFunctionTests" time="0.068"/>
  <testcase name="testFunctionWithRegisterParam" classname="org.eclipse.cdt.internal.pdom.tests.CFunctionTests" time="0.066"/>
  <testcase name="testStaticCFunction" classname="org.eclipse.cdt.internal.pdom.tests.CFunctionTests" time="0.043"/>
  <testcase name="testKnRStyleFunctionWithProblemParameters" classname="org.eclipse.cdt.internal.pdom.tests.CFunctionTests" time="0.054"/>
  <testcase name="testCStaticVariable" classname="org.eclipse.cdt.internal.pdom.tests.CVariableTests" time="0.059"/>
  <testcase name="testCExternVariable" classname="org.eclipse.cdt.internal.pdom.tests.CVariableTests" time="0.055"/>
  <testcase name="testCRegisterVariable" classname="org.eclipse.cdt.internal.pdom.tests.CVariableTests" time="0.108"/>
  <testcase name="testCAutoVariable" classname="org.eclipse.cdt.internal.pdom.tests.CVariableTests" time="0.077"/>
  <testcase name="testDeepCStructureDeclarations" classname="org.eclipse.cdt.internal.pdom.tests.CCompositeTypeTests" time="0.068"/>
  <testcase name="testCUnionDefinitions" classname="org.eclipse.cdt.internal.pdom.tests.CCompositeTypeTests" time="0.05"/>
  <testcase name="testCMixedMemberDeclarations" classname="org.eclipse.cdt.internal.pdom.tests.CCompositeTypeTests" time="0.047"/>
  <testcase name="testDeepCStructure" classname="org.eclipse.cdt.internal.pdom.tests.CCompositeTypeTests" time="0.066"/>
  <testcase name="testDeepCStructureMemberReferences" classname="org.eclipse.cdt.internal.pdom.tests.CCompositeTypeTests" time="0.073"/>
  <testcase name="testDeepCStructureReferences" classname="org.eclipse.cdt.internal.pdom.tests.CCompositeTypeTests" time="0.062"/>
  <testcase name="testDeepCStructureMemberDeclarations" classname="org.eclipse.cdt.internal.pdom.tests.CCompositeTypeTests" time="0.065"/>
  <testcase name="testCUnionReferences" classname="org.eclipse.cdt.internal.pdom.tests.CCompositeTypeTests" time="0.077"/>
  <testcase name="testCUnionMemberReferences" classname="org.eclipse.cdt.internal.pdom.tests.CCompositeTypeTests" time="0.06"/>
  <testcase name="testCUnionMemberDeclarations" classname="org.eclipse.cdt.internal.pdom.tests.CCompositeTypeTests" time="0.069"/>
  <testcase name="testCUnionMemberDefinitions" classname="org.eclipse.cdt.internal.pdom.tests.CCompositeTypeTests" time="0.057"/>
  <testcase name="testCUnionDeclarations" classname="org.eclipse.cdt.internal.pdom.tests.CCompositeTypeTests" time="0.054"/>
  <testcase name="testSimpleCStructureDeclarations" classname="org.eclipse.cdt.internal.pdom.tests.CCompositeTypeTests" time="0.06"/>
  <testcase name="testSimpleCStructureDefinitions" classname="org.eclipse.cdt.internal.pdom.tests.CCompositeTypeTests" time="0.067"/>
  <testcase name="testCMixedMemberReferences" classname="org.eclipse.cdt.internal.pdom.tests.CCompositeTypeTests" time="0.074"/>
  <testcase name="testCMixedDeclarations" classname="org.eclipse.cdt.internal.pdom.tests.CCompositeTypeTests" time="0.062"/>
  <testcase name="testDeepCStructureMemberDefinitions" classname="org.eclipse.cdt.internal.pdom.tests.CCompositeTypeTests" time="0.062"/>
  <testcase name="testCMixedMemberDefinitions" classname="org.eclipse.cdt.internal.pdom.tests.CCompositeTypeTests" time="0.059"/>
  <testcase name="testCMixedDefinitions" classname="org.eclipse.cdt.internal.pdom.tests.CCompositeTypeTests" time="0.08"/>
  <testcase name="testCMixedReferences" classname="org.eclipse.cdt.internal.pdom.tests.CCompositeTypeTests" time="0.055"/>
  <testcase name="testDeepCStructureDefinitions" classname="org.eclipse.cdt.internal.pdom.tests.CCompositeTypeTests" time="0.059"/>
  <testcase name="testSimpleCStructureReferences" classname="org.eclipse.cdt.internal.pdom.tests.CCompositeTypeTests" time="0.082"/>
  <testcase name="testStaticBindings_f08" classname="org.eclipse.cdt.internal.pdom.tests.DefDeclTests" time="0.08"/>
  <testcase name="testKRDeclUsage_f02" classname="org.eclipse.cdt.internal.pdom.tests.DefDeclTests" time="0.06"/>
  <testcase name="testDefDeclUse_v14" classname="org.eclipse.cdt.internal.pdom.tests.DefDeclTests" time="0.076"/>
  <testcase name="testStructAndTypedef_t04" classname="org.eclipse.cdt.internal.pdom.tests.DefDeclTests" time="0.229"/>
  <testcase name="testStructPreDefintion_t02" classname="org.eclipse.cdt.internal.pdom.tests.DefDeclTests" time="0.098"/>
  <testcase name="testInit" classname="org.eclipse.cdt.internal.pdom.tests.DefDeclTests" time="0.072"/>
  <testcase name="testTypedefAndAnonymousStruct_t05" classname="org.eclipse.cdt.internal.pdom.tests.DefDeclTests" time="0.072"/>
  <testcase name="testImplicitDeclPostDef_f04" classname="org.eclipse.cdt.internal.pdom.tests.DefDeclTests" time="0.069"/>
  <testcase name="testDeclDefUse_v13" classname="org.eclipse.cdt.internal.pdom.tests.DefDeclTests" time="0.063"/>
  <testcase name="testWrongMatchedStaticDefinition" classname="org.eclipse.cdt.internal.pdom.tests.DefDeclTests" time="0.068"/>
  <testcase name="testStructRecursive_t03" classname="org.eclipse.cdt.internal.pdom.tests.DefDeclTests" time="0.054"/>
  <testcase name="testImplicitDeclPostDecl_f03" classname="org.eclipse.cdt.internal.pdom.tests.DefDeclTests" time="0.073"/>
  <testcase name="testGlobalInitRead2_v11" classname="org.eclipse.cdt.internal.pdom.tests.DefDeclTests" time="0.076"/>
  <testcase name="testDeclUseDef_v12" classname="org.eclipse.cdt.internal.pdom.tests.DefDeclTests" time="0.06"/>
  <testcase name="testNonLocalDefintion_f06" classname="org.eclipse.cdt.internal.pdom.tests.DefDeclTests" time="0.06"/>
  <testcase name="testSimpleDeclUsage_f01" classname="org.eclipse.cdt.internal.pdom.tests.DefDeclTests" time="0.058"/>
  <testcase name="testImplicitDeclNone_f05" classname="org.eclipse.cdt.internal.pdom.tests.DefDeclTests" time="0.058"/>
  <testcase name="testNamedStruct_t01" classname="org.eclipse.cdt.internal.pdom.tests.DefDeclTests" time="0.058"/>
  <testcase name="testSimpleGlobalWrite_v09" classname="org.eclipse.cdt.internal.pdom.tests.DefDeclTests" time="0.05"/>
  <testcase name="testGlobalInitRead_v10" classname="org.eclipse.cdt.internal.pdom.tests.DefDeclTests" time="0.061"/>
  <testcase name="testRepeatedly" classname="org.eclipse.cdt.internal.pdom.tests.RaceCondition157992Test" time="4.528"/>
  <testcase name="testRepeatedlyChangeConfig_bug375226" classname="org.eclipse.cdt.internal.pdom.tests.ChangeConfigurationTests" time="0.407"/>
  <testcase name="testPairDisjointContent" classname="org.eclipse.cdt.internal.index.tests.IndexCompositeTests" time="0.182"/>
  <testcase name="testTripleUpwardV" classname="org.eclipse.cdt.internal.index.tests.IndexCompositeTests" time="0.349"/>
  <testcase name="testTripleLinear" classname="org.eclipse.cdt.internal.index.tests.IndexCompositeTests" time="0.292"/>
  <testcase name="testTripleDownwardV" classname="org.eclipse.cdt.internal.index.tests.IndexCompositeTests" time="0.251"/>
  <testcase name="testChangeListener" classname="org.eclipse.cdt.internal.index.tests.IndexListenerTest" time="0.121"/>
  <testcase name="testIdleListener" classname="org.eclipse.cdt.internal.index.tests.IndexListenerTest" time="0.106"/>
  <testcase name="testURLC_RCRLC_Interaction1" classname="org.eclipse.cdt.internal.index.tests.IndexLocationTest" time="0.088"/>
  <testcase name="testURLC_RCRLC_Interaction2" classname="org.eclipse.cdt.internal.index.tests.IndexLocationTest" time="0.073"/>
  <testcase name="testURLC_RCRLC_Interaction3" classname="org.eclipse.cdt.internal.index.tests.IndexLocationTest" time="0.083"/>
  <testcase name="testBasicLocations" classname="org.eclipse.cdt.internal.index.tests.IndexLocationTest" time="0.123"/>
  <testcase name="testSameFileLinkedToOnceInTwoProjects_186214" classname="org.eclipse.cdt.internal.index.tests.IndexLocationTest" time="0.194"/>
  <testcase name="testLinkedFilesIndexedAsWithinProject" classname="org.eclipse.cdt.internal.index.tests.IndexLocationTest" time="0.123"/>
  <testcase name="testResourceContainerRelativeLocationConverter" classname="org.eclipse.cdt.internal.index.tests.IndexLocationTest" time="0.215"/>
  <testcase name="testClassInUnnamedNamespace" classname="org.eclipse.cdt.internal.index.tests.IndexSearchTest" time="0.086"/>
  <testcase name="testFindClassInNamespace" classname="org.eclipse.cdt.internal.index.tests.IndexSearchTest" time="0.065"/>
  <testcase name="testFindStatic_161216" classname="org.eclipse.cdt.internal.index.tests.IndexSearchTest" time="0.066"/>
  <testcase name="testSanityOfMayHaveChildren" classname="org.eclipse.cdt.internal.index.tests.IndexSearchTest" time="0.064"/>
  <testcase name="testFindNamespaceInNamespace" classname="org.eclipse.cdt.internal.index.tests.IndexSearchTest" time="0.075"/>
  <testcase name="testFindEnumerator" classname="org.eclipse.cdt.internal.index.tests.IndexSearchTest" time="0.081"/>
  <testcase name="testCaseInsensitivePatternSearch_239669" classname="org.eclipse.cdt.internal.index.tests.IndexSearchTest" time="0.075"/>
  <testcase name="deleteProject" classname="org.eclipse.cdt.internal.index.tests.IndexSearchTest" time="0.077"/>
  <testcase name="testIncludeProperties" classname="org.eclipse.cdt.internal.index.tests.IndexIncludeTest" time="0.12"/>
  <testcase name="testFixedContext" classname="org.eclipse.cdt.internal.index.tests.IndexIncludeTest" time="0.096"/>
  <testcase name="testUpdateIncludes" classname="org.eclipse.cdt.internal.index.tests.IndexIncludeTest" time="0.096"/>
  <testcase name="testIncludeProperties_2" classname="org.eclipse.cdt.internal.index.tests.IndexIncludeTest" time="0.062"/>
  <testcase name="testInactiveInclude" classname="org.eclipse.cdt.internal.index.tests.IndexIncludeTest" time="0.081"/>
  <testcase name="testUnresolvedInclude" classname="org.eclipse.cdt.internal.index.tests.IndexIncludeTest" time="0.077"/>
  <testcase name="testFastIndexer" classname="org.eclipse.cdt.internal.index.tests.IndexIncludeTest" time="0.075"/>
  <testcase name="testPragmaOnceChange" classname="org.eclipse.cdt.internal.index.tests.IndexIncludeTest" time="0.103"/>
  <testcase name="testMultiVariantHeaderUpdate" classname="org.eclipse.cdt.internal.index.tests.IndexIncludeTest" time="0.099"/>
  <testcase name="testParsingInContext_bug220358" classname="org.eclipse.cdt.internal.index.tests.IndexIncludeTest" time="0.102"/>
  <testcase name="testUpdateOfIncluded" classname="org.eclipse.cdt.internal.index.tests.IndexIncludeTest" time="2.092"/>
  <testcase name="deleteProject" classname="org.eclipse.cdt.internal.index.tests.IndexIncludeTest" time="0.079"/>
  <testcase name="testCppFunction" classname="org.eclipse.cdt.internal.index.tests.IndexUpdateTests" time="0.136"/>
  <testcase name="testCTypedef" classname="org.eclipse.cdt.internal.index.tests.IndexUpdateTests" time="0.025"/>
  <testcase name="testEnumCPP" classname="org.eclipse.cdt.internal.index.tests.IndexUpdateTests" time="0.031"/>
  <testcase name="testFileLocalBinding" classname="org.eclipse.cdt.internal.index.tests.IndexUpdateTests" time="0.021"/>
  <testcase name="testBaseClass_Bug391284" classname="org.eclipse.cdt.internal.index.tests.IndexUpdateTests" time="0.019"/>
  <testcase name="testGlobalCppVariable" classname="org.eclipse.cdt.internal.index.tests.IndexUpdateTests" time="0.015"/>
  <testcase name="testExternC" classname="org.eclipse.cdt.internal.index.tests.IndexUpdateTests" time="0.027"/>
  <testcase name="testImplicitMethods" classname="org.eclipse.cdt.internal.index.tests.IndexUpdateTests" time="0.033"/>
  <testcase name="testCppMethod" classname="org.eclipse.cdt.internal.index.tests.IndexUpdateTests" time="0.043"/>
  <testcase name="testGlobalCVariable" classname="org.eclipse.cdt.internal.index.tests.IndexUpdateTests" time="0.021"/>
  <testcase name="testCppConstructor" classname="org.eclipse.cdt.internal.index.tests.IndexUpdateTests" time="0.024"/>
  <testcase name="testAnonymousEnum_Bug356057c" classname="org.eclipse.cdt.internal.index.tests.IndexUpdateTests" time="0.019"/>
  <testcase name="testCppTypedef" classname="org.eclipse.cdt.internal.index.tests.IndexUpdateTests" time="0.014"/>
  <testcase name="testCFunction" classname="org.eclipse.cdt.internal.index.tests.IndexUpdateTests" time="0.026"/>
  <testcase name="testChangingSourceBeforeHeader_Bug171834" classname="org.eclipse.cdt.internal.index.tests.IndexUpdateTests" time="0.031"/>
  <testcase name="testChangingTypeCPP" classname="org.eclipse.cdt.internal.index.tests.IndexUpdateTests" time="0.029"/>
  <testcase name="testValuesC" classname="org.eclipse.cdt.internal.index.tests.IndexUpdateTests" time="0.027"/>
  <testcase name="testValuesCPP" classname="org.eclipse.cdt.internal.index.tests.IndexUpdateTests" time="0.025"/>
  <testcase name="testDefaultParam_Bug297438" classname="org.eclipse.cdt.internal.index.tests.IndexUpdateTests" time="0.058"/>
  <testcase name="testFriendFunction" classname="org.eclipse.cdt.internal.index.tests.IndexUpdateTests" time="0.021"/>
  <testcase name="testTypedeletion_Bug294306" classname="org.eclipse.cdt.internal.index.tests.IndexUpdateTests" time="0.045"/>
  <testcase name="testAnonymousEnum_Bug356057cpp" classname="org.eclipse.cdt.internal.index.tests.IndexUpdateTests" time="0.028"/>
  <testcase name="testFriendMethod" classname="org.eclipse.cdt.internal.index.tests.IndexUpdateTests" time="0.021"/>
  <testcase name="testClassTemplates" classname="org.eclipse.cdt.internal.index.tests.IndexUpdateTests" time="0.046"/>
  <testcase name="testFriendClass" classname="org.eclipse.cdt.internal.index.tests.IndexUpdateTests" time="0.021"/>
  <testcase name="testFixedCppMethod" classname="org.eclipse.cdt.internal.index.tests.IndexUpdateTests" time="0.03"/>
  <testcase name="testCppField" classname="org.eclipse.cdt.internal.index.tests.IndexUpdateTests" time="0.046"/>
  <testcase name="testNamespaceAlias" classname="org.eclipse.cdt.internal.index.tests.IndexUpdateTests" time="0.022"/>
  <testcase name="testExceptionSpecification" classname="org.eclipse.cdt.internal.index.tests.IndexUpdateTests" time="0.031"/>
  <testcase name="testCField" classname="org.eclipse.cdt.internal.index.tests.IndexUpdateTests" time="0.013"/>
  <testcase name="testDependentProjectGetsUpdated_Bug310837" classname="org.eclipse.cdt.internal.index.tests.IndexUpdateTests" time="0.158"/>
  <testcase name="testImplicitDefaultCtor_Bug359376" classname="org.eclipse.cdt.internal.index.tests.IndexUpdateTests" time="0.026"/>
  <testcase name="testInlineNamespaces_305980" classname="org.eclipse.cdt.internal.index.tests.IndexUpdateTests" time="0.023"/>
  <testcase name="testChangingTypePlainC" classname="org.eclipse.cdt.internal.index.tests.IndexUpdateTests" time="0.135"/>
  <testcase name="deleteProject" classname="org.eclipse.cdt.internal.index.tests.IndexUpdateTests" time="0.034"/>
  <testcase name="testMacroRemoval_450888" classname="org.eclipse.cdt.internal.index.tests.IndexUpdateMultiFileTest" time="0.147"/>
  <testcase name="testStaticVariableInHeaderC_Bug180305" classname="org.eclipse.cdt.internal.index.tests.IndexBugsTests" time="0.09"/>
  <testcase name="test160281_1" classname="org.eclipse.cdt.internal.index.tests.IndexBugsTests" time="0.067"/>
  <testcase name="test160281_2" classname="org.eclipse.cdt.internal.index.tests.IndexBugsTests" time="0.083"/>
  <testcase name="testCommonHeader_Bug228012" classname="org.eclipse.cdt.internal.index.tests.IndexBugsTests" time="0.052"/>
  <testcase name="test164360_1" classname="org.eclipse.cdt.internal.index.tests.IndexBugsTests" time="0.113"/>
  <testcase name="test164360_2" classname="org.eclipse.cdt.internal.index.tests.IndexBugsTests" time="0.078"/>
  <testcase name="testDeclarationForBinding_Bug254844" classname="org.eclipse.cdt.internal.index.tests.IndexBugsTests" time="0.11"/>
  <testcase name="testAddingMemberBeforeContainer_Bug203170" classname="org.eclipse.cdt.internal.index.tests.IndexBugsTests" time="0.069"/>
  <testcase name="testReferencesInDesignators_Bug253690" classname="org.eclipse.cdt.internal.index.tests.IndexBugsTests" time="0.109"/>
  <testcase name="testInclusionOfFolders_Bug243682" classname="org.eclipse.cdt.internal.index.tests.IndexBugsTests" time="0.115"/>
  <testcase name="testUndefInHeader_Bug227088" classname="org.eclipse.cdt.internal.index.tests.IndexBugsTests" time="0.079"/>
  <testcase name="testVariadicMacros_Bug200239_1" classname="org.eclipse.cdt.internal.index.tests.IndexBugsTests" time="0.099"/>
  <testcase name="testVariadicMacros_Bug200239_2" classname="org.eclipse.cdt.internal.index.tests.IndexBugsTests" time="0.063"/>
  <testcase name="testIncludeSource_Bug199412" classname="org.eclipse.cdt.internal.index.tests.IndexBugsTests" time="0.161"/>
  <testcase name="testDisambiguationByReachability_268704_1" classname="org.eclipse.cdt.internal.index.tests.IndexBugsTests" time="0.119"/>
  <testcase name="testDisambiguationByReachability_268704_2" classname="org.eclipse.cdt.internal.index.tests.IndexBugsTests" time="0.129"/>
  <testcase name="testDisambiguationByReachability_268704_3" classname="org.eclipse.cdt.internal.index.tests.IndexBugsTests" time="0.118"/>
  <testcase name="test172454_1" classname="org.eclipse.cdt.internal.index.tests.IndexBugsTests" time="0.07"/>
  <testcase name="test172454_2" classname="org.eclipse.cdt.internal.index.tests.IndexBugsTests" time="0.085"/>
  <testcase name="testUpdateUnresolvedIncludes_378317" classname="org.eclipse.cdt.internal.index.tests.IndexBugsTests" time="0.206"/>
  <testcase name="testIndexContentOverProjectMove" classname="org.eclipse.cdt.internal.index.tests.IndexBugsTests" time="0.184"/>
  <testcase name="test173997_2" classname="org.eclipse.cdt.internal.index.tests.IndexBugsTests" time="0.113"/>
  <testcase name="testStaticFunctionsInHeaderC_Bug180305" classname="org.eclipse.cdt.internal.index.tests.IndexBugsTests" time="0.063"/>
  <testcase name="test257818_1" classname="org.eclipse.cdt.internal.index.tests.IndexBugsTests" time="0.474"/>
  <testcase name="test257818_2" classname="org.eclipse.cdt.internal.index.tests.IndexBugsTests" time="0.117"/>
  <testcase name="testTypedefRecursionC_Bug200553" classname="org.eclipse.cdt.internal.index.tests.IndexBugsTests" time="0.07"/>
  <testcase name="testNonStandardSuffix_Bug205778" classname="org.eclipse.cdt.internal.index.tests.IndexBugsTests" time="0.072"/>
  <testcase name="testUpdatingHeaderInContext_367315" classname="org.eclipse.cdt.internal.index.tests.IndexBugsTests" time="0.075"/>
  <testcase name="testUpdateNonSrcFolderHeader_283080" classname="org.eclipse.cdt.internal.index.tests.IndexBugsTests" time="0.071"/>
  <testcase name="testFilterFindBindingsFQCharArray" classname="org.eclipse.cdt.internal.index.tests.IndexBugsTests" time="0.065"/>
  <testcase name="testDisambiguateClassVsNamespace_297686" classname="org.eclipse.cdt.internal.index.tests.IndexBugsTests" time="0.078"/>
  <testcase name="testFunctionTemplateWithThrowsException_293021" classname="org.eclipse.cdt.internal.index.tests.IndexBugsTests" time="0.093"/>
  <testcase name="testGPPTypes_Bug209049" classname="org.eclipse.cdt.internal.index.tests.IndexBugsTests" time="0.058"/>
  <testcase name="testIndexContentOverProjectDelete" classname="org.eclipse.cdt.internal.index.tests.IndexBugsTests" time="0.286"/>
  <testcase name="testNamespaceReachability_319632" classname="org.eclipse.cdt.internal.index.tests.IndexBugsTests" time="0.13"/>
  <testcase name="testStaticVariableInHeader_Bug180305" classname="org.eclipse.cdt.internal.index.tests.IndexBugsTests" time="0.078"/>
  <testcase name="testUpdateForContentTypeChange_283080" classname="org.eclipse.cdt.internal.index.tests.IndexBugsTests" time="0.113"/>
  <testcase name="testStrangeIncludeStrategy_Bug249884" classname="org.eclipse.cdt.internal.index.tests.IndexBugsTests" time="0.092"/>
  <testcase name="test429196StackOverflow" classname="org.eclipse.cdt.internal.index.tests.IndexBugsTests" time="0.137"/>
  <testcase name="testIndirectContext_Bug267907" classname="org.eclipse.cdt.internal.index.tests.IndexBugsTests" time="0.093"/>
  <testcase name="testUnrelatedTypedef_Bug214146" classname="org.eclipse.cdt.internal.index.tests.IndexBugsTests" time="0.081"/>
  <testcase name="testStaticFunctionsInHeader_Bug180305" classname="org.eclipse.cdt.internal.index.tests.IndexBugsTests" time="0.058"/>
  <testcase name="testTypedefRecursionCpp_Bug200553" classname="org.eclipse.cdt.internal.index.tests.IndexBugsTests" time="0.072"/>
  <testcase name="testFileInMultipleFragments_bug192352" classname="org.eclipse.cdt.internal.index.tests.IndexBugsTests" time="0.265"/>
  <testcase name="test150906" classname="org.eclipse.cdt.internal.index.tests.IndexBugsTests" time="0.403"/>
  <testcase name="test154563" classname="org.eclipse.cdt.internal.index.tests.IndexBugsTests" time="0.125"/>
  <testcase name="test156671" classname="org.eclipse.cdt.internal.index.tests.IndexBugsTests" time="0.088"/>
  <testcase name="test162011" classname="org.eclipse.cdt.internal.index.tests.IndexBugsTests" time="0.154"/>
  <testcase name="test164500" classname="org.eclipse.cdt.internal.index.tests.IndexBugsTests" time="0.084"/>
  <testcase name="test171834" classname="org.eclipse.cdt.internal.index.tests.IndexBugsTests" time="0.267"/>
  <testcase name="test173997" classname="org.eclipse.cdt.internal.index.tests.IndexBugsTests" time="0.083"/>
  <testcase name="test253080" classname="org.eclipse.cdt.internal.index.tests.IndexBugsTests" time="0.161"/>
  <testcase name="testUpdateOnFolderRemove_343538" classname="org.eclipse.cdt.internal.index.tests.IndexBugsTests" time="0.228"/>
  <testcase name="testIncludeGuardsOutsideOfHeader_Bug167100" classname="org.eclipse.cdt.internal.index.tests.IndexBugsTests" time="0.126"/>
  <testcase name="testDisambiguateObjectVsType_304479" classname="org.eclipse.cdt.internal.index.tests.IndexBugsTests" time="0.062"/>
  <testcase name="testStaticVarInSourceIncluded_Bug265821" classname="org.eclipse.cdt.internal.index.tests.IndexBugsTests" time="0.08"/>
  <testcase name="testPreprocessingStatementOrder_270806_1" classname="org.eclipse.cdt.internal.index.tests.IndexBugsTests" time="0.077"/>
  <testcase name="testPreprocessingStatementOrder_270806_2" classname="org.eclipse.cdt.internal.index.tests.IndexBugsTests" time="0.113"/>
  <testcase name="testPreprocessingStatementOrder_270806_3" classname="org.eclipse.cdt.internal.index.tests.IndexBugsTests" time="0.056"/>
  <testcase name="testIncludeHeuristics_Bug213562" classname="org.eclipse.cdt.internal.index.tests.IndexBugsTests" time="0.103"/>
  <testcase name="testInstanceInheritance_258745" classname="org.eclipse.cdt.internal.index.tests.IndexBugsTests" time="0.07"/>
  <testcase name="testDisambiguationByReachability_281782" classname="org.eclipse.cdt.internal.index.tests.IndexBugsTests" time="0.084"/>
  <testcase name="testIncludeHeuristicsFlag_Bug213562" classname="org.eclipse.cdt.internal.index.tests.IndexBugsTests" time="0.097"/>
  <testcase name="testFindBindingsWithPrefix" classname="org.eclipse.cdt.internal.index.tests.IndexBugsTests" time="0.073"/>
  <testcase name="testAst" classname="org.eclipse.cdt.internal.index.tests.Bug246129" time="0.165"/>
  <testcase name="testIndex" classname="org.eclipse.cdt.internal.index.tests.Bug246129" time="0.101"/>
  <testcase name="testRWInConstructorCall_328528" classname="org.eclipse.cdt.internal.index.tests.IndexNamesTests" time="0.067"/>
  <testcase name="testNestingWithFunction" classname="org.eclipse.cdt.internal.index.tests.IndexNamesTests" time="0.107"/>
  <testcase name="testReadWriteFlagsCpp" classname="org.eclipse.cdt.internal.index.tests.IndexNamesTests" time="0.113"/>
  <testcase name="testNestingWithMethod" classname="org.eclipse.cdt.internal.index.tests.IndexNamesTests" time="0.071"/>
  <testcase name="testRWInSecondArg" classname="org.eclipse.cdt.internal.index.tests.IndexNamesTests" time="0.104"/>
  <testcase name="testAddressOfPolymorphicMethod_Bug363731" classname="org.eclipse.cdt.internal.index.tests.IndexNamesTests" time="0.134"/>
  <testcase name="testReadWriteFlagsC" classname="org.eclipse.cdt.internal.index.tests.IndexNamesTests" time="0.118"/>
  <testcase name="testRWInArrayInitializer_328528" classname="org.eclipse.cdt.internal.index.tests.IndexNamesTests" time="0.111"/>
  <testcase name="testCouldBePolymorphicMethodCall_Bug156691" classname="org.eclipse.cdt.internal.index.tests.IndexNamesTests" time="0.115"/>
  <testcase name="testDefaultExport" classname="org.eclipse.cdt.internal.index.tests.TeamSharedIndexTest" time="0.564"/>
  <testcase name="testExportWithRemovalFake" classname="org.eclipse.cdt.internal.index.tests.TeamSharedIndexTest" time="0.507"/>
  <testcase name="testExportWithAddition" classname="org.eclipse.cdt.internal.index.tests.TeamSharedIndexTest" time="0.235"/>
  <testcase name="testExportWithRemoval" classname="org.eclipse.cdt.internal.index.tests.TeamSharedIndexTest" time="0.141"/>
  <testcase name="testExportWithFileChange" classname="org.eclipse.cdt.internal.index.tests.TeamSharedIndexTest" time="0.146"/>
  <testcase name="testExportWithFileChangeFake" classname="org.eclipse.cdt.internal.index.tests.TeamSharedIndexTest" time="0.431"/>
  <testcase name="testExportWithAdditionFake" classname="org.eclipse.cdt.internal.index.tests.TeamSharedIndexTest" time="0.422"/>
  <testcase name="testProvider_OverMove" classname="org.eclipse.cdt.internal.index.tests.IndexProviderManagerTest" time="0.068"/>
  <testcase name="testVersioning_IncompatibleIgnored" classname="org.eclipse.cdt.internal.index.tests.IndexProviderManagerTest" time="0.117"/>
  <testcase name="testVersioning_NoCompatibleVersionsFound" classname="org.eclipse.cdt.internal.index.tests.IndexProviderManagerTest" time="0.063"/>
  <testcase name="testProviderUsageFilter" classname="org.eclipse.cdt.internal.index.tests.IndexProviderManagerTest" time="0.057"/>
  <testcase name="testIndexFactoryConfigurationUsage" classname="org.eclipse.cdt.internal.index.tests.IndexProviderManagerTest" time="0.107"/>
  <testcase name="testProvider_SimpleLifeCycle_200958" classname="org.eclipse.cdt.internal.index.tests.IndexProviderManagerTest" time="0.166"/>
  <testcase name="testGetProvidedFragments" classname="org.eclipse.cdt.internal.index.tests.IndexProviderManagerTest" time="0.058"/>
  <testcase name="testProvider_OverDeleteAndAdd" classname="org.eclipse.cdt.internal.index.tests.IndexProviderManagerTest" time="0.096"/>
  <testcase name="testSignificantMacroDetection" classname="org.eclipse.cdt.internal.index.tests.IndexMultiVariantHeaderTest" time="0.128"/>
  <testcase name="testSignificantMacroDetection_367753a" classname="org.eclipse.cdt.internal.index.tests.IndexMultiVariantHeaderTest" time="0.131"/>
  <testcase name="testSignificantMacroDetection_367753b" classname="org.eclipse.cdt.internal.index.tests.IndexMultiVariantHeaderTest" time="0.112"/>
  <testcase name="testExampleFromBug197989_Comment73" classname="org.eclipse.cdt.internal.index.tests.IndexMultiVariantHeaderTest" time="0.11"/>
  <testcase name="testExampleFromBug197989_Comment0" classname="org.eclipse.cdt.internal.index.tests.IndexMultiVariantHeaderTest" time="0.096"/>
  <testcase name="testProblemBindingInMemInitList_508254" classname="org.eclipse.cdt.internal.index.tests.IndexMultiFileTest" time="0.066"/>
  <testcase name="testNamespaceAlias_442117" classname="org.eclipse.cdt.internal.index.tests.IndexMultiFileTest" time="0.118"/>
  <testcase name="testFriendFunctionDeclarationInNamespace_513681" classname="org.eclipse.cdt.internal.index.tests.IndexMultiFileTest" time="0.097"/>
  <testcase name="testAliasTemplateReferencingSameName_518937" classname="org.eclipse.cdt.internal.index.tests.IndexMultiFileTest" time="0.055"/>
  <testcase name="testFriendFunctionInHeaderIncludedAtClassScope_509662" classname="org.eclipse.cdt.internal.index.tests.IndexMultiFileTest" time="0.092"/>
  <testcase name="testClassTemplatePartialSpecialization_470726" classname="org.eclipse.cdt.internal.index.tests.IndexMultiFileTest" time="0.108"/>
  <testcase name="testStackOverflow_514459" classname="org.eclipse.cdt.internal.index.tests.IndexMultiFileTest" time="0.068"/>
  <testcase name="testExplicitSpecialization_494359" classname="org.eclipse.cdt.internal.index.tests.IndexMultiFileTest" time="0.13"/>
  <testcase name="testFriendClassDeclaration_508338" classname="org.eclipse.cdt.internal.index.tests.IndexMultiFileTest" time="0.112"/>
  <testcase name="testNamespace_481161" classname="org.eclipse.cdt.internal.index.tests.IndexMultiFileTest" time="0.106"/>
  <testcase name="testAnonymousNamespace_416278" classname="org.eclipse.cdt.internal.index.tests.IndexMultiFileTest" time="0.097"/>
  <testcase name="testOutOfLineMethod1" classname="org.eclipse.cdt.core.parser.tests.ast2.cxx14.ReturnTypeDeductionIndexTests" time="0.108"/>
  <testcase name="testBasicCall" classname="org.eclipse.cdt.core.parser.tests.ast2.cxx14.GenericLambdaIndexTests" time="0.121"/>
  <testcase name="testConversionToFunctionPointer" classname="org.eclipse.cdt.core.parser.tests.ast2.cxx14.GenericLambdaIndexTests" time="0.093"/>
  <testcase name="testVariadicAutoParameter" classname="org.eclipse.cdt.core.parser.tests.ast2.cxx14.GenericLambdaIndexTests" time="0.137"/>
  <testcase name="testNestedGenericLambdas" classname="org.eclipse.cdt.core.parser.tests.ast2.cxx14.GenericLambdaIndexTests" time="0.084"/>
  <testcase name="test_176708_CCE" classname="org.eclipse.cdt.internal.index.tests.IndexCPPBindingResolutionBugsSingleProjectFirstAST" time="0.113"/>
  <testcase name="testIsSameNestedAnonymousType_193962" classname="org.eclipse.cdt.internal.index.tests.IndexCPPBindingResolutionBugsSingleProjectFirstAST" time="0.058"/>
  <testcase name="testIsSameAnonymousType_193962" classname="org.eclipse.cdt.internal.index.tests.IndexCPPBindingResolutionBugsSingleProjectFirstAST" time="0.076"/>
  <testcase name="testTemplateArgumentResolution_450888" classname="org.eclipse.cdt.internal.index.tests.IndexCPPBindingResolutionBugsSingleProjectFirstAST" time="0.102"/>
  <testcase name="test_208558" classname="org.eclipse.cdt.internal.index.tests.IndexCPPBindingResolutionBugsSingleProjectFirstAST" time="0.089"/>
  <testcase name="test_326778" classname="org.eclipse.cdt.internal.index.tests.IndexCPPBindingResolutionBugsSingleProjectFirstAST" time="0.053"/>
  <testcase name="test_356982" classname="org.eclipse.cdt.internal.index.tests.IndexCPPBindingResolutionBugsSingleProjectFirstAST" time="0.083"/>
  <testcase name="testUsingDirective_216527" classname="org.eclipse.cdt.internal.index.tests.IndexCPPBindingResolutionBugsSingleProjectFirstAST" time="0.141"/>
  <testcase name="test_457503" classname="org.eclipse.cdt.internal.index.tests.IndexCPPBindingResolutionBugsSingleProjectFirstAST" time="0.094"/>
  <testcase name="testNamespaceComposition_200673" classname="org.eclipse.cdt.internal.index.tests.IndexCPPBindingResolutionBugsSingleProjectFirstAST" time="0.073"/>
  <testcase name="testFuncWithTypedefForAnonymousStruct_190730" classname="org.eclipse.cdt.internal.index.tests.IndexCPPBindingResolutionBugsSingleProjectFirstAST" time="0.098"/>
  <testcase name="testLateDefinitionOfInheritance_292749" classname="org.eclipse.cdt.internal.index.tests.IndexCPPBindingResolutionBugsSingleProjectFirstAST" time="0.061"/>
  <testcase name="testEndlessLoopWithUsingDeclaration_209813" classname="org.eclipse.cdt.internal.index.tests.IndexCPPBindingResolutionBugsSingleProjectFirstAST" time="0.076"/>
  <testcase name="testFuncWithTypedefForAnonymousEnum_190730" classname="org.eclipse.cdt.internal.index.tests.IndexCPPBindingResolutionBugsSingleProjectFirstAST" time="0.097"/>
  <testcase name="testClassTypes_98171" classname="org.eclipse.cdt.internal.index.tests.IndexCPPBindingResolutionBugsSingleProjectFirstAST" time="0.106"/>
  <testcase name="testNestedClasses_259683" classname="org.eclipse.cdt.internal.index.tests.IndexCPPBindingResolutionBugsSingleProjectFirstAST" time="0.155"/>
  <testcase name="testMemberFunctionDisambiguationByCVness_238409" classname="org.eclipse.cdt.internal.index.tests.IndexCPPBindingResolutionBugsSingleProjectFirstAST" time="0.132"/>
  <testcase name="testElaboratedTypeSpecifier_303739" classname="org.eclipse.cdt.internal.index.tests.IndexCPPBindingResolutionBugsSingleProjectFirstAST" time="0.104"/>
  <testcase name="testLookupScopeForConversionNames_267221" classname="org.eclipse.cdt.internal.index.tests.IndexCPPBindingResolutionBugsSingleProjectFirstAST" time="0.102"/>
  <testcase name="testAnonymousStruct_216791" classname="org.eclipse.cdt.internal.index.tests.IndexCPPBindingResolutionBugsSingleProjectFirstAST" time="0.086"/>
  <testcase name="test_176708_NPE" classname="org.eclipse.cdt.internal.index.tests.IndexCPPBindingResolutionBugsSingleProjectFirstAST" time="0.099"/>
  <testcase name="testInvalidOwner_412766" classname="org.eclipse.cdt.internal.index.tests.IndexCPPBindingResolutionBugsSingleProjectFirstAST" time="0.091"/>
  <testcase name="testProblemInIndexBinding_317146" classname="org.eclipse.cdt.internal.index.tests.IndexCPPBindingResolutionBugsSingleProjectFirstAST" time="0.189"/>
  <testcase name="testAnonymousUnion_216791" classname="org.eclipse.cdt.internal.index.tests.IndexCPPBindingResolutionBugsSingleProjectFirstAST" time="0.081"/>
  <testcase name="testAdjustmentOfParameterTypes_239975" classname="org.eclipse.cdt.internal.index.tests.IndexCPPBindingResolutionBugsSingleProjectFirstAST" time="0.099"/>
  <testcase name="testUsingDeclaration_300019" classname="org.eclipse.cdt.internal.index.tests.IndexCPPBindingResolutionBugsSingleProjectFirstAST" time="0.06"/>
  <testcase name="testChar16_319186" classname="org.eclipse.cdt.internal.index.tests.IndexCPPBindingResolutionBugsSingleProjectFirstAST" time="0.087"/>
  <testcase name="testAdvanceUsingDeclaration_217102" classname="org.eclipse.cdt.internal.index.tests.IndexCPPBindingResolutionBugsSingleProjectFirstAST" time="0.082"/>
  <testcase name="testFunctionsWithManyParameters_319186" classname="org.eclipse.cdt.internal.index.tests.IndexCPPBindingResolutionBugsSingleProjectFirstAST" time="0.122"/>
  <testcase name="testOverloadedFunctionFromIndex_256240" classname="org.eclipse.cdt.internal.index.tests.IndexCPPBindingResolutionBugsSingleProjectFirstAST" time="0.07"/>
  <testcase name="testClassRedeclarationAfterReference_229571" classname="org.eclipse.cdt.internal.index.tests.IndexCPPBindingResolutionBugsSingleProjectFirstAST" time="0.118"/>
  <testcase name="test_166954" classname="org.eclipse.cdt.internal.index.tests.IndexCPPBindingResolutionBugsSingleProjectFirstAST" time="0.074"/>
  <testcase name="test_168020" classname="org.eclipse.cdt.internal.index.tests.IndexCPPBindingResolutionBugsSingleProjectFirstAST" time="0.063"/>
  <testcase name="test_168054" classname="org.eclipse.cdt.internal.index.tests.IndexCPPBindingResolutionBugsSingleProjectFirstAST" time="0.115"/>
  <testcase name="test_180784" classname="org.eclipse.cdt.internal.index.tests.IndexCPPBindingResolutionBugsSingleProjectFirstAST" time="0.101"/>
  <testcase name="test_180948" classname="org.eclipse.cdt.internal.index.tests.IndexCPPBindingResolutionBugsSingleProjectFirstAST" time="0.077"/>
  <testcase name="test_181735" classname="org.eclipse.cdt.internal.index.tests.IndexCPPBindingResolutionBugsSingleProjectFirstAST" time="0.068"/>
  <testcase name="test_183843" classname="org.eclipse.cdt.internal.index.tests.IndexCPPBindingResolutionBugsSingleProjectFirstAST" time="0.103"/>
  <testcase name="test_184216" classname="org.eclipse.cdt.internal.index.tests.IndexCPPBindingResolutionBugsSingleProjectFirstAST" time="0.076"/>
  <testcase name="test_185828" classname="org.eclipse.cdt.internal.index.tests.IndexCPPBindingResolutionBugsSingleProjectFirstAST" time="0.053"/>
  <testcase name="test_188274" classname="org.eclipse.cdt.internal.index.tests.IndexCPPBindingResolutionBugsSingleProjectFirstAST" time="0.081"/>
  <testcase name="test_188324" classname="org.eclipse.cdt.internal.index.tests.IndexCPPBindingResolutionBugsSingleProjectFirstAST" time="0.096"/>
  <testcase name="test_206187" classname="org.eclipse.cdt.internal.index.tests.IndexCPPBindingResolutionBugsSingleProjectFirstAST" time="0.052"/>
  <testcase name="test_207320" classname="org.eclipse.cdt.internal.index.tests.IndexCPPBindingResolutionBugsSingleProjectFirstAST" time="0.095"/>
  <testcase name="test_326778" classname="org.eclipse.cdt.internal.index.tests.IndexCPPBindingResolutionBugs$SingleProject" time="0.147"/>
  <testcase name="test_356982" classname="org.eclipse.cdt.internal.index.tests.IndexCPPBindingResolutionBugs$SingleProject" time="0.106"/>
  <testcase name="testUsingDirective_216527" classname="org.eclipse.cdt.internal.index.tests.IndexCPPBindingResolutionBugs$SingleProject" time="0.101"/>
  <testcase name="test_457503" classname="org.eclipse.cdt.internal.index.tests.IndexCPPBindingResolutionBugs$SingleProject" time="0.089"/>
  <testcase name="testNamespaceComposition_200673" classname="org.eclipse.cdt.internal.index.tests.IndexCPPBindingResolutionBugs$SingleProject" time="0.084"/>
  <testcase name="testFuncWithTypedefForAnonymousStruct_190730" classname="org.eclipse.cdt.internal.index.tests.IndexCPPBindingResolutionBugs$SingleProject" time="0.115"/>
  <testcase name="testLateDefinitionOfInheritance_292749" classname="org.eclipse.cdt.internal.index.tests.IndexCPPBindingResolutionBugs$SingleProject" time="0.079"/>
  <testcase name="testEndlessLoopWithUsingDeclaration_209813" classname="org.eclipse.cdt.internal.index.tests.IndexCPPBindingResolutionBugs$SingleProject" time="0.08"/>
  <testcase name="testFuncWithTypedefForAnonymousEnum_190730" classname="org.eclipse.cdt.internal.index.tests.IndexCPPBindingResolutionBugs$SingleProject" time="0.076"/>
  <testcase name="testClassTypes_98171" classname="org.eclipse.cdt.internal.index.tests.IndexCPPBindingResolutionBugs$SingleProject" time="0.119"/>
  <testcase name="testNestedClasses_259683" classname="org.eclipse.cdt.internal.index.tests.IndexCPPBindingResolutionBugs$SingleProject" time="0.082"/>
  <testcase name="testMemberFunctionDisambiguationByCVness_238409" classname="org.eclipse.cdt.internal.index.tests.IndexCPPBindingResolutionBugs$SingleProject" time="0.102"/>
  <testcase name="testElaboratedTypeSpecifier_303739" classname="org.eclipse.cdt.internal.index.tests.IndexCPPBindingResolutionBugs$SingleProject" time="0.115"/>
  <testcase name="testLookupScopeForConversionNames_267221" classname="org.eclipse.cdt.internal.index.tests.IndexCPPBindingResolutionBugs$SingleProject" time="0.129"/>
  <testcase name="testAnonymousStruct_216791" classname="org.eclipse.cdt.internal.index.tests.IndexCPPBindingResolutionBugs$SingleProject" time="0.137"/>
  <testcase name="test_176708_CCE" classname="org.eclipse.cdt.internal.index.tests.IndexCPPBindingResolutionBugs$SingleProject" time="0.125"/>
  <testcase name="test_176708_NPE" classname="org.eclipse.cdt.internal.index.tests.IndexCPPBindingResolutionBugs$SingleProject" time="0.083"/>
  <testcase name="testIsSameNestedAnonymousType_193962" classname="org.eclipse.cdt.internal.index.tests.IndexCPPBindingResolutionBugs$SingleProject" time="0.108"/>
  <testcase name="testInvalidOwner_412766" classname="org.eclipse.cdt.internal.index.tests.IndexCPPBindingResolutionBugs$SingleProject" time="0.056"/>
  <testcase name="testProblemInIndexBinding_317146" classname="org.eclipse.cdt.internal.index.tests.IndexCPPBindingResolutionBugs$SingleProject" time="0.085"/>
  <testcase name="testAnonymousUnion_216791" classname="org.eclipse.cdt.internal.index.tests.IndexCPPBindingResolutionBugs$SingleProject" time="0.1"/>
  <testcase name="testAdjustmentOfParameterTypes_239975" classname="org.eclipse.cdt.internal.index.tests.IndexCPPBindingResolutionBugs$SingleProject" time="0.055"/>
  <testcase name="testIsSameAnonymousType_193962" classname="org.eclipse.cdt.internal.index.tests.IndexCPPBindingResolutionBugs$SingleProject" time="0.091"/>
  <testcase name="testUsingDeclaration_300019" classname="org.eclipse.cdt.internal.index.tests.IndexCPPBindingResolutionBugs$SingleProject" time="0.082"/>
  <testcase name="testChar16_319186" classname="org.eclipse.cdt.internal.index.tests.IndexCPPBindingResolutionBugs$SingleProject" time="0.097"/>
  <testcase name="testAdvanceUsingDeclaration_217102" classname="org.eclipse.cdt.internal.index.tests.IndexCPPBindingResolutionBugs$SingleProject" time="0.156"/>
  <testcase name="testFunctionsWithManyParameters_319186" classname="org.eclipse.cdt.internal.index.tests.IndexCPPBindingResolutionBugs$SingleProject" time="0.103"/>
  <testcase name="testTemplateArgumentResolution_450888" classname="org.eclipse.cdt.internal.index.tests.IndexCPPBindingResolutionBugs$SingleProject" time="0.092"/>
  <testcase name="testOverloadedFunctionFromIndex_256240" classname="org.eclipse.cdt.internal.index.tests.IndexCPPBindingResolutionBugs$SingleProject" time="0.061"/>
  <testcase name="testClassRedeclarationAfterReference_229571" classname="org.eclipse.cdt.internal.index.tests.IndexCPPBindingResolutionBugs$SingleProject" time="0.117"/>
  <testcase name="test_166954" classname="org.eclipse.cdt.internal.index.tests.IndexCPPBindingResolutionBugs$SingleProject" time="0.056"/>
  <testcase name="test_168020" classname="org.eclipse.cdt.internal.index.tests.IndexCPPBindingResolutionBugs$SingleProject" time="0.081"/>
  <testcase name="test_168054" classname="org.eclipse.cdt.internal.index.tests.IndexCPPBindingResolutionBugs$SingleProject" time="0.08"/>
  <testcase name="test_180784" classname="org.eclipse.cdt.internal.index.tests.IndexCPPBindingResolutionBugs$SingleProject" time="0.08"/>
  <testcase name="test_180948" classname="org.eclipse.cdt.internal.index.tests.IndexCPPBindingResolutionBugs$SingleProject" time="0.111"/>
  <testcase name="test_181735" classname="org.eclipse.cdt.internal.index.tests.IndexCPPBindingResolutionBugs$SingleProject" time="0.055"/>
  <testcase name="test_183843" classname="org.eclipse.cdt.internal.index.tests.IndexCPPBindingResolutionBugs$SingleProject" time="0.116"/>
  <testcase name="test_184216" classname="org.eclipse.cdt.internal.index.tests.IndexCPPBindingResolutionBugs$SingleProject" time="0.057"/>
  <testcase name="test_185828" classname="org.eclipse.cdt.internal.index.tests.IndexCPPBindingResolutionBugs$SingleProject" time="0.102"/>
  <testcase name="test_188274" classname="org.eclipse.cdt.internal.index.tests.IndexCPPBindingResolutionBugs$SingleProject" time="0.093"/>
  <testcase name="test_188324" classname="org.eclipse.cdt.internal.index.tests.IndexCPPBindingResolutionBugs$SingleProject" time="0.077"/>
  <testcase name="test_206187" classname="org.eclipse.cdt.internal.index.tests.IndexCPPBindingResolutionBugs$SingleProject" time="0.06"/>
  <testcase name="test_207320" classname="org.eclipse.cdt.internal.index.tests.IndexCPPBindingResolutionBugs$SingleProject" time="0.078"/>
  <testcase name="test_208558" classname="org.eclipse.cdt.internal.index.tests.IndexCPPBindingResolutionBugs$SingleProject" time="0.107"/>
  <testcase name="test_326778" classname="org.eclipse.cdt.internal.index.tests.IndexCPPBindingResolutionBugs$ProjectWithDepProj" time="0.296"/>
  <testcase name="test_356982" classname="org.eclipse.cdt.internal.index.tests.IndexCPPBindingResolutionBugs$ProjectWithDepProj" time="0.174"/>
  <testcase name="testUsingDirective_216527" classname="org.eclipse.cdt.internal.index.tests.IndexCPPBindingResolutionBugs$ProjectWithDepProj" time="0.213"/>
  <testcase name="test_457503" classname="org.eclipse.cdt.internal.index.tests.IndexCPPBindingResolutionBugs$ProjectWithDepProj" time="0.226"/>
  <testcase name="testNamespaceComposition_200673" classname="org.eclipse.cdt.internal.index.tests.IndexCPPBindingResolutionBugs$ProjectWithDepProj" time="0.29"/>
  <testcase name="testFuncWithTypedefForAnonymousStruct_190730" classname="org.eclipse.cdt.internal.index.tests.IndexCPPBindingResolutionBugs$ProjectWithDepProj" time="0.228"/>
  <testcase name="testLateDefinitionOfInheritance_292749" classname="org.eclipse.cdt.internal.index.tests.IndexCPPBindingResolutionBugs$ProjectWithDepProj" time="0.143"/>
  <testcase name="testEndlessLoopWithUsingDeclaration_209813" classname="org.eclipse.cdt.internal.index.tests.IndexCPPBindingResolutionBugs$ProjectWithDepProj" time="0.131"/>
  <testcase name="testFuncWithTypedefForAnonymousEnum_190730" classname="org.eclipse.cdt.internal.index.tests.IndexCPPBindingResolutionBugs$ProjectWithDepProj" time="0.177"/>
  <testcase name="testClassTypes_98171" classname="org.eclipse.cdt.internal.index.tests.IndexCPPBindingResolutionBugs$ProjectWithDepProj" time="0.229"/>
  <testcase name="testNestedClasses_259683" classname="org.eclipse.cdt.internal.index.tests.IndexCPPBindingResolutionBugs$ProjectWithDepProj" time="0.2"/>
  <testcase name="testMemberFunctionDisambiguationByCVness_238409" classname="org.eclipse.cdt.internal.index.tests.IndexCPPBindingResolutionBugs$ProjectWithDepProj" time="0.27"/>
  <testcase name="testElaboratedTypeSpecifier_303739" classname="org.eclipse.cdt.internal.index.tests.IndexCPPBindingResolutionBugs$ProjectWithDepProj" time="0.164"/>
  <testcase name="testLookupScopeForConversionNames_267221" classname="org.eclipse.cdt.internal.index.tests.IndexCPPBindingResolutionBugs$ProjectWithDepProj" time="0.138"/>
  <testcase name="testAnonymousStruct_216791" classname="org.eclipse.cdt.internal.index.tests.IndexCPPBindingResolutionBugs$ProjectWithDepProj" time="0.167"/>
  <testcase name="test_176708_CCE" classname="org.eclipse.cdt.internal.index.tests.IndexCPPBindingResolutionBugs$ProjectWithDepProj" time="0.159"/>
  <testcase name="test_176708_NPE" classname="org.eclipse.cdt.internal.index.tests.IndexCPPBindingResolutionBugs$ProjectWithDepProj" time="0.194"/>
  <testcase name="testIsSameNestedAnonymousType_193962" classname="org.eclipse.cdt.internal.index.tests.IndexCPPBindingResolutionBugs$ProjectWithDepProj" time="0.156"/>
  <testcase name="testInvalidOwner_412766" classname="org.eclipse.cdt.internal.index.tests.IndexCPPBindingResolutionBugs$ProjectWithDepProj" time="0.111"/>
  <testcase name="testProblemInIndexBinding_317146" classname="org.eclipse.cdt.internal.index.tests.IndexCPPBindingResolutionBugs$ProjectWithDepProj" time="0.136"/>
  <testcase name="testAnonymousUnion_216791" classname="org.eclipse.cdt.internal.index.tests.IndexCPPBindingResolutionBugs$ProjectWithDepProj" time="0.164"/>
  <testcase name="testAdjustmentOfParameterTypes_239975" classname="org.eclipse.cdt.internal.index.tests.IndexCPPBindingResolutionBugs$ProjectWithDepProj" time="0.133"/>
  <testcase name="testIsSameAnonymousType_193962" classname="org.eclipse.cdt.internal.index.tests.IndexCPPBindingResolutionBugs$ProjectWithDepProj" time="0.163"/>
  <testcase name="testUsingDeclaration_300019" classname="org.eclipse.cdt.internal.index.tests.IndexCPPBindingResolutionBugs$ProjectWithDepProj" time="0.139"/>
  <testcase name="testChar16_319186" classname="org.eclipse.cdt.internal.index.tests.IndexCPPBindingResolutionBugs$ProjectWithDepProj" time="0.219"/>
  <testcase name="testAdvanceUsingDeclaration_217102" classname="org.eclipse.cdt.internal.index.tests.IndexCPPBindingResolutionBugs$ProjectWithDepProj" time="0.155"/>
  <testcase name="testFunctionsWithManyParameters_319186" classname="org.eclipse.cdt.internal.index.tests.IndexCPPBindingResolutionBugs$ProjectWithDepProj" time="0.28"/>
  <testcase name="testTemplateArgumentResolution_450888" classname="org.eclipse.cdt.internal.index.tests.IndexCPPBindingResolutionBugs$ProjectWithDepProj" time="0.266"/>
  <testcase name="testOverloadedFunctionFromIndex_256240" classname="org.eclipse.cdt.internal.index.tests.IndexCPPBindingResolutionBugs$ProjectWithDepProj" time="0.227"/>
  <testcase name="testClassRedeclarationAfterReference_229571" classname="org.eclipse.cdt.internal.index.tests.IndexCPPBindingResolutionBugs$ProjectWithDepProj" time="0.158"/>
  <testcase name="test_166954" classname="org.eclipse.cdt.internal.index.tests.IndexCPPBindingResolutionBugs$ProjectWithDepProj" time="0.14"/>
  <testcase name="test_168020" classname="org.eclipse.cdt.internal.index.tests.IndexCPPBindingResolutionBugs$ProjectWithDepProj" time="0.161"/>
  <testcase name="test_168054" classname="org.eclipse.cdt.internal.index.tests.IndexCPPBindingResolutionBugs$ProjectWithDepProj" time="0.19"/>
  <testcase name="test_180784" classname="org.eclipse.cdt.internal.index.tests.IndexCPPBindingResolutionBugs$ProjectWithDepProj" time="0.267"/>
  <testcase name="test_180948" classname="org.eclipse.cdt.internal.index.tests.IndexCPPBindingResolutionBugs$ProjectWithDepProj" time="0.212"/>
  <testcase name="test_181735" classname="org.eclipse.cdt.internal.index.tests.IndexCPPBindingResolutionBugs$ProjectWithDepProj" time="0.191"/>
  <testcase name="test_183843" classname="org.eclipse.cdt.internal.index.tests.IndexCPPBindingResolutionBugs$ProjectWithDepProj" time="0.228"/>
  <testcase name="test_184216" classname="org.eclipse.cdt.internal.index.tests.IndexCPPBindingResolutionBugs$ProjectWithDepProj" time="0.26"/>
  <testcase name="test_185828" classname="org.eclipse.cdt.internal.index.tests.IndexCPPBindingResolutionBugs$ProjectWithDepProj" time="0.432"/>
  <testcase name="test_188274" classname="org.eclipse.cdt.internal.index.tests.IndexCPPBindingResolutionBugs$ProjectWithDepProj" time="1.169"/>
  <testcase name="test_188324" classname="org.eclipse.cdt.internal.index.tests.IndexCPPBindingResolutionBugs$ProjectWithDepProj" time="0.189"/>
  <testcase name="test_206187" classname="org.eclipse.cdt.internal.index.tests.IndexCPPBindingResolutionBugs$ProjectWithDepProj" time="0.116"/>
  <testcase name="test_207320" classname="org.eclipse.cdt.internal.index.tests.IndexCPPBindingResolutionBugs$ProjectWithDepProj" time="0.137"/>
  <testcase name="test_208558" classname="org.eclipse.cdt.internal.index.tests.IndexCPPBindingResolutionBugs$ProjectWithDepProj" time="0.136"/>
  <testcase name="testOverridden_248846" classname="org.eclipse.cdt.internal.index.tests.IndexCPPBindingResolutionTest$SingleProject" time="0.106"/>
  <testcase name="testNestedClassDefinedOutOfLine_502999" classname="org.eclipse.cdt.internal.index.tests.IndexCPPBindingResolutionTest$SingleProject" time="0.11"/>
  <testcase name="testNameLookupInDefaultArgument_432701" classname="org.eclipse.cdt.internal.index.tests.IndexCPPBindingResolutionTest$SingleProject" time="0.164"/>
  <testcase name="testUsingNamingDirective_177917_1a" classname="org.eclipse.cdt.internal.index.tests.IndexCPPBindingResolutionTest$SingleProject" time="0.066"/>
  <testcase name="testUsingNamingDirective_177917_1b" classname="org.eclipse.cdt.internal.index.tests.IndexCPPBindingResolutionTest$SingleProject" time="0.097"/>
  <testcase name="testSimpleGlobalBindings" classname="org.eclipse.cdt.internal.index.tests.IndexCPPBindingResolutionTest$SingleProject" time="0.093"/>
  <testcase name="testAddressOfOverloadedFunction" classname="org.eclipse.cdt.internal.index.tests.IndexCPPBindingResolutionTest$SingleProject" time="0.153"/>
  <testcase name="testUsingTypeDeclaration_177917_1" classname="org.eclipse.cdt.internal.index.tests.IndexCPPBindingResolutionTest$SingleProject" time="0.106"/>
  <testcase name="testUsingTypeDeclaration_177917_2" classname="org.eclipse.cdt.internal.index.tests.IndexCPPBindingResolutionTest$SingleProject" time="0.109"/>
  <testcase name="testConstIntPtrParameter" classname="org.eclipse.cdt.internal.index.tests.IndexCPPBindingResolutionTest$SingleProject" time="0.108"/>
  <testcase name="testConstIntPtrParameterInDefinitionAST2" classname="org.eclipse.cdt.internal.index.tests.IndexCPPBindingResolutionTest$SingleProject" time="0.115"/>
  <testcase name="testUsingTypeDeclaration_201177" classname="org.eclipse.cdt.internal.index.tests.IndexCPPBindingResolutionTest$SingleProject" time="0.137"/>
  <testcase name="testPointerToFunction" classname="org.eclipse.cdt.internal.index.tests.IndexCPPBindingResolutionTest$SingleProject" time="0.078"/>
  <testcase name="testNameLookupFromArrayModifier_435075" classname="org.eclipse.cdt.internal.index.tests.IndexCPPBindingResolutionTest$SingleProject" time="0.091"/>
  <testcase name="testArrayWithOneElement_508254" classname="org.eclipse.cdt.internal.index.tests.IndexCPPBindingResolutionTest$SingleProject" time="0.113">
    <failure message="Expected number (0) of Non-OK status objects in log differs from actual (2).&#10;	Error: org.eclipse.cdt.internal.core.dom.parser.ITypeMarshalBuffer.marshalEvaluation(Lorg/eclipse/cdt/internal/core/dom/parser/ISerializableEvaluation;Z)V org.eclipse.cdt.internal.core.dom.parser.ITypeMarshalBuffer.marshalEvaluation(Lorg/eclipse/cdt/internal/core/dom/parser/ISerializableEvaluation;Z)V&#10;	Error: org.eclipse.cdt.internal.core.dom.parser.ITypeMarshalBuffer.marshalEvaluation(Lorg/eclipse/cdt/internal/core/dom/parser/ISerializableEvaluation;Z)V org.eclipse.cdt.internal.core.dom.parser.ITypeMarshalBuffer.marshalEvaluation(Lorg/eclipse/cdt/internal/core/dom/parser/ISerializableEvaluation;Z)V&#10;" type="junit.framework.AssertionFailedError">junit.framework.AssertionFailedError: Expected number (0) of Non-OK status objects in log differs from actual (2).
	Error: org.eclipse.cdt.internal.core.dom.parser.ITypeMarshalBuffer.marshalEvaluation(Lorg/eclipse/cdt/internal/core/dom/parser/ISerializableEvaluation;Z)V org.eclipse.cdt.internal.core.dom.parser.ITypeMarshalBuffer.marshalEvaluation(Lorg/eclipse/cdt/internal/core/dom/parser/ISerializableEvaluation;Z)V
	Error: org.eclipse.cdt.internal.core.dom.parser.ITypeMarshalBuffer.marshalEvaluation(Lorg/eclipse/cdt/internal/core/dom/parser/ISerializableEvaluation;Z)V org.eclipse.cdt.internal.core.dom.parser.ITypeMarshalBuffer.marshalEvaluation(Lorg/eclipse/cdt/internal/core/dom/parser/ISerializableEvaluation;Z)V

	at org.eclipse.cdt.core.testplugin.util.BaseTestCase.runBare(BaseTestCase.java:242)
	at junit.framework.TestResult$1.protect(TestResult.java:122)
	at junit.framework.TestResult.runProtected(TestResult.java:142)
	at junit.framework.TestResult.run(TestResult.java:125)
	at junit.framework.TestCase.run(TestCase.java:129)
	at org.eclipse.cdt.core.testplugin.util.BaseTestCase.run(BaseTestCase.java:259)
	at junit.framework.TestSuite.runTest(TestSuite.java:252)
	at junit.framework.TestSuite.run(TestSuite.java:247)
	at junit.framework.TestSuite.runTest(TestSuite.java:252)
	at junit.framework.TestSuite.run(TestSuite.java:247)
	at junit.framework.TestSuite.runTest(TestSuite.java:252)
	at junit.framework.TestSuite.run(TestSuite.java:247)
	at org.junit.internal.runners.JUnit38ClassRunner.run(JUnit38ClassRunner.java:86)
	at org.apache.maven.surefire.junit4.JUnit4Provider.execute(JUnit4Provider.java:264)
	at org.apache.maven.surefire.junit4.JUnit4Provider.executeTestSet(JUnit4Provider.java:153)
	at org.apache.maven.surefire.junit4.JUnit4Provider.invoke(JUnit4Provider.java:124)
	at sun.reflect.NativeMethodAccessorImpl.invoke0(Native Method)
	at sun.reflect.NativeMethodAccessorImpl.invoke(NativeMethodAccessorImpl.java:62)
	at sun.reflect.DelegatingMethodAccessorImpl.invoke(DelegatingMethodAccessorImpl.java:43)
	at java.lang.reflect.Method.invoke(Method.java:497)
	at org.apache.maven.surefire.util.ReflectionUtils.invokeMethodWithArray2(ReflectionUtils.java:208)
	at org.apache.maven.surefire.booter.ProviderFactory$ProviderProxy.invoke(ProviderFactory.java:156)
	at org.apache.maven.surefire.booter.ProviderFactory.invokeProvider(ProviderFactory.java:82)
	at org.eclipse.tycho.surefire.osgibooter.OsgiSurefireBooter.run(OsgiSurefireBooter.java:95)
	at org.eclipse.tycho.surefire.osgibooter.HeadlessTestApplication.run(HeadlessTestApplication.java:21)
	at sun.reflect.NativeMethodAccessorImpl.invoke0(Native Method)
	at sun.reflect.NativeMethodAccessorImpl.invoke(NativeMethodAccessorImpl.java:62)
	at sun.reflect.DelegatingMethodAccessorImpl.invoke(DelegatingMethodAccessorImpl.java:43)
	at java.lang.reflect.Method.invoke(Method.java:497)
	at org.eclipse.equinox.internal.app.EclipseAppContainer.callMethodWithException(EclipseAppContainer.java:587)
	at org.eclipse.equinox.internal.app.EclipseAppHandle.run(EclipseAppHandle.java:198)
	at org.eclipse.core.runtime.internal.adaptor.EclipseAppLauncher.runApplication(EclipseAppLauncher.java:134)
	at org.eclipse.core.runtime.internal.adaptor.EclipseAppLauncher.start(EclipseAppLauncher.java:104)
	at org.eclipse.core.runtime.adaptor.EclipseStarter.run(EclipseStarter.java:388)
	at org.eclipse.core.runtime.adaptor.EclipseStarter.run(EclipseStarter.java:243)
	at sun.reflect.NativeMethodAccessorImpl.invoke0(Native Method)
	at sun.reflect.NativeMethodAccessorImpl.invoke(NativeMethodAccessorImpl.java:62)
	at sun.reflect.DelegatingMethodAccessorImpl.invoke(DelegatingMethodAccessorImpl.java:43)
	at java.lang.reflect.Method.invoke(Method.java:497)
	at org.eclipse.equinox.launcher.Main.invokeFramework(Main.java:653)
	at org.eclipse.equinox.launcher.Main.basicRun(Main.java:590)
	at org.eclipse.equinox.launcher.Main.run(Main.java:1499)
	at org.eclipse.equinox.launcher.Main.main(Main.java:1472)
Caused by: java.lang.NoSuchMethodError: org.eclipse.cdt.internal.core.dom.parser.ITypeMarshalBuffer.marshalEvaluation(Lorg/eclipse/cdt/internal/core/dom/parser/ISerializableEvaluation;Z)V
	at org.eclipse.cdt.internal.core.dom.parser.cpp.semantics.InitializerListType.marshal(InitializerListType.java:55)
	at org.eclipse.cdt.internal.core.pdom.dom.TypeMarshalBuffer.marshalType(TypeMarshalBuffer.java:132)
	at org.eclipse.cdt.internal.core.dom.parser.cpp.semantics.EvalFixed.marshal(EvalFixed.java:147)
	at org.eclipse.cdt.internal.core.pdom.dom.TypeMarshalBuffer.marshalEvaluation(TypeMarshalBuffer.java:166)
	at org.eclipse.cdt.internal.core.dom.parser.CompositeValue.marshal(CompositeValue.java:289)
	at org.eclipse.cdt.internal.core.pdom.dom.TypeMarshalBuffer.marshalValue(TypeMarshalBuffer.java:192)
	at org.eclipse.cdt.internal.core.pdom.dom.PDOMLinkage.storeValue(PDOMLinkage.java:656)
	at org.eclipse.cdt.internal.core.pdom.dom.PDOMLinkage.storeValue(PDOMLinkage.java:650)
	at org.eclipse.cdt.internal.core.pdom.dom.cpp.PDOMCPPVariable.setValue(PDOMCPPVariable.java:64)
	at org.eclipse.cdt.internal.core.pdom.dom.cpp.PDOMCPPVariable.initData(PDOMCPPVariable.java:57)
	at org.eclipse.cdt.internal.core.pdom.dom.cpp.PDOMCPPLinkage$ConfigureVariable.run(PDOMCPPLinkage.java:239)
	at org.eclipse.cdt.internal.core.pdom.dom.cpp.PDOMCPPLinkage.handlePostProcesses(PDOMCPPLinkage.java:1281)
	at org.eclipse.cdt.internal.core.pdom.dom.cpp.PDOMCPPLinkage.addBinding(PDOMCPPLinkage.java:631)
	at org.eclipse.cdt.internal.core.pdom.dom.PDOMFile.createPDOMName(PDOMFile.java:515)
	at org.eclipse.cdt.internal.core.pdom.dom.PDOMFile.addNames(PDOMFile.java:482)
	at org.eclipse.cdt.internal.core.pdom.WritablePDOM.addFileContent(WritablePDOM.java:154)
	at org.eclipse.cdt.internal.core.index.WritableCIndex.setFileContent(WritableCIndex.java:86)
	at org.eclipse.cdt.internal.core.pdom.PDOMWriter.storeFileInIndex(PDOMWriter.java:668)
	at org.eclipse.cdt.internal.core.pdom.PDOMWriter.storeSymbolsInIndex(PDOMWriter.java:325)
	at org.eclipse.cdt.internal.core.pdom.PDOMWriter.addSymbols(PDOMWriter.java:284)
	at org.eclipse.cdt.internal.core.pdom.AbstractIndexerTask.writeToIndex(AbstractIndexerTask.java:1284)
	at org.eclipse.cdt.internal.core.pdom.AbstractIndexerTask.parseFile(AbstractIndexerTask.java:1096)
	at org.eclipse.cdt.internal.core.pdom.AbstractIndexerTask.parseLinkage(AbstractIndexerTask.java:930)
	at org.eclipse.cdt.internal.core.pdom.AbstractIndexerTask.runTask(AbstractIndexerTask.java:557)
	at org.eclipse.cdt.internal.core.pdom.indexer.PDOMIndexerTask.run(PDOMIndexerTask.java:161)
	at org.eclipse.cdt.internal.core.pdom.indexer.PDOMRebuildTask.run(PDOMRebuildTask.java:90)
	at org.eclipse.cdt.internal.core.pdom.PDOMIndexerJob.run(PDOMIndexerJob.java:155)
	at org.eclipse.core.internal.jobs.Worker.run(Worker.java:56)
</failure>
  </testcase>
  <testcase name="testAnonymousStructInAnonymousNamespace_508254" classname="org.eclipse.cdt.internal.index.tests.IndexCPPBindingResolutionTest$SingleProject" time="0.109"/>
  <testcase name="testQualifiedNamesForClass" classname="org.eclipse.cdt.internal.index.tests.IndexCPPBindingResolutionTest$SingleProject" time="0.137"/>
  <testcase name="testQualifiedNamesForUnion" classname="org.eclipse.cdt.internal.index.tests.IndexCPPBindingResolutionTest$SingleProject" time="0.063"/>
  <testcase name="testAddressOfConstMethod_233889" classname="org.eclipse.cdt.internal.index.tests.IndexCPPBindingResolutionTest$SingleProject" time="0.083"/>
  <testcase name="testInlineFriendFunction_284690" classname="org.eclipse.cdt.internal.index.tests.IndexCPPBindingResolutionTest$SingleProject" time="0.091"/>
  <testcase name="testPointerToMemberFields" classname="org.eclipse.cdt.internal.index.tests.IndexCPPBindingResolutionTest$SingleProject" time="0.131"/>
  <testcase name="testUserDefinedLiteralOperatorTypes1" classname="org.eclipse.cdt.internal.index.tests.IndexCPPBindingResolutionTest$SingleProject" time="0.108"/>
  <testcase name="testUserDefinedLiteralOperatorTypes2" classname="org.eclipse.cdt.internal.index.tests.IndexCPPBindingResolutionTest$SingleProject" time="0.06"/>
  <testcase name="testUserDefinedLiteralOperatorTypes3" classname="org.eclipse.cdt.internal.index.tests.IndexCPPBindingResolutionTest$SingleProject" time="0.084"/>
  <testcase name="testArrayTypeWithSize_269926" classname="org.eclipse.cdt.internal.index.tests.IndexCPPBindingResolutionTest$SingleProject" time="0.092"/>
  <testcase name="testAnonymousNamespaces_392577" classname="org.eclipse.cdt.internal.index.tests.IndexCPPBindingResolutionTest$SingleProject" time="0.086"/>
  <testcase name="testAnonymousNamespaces_418130" classname="org.eclipse.cdt.internal.index.tests.IndexCPPBindingResolutionTest$SingleProject" time="0.083"/>
  <testcase name="testNestedClass_284665" classname="org.eclipse.cdt.internal.index.tests.IndexCPPBindingResolutionTest$SingleProject" time="0.113"/>
  <testcase name="testTypeQualifier" classname="org.eclipse.cdt.internal.index.tests.IndexCPPBindingResolutionTest$SingleProject" time="0.058"/>
  <testcase name="testNamespaceAliasAsQualifier_356493a" classname="org.eclipse.cdt.internal.index.tests.IndexCPPBindingResolutionTest$SingleProject" time="0.184"/>
  <testcase name="testNamespaceAliasAsQualifier_356493b" classname="org.eclipse.cdt.internal.index.tests.IndexCPPBindingResolutionTest$SingleProject" time="0.082"/>
  <testcase name="testEnumeratorInNamespaceScope" classname="org.eclipse.cdt.internal.index.tests.IndexCPPBindingResolutionTest$SingleProject" time="0.086"/>
  <testcase name="testQualifiedNamesForTypedef" classname="org.eclipse.cdt.internal.index.tests.IndexCPPBindingResolutionTest$SingleProject" time="0.187"/>
  <testcase name="testFinalOverriderAnalysis_489477" classname="org.eclipse.cdt.internal.index.tests.IndexCPPBindingResolutionTest$SingleProject" time="0.48"/>
  <testcase name="testSingletonQualifiedName" classname="org.eclipse.cdt.internal.index.tests.IndexCPPBindingResolutionTest$SingleProject" time="0.116"/>
  <testcase name="testFunctionDefaultArguments" classname="org.eclipse.cdt.internal.index.tests.IndexCPPBindingResolutionTest$SingleProject" time="0.06"/>
  <testcase name="testUsingOverloadedFunctionDeclaration" classname="org.eclipse.cdt.internal.index.tests.IndexCPPBindingResolutionTest$SingleProject" time="0.115"/>
  <testcase name="testInheritedTemplateConstructor" classname="org.eclipse.cdt.internal.index.tests.IndexCPPBindingResolutionTest$SingleProject" time="0.064"/>
  <testcase name="testMethodHidingInInheritance" classname="org.eclipse.cdt.internal.index.tests.IndexCPPBindingResolutionTest$SingleProject" time="0.09"/>
  <testcase name="testSelfReferencingVariable_510484" classname="org.eclipse.cdt.internal.index.tests.IndexCPPBindingResolutionTest$SingleProject" time="0.086"/>
  <testcase name="testUserDefinedLiteralConcatenation6" classname="org.eclipse.cdt.internal.index.tests.IndexCPPBindingResolutionTest$SingleProject" time="0.087"/>
  <testcase name="testExpressionKindForFunctionCalls" classname="org.eclipse.cdt.internal.index.tests.IndexCPPBindingResolutionTest$SingleProject" time="0.101"/>
  <testcase name="testLegalConflictWithUsingDeclaration" classname="org.eclipse.cdt.internal.index.tests.IndexCPPBindingResolutionTest$SingleProject" time="0.096"/>
  <testcase name="testEnumeratorInUnionScope" classname="org.eclipse.cdt.internal.index.tests.IndexCPPBindingResolutionTest$SingleProject" time="0.095"/>
  <testcase name="testLambdaOwnedByClass_409882" classname="org.eclipse.cdt.internal.index.tests.IndexCPPBindingResolutionTest$SingleProject" time="0.118"/>
  <testcase name="testLambdaOwnedByClass_449099" classname="org.eclipse.cdt.internal.index.tests.IndexCPPBindingResolutionTest$SingleProject" time="0.058"/>
  <testcase name="testInheritedConstructorFromUnknownClass" classname="org.eclipse.cdt.internal.index.tests.IndexCPPBindingResolutionTest$SingleProject" time="0.118"/>
  <testcase name="testGQualifiedReference" classname="org.eclipse.cdt.internal.index.tests.IndexCPPBindingResolutionTest$SingleProject" time="0.093"/>
  <testcase name="testConstIntPtrParameterInDefinitionAST" classname="org.eclipse.cdt.internal.index.tests.IndexCPPBindingResolutionTest$SingleProject" time="0.059"/>
  <testcase name="testFieldReference" classname="org.eclipse.cdt.internal.index.tests.IndexCPPBindingResolutionTest$SingleProject" time="0.118"/>
  <testcase name="testDelegatingConstructorCallInConstexprConstructor_509871" classname="org.eclipse.cdt.internal.index.tests.IndexCPPBindingResolutionTest$SingleProject" time="0.088"/>
  <testcase name="testDelegatingConstructorCallInConstexprConstructor_514595" classname="org.eclipse.cdt.internal.index.tests.IndexCPPBindingResolutionTest$SingleProject" time="0.064"/>
  <testcase name="testAnonymousUnion_377409" classname="org.eclipse.cdt.internal.index.tests.IndexCPPBindingResolutionTest$SingleProject" time="0.122"/>
  <testcase name="testUsingDirectiveWithQualifiedName_269727" classname="org.eclipse.cdt.internal.index.tests.IndexCPPBindingResolutionTest$SingleProject" time="0.061"/>
  <testcase name="testConstIntRefParameterInDefinitionAST" classname="org.eclipse.cdt.internal.index.tests.IndexCPPBindingResolutionTest$SingleProject" time="0.086"/>
  <testcase name="testInlineNamespace_305980a" classname="org.eclipse.cdt.internal.index.tests.IndexCPPBindingResolutionTest$SingleProject" time="0.122"/>
  <testcase name="testInlineNamespace_305980b" classname="org.eclipse.cdt.internal.index.tests.IndexCPPBindingResolutionTest$SingleProject" time="0.09"/>
  <testcase name="testInlineNamespace_305980c" classname="org.eclipse.cdt.internal.index.tests.IndexCPPBindingResolutionTest$SingleProject" time="0.068"/>
  <testcase name="testInheritedConstructorFromTemplateInstance" classname="org.eclipse.cdt.internal.index.tests.IndexCPPBindingResolutionTest$SingleProject" time="0.132"/>
  <testcase name="testTypeDefinitionWithFwdDeclaration" classname="org.eclipse.cdt.internal.index.tests.IndexCPPBindingResolutionTest$SingleProject" time="0.061"/>
  <testcase name="testQualifiedNamesForStruct" classname="org.eclipse.cdt.internal.index.tests.IndexCPPBindingResolutionTest$SingleProject" time="0.128"/>
  <testcase name="testStructClassMismatch_358282" classname="org.eclipse.cdt.internal.index.tests.IndexCPPBindingResolutionTest$SingleProject" time="0.095"/>
  <testcase name="testConstIntPtrParameterInDefinition" classname="org.eclipse.cdt.internal.index.tests.IndexCPPBindingResolutionTest$SingleProject" time="0.117"/>
  <testcase name="testEnumeratorInClassScope" classname="org.eclipse.cdt.internal.index.tests.IndexCPPBindingResolutionTest$SingleProject" time="0.132"/>
  <testcase name="testUserDefinedConversionOperator_224364" classname="org.eclipse.cdt.internal.index.tests.IndexCPPBindingResolutionTest$SingleProject" time="0.086"/>
  <testcase name="testUserDefinedLiteralBadConcat1" classname="org.eclipse.cdt.internal.index.tests.IndexCPPBindingResolutionTest$SingleProject" time="0.09"/>
  <testcase name="testStaticFieldOfEnclosingType_508254" classname="org.eclipse.cdt.internal.index.tests.IndexCPPBindingResolutionTest$SingleProject" time="0.093"/>
  <testcase name="testFriendClassDeclaration_508338" classname="org.eclipse.cdt.internal.index.tests.IndexCPPBindingResolutionTest$SingleProject" time="0.088"/>
  <testcase name="testUserDefinedLiteralResolution1" classname="org.eclipse.cdt.internal.index.tests.IndexCPPBindingResolutionTest$SingleProject" time="0.113"/>
  <testcase name="testUserDefinedLiteralResolution2" classname="org.eclipse.cdt.internal.index.tests.IndexCPPBindingResolutionTest$SingleProject" time="0.061"/>
  <testcase name="testUserDefinedLiteralResolution3" classname="org.eclipse.cdt.internal.index.tests.IndexCPPBindingResolutionTest$SingleProject" time="0.086"/>
  <testcase name="testUserDefinedLiteralOperatorTypes1a" classname="org.eclipse.cdt.internal.index.tests.IndexCPPBindingResolutionTest$SingleProject" time="0.098"/>
  <testcase name="testUserDefinedLiteralOperatorTypes1b" classname="org.eclipse.cdt.internal.index.tests.IndexCPPBindingResolutionTest$SingleProject" time="0.093"/>
  <testcase name="testUserDefinedLiteralOperatorTypes2a" classname="org.eclipse.cdt.internal.index.tests.IndexCPPBindingResolutionTest$SingleProject" time="0.089"/>
  <testcase name="testUserDefinedLiteralOperatorTypes2b" classname="org.eclipse.cdt.internal.index.tests.IndexCPPBindingResolutionTest$SingleProject" time="0.087"/>
  <testcase name="testUserDefinedLiteralOperatorTypes3a" classname="org.eclipse.cdt.internal.index.tests.IndexCPPBindingResolutionTest$SingleProject" time="0.096"/>
  <testcase name="testUserDefinedLiteralOperatorTypes3b" classname="org.eclipse.cdt.internal.index.tests.IndexCPPBindingResolutionTest$SingleProject" time="0.123"/>
  <testcase name="testUserDefinedLiteralOperatorTypes3c" classname="org.eclipse.cdt.internal.index.tests.IndexCPPBindingResolutionTest$SingleProject" time="0.145"/>
  <testcase name="testUserDefinedLiteralOperatorTypes4a" classname="org.eclipse.cdt.internal.index.tests.IndexCPPBindingResolutionTest$SingleProject" time="0.122"/>
  <testcase name="testUserDefinedLiteralOperatorTypes4b" classname="org.eclipse.cdt.internal.index.tests.IndexCPPBindingResolutionTest$SingleProject" time="0.092"/>
  <testcase name="testAnonymousNamespace" classname="org.eclipse.cdt.internal.index.tests.IndexCPPBindingResolutionTest$SingleProject" time="0.086"/>
  <testcase name="testConstIntParameter" classname="org.eclipse.cdt.internal.index.tests.IndexCPPBindingResolutionTest$SingleProject" time="0.118"/>
  <testcase name="testValues" classname="org.eclipse.cdt.internal.index.tests.IndexCPPBindingResolutionTest$SingleProject" time="0.105"/>
  <testcase name="testUserDefinedLiteralConcatenation1a" classname="org.eclipse.cdt.internal.index.tests.IndexCPPBindingResolutionTest$SingleProject" time="0.122"/>
  <testcase name="testUserDefinedLiteralConcatenation1b" classname="org.eclipse.cdt.internal.index.tests.IndexCPPBindingResolutionTest$SingleProject" time="0.064"/>
  <testcase name="testUserDefinedLiteralConcatenation2a" classname="org.eclipse.cdt.internal.index.tests.IndexCPPBindingResolutionTest$SingleProject" time="0.115"/>
  <testcase name="testUserDefinedLiteralConcatenation2b" classname="org.eclipse.cdt.internal.index.tests.IndexCPPBindingResolutionTest$SingleProject" time="0.087"/>
  <testcase name="testUserDefinedLiteralConcatenation2c" classname="org.eclipse.cdt.internal.index.tests.IndexCPPBindingResolutionTest$SingleProject" time="0.093"/>
  <testcase name="testUserDefinedLiteralConcatenation2d" classname="org.eclipse.cdt.internal.index.tests.IndexCPPBindingResolutionTest$SingleProject" time="0.058"/>
  <testcase name="testUserDefinedLiteralConcatenation3a" classname="org.eclipse.cdt.internal.index.tests.IndexCPPBindingResolutionTest$SingleProject" time="0.095"/>
  <testcase name="testUserDefinedLiteralConcatenation3b" classname="org.eclipse.cdt.internal.index.tests.IndexCPPBindingResolutionTest$SingleProject" time="0.086"/>
  <testcase name="testUserDefinedLiteralConcatenation3c" classname="org.eclipse.cdt.internal.index.tests.IndexCPPBindingResolutionTest$SingleProject" time="0.113"/>
  <testcase name="testUserDefinedLiteralConcatenation3d" classname="org.eclipse.cdt.internal.index.tests.IndexCPPBindingResolutionTest$SingleProject" time="0.061"/>
  <testcase name="testUserDefinedLiteralConcatenation4a" classname="org.eclipse.cdt.internal.index.tests.IndexCPPBindingResolutionTest$SingleProject" time="0.121"/>
  <testcase name="testUserDefinedLiteralConcatenation4b" classname="org.eclipse.cdt.internal.index.tests.IndexCPPBindingResolutionTest$SingleProject" time="0.066"/>
  <testcase name="testUserDefinedLiteralConcatenation4c" classname="org.eclipse.cdt.internal.index.tests.IndexCPPBindingResolutionTest$SingleProject" time="0.092"/>
  <testcase name="testUserDefinedLiteralConcatenation4d" classname="org.eclipse.cdt.internal.index.tests.IndexCPPBindingResolutionTest$SingleProject" time="0.09"/>
  <testcase name="testUserDefinedLiteralConcatenation5a" classname="org.eclipse.cdt.internal.index.tests.IndexCPPBindingResolutionTest$SingleProject" time="0.123"/>
  <testcase name="testUserDefinedLiteralConcatenation5b" classname="org.eclipse.cdt.internal.index.tests.IndexCPPBindingResolutionTest$SingleProject" time="0.068"/>
  <testcase name="testUserDefinedLiteralConcatenation5c" classname="org.eclipse.cdt.internal.index.tests.IndexCPPBindingResolutionTest$SingleProject" time="0.09"/>
  <testcase name="testUserDefinedLiteralConcatenation5d" classname="org.eclipse.cdt.internal.index.tests.IndexCPPBindingResolutionTest$SingleProject" time="0.088"/>
  <testcase name="testDecltype_434150" classname="org.eclipse.cdt.internal.index.tests.IndexCPPBindingResolutionTest$SingleProject" time="0.09"/>
  <testcase name="testInlineNamespace_305980am" classname="org.eclipse.cdt.internal.index.tests.IndexCPPBindingResolutionTest$SingleProject" time="0.143"/>
  <testcase name="testInlineNamespace_305980bm" classname="org.eclipse.cdt.internal.index.tests.IndexCPPBindingResolutionTest$SingleProject" time="0.068"/>
  <testcase name="testInlineNamespace_305980cm" classname="org.eclipse.cdt.internal.index.tests.IndexCPPBindingResolutionTest$SingleProject" time="0.088"/>
  <testcase name="testInlineNamespaceReopenedWithoutInlineKeyword_483824" classname="org.eclipse.cdt.internal.index.tests.IndexCPPBindingResolutionTest$SingleProject" time="0.088"/>
  <testcase name="testVariableInitializerThatReferencesVariable_508254a" classname="org.eclipse.cdt.internal.index.tests.IndexCPPBindingResolutionTest$SingleProject" time="0.117"/>
  <testcase name="testVariableInitializerThatReferencesVariable_508254b" classname="org.eclipse.cdt.internal.index.tests.IndexCPPBindingResolutionTest$SingleProject" time="0.123">
    <failure message="Expected number (0) of Non-OK status objects in log differs from actual (2).&#10;	Error: org.eclipse.cdt.internal.core.dom.parser.ITypeMarshalBuffer.marshalEvaluation(Lorg/eclipse/cdt/internal/core/dom/parser/ISerializableEvaluation;Z)V org.eclipse.cdt.internal.core.dom.parser.ITypeMarshalBuffer.marshalEvaluation(Lorg/eclipse/cdt/internal/core/dom/parser/ISerializableEvaluation;Z)V&#10;	Error: org.eclipse.cdt.internal.core.dom.parser.ITypeMarshalBuffer.marshalEvaluation(Lorg/eclipse/cdt/internal/core/dom/parser/ISerializableEvaluation;Z)V org.eclipse.cdt.internal.core.dom.parser.ITypeMarshalBuffer.marshalEvaluation(Lorg/eclipse/cdt/internal/core/dom/parser/ISerializableEvaluation;Z)V&#10;" type="junit.framework.AssertionFailedError">junit.framework.AssertionFailedError: Expected number (0) of Non-OK status objects in log differs from actual (2).
	Error: org.eclipse.cdt.internal.core.dom.parser.ITypeMarshalBuffer.marshalEvaluation(Lorg/eclipse/cdt/internal/core/dom/parser/ISerializableEvaluation;Z)V org.eclipse.cdt.internal.core.dom.parser.ITypeMarshalBuffer.marshalEvaluation(Lorg/eclipse/cdt/internal/core/dom/parser/ISerializableEvaluation;Z)V
	Error: org.eclipse.cdt.internal.core.dom.parser.ITypeMarshalBuffer.marshalEvaluation(Lorg/eclipse/cdt/internal/core/dom/parser/ISerializableEvaluation;Z)V org.eclipse.cdt.internal.core.dom.parser.ITypeMarshalBuffer.marshalEvaluation(Lorg/eclipse/cdt/internal/core/dom/parser/ISerializableEvaluation;Z)V

	at org.eclipse.cdt.core.testplugin.util.BaseTestCase.runBare(BaseTestCase.java:242)
	at junit.framework.TestResult$1.protect(TestResult.java:122)
	at junit.framework.TestResult.runProtected(TestResult.java:142)
	at junit.framework.TestResult.run(TestResult.java:125)
	at junit.framework.TestCase.run(TestCase.java:129)
	at org.eclipse.cdt.core.testplugin.util.BaseTestCase.run(BaseTestCase.java:259)
	at junit.framework.TestSuite.runTest(TestSuite.java:252)
	at junit.framework.TestSuite.run(TestSuite.java:247)
	at junit.framework.TestSuite.runTest(TestSuite.java:252)
	at junit.framework.TestSuite.run(TestSuite.java:247)
	at junit.framework.TestSuite.runTest(TestSuite.java:252)
	at junit.framework.TestSuite.run(TestSuite.java:247)
	at org.junit.internal.runners.JUnit38ClassRunner.run(JUnit38ClassRunner.java:86)
	at org.apache.maven.surefire.junit4.JUnit4Provider.execute(JUnit4Provider.java:264)
	at org.apache.maven.surefire.junit4.JUnit4Provider.executeTestSet(JUnit4Provider.java:153)
	at org.apache.maven.surefire.junit4.JUnit4Provider.invoke(JUnit4Provider.java:124)
	at sun.reflect.NativeMethodAccessorImpl.invoke0(Native Method)
	at sun.reflect.NativeMethodAccessorImpl.invoke(NativeMethodAccessorImpl.java:62)
	at sun.reflect.DelegatingMethodAccessorImpl.invoke(DelegatingMethodAccessorImpl.java:43)
	at java.lang.reflect.Method.invoke(Method.java:497)
	at org.apache.maven.surefire.util.ReflectionUtils.invokeMethodWithArray2(ReflectionUtils.java:208)
	at org.apache.maven.surefire.booter.ProviderFactory$ProviderProxy.invoke(ProviderFactory.java:156)
	at org.apache.maven.surefire.booter.ProviderFactory.invokeProvider(ProviderFactory.java:82)
	at org.eclipse.tycho.surefire.osgibooter.OsgiSurefireBooter.run(OsgiSurefireBooter.java:95)
	at org.eclipse.tycho.surefire.osgibooter.HeadlessTestApplication.run(HeadlessTestApplication.java:21)
	at sun.reflect.NativeMethodAccessorImpl.invoke0(Native Method)
	at sun.reflect.NativeMethodAccessorImpl.invoke(NativeMethodAccessorImpl.java:62)
	at sun.reflect.DelegatingMethodAccessorImpl.invoke(DelegatingMethodAccessorImpl.java:43)
	at java.lang.reflect.Method.invoke(Method.java:497)
	at org.eclipse.equinox.internal.app.EclipseAppContainer.callMethodWithException(EclipseAppContainer.java:587)
	at org.eclipse.equinox.internal.app.EclipseAppHandle.run(EclipseAppHandle.java:198)
	at org.eclipse.core.runtime.internal.adaptor.EclipseAppLauncher.runApplication(EclipseAppLauncher.java:134)
	at org.eclipse.core.runtime.internal.adaptor.EclipseAppLauncher.start(EclipseAppLauncher.java:104)
	at org.eclipse.core.runtime.adaptor.EclipseStarter.run(EclipseStarter.java:388)
	at org.eclipse.core.runtime.adaptor.EclipseStarter.run(EclipseStarter.java:243)
	at sun.reflect.NativeMethodAccessorImpl.invoke0(Native Method)
	at sun.reflect.NativeMethodAccessorImpl.invoke(NativeMethodAccessorImpl.java:62)
	at sun.reflect.DelegatingMethodAccessorImpl.invoke(DelegatingMethodAccessorImpl.java:43)
	at java.lang.reflect.Method.invoke(Method.java:497)
	at org.eclipse.equinox.launcher.Main.invokeFramework(Main.java:653)
	at org.eclipse.equinox.launcher.Main.basicRun(Main.java:590)
	at org.eclipse.equinox.launcher.Main.run(Main.java:1499)
	at org.eclipse.equinox.launcher.Main.main(Main.java:1472)
Caused by: java.lang.NoSuchMethodError: org.eclipse.cdt.internal.core.dom.parser.ITypeMarshalBuffer.marshalEvaluation(Lorg/eclipse/cdt/internal/core/dom/parser/ISerializableEvaluation;Z)V
	at org.eclipse.cdt.internal.core.dom.parser.cpp.semantics.InitializerListType.marshal(InitializerListType.java:55)
	at org.eclipse.cdt.internal.core.pdom.dom.TypeMarshalBuffer.marshalType(TypeMarshalBuffer.java:132)
	at org.eclipse.cdt.internal.core.dom.parser.cpp.semantics.EvalFixed.marshal(EvalFixed.java:147)
	at org.eclipse.cdt.internal.core.pdom.dom.TypeMarshalBuffer.marshalEvaluation(TypeMarshalBuffer.java:166)
	at org.eclipse.cdt.internal.core.dom.parser.CompositeValue.marshal(CompositeValue.java:289)
	at org.eclipse.cdt.internal.core.pdom.dom.TypeMarshalBuffer.marshalValue(TypeMarshalBuffer.java:192)
	at org.eclipse.cdt.internal.core.pdom.dom.PDOMLinkage.storeValue(PDOMLinkage.java:656)
	at org.eclipse.cdt.internal.core.pdom.dom.PDOMLinkage.storeValue(PDOMLinkage.java:650)
	at org.eclipse.cdt.internal.core.pdom.dom.cpp.PDOMCPPVariable.setValue(PDOMCPPVariable.java:64)
	at org.eclipse.cdt.internal.core.pdom.dom.cpp.PDOMCPPVariable.initData(PDOMCPPVariable.java:57)
	at org.eclipse.cdt.internal.core.pdom.dom.cpp.PDOMCPPLinkage$ConfigureVariable.run(PDOMCPPLinkage.java:239)
	at org.eclipse.cdt.internal.core.pdom.dom.cpp.PDOMCPPLinkage.handlePostProcesses(PDOMCPPLinkage.java:1281)
	at org.eclipse.cdt.internal.core.pdom.dom.cpp.PDOMCPPLinkage.addBinding(PDOMCPPLinkage.java:631)
	at org.eclipse.cdt.internal.core.pdom.dom.PDOMFile.createPDOMName(PDOMFile.java:515)
	at org.eclipse.cdt.internal.core.pdom.dom.PDOMFile.addNames(PDOMFile.java:482)
	at org.eclipse.cdt.internal.core.pdom.WritablePDOM.addFileContent(WritablePDOM.java:154)
	at org.eclipse.cdt.internal.core.index.WritableCIndex.setFileContent(WritableCIndex.java:86)
	at org.eclipse.cdt.internal.core.pdom.PDOMWriter.storeFileInIndex(PDOMWriter.java:668)
	at org.eclipse.cdt.internal.core.pdom.PDOMWriter.storeSymbolsInIndex(PDOMWriter.java:325)
	at org.eclipse.cdt.internal.core.pdom.PDOMWriter.addSymbols(PDOMWriter.java:284)
	at org.eclipse.cdt.internal.core.pdom.AbstractIndexerTask.writeToIndex(AbstractIndexerTask.java:1284)
	at org.eclipse.cdt.internal.core.pdom.AbstractIndexerTask.parseFile(AbstractIndexerTask.java:1096)
	at org.eclipse.cdt.internal.core.pdom.AbstractIndexerTask.parseLinkage(AbstractIndexerTask.java:930)
	at org.eclipse.cdt.internal.core.pdom.AbstractIndexerTask.runTask(AbstractIndexerTask.java:557)
	at org.eclipse.cdt.internal.core.pdom.indexer.PDOMIndexerTask.run(PDOMIndexerTask.java:161)
	at org.eclipse.cdt.internal.core.pdom.indexer.PDOMRebuildTask.run(PDOMRebuildTask.java:90)
	at org.eclipse.cdt.internal.core.pdom.PDOMIndexerJob.run(PDOMIndexerJob.java:155)
	at org.eclipse.core.internal.jobs.Worker.run(Worker.java:56)
</failure>
  </testcase>
  <testcase name="testRankingOfReferenceBindings" classname="org.eclipse.cdt.internal.index.tests.IndexCPPBindingResolutionTest$SingleProject" time="0.091"/>
  <testcase name="testInheritedConstructor" classname="org.eclipse.cdt.internal.index.tests.IndexCPPBindingResolutionTest$SingleProject" time="0.063"/>
  <testcase name="testEnumeratorInStructScope" classname="org.eclipse.cdt.internal.index.tests.IndexCPPBindingResolutionTest$SingleProject" time="0.089"/>
  <testcase name="testOverridden_248846" classname="org.eclipse.cdt.internal.index.tests.IndexCPPBindingResolutionTest$ProjectWithDepProj" time="0.191"/>
  <testcase name="testNestedClassDefinedOutOfLine_502999" classname="org.eclipse.cdt.internal.index.tests.IndexCPPBindingResolutionTest$ProjectWithDepProj" time="0.144"/>
  <testcase name="testNameLookupInDefaultArgument_432701" classname="org.eclipse.cdt.internal.index.tests.IndexCPPBindingResolutionTest$ProjectWithDepProj" time="0.151"/>
  <testcase name="testUsingNamingDirective_177917_1a" classname="org.eclipse.cdt.internal.index.tests.IndexCPPBindingResolutionTest$ProjectWithDepProj" time="0.181"/>
  <testcase name="testUsingNamingDirective_177917_1b" classname="org.eclipse.cdt.internal.index.tests.IndexCPPBindingResolutionTest$ProjectWithDepProj" time="0.116"/>
  <testcase name="testSimpleGlobalBindings" classname="org.eclipse.cdt.internal.index.tests.IndexCPPBindingResolutionTest$ProjectWithDepProj" time="0.213"/>
  <testcase name="testAddressOfOverloadedFunction" classname="org.eclipse.cdt.internal.index.tests.IndexCPPBindingResolutionTest$ProjectWithDepProj" time="0.219"/>
  <testcase name="testUsingTypeDeclaration_177917_1" classname="org.eclipse.cdt.internal.index.tests.IndexCPPBindingResolutionTest$ProjectWithDepProj" time="0.176"/>
  <testcase name="testUsingTypeDeclaration_177917_2" classname="org.eclipse.cdt.internal.index.tests.IndexCPPBindingResolutionTest$ProjectWithDepProj" time="0.12"/>
  <testcase name="testConstIntPtrParameter" classname="org.eclipse.cdt.internal.index.tests.IndexCPPBindingResolutionTest$ProjectWithDepProj" time="0.233"/>
  <testcase name="testConstIntPtrParameterInDefinitionAST2" classname="org.eclipse.cdt.internal.index.tests.IndexCPPBindingResolutionTest$ProjectWithDepProj" time="0.244"/>
  <testcase name="testUsingTypeDeclaration_201177" classname="org.eclipse.cdt.internal.index.tests.IndexCPPBindingResolutionTest$ProjectWithDepProj" time="0.238"/>
  <testcase name="testPointerToFunction" classname="org.eclipse.cdt.internal.index.tests.IndexCPPBindingResolutionTest$ProjectWithDepProj" time="0.117"/>
  <testcase name="testNameLookupFromArrayModifier_435075" classname="org.eclipse.cdt.internal.index.tests.IndexCPPBindingResolutionTest$ProjectWithDepProj" time="0.211"/>
  <testcase name="testArrayWithOneElement_508254" classname="org.eclipse.cdt.internal.index.tests.IndexCPPBindingResolutionTest$ProjectWithDepProj" time="0.124">
    <failure message="Expected number (0) of Non-OK status objects in log differs from actual (2).&#10;	Error: org.eclipse.cdt.internal.core.dom.parser.ITypeMarshalBuffer.marshalEvaluation(Lorg/eclipse/cdt/internal/core/dom/parser/ISerializableEvaluation;Z)V org.eclipse.cdt.internal.core.dom.parser.ITypeMarshalBuffer.marshalEvaluation(Lorg/eclipse/cdt/internal/core/dom/parser/ISerializableEvaluation;Z)V&#10;	Error: org.eclipse.cdt.internal.core.dom.parser.ITypeMarshalBuffer.marshalEvaluation(Lorg/eclipse/cdt/internal/core/dom/parser/ISerializableEvaluation;Z)V org.eclipse.cdt.internal.core.dom.parser.ITypeMarshalBuffer.marshalEvaluation(Lorg/eclipse/cdt/internal/core/dom/parser/ISerializableEvaluation;Z)V&#10;" type="junit.framework.AssertionFailedError">junit.framework.AssertionFailedError: Expected number (0) of Non-OK status objects in log differs from actual (2).
	Error: org.eclipse.cdt.internal.core.dom.parser.ITypeMarshalBuffer.marshalEvaluation(Lorg/eclipse/cdt/internal/core/dom/parser/ISerializableEvaluation;Z)V org.eclipse.cdt.internal.core.dom.parser.ITypeMarshalBuffer.marshalEvaluation(Lorg/eclipse/cdt/internal/core/dom/parser/ISerializableEvaluation;Z)V
	Error: org.eclipse.cdt.internal.core.dom.parser.ITypeMarshalBuffer.marshalEvaluation(Lorg/eclipse/cdt/internal/core/dom/parser/ISerializableEvaluation;Z)V org.eclipse.cdt.internal.core.dom.parser.ITypeMarshalBuffer.marshalEvaluation(Lorg/eclipse/cdt/internal/core/dom/parser/ISerializableEvaluation;Z)V

	at org.eclipse.cdt.core.testplugin.util.BaseTestCase.runBare(BaseTestCase.java:242)
	at junit.framework.TestResult$1.protect(TestResult.java:122)
	at junit.framework.TestResult.runProtected(TestResult.java:142)
	at junit.framework.TestResult.run(TestResult.java:125)
	at junit.framework.TestCase.run(TestCase.java:129)
	at org.eclipse.cdt.core.testplugin.util.BaseTestCase.run(BaseTestCase.java:259)
	at junit.framework.TestSuite.runTest(TestSuite.java:252)
	at junit.framework.TestSuite.run(TestSuite.java:247)
	at junit.framework.TestSuite.runTest(TestSuite.java:252)
	at junit.framework.TestSuite.run(TestSuite.java:247)
	at junit.framework.TestSuite.runTest(TestSuite.java:252)
	at junit.framework.TestSuite.run(TestSuite.java:247)
	at org.junit.internal.runners.JUnit38ClassRunner.run(JUnit38ClassRunner.java:86)
	at org.apache.maven.surefire.junit4.JUnit4Provider.execute(JUnit4Provider.java:264)
	at org.apache.maven.surefire.junit4.JUnit4Provider.executeTestSet(JUnit4Provider.java:153)
	at org.apache.maven.surefire.junit4.JUnit4Provider.invoke(JUnit4Provider.java:124)
	at sun.reflect.NativeMethodAccessorImpl.invoke0(Native Method)
	at sun.reflect.NativeMethodAccessorImpl.invoke(NativeMethodAccessorImpl.java:62)
	at sun.reflect.DelegatingMethodAccessorImpl.invoke(DelegatingMethodAccessorImpl.java:43)
	at java.lang.reflect.Method.invoke(Method.java:497)
	at org.apache.maven.surefire.util.ReflectionUtils.invokeMethodWithArray2(ReflectionUtils.java:208)
	at org.apache.maven.surefire.booter.ProviderFactory$ProviderProxy.invoke(ProviderFactory.java:156)
	at org.apache.maven.surefire.booter.ProviderFactory.invokeProvider(ProviderFactory.java:82)
	at org.eclipse.tycho.surefire.osgibooter.OsgiSurefireBooter.run(OsgiSurefireBooter.java:95)
	at org.eclipse.tycho.surefire.osgibooter.HeadlessTestApplication.run(HeadlessTestApplication.java:21)
	at sun.reflect.NativeMethodAccessorImpl.invoke0(Native Method)
	at sun.reflect.NativeMethodAccessorImpl.invoke(NativeMethodAccessorImpl.java:62)
	at sun.reflect.DelegatingMethodAccessorImpl.invoke(DelegatingMethodAccessorImpl.java:43)
	at java.lang.reflect.Method.invoke(Method.java:497)
	at org.eclipse.equinox.internal.app.EclipseAppContainer.callMethodWithException(EclipseAppContainer.java:587)
	at org.eclipse.equinox.internal.app.EclipseAppHandle.run(EclipseAppHandle.java:198)
	at org.eclipse.core.runtime.internal.adaptor.EclipseAppLauncher.runApplication(EclipseAppLauncher.java:134)
	at org.eclipse.core.runtime.internal.adaptor.EclipseAppLauncher.start(EclipseAppLauncher.java:104)
	at org.eclipse.core.runtime.adaptor.EclipseStarter.run(EclipseStarter.java:388)
	at org.eclipse.core.runtime.adaptor.EclipseStarter.run(EclipseStarter.java:243)
	at sun.reflect.NativeMethodAccessorImpl.invoke0(Native Method)
	at sun.reflect.NativeMethodAccessorImpl.invoke(NativeMethodAccessorImpl.java:62)
	at sun.reflect.DelegatingMethodAccessorImpl.invoke(DelegatingMethodAccessorImpl.java:43)
	at java.lang.reflect.Method.invoke(Method.java:497)
	at org.eclipse.equinox.launcher.Main.invokeFramework(Main.java:653)
	at org.eclipse.equinox.launcher.Main.basicRun(Main.java:590)
	at org.eclipse.equinox.launcher.Main.run(Main.java:1499)
	at org.eclipse.equinox.launcher.Main.main(Main.java:1472)
Caused by: java.lang.NoSuchMethodError: org.eclipse.cdt.internal.core.dom.parser.ITypeMarshalBuffer.marshalEvaluation(Lorg/eclipse/cdt/internal/core/dom/parser/ISerializableEvaluation;Z)V
	at org.eclipse.cdt.internal.core.dom.parser.cpp.semantics.InitializerListType.marshal(InitializerListType.java:55)
	at org.eclipse.cdt.internal.core.pdom.dom.TypeMarshalBuffer.marshalType(TypeMarshalBuffer.java:132)
	at org.eclipse.cdt.internal.core.dom.parser.cpp.semantics.EvalFixed.marshal(EvalFixed.java:147)
	at org.eclipse.cdt.internal.core.pdom.dom.TypeMarshalBuffer.marshalEvaluation(TypeMarshalBuffer.java:166)
	at org.eclipse.cdt.internal.core.dom.parser.CompositeValue.marshal(CompositeValue.java:289)
	at org.eclipse.cdt.internal.core.pdom.dom.TypeMarshalBuffer.marshalValue(TypeMarshalBuffer.java:192)
	at org.eclipse.cdt.internal.core.pdom.dom.PDOMLinkage.storeValue(PDOMLinkage.java:656)
	at org.eclipse.cdt.internal.core.pdom.dom.PDOMLinkage.storeValue(PDOMLinkage.java:650)
	at org.eclipse.cdt.internal.core.pdom.dom.cpp.PDOMCPPVariable.setValue(PDOMCPPVariable.java:64)
	at org.eclipse.cdt.internal.core.pdom.dom.cpp.PDOMCPPVariable.initData(PDOMCPPVariable.java:57)
	at org.eclipse.cdt.internal.core.pdom.dom.cpp.PDOMCPPLinkage$ConfigureVariable.run(PDOMCPPLinkage.java:239)
	at org.eclipse.cdt.internal.core.pdom.dom.cpp.PDOMCPPLinkage.handlePostProcesses(PDOMCPPLinkage.java:1281)
	at org.eclipse.cdt.internal.core.pdom.dom.cpp.PDOMCPPLinkage.addBinding(PDOMCPPLinkage.java:631)
	at org.eclipse.cdt.internal.core.pdom.dom.PDOMFile.createPDOMName(PDOMFile.java:515)
	at org.eclipse.cdt.internal.core.pdom.dom.PDOMFile.addNames(PDOMFile.java:482)
	at org.eclipse.cdt.internal.core.pdom.WritablePDOM.addFileContent(WritablePDOM.java:154)
	at org.eclipse.cdt.internal.core.index.WritableCIndex.setFileContent(WritableCIndex.java:86)
	at org.eclipse.cdt.internal.core.pdom.PDOMWriter.storeFileInIndex(PDOMWriter.java:668)
	at org.eclipse.cdt.internal.core.pdom.PDOMWriter.storeSymbolsInIndex(PDOMWriter.java:325)
	at org.eclipse.cdt.internal.core.pdom.PDOMWriter.addSymbols(PDOMWriter.java:284)
	at org.eclipse.cdt.internal.core.pdom.AbstractIndexerTask.writeToIndex(AbstractIndexerTask.java:1284)
	at org.eclipse.cdt.internal.core.pdom.AbstractIndexerTask.parseFile(AbstractIndexerTask.java:1096)
	at org.eclipse.cdt.internal.core.pdom.AbstractIndexerTask.parseLinkage(AbstractIndexerTask.java:930)
	at org.eclipse.cdt.internal.core.pdom.AbstractIndexerTask.runTask(AbstractIndexerTask.java:557)
	at org.eclipse.cdt.internal.core.pdom.indexer.PDOMIndexerTask.run(PDOMIndexerTask.java:161)
	at org.eclipse.cdt.internal.core.pdom.indexer.PDOMRebuildTask.run(PDOMRebuildTask.java:90)
	at org.eclipse.cdt.internal.core.pdom.PDOMIndexerJob.run(PDOMIndexerJob.java:155)
	at org.eclipse.core.internal.jobs.Worker.run(Worker.java:56)
</failure>
  </testcase>
  <testcase name="testAnonymousStructInAnonymousNamespace_508254" classname="org.eclipse.cdt.internal.index.tests.IndexCPPBindingResolutionTest$ProjectWithDepProj" time="0.181"/>
  <testcase name="testQualifiedNamesForClass" classname="org.eclipse.cdt.internal.index.tests.IndexCPPBindingResolutionTest$ProjectWithDepProj" time="0.214"/>
  <testcase name="testQualifiedNamesForUnion" classname="org.eclipse.cdt.internal.index.tests.IndexCPPBindingResolutionTest$ProjectWithDepProj" time="0.224"/>
  <testcase name="testAddressOfConstMethod_233889" classname="org.eclipse.cdt.internal.index.tests.IndexCPPBindingResolutionTest$ProjectWithDepProj" time="0.261"/>
  <testcase name="testInlineFriendFunction_284690" classname="org.eclipse.cdt.internal.index.tests.IndexCPPBindingResolutionTest$ProjectWithDepProj" time="0.251"/>
  <testcase name="testPointerToMemberFields" classname="org.eclipse.cdt.internal.index.tests.IndexCPPBindingResolutionTest$ProjectWithDepProj" time="0.262"/>
  <testcase name="testUserDefinedLiteralOperatorTypes1" classname="org.eclipse.cdt.internal.index.tests.IndexCPPBindingResolutionTest$ProjectWithDepProj" time="0.157"/>
  <testcase name="testUserDefinedLiteralOperatorTypes2" classname="org.eclipse.cdt.internal.index.tests.IndexCPPBindingResolutionTest$ProjectWithDepProj" time="0.152"/>
  <testcase name="testUserDefinedLiteralOperatorTypes3" classname="org.eclipse.cdt.internal.index.tests.IndexCPPBindingResolutionTest$ProjectWithDepProj" time="0.203"/>
  <testcase name="testArrayTypeWithSize_269926" classname="org.eclipse.cdt.internal.index.tests.IndexCPPBindingResolutionTest$ProjectWithDepProj" time="0.147"/>
  <testcase name="testAnonymousNamespaces_392577" classname="org.eclipse.cdt.internal.index.tests.IndexCPPBindingResolutionTest$ProjectWithDepProj" time="0.185"/>
  <testcase name="testAnonymousNamespaces_418130" classname="org.eclipse.cdt.internal.index.tests.IndexCPPBindingResolutionTest$ProjectWithDepProj" time="0.171"/>
  <testcase name="testNestedClass_284665" classname="org.eclipse.cdt.internal.index.tests.IndexCPPBindingResolutionTest$ProjectWithDepProj" time="0.15"/>
  <testcase name="testTypeQualifier" classname="org.eclipse.cdt.internal.index.tests.IndexCPPBindingResolutionTest$ProjectWithDepProj" time="0.177"/>
  <testcase name="testNamespaceAliasAsQualifier_356493a" classname="org.eclipse.cdt.internal.index.tests.IndexCPPBindingResolutionTest$ProjectWithDepProj" time="0.212"/>
  <testcase name="testNamespaceAliasAsQualifier_356493b" classname="org.eclipse.cdt.internal.index.tests.IndexCPPBindingResolutionTest$ProjectWithDepProj" time="0.192"/>
  <testcase name="testEnumeratorInNamespaceScope" classname="org.eclipse.cdt.internal.index.tests.IndexCPPBindingResolutionTest$ProjectWithDepProj" time="0.092"/>
  <testcase name="testQualifiedNamesForTypedef" classname="org.eclipse.cdt.internal.index.tests.IndexCPPBindingResolutionTest$ProjectWithDepProj" time="0.239"/>
  <testcase name="testFinalOverriderAnalysis_489477" classname="org.eclipse.cdt.internal.index.tests.IndexCPPBindingResolutionTest$ProjectWithDepProj" time="0.229"/>
  <testcase name="testSingletonQualifiedName" classname="org.eclipse.cdt.internal.index.tests.IndexCPPBindingResolutionTest$ProjectWithDepProj" time="0.393"/>
  <testcase name="testFunctionDefaultArguments" classname="org.eclipse.cdt.internal.index.tests.IndexCPPBindingResolutionTest$ProjectWithDepProj" time="0.232"/>
  <testcase name="testUsingOverloadedFunctionDeclaration" classname="org.eclipse.cdt.internal.index.tests.IndexCPPBindingResolutionTest$ProjectWithDepProj" time="0.156"/>
  <testcase name="testInheritedTemplateConstructor" classname="org.eclipse.cdt.internal.index.tests.IndexCPPBindingResolutionTest$ProjectWithDepProj" time="0.197"/>
  <testcase name="testMethodHidingInInheritance" classname="org.eclipse.cdt.internal.index.tests.IndexCPPBindingResolutionTest$ProjectWithDepProj" time="0.21"/>
  <testcase name="testSelfReferencingVariable_510484" classname="org.eclipse.cdt.internal.index.tests.IndexCPPBindingResolutionTest$ProjectWithDepProj" time="0.157"/>
  <testcase name="testUserDefinedLiteralConcatenation6" classname="org.eclipse.cdt.internal.index.tests.IndexCPPBindingResolutionTest$ProjectWithDepProj" time="0.151"/>
  <testcase name="testExpressionKindForFunctionCalls" classname="org.eclipse.cdt.internal.index.tests.IndexCPPBindingResolutionTest$ProjectWithDepProj" time="0.19"/>
  <testcase name="testLegalConflictWithUsingDeclaration" classname="org.eclipse.cdt.internal.index.tests.IndexCPPBindingResolutionTest$ProjectWithDepProj" time="0.147"/>
  <testcase name="testEnumeratorInUnionScope" classname="org.eclipse.cdt.internal.index.tests.IndexCPPBindingResolutionTest$ProjectWithDepProj" time="0.149"/>
  <testcase name="testLambdaOwnedByClass_409882" classname="org.eclipse.cdt.internal.index.tests.IndexCPPBindingResolutionTest$ProjectWithDepProj" time="0.158"/>
  <testcase name="testLambdaOwnedByClass_449099" classname="org.eclipse.cdt.internal.index.tests.IndexCPPBindingResolutionTest$ProjectWithDepProj" time="0.212"/>
  <testcase name="testInheritedConstructorFromUnknownClass" classname="org.eclipse.cdt.internal.index.tests.IndexCPPBindingResolutionTest$ProjectWithDepProj" time="0.187"/>
  <testcase name="testGQualifiedReference" classname="org.eclipse.cdt.internal.index.tests.IndexCPPBindingResolutionTest$ProjectWithDepProj" time="0.118"/>
  <testcase name="testConstIntPtrParameterInDefinitionAST" classname="org.eclipse.cdt.internal.index.tests.IndexCPPBindingResolutionTest$ProjectWithDepProj" time="0.177"/>
  <testcase name="testFieldReference" classname="org.eclipse.cdt.internal.index.tests.IndexCPPBindingResolutionTest$ProjectWithDepProj" time="0.243"/>
  <testcase name="testDelegatingConstructorCallInConstexprConstructor_509871" classname="org.eclipse.cdt.internal.index.tests.IndexCPPBindingResolutionTest$ProjectWithDepProj" time="0.205"/>
  <testcase name="testDelegatingConstructorCallInConstexprConstructor_514595" classname="org.eclipse.cdt.internal.index.tests.IndexCPPBindingResolutionTest$ProjectWithDepProj" time="0.267"/>
  <testcase name="testAnonymousUnion_377409" classname="org.eclipse.cdt.internal.index.tests.IndexCPPBindingResolutionTest$ProjectWithDepProj" time="0.211"/>
  <testcase name="testUsingDirectiveWithQualifiedName_269727" classname="org.eclipse.cdt.internal.index.tests.IndexCPPBindingResolutionTest$ProjectWithDepProj" time="0.213"/>
  <testcase name="testConstIntRefParameterInDefinitionAST" classname="org.eclipse.cdt.internal.index.tests.IndexCPPBindingResolutionTest$ProjectWithDepProj" time="0.151"/>
  <testcase name="testInlineNamespace_305980a" classname="org.eclipse.cdt.internal.index.tests.IndexCPPBindingResolutionTest$ProjectWithDepProj" time="0.196"/>
  <testcase name="testInlineNamespace_305980b" classname="org.eclipse.cdt.internal.index.tests.IndexCPPBindingResolutionTest$ProjectWithDepProj" time="0.22"/>
  <testcase name="testInlineNamespace_305980c" classname="org.eclipse.cdt.internal.index.tests.IndexCPPBindingResolutionTest$ProjectWithDepProj" time="0.232"/>
  <testcase name="testInheritedConstructorFromTemplateInstance" classname="org.eclipse.cdt.internal.index.tests.IndexCPPBindingResolutionTest$ProjectWithDepProj" time="0.141"/>
  <testcase name="testTypeDefinitionWithFwdDeclaration" classname="org.eclipse.cdt.internal.index.tests.IndexCPPBindingResolutionTest$ProjectWithDepProj" time="0.259"/>
  <testcase name="testQualifiedNamesForStruct" classname="org.eclipse.cdt.internal.index.tests.IndexCPPBindingResolutionTest$ProjectWithDepProj" time="0.889"/>
  <testcase name="testStructClassMismatch_358282" classname="org.eclipse.cdt.internal.index.tests.IndexCPPBindingResolutionTest$ProjectWithDepProj" time="0.214"/>
  <testcase name="testConstIntPtrParameterInDefinition" classname="org.eclipse.cdt.internal.index.tests.IndexCPPBindingResolutionTest$ProjectWithDepProj" time="0.162"/>
  <testcase name="testEnumeratorInClassScope" classname="org.eclipse.cdt.internal.index.tests.IndexCPPBindingResolutionTest$ProjectWithDepProj" time="0.185"/>
  <testcase name="testUserDefinedConversionOperator_224364" classname="org.eclipse.cdt.internal.index.tests.IndexCPPBindingResolutionTest$ProjectWithDepProj" time="0.197"/>
  <testcase name="testUserDefinedLiteralBadConcat1" classname="org.eclipse.cdt.internal.index.tests.IndexCPPBindingResolutionTest$ProjectWithDepProj" time="0.229"/>
  <testcase name="testStaticFieldOfEnclosingType_508254" classname="org.eclipse.cdt.internal.index.tests.IndexCPPBindingResolutionTest$ProjectWithDepProj" time="0.124"/>
  <testcase name="testFriendClassDeclaration_508338" classname="org.eclipse.cdt.internal.index.tests.IndexCPPBindingResolutionTest$ProjectWithDepProj" time="0.16"/>
  <testcase name="testUserDefinedLiteralResolution1" classname="org.eclipse.cdt.internal.index.tests.IndexCPPBindingResolutionTest$ProjectWithDepProj" time="0.183"/>
  <testcase name="testUserDefinedLiteralResolution2" classname="org.eclipse.cdt.internal.index.tests.IndexCPPBindingResolutionTest$ProjectWithDepProj" time="0.223"/>
  <testcase name="testUserDefinedLiteralResolution3" classname="org.eclipse.cdt.internal.index.tests.IndexCPPBindingResolutionTest$ProjectWithDepProj" time="0.157"/>
  <testcase name="testUserDefinedLiteralOperatorTypes1a" classname="org.eclipse.cdt.internal.index.tests.IndexCPPBindingResolutionTest$ProjectWithDepProj" time="0.156"/>
  <testcase name="testUserDefinedLiteralOperatorTypes1b" classname="org.eclipse.cdt.internal.index.tests.IndexCPPBindingResolutionTest$ProjectWithDepProj" time="0.159"/>
  <testcase name="testUserDefinedLiteralOperatorTypes2a" classname="org.eclipse.cdt.internal.index.tests.IndexCPPBindingResolutionTest$ProjectWithDepProj" time="0.188"/>
  <testcase name="testUserDefinedLiteralOperatorTypes2b" classname="org.eclipse.cdt.internal.index.tests.IndexCPPBindingResolutionTest$ProjectWithDepProj" time="0.184"/>
  <testcase name="testUserDefinedLiteralOperatorTypes3a" classname="org.eclipse.cdt.internal.index.tests.IndexCPPBindingResolutionTest$ProjectWithDepProj" time="0.156"/>
  <testcase name="testUserDefinedLiteralOperatorTypes3b" classname="org.eclipse.cdt.internal.index.tests.IndexCPPBindingResolutionTest$ProjectWithDepProj" time="0.155"/>
  <testcase name="testUserDefinedLiteralOperatorTypes3c" classname="org.eclipse.cdt.internal.index.tests.IndexCPPBindingResolutionTest$ProjectWithDepProj" time="0.239"/>
  <testcase name="testUserDefinedLiteralOperatorTypes4a" classname="org.eclipse.cdt.internal.index.tests.IndexCPPBindingResolutionTest$ProjectWithDepProj" time="0.125"/>
  <testcase name="testUserDefinedLiteralOperatorTypes4b" classname="org.eclipse.cdt.internal.index.tests.IndexCPPBindingResolutionTest$ProjectWithDepProj" time="0.223"/>
  <testcase name="testAnonymousNamespace" classname="org.eclipse.cdt.internal.index.tests.IndexCPPBindingResolutionTest$ProjectWithDepProj" time="0.165"/>
  <testcase name="testConstIntParameter" classname="org.eclipse.cdt.internal.index.tests.IndexCPPBindingResolutionTest$ProjectWithDepProj" time="0.24"/>
  <testcase name="testValues" classname="org.eclipse.cdt.internal.index.tests.IndexCPPBindingResolutionTest$ProjectWithDepProj" time="0.172"/>
  <testcase name="testUserDefinedLiteralConcatenation1a" classname="org.eclipse.cdt.internal.index.tests.IndexCPPBindingResolutionTest$ProjectWithDepProj" time="0.23"/>
  <testcase name="testUserDefinedLiteralConcatenation1b" classname="org.eclipse.cdt.internal.index.tests.IndexCPPBindingResolutionTest$ProjectWithDepProj" time="0.187"/>
  <testcase name="testUserDefinedLiteralConcatenation2a" classname="org.eclipse.cdt.internal.index.tests.IndexCPPBindingResolutionTest$ProjectWithDepProj" time="0.279"/>
  <testcase name="testUserDefinedLiteralConcatenation2b" classname="org.eclipse.cdt.internal.index.tests.IndexCPPBindingResolutionTest$ProjectWithDepProj" time="0.161"/>
  <testcase name="testUserDefinedLiteralConcatenation2c" classname="org.eclipse.cdt.internal.index.tests.IndexCPPBindingResolutionTest$ProjectWithDepProj" time="0.158"/>
  <testcase name="testUserDefinedLiteralConcatenation2d" classname="org.eclipse.cdt.internal.index.tests.IndexCPPBindingResolutionTest$ProjectWithDepProj" time="0.226"/>
  <testcase name="testUserDefinedLiteralConcatenation3a" classname="org.eclipse.cdt.internal.index.tests.IndexCPPBindingResolutionTest$ProjectWithDepProj" time="0.194"/>
  <testcase name="testUserDefinedLiteralConcatenation3b" classname="org.eclipse.cdt.internal.index.tests.IndexCPPBindingResolutionTest$ProjectWithDepProj" time="0.163"/>
  <testcase name="testUserDefinedLiteralConcatenation3c" classname="org.eclipse.cdt.internal.index.tests.IndexCPPBindingResolutionTest$ProjectWithDepProj" time="0.189"/>
  <testcase name="testUserDefinedLiteralConcatenation3d" classname="org.eclipse.cdt.internal.index.tests.IndexCPPBindingResolutionTest$ProjectWithDepProj" time="0.164"/>
  <testcase name="testUserDefinedLiteralConcatenation4a" classname="org.eclipse.cdt.internal.index.tests.IndexCPPBindingResolutionTest$ProjectWithDepProj" time="0.163"/>
  <testcase name="testUserDefinedLiteralConcatenation4b" classname="org.eclipse.cdt.internal.index.tests.IndexCPPBindingResolutionTest$ProjectWithDepProj" time="0.193"/>
  <testcase name="testUserDefinedLiteralConcatenation4c" classname="org.eclipse.cdt.internal.index.tests.IndexCPPBindingResolutionTest$ProjectWithDepProj" time="0.198"/>
  <testcase name="testUserDefinedLiteralConcatenation4d" classname="org.eclipse.cdt.internal.index.tests.IndexCPPBindingResolutionTest$ProjectWithDepProj" time="0.193"/>
  <testcase name="testUserDefinedLiteralConcatenation5a" classname="org.eclipse.cdt.internal.index.tests.IndexCPPBindingResolutionTest$ProjectWithDepProj" time="0.23"/>
  <testcase name="testUserDefinedLiteralConcatenation5b" classname="org.eclipse.cdt.internal.index.tests.IndexCPPBindingResolutionTest$ProjectWithDepProj" time="0.156"/>
  <testcase name="testUserDefinedLiteralConcatenation5c" classname="org.eclipse.cdt.internal.index.tests.IndexCPPBindingResolutionTest$ProjectWithDepProj" time="0.162"/>
  <testcase name="testUserDefinedLiteralConcatenation5d" classname="org.eclipse.cdt.internal.index.tests.IndexCPPBindingResolutionTest$ProjectWithDepProj" time="0.163"/>
  <testcase name="testDecltype_434150" classname="org.eclipse.cdt.internal.index.tests.IndexCPPBindingResolutionTest$ProjectWithDepProj" time="0.193"/>
  <testcase name="testInlineNamespace_305980am" classname="org.eclipse.cdt.internal.index.tests.IndexCPPBindingResolutionTest$ProjectWithDepProj" time="0.168"/>
  <testcase name="testInlineNamespace_305980bm" classname="org.eclipse.cdt.internal.index.tests.IndexCPPBindingResolutionTest$ProjectWithDepProj" time="0.198"/>
  <testcase name="testInlineNamespace_305980cm" classname="org.eclipse.cdt.internal.index.tests.IndexCPPBindingResolutionTest$ProjectWithDepProj" time="0.175"/>
  <testcase name="testInlineNamespaceReopenedWithoutInlineKeyword_483824" classname="org.eclipse.cdt.internal.index.tests.IndexCPPBindingResolutionTest$ProjectWithDepProj" time="0.217"/>
  <testcase name="testVariableInitializerThatReferencesVariable_508254a" classname="org.eclipse.cdt.internal.index.tests.IndexCPPBindingResolutionTest$ProjectWithDepProj" time="0.245"/>
  <testcase name="testVariableInitializerThatReferencesVariable_508254b" classname="org.eclipse.cdt.internal.index.tests.IndexCPPBindingResolutionTest$ProjectWithDepProj" time="0.158">
    <failure message="Expected number (0) of Non-OK status objects in log differs from actual (2).&#10;	Error: org.eclipse.cdt.internal.core.dom.parser.ITypeMarshalBuffer.marshalEvaluation(Lorg/eclipse/cdt/internal/core/dom/parser/ISerializableEvaluation;Z)V org.eclipse.cdt.internal.core.dom.parser.ITypeMarshalBuffer.marshalEvaluation(Lorg/eclipse/cdt/internal/core/dom/parser/ISerializableEvaluation;Z)V&#10;	Error: org.eclipse.cdt.internal.core.dom.parser.ITypeMarshalBuffer.marshalEvaluation(Lorg/eclipse/cdt/internal/core/dom/parser/ISerializableEvaluation;Z)V org.eclipse.cdt.internal.core.dom.parser.ITypeMarshalBuffer.marshalEvaluation(Lorg/eclipse/cdt/internal/core/dom/parser/ISerializableEvaluation;Z)V&#10;" type="junit.framework.AssertionFailedError">junit.framework.AssertionFailedError: Expected number (0) of Non-OK status objects in log differs from actual (2).
	Error: org.eclipse.cdt.internal.core.dom.parser.ITypeMarshalBuffer.marshalEvaluation(Lorg/eclipse/cdt/internal/core/dom/parser/ISerializableEvaluation;Z)V org.eclipse.cdt.internal.core.dom.parser.ITypeMarshalBuffer.marshalEvaluation(Lorg/eclipse/cdt/internal/core/dom/parser/ISerializableEvaluation;Z)V
	Error: org.eclipse.cdt.internal.core.dom.parser.ITypeMarshalBuffer.marshalEvaluation(Lorg/eclipse/cdt/internal/core/dom/parser/ISerializableEvaluation;Z)V org.eclipse.cdt.internal.core.dom.parser.ITypeMarshalBuffer.marshalEvaluation(Lorg/eclipse/cdt/internal/core/dom/parser/ISerializableEvaluation;Z)V

	at org.eclipse.cdt.core.testplugin.util.BaseTestCase.runBare(BaseTestCase.java:242)
	at junit.framework.TestResult$1.protect(TestResult.java:122)
	at junit.framework.TestResult.runProtected(TestResult.java:142)
	at junit.framework.TestResult.run(TestResult.java:125)
	at junit.framework.TestCase.run(TestCase.java:129)
	at org.eclipse.cdt.core.testplugin.util.BaseTestCase.run(BaseTestCase.java:259)
	at junit.framework.TestSuite.runTest(TestSuite.java:252)
	at junit.framework.TestSuite.run(TestSuite.java:247)
	at junit.framework.TestSuite.runTest(TestSuite.java:252)
	at junit.framework.TestSuite.run(TestSuite.java:247)
	at junit.framework.TestSuite.runTest(TestSuite.java:252)
	at junit.framework.TestSuite.run(TestSuite.java:247)
	at org.junit.internal.runners.JUnit38ClassRunner.run(JUnit38ClassRunner.java:86)
	at org.apache.maven.surefire.junit4.JUnit4Provider.execute(JUnit4Provider.java:264)
	at org.apache.maven.surefire.junit4.JUnit4Provider.executeTestSet(JUnit4Provider.java:153)
	at org.apache.maven.surefire.junit4.JUnit4Provider.invoke(JUnit4Provider.java:124)
	at sun.reflect.NativeMethodAccessorImpl.invoke0(Native Method)
	at sun.reflect.NativeMethodAccessorImpl.invoke(NativeMethodAccessorImpl.java:62)
	at sun.reflect.DelegatingMethodAccessorImpl.invoke(DelegatingMethodAccessorImpl.java:43)
	at java.lang.reflect.Method.invoke(Method.java:497)
	at org.apache.maven.surefire.util.ReflectionUtils.invokeMethodWithArray2(ReflectionUtils.java:208)
	at org.apache.maven.surefire.booter.ProviderFactory$ProviderProxy.invoke(ProviderFactory.java:156)
	at org.apache.maven.surefire.booter.ProviderFactory.invokeProvider(ProviderFactory.java:82)
	at org.eclipse.tycho.surefire.osgibooter.OsgiSurefireBooter.run(OsgiSurefireBooter.java:95)
	at org.eclipse.tycho.surefire.osgibooter.HeadlessTestApplication.run(HeadlessTestApplication.java:21)
	at sun.reflect.NativeMethodAccessorImpl.invoke0(Native Method)
	at sun.reflect.NativeMethodAccessorImpl.invoke(NativeMethodAccessorImpl.java:62)
	at sun.reflect.DelegatingMethodAccessorImpl.invoke(DelegatingMethodAccessorImpl.java:43)
	at java.lang.reflect.Method.invoke(Method.java:497)
	at org.eclipse.equinox.internal.app.EclipseAppContainer.callMethodWithException(EclipseAppContainer.java:587)
	at org.eclipse.equinox.internal.app.EclipseAppHandle.run(EclipseAppHandle.java:198)
	at org.eclipse.core.runtime.internal.adaptor.EclipseAppLauncher.runApplication(EclipseAppLauncher.java:134)
	at org.eclipse.core.runtime.internal.adaptor.EclipseAppLauncher.start(EclipseAppLauncher.java:104)
	at org.eclipse.core.runtime.adaptor.EclipseStarter.run(EclipseStarter.java:388)
	at org.eclipse.core.runtime.adaptor.EclipseStarter.run(EclipseStarter.java:243)
	at sun.reflect.NativeMethodAccessorImpl.invoke0(Native Method)
	at sun.reflect.NativeMethodAccessorImpl.invoke(NativeMethodAccessorImpl.java:62)
	at sun.reflect.DelegatingMethodAccessorImpl.invoke(DelegatingMethodAccessorImpl.java:43)
	at java.lang.reflect.Method.invoke(Method.java:497)
	at org.eclipse.equinox.launcher.Main.invokeFramework(Main.java:653)
	at org.eclipse.equinox.launcher.Main.basicRun(Main.java:590)
	at org.eclipse.equinox.launcher.Main.run(Main.java:1499)
	at org.eclipse.equinox.launcher.Main.main(Main.java:1472)
Caused by: java.lang.NoSuchMethodError: org.eclipse.cdt.internal.core.dom.parser.ITypeMarshalBuffer.marshalEvaluation(Lorg/eclipse/cdt/internal/core/dom/parser/ISerializableEvaluation;Z)V
	at org.eclipse.cdt.internal.core.dom.parser.cpp.semantics.InitializerListType.marshal(InitializerListType.java:55)
	at org.eclipse.cdt.internal.core.pdom.dom.TypeMarshalBuffer.marshalType(TypeMarshalBuffer.java:132)
	at org.eclipse.cdt.internal.core.dom.parser.cpp.semantics.EvalFixed.marshal(EvalFixed.java:147)
	at org.eclipse.cdt.internal.core.pdom.dom.TypeMarshalBuffer.marshalEvaluation(TypeMarshalBuffer.java:166)
	at org.eclipse.cdt.internal.core.dom.parser.CompositeValue.marshal(CompositeValue.java:289)
	at org.eclipse.cdt.internal.core.pdom.dom.TypeMarshalBuffer.marshalValue(TypeMarshalBuffer.java:192)
	at org.eclipse.cdt.internal.core.pdom.dom.PDOMLinkage.storeValue(PDOMLinkage.java:656)
	at org.eclipse.cdt.internal.core.pdom.dom.PDOMLinkage.storeValue(PDOMLinkage.java:650)
	at org.eclipse.cdt.internal.core.pdom.dom.cpp.PDOMCPPVariable.setValue(PDOMCPPVariable.java:64)
	at org.eclipse.cdt.internal.core.pdom.dom.cpp.PDOMCPPVariable.initData(PDOMCPPVariable.java:57)
	at org.eclipse.cdt.internal.core.pdom.dom.cpp.PDOMCPPLinkage$ConfigureVariable.run(PDOMCPPLinkage.java:239)
	at org.eclipse.cdt.internal.core.pdom.dom.cpp.PDOMCPPLinkage.handlePostProcesses(PDOMCPPLinkage.java:1281)
	at org.eclipse.cdt.internal.core.pdom.dom.cpp.PDOMCPPLinkage.addBinding(PDOMCPPLinkage.java:631)
	at org.eclipse.cdt.internal.core.pdom.dom.PDOMFile.createPDOMName(PDOMFile.java:515)
	at org.eclipse.cdt.internal.core.pdom.dom.PDOMFile.addNames(PDOMFile.java:482)
	at org.eclipse.cdt.internal.core.pdom.WritablePDOM.addFileContent(WritablePDOM.java:154)
	at org.eclipse.cdt.internal.core.index.WritableCIndex.setFileContent(WritableCIndex.java:86)
	at org.eclipse.cdt.internal.core.pdom.PDOMWriter.storeFileInIndex(PDOMWriter.java:668)
	at org.eclipse.cdt.internal.core.pdom.PDOMWriter.storeSymbolsInIndex(PDOMWriter.java:325)
	at org.eclipse.cdt.internal.core.pdom.PDOMWriter.addSymbols(PDOMWriter.java:284)
	at org.eclipse.cdt.internal.core.pdom.AbstractIndexerTask.writeToIndex(AbstractIndexerTask.java:1284)
	at org.eclipse.cdt.internal.core.pdom.AbstractIndexerTask.parseFile(AbstractIndexerTask.java:1096)
	at org.eclipse.cdt.internal.core.pdom.AbstractIndexerTask.parseLinkage(AbstractIndexerTask.java:930)
	at org.eclipse.cdt.internal.core.pdom.AbstractIndexerTask.runTask(AbstractIndexerTask.java:557)
	at org.eclipse.cdt.internal.core.pdom.indexer.PDOMIndexerTask.run(PDOMIndexerTask.java:161)
	at org.eclipse.cdt.internal.core.pdom.indexer.PDOMRebuildTask.run(PDOMRebuildTask.java:90)
	at org.eclipse.cdt.internal.core.pdom.PDOMIndexerJob.run(PDOMIndexerJob.java:155)
	at org.eclipse.core.internal.jobs.Worker.run(Worker.java:56)
</failure>
  </testcase>
  <testcase name="testRankingOfReferenceBindings" classname="org.eclipse.cdt.internal.index.tests.IndexCPPBindingResolutionTest$ProjectWithDepProj" time="0.255"/>
  <testcase name="testInheritedConstructor" classname="org.eclipse.cdt.internal.index.tests.IndexCPPBindingResolutionTest$ProjectWithDepProj" time="0.181"/>
  <testcase name="testEnumeratorInStructScope" classname="org.eclipse.cdt.internal.index.tests.IndexCPPBindingResolutionTest$ProjectWithDepProj" time="0.208"/>
  <testcase name="testDesignatedInitializer" classname="org.eclipse.cdt.internal.index.tests.IndexGPPBindingResolutionTest$SingleProject" time="0.222"/>
  <testcase name="testUnderlyingTypeBuiltin_bug411196" classname="org.eclipse.cdt.internal.index.tests.IndexGPPBindingResolutionTest$SingleProject" time="0.074"/>
  <testcase name="testDesignatedInitializer" classname="org.eclipse.cdt.internal.index.tests.IndexGPPBindingResolutionTest$ProjectWithDepProj" time="0.17"/>
  <testcase name="testUnderlyingTypeBuiltin_bug411196" classname="org.eclipse.cdt.internal.index.tests.IndexGPPBindingResolutionTest$ProjectWithDepProj" time="0.158"/>
  <testcase name="testSpecializationOfAnonymousClass_528456" classname="org.eclipse.cdt.internal.index.tests.IndexCPPTemplateResolutionTest$SingleProject" time="0.1"/>
  <testcase name="testSpecializationRedefinition_409444" classname="org.eclipse.cdt.internal.index.tests.IndexCPPTemplateResolutionTest$SingleProject" time="0.136"/>
  <testcase name="testInstantiationOfReturnExpression_484959" classname="org.eclipse.cdt.internal.index.tests.IndexCPPTemplateResolutionTest$SingleProject" time="0.119"/>
  <testcase name="testMemberTemplateClass" classname="org.eclipse.cdt.internal.index.tests.IndexCPPTemplateResolutionTest$SingleProject" time="0.067"/>
  <testcase name="testVectorIterator" classname="org.eclipse.cdt.internal.index.tests.IndexCPPTemplateResolutionTest$SingleProject" time="0.171"/>
  <testcase name="testSfinae_a" classname="org.eclipse.cdt.internal.index.tests.IndexCPPTemplateResolutionTest$SingleProject" time="0.113"/>
  <testcase name="testSfinae_b" classname="org.eclipse.cdt.internal.index.tests.IndexCPPTemplateResolutionTest$SingleProject" time="0.115"/>
  <testcase name="testInstantiationOfEndl_297457" classname="org.eclipse.cdt.internal.index.tests.IndexCPPTemplateResolutionTest$SingleProject" time="0.105"/>
  <testcase name="testInstantiationOfFunctionInstance_437675" classname="org.eclipse.cdt.internal.index.tests.IndexCPPTemplateResolutionTest$SingleProject" time="0.108"/>
  <testcase name="testRegression_402498" classname="org.eclipse.cdt.internal.index.tests.IndexCPPTemplateResolutionTest$SingleProject" time="0.069"/>
  <testcase name="testRegression_408314" classname="org.eclipse.cdt.internal.index.tests.IndexCPPTemplateResolutionTest$SingleProject" time="0.148"/>
  <testcase name="testNonTypeTemplateParameter_207840" classname="org.eclipse.cdt.internal.index.tests.IndexCPPTemplateResolutionTest$SingleProject" time="0.102"/>
  <testcase name="testClassPartialSpecializations_199572" classname="org.eclipse.cdt.internal.index.tests.IndexCPPTemplateResolutionTest$SingleProject" time="0.074"/>
  <testcase name="testPartialSpecializationsOfClassTemplateSpecializations_332884" classname="org.eclipse.cdt.internal.index.tests.IndexCPPTemplateResolutionTest$SingleProject" time="0.156"/>
  <testcase name="testRegression_516338" classname="org.eclipse.cdt.internal.index.tests.IndexCPPTemplateResolutionTest$SingleProject" time="0.135"/>
  <testcase name="testIntNullPointerConstant_407808" classname="org.eclipse.cdt.internal.index.tests.IndexCPPTemplateResolutionTest$SingleProject" time="0.106"/>
  <testcase name="testSpecializationInIndex_367563a" classname="org.eclipse.cdt.internal.index.tests.IndexCPPTemplateResolutionTest$SingleProject" time="0.11"/>
  <testcase name="testSpecializationInIndex_367563b" classname="org.eclipse.cdt.internal.index.tests.IndexCPPTemplateResolutionTest$SingleProject" time="0.084"/>
  <testcase name="testFunctionInstanceParameters" classname="org.eclipse.cdt.internal.index.tests.IndexCPPTemplateResolutionTest$SingleProject" time="0.144"/>
  <testcase name="testRedeclarationWithUnnamedTemplateParameter_472199" classname="org.eclipse.cdt.internal.index.tests.IndexCPPTemplateResolutionTest$SingleProject" time="0.07"/>
  <testcase name="testUsageOfClassTemplateOutsideOfClassBody_357320" classname="org.eclipse.cdt.internal.index.tests.IndexCPPTemplateResolutionTest$SingleProject" time="0.114"/>
  <testcase name="testClassSpecializationMethods" classname="org.eclipse.cdt.internal.index.tests.IndexCPPTemplateResolutionTest$SingleProject" time="0.129"/>
  <testcase name="testSpecializationOfUsingDeclaration_357293" classname="org.eclipse.cdt.internal.index.tests.IndexCPPTemplateResolutionTest$SingleProject" time="0.122"/>
  <testcase name="testEnclosingScopes_a" classname="org.eclipse.cdt.internal.index.tests.IndexCPPTemplateResolutionTest$SingleProject" time="0.106"/>
  <testcase name="testEnclosingScopes_b" classname="org.eclipse.cdt.internal.index.tests.IndexCPPTemplateResolutionTest$SingleProject" time="0.15"/>
  <testcase name="testEnclosingScopes_c" classname="org.eclipse.cdt.internal.index.tests.IndexCPPTemplateResolutionTest$SingleProject" time="0.084"/>
  <testcase name="testEnclosingScopes_d" classname="org.eclipse.cdt.internal.index.tests.IndexCPPTemplateResolutionTest$SingleProject" time="0.12"/>
  <testcase name="testUnqualifiedFunctionCallInTemplate_402498" classname="org.eclipse.cdt.internal.index.tests.IndexCPPTemplateResolutionTest$SingleProject" time="0.158"/>
  <testcase name="testRecursiveInheritance_466362" classname="org.eclipse.cdt.internal.index.tests.IndexCPPTemplateResolutionTest$SingleProject" time="0.137"/>
  <testcase name="testOOM_497875" classname="org.eclipse.cdt.internal.index.tests.IndexCPPTemplateResolutionTest$SingleProject" time="0.138"/>
  <testcase name="testNonTypeCharArgumentDisambiguation" classname="org.eclipse.cdt.internal.index.tests.IndexCPPTemplateResolutionTest$SingleProject" time="0.104"/>
  <testcase name="testInstantiationOfValue_284683" classname="org.eclipse.cdt.internal.index.tests.IndexCPPTemplateResolutionTest$SingleProject" time="0.072"/>
  <testcase name="testFunctionTemplate_245030" classname="org.eclipse.cdt.internal.index.tests.IndexCPPTemplateResolutionTest$SingleProject" time="0.14"/>
  <testcase name="testMemberOfTemplateTemplateParameter_381824" classname="org.eclipse.cdt.internal.index.tests.IndexCPPTemplateResolutionTest$SingleProject" time="0.111"/>
  <testcase name="testFunctionTemplate_319498" classname="org.eclipse.cdt.internal.index.tests.IndexCPPTemplateResolutionTest$SingleProject" time="0.103"/>
  <testcase name="testFunctionTemplateSpecializations" classname="org.eclipse.cdt.internal.index.tests.IndexCPPTemplateResolutionTest$SingleProject" time="0.106"/>
  <testcase name="testFunctionTemplateWithTypedef_431945" classname="org.eclipse.cdt.internal.index.tests.IndexCPPTemplateResolutionTest$SingleProject" time="0.075"/>
  <testcase name="testDependentTemplateParameterInNestedTemplate_399454" classname="org.eclipse.cdt.internal.index.tests.IndexCPPTemplateResolutionTest$SingleProject" time="0.171"/>
  <testcase name="testCurrentInstanceOfClassTemplatePartialSpec_368404" classname="org.eclipse.cdt.internal.index.tests.IndexCPPTemplateResolutionTest$SingleProject" time="0.213"/>
  <testcase name="testDependentTemplateParameterInNestedTemplate_407497" classname="org.eclipse.cdt.internal.index.tests.IndexCPPTemplateResolutionTest$SingleProject" time="0.126"/>
  <testcase name="testSpecializationOfConstexprFunction_420995" classname="org.eclipse.cdt.internal.index.tests.IndexCPPTemplateResolutionTest$SingleProject" time="0.141"/>
  <testcase name="testRecursiveTemplateInstantiation_479138a" classname="org.eclipse.cdt.internal.index.tests.IndexCPPTemplateResolutionTest$SingleProject" time="0.076"/>
  <testcase name="testRecursiveTemplateInstantiation_479138b" classname="org.eclipse.cdt.internal.index.tests.IndexCPPTemplateResolutionTest$SingleProject" time="0.146"/>
  <testcase name="testRecursiveTemplateInstantiation_479138c" classname="org.eclipse.cdt.internal.index.tests.IndexCPPTemplateResolutionTest$SingleProject" time="0.133"/>
  <testcase name="testMethodOveriddenFromTemplateInstanceBase_480892" classname="org.eclipse.cdt.internal.index.tests.IndexCPPTemplateResolutionTest$SingleProject" time="0.204"/>
  <testcase name="testAssignmentToMemberArrayElement_514363" classname="org.eclipse.cdt.internal.index.tests.IndexCPPTemplateResolutionTest$SingleProject" time="0.456"/>
  <testcase name="testParameterReferenceInChainInitializer_a" classname="org.eclipse.cdt.internal.index.tests.IndexCPPTemplateResolutionTest$SingleProject" time="0.114"/>
  <testcase name="testParameterReferenceInChainInitializer_b" classname="org.eclipse.cdt.internal.index.tests.IndexCPPTemplateResolutionTest$SingleProject" time="0.111"/>
  <testcase name="testSimpleFunctionTemplate" classname="org.eclipse.cdt.internal.index.tests.IndexCPPTemplateResolutionTest$SingleProject" time="0.158"/>
  <testcase name="testConstexprFunction_395238_1" classname="org.eclipse.cdt.internal.index.tests.IndexCPPTemplateResolutionTest$SingleProject" time="0.168"/>
  <testcase name="testConstexprFunction_395238_2" classname="org.eclipse.cdt.internal.index.tests.IndexCPPTemplateResolutionTest$SingleProject" time="0.125"/>
  <testcase name="testClassSpecializations_180738" classname="org.eclipse.cdt.internal.index.tests.IndexCPPTemplateResolutionTest$SingleProject" time="0.127"/>
  <testcase name="testClassImplicitInstantiations_188274" classname="org.eclipse.cdt.internal.index.tests.IndexCPPTemplateResolutionTest$SingleProject" time="0.113"/>
  <testcase name="testTemplateTypedef_214447" classname="org.eclipse.cdt.internal.index.tests.IndexCPPTemplateResolutionTest$SingleProject" time="0.113"/>
  <testcase name="testRebindPattern_214017_1" classname="org.eclipse.cdt.internal.index.tests.IndexCPPTemplateResolutionTest$SingleProject" time="0.075"/>
  <testcase name="testRebindPattern_214017_2" classname="org.eclipse.cdt.internal.index.tests.IndexCPPTemplateResolutionTest$SingleProject" time="0.122"/>
  <testcase name="testRebindPattern_214017_3" classname="org.eclipse.cdt.internal.index.tests.IndexCPPTemplateResolutionTest$SingleProject" time="0.105"/>
  <testcase name="testSpecializationInIndex_491636" classname="org.eclipse.cdt.internal.index.tests.IndexCPPTemplateResolutionTest$SingleProject" time="0.106"/>
  <testcase name="testBracedInitList_490475" classname="org.eclipse.cdt.internal.index.tests.IndexCPPTemplateResolutionTest$SingleProject" time="0.147"/>
  <testcase name="testDefaultTemplateArgInHeader_264988" classname="org.eclipse.cdt.internal.index.tests.IndexCPPTemplateResolutionTest$SingleProject" time="0.073"/>
  <testcase name="testTemplateMetaprogramming_284686" classname="org.eclipse.cdt.internal.index.tests.IndexCPPTemplateResolutionTest$SingleProject" time="0.156"/>
  <testcase name="testTypedefSpecialization" classname="org.eclipse.cdt.internal.index.tests.IndexCPPTemplateResolutionTest$SingleProject" time="0.104"/>
  <testcase name="testParentScopeOfSpecialization_267013" classname="org.eclipse.cdt.internal.index.tests.IndexCPPTemplateResolutionTest$SingleProject" time="0.076"/>
  <testcase name="testSfinaeInNewExpression_430230" classname="org.eclipse.cdt.internal.index.tests.IndexCPPTemplateResolutionTest$SingleProject" time="0.15"/>
  <testcase name="testUnindexedConstructorInstanceImplicitReferenceToDeferred" classname="org.eclipse.cdt.internal.index.tests.IndexCPPTemplateResolutionTest$SingleProject" time="0.097"/>
  <testcase name="testAliasTemplate" classname="org.eclipse.cdt.internal.index.tests.IndexCPPTemplateResolutionTest$SingleProject" time="0.466"/>
  <testcase name="testBug177418" classname="org.eclipse.cdt.internal.index.tests.IndexCPPTemplateResolutionTest$SingleProject" time="0.114"/>
  <testcase name="testClassPartialSpecializations" classname="org.eclipse.cdt.internal.index.tests.IndexCPPTemplateResolutionTest$SingleProject" time="0.11"/>
  <testcase name="testOverloadedFunctionTemplate" classname="org.eclipse.cdt.internal.index.tests.IndexCPPTemplateResolutionTest$SingleProject" time="0.072"/>
  <testcase name="testExplicitSpecializations_296427" classname="org.eclipse.cdt.internal.index.tests.IndexCPPTemplateResolutionTest$SingleProject" time="0.135"/>
  <testcase name="testLambdaExpression_395884" classname="org.eclipse.cdt.internal.index.tests.IndexCPPTemplateResolutionTest$SingleProject" time="0.142"/>
  <testcase name="testTypeOfUnknownMember_447728" classname="org.eclipse.cdt.internal.index.tests.IndexCPPTemplateResolutionTest$SingleProject" time="0.092"/>
  <testcase name="testFriendClassSpecialization_466362" classname="org.eclipse.cdt.internal.index.tests.IndexCPPTemplateResolutionTest$SingleProject" time="0.11"/>
  <testcase name="testInfiniteRecursionMarshallingTemplateDefinition_439923" classname="org.eclipse.cdt.internal.index.tests.IndexCPPTemplateResolutionTest$SingleProject" time="0.265"/>
  <testcase name="testDependentEnumerator_482421a" classname="org.eclipse.cdt.internal.index.tests.IndexCPPTemplateResolutionTest$SingleProject" time="0.072"/>
  <testcase name="testDependentEnumerator_482421b" classname="org.eclipse.cdt.internal.index.tests.IndexCPPTemplateResolutionTest$SingleProject" time="0.149"/>
  <testcase name="testClassSpecialization_354086" classname="org.eclipse.cdt.internal.index.tests.IndexCPPTemplateResolutionTest$SingleProject" time="0.114"/>
  <testcase name="testUnindexedMethodInstance2" classname="org.eclipse.cdt.internal.index.tests.IndexCPPTemplateResolutionTest$SingleProject" time="0.107"/>
  <testcase name="testEnumerationWithMultipleEnumerators_434467" classname="org.eclipse.cdt.internal.index.tests.IndexCPPTemplateResolutionTest$SingleProject" time="0.107"/>
  <testcase name="testNPE_407497" classname="org.eclipse.cdt.internal.index.tests.IndexCPPTemplateResolutionTest$SingleProject" time="0.078"/>
  <testcase name="testClassInstanceWithNonTypeArgument_207871" classname="org.eclipse.cdt.internal.index.tests.IndexCPPTemplateResolutionTest$SingleProject" time="0.106"/>
  <testcase name="testStackOverflow_462764" classname="org.eclipse.cdt.internal.index.tests.IndexCPPTemplateResolutionTest$SingleProject" time="0.137"/>
  <testcase name="testInstanceInheritance" classname="org.eclipse.cdt.internal.index.tests.IndexCPPTemplateResolutionTest$SingleProject" time="0.127"/>
  <testcase name="testTemplateParameterWithoutName_300978" classname="org.eclipse.cdt.internal.index.tests.IndexCPPTemplateResolutionTest$SingleProject" time="0.076"/>
  <testcase name="testTemplateArgumentDeduction_507511" classname="org.eclipse.cdt.internal.index.tests.IndexCPPTemplateResolutionTest$SingleProject" time="0.15"/>
  <testcase name="testTypedefSpecialization_213861" classname="org.eclipse.cdt.internal.index.tests.IndexCPPTemplateResolutionTest$SingleProject" time="0.112"/>
  <testcase name="testUnindexedMethodInstance" classname="org.eclipse.cdt.internal.index.tests.IndexCPPTemplateResolutionTest$SingleProject" time="0.069"/>
  <testcase name="testCPPConstructorTemplateSpecialization" classname="org.eclipse.cdt.internal.index.tests.IndexCPPTemplateResolutionTest$SingleProject" time="0.108"/>
  <testcase name="testMethodSpecialization_248927" classname="org.eclipse.cdt.internal.index.tests.IndexCPPTemplateResolutionTest$SingleProject" time="0.174"/>
  <testcase name="testUniqueSpecializations_241641" classname="org.eclipse.cdt.internal.index.tests.IndexCPPTemplateResolutionTest$SingleProject" time="0.112"/>
  <testcase name="testRebindPattern_276610" classname="org.eclipse.cdt.internal.index.tests.IndexCPPTemplateResolutionTest$SingleProject" time="0.074"/>
  <testcase name="testOverloadedFunctionTemplate_407579" classname="org.eclipse.cdt.internal.index.tests.IndexCPPTemplateResolutionTest$SingleProject" time="0.168"/>
  <testcase name="testOverloadedFunctionTemplate_429624" classname="org.eclipse.cdt.internal.index.tests.IndexCPPTemplateResolutionTest$SingleProject" time="0.084"/>
  <testcase name="testTemplateTemplateParameter" classname="org.eclipse.cdt.internal.index.tests.IndexCPPTemplateResolutionTest$SingleProject" time="0.143"/>
  <testcase name="testInfiniteRecursion_516648" classname="org.eclipse.cdt.internal.index.tests.IndexCPPTemplateResolutionTest$SingleProject" time="0.076"/>
  <testcase name="testUnindexedConstructorInstance" classname="org.eclipse.cdt.internal.index.tests.IndexCPPTemplateResolutionTest$SingleProject" time="0.106"/>
  <testcase name="testNonTypeBooleanArgumentDisambiguation" classname="org.eclipse.cdt.internal.index.tests.IndexCPPTemplateResolutionTest$SingleProject" time="0.118"/>
  <testcase name="testADLForQualifiedName_408296" classname="org.eclipse.cdt.internal.index.tests.IndexCPPTemplateResolutionTest$SingleProject" time="0.105"/>
  <testcase name="testUniqueInstance_241641" classname="org.eclipse.cdt.internal.index.tests.IndexCPPTemplateResolutionTest$SingleProject" time="0.144"/>
  <testcase name="testUserDefinedConversionOperator_224364" classname="org.eclipse.cdt.internal.index.tests.IndexCPPTemplateResolutionTest$SingleProject" time="0.114"/>
  <testcase name="testAmbiguousBaseClassLookup_413406" classname="org.eclipse.cdt.internal.index.tests.IndexCPPTemplateResolutionTest$SingleProject" time="0.134"/>
  <testcase name="testFunctionInstanceSpecializationsParameters" classname="org.eclipse.cdt.internal.index.tests.IndexCPPTemplateResolutionTest$SingleProject" time="0.086"/>
  <testcase name="testNestedClassTypeSpecializations" classname="org.eclipse.cdt.internal.index.tests.IndexCPPTemplateResolutionTest$SingleProject" time="0.108"/>
  <testcase name="testUnindexedConstructorInstanceImplicitReference" classname="org.eclipse.cdt.internal.index.tests.IndexCPPTemplateResolutionTest$SingleProject" time="0.111"/>
  <testcase name="testUnknownBindings_264988" classname="org.eclipse.cdt.internal.index.tests.IndexCPPTemplateResolutionTest$SingleProject" time="0.106"/>
  <testcase name="testFriendFunctionOfClassSpecialization_419301a" classname="org.eclipse.cdt.internal.index.tests.IndexCPPTemplateResolutionTest$SingleProject" time="0.149"/>
  <testcase name="testFriendFunctionOfClassSpecialization_419301b" classname="org.eclipse.cdt.internal.index.tests.IndexCPPTemplateResolutionTest$SingleProject" time="0.2"/>
  <testcase name="testConstantPropagationFromHeader" classname="org.eclipse.cdt.internal.index.tests.IndexCPPTemplateResolutionTest$SingleProject" time="0.077"/>
  <testcase name="testInstanceInheritance_258745" classname="org.eclipse.cdt.internal.index.tests.IndexCPPTemplateResolutionTest$SingleProject" time="0.109"/>
  <testcase name="testDependentExpression_395875" classname="org.eclipse.cdt.internal.index.tests.IndexCPPTemplateResolutionTest$SingleProject" time="0.149"/>
  <testcase name="testUnindexedConstructorInstanceImplicitReference3" classname="org.eclipse.cdt.internal.index.tests.IndexCPPTemplateResolutionTest$SingleProject" time="0.112"/>
  <testcase name="testExplicitSpecializationOfTemplateDeclaredInHeader_401820" classname="org.eclipse.cdt.internal.index.tests.IndexCPPTemplateResolutionTest$SingleProject" time="0.071"/>
  <testcase name="testDependentEnumValue_389009" classname="org.eclipse.cdt.internal.index.tests.IndexCPPTemplateResolutionTest$SingleProject" time="0.148"/>
  <testcase name="testTrailingReturnType_460183" classname="org.eclipse.cdt.internal.index.tests.IndexCPPTemplateResolutionTest$SingleProject" time="0.077"/>
  <testcase name="testSerializationOfUnknownConstructor_490475" classname="org.eclipse.cdt.internal.index.tests.IndexCPPTemplateResolutionTest$SingleProject" time="0.113"/>
  <testcase name="testDefaultTemplateArgInHeader_264988" classname="org.eclipse.cdt.internal.index.tests.IndexCPPTemplateResolutionTest$ProjectWithDepProj" time="0.317"/>
  <testcase name="testSpecializationOfAnonymousClass_528456" classname="org.eclipse.cdt.internal.index.tests.IndexCPPTemplateResolutionTest$ProjectWithDepProj" time="0.172"/>
  <testcase name="testSpecializationRedefinition_409444" classname="org.eclipse.cdt.internal.index.tests.IndexCPPTemplateResolutionTest$ProjectWithDepProj" time="0.209"/>
  <testcase name="testInstantiationOfReturnExpression_484959" classname="org.eclipse.cdt.internal.index.tests.IndexCPPTemplateResolutionTest$ProjectWithDepProj" time="0.182"/>
  <testcase name="testMemberTemplateClass" classname="org.eclipse.cdt.internal.index.tests.IndexCPPTemplateResolutionTest$ProjectWithDepProj" time="0.218"/>
  <testcase name="testVectorIterator" classname="org.eclipse.cdt.internal.index.tests.IndexCPPTemplateResolutionTest$ProjectWithDepProj" time="0.265"/>
  <testcase name="testSfinae_a" classname="org.eclipse.cdt.internal.index.tests.IndexCPPTemplateResolutionTest$ProjectWithDepProj" time="0.283"/>
  <testcase name="testSfinae_b" classname="org.eclipse.cdt.internal.index.tests.IndexCPPTemplateResolutionTest$ProjectWithDepProj" time="0.245"/>
  <testcase name="testInstantiationOfEndl_297457" classname="org.eclipse.cdt.internal.index.tests.IndexCPPTemplateResolutionTest$ProjectWithDepProj" time="0.206"/>
  <testcase name="testInstantiationOfFunctionInstance_437675" classname="org.eclipse.cdt.internal.index.tests.IndexCPPTemplateResolutionTest$ProjectWithDepProj" time="0.195"/>
  <testcase name="testRegression_402498" classname="org.eclipse.cdt.internal.index.tests.IndexCPPTemplateResolutionTest$ProjectWithDepProj" time="0.187"/>
  <testcase name="testRegression_408314" classname="org.eclipse.cdt.internal.index.tests.IndexCPPTemplateResolutionTest$ProjectWithDepProj" time="0.215"/>
  <testcase name="testNonTypeTemplateParameter_207840" classname="org.eclipse.cdt.internal.index.tests.IndexCPPTemplateResolutionTest$ProjectWithDepProj" time="0.226"/>
  <testcase name="testClassPartialSpecializations_199572" classname="org.eclipse.cdt.internal.index.tests.IndexCPPTemplateResolutionTest$ProjectWithDepProj" time="0.174"/>
  <testcase name="testPartialSpecializationsOfClassTemplateSpecializations_332884" classname="org.eclipse.cdt.internal.index.tests.IndexCPPTemplateResolutionTest$ProjectWithDepProj" time="0.227"/>
  <testcase name="testRegression_516338" classname="org.eclipse.cdt.internal.index.tests.IndexCPPTemplateResolutionTest$ProjectWithDepProj" time="0.249"/>
  <testcase name="testIntNullPointerConstant_407808" classname="org.eclipse.cdt.internal.index.tests.IndexCPPTemplateResolutionTest$ProjectWithDepProj" time="0.238"/>
  <testcase name="testSpecializationInIndex_367563a" classname="org.eclipse.cdt.internal.index.tests.IndexCPPTemplateResolutionTest$ProjectWithDepProj" time="0.173"/>
  <testcase name="testSpecializationInIndex_367563b" classname="org.eclipse.cdt.internal.index.tests.IndexCPPTemplateResolutionTest$ProjectWithDepProj" time="0.177"/>
  <testcase name="testFunctionInstanceParameters" classname="org.eclipse.cdt.internal.index.tests.IndexCPPTemplateResolutionTest$ProjectWithDepProj" time="0.225"/>
  <testcase name="testRedeclarationWithUnnamedTemplateParameter_472199" classname="org.eclipse.cdt.internal.index.tests.IndexCPPTemplateResolutionTest$ProjectWithDepProj" time="0.223"/>
  <testcase name="testUsageOfClassTemplateOutsideOfClassBody_357320" classname="org.eclipse.cdt.internal.index.tests.IndexCPPTemplateResolutionTest$ProjectWithDepProj" time="0.216"/>
  <testcase name="testClassSpecializationMethods" classname="org.eclipse.cdt.internal.index.tests.IndexCPPTemplateResolutionTest$ProjectWithDepProj" time="0.222"/>
  <testcase name="testSpecializationOfUsingDeclaration_357293" classname="org.eclipse.cdt.internal.index.tests.IndexCPPTemplateResolutionTest$ProjectWithDepProj" time="0.49"/>
  <testcase name="testEnclosingScopes_a" classname="org.eclipse.cdt.internal.index.tests.IndexCPPTemplateResolutionTest$ProjectWithDepProj" time="0.257"/>
  <testcase name="testEnclosingScopes_b" classname="org.eclipse.cdt.internal.index.tests.IndexCPPTemplateResolutionTest$ProjectWithDepProj" time="0.192"/>
  <testcase name="testEnclosingScopes_c" classname="org.eclipse.cdt.internal.index.tests.IndexCPPTemplateResolutionTest$ProjectWithDepProj" time="0.178"/>
  <testcase name="testEnclosingScopes_d" classname="org.eclipse.cdt.internal.index.tests.IndexCPPTemplateResolutionTest$ProjectWithDepProj" time="0.18"/>
  <testcase name="testUnqualifiedFunctionCallInTemplate_402498" classname="org.eclipse.cdt.internal.index.tests.IndexCPPTemplateResolutionTest$ProjectWithDepProj" time="0.211"/>
  <testcase name="testRecursiveInheritance_466362" classname="org.eclipse.cdt.internal.index.tests.IndexCPPTemplateResolutionTest$ProjectWithDepProj" time="0.185"/>
  <testcase name="testOOM_497875" classname="org.eclipse.cdt.internal.index.tests.IndexCPPTemplateResolutionTest$ProjectWithDepProj" time="0.179"/>
  <testcase name="testNonTypeCharArgumentDisambiguation" classname="org.eclipse.cdt.internal.index.tests.IndexCPPTemplateResolutionTest$ProjectWithDepProj" time="0.278"/>
  <testcase name="testInstantiationOfValue_284683" classname="org.eclipse.cdt.internal.index.tests.IndexCPPTemplateResolutionTest$ProjectWithDepProj" time="0.212"/>
  <testcase name="testFunctionTemplate_245030" classname="org.eclipse.cdt.internal.index.tests.IndexCPPTemplateResolutionTest$ProjectWithDepProj" time="0.153"/>
  <testcase name="testMemberOfTemplateTemplateParameter_381824" classname="org.eclipse.cdt.internal.index.tests.IndexCPPTemplateResolutionTest$ProjectWithDepProj" time="0.216"/>
  <testcase name="testFunctionTemplate_319498" classname="org.eclipse.cdt.internal.index.tests.IndexCPPTemplateResolutionTest$ProjectWithDepProj" time="0.259"/>
  <testcase name="testFunctionTemplateSpecializations" classname="org.eclipse.cdt.internal.index.tests.IndexCPPTemplateResolutionTest$ProjectWithDepProj" time="0.145"/>
  <testcase name="testFunctionTemplateWithTypedef_431945" classname="org.eclipse.cdt.internal.index.tests.IndexCPPTemplateResolutionTest$ProjectWithDepProj" time="0.268"/>
  <testcase name="testDependentTemplateParameterInNestedTemplate_399454" classname="org.eclipse.cdt.internal.index.tests.IndexCPPTemplateResolutionTest$ProjectWithDepProj" time="0.143"/>
  <testcase name="testCurrentInstanceOfClassTemplatePartialSpec_368404" classname="org.eclipse.cdt.internal.index.tests.IndexCPPTemplateResolutionTest$ProjectWithDepProj" time="0.272"/>
  <testcase name="testDependentTemplateParameterInNestedTemplate_407497" classname="org.eclipse.cdt.internal.index.tests.IndexCPPTemplateResolutionTest$ProjectWithDepProj" time="0.145"/>
  <testcase name="testSpecializationOfConstexprFunction_420995" classname="org.eclipse.cdt.internal.index.tests.IndexCPPTemplateResolutionTest$ProjectWithDepProj" time="0.218"/>
  <testcase name="testRecursiveTemplateInstantiation_479138a" classname="org.eclipse.cdt.internal.index.tests.IndexCPPTemplateResolutionTest$ProjectWithDepProj" time="1.488"/>
  <testcase name="testRecursiveTemplateInstantiation_479138b" classname="org.eclipse.cdt.internal.index.tests.IndexCPPTemplateResolutionTest$ProjectWithDepProj" time="0.192"/>
  <testcase name="testRecursiveTemplateInstantiation_479138c" classname="org.eclipse.cdt.internal.index.tests.IndexCPPTemplateResolutionTest$ProjectWithDepProj" time="0.237"/>
  <testcase name="testMethodOveriddenFromTemplateInstanceBase_480892" classname="org.eclipse.cdt.internal.index.tests.IndexCPPTemplateResolutionTest$ProjectWithDepProj" time="0.172"/>
  <testcase name="testAssignmentToMemberArrayElement_514363" classname="org.eclipse.cdt.internal.index.tests.IndexCPPTemplateResolutionTest$ProjectWithDepProj" time="0.18"/>
  <testcase name="testParameterReferenceInChainInitializer_a" classname="org.eclipse.cdt.internal.index.tests.IndexCPPTemplateResolutionTest$ProjectWithDepProj" time="0.223"/>
  <testcase name="testParameterReferenceInChainInitializer_b" classname="org.eclipse.cdt.internal.index.tests.IndexCPPTemplateResolutionTest$ProjectWithDepProj" time="0.179"/>
  <testcase name="testSimpleFunctionTemplate" classname="org.eclipse.cdt.internal.index.tests.IndexCPPTemplateResolutionTest$ProjectWithDepProj" time="0.259"/>
  <testcase name="testConstexprFunction_395238_1" classname="org.eclipse.cdt.internal.index.tests.IndexCPPTemplateResolutionTest$ProjectWithDepProj" time="0.288"/>
  <testcase name="testConstexprFunction_395238_2" classname="org.eclipse.cdt.internal.index.tests.IndexCPPTemplateResolutionTest$ProjectWithDepProj" time="0.147"/>
  <testcase name="testClassSpecializations_180738" classname="org.eclipse.cdt.internal.index.tests.IndexCPPTemplateResolutionTest$ProjectWithDepProj" time="0.183"/>
  <testcase name="testClassImplicitInstantiations_188274" classname="org.eclipse.cdt.internal.index.tests.IndexCPPTemplateResolutionTest$ProjectWithDepProj" time="0.232"/>
  <testcase name="testTemplateTypedef_214447" classname="org.eclipse.cdt.internal.index.tests.IndexCPPTemplateResolutionTest$ProjectWithDepProj" time="0.221"/>
  <testcase name="testRebindPattern_214017_1" classname="org.eclipse.cdt.internal.index.tests.IndexCPPTemplateResolutionTest$ProjectWithDepProj" time="0.262"/>
  <testcase name="testRebindPattern_214017_2" classname="org.eclipse.cdt.internal.index.tests.IndexCPPTemplateResolutionTest$ProjectWithDepProj" time="0.109"/>
  <testcase name="testRebindPattern_214017_3" classname="org.eclipse.cdt.internal.index.tests.IndexCPPTemplateResolutionTest$ProjectWithDepProj" time="0.503"/>
  <testcase name="testSpecializationInIndex_491636" classname="org.eclipse.cdt.internal.index.tests.IndexCPPTemplateResolutionTest$ProjectWithDepProj" time="0.181"/>
  <testcase name="testBracedInitList_490475" classname="org.eclipse.cdt.internal.index.tests.IndexCPPTemplateResolutionTest$ProjectWithDepProj" time="0.22"/>
  <testcase name="testTemplateMetaprogramming_284686" classname="org.eclipse.cdt.internal.index.tests.IndexCPPTemplateResolutionTest$ProjectWithDepProj" time="0.216"/>
  <testcase name="testTypedefSpecialization" classname="org.eclipse.cdt.internal.index.tests.IndexCPPTemplateResolutionTest$ProjectWithDepProj" time="0.182"/>
  <testcase name="testParentScopeOfSpecialization_267013" classname="org.eclipse.cdt.internal.index.tests.IndexCPPTemplateResolutionTest$ProjectWithDepProj" time="0.277"/>
  <testcase name="testSfinaeInNewExpression_430230" classname="org.eclipse.cdt.internal.index.tests.IndexCPPTemplateResolutionTest$ProjectWithDepProj" time="0.264"/>
  <testcase name="testUnindexedConstructorInstanceImplicitReferenceToDeferred" classname="org.eclipse.cdt.internal.index.tests.IndexCPPTemplateResolutionTest$ProjectWithDepProj" time="0.197"/>
  <testcase name="testAliasTemplate" classname="org.eclipse.cdt.internal.index.tests.IndexCPPTemplateResolutionTest$ProjectWithDepProj" time="0.282"/>
  <testcase name="testBug177418" classname="org.eclipse.cdt.internal.index.tests.IndexCPPTemplateResolutionTest$ProjectWithDepProj" time="0.145"/>
  <testcase name="testClassPartialSpecializations" classname="org.eclipse.cdt.internal.index.tests.IndexCPPTemplateResolutionTest$ProjectWithDepProj" time="0.256"/>
  <testcase name="testOverloadedFunctionTemplate" classname="org.eclipse.cdt.internal.index.tests.IndexCPPTemplateResolutionTest$ProjectWithDepProj" time="0.234"/>
  <testcase name="testExplicitSpecializations_296427" classname="org.eclipse.cdt.internal.index.tests.IndexCPPTemplateResolutionTest$ProjectWithDepProj" time="0.227"/>
  <testcase name="testLambdaExpression_395884" classname="org.eclipse.cdt.internal.index.tests.IndexCPPTemplateResolutionTest$ProjectWithDepProj" time="0.219"/>
  <testcase name="testTypeOfUnknownMember_447728" classname="org.eclipse.cdt.internal.index.tests.IndexCPPTemplateResolutionTest$ProjectWithDepProj" time="0.329"/>
  <testcase name="testFriendClassSpecialization_466362" classname="org.eclipse.cdt.internal.index.tests.IndexCPPTemplateResolutionTest$ProjectWithDepProj" time="0.234"/>
  <testcase name="testInfiniteRecursionMarshallingTemplateDefinition_439923" classname="org.eclipse.cdt.internal.index.tests.IndexCPPTemplateResolutionTest$ProjectWithDepProj" time="0.292"/>
  <testcase name="testDependentEnumerator_482421a" classname="org.eclipse.cdt.internal.index.tests.IndexCPPTemplateResolutionTest$ProjectWithDepProj" time="0.316"/>
  <testcase name="testDependentEnumerator_482421b" classname="org.eclipse.cdt.internal.index.tests.IndexCPPTemplateResolutionTest$ProjectWithDepProj" time="0.336"/>
  <testcase name="testClassSpecialization_354086" classname="org.eclipse.cdt.internal.index.tests.IndexCPPTemplateResolutionTest$ProjectWithDepProj" time="0.786"/>
  <testcase name="testUnindexedMethodInstance2" classname="org.eclipse.cdt.internal.index.tests.IndexCPPTemplateResolutionTest$ProjectWithDepProj" time="0.322"/>
  <testcase name="testEnumerationWithMultipleEnumerators_434467" classname="org.eclipse.cdt.internal.index.tests.IndexCPPTemplateResolutionTest$ProjectWithDepProj" time="0.269"/>
  <testcase name="testNPE_407497" classname="org.eclipse.cdt.internal.index.tests.IndexCPPTemplateResolutionTest$ProjectWithDepProj" time="0.193"/>
  <testcase name="testClassInstanceWithNonTypeArgument_207871" classname="org.eclipse.cdt.internal.index.tests.IndexCPPTemplateResolutionTest$ProjectWithDepProj" time="0.304"/>
  <testcase name="testStackOverflow_462764" classname="org.eclipse.cdt.internal.index.tests.IndexCPPTemplateResolutionTest$ProjectWithDepProj" time="0.186"/>
  <testcase name="testInstanceInheritance" classname="org.eclipse.cdt.internal.index.tests.IndexCPPTemplateResolutionTest$ProjectWithDepProj" time="0.265"/>
  <testcase name="testTemplateParameterWithoutName_300978" classname="org.eclipse.cdt.internal.index.tests.IndexCPPTemplateResolutionTest$ProjectWithDepProj" time="0.191"/>
  <testcase name="testTemplateArgumentDeduction_507511" classname="org.eclipse.cdt.internal.index.tests.IndexCPPTemplateResolutionTest$ProjectWithDepProj" time="0.297"/>
  <testcase name="testTypedefSpecialization_213861" classname="org.eclipse.cdt.internal.index.tests.IndexCPPTemplateResolutionTest$ProjectWithDepProj" time="0.244"/>
  <testcase name="testUnindexedMethodInstance" classname="org.eclipse.cdt.internal.index.tests.IndexCPPTemplateResolutionTest$ProjectWithDepProj" time="0.142"/>
  <testcase name="testCPPConstructorTemplateSpecialization" classname="org.eclipse.cdt.internal.index.tests.IndexCPPTemplateResolutionTest$ProjectWithDepProj" time="0.247"/>
  <testcase name="testMethodSpecialization_248927" classname="org.eclipse.cdt.internal.index.tests.IndexCPPTemplateResolutionTest$ProjectWithDepProj" time="0.258"/>
  <testcase name="testUniqueSpecializations_241641" classname="org.eclipse.cdt.internal.index.tests.IndexCPPTemplateResolutionTest$ProjectWithDepProj" time="0.259"/>
  <testcase name="testRebindPattern_276610" classname="org.eclipse.cdt.internal.index.tests.IndexCPPTemplateResolutionTest$ProjectWithDepProj" time="0.193"/>
  <testcase name="testOverloadedFunctionTemplate_407579" classname="org.eclipse.cdt.internal.index.tests.IndexCPPTemplateResolutionTest$ProjectWithDepProj" time="0.254"/>
  <testcase name="testOverloadedFunctionTemplate_429624" classname="org.eclipse.cdt.internal.index.tests.IndexCPPTemplateResolutionTest$ProjectWithDepProj" time="0.187"/>
  <testcase name="testTemplateTemplateParameter" classname="org.eclipse.cdt.internal.index.tests.IndexCPPTemplateResolutionTest$ProjectWithDepProj" time="0.277"/>
  <testcase name="testInfiniteRecursion_516648" classname="org.eclipse.cdt.internal.index.tests.IndexCPPTemplateResolutionTest$ProjectWithDepProj" time="0.209"/>
  <testcase name="testUnindexedConstructorInstance" classname="org.eclipse.cdt.internal.index.tests.IndexCPPTemplateResolutionTest$ProjectWithDepProj" time="0.227"/>
  <testcase name="testNonTypeBooleanArgumentDisambiguation" classname="org.eclipse.cdt.internal.index.tests.IndexCPPTemplateResolutionTest$ProjectWithDepProj" time="0.311"/>
  <testcase name="testADLForQualifiedName_408296" classname="org.eclipse.cdt.internal.index.tests.IndexCPPTemplateResolutionTest$ProjectWithDepProj" time="0.224"/>
  <testcase name="testUniqueInstance_241641" classname="org.eclipse.cdt.internal.index.tests.IndexCPPTemplateResolutionTest$ProjectWithDepProj" time="0.151"/>
  <testcase name="testUserDefinedConversionOperator_224364" classname="org.eclipse.cdt.internal.index.tests.IndexCPPTemplateResolutionTest$ProjectWithDepProj" time="0.28"/>
  <testcase name="testAmbiguousBaseClassLookup_413406" classname="org.eclipse.cdt.internal.index.tests.IndexCPPTemplateResolutionTest$ProjectWithDepProj" time="0.194"/>
  <testcase name="testFunctionInstanceSpecializationsParameters" classname="org.eclipse.cdt.internal.index.tests.IndexCPPTemplateResolutionTest$ProjectWithDepProj" time="0.187"/>
  <testcase name="testNestedClassTypeSpecializations" classname="org.eclipse.cdt.internal.index.tests.IndexCPPTemplateResolutionTest$ProjectWithDepProj" time="0.286"/>
  <testcase name="testUnindexedConstructorInstanceImplicitReference" classname="org.eclipse.cdt.internal.index.tests.IndexCPPTemplateResolutionTest$ProjectWithDepProj" time="0.194"/>
  <testcase name="testUnknownBindings_264988" classname="org.eclipse.cdt.internal.index.tests.IndexCPPTemplateResolutionTest$ProjectWithDepProj" time="0.19"/>
  <testcase name="testFriendFunctionOfClassSpecialization_419301a" classname="org.eclipse.cdt.internal.index.tests.IndexCPPTemplateResolutionTest$ProjectWithDepProj" time="0.248"/>
  <testcase name="testFriendFunctionOfClassSpecialization_419301b" classname="org.eclipse.cdt.internal.index.tests.IndexCPPTemplateResolutionTest$ProjectWithDepProj" time="0.262"/>
  <testcase name="testConstantPropagationFromHeader" classname="org.eclipse.cdt.internal.index.tests.IndexCPPTemplateResolutionTest$ProjectWithDepProj" time="0.268"/>
  <testcase name="testInstanceInheritance_258745" classname="org.eclipse.cdt.internal.index.tests.IndexCPPTemplateResolutionTest$ProjectWithDepProj" time="0.196"/>
  <testcase name="testDependentExpression_395875" classname="org.eclipse.cdt.internal.index.tests.IndexCPPTemplateResolutionTest$ProjectWithDepProj" time="0.203"/>
  <testcase name="testUnindexedConstructorInstanceImplicitReference3" classname="org.eclipse.cdt.internal.index.tests.IndexCPPTemplateResolutionTest$ProjectWithDepProj" time="0.191"/>
  <testcase name="testExplicitSpecializationOfTemplateDeclaredInHeader_401820" classname="org.eclipse.cdt.internal.index.tests.IndexCPPTemplateResolutionTest$ProjectWithDepProj" time="0.2"/>
  <testcase name="testDependentEnumValue_389009" classname="org.eclipse.cdt.internal.index.tests.IndexCPPTemplateResolutionTest$ProjectWithDepProj" time="0.189"/>
  <testcase name="testTrailingReturnType_460183" classname="org.eclipse.cdt.internal.index.tests.IndexCPPTemplateResolutionTest$ProjectWithDepProj" time="0.283"/>
  <testcase name="testSerializationOfUnknownConstructor_490475" classname="org.eclipse.cdt.internal.index.tests.IndexCPPTemplateResolutionTest$ProjectWithDepProj" time="0.147"/>
  <testcase name="testAstIndexStructFwdDecl_Bug195227" classname="org.eclipse.cdt.internal.index.tests.IndexCBindingResolutionBugs$SingleProject" time="0.2"/>
  <testcase name="testAnonymousUnion_Bug216791" classname="org.eclipse.cdt.internal.index.tests.IndexCBindingResolutionBugs$SingleProject" time="0.074"/>
  <testcase name="testFuncWithTypedefForAnonymousStruct_190730" classname="org.eclipse.cdt.internal.index.tests.IndexCBindingResolutionBugs$SingleProject" time="0.155"/>
  <testcase name="testFuncWithTypedefForAnonymousEnum_190730" classname="org.eclipse.cdt.internal.index.tests.IndexCBindingResolutionBugs$SingleProject" time="0.119"/>
  <testcase name="testDesignatedInitializer_Bug210019" classname="org.eclipse.cdt.internal.index.tests.IndexCBindingResolutionBugs$SingleProject" time="0.079"/>
  <testcase name="testAstIndexConflictFunction_Bug195127" classname="org.eclipse.cdt.internal.index.tests.IndexCBindingResolutionBugs$SingleProject" time="0.127"/>
  <testcase name="testAstIndexConflictVariable_Bug195127" classname="org.eclipse.cdt.internal.index.tests.IndexCBindingResolutionBugs$SingleProject" time="0.113"/>
  <testcase name="testAstIndexConflictStruct_Bug195127" classname="org.eclipse.cdt.internal.index.tests.IndexCBindingResolutionBugs$SingleProject" time="0.114"/>
  <testcase name="testFunctionsWithManyParameters_Bug319186" classname="org.eclipse.cdt.internal.index.tests.IndexCBindingResolutionBugs$SingleProject" time="0.198"/>
  <testcase name="testAnonymousStruct_Bug216791" classname="org.eclipse.cdt.internal.index.tests.IndexCBindingResolutionBugs$SingleProject" time="0.116"/>
  <testcase name="testOpaqueStruct_Bug262719" classname="org.eclipse.cdt.internal.index.tests.IndexCBindingResolutionBugs$SingleProject" time="0.074"/>
  <testcase name="testBug175267" classname="org.eclipse.cdt.internal.index.tests.IndexCBindingResolutionBugs$SingleProject" time="0.113"/>
  <testcase name="testBug181735" classname="org.eclipse.cdt.internal.index.tests.IndexCBindingResolutionBugs$SingleProject" time="0.112"/>
  <testcase name="testBug394151" classname="org.eclipse.cdt.internal.index.tests.IndexCBindingResolutionBugs$SingleProject" time="0.164"/>
  <testcase name="testAstIndexConflictTypedef_Bug195127" classname="org.eclipse.cdt.internal.index.tests.IndexCBindingResolutionBugs$SingleProject" time="0.119"/>
  <testcase name="testAstIndexConflictEnumerator_Bug195127" classname="org.eclipse.cdt.internal.index.tests.IndexCBindingResolutionBugs$SingleProject" time="0.091"/>
  <testcase name="testAstIndexFwdDecl_Bug195227" classname="org.eclipse.cdt.internal.index.tests.IndexCBindingResolutionBugs$SingleProject" time="0.184"/>
  <testcase name="testIsSameAnonymousType_Bug193962" classname="org.eclipse.cdt.internal.index.tests.IndexCBindingResolutionBugs$SingleProject" time="0.111"/>
  <testcase name="testKRStyleFunction_Bug216791" classname="org.eclipse.cdt.internal.index.tests.IndexCBindingResolutionBugs$SingleProject" time="0.161"/>
  <testcase name="testAstIndexStructFwdDecl_Bug195227" classname="org.eclipse.cdt.internal.index.tests.IndexCBindingResolutionBugs$ProjectWithDepProj" time="0.169"/>
  <testcase name="testAnonymousUnion_Bug216791" classname="org.eclipse.cdt.internal.index.tests.IndexCBindingResolutionBugs$ProjectWithDepProj" time="0.232"/>
  <testcase name="testFuncWithTypedefForAnonymousStruct_190730" classname="org.eclipse.cdt.internal.index.tests.IndexCBindingResolutionBugs$ProjectWithDepProj" time="0.18"/>
  <testcase name="testFuncWithTypedefForAnonymousEnum_190730" classname="org.eclipse.cdt.internal.index.tests.IndexCBindingResolutionBugs$ProjectWithDepProj" time="0.239"/>
  <testcase name="testDesignatedInitializer_Bug210019" classname="org.eclipse.cdt.internal.index.tests.IndexCBindingResolutionBugs$ProjectWithDepProj" time="0.185"/>
  <testcase name="testAstIndexConflictFunction_Bug195127" classname="org.eclipse.cdt.internal.index.tests.IndexCBindingResolutionBugs$ProjectWithDepProj" time="0.568"/>
  <testcase name="testAstIndexConflictVariable_Bug195127" classname="org.eclipse.cdt.internal.index.tests.IndexCBindingResolutionBugs$ProjectWithDepProj" time="0.142"/>
  <testcase name="testAstIndexConflictStruct_Bug195127" classname="org.eclipse.cdt.internal.index.tests.IndexCBindingResolutionBugs$ProjectWithDepProj" time="0.162"/>
  <testcase name="testFunctionsWithManyParameters_Bug319186" classname="org.eclipse.cdt.internal.index.tests.IndexCBindingResolutionBugs$ProjectWithDepProj" time="0.304"/>
  <testcase name="testAnonymousStruct_Bug216791" classname="org.eclipse.cdt.internal.index.tests.IndexCBindingResolutionBugs$ProjectWithDepProj" time="0.143"/>
  <testcase name="testOpaqueStruct_Bug262719" classname="org.eclipse.cdt.internal.index.tests.IndexCBindingResolutionBugs$ProjectWithDepProj" time="0.194"/>
  <testcase name="testBug175267" classname="org.eclipse.cdt.internal.index.tests.IndexCBindingResolutionBugs$ProjectWithDepProj" time="0.231"/>
  <testcase name="testBug181735" classname="org.eclipse.cdt.internal.index.tests.IndexCBindingResolutionBugs$ProjectWithDepProj" time="0.236"/>
  <testcase name="testBug394151" classname="org.eclipse.cdt.internal.index.tests.IndexCBindingResolutionBugs$ProjectWithDepProj" time="0.227"/>
  <testcase name="testAstIndexConflictTypedef_Bug195127" classname="org.eclipse.cdt.internal.index.tests.IndexCBindingResolutionBugs$ProjectWithDepProj" time="0.28"/>
  <testcase name="testAstIndexConflictEnumerator_Bug195127" classname="org.eclipse.cdt.internal.index.tests.IndexCBindingResolutionBugs$ProjectWithDepProj" time="0.198"/>
  <testcase name="testAstIndexFwdDecl_Bug195227" classname="org.eclipse.cdt.internal.index.tests.IndexCBindingResolutionBugs$ProjectWithDepProj" time="0.215"/>
  <testcase name="testIsSameAnonymousType_Bug193962" classname="org.eclipse.cdt.internal.index.tests.IndexCBindingResolutionBugs$ProjectWithDepProj" time="0.231"/>
  <testcase name="testKRStyleFunction_Bug216791" classname="org.eclipse.cdt.internal.index.tests.IndexCBindingResolutionBugs$ProjectWithDepProj" time="0.239"/>
  <testcase name="testSimpleGlobalBindings" classname="org.eclipse.cdt.internal.index.tests.IndexCBindingResolutionTest$SingleProject" time="0.124"/>
  <testcase name="testPointerToFunction" classname="org.eclipse.cdt.internal.index.tests.IndexCBindingResolutionTest$SingleProject" time="0.073"/>
  <testcase name="testNameLookupFromArrayModifier_435075" classname="org.eclipse.cdt.internal.index.tests.IndexCBindingResolutionTest$SingleProject" time="0.127"/>
  <testcase name="testExpressionKindForFunctionCalls" classname="org.eclipse.cdt.internal.index.tests.IndexCBindingResolutionTest$SingleProject" time="0.173"/>
  <testcase name="testTypedefA" classname="org.eclipse.cdt.internal.index.tests.IndexCBindingResolutionTest$SingleProject" time="1.442"/>
  <testcase name="testTypedefB" classname="org.eclipse.cdt.internal.index.tests.IndexCBindingResolutionTest$SingleProject" time="0.116"/>
  <testcase name="testFieldReference" classname="org.eclipse.cdt.internal.index.tests.IndexCBindingResolutionTest$SingleProject" time="0.168"/>
  <testcase name="testAnonymousUnion_377409" classname="org.eclipse.cdt.internal.index.tests.IndexCBindingResolutionTest$SingleProject" time="0.072"/>
  <testcase name="testTypeDefinitionWithFwdDeclaration" classname="org.eclipse.cdt.internal.index.tests.IndexCBindingResolutionTest$SingleProject" time="0.118"/>
  <testcase name="testValues" classname="org.eclipse.cdt.internal.index.tests.IndexCBindingResolutionTest$SingleProject" time="0.128"/>
  <testcase name="testSimpleGlobalBindings" classname="org.eclipse.cdt.internal.index.tests.IndexCBindingResolutionTest$ProjectWithDepProj" time="0.339"/>
  <testcase name="testPointerToFunction" classname="org.eclipse.cdt.internal.index.tests.IndexCBindingResolutionTest$ProjectWithDepProj" time="0.142"/>
  <testcase name="testNameLookupFromArrayModifier_435075" classname="org.eclipse.cdt.internal.index.tests.IndexCBindingResolutionTest$ProjectWithDepProj" time="0.24"/>
  <testcase name="testExpressionKindForFunctionCalls" classname="org.eclipse.cdt.internal.index.tests.IndexCBindingResolutionTest$ProjectWithDepProj" time="0.284"/>
  <testcase name="testTypedefA" classname="org.eclipse.cdt.internal.index.tests.IndexCBindingResolutionTest$ProjectWithDepProj" time="0.295"/>
  <testcase name="testTypedefB" classname="org.eclipse.cdt.internal.index.tests.IndexCBindingResolutionTest$ProjectWithDepProj" time="0.189"/>
  <testcase name="testFieldReference" classname="org.eclipse.cdt.internal.index.tests.IndexCBindingResolutionTest$ProjectWithDepProj" time="0.229"/>
  <testcase name="testAnonymousUnion_377409" classname="org.eclipse.cdt.internal.index.tests.IndexCBindingResolutionTest$ProjectWithDepProj" time="0.241"/>
  <testcase name="testTypeDefinitionWithFwdDeclaration" classname="org.eclipse.cdt.internal.index.tests.IndexCBindingResolutionTest$ProjectWithDepProj" time="0.147"/>
  <testcase name="testValues" classname="org.eclipse.cdt.internal.index.tests.IndexCBindingResolutionTest$ProjectWithDepProj" time="0.307"/>
  <testcase name="testFieldSpecializationInRef" classname="org.eclipse.cdt.internal.index.tests.IndexCPPVariableTemplateResolutionTest$SingleProject" time="0.173"/>
  <testcase name="testStorageOfUninstantiatedValue_bug486671" classname="org.eclipse.cdt.internal.index.tests.IndexCPPVariableTemplateResolutionTest$SingleProject" time="0.075"/>
  <testcase name="testVariableTemplatePartialSpecialization2" classname="org.eclipse.cdt.internal.index.tests.IndexCPPVariableTemplateResolutionTest$SingleProject" time="0.168"/>
  <testcase name="testFieldTemplateReference" classname="org.eclipse.cdt.internal.index.tests.IndexCPPVariableTemplateResolutionTest$SingleProject" time="0.231"/>
  <testcase name="testExplicitVariableInstance" classname="org.eclipse.cdt.internal.index.tests.IndexCPPVariableTemplateResolutionTest$SingleProject" time="0.101"/>
  <testcase name="testVariableSpecialization" classname="org.eclipse.cdt.internal.index.tests.IndexCPPVariableTemplateResolutionTest$SingleProject" time="0.181"/>
  <testcase name="testFieldSpecialization" classname="org.eclipse.cdt.internal.index.tests.IndexCPPVariableTemplateResolutionTest$SingleProject" time="0.096"/>
  <testcase name="testExplicitFieldInstance" classname="org.eclipse.cdt.internal.index.tests.IndexCPPVariableTemplateResolutionTest$SingleProject" time="3.503"/>
  <testcase name="testFieldTemplatePartialSpecialization" classname="org.eclipse.cdt.internal.index.tests.IndexCPPVariableTemplateResolutionTest$SingleProject" time="0.109"/>
  <testcase name="testVariableTemplateReference" classname="org.eclipse.cdt.internal.index.tests.IndexCPPVariableTemplateResolutionTest$SingleProject" time="0.12"/>
  <testcase name="testVariableTemplatePartialSpecialization" classname="org.eclipse.cdt.internal.index.tests.IndexCPPVariableTemplateResolutionTest$SingleProject" time="0.124"/>
  <testcase name="testFieldSpecializationInRef" classname="org.eclipse.cdt.internal.index.tests.IndexCPPVariableTemplateResolutionTest$ProjectWithDepProj" time="0.281"/>
  <testcase name="testStorageOfUninstantiatedValue_bug486671" classname="org.eclipse.cdt.internal.index.tests.IndexCPPVariableTemplateResolutionTest$ProjectWithDepProj" time="0.352"/>
  <testcase name="testVariableTemplatePartialSpecialization2" classname="org.eclipse.cdt.internal.index.tests.IndexCPPVariableTemplateResolutionTest$ProjectWithDepProj" time="0.531"/>
  <testcase name="testFieldTemplateReference" classname="org.eclipse.cdt.internal.index.tests.IndexCPPVariableTemplateResolutionTest$ProjectWithDepProj" time="0.159"/>
  <testcase name="testExplicitVariableInstance" classname="org.eclipse.cdt.internal.index.tests.IndexCPPVariableTemplateResolutionTest$ProjectWithDepProj" time="0.312"/>
  <testcase name="testVariableSpecialization" classname="org.eclipse.cdt.internal.index.tests.IndexCPPVariableTemplateResolutionTest$ProjectWithDepProj" time="0.248"/>
  <testcase name="testFieldSpecialization" classname="org.eclipse.cdt.internal.index.tests.IndexCPPVariableTemplateResolutionTest$ProjectWithDepProj" time="0.203"/>
  <testcase name="testExplicitFieldInstance" classname="org.eclipse.cdt.internal.index.tests.IndexCPPVariableTemplateResolutionTest$ProjectWithDepProj" time="0.24"/>
  <testcase name="testFieldTemplatePartialSpecialization" classname="org.eclipse.cdt.internal.index.tests.IndexCPPVariableTemplateResolutionTest$ProjectWithDepProj" time="0.209"/>
  <testcase name="testVariableTemplateReference" classname="org.eclipse.cdt.internal.index.tests.IndexCPPVariableTemplateResolutionTest$ProjectWithDepProj" time="0.318"/>
  <testcase name="testVariableTemplatePartialSpecialization" classname="org.eclipse.cdt.internal.index.tests.IndexCPPVariableTemplateResolutionTest$ProjectWithDepProj" time="0.206"/>
  <testcase name="testSetResourcesToExclusionsMapRefresh" classname="org.eclipse.cdt.core.resources.tests.RefreshScopeTests" time="1.257"/>
  <testcase name="testAddEmptyConfiguration" classname="org.eclipse.cdt.core.resources.tests.RefreshScopeTests" time="0.116"/>
  <testcase name="testNullProjectDescription_bug387428" classname="org.eclipse.cdt.core.resources.tests.RefreshScopeTests" time="0.111"/>
  <testcase name="testEmptyRefreshScopeCloseAndReopen" classname="org.eclipse.cdt.core.resources.tests.RefreshScopeTests" time="0.125"/>
  <testcase name="testResourceExclusion" classname="org.eclipse.cdt.core.resources.tests.RefreshScopeTests" time="0.136"/>
  <testcase name="testPersistAndLoad" classname="org.eclipse.cdt.core.resources.tests.RefreshScopeTests" time="0.118"/>
  <testcase name="testDefaults" classname="org.eclipse.cdt.core.resources.tests.RefreshScopeTests" time="0.112"/>
  <testcase name="testAddRemoveExclusion" classname="org.eclipse.cdt.core.resources.tests.RefreshScopeTests" time="0.061"/>
  <testcase name="testAddDeleteResource" classname="org.eclipse.cdt.core.resources.tests.RefreshScopeTests" time="0.11"/>
</testsuite>