<?xml version="1.0" encoding="UTF-8"?>
<testsuite name="org.eclipse.cdt.ui.tests.AutomatedSuite" time="717.891" tests="1735" errors="0" skipped="0" failures="0">
  <properties>
    <property name="java.vendor" value="Oracle Corporation"/>
    <property name="osgi.bundles.defaultStartLevel" value="4"/>
    <property name="sun.java.launcher" value="SUN_STANDARD"/>
    <property name="org.osgi.supports.framework.extension" value="true"/>
    <property name="sun.management.compiler" value="HotSpot Tiered Compilers"/>
    <property name="os.name" value="Linux"/>
    <property name="sun.boot.class.path" value="/usr/lib/jvm/java-8-openjdk-i386/jre/lib/resources.jar:/usr/lib/jvm/java-8-openjdk-i386/jre/lib/rt.jar:/usr/lib/jvm/java-8-openjdk-i386/jre/lib/sunrsasign.jar:/usr/lib/jvm/java-8-openjdk-i386/jre/lib/jsse.jar:/usr/lib/jvm/java-8-openjdk-i386/jre/lib/jce.jar:/usr/lib/jvm/java-8-openjdk-i386/jre/lib/charsets.jar:/usr/lib/jvm/java-8-openjdk-i386/jre/lib/jfr.jar:/usr/lib/jvm/java-8-openjdk-i386/jre/classes"/>
    <property name="osgi.ws" value="gtk"/>
    <property name="sun.desktop" value="gnome"/>
    <property name="java.vm.specification.vendor" value="Oracle Corporation"/>
    <property name="java.runtime.version" value="1.8.0_45-internal-b14"/>
    <property name="osgi.instance.area" value="file:/home/mengjingshi/Documents/workspace/org.eclipse.cdt/core/org.eclipse.cdt.ui.tests/target/work/data/"/>
    <property name="org.osgi.framework.uuid" value="10941820-e7b2-0016-18f4-eb72e40a7178"/>
    <property name="osgi.noShutdown" value="false"/>
    <property name="user.name" value="mengjingshi"/>
    <property name="org.osgi.framework.system.packages" value="javax.accessibility,javax.activation,javax.activity,javax.annotation,javax.annotation.processing,javax.crypto,javax.crypto.interfaces,javax.crypto.spec,javax.imageio,javax.imageio.event,javax.imageio.metadata,javax.imageio.plugins.bmp,javax.imageio.plugins.jpeg,javax.imageio.spi,javax.imageio.stream,javax.jws,javax.jws.soap,javax.lang.model,javax.lang.model.element,javax.lang.model.type,javax.lang.model.util,javax.management,javax.management.loading,javax.management.modelmbean,javax.management.monitor,javax.management.openmbean,javax.management.relation,javax.management.remote,javax.management.remote.rmi,javax.management.timer,javax.naming,javax.naming.directory,javax.naming.event,javax.naming.ldap,javax.naming.spi,javax.net,javax.net.ssl,javax.print,javax.print.attribute,javax.print.attribute.standard,javax.print.event,javax.rmi,javax.rmi.CORBA,javax.rmi.ssl,javax.script,javax.security.auth,javax.security.auth.callback,javax.security.auth.kerberos,javax.security.auth.login,javax.security.auth.spi,javax.security.auth.x500,javax.security.cert,javax.security.sasl,javax.sound.midi,javax.sound.midi.spi,javax.sound.sampled,javax.sound.sampled.spi,javax.sql,javax.sql.rowset,javax.sql.rowset.serial,javax.sql.rowset.spi,javax.swing,javax.swing.border,javax.swing.colorchooser,javax.swing.event,javax.swing.filechooser,javax.swing.plaf,javax.swing.plaf.basic,javax.swing.plaf.metal,javax.swing.plaf.multi,javax.swing.plaf.nimbus,javax.swing.plaf.synth,javax.swing.table,javax.swing.text,javax.swing.text.html,javax.swing.text.html.parser,javax.swing.text.rtf,javax.swing.tree,javax.swing.undo,javax.tools,javax.transaction,javax.transaction.xa,javax.xml,javax.xml.bind,javax.xml.bind.annotation,javax.xml.bind.annotation.adapters,javax.xml.bind.attachment,javax.xml.bind.helpers,javax.xml.bind.util,javax.xml.crypto,javax.xml.crypto.dom,javax.xml.crypto.dsig,javax.xml.crypto.dsig.dom,javax.xml.crypto.dsig.keyinfo,javax.xml.crypto.dsig.spec,javax.xml.datatype,javax.xml.namespace,javax.xml.parsers,javax.xml.soap,javax.xml.stream,javax.xml.stream.events,javax.xml.stream.util,javax.xml.transform,javax.xml.transform.dom,javax.xml.transform.sax,javax.xml.transform.stax,javax.xml.transform.stream,javax.xml.validation,javax.xml.ws,javax.xml.ws.handler,javax.xml.ws.handler.soap,javax.xml.ws.http,javax.xml.ws.soap,javax.xml.ws.spi,javax.xml.ws.spi.http,javax.xml.ws.wsaddressing,javax.xml.xpath,org.ietf.jgss,org.omg.CORBA,org.omg.CORBA_2_3,org.omg.CORBA_2_3.portable,org.omg.CORBA.DynAnyPackage,org.omg.CORBA.ORBPackage,org.omg.CORBA.portable,org.omg.CORBA.TypeCodePackage,org.omg.CosNaming,org.omg.CosNaming.NamingContextExtPackage,org.omg.CosNaming.NamingContextPackage,org.omg.Dynamic,org.omg.DynamicAny,org.omg.DynamicAny.DynAnyFactoryPackage,org.omg.DynamicAny.DynAnyPackage,org.omg.IOP,org.omg.IOP.CodecFactoryPackage,org.omg.IOP.CodecPackage,org.omg.Messaging,org.omg.PortableInterceptor,org.omg.PortableInterceptor.ORBInitInfoPackage,org.omg.PortableServer,org.omg.PortableServer.CurrentPackage,org.omg.PortableServer.POAManagerPackage,org.omg.PortableServer.POAPackage,org.omg.PortableServer.portable,org.omg.PortableServer.ServantLocatorPackage,org.omg.SendingContext,org.omg.stub.java.rmi,org.w3c.dom,org.w3c.dom.bootstrap,org.w3c.dom.css,org.w3c.dom.events,org.w3c.dom.html,org.w3c.dom.ls,org.w3c.dom.ranges,org.w3c.dom.stylesheets,org.w3c.dom.traversal,org.w3c.dom.views,org.w3c.dom.xpath,org.xml.sax,org.xml.sax.ext,org.xml.sax.helpers"/>
    <property name="org.eclipse.swt.internal.deviceZoom" value="100"/>
    <property name="equinox.use.ds" value="true"/>
    <property name="org.osgi.framework.language" value="zh"/>
    <property name="user.language" value="zh"/>
    <property name="org.osgi.framework.processor" value="x86"/>
    <property name="osgi.syspath" value="/home/mengjingshi/.m2/repository/p2/osgi/bundle/org.eclipse.osgi/3.11.1.v20160708-1632"/>
    <property name="osgi.compatibility.bootdelegation.default" value="true"/>
    <property name="sun.boot.library.path" value="/usr/lib/jvm/java-8-openjdk-i386/jre/lib/i386"/>
    <property name="org.osgi.framework.system.capabilities" value="osgi.ee; osgi.ee=&quot;OSGi/Minimum&quot;; version:List&lt;Version&gt;=&quot;1.0, 1.1, 1.2&quot;,osgi.ee; osgi.ee=&quot;JRE&quot;; version:List&lt;Version&gt;=&quot;1.0, 1.1&quot;,osgi.ee; osgi.ee=&quot;JavaSE&quot;; version:List&lt;Version&gt;=&quot;1.0, 1.1, 1.2, 1.3, 1.4, 1.5, 1.6, 1.7, 1.8&quot;,osgi.ee; osgi.ee=&quot;JavaSE/compact1&quot;; version:List&lt;Version&gt;=&quot;1.8&quot;,osgi.ee; osgi.ee=&quot;JavaSE/compact2&quot;; version:List&lt;Version&gt;=&quot;1.8&quot;,osgi.ee; osgi.ee=&quot;JavaSE/compact3&quot;; version:List&lt;Version&gt;=&quot;1.8&quot;"/>
    <property name="osgi.compatibility.bootdelegation" value="true"/>
    <property name="java.version" value="1.8.0_45-internal"/>
    <property name="org.osgi.framework.os.name" value="Linux"/>
    <property name="user.timezone" value="Asia/Shanghai"/>
    <property name="sun.arch.data.model" value="32"/>
    <property name="osgi.bundles" value="reference:file:/home/mengjingshi/.m2/repository/p2/osgi/bundle/com.jcraft.jsch/0.1.53.v201508180515/com.jcraft.jsch-0.1.53.v201508180515.jar,reference:file:/home/mengjingshi/.m2/repository/p2/osgi/bundle/com.sun.el/2.2.0.v201303151357/com.sun.el-2.2.0.v201303151357.jar,reference:file:/home/mengjingshi/.m2/repository/p2/osgi/bundle/javax.el/2.2.0.v201303151357/javax.el-2.2.0.v201303151357.jar,reference:file:/home/mengjingshi/.m2/repository/p2/osgi/bundle/javax.servlet/3.1.0.v201410161800/javax.servlet-3.1.0.v201410161800.jar,reference:file:/home/mengjingshi/.m2/repository/p2/osgi/bundle/javax.annotation/1.2.0.v201602091430/javax.annotation-1.2.0.v201602091430.jar,reference:file:/home/mengjingshi/.m2/repository/p2/osgi/bundle/javax.servlet.jsp/2.2.0.v201112011158/javax.servlet.jsp-2.2.0.v201112011158.jar,reference:file:/home/mengjingshi/.m2/repository/p2/osgi/bundle/javax.xml/1.3.4.v201005080400/javax.xml-1.3.4.v201005080400.jar,reference:file:/home/mengjingshi/.m2/repository/p2/osgi/bundle/org.apache.batik.css/1.7.0.v201011041433/org.apache.batik.css-1.7.0.v201011041433.jar,reference:file:/home/mengjingshi/.m2/repository/p2/osgi/bundle/org.apache.batik.util/1.7.0.v201011041433/org.apache.batik.util-1.7.0.v201011041433.jar,reference:file:/home/mengjingshi/.m2/repository/p2/osgi/bundle/org.w3c.dom.events/3.0.0.draft20060413_v201105210656/org.w3c.dom.events-3.0.0.draft20060413_v201105210656.jar,reference:file:/home/mengjingshi/.m2/repository/p2/osgi/bundle/org.w3c.css.sac/1.3.1.v200903091627/org.w3c.css.sac-1.3.1.v200903091627.jar,reference:file:/home/mengjingshi/.m2/repository/p2/osgi/bundle/org.w3c.dom.svg/1.1.0.v201011041433/org.w3c.dom.svg-1.1.0.v201011041433.jar,reference:file:/home/mengjingshi/.m2/repository/p2/osgi/bundle/org.apache.batik.util.gui/1.7.0.v200903091627/org.apache.batik.util.gui-1.7.0.v200903091627.jar,reference:file:/home/mengjingshi/.m2/repository/p2/osgi/bundle/org.apache.felix.gogo.command/0.10.0.v201209301215/org.apache.felix.gogo.command-0.10.0.v201209301215.jar,reference:file:/home/mengjingshi/.m2/repository/p2/osgi/bundle/org.apache.felix.gogo.runtime/0.10.0.v201209301036/org.apache.felix.gogo.runtime-0.10.0.v201209301036.jar,reference:file:/home/mengjingshi/.m2/repository/p2/osgi/bundle/org.eclipse.osgi.services/3.5.100.v20160504-1419/org.eclipse.osgi.services-3.5.100.v20160504-1419.jar,reference:file:/home/mengjingshi/.m2/repository/p2/osgi/bundle/org.apache.felix.gogo.shell/0.10.0.v201212101605/org.apache.felix.gogo.shell-0.10.0.v201212101605.jar,reference:file:/home/mengjingshi/.m2/repository/p2/osgi/bundle/org.apache.httpcomponents.httpclient/4.3.6.v201511171540/org.apache.httpcomponents.httpclient-4.3.6.v201511171540.jar,reference:file:/home/mengjingshi/.m2/repository/p2/osgi/bundle/org.apache.commons.codec/1.6.0.v201305230611/org.apache.commons.codec-1.6.0.v201305230611.jar,reference:file:/home/mengjingshi/.m2/repository/p2/osgi/bundle/org.apache.commons.logging/1.1.1.v201101211721/org.apache.commons.logging-1.1.1.v201101211721.jar,reference:file:/home/mengjingshi/.m2/repository/p2/osgi/bundle/org.apache.httpcomponents.httpcore/4.3.3.v201411290715/org.apache.httpcomponents.httpcore-4.3.3.v201411290715.jar,reference:file:/home/mengjingshi/.m2/repository/p2/osgi/bundle/org.apache.jasper.glassfish/2.2.2.v201501141630/org.apache.jasper.glassfish-2.2.2.v201501141630.jar,reference:file:/home/mengjingshi/.m2/repository/p2/osgi/bundle/org.apache.lucene.analysis/3.5.0.v20120725-1805/org.apache.lucene.analysis-3.5.0.v20120725-1805.jar,reference:file:/home/mengjingshi/.m2/repository/p2/osgi/bundle/org.apache.lucene.core/3.5.0.v20120725-1805/org.apache.lucene.core-3.5.0.v20120725-1805.jar,reference:file:/home/mengjingshi/.m2/repository/p2/osgi/bundle/org.eclipse.ant.core/3.4.100.v20160505-0642/org.eclipse.ant.core-3.4.100.v20160505-0642.jar,reference:file:/home/mengjingshi/.m2/repository/p2/osgi/bundle/org.eclipse.core.variables/3.3.0.v20160419-1720/org.eclipse.core.variables-3.3.0.v20160419-1720.jar,reference:file:/home/mengjingshi/.m2/repository/p2/osgi/bundle/org.eclipse.core.runtime/3.12.0.v20160606-1342/org.eclipse.core.runtime-3.12.0.v20160606-1342.jar@4:start,reference:file:/home/mengjingshi/Documents/workspace/org.eclipse.cdt/releng/org.eclipse.cdt/target/org.eclipse.cdt-9.3.0-SNAPSHOT.jar,reference:file:/home/mengjingshi/.m2/repository/p2/osgi/bundle/org.eclipse.ui.intro/3.5.1.v20160829-1558/org.eclipse.ui.intro-3.5.1.v20160829-1558.jar,reference:file:/home/mengjingshi/.m2/repository/p2/osgi/bundle/org.eclipse.ui.cheatsheets/3.5.0.v20160504-0839/org.eclipse.ui.cheatsheets-3.5.0.v20160504-0839.jar,reference:file:/home/mengjingshi/Documents/workspace/org.eclipse.cdt/build/org.eclipse.cdt.build.gcc.core/target/org.eclipse.cdt.build.gcc.core-1.0.0-SNAPSHOT.jar,reference:file:/home/mengjingshi/.m2/repository/p2/osgi/bundle/org.eclipse.core.resources/3.11.0.v20160503-1608/org.eclipse.core.resources-3.11.0.v20160503-1608.jar,reference:file:/home/mengjingshi/Documents/workspace/org.eclipse.cdt/core/org.eclipse.cdt.core/target/org.eclipse.cdt.core-6.2.0-SNAPSHOT.jar,reference:file:/home/mengjingshi/Documents/workspace/org.eclipse.cdt/codan/org.eclipse.cdt.codan.checkers/target/org.eclipse.cdt.codan.checkers-3.2.0-SNAPSHOT.jar,reference:file:/home/mengjingshi/Documents/workspace/org.eclipse.cdt/codan/org.eclipse.cdt.codan.core/target/org.eclipse.cdt.codan.core-4.0.0-SNAPSHOT.jar,reference:file:/home/mengjingshi/Documents/workspace/org.eclipse.cdt/codan/org.eclipse.cdt.codan.core.cxx/target/org.eclipse.cdt.codan.core.cxx-3.4.0-SNAPSHOT.jar,reference:file:/home/mengjingshi/Documents/workspace/org.eclipse.cdt/codan/org.eclipse.cdt.codan.checkers.ui/target/org.eclipse.cdt.codan.checkers.ui-3.2.0-SNAPSHOT.jar,reference:file:/home/mengjingshi/Documents/workspace/org.eclipse.cdt/codan/org.eclipse.cdt.codan.ui.cxx/target/org.eclipse.cdt.codan.ui.cxx-3.3.0-SNAPSHOT.jar,reference:file:/home/mengjingshi/Documents/workspace/org.eclipse.cdt/core/org.eclipse.cdt.ui/target/org.eclipse.cdt.ui-6.1.0-SNAPSHOT.jar,reference:file:/home/mengjingshi/.m2/repository/p2/osgi/bundle/org.eclipse.jface.text/3.11.1.v20160819-1517/org.eclipse.jface.text-3.11.1.v20160819-1517.jar,reference:file:/home/mengjingshi/.m2/repository/p2/osgi/bundle/org.eclipse.ltk.core.refactoring/3.7.0.v20160419-0705/org.eclipse.ltk.core.refactoring-3.7.0.v20160419-0705.jar,reference:file:/home/mengjingshi/.m2/repository/p2/osgi/bundle/org.eclipse.ui/3.108.0.v20160518-1929/org.eclipse.ui-3.108.0.v20160518-1929.jar,reference:file:/home/mengjingshi/.m2/repository/p2/osgi/bundle/org.eclipse.ui.ide/3.12.1.v20160823-0925/org.eclipse.ui.ide-3.12.1.v20160823-0925.jar,reference:file:/home/mengjingshi/.m2/repository/p2/osgi/bundle/org.eclipse.core.filesystem/1.6.0.v20160503-1608/org.eclipse.core.filesystem-1.6.0.v20160503-1608.jar,reference:file:/home/mengjingshi/Documents/workspace/org.eclipse.cdt/codan/org.eclipse.cdt.codan.ui/target/org.eclipse.cdt.codan.ui-3.2.0-SNAPSHOT.jar,reference:file:/home/mengjingshi/.m2/repository/p2/osgi/bundle/org.eclipse.ui.console/3.6.200.v20160518-1858/org.eclipse.ui.console-3.6.200.v20160518-1858.jar,reference:file:/home/mengjingshi/.m2/repository/p2/osgi/bundle/org.eclipse.ui.editors/3.10.0.v20160505-0931/org.eclipse.ui.editors-3.10.0.v20160505-0931.jar,reference:file:/home/mengjingshi/.m2/repository/p2/osgi/bundle/org.eclipse.ui.workbench.texteditor/3.10.1.v20160818-1626/org.eclipse.ui.workbench.texteditor-3.10.1.v20160818-1626.jar,reference:file:/home/mengjingshi/Documents/workspace/org.eclipse.cdt/core/org.eclipse.cdt.core.native/target/org.eclipse.cdt.core.native-5.10.0-SNAPSHOT.jar,reference:file:/home/mengjingshi/.m2/repository/p2/osgi/bundle/org.eclipse.core.contenttype/3.5.100.v20160418-1621/org.eclipse.core.contenttype-3.5.100.v20160418-1621.jar,reference:file:/home/mengjingshi/.m2/repository/p2/osgi/bundle/org.eclipse.core.expressions/3.5.100.v20160418-1621/org.eclipse.core.expressions-3.5.100.v20160418-1621.jar,reference:file:/home/mengjingshi/.m2/repository/p2/osgi/bundle/org.eclipse.core.filebuffers/3.6.0.v20160503-1849/org.eclipse.core.filebuffers-3.6.0.v20160503-1849.jar,reference:file:/home/mengjingshi/.m2/repository/p2/osgi/bundle/org.eclipse.text/3.6.0.v20160503-1849/org.eclipse.text-3.6.0.v20160503-1849.jar,reference:file:/home/mengjingshi/.m2/repository/p2/osgi/bundle/com.ibm.icu/56.1.0.v201601250100/com.ibm.icu-56.1.0.v201601250100.jar,reference:file:/home/mengjingshi/.m2/repository/p2/osgi/bundle/com.google.gson/2.2.4.v201311231704/com.google.gson-2.2.4.v201311231704.jar,reference:file:/home/mengjingshi/Documents/workspace/org.eclipse.cdt/core/org.eclipse.cdt.core.linux/target/org.eclipse.cdt.core.linux-5.3.0-SNAPSHOT.jar,reference:file:/home/mengjingshi/Documents/workspace/org.eclipse.cdt/core/org.eclipse.cdt.core.linux.x86/target/org.eclipse.cdt.core.linux.x86-5.3.0-SNAPSHOT.jar,reference:file:/home/mengjingshi/Documents/workspace/org.eclipse.cdt/core/org.eclipse.cdt.core.tests/target/org.eclipse.cdt.core.tests-5.4.0-SNAPSHOT.jar,reference:file:/home/mengjingshi/.m2/repository/p2/osgi/bundle/org.junit/4.12.0.v201504281640/org.junit-4.12.0.v201504281640.jar,reference:file:/home/mengjingshi/Documents/workspace/org.eclipse.cdt/debug/org.eclipse.cdt.debug.core/target/org.eclipse.cdt.debug.core-8.1.0-SNAPSHOT.jar,reference:file:/home/mengjingshi/.m2/repository/p2/osgi/bundle/org.eclipse.debug.core/3.10.100.v20160419-1720/org.eclipse.debug.core-3.10.100.v20160419-1720.jar,reference:file:/home/mengjingshi/.m2/repository/p2/osgi/bundle/org.eclipse.launchbar.core/2.1.0.201611242101/org.eclipse.launchbar.core-2.1.0.201611242101.jar,reference:file:/home/mengjingshi/Documents/workspace/org.eclipse.cdt/debug/org.eclipse.cdt.debug.ui/target/org.eclipse.cdt.debug.ui-8.1.0-SNAPSHOT.jar,reference:file:/home/mengjingshi/.m2/repository/p2/osgi/bundle/org.eclipse.debug.ui/3.11.201.v20160825-1412/org.eclipse.debug.ui-3.11.201.v20160825-1412.jar,reference:file:/home/mengjingshi/.m2/repository/p2/osgi/bundle/org.eclipse.ui.views/3.8.101.v20160816-1954/org.eclipse.ui.views-3.8.101.v20160816-1954.jar,reference:file:/home/mengjingshi/.m2/repository/p2/osgi/bundle/org.eclipse.launchbar.ui/2.1.0.201611242101/org.eclipse.launchbar.ui-2.1.0.201611242101.jar,reference:file:/home/mengjingshi/Documents/workspace/org.eclipse.cdt/doc/org.eclipse.cdt.doc.user/target/org.eclipse.cdt.doc.user-5.4.0-SNAPSHOT.jar,reference:file:/home/mengjingshi/.m2/repository/p2/osgi/bundle/org.eclipse.help/3.7.0.v20160602-1307/org.eclipse.help-3.7.0.v20160602-1307.jar,reference:file:/home/mengjingshi/.m2/repository/p2/osgi/bundle/org.eclipse.ui.intro.universal/3.3.1.v20160829-1558/org.eclipse.ui.intro.universal-3.3.1.v20160829-1558.jar,reference:file:/home/mengjingshi/Documents/workspace/org.eclipse.cdt/dsf/org.eclipse.cdt.dsf/target/org.eclipse.cdt.dsf-2.8.0-SNAPSHOT.jar,reference:file:/home/mengjingshi/Documents/workspace/org.eclipse.cdt/dsf-gdb/org.eclipse.cdt.dsf.gdb/target/org.eclipse.cdt.dsf.gdb-5.2.0-SNAPSHOT.jar,reference:file:/home/mengjingshi/Documents/workspace/org.eclipse.cdt/launch/org.eclipse.cdt.launch/target/org.eclipse.cdt.launch-9.1.0-SNAPSHOT.jar,reference:file:/home/mengjingshi/Documents/workspace/org.eclipse.cdt/debug/org.eclipse.cdt.gdb/target/org.eclipse.cdt.gdb-7.0.0-SNAPSHOT.jar,reference:file:/home/mengjingshi/Documents/workspace/org.eclipse.cdt/dsf-gdb/org.eclipse.cdt.dsf.gdb.ui/target/org.eclipse.cdt.dsf.gdb.ui-2.6.0-SNAPSHOT.jar,reference:file:/home/mengjingshi/Documents/workspace/org.eclipse.cdt/dsf/org.eclipse.cdt.dsf.ui/target/org.eclipse.cdt.dsf.ui-2.5.0-SNAPSHOT.jar,reference:file:/home/mengjingshi/.m2/repository/p2/osgi/bundle/org.eclipse.tm.terminal.control/4.2.0.201609191434/org.eclipse.tm.terminal.control-4.2.0.201609191434.jar,reference:file:/home/mengjingshi/Documents/workspace/org.eclipse.cdt/debug/org.eclipse.cdt.gdb.ui/target/org.eclipse.cdt.gdb.ui-7.0.0-SNAPSHOT.jar,reference:file:/home/mengjingshi/Documents/workspace/org.eclipse.cdt/build/org.eclipse.cdt.managedbuilder.gnu.ui/target/org.eclipse.cdt.managedbuilder.gnu.ui-8.3.0-SNAPSHOT.jar,reference:file:/home/mengjingshi/Documents/workspace/org.eclipse.cdt/build/org.eclipse.cdt.make.core/target/org.eclipse.cdt.make.core-7.3.0-SNAPSHOT.jar,reference:file:/home/mengjingshi/Documents/workspace/org.eclipse.cdt/build/org.eclipse.cdt.make.ui/target/org.eclipse.cdt.make.ui-7.3.0-SNAPSHOT.jar,reference:file:/home/mengjingshi/.m2/repository/p2/osgi/bundle/org.eclipse.compare/3.6.0.v20160418-1534/org.eclipse.compare-3.6.0.v20160418-1534.jar,reference:file:/home/mengjingshi/Documents/workspace/org.eclipse.cdt/build/org.eclipse.cdt.managedbuilder.core/target/org.eclipse.cdt.managedbuilder.core-8.4.0-SNAPSHOT.jar,reference:file:/home/mengjingshi/Documents/workspace/org.eclipse.cdt/build/org.eclipse.cdt.managedbuilder.ui/target/org.eclipse.cdt.managedbuilder.ui-9.0.0-SNAPSHOT.jar,reference:file:/home/mengjingshi/Documents/workspace/org.eclipse.cdt/native/org.eclipse.cdt.native.serial/target/org.eclipse.cdt.native.serial-1.0.0-SNAPSHOT.jar,reference:file:/home/mengjingshi/.m2/repository/p2/osgi/bundle/org.eclipse.ltk.ui.refactoring/3.8.0.v20160518-1817/org.eclipse.ltk.ui.refactoring-3.8.0.v20160518-1817.jar,reference:file:/home/mengjingshi/.m2/repository/p2/osgi/bundle/org.eclipse.search/3.11.0.v20160519-1501/org.eclipse.search-3.11.0.v20160519-1501.jar,reference:file:/home/mengjingshi/.m2/repository/p2/osgi/bundle/org.eclipse.ui.forms/3.7.0.v20160518-1929/org.eclipse.ui.forms-3.7.0.v20160518-1929.jar,reference:file:/home/mengjingshi/.m2/repository/p2/osgi/bundle/org.eclipse.ui.navigator/3.6.100.v20160518-1929/org.eclipse.ui.navigator-3.6.100.v20160518-1929.jar,reference:file:/home/mengjingshi/.m2/repository/p2/osgi/bundle/org.eclipse.ui.navigator.resources/3.5.100.v20160518-1929/org.eclipse.ui.navigator.resources-3.5.100.v20160518-1929.jar,reference:file:/home/mengjingshi/.m2/repository/p2/osgi/bundle/org.eclipse.e4.ui.css.swt.theme/0.10.100.v20160523-0836/org.eclipse.e4.ui.css.swt.theme-0.10.100.v20160523-0836.jar,reference:file:/home/mengjingshi/.m2/repository/p2/osgi/bundle/org.eclipse.tools.templates.ui/1.1.0.201611032032/org.eclipse.tools.templates.ui-1.1.0.201611032032.jar,reference:file:/home/mengjingshi/Documents/workspace/org.eclipse.cdt/core/org.eclipse.cdt.ui.tests,reference:file:/home/mengjingshi/.m2/repository/p2/osgi/bundle/org.eclipse.swt/3.105.1.v20160907-0248/org.eclipse.swt-3.105.1.v20160907-0248.jar,reference:file:/home/mengjingshi/.m2/repository/p2/osgi/bundle/org.eclipse.compare.core/3.6.0.v20160418-1534/org.eclipse.compare.core-3.6.0.v20160418-1534.jar,reference:file:/home/mengjingshi/.m2/repository/p2/osgi/bundle/org.eclipse.core.commands/3.8.0.v20160316-1921/org.eclipse.core.commands-3.8.0.v20160316-1921.jar,reference:file:/home/mengjingshi/.m2/repository/p2/osgi/bundle/org.eclipse.equinox.common/3.8.0.v20160509-1230/org.eclipse.equinox.common-3.8.0.v20160509-1230.jar@2:start,reference:file:/home/mengjingshi/.m2/repository/p2/osgi/bundle/org.eclipse.equinox.preferences/3.6.1.v20160815-1406/org.eclipse.equinox.preferences-3.6.1.v20160815-1406.jar,reference:file:/home/mengjingshi/.m2/repository/p2/osgi/bundle/org.eclipse.equinox.registry/3.6.100.v20160223-2218/org.eclipse.equinox.registry-3.6.100.v20160223-2218.jar,reference:file:/home/mengjingshi/.m2/repository/p2/osgi/bundle/org.eclipse.core.databinding/1.6.0.v20160412-0910/org.eclipse.core.databinding-1.6.0.v20160412-0910.jar,reference:file:/home/mengjingshi/.m2/repository/p2/osgi/bundle/org.eclipse.core.databinding.observable/1.6.0.v20160511-1747/org.eclipse.core.databinding.observable-1.6.0.v20160511-1747.jar,reference:file:/home/mengjingshi/.m2/repository/p2/osgi/bundle/org.eclipse.core.databinding.property/1.6.0.v20160427-0852/org.eclipse.core.databinding.property-1.6.0.v20160427-0852.jar,reference:file:/home/mengjingshi/.m2/repository/p2/osgi/bundle/org.eclipse.core.databinding.beans/1.3.100.v20160509-1025/org.eclipse.core.databinding.beans-1.3.100.v20160509-1025.jar,reference:file:/home/mengjingshi/.m2/repository/p2/osgi/bundle/org.eclipse.core.externaltools/1.0.400.v20160509-1057/org.eclipse.core.externaltools-1.0.400.v20160509-1057.jar,reference:file:/home/mengjingshi/.m2/repository/p2/osgi/bundle/org.eclipse.core.filesystem.linux.x86/1.4.200.v20140124-1940/org.eclipse.core.filesystem.linux.x86-1.4.200.v20140124-1940.jar,reference:file:/home/mengjingshi/.m2/repository/p2/osgi/bundle/org.eclipse.core.jobs/3.8.0.v20160509-0411/org.eclipse.core.jobs-3.8.0.v20160509-0411.jar,reference:file:/home/mengjingshi/.m2/repository/p2/osgi/bundle/org.eclipse.core.net/1.3.0.v20160418-1534/org.eclipse.core.net-1.3.0.v20160418-1534.jar,reference:file:/home/mengjingshi/.m2/repository/p2/osgi/bundle/org.eclipse.equinox.security/1.2.200.v20150715-1528/org.eclipse.equinox.security-1.2.200.v20150715-1528.jar,reference:file:/home/mengjingshi/.m2/repository/p2/osgi/bundle/org.eclipse.core.net.linux.x86/1.2.0.v20160323-1650/org.eclipse.core.net.linux.x86-1.2.0.v20160323-1650.jar,reference:file:/home/mengjingshi/.m2/repository/p2/osgi/bundle/org.eclipse.equinox.app/1.3.400.v20150715-1528/org.eclipse.equinox.app-1.3.400.v20150715-1528.jar,reference:file:/home/mengjingshi/.m2/repository/p2/osgi/bundle/org.eclipse.e4.core.commands/0.11.100.v20160506-0804/org.eclipse.e4.core.commands-0.11.100.v20160506-0804.jar,reference:file:/home/mengjingshi/.m2/repository/p2/osgi/bundle/org.eclipse.e4.core.di/1.6.1.v20160712-0927/org.eclipse.e4.core.di-1.6.1.v20160712-0927.jar,reference:file:/home/mengjingshi/.m2/repository/p2/osgi/bundle/javax.inject/1.0.0.v20091030/javax.inject-1.0.0.v20091030.jar,reference:file:/home/mengjingshi/.m2/repository/p2/osgi/bundle/org.eclipse.e4.core.contexts/1.5.0.v20160504-0909/org.eclipse.e4.core.contexts-1.5.0.v20160504-0909.jar,reference:file:/home/mengjingshi/.m2/repository/p2/osgi/bundle/org.eclipse.e4.core.services/2.0.100.v20160509-1032/org.eclipse.e4.core.services-2.0.100.v20160509-1032.jar,reference:file:/home/mengjingshi/.m2/repository/p2/osgi/bundle/org.eclipse.e4.core.di.annotations/1.5.0.v20151127-1241/org.eclipse.e4.core.di.annotations-1.5.0.v20151127-1241.jar,reference:file:/home/mengjingshi/.m2/repository/p2/osgi/bundle/org.eclipse.e4.core.di.extensions/0.14.0.v20160211-1614/org.eclipse.e4.core.di.extensions-0.14.0.v20160211-1614.jar,reference:file:/home/mengjingshi/.m2/repository/p2/osgi/bundle/org.eclipse.e4.emf.xpath/0.1.200.v20160506-0804/org.eclipse.e4.emf.xpath-0.1.200.v20160506-0804.jar,reference:file:/home/mengjingshi/.m2/repository/p2/osgi/bundle/org.apache.commons.jxpath/1.3.0.v200911051830/org.apache.commons.jxpath-1.3.0.v200911051830.jar,reference:file:/home/mengjingshi/.m2/repository/p2/osgi/bundle/org.eclipse.emf.ecore/2.12.0.v20160420-0247/org.eclipse.emf.ecore-2.12.0.v20160420-0247.jar,reference:file:/home/mengjingshi/.m2/repository/p2/osgi/bundle/org.eclipse.e4.ui.workbench.swt/0.14.1.v20160829-0832/org.eclipse.e4.ui.workbench.swt-0.14.1.v20160829-0832.jar,reference:file:/home/mengjingshi/.m2/repository/p2/osgi/bundle/org.eclipse.e4.ui.bindings/0.11.100.v20160509-1025/org.eclipse.e4.ui.bindings-0.11.100.v20160509-1025.jar,reference:file:/home/mengjingshi/.m2/repository/p2/osgi/bundle/org.eclipse.e4.ui.model.workbench/1.2.0.v20160229-1459/org.eclipse.e4.ui.model.workbench-1.2.0.v20160229-1459.jar,reference:file:/home/mengjingshi/.m2/repository/p2/osgi/bundle/org.eclipse.e4.ui.services/1.2.100.v20160506-0759/org.eclipse.e4.ui.services-1.2.100.v20160506-0759.jar,reference:file:/home/mengjingshi/.m2/repository/p2/osgi/bundle/org.eclipse.e4.ui.workbench.renderers.swt/0.14.0.v20160525-0940/org.eclipse.e4.ui.workbench.renderers.swt-0.14.0.v20160525-0940.jar,reference:file:/home/mengjingshi/.m2/repository/p2/osgi/bundle/org.eclipse.e4.ui.workbench/1.4.0.v20160517-1624/org.eclipse.e4.ui.workbench-1.4.0.v20160517-1624.jar,reference:file:/home/mengjingshi/.m2/repository/p2/osgi/bundle/org.eclipse.e4.ui.css.core/0.12.0.v20160505-1310/org.eclipse.e4.ui.css.core-0.12.0.v20160505-1310.jar,reference:file:/home/mengjingshi/.m2/repository/p2/osgi/bundle/org.eclipse.e4.ui.css.swt/0.12.100.v20160517-1505/org.eclipse.e4.ui.css.swt-0.12.100.v20160517-1505.jar,reference:file:/home/mengjingshi/.m2/repository/p2/osgi/bundle/org.w3c.dom.smil/1.0.1.v200903091627/org.w3c.dom.smil-1.0.1.v200903091627.jar,reference:file:/home/mengjingshi/.m2/repository/p2/osgi/bundle/org.eclipse.e4.ui.di/1.1.100.v20160506-0759/org.eclipse.e4.ui.di-1.1.100.v20160506-0759.jar,reference:file:/home/mengjingshi/.m2/repository/p2/osgi/bundle/org.eclipse.e4.ui.widgets/1.1.100.v20160506-0759/org.eclipse.e4.ui.widgets-1.1.100.v20160506-0759.jar,reference:file:/home/mengjingshi/.m2/repository/p2/osgi/bundle/org.eclipse.equinox.ds/1.4.400.v20160226-2036/org.eclipse.equinox.ds-1.4.400.v20160226-2036.jar@1:start,reference:file:/home/mengjingshi/.m2/repository/p2/osgi/bundle/org.eclipse.equinox.event/1.3.200.v20160324-1850/org.eclipse.equinox.event-1.3.200.v20160324-1850.jar,reference:file:/home/mengjingshi/.m2/repository/p2/osgi/bundle/org.eclipse.equinox.launcher/1.3.200.v20160318-1642/org.eclipse.equinox.launcher-1.3.200.v20160318-1642.jar,reference:file:/home/mengjingshi/.m2/repository/p2/osgi/bundle/org.eclipse.equinox.simpleconfigurator/1.1.200.v20160504-1450/org.eclipse.equinox.simpleconfigurator-1.1.200.v20160504-1450.jar@1:start,reference:file:/home/mengjingshi/.m2/repository/p2/osgi/bundle/org.eclipse.osgi.compatibility.state/1.0.200.v20160504-1419/org.eclipse.osgi.compatibility.state-1.0.200.v20160504-1419.jar,reference:file:/home/mengjingshi/Documents/workspace/org.eclipse.cdt/core/org.eclipse.cdt.ui.tests/target/work/plugins/org.eclipse.equinox.launcher.gtk.linux.x86_1.1.400.v20160518-1444,reference:file:/home/mengjingshi/.m2/repository/p2/osgi/bundle/org.eclipse.swt.gtk.linux.x86/3.105.1.v20160907-0248/org.eclipse.swt.gtk.linux.x86-3.105.1.v20160907-0248.jar,reference:file:/home/mengjingshi/.m2/repository/p2/osgi/bundle/org.eclipse.equinox.util/1.0.500.v20130404-1337/org.eclipse.equinox.util-1.0.500.v20130404-1337.jar,reference:file:/home/mengjingshi/.m2/repository/p2/osgi/bundle/org.eclipse.jface/3.12.0.v20160518-1929/org.eclipse.jface-3.12.0.v20160518-1929.jar,reference:file:/home/mengjingshi/.m2/repository/p2/osgi/bundle/org.eclipse.jface.databinding/1.8.0.v20160420-2231/org.eclipse.jface.databinding-1.8.0.v20160420-2231.jar,reference:file:/home/mengjingshi/.m2/repository/p2/osgi/bundle/org.eclipse.e4.ui.workbench3/0.13.100.v20160506-0759/org.eclipse.e4.ui.workbench3-0.13.100.v20160506-0759.jar,reference:file:/home/mengjingshi/.m2/repository/p2/osgi/bundle/org.eclipse.equinox.console/1.1.200.v20150929-1405/org.eclipse.equinox.console-1.1.200.v20150929-1405.jar,reference:file:/home/mengjingshi/.m2/repository/p2/osgi/bundle/org.eclipse.e4.ui.workbench.addons.swt/1.2.100.v20160831-1151/org.eclipse.e4.ui.workbench.addons.swt-1.2.100.v20160831-1151.jar,reference:file:/home/mengjingshi/.m2/repository/p2/osgi/bundle/org.eclipse.equinox.bidi/1.0.0.v20160307-1318/org.eclipse.equinox.bidi-1.0.0.v20160307-1318.jar,reference:file:/home/mengjingshi/.m2/repository/p2/osgi/bundle/org.eclipse.e4.ui.dialogs/1.1.0.v20151127-1218/org.eclipse.e4.ui.dialogs-1.1.0.v20151127-1218.jar,reference:file:/home/mengjingshi/.m2/repository/p2/osgi/bundle/org.eclipse.e4.ui.swt.gtk/1.0.100.v20160301-1001/org.eclipse.e4.ui.swt.gtk-1.0.100.v20160301-1001.jar,reference:file:/home/mengjingshi/.m2/repository/p2/osgi/bundle/org.eclipse.emf.ecore.change/2.11.0.v20160420-0247/org.eclipse.emf.ecore.change-2.11.0.v20160420-0247.jar,reference:file:/home/mengjingshi/.m2/repository/p2/osgi/bundle/org.eclipse.emf.ecore.xmi/2.12.0.v20160420-0247/org.eclipse.emf.ecore.xmi-2.12.0.v20160420-0247.jar,reference:file:/home/mengjingshi/.m2/repository/p2/osgi/bundle/org.eclipse.ecf/3.8.0.v20160823-2221/org.eclipse.ecf-3.8.0.v20160823-2221.jar,reference:file:/home/mengjingshi/.m2/repository/p2/osgi/bundle/org.eclipse.ecf.identity/3.7.0.v20160823-2221/org.eclipse.ecf.identity-3.7.0.v20160823-2221.jar,reference:file:/home/mengjingshi/.m2/repository/p2/osgi/bundle/org.eclipse.equinox.concurrent/1.1.0.v20130327-1442/org.eclipse.equinox.concurrent-1.1.0.v20130327-1442.jar,reference:file:/home/mengjingshi/.m2/repository/p2/osgi/bundle/org.eclipse.ecf.ssl/1.2.0.v20160823-2221/org.eclipse.ecf.ssl-1.2.0.v20160823-2221.jar,reference:file:/home/mengjingshi/.m2/repository/p2/osgi/bundle/org.eclipse.ecf.filetransfer/5.0.0.v20160823-2221/org.eclipse.ecf.filetransfer-5.0.0.v20160823-2221.jar,reference:file:/home/mengjingshi/.m2/repository/p2/osgi/bundle/org.eclipse.ecf.provider.filetransfer/3.2.200.v20160823-2221/org.eclipse.ecf.provider.filetransfer-3.2.200.v20160823-2221.jar,reference:file:/home/mengjingshi/.m2/repository/p2/osgi/bundle/org.eclipse.ecf.provider.filetransfer.httpclient4/1.1.100.v20160823-2221/org.eclipse.ecf.provider.filetransfer.httpclient4-1.1.100.v20160823-2221.jar,reference:file:/home/mengjingshi/.m2/repository/p2/osgi/bundle/org.eclipse.ecf.provider.filetransfer.httpclient4.ssl/1.1.0.v20160823-2221/org.eclipse.ecf.provider.filetransfer.httpclient4.ssl-1.1.0.v20160823-2221.jar,reference:file:/home/mengjingshi/.m2/repository/p2/osgi/bundle/org.eclipse.ecf.provider.filetransfer.ssl/1.0.0.v20160823-2221/org.eclipse.ecf.provider.filetransfer.ssl-1.0.0.v20160823-2221.jar,reference:file:/home/mengjingshi/.m2/repository/p2/osgi/bundle/org.eclipse.emf.common/2.12.0.v20160420-0247/org.eclipse.emf.common-2.12.0.v20160420-0247.jar,reference:file:/home/mengjingshi/.m2/repository/p2/osgi/bundle/org.eclipse.equinox.frameworkadmin/2.0.300.v20160504-1450/org.eclipse.equinox.frameworkadmin-2.0.300.v20160504-1450.jar,reference:file:/home/mengjingshi/.m2/repository/p2/osgi/bundle/org.eclipse.equinox.frameworkadmin.equinox/1.0.700.v20160102-2223/org.eclipse.equinox.frameworkadmin.equinox-1.0.700.v20160102-2223.jar,reference:file:/home/mengjingshi/.m2/repository/p2/osgi/bundle/org.eclipse.equinox.http.jetty/3.3.0.v20160324-1850/org.eclipse.equinox.http.jetty-3.3.0.v20160324-1850.jar,reference:file:/home/mengjingshi/.m2/repository/p2/osgi/bundle/org.eclipse.equinox.http.servlet/1.3.1.v20160808-1329/org.eclipse.equinox.http.servlet-1.3.1.v20160808-1329.jar,reference:file:/home/mengjingshi/.m2/repository/p2/osgi/bundle/org.eclipse.jetty.http/9.3.9.v20160517/org.eclipse.jetty.http-9.3.9.v20160517.jar,reference:file:/home/mengjingshi/.m2/repository/p2/osgi/bundle/org.eclipse.jetty.server/9.3.9.v20160517/org.eclipse.jetty.server-9.3.9.v20160517.jar,reference:file:/home/mengjingshi/.m2/repository/p2/osgi/bundle/org.eclipse.jetty.servlet/9.3.9.v20160517/org.eclipse.jetty.servlet-9.3.9.v20160517.jar,reference:file:/home/mengjingshi/.m2/repository/p2/osgi/bundle/org.eclipse.jetty.util/9.3.9.v20160517/org.eclipse.jetty.util-9.3.9.v20160517.jar,reference:file:/home/mengjingshi/.m2/repository/p2/osgi/bundle/org.eclipse.equinox.http.registry/1.1.400.v20150715-1528/org.eclipse.equinox.http.registry-1.1.400.v20150715-1528.jar,reference:file:/home/mengjingshi/.m2/repository/p2/osgi/bundle/org.eclipse.equinox.jsp.jasper/1.0.500.v20150119-1358/org.eclipse.equinox.jsp.jasper-1.0.500.v20150119-1358.jar,reference:file:/home/mengjingshi/.m2/repository/p2/osgi/bundle/org.eclipse.equinox.jsp.jasper.registry/1.0.300.v20130327-1442/org.eclipse.equinox.jsp.jasper.registry-1.0.300.v20130327-1442.jar,reference:file:/home/mengjingshi/.m2/repository/p2/osgi/bundle/org.eclipse.equinox.p2.artifact.repository/1.1.500.v20160419-0834/org.eclipse.equinox.p2.artifact.repository-1.1.500.v20160419-0834.jar,reference:file:/home/mengjingshi/.m2/repository/p2/osgi/bundle/org.eclipse.equinox.p2.metadata/2.3.100.v20160427-2220/org.eclipse.equinox.p2.metadata-2.3.100.v20160427-2220.jar,reference:file:/home/mengjingshi/.m2/repository/p2/osgi/bundle/org.tukaani.xz/1.3.0.v201308270617/org.tukaani.xz-1.3.0.v201308270617.jar,reference:file:/home/mengjingshi/.m2/repository/p2/osgi/bundle/org.eclipse.equinox.p2.core/2.4.100.v20160419-0834/org.eclipse.equinox.p2.core-2.4.100.v20160419-0834.jar,reference:file:/home/mengjingshi/.m2/repository/p2/osgi/bundle/org.eclipse.equinox.p2.jarprocessor/1.0.500.v20160504-1450/org.eclipse.equinox.p2.jarprocessor-1.0.500.v20160504-1450.jar,reference:file:/home/mengjingshi/.m2/repository/p2/osgi/bundle/org.eclipse.equinox.p2.repository/2.3.200.v20160421-0324/org.eclipse.equinox.p2.repository-2.3.200.v20160421-0324.jar,reference:file:/home/mengjingshi/.m2/repository/p2/osgi/bundle/org.eclipse.equinox.p2.console/1.0.500.v20160504-1450/org.eclipse.equinox.p2.console-1.0.500.v20160504-1450.jar,reference:file:/home/mengjingshi/.m2/repository/p2/osgi/bundle/org.eclipse.equinox.p2.director/2.3.300.v20160504-1450/org.eclipse.equinox.p2.director-2.3.300.v20160504-1450.jar,reference:file:/home/mengjingshi/.m2/repository/p2/osgi/bundle/org.eclipse.equinox.p2.engine/2.4.100.v20160419-0834/org.eclipse.equinox.p2.engine-2.4.100.v20160419-0834.jar,reference:file:/home/mengjingshi/.m2/repository/p2/osgi/bundle/org.eclipse.equinox.p2.garbagecollector/1.0.300.v20160504-1450/org.eclipse.equinox.p2.garbagecollector-1.0.300.v20160504-1450.jar,reference:file:/home/mengjingshi/.m2/repository/p2/osgi/bundle/org.eclipse.equinox.p2.metadata.repository/1.2.300.v20160419-0834/org.eclipse.equinox.p2.metadata.repository-1.2.300.v20160419-0834.jar,reference:file:/home/mengjingshi/.m2/repository/p2/osgi/bundle/org.eclipse.equinox.p2.touchpoint.eclipse/2.1.400.v20160419-0834/org.eclipse.equinox.p2.touchpoint.eclipse-2.1.400.v20160419-0834.jar,reference:file:/home/mengjingshi/.m2/repository/p2/osgi/bundle/org.eclipse.equinox.p2.touchpoint.natives/1.2.100.v20160419-0834/org.eclipse.equinox.p2.touchpoint.natives-1.2.100.v20160419-0834.jar,reference:file:/home/mengjingshi/.m2/repository/p2/osgi/bundle/org.eclipse.equinox.simpleconfigurator.manipulator/2.0.200.v20160504-1450/org.eclipse.equinox.simpleconfigurator.manipulator-2.0.200.v20160504-1450.jar,reference:file:/home/mengjingshi/.m2/repository/p2/osgi/bundle/org.sat4j.core/2.3.5.v201308161310/org.sat4j.core-2.3.5.v201308161310.jar,reference:file:/home/mengjingshi/.m2/repository/p2/osgi/bundle/org.sat4j.pb/2.3.5.v201404071733/org.sat4j.pb-2.3.5.v201404071733.jar,reference:file:/home/mengjingshi/.m2/repository/p2/osgi/bundle/org.eclipse.equinox.p2.transport.ecf/1.1.200.v20160606-1311/org.eclipse.equinox.p2.transport.ecf-1.1.200.v20160606-1311.jar,reference:file:/home/mengjingshi/.m2/repository/p2/osgi/bundle/org.eclipse.equinox.p2.operations/2.4.200.v20160504-1450/org.eclipse.equinox.p2.operations-2.4.200.v20160504-1450.jar,reference:file:/home/mengjingshi/.m2/repository/p2/osgi/bundle/org.eclipse.equinox.p2.director.app/1.0.500.v20160419-0834/org.eclipse.equinox.p2.director.app-1.0.500.v20160419-0834.jar,reference:file:/home/mengjingshi/.m2/repository/p2/osgi/bundle/org.eclipse.equinox.p2.directorywatcher/1.1.100.v20150423-1455/org.eclipse.equinox.p2.directorywatcher-1.1.100.v20150423-1455.jar,reference:file:/home/mengjingshi/.m2/repository/p2/osgi/bundle/org.eclipse.equinox.p2.publisher/1.4.100.v20160504-1450/org.eclipse.equinox.p2.publisher-1.4.100.v20160504-1450.jar,reference:file:/home/mengjingshi/.m2/repository/p2/osgi/bundle/org.eclipse.equinox.p2.publisher.eclipse/1.2.100.v20160504-1450/org.eclipse.equinox.p2.publisher.eclipse-1.2.100.v20160504-1450.jar,reference:file:/home/mengjingshi/.m2/repository/p2/osgi/bundle/org.eclipse.equinox.p2.extensionlocation/1.2.300.v20160419-0834/org.eclipse.equinox.p2.extensionlocation-1.2.300.v20160419-0834.jar,reference:file:/home/mengjingshi/.m2/repository/p2/osgi/bundle/org.eclipse.equinox.p2.reconciler.dropins/1.1.400.v20160504-1450/org.eclipse.equinox.p2.reconciler.dropins-1.1.400.v20160504-1450.jar,reference:file:/home/mengjingshi/.m2/repository/p2/osgi/bundle/org.eclipse.equinox.p2.repository.tools/2.1.300.v20160421-0324/org.eclipse.equinox.p2.repository.tools-2.1.300.v20160421-0324.jar,reference:file:/home/mengjingshi/.m2/repository/p2/osgi/bundle/org.eclipse.equinox.p2.ui/2.4.100.v20160419-0834/org.eclipse.equinox.p2.ui-2.4.100.v20160419-0834.jar,reference:file:/home/mengjingshi/.m2/repository/p2/osgi/bundle/org.eclipse.equinox.p2.ui.sdk.scheduler/1.2.200.v20160504-1450/org.eclipse.equinox.p2.ui.sdk.scheduler-1.2.200.v20160504-1450.jar,reference:file:/home/mengjingshi/.m2/repository/p2/osgi/bundle/org.eclipse.equinox.p2.updatechecker/1.1.200.v20131119-0908/org.eclipse.equinox.p2.updatechecker-1.1.200.v20131119-0908.jar,reference:file:/home/mengjingshi/.m2/repository/p2/osgi/bundle/org.eclipse.equinox.security.ui/1.1.300.v20150803-1225/org.eclipse.equinox.security.ui-1.1.300.v20150803-1225.jar,reference:file:/home/mengjingshi/.m2/repository/p2/osgi/bundle/org.eclipse.equinox.p2.ui.sdk/1.0.400.v20150423-1455/org.eclipse.equinox.p2.ui.sdk-1.0.400.v20150423-1455.jar,reference:file:/home/mengjingshi/.m2/repository/p2/osgi/bundle/org.eclipse.equinox.p2.ui.importexport/1.1.200.v20160521-1138/org.eclipse.equinox.p2.ui.importexport-1.1.200.v20160521-1138.jar,reference:file:/home/mengjingshi/.m2/repository/p2/osgi/bundle/org.eclipse.equinox.p2.updatesite/1.0.600.v20160504-1450/org.eclipse.equinox.p2.updatesite-1.0.600.v20160504-1450.jar,reference:file:/home/mengjingshi/.m2/repository/p2/osgi/bundle/org.eclipse.help.base/4.1.0.v20160907-1200/org.eclipse.help.base-4.1.0.v20160907-1200.jar,reference:file:/home/mengjingshi/.m2/repository/p2/osgi/bundle/org.eclipse.help.ui/4.0.200.v20160510-0758/org.eclipse.help.ui-4.0.200.v20160510-0758.jar,reference:file:/home/mengjingshi/.m2/repository/p2/osgi/bundle/org.eclipse.help.webapp/3.8.0.v20160504-0839/org.eclipse.help.webapp-3.8.0.v20160504-0839.jar,reference:file:/home/mengjingshi/.m2/repository/p2/osgi/bundle/org.eclipse.jetty.continuation/9.3.9.v20160517/org.eclipse.jetty.continuation-9.3.9.v20160517.jar,reference:file:/home/mengjingshi/.m2/repository/p2/osgi/bundle/org.eclipse.jetty.io/9.3.9.v20160517/org.eclipse.jetty.io-9.3.9.v20160517.jar,reference:file:/home/mengjingshi/.m2/repository/p2/osgi/bundle/org.eclipse.jetty.security/9.3.9.v20160517/org.eclipse.jetty.security-9.3.9.v20160517.jar,reference:file:/home/mengjingshi/.m2/repository/p2/osgi/bundle/org.eclipse.jsch.core/1.3.0.v20160422-1917/org.eclipse.jsch.core-1.3.0.v20160422-1917.jar,reference:file:/home/mengjingshi/.m2/repository/p2/osgi/bundle/org.eclipse.jsch.ui/1.3.0.v20160323-1650/org.eclipse.jsch.ui-1.3.0.v20160323-1650.jar,reference:file:/home/mengjingshi/.m2/repository/p2/osgi/bundle/org.eclipse.team.core/3.8.0.v20160418-1534/org.eclipse.team.core-3.8.0.v20160418-1534.jar,reference:file:/home/mengjingshi/.m2/repository/p2/osgi/bundle/org.eclipse.team.ui/3.8.0.v20160518-1906/org.eclipse.team.ui-3.8.0.v20160518-1906.jar,reference:file:/home/mengjingshi/.m2/repository/p2/osgi/bundle/org.eclipse.osgi.util/3.3.100.v20150423-1351/org.eclipse.osgi.util-3.3.100.v20150423-1351.jar,reference:file:/home/mengjingshi/Documents/workspace/org.eclipse.cdt/core/org.eclipse.cdt.ui.tests/target/work/plugins/org.eclipse.platform_4.6.1.v20160907-1200,reference:file:/home/mengjingshi/.m2/repository/p2/osgi/bundle/org.eclipse.platform.doc.user/4.6.1.v20160727-2009/org.eclipse.platform.doc.user-4.6.1.v20160727-2009.jar,reference:file:/home/mengjingshi/.m2/repository/p2/osgi/bundle/org.apache.ant/1.9.6.v201510161327/org.apache.ant-1.9.6.v201510161327.jar,reference:file:/home/mengjingshi/.m2/repository/p2/osgi/bundle/org.eclipse.ui.browser/3.5.1.v20160712-0914/org.eclipse.ui.browser-3.5.1.v20160712-0914.jar,reference:file:/home/mengjingshi/.m2/repository/p2/osgi/bundle/org.eclipse.ui.monitoring/1.1.0.v20160131-1628/org.eclipse.ui.monitoring-1.1.0.v20160131-1628.jar,reference:file:/home/mengjingshi/.m2/repository/p2/osgi/bundle/org.eclipse.ui.net/1.3.0.v20160426-1633/org.eclipse.ui.net-1.3.0.v20160426-1633.jar,reference:file:/home/mengjingshi/.m2/repository/p2/osgi/bundle/org.eclipse.ui.externaltools/3.3.100.v20160518-1858/org.eclipse.ui.externaltools-3.3.100.v20160518-1858.jar,reference:file:/home/mengjingshi/.m2/repository/p2/osgi/bundle/org.eclipse.ui.ide.application/1.1.101.v20160829-0827/org.eclipse.ui.ide.application-1.1.101.v20160829-0827.jar,reference:file:/home/mengjingshi/.m2/repository/p2/osgi/bundle/org.eclipse.ui.views.properties.tabbed/3.7.0.v20160310-0903/org.eclipse.ui.views.properties.tabbed-3.7.0.v20160310-0903.jar,reference:file:/home/mengjingshi/Documents/workspace/org.eclipse.cdt/core/org.eclipse.cdt.ui.tests/target/work/plugins/org.eclipse.ui.themes_1.1.200.v20160815-0536,reference:file:/home/mengjingshi/.m2/repository/p2/osgi/bundle/org.eclipse.ui.intro.quicklinks/1.0.0.v20160515-0255/org.eclipse.ui.intro.quicklinks-1.0.0.v20160515-0255.jar,reference:file:/home/mengjingshi/.m2/repository/p2/osgi/bundle/org.eclipse.ui.workbench/3.108.1.v20160819-2118/org.eclipse.ui.workbench-3.108.1.v20160819-2118.jar,reference:file:/home/mengjingshi/.m2/repository/p2/osgi/bundle/org.eclipse.update.configurator/3.3.400.v20160506-0750/org.eclipse.update.configurator-3.3.400.v20160506-0750.jar@3:start,reference:file:/home/mengjingshi/.m2/repository/p2/osgi/bundle/org.eclipse.rcp/4.6.1.v20160907-1200/org.eclipse.rcp-4.6.1.v20160907-1200.jar,reference:file:/home/mengjingshi/.m2/repository/p2/osgi/bundle/org.eclipse.tools.templates.core/1.1.0.201611032032/org.eclipse.tools.templates.core-1.1.0.201611032032.jar,reference:file:/home/mengjingshi/.m2/repository/p2/osgi/bundle/org.hamcrest.core/1.3.0.v201303031735/org.hamcrest.core-1.3.0.v201303031735.jar,reference:file:/home/mengjingshi/Documents/workspace/org.eclipse.cdt/core/org.eclipse.cdt.ui.tests,reference:file:/home/mengjingshi/Documents/workspace/org.eclipse.cdt/core/org.eclipse.cdt.core.linux.x86_64/target/org.eclipse.cdt.core.linux.x86_64-5.3.0-SNAPSHOT.jar,reference:file:/home/mengjingshi/.m2/repository/p2/osgi/bundle/org.eclipse.core.filesystem.linux.x86_64/1.2.200.v20140124-1940/org.eclipse.core.filesystem.linux.x86_64-1.2.200.v20140124-1940.jar,reference:file:/home/mengjingshi/.m2/repository/p2/osgi/bundle/org.eclipse.core.net.linux.x86_64/1.2.0.v20160323-1650/org.eclipse.core.net.linux.x86_64-1.2.0.v20160323-1650.jar,reference:file:/home/mengjingshi/Documents/workspace/org.eclipse.cdt/core/org.eclipse.cdt.ui.tests/target/work/plugins/org.eclipse.equinox.launcher.gtk.linux.x86_64_1.1.400.v20160518-1444,reference:file:/home/mengjingshi/.m2/repository/p2/osgi/bundle/org.eclipse.swt.gtk.linux.x86_64/3.105.1.v20160907-0248/org.eclipse.swt.gtk.linux.x86_64-3.105.1.v20160907-0248.jar,reference:file:/home/mengjingshi/Documents/workspace/org.eclipse.cdt/core/org.eclipse.cdt.core.linux.ppc64/target/org.eclipse.cdt.core.linux.ppc64-5.2.0-SNAPSHOT.jar,reference:file:/home/mengjingshi/.m2/repository/p2/osgi/bundle/org.eclipse.core.filesystem.linux.ppc64/1.4.0.v20140124-1940/org.eclipse.core.filesystem.linux.ppc64-1.4.0.v20140124-1940.jar,reference:file:/home/mengjingshi/Documents/workspace/org.eclipse.cdt/core/org.eclipse.cdt.ui.tests/target/work/plugins/org.eclipse.equinox.launcher.gtk.linux.ppc64_1.0.400.v20160518-1444,reference:file:/home/mengjingshi/.m2/repository/p2/osgi/bundle/org.eclipse.swt.gtk.linux.ppc64/3.105.1.v20160907-0248/org.eclipse.swt.gtk.linux.ppc64-3.105.1.v20160907-0248.jar,reference:file:/home/mengjingshi/Documents/workspace/org.eclipse.cdt/core/org.eclipse.cdt.core.win32/target/org.eclipse.cdt.core.win32-5.4.1-SNAPSHOT.jar,reference:file:/home/mengjingshi/Documents/workspace/org.eclipse.cdt/core/org.eclipse.cdt.ui.tests/target/work/plugins/org.eclipse.cdt.core.win32.x86_5.4.1.201611250806,reference:file:/home/mengjingshi/.m2/repository/p2/osgi/bundle/org.eclipse.compare.win32/1.1.0.v20160418-1534/org.eclipse.compare.win32-1.1.0.v20160418-1534.jar,reference:file:/home/mengjingshi/.m2/repository/p2/osgi/bundle/org.eclipse.swt.win32.win32.x86/3.105.1.v20160907-0248/org.eclipse.swt.win32.win32.x86-3.105.1.v20160907-0248.jar,reference:file:/home/mengjingshi/.m2/repository/p2/osgi/bundle/org.eclipse.core.filesystem.win32.x86/1.4.0.v20140124-1940/org.eclipse.core.filesystem.win32.x86-1.4.0.v20140124-1940.jar,reference:file:/home/mengjingshi/.m2/repository/p2/osgi/bundle/org.eclipse.core.net.win32.x86/1.1.0.v20160323-1650/org.eclipse.core.net.win32.x86-1.1.0.v20160323-1650.jar,reference:file:/home/mengjingshi/.m2/repository/p2/osgi/bundle/org.eclipse.core.resources.win32.x86/3.5.100.v20140124-1940/org.eclipse.core.resources.win32.x86-3.5.100.v20140124-1940.jar,reference:file:/home/mengjingshi/Documents/workspace/org.eclipse.cdt/core/org.eclipse.cdt.ui.tests/target/work/plugins/org.eclipse.equinox.launcher.win32.win32.x86_1.1.400.v20160518-1444,reference:file:/home/mengjingshi/.m2/repository/p2/osgi/bundle/org.eclipse.equinox.security.win32.x86/1.0.300.v20130327-1442/org.eclipse.equinox.security.win32.x86-1.0.300.v20130327-1442.jar,reference:file:/home/mengjingshi/.m2/repository/p2/osgi/bundle/org.eclipse.ui.win32/3.3.0.v20160505-1310/org.eclipse.ui.win32-3.3.0.v20160505-1310.jar,reference:file:/home/mengjingshi/Documents/workspace/org.eclipse.cdt/core/org.eclipse.cdt.ui.tests/target/work/plugins/org.eclipse.cdt.core.win32.x86_64_5.4.1.201611250806,reference:file:/home/mengjingshi/.m2/repository/p2/osgi/bundle/org.eclipse.swt.win32.win32.x86_64/3.105.1.v20160907-0248/org.eclipse.swt.win32.win32.x86_64-3.105.1.v20160907-0248.jar,reference:file:/home/mengjingshi/.m2/repository/p2/osgi/bundle/org.eclipse.core.filesystem.win32.x86_64/1.4.0.v20140124-1940/org.eclipse.core.filesystem.win32.x86_64-1.4.0.v20140124-1940.jar,reference:file:/home/mengjingshi/.m2/repository/p2/osgi/bundle/org.eclipse.core.net.win32.x86_64/1.1.0.v20160323-1650/org.eclipse.core.net.win32.x86_64-1.1.0.v20160323-1650.jar,reference:file:/home/mengjingshi/.m2/repository/p2/osgi/bundle/org.eclipse.core.resources.win32.x86_64/3.5.0.v20140124-1940/org.eclipse.core.resources.win32.x86_64-3.5.0.v20140124-1940.jar,reference:file:/home/mengjingshi/Documents/workspace/org.eclipse.cdt/core/org.eclipse.cdt.ui.tests/target/work/plugins/org.eclipse.equinox.launcher.win32.win32.x86_64_1.1.400.v20160518-1444,reference:file:/home/mengjingshi/.m2/repository/p2/osgi/bundle/org.eclipse.equinox.security.win32.x86_64/1.0.100.v20130327-1442/org.eclipse.equinox.security.win32.x86_64-1.0.100.v20130327-1442.jar,reference:file:/home/mengjingshi/Documents/workspace/org.eclipse.cdt/core/org.eclipse.cdt.core.macosx/target/org.eclipse.cdt.core.macosx-5.3.0-SNAPSHOT.jar,reference:file:/home/mengjingshi/.m2/repository/p2/osgi/bundle/org.eclipse.core.filesystem.macosx/1.3.0.v20140124-1940/org.eclipse.core.filesystem.macosx-1.3.0.v20140124-1940.jar,reference:file:/home/mengjingshi/.m2/repository/p2/osgi/bundle/org.eclipse.e4.ui.workbench.renderers.swt.cocoa/0.11.300.v20160330-1418/org.eclipse.e4.ui.workbench.renderers.swt.cocoa-0.11.300.v20160330-1418.jar,reference:file:/home/mengjingshi/Documents/workspace/org.eclipse.cdt/core/org.eclipse.cdt.ui.tests/target/work/plugins/org.eclipse.equinox.launcher.cocoa.macosx.x86_64_1.1.400.v20160518-1444,reference:file:/home/mengjingshi/.m2/repository/p2/osgi/bundle/org.eclipse.swt.cocoa.macosx.x86_64/3.105.1.v20160907-0248/org.eclipse.swt.cocoa.macosx.x86_64-3.105.1.v20160907-0248.jar,reference:file:/home/mengjingshi/.m2/repository/p2/osgi/bundle/org.eclipse.equinox.security.macosx/1.100.200.v20130327-1442/org.eclipse.equinox.security.macosx-1.100.200.v20130327-1442.jar,reference:file:/home/mengjingshi/.m2/repository/p2/osgi/bundle/org.eclipse.ui.cocoa/1.1.100.v20151202-1450/org.eclipse.ui.cocoa-1.1.100.v20151202-1450.jar,reference:file:/home/mengjingshi/Documents/workspace/org.eclipse.cdt/core/org.eclipse.cdt.core.aix/target/org.eclipse.cdt.core.aix-5.4.0-SNAPSHOT.jar,reference:file:/home/mengjingshi/.m2/repository/p2/osgi/bundle/org.eclipse.core.filesystem.aix.ppc/1.1.0.v20140124-1940/org.eclipse.core.filesystem.aix.ppc-1.1.0.v20140124-1940.jar,reference:file:/home/mengjingshi/Documents/workspace/org.eclipse.cdt/core/org.eclipse.cdt.ui.tests/target/work/plugins/org.eclipse.equinox.launcher.gtk.aix.ppc_1.1.300.v20160518-1444,reference:file:/home/mengjingshi/.m2/repository/p2/osgi/bundle/org.eclipse.swt.gtk.aix.ppc/3.105.1.v20160907-0248/org.eclipse.swt.gtk.aix.ppc-3.105.1.v20160907-0248.jar,reference:file:/home/mengjingshi/Documents/workspace/org.eclipse.cdt/core/org.eclipse.cdt.core.linux.ppc64le/target/org.eclipse.cdt.core.linux.ppc64le-1.0.0-SNAPSHOT.jar,reference:file:/home/mengjingshi/.m2/repository/p2/osgi/bundle/org.eclipse.core.filesystem.linux.ppc64le/1.4.0.v20140822-1153/org.eclipse.core.filesystem.linux.ppc64le-1.4.0.v20140822-1153.jar,reference:file:/home/mengjingshi/Documents/workspace/org.eclipse.cdt/core/org.eclipse.cdt.ui.tests/target/work/plugins/org.eclipse.equinox.launcher.gtk.linux.ppc64le_1.0.400.v20160518-1444,reference:file:/home/mengjingshi/.m2/repository/p2/osgi/bundle/org.eclipse.swt.gtk.linux.ppc64le/3.105.1.v20160907-0248/org.eclipse.swt.gtk.linux.ppc64le-3.105.1.v20160907-0248.jar,reference:file:/home/mengjingshi/.m2/repository/org/eclipse/tycho/org.eclipse.tycho.surefire.osgibooter/0.26.0/org.eclipse.tycho.surefire.osgibooter-0.26.0.jar,reference:file:/home/mengjingshi/.m2/repository/org/eclipse/tycho/org.eclipse.tycho.surefire.junit4/0.26.0/org.eclipse.tycho.surefire.junit4-0.26.0.jar"/>
    <property name="java.endorsed.dirs" value="/usr/lib/jvm/java-8-openjdk-i386/jre/lib/endorsed"/>
    <property name="osgi.tracefile" value="/home/mengjingshi/Documents/workspace/org.eclipse.cdt/core/org.eclipse.cdt.ui.tests/target/work/data/.metadata/trace.log"/>
    <property name="sun.cpu.isalist" value=""/>
    <property name="sun.jnu.encoding" value="UTF-8"/>
    <property name="eclipse.application" value="org.eclipse.tycho.surefire.osgibooter.uitest"/>
    <property name="file.encoding.pkg" value="sun.io"/>
    <property name="org.osgi.framework.vendor" value="Eclipse"/>
    <property name="equinox.init.uuid" value="true"/>
    <property name="file.separator" value="/"/>
    <property name="java.specification.name" value="Java Platform API Specification"/>
    <property name="osgi.checkConfiguration" value="true"/>
    <property name="java.class.version" value="52.0"/>
    <property name="user.country" value="CN"/>
    <property name="osgi.configuration.cascaded" value="false"/>
    <property name="java.home" value="/usr/lib/jvm/java-8-openjdk-i386/jre"/>
    <property name="osgi.os" value="linux"/>
    <property name="eclipse.commands" value="-data&#10;/home/mengjingshi/Documents/workspace/org.eclipse.cdt/core/org.eclipse.cdt.ui.tests/target/work/data&#10;-install&#10;/home/mengjingshi/Documents/workspace/org.eclipse.cdt/core/org.eclipse.cdt.ui.tests/target/work&#10;-configuration&#10;/home/mengjingshi/Documents/workspace/org.eclipse.cdt/core/org.eclipse.cdt.ui.tests/target/work/configuration&#10;-application&#10;org.eclipse.tycho.surefire.osgibooter.uitest&#10;-testproperties&#10;/home/mengjingshi/Documents/workspace/org.eclipse.cdt/core/org.eclipse.cdt.ui.tests/target/surefire.properties&#10;"/>
    <property name="java.vm.info" value="mixed mode"/>
    <property name="os.version" value="3.19.0-18-generic"/>
    <property name="osgi.arch" value="x86"/>
    <property name="path.separator" value=":"/>
    <property name="java.vm.version" value="25.45-b02"/>
    <property name="org.osgi.supports.framework.fragment" value="true"/>
    <property name="osgi.framework.shape" value="jar"/>
    <property name="java.awt.printerjob" value="sun.print.PSPrinterJob"/>
    <property name="sun.io.unicode.encoding" value="UnicodeLittle"/>
    <property name="org.osgi.framework.version" value="1.8.0"/>
    <property name="awt.toolkit" value="sun.awt.X11.XToolkit"/>
    <property name="eclipse.stateSaveDelayInterval" value="30000"/>
    <property name="osgi.dev" value="file:/home/mengjingshi/Documents/workspace/org.eclipse.cdt/core/org.eclipse.cdt.ui.tests/target/work/dev.properties"/>
    <property name="osgi.install.area" value="file:/home/mengjingshi/Documents/workspace/org.eclipse.cdt/core/org.eclipse.cdt.ui.tests/target/work/"/>
    <property name="osgi.framework" value="file:/home/mengjingshi/.m2/repository/p2/osgi/bundle/org.eclipse.osgi/3.11.1.v20160708-1632/org.eclipse.osgi-3.11.1.v20160708-1632.jar"/>
    <property name="user.home" value="/home/mengjingshi"/>
    <property name="osgi.framework.useSystemProperties" value="true"/>
    <property name="java.specification.vendor" value="Oracle Corporation"/>
    <property name="osgi.nl" value="zh_CN"/>
    <property name="java.library.path" value="/usr/java/packages/lib/i386:/usr/lib/i386-linux-gnu/jni:/lib/i386-linux-gnu:/usr/lib/i386-linux-gnu:/usr/lib/jni:/lib:/usr/lib"/>
    <property name="java.vendor.url" value="http://java.oracle.com/"/>
    <property name="osgi.bundlefile.limit" value="100"/>
    <property name="eclipse.startTime" value="1480061642552"/>
    <property name="org.osgi.framework.os.version" value="3.19.0"/>
    <property name="java.vm.vendor" value="Oracle Corporation"/>
    <property name="java.runtime.name" value="OpenJDK Runtime Environment"/>
    <property name="java.class.path" value="/home/mengjingshi/.m2/repository/p2/osgi/bundle/org.eclipse.equinox.launcher/1.3.200.v20160318-1642/org.eclipse.equinox.launcher-1.3.200.v20160318-1642.jar:/usr/share/java/jayatanaag.jar:/home/mengjingshi/.m2/repository/org/jacoco/org.jacoco.agent/0.7.7.201606060606/org.jacoco.agent-0.7.7.201606060606-runtime.jar"/>
    <property name="sun.java.command" value="/home/mengjingshi/.m2/repository/p2/osgi/bundle/org.eclipse.equinox.launcher/1.3.200.v20160318-1642/org.eclipse.equinox.launcher-1.3.200.v20160318-1642.jar -data /home/mengjingshi/Documents/workspace/org.eclipse.cdt/core/org.eclipse.cdt.ui.tests/target/work/data -install /home/mengjingshi/Documents/workspace/org.eclipse.cdt/core/org.eclipse.cdt.ui.tests/target/work -configuration /home/mengjingshi/Documents/workspace/org.eclipse.cdt/core/org.eclipse.cdt.ui.tests/target/work/configuration -application org.eclipse.tycho.surefire.osgibooter.uitest -testproperties /home/mengjingshi/Documents/workspace/org.eclipse.cdt/core/org.eclipse.cdt.ui.tests/target/surefire.properties"/>
    <property name="java.vm.specification.name" value="Java Virtual Machine Specification"/>
    <property name="java.vm.specification.version" value="1.8"/>
    <property name="sun.os.patch.level" value="unknown"/>
    <property name="sun.cpu.endian" value="little"/>
    <property name="gosh.args" value="--nointeractive"/>
    <property name="java.io.tmpdir" value="/tmp"/>
    <property name="java.vendor.url.bug" value="http://bugreport.sun.com/bugreport/"/>
    <property name="applicationXMI" value="org.eclipse.ui.workbench/LegacyIDE.e4xmi"/>
    <property name="eclipse.home.location" value="file:/home/mengjingshi/Documents/workspace/org.eclipse.cdt/core/org.eclipse.cdt.ui.tests/target/work/"/>
    <property name="java.awt.graphicsenv" value="sun.awt.X11GraphicsEnvironment"/>
    <property name="os.arch" value="i386"/>
    <property name="java.ext.dirs" value="/usr/lib/jvm/java-8-openjdk-i386/jre/lib/ext:/usr/java/packages/lib/ext"/>
    <property name="user.dir" value="/home/mengjingshi/Documents/workspace/org.eclipse.cdt/core/org.eclipse.cdt.ui.tests"/>
    <property name="org.osgi.supports.framework.requirebundle" value="true"/>
    <property name="osgi.clean" value="true"/>
    <property name="line.separator" value="&#10;"/>
    <property name="java.vm.name" value="OpenJDK Server VM"/>
    <property name="org.eclipse.swt.internal.gtk.version" value="3.14.13"/>
    <property name="file.encoding" value="UTF-8"/>
    <property name="java.specification.version" value="1.8"/>
    <property name="org.osgi.framework.executionenvironment" value="OSGi/Minimum-1.0,OSGi/Minimum-1.1,OSGi/Minimum-1.2,JavaSE/compact1-1.8,JavaSE/compact2-1.8,JavaSE/compact3-1.8,JRE-1.1,J2SE-1.2,J2SE-1.3,J2SE-1.4,J2SE-1.5,JavaSE-1.6,JavaSE-1.7,JavaSE-1.8"/>
    <property name="osgi.configuration.area" value="file:/home/mengjingshi/Documents/workspace/org.eclipse.cdt/core/org.eclipse.cdt.ui.tests/target/work/configuration/"/>
    <property name="osgi.logfile" value="/home/mengjingshi/Documents/workspace/org.eclipse.cdt/core/org.eclipse.cdt.ui.tests/target/work/data/.metadata/.log"/>
  </properties>
  <testcase name="testBoundaryConditions1" classname="org.eclipse.cdt.ui.tests.text.doctools.CommentOwnerManagerTests" time="0.918"/>
  <testcase name="testBoundaryConditions2" classname="org.eclipse.cdt.ui.tests.text.doctools.CommentOwnerManagerTests" time="0.141"/>
  <testcase name="testWorkspaceRootLevel" classname="org.eclipse.cdt.ui.tests.text.doctools.CommentOwnerManagerTests" time="0.302"/>
  <testcase name="testDocListenerEvents_221109" classname="org.eclipse.cdt.ui.tests.text.doctools.CommentOwnerManagerTests" time="0.174"/>
  <testcase name="testProjectLevel" classname="org.eclipse.cdt.ui.tests.text.doctools.CommentOwnerManagerTests" time="0.311"/>
  <testcase name="testDCOM_BDFG" classname="org.eclipse.cdt.ui.tests.text.doctools.DocCommentHighlightingTest" time="4.956"/>
  <testcase name="testDCOM_PUNC" classname="org.eclipse.cdt.ui.tests.text.doctools.DocCommentHighlightingTest" time="2.919"/>
  <testcase name="testDCOM_ABC" classname="org.eclipse.cdt.ui.tests.text.doctools.DocCommentHighlightingTest" time="2.827"/>
  <testcase name="testDCOM_A" classname="org.eclipse.cdt.ui.tests.text.doctools.DocCommentHighlightingTest" time="2.784"/>
  <testcase name="testDCOM_B" classname="org.eclipse.cdt.ui.tests.text.doctools.DocCommentHighlightingTest" time="2.739"/>
  <testcase name="testDCOM_C" classname="org.eclipse.cdt.ui.tests.text.doctools.DocCommentHighlightingTest" time="2.711"/>
  <testcase name="testAutoDocCommentDestructor" classname="org.eclipse.cdt.ui.tests.text.doctools.doxygen.DoxygenCCommentAutoEditStrategyTest" time="0.134"/>
  <testcase name="testAutoDocCommentContent17_Dec" classname="org.eclipse.cdt.ui.tests.text.doctools.doxygen.DoxygenCCommentAutoEditStrategyTest" time="0.041"/>
  <testcase name="testAutoDocCommentContent11" classname="org.eclipse.cdt.ui.tests.text.doctools.doxygen.DoxygenCCommentAutoEditStrategyTest" time="0.04"/>
  <testcase name="testAutoDocCommentContent13" classname="org.eclipse.cdt.ui.tests.text.doctools.doxygen.DoxygenCCommentAutoEditStrategyTest" time="0.031"/>
  <testcase name="testAutoDocCommentContent14" classname="org.eclipse.cdt.ui.tests.text.doctools.doxygen.DoxygenCCommentAutoEditStrategyTest" time="0.079"/>
  <testcase name="testAutoDocCommentContent15" classname="org.eclipse.cdt.ui.tests.text.doctools.doxygen.DoxygenCCommentAutoEditStrategyTest" time="0.04"/>
  <testcase name="testAutoDocCommentContent17" classname="org.eclipse.cdt.ui.tests.text.doctools.doxygen.DoxygenCCommentAutoEditStrategyTest" time="0.089"/>
  <testcase name="testAutoDocCommentContent18" classname="org.eclipse.cdt.ui.tests.text.doctools.doxygen.DoxygenCCommentAutoEditStrategyTest" time="0.152"/>
  <testcase name="testAutoDocCommentContent19" classname="org.eclipse.cdt.ui.tests.text.doctools.doxygen.DoxygenCCommentAutoEditStrategyTest" time="0.04"/>
  <testcase name="testAutoDocCommentContent20" classname="org.eclipse.cdt.ui.tests.text.doctools.doxygen.DoxygenCCommentAutoEditStrategyTest" time="0.044"/>
  <testcase name="testAutoDocCommentContent9b" classname="org.eclipse.cdt.ui.tests.text.doctools.doxygen.DoxygenCCommentAutoEditStrategyTest" time="0.032"/>
  <testcase name="testAutoDocCommentContent9c" classname="org.eclipse.cdt.ui.tests.text.doctools.doxygen.DoxygenCCommentAutoEditStrategyTest" time="0.039"/>
  <testcase name="testAutoDocCommentContent3_Dec" classname="org.eclipse.cdt.ui.tests.text.doctools.doxygen.DoxygenCCommentAutoEditStrategyTest" time="0.032"/>
  <testcase name="testAutoDocCommentContent4_Dec" classname="org.eclipse.cdt.ui.tests.text.doctools.doxygen.DoxygenCCommentAutoEditStrategyTest" time="0.032"/>
  <testcase name="testAutoDocCommentContent5_Dec" classname="org.eclipse.cdt.ui.tests.text.doctools.doxygen.DoxygenCCommentAutoEditStrategyTest" time="0.018"/>
  <testcase name="testAutoDocCommentContent6_Dec" classname="org.eclipse.cdt.ui.tests.text.doctools.doxygen.DoxygenCCommentAutoEditStrategyTest" time="0.043"/>
  <testcase name="testAutoDocCommentContent7_Dec" classname="org.eclipse.cdt.ui.tests.text.doctools.doxygen.DoxygenCCommentAutoEditStrategyTest" time="0.05"/>
  <testcase name="testAutoDocCommentExternC1" classname="org.eclipse.cdt.ui.tests.text.doctools.doxygen.DoxygenCCommentAutoEditStrategyTest" time="0.044"/>
  <testcase name="testAutoDocCommentExternC2" classname="org.eclipse.cdt.ui.tests.text.doctools.doxygen.DoxygenCCommentAutoEditStrategyTest" time="0.049"/>
  <testcase name="testAutoDocCommentExternC3" classname="org.eclipse.cdt.ui.tests.text.doctools.doxygen.DoxygenCCommentAutoEditStrategyTest" time="0.046"/>
  <testcase name="testAutoDocCommentContent21_238852_a" classname="org.eclipse.cdt.ui.tests.text.doctools.doxygen.DoxygenCCommentAutoEditStrategyTest" time="0.037"/>
  <testcase name="testAutoDocCommentContent21_238852_b" classname="org.eclipse.cdt.ui.tests.text.doctools.doxygen.DoxygenCCommentAutoEditStrategyTest" time="0.036"/>
  <testcase name="testAutoDocCommentContent21_238852_c" classname="org.eclipse.cdt.ui.tests.text.doctools.doxygen.DoxygenCCommentAutoEditStrategyTest" time="0.033"/>
  <testcase name="testAutoDocCommentContent21_238852_d" classname="org.eclipse.cdt.ui.tests.text.doctools.doxygen.DoxygenCCommentAutoEditStrategyTest" time="0.037"/>
  <testcase name="testAutoDocCommentContent1" classname="org.eclipse.cdt.ui.tests.text.doctools.doxygen.DoxygenCCommentAutoEditStrategyTest" time="0.045"/>
  <testcase name="testAutoDocCommentContent2" classname="org.eclipse.cdt.ui.tests.text.doctools.doxygen.DoxygenCCommentAutoEditStrategyTest" time="0.023"/>
  <testcase name="testAutoDocCommentContent3" classname="org.eclipse.cdt.ui.tests.text.doctools.doxygen.DoxygenCCommentAutoEditStrategyTest" time="0.032"/>
  <testcase name="testAutoDocCommentContent4" classname="org.eclipse.cdt.ui.tests.text.doctools.doxygen.DoxygenCCommentAutoEditStrategyTest" time="0.028"/>
  <testcase name="testAutoDocCommentContent5" classname="org.eclipse.cdt.ui.tests.text.doctools.doxygen.DoxygenCCommentAutoEditStrategyTest" time="0.023"/>
  <testcase name="testAutoDocCommentContent6" classname="org.eclipse.cdt.ui.tests.text.doctools.doxygen.DoxygenCCommentAutoEditStrategyTest" time="0.037"/>
  <testcase name="testAutoDocCommentContent7" classname="org.eclipse.cdt.ui.tests.text.doctools.doxygen.DoxygenCCommentAutoEditStrategyTest" time="0.028"/>
  <testcase name="testAutoDocCommentContent8" classname="org.eclipse.cdt.ui.tests.text.doctools.doxygen.DoxygenCCommentAutoEditStrategyTest" time="0.031"/>
  <testcase name="testAutoDocCommentContent9" classname="org.eclipse.cdt.ui.tests.text.doctools.doxygen.DoxygenCCommentAutoEditStrategyTest" time="0.025"/>
  <testcase name="testAutoDocCommentConstructor1" classname="org.eclipse.cdt.ui.tests.text.doctools.doxygen.DoxygenCCommentAutoEditStrategyTest" time="0.035"/>
  <testcase name="testAutoDocCommentConstructor2" classname="org.eclipse.cdt.ui.tests.text.doctools.doxygen.DoxygenCCommentAutoEditStrategyTest" time="0.023"/>
  <testcase name="_testAutoDocCommentContent10" classname="org.eclipse.cdt.ui.tests.text.doctools.doxygen.DoxygenCCommentAutoEditStrategyTest" time="0.029"/>
  <testcase name="_testAutoDocCommentContent16" classname="org.eclipse.cdt.ui.tests.text.doctools.doxygen.DoxygenCCommentAutoEditStrategyTest" time="0.033"/>
  <testcase name="testAutoDocCommentDestructor" classname="org.eclipse.cdt.ui.tests.text.doctools.doxygen.DoxygenCCommentSingleAutoEditStrategyTest" time="0.023"/>
  <testcase name="testAutoDocCommentContent17_Dec" classname="org.eclipse.cdt.ui.tests.text.doctools.doxygen.DoxygenCCommentSingleAutoEditStrategyTest" time="0.033"/>
  <testcase name="testAutoDocCommentContent4b_Dec" classname="org.eclipse.cdt.ui.tests.text.doctools.doxygen.DoxygenCCommentSingleAutoEditStrategyTest" time="0.024"/>
  <testcase name="testAutoDocCommentContent11" classname="org.eclipse.cdt.ui.tests.text.doctools.doxygen.DoxygenCCommentSingleAutoEditStrategyTest" time="0.026"/>
  <testcase name="testAutoDocCommentContent13" classname="org.eclipse.cdt.ui.tests.text.doctools.doxygen.DoxygenCCommentSingleAutoEditStrategyTest" time="0.025"/>
  <testcase name="testAutoDocCommentContent14" classname="org.eclipse.cdt.ui.tests.text.doctools.doxygen.DoxygenCCommentSingleAutoEditStrategyTest" time="0.023"/>
  <testcase name="testAutoDocCommentContent15" classname="org.eclipse.cdt.ui.tests.text.doctools.doxygen.DoxygenCCommentSingleAutoEditStrategyTest" time="0.022"/>
  <testcase name="testAutoDocCommentContent17" classname="org.eclipse.cdt.ui.tests.text.doctools.doxygen.DoxygenCCommentSingleAutoEditStrategyTest" time="0.025"/>
  <testcase name="testAutoDocCommentContent18" classname="org.eclipse.cdt.ui.tests.text.doctools.doxygen.DoxygenCCommentSingleAutoEditStrategyTest" time="0.022"/>
  <testcase name="testAutoDocCommentContent19" classname="org.eclipse.cdt.ui.tests.text.doctools.doxygen.DoxygenCCommentSingleAutoEditStrategyTest" time="0.023"/>
  <testcase name="testAutoDocCommentContent20" classname="org.eclipse.cdt.ui.tests.text.doctools.doxygen.DoxygenCCommentSingleAutoEditStrategyTest" time="0.025"/>
  <testcase name="testAutoDocCommentContent2b" classname="org.eclipse.cdt.ui.tests.text.doctools.doxygen.DoxygenCCommentSingleAutoEditStrategyTest" time="0.023"/>
  <testcase name="testAutoDocCommentContent6b" classname="org.eclipse.cdt.ui.tests.text.doctools.doxygen.DoxygenCCommentSingleAutoEditStrategyTest" time="0.023"/>
  <testcase name="testAutoDocCommentContent7b" classname="org.eclipse.cdt.ui.tests.text.doctools.doxygen.DoxygenCCommentSingleAutoEditStrategyTest" time="0.018"/>
  <testcase name="testAutoDocCommentContent9b" classname="org.eclipse.cdt.ui.tests.text.doctools.doxygen.DoxygenCCommentSingleAutoEditStrategyTest" time="0.058"/>
  <testcase name="testAutoDocCommentContent9c" classname="org.eclipse.cdt.ui.tests.text.doctools.doxygen.DoxygenCCommentSingleAutoEditStrategyTest" time="0.02"/>
  <testcase name="testAutoDocCommentContent9d" classname="org.eclipse.cdt.ui.tests.text.doctools.doxygen.DoxygenCCommentSingleAutoEditStrategyTest" time="0.021"/>
  <testcase name="testAutoDocCommentContent9e" classname="org.eclipse.cdt.ui.tests.text.doctools.doxygen.DoxygenCCommentSingleAutoEditStrategyTest" time="0.036"/>
  <testcase name="testAutoDocCommentContent3_Dec" classname="org.eclipse.cdt.ui.tests.text.doctools.doxygen.DoxygenCCommentSingleAutoEditStrategyTest" time="0.022"/>
  <testcase name="testAutoDocCommentContent4_Dec" classname="org.eclipse.cdt.ui.tests.text.doctools.doxygen.DoxygenCCommentSingleAutoEditStrategyTest" time="0.025"/>
  <testcase name="testAutoDocCommentContent5_Dec" classname="org.eclipse.cdt.ui.tests.text.doctools.doxygen.DoxygenCCommentSingleAutoEditStrategyTest" time="0.025"/>
  <testcase name="testAutoDocCommentContent6_Dec" classname="org.eclipse.cdt.ui.tests.text.doctools.doxygen.DoxygenCCommentSingleAutoEditStrategyTest" time="0.019"/>
  <testcase name="testAutoDocCommentContent7_Dec" classname="org.eclipse.cdt.ui.tests.text.doctools.doxygen.DoxygenCCommentSingleAutoEditStrategyTest" time="0.022"/>
  <testcase name="testAutoDocCommentExternC1" classname="org.eclipse.cdt.ui.tests.text.doctools.doxygen.DoxygenCCommentSingleAutoEditStrategyTest" time="0.025"/>
  <testcase name="testAutoDocCommentExternC2" classname="org.eclipse.cdt.ui.tests.text.doctools.doxygen.DoxygenCCommentSingleAutoEditStrategyTest" time="0.023"/>
  <testcase name="testAutoDocCommentExternC3" classname="org.eclipse.cdt.ui.tests.text.doctools.doxygen.DoxygenCCommentSingleAutoEditStrategyTest" time="0.023"/>
  <testcase name="testAutoDocCommentContent21_238852_a" classname="org.eclipse.cdt.ui.tests.text.doctools.doxygen.DoxygenCCommentSingleAutoEditStrategyTest" time="0.034"/>
  <testcase name="testAutoDocCommentContent21_238852_b" classname="org.eclipse.cdt.ui.tests.text.doctools.doxygen.DoxygenCCommentSingleAutoEditStrategyTest" time="0.022"/>
  <testcase name="testAutoDocCommentContent21_238852_c" classname="org.eclipse.cdt.ui.tests.text.doctools.doxygen.DoxygenCCommentSingleAutoEditStrategyTest" time="0.027"/>
  <testcase name="testAutoDocCommentContent21_238852_d" classname="org.eclipse.cdt.ui.tests.text.doctools.doxygen.DoxygenCCommentSingleAutoEditStrategyTest" time="0.02"/>
  <testcase name="testAutoDocCommentContent1" classname="org.eclipse.cdt.ui.tests.text.doctools.doxygen.DoxygenCCommentSingleAutoEditStrategyTest" time="0.023"/>
  <testcase name="testAutoDocCommentContent2" classname="org.eclipse.cdt.ui.tests.text.doctools.doxygen.DoxygenCCommentSingleAutoEditStrategyTest" time="0.022"/>
  <testcase name="testAutoDocCommentContent3" classname="org.eclipse.cdt.ui.tests.text.doctools.doxygen.DoxygenCCommentSingleAutoEditStrategyTest" time="0.029"/>
  <testcase name="testAutoDocCommentContent4" classname="org.eclipse.cdt.ui.tests.text.doctools.doxygen.DoxygenCCommentSingleAutoEditStrategyTest" time="0.025"/>
  <testcase name="testAutoDocCommentContent5" classname="org.eclipse.cdt.ui.tests.text.doctools.doxygen.DoxygenCCommentSingleAutoEditStrategyTest" time="0.022"/>
  <testcase name="testAutoDocCommentContent6" classname="org.eclipse.cdt.ui.tests.text.doctools.doxygen.DoxygenCCommentSingleAutoEditStrategyTest" time="0.021"/>
  <testcase name="testAutoDocCommentContent7" classname="org.eclipse.cdt.ui.tests.text.doctools.doxygen.DoxygenCCommentSingleAutoEditStrategyTest" time="0.023"/>
  <testcase name="testAutoDocCommentContent8" classname="org.eclipse.cdt.ui.tests.text.doctools.doxygen.DoxygenCCommentSingleAutoEditStrategyTest" time="0.034"/>
  <testcase name="testAutoDocCommentContent9" classname="org.eclipse.cdt.ui.tests.text.doctools.doxygen.DoxygenCCommentSingleAutoEditStrategyTest" time="0.021"/>
  <testcase name="testAutoDocCommentConstructor1" classname="org.eclipse.cdt.ui.tests.text.doctools.doxygen.DoxygenCCommentSingleAutoEditStrategyTest" time="0.028"/>
  <testcase name="testAutoDocCommentConstructor2" classname="org.eclipse.cdt.ui.tests.text.doctools.doxygen.DoxygenCCommentSingleAutoEditStrategyTest" time="0.038"/>
  <testcase name="_testAutoDocCommentContent10" classname="org.eclipse.cdt.ui.tests.text.doctools.doxygen.DoxygenCCommentSingleAutoEditStrategyTest" time="0.028"/>
  <testcase name="_testAutoDocCommentContent16" classname="org.eclipse.cdt.ui.tests.text.doctools.doxygen.DoxygenCCommentSingleAutoEditStrategyTest" time="0.034"/>
  <testcase name="testPerformance" classname="org.eclipse.cdt.ui.tests.text.PartitionTokenScannerTest" time="0.238"/>
  <testcase name="testIntraPartitionChange2" classname="org.eclipse.cdt.ui.tests.text.CPartitionerTest" time="0.005"/>
  <testcase name="testInsertCharacterPartition" classname="org.eclipse.cdt.ui.tests.text.CPartitionerTest" time="0.001"/>
  <testcase name="testEditingPreprocessor" classname="org.eclipse.cdt.ui.tests.text.CPartitionerTest" time="0.001"/>
  <testcase name="testEditing1" classname="org.eclipse.cdt.ui.tests.text.CPartitionerTest" time="0"/>
  <testcase name="testEditing2" classname="org.eclipse.cdt.ui.tests.text.CPartitionerTest" time="0.001"/>
  <testcase name="testEditing3" classname="org.eclipse.cdt.ui.tests.text.CPartitionerTest" time="0"/>
  <testcase name="testEditingString" classname="org.eclipse.cdt.ui.tests.text.CPartitionerTest" time="0.001"/>
  <testcase name="testRawString_Bug352544" classname="org.eclipse.cdt.ui.tests.text.CPartitionerTest" time="0"/>
  <testcase name="testIntraPartitionChange" classname="org.eclipse.cdt.ui.tests.text.CPartitionerTest" time="0"/>
  <testcase name="testEditingCharacter" classname="org.eclipse.cdt.ui.tests.text.CPartitionerTest" time="0.001"/>
  <testcase name="testExtendPartition" classname="org.eclipse.cdt.ui.tests.text.CPartitionerTest" time="0"/>
  <testcase name="testSplitPartition1" classname="org.eclipse.cdt.ui.tests.text.CPartitionerTest" time="0"/>
  <testcase name="testSplitPartition2" classname="org.eclipse.cdt.ui.tests.text.CPartitionerTest" time="0"/>
  <testcase name="testSplitPartition3" classname="org.eclipse.cdt.ui.tests.text.CPartitionerTest" time="0.004"/>
  <testcase name="testInitialPartitioning" classname="org.eclipse.cdt.ui.tests.text.CPartitionerTest" time="0"/>
  <testcase name="testCommentInPreprocessorString" classname="org.eclipse.cdt.ui.tests.text.CPartitionerTest" time="0.001"/>
  <testcase name="testTogglePartition" classname="org.eclipse.cdt.ui.tests.text.CPartitionerTest" time="0"/>
  <testcase name="testJoinPartitions1" classname="org.eclipse.cdt.ui.tests.text.CPartitionerTest" time="0"/>
  <testcase name="testJoinPartitions2" classname="org.eclipse.cdt.ui.tests.text.CPartitionerTest" time="0.001"/>
  <testcase name="testInsertStringPartition" classname="org.eclipse.cdt.ui.tests.text.CPartitionerTest" time="0"/>
  <testcase name="testLineSplicing_Bug124113" classname="org.eclipse.cdt.ui.tests.text.CPartitionerTest" time="0.001"/>
  <testcase name="testRemovePartition1" classname="org.eclipse.cdt.ui.tests.text.CPartitionerTest" time="0"/>
  <testcase name="testRemovePartition2" classname="org.eclipse.cdt.ui.tests.text.CPartitionerTest" time="0"/>
  <testcase name="testInsertNewPartition" classname="org.eclipse.cdt.ui.tests.text.CPartitionerTest" time="0"/>
  <testcase name="testRawString1" classname="org.eclipse.cdt.ui.tests.text.CPartitionerTest" time="0.001"/>
  <testcase name="testRawString2" classname="org.eclipse.cdt.ui.tests.text.CPartitionerTest" time="0"/>
  <testcase name="testRawString3" classname="org.eclipse.cdt.ui.tests.text.CPartitionerTest" time="0.001"/>
  <testcase name="testInsertPreprocessorPartition" classname="org.eclipse.cdt.ui.tests.text.CPartitionerTest" time="0"/>
  <testcase name="testJoinPartition3" classname="org.eclipse.cdt.ui.tests.text.CPartitionerTest" time="0"/>
  <testcase name="testEditingRawString1" classname="org.eclipse.cdt.ui.tests.text.CPartitionerTest" time="0.001"/>
  <testcase name="testEditingRawString2" classname="org.eclipse.cdt.ui.tests.text.CPartitionerTest" time="0.003"/>
  <testcase name="testEditingRawString3" classname="org.eclipse.cdt.ui.tests.text.CPartitionerTest" time="0.001"/>
  <testcase name="testPartitionFinder" classname="org.eclipse.cdt.ui.tests.text.CPartitionerTest" time="0"/>
  <testcase name="testCorruptPartitioning1" classname="org.eclipse.cdt.ui.tests.text.CPartitionerTest" time="0"/>
  <testcase name="testCorruptPartitioning2" classname="org.eclipse.cdt.ui.tests.text.CPartitionerTest" time="0.001"/>
  <testcase name="testCorruptPartitioning3" classname="org.eclipse.cdt.ui.tests.text.CPartitionerTest" time="0"/>
  <testcase name="testString1" classname="org.eclipse.cdt.ui.tests.text.CPartitionerTest" time="0"/>
  <testcase name="testString2" classname="org.eclipse.cdt.ui.tests.text.CPartitionerTest" time="0.001"/>
  <testcase name="testOpenPartition1" classname="org.eclipse.cdt.ui.tests.text.CPartitionerTest" time="0"/>
  <testcase name="testOpenPartition2" classname="org.eclipse.cdt.ui.tests.text.CPartitionerTest" time="0"/>
  <testcase name="testIntraPartitionChange2" classname="org.eclipse.cdt.ui.tests.text.AsmPartitionerTest" time="0.003"/>
  <testcase name="testInsertCharacterPartition" classname="org.eclipse.cdt.ui.tests.text.AsmPartitionerTest" time="0.001"/>
  <testcase name="testEditingPreprocessor" classname="org.eclipse.cdt.ui.tests.text.AsmPartitionerTest" time="0.001"/>
  <testcase name="testEditing1" classname="org.eclipse.cdt.ui.tests.text.AsmPartitionerTest" time="0"/>
  <testcase name="testEditing2" classname="org.eclipse.cdt.ui.tests.text.AsmPartitionerTest" time="0"/>
  <testcase name="testEditing3" classname="org.eclipse.cdt.ui.tests.text.AsmPartitionerTest" time="0.001"/>
  <testcase name="testSingleLineComment_AtSign" classname="org.eclipse.cdt.ui.tests.text.AsmPartitionerTest" time="0"/>
  <testcase name="testEditingString" classname="org.eclipse.cdt.ui.tests.text.AsmPartitionerTest" time="0.001"/>
  <testcase name="testIntraPartitionChange" classname="org.eclipse.cdt.ui.tests.text.AsmPartitionerTest" time="0"/>
  <testcase name="testNoSingleLineComment_Dollar" classname="org.eclipse.cdt.ui.tests.text.AsmPartitionerTest" time="0"/>
  <testcase name="testEditingCharacter" classname="org.eclipse.cdt.ui.tests.text.AsmPartitionerTest" time="0.001"/>
  <testcase name="testSingleLineComment_Hash" classname="org.eclipse.cdt.ui.tests.text.AsmPartitionerTest" time="0"/>
  <testcase name="testSingleLineComment_Star" classname="org.eclipse.cdt.ui.tests.text.AsmPartitionerTest" time="0"/>
  <testcase name="testExtendPartition" classname="org.eclipse.cdt.ui.tests.text.AsmPartitionerTest" time="0.001"/>
  <testcase name="testSplitPartition1" classname="org.eclipse.cdt.ui.tests.text.AsmPartitionerTest" time="0"/>
  <testcase name="testSplitPartition2" classname="org.eclipse.cdt.ui.tests.text.AsmPartitionerTest" time="0"/>
  <testcase name="testSplitPartition3" classname="org.eclipse.cdt.ui.tests.text.AsmPartitionerTest" time="0"/>
  <testcase name="testInitialPartitioning" classname="org.eclipse.cdt.ui.tests.text.AsmPartitionerTest" time="0"/>
  <testcase name="testTogglePartition" classname="org.eclipse.cdt.ui.tests.text.AsmPartitionerTest" time="0"/>
  <testcase name="testJoinPartitions1" classname="org.eclipse.cdt.ui.tests.text.AsmPartitionerTest" time="0"/>
  <testcase name="testJoinPartitions2" classname="org.eclipse.cdt.ui.tests.text.AsmPartitionerTest" time="0.001"/>
  <testcase name="testInsertStringPartition" classname="org.eclipse.cdt.ui.tests.text.AsmPartitionerTest" time="0"/>
  <testcase name="testLineSplicing_Bug124113" classname="org.eclipse.cdt.ui.tests.text.AsmPartitionerTest" time="0"/>
  <testcase name="testRemovePartition1" classname="org.eclipse.cdt.ui.tests.text.AsmPartitionerTest" time="0"/>
  <testcase name="testRemovePartition2" classname="org.eclipse.cdt.ui.tests.text.AsmPartitionerTest" time="0"/>
  <testcase name="testInsertNewPartition" classname="org.eclipse.cdt.ui.tests.text.AsmPartitionerTest" time="0"/>
  <testcase name="testInsertPreprocessorPartition" classname="org.eclipse.cdt.ui.tests.text.AsmPartitionerTest" time="0.001"/>
  <testcase name="testSingleLineComment_Semicolon" classname="org.eclipse.cdt.ui.tests.text.AsmPartitionerTest" time="0"/>
  <testcase name="testJoinPartition3" classname="org.eclipse.cdt.ui.tests.text.AsmPartitionerTest" time="0.001"/>
  <testcase name="testSingleLineComment_CppStyle" classname="org.eclipse.cdt.ui.tests.text.AsmPartitionerTest" time="0"/>
  <testcase name="testPartitionFinder" classname="org.eclipse.cdt.ui.tests.text.AsmPartitionerTest" time="0.001"/>
  <testcase name="testCorruptPartitioning1" classname="org.eclipse.cdt.ui.tests.text.AsmPartitionerTest" time="0"/>
  <testcase name="testCorruptPartitioning2" classname="org.eclipse.cdt.ui.tests.text.AsmPartitionerTest" time="0"/>
  <testcase name="testCorruptPartitioning3" classname="org.eclipse.cdt.ui.tests.text.AsmPartitionerTest" time="0.001"/>
  <testcase name="testOpenPartition1" classname="org.eclipse.cdt.ui.tests.text.AsmPartitionerTest" time="0"/>
  <testcase name="testOpenPartition2" classname="org.eclipse.cdt.ui.tests.text.AsmPartitionerTest" time="0"/>
  <testcase name="testPasteLineCommentAutoIndent" classname="org.eclipse.cdt.ui.tests.text.CAutoIndentTest" time="0.025"/>
  <testcase name="testPasteBlockCommentAutoIndent" classname="org.eclipse.cdt.ui.tests.text.CAutoIndentTest" time="0.003"/>
  <testcase name="testPasteAutoIndent" classname="org.eclipse.cdt.ui.tests.text.CAutoIndentTest" time="0.003"/>
  <testcase name="testTabsAsSpaces_SmartIndentDisabled_Bug242707" classname="org.eclipse.cdt.ui.tests.text.CAutoIndentTest" time="0.008"/>
  <testcase name="testPreprocessorAutoIndent" classname="org.eclipse.cdt.ui.tests.text.CAutoIndentTest" time="0.005"/>
  <testcase name="testBracketWithSemiColonInsertion" classname="org.eclipse.cdt.ui.tests.text.CAutoIndentTest" time="0.056"/>
  <testcase name="testCopyCommentPrefix_Bug327311" classname="org.eclipse.cdt.ui.tests.text.CAutoIndentTest" time="0.002"/>
  <testcase name="testCAutoIndent" classname="org.eclipse.cdt.ui.tests.text.CAutoIndentTest" time="0.006"/>
  <testcase name="testSkipToStatementStartWhitesmiths_Bug311018" classname="org.eclipse.cdt.ui.tests.text.CAutoIndentTest" time="0.003"/>
  <testcase name="testSmartPaste_Bug215310" classname="org.eclipse.cdt.ui.tests.text.CAutoIndentTest" time="0.002"/>
  <testcase name="testBracketIndentForConstructorDefinition_Bug183814" classname="org.eclipse.cdt.ui.tests.text.CAutoIndentTest" time="0.003"/>
  <testcase name="testBracketInsertion" classname="org.eclipse.cdt.ui.tests.text.CAutoIndentTest" time="0.005"/>
  <testcase name="testCCommentAutoIndent" classname="org.eclipse.cdt.ui.tests.text.CAutoIndentTest" time="0.001"/>
  <testcase name="testSmartIndentAfterArrayIndexOperator_Bug291821" classname="org.eclipse.cdt.ui.tests.text.CAutoIndentTest" time="0.003"/>
  <testcase name="testIndentInsideNamespaceDefinition_Bug188007" classname="org.eclipse.cdt.ui.tests.text.CAutoIndentTest" time="0.004"/>
  <testcase name="testSmartPasteWhitesmiths_Bug180531" classname="org.eclipse.cdt.ui.tests.text.CAutoIndentTest" time="0.004"/>
  <testcase name="testDefaultAutoIndent" classname="org.eclipse.cdt.ui.tests.text.CAutoIndentTest" time="0.004"/>
  <testcase name="testAutoIndentDisabled_Bug219923" classname="org.eclipse.cdt.ui.tests.text.CAutoIndentTest" time="0.003"/>
  <testcase name="testIndentation1" classname="org.eclipse.cdt.ui.tests.text.CHeuristicScannerTest" time="0.002"/>
  <testcase name="testIndentation2" classname="org.eclipse.cdt.ui.tests.text.CHeuristicScannerTest" time="0.001"/>
  <testcase name="testIndentation3" classname="org.eclipse.cdt.ui.tests.text.CHeuristicScannerTest" time="0.002"/>
  <testcase name="testIndentation4" classname="org.eclipse.cdt.ui.tests.text.CHeuristicScannerTest" time="0.001"/>
  <testcase name="testIndentation5" classname="org.eclipse.cdt.ui.tests.text.CHeuristicScannerTest" time="0.002"/>
  <testcase name="testIndentation6" classname="org.eclipse.cdt.ui.tests.text.CHeuristicScannerTest" time="0.001"/>
  <testcase name="testIndentation7" classname="org.eclipse.cdt.ui.tests.text.CHeuristicScannerTest" time="0.002"/>
  <testcase name="testIndentation8" classname="org.eclipse.cdt.ui.tests.text.CHeuristicScannerTest" time="0.001"/>
  <testcase name="testIndentation9" classname="org.eclipse.cdt.ui.tests.text.CHeuristicScannerTest" time="0.001"/>
  <testcase name="testIndentation10" classname="org.eclipse.cdt.ui.tests.text.CHeuristicScannerTest" time="0.002"/>
  <testcase name="testIndentation11" classname="org.eclipse.cdt.ui.tests.text.CHeuristicScannerTest" time="0.001"/>
  <testcase name="testIndentation12" classname="org.eclipse.cdt.ui.tests.text.CHeuristicScannerTest" time="0.002"/>
  <testcase name="testIndentation13" classname="org.eclipse.cdt.ui.tests.text.CHeuristicScannerTest" time="0.001"/>
  <testcase name="testIndentation14" classname="org.eclipse.cdt.ui.tests.text.CHeuristicScannerTest" time="0.001"/>
  <testcase name="testIndentation15" classname="org.eclipse.cdt.ui.tests.text.CHeuristicScannerTest" time="0.001"/>
  <testcase name="testIndentation16" classname="org.eclipse.cdt.ui.tests.text.CHeuristicScannerTest" time="0.001"/>
  <testcase name="testIndentation17" classname="org.eclipse.cdt.ui.tests.text.CHeuristicScannerTest" time="0.001"/>
  <testcase name="testIndentation18" classname="org.eclipse.cdt.ui.tests.text.CHeuristicScannerTest" time="0.001"/>
  <testcase name="testIndentation19" classname="org.eclipse.cdt.ui.tests.text.CHeuristicScannerTest" time="0.001"/>
  <testcase name="testIndentation20" classname="org.eclipse.cdt.ui.tests.text.CHeuristicScannerTest" time="0.002"/>
  <testcase name="testIndentation21" classname="org.eclipse.cdt.ui.tests.text.CHeuristicScannerTest" time="0.001"/>
  <testcase name="testIndentation22" classname="org.eclipse.cdt.ui.tests.text.CHeuristicScannerTest" time="0.001"/>
  <testcase name="testIndentation23" classname="org.eclipse.cdt.ui.tests.text.CHeuristicScannerTest" time="0.001"/>
  <testcase name="testIndentation24" classname="org.eclipse.cdt.ui.tests.text.CHeuristicScannerTest" time="0.001"/>
  <testcase name="testIndentation25" classname="org.eclipse.cdt.ui.tests.text.CHeuristicScannerTest" time="0.001"/>
  <testcase name="testIndentation26" classname="org.eclipse.cdt.ui.tests.text.CHeuristicScannerTest" time="0.004"/>
  <testcase name="testIndentation27" classname="org.eclipse.cdt.ui.tests.text.CHeuristicScannerTest" time="0.001"/>
  <testcase name="testIndentation28" classname="org.eclipse.cdt.ui.tests.text.CHeuristicScannerTest" time="0.001"/>
  <testcase name="testIndentation29" classname="org.eclipse.cdt.ui.tests.text.CHeuristicScannerTest" time="0.001"/>
  <testcase name="testIndentation30" classname="org.eclipse.cdt.ui.tests.text.CHeuristicScannerTest" time="0.002"/>
  <testcase name="testIndentation31" classname="org.eclipse.cdt.ui.tests.text.CHeuristicScannerTest" time="0.002"/>
  <testcase name="testIndentation32" classname="org.eclipse.cdt.ui.tests.text.CHeuristicScannerTest" time="0.001"/>
  <testcase name="testIndentation6a" classname="org.eclipse.cdt.ui.tests.text.CHeuristicScannerTest" time="0.001"/>
  <testcase name="testIndentation22a" classname="org.eclipse.cdt.ui.tests.text.CHeuristicScannerTest" time="0.001"/>
  <testcase name="testIndentation22b" classname="org.eclipse.cdt.ui.tests.text.CHeuristicScannerTest" time="0.002"/>
  <testcase name="testListAlignmentMethodDeclaration" classname="org.eclipse.cdt.ui.tests.text.CHeuristicScannerTest" time="0.001"/>
  <testcase name="testBraceAlignmentOfMultilineDeclaration" classname="org.eclipse.cdt.ui.tests.text.CHeuristicScannerTest" time="0.001"/>
  <testcase name="testPrevIndentationUnit10" classname="org.eclipse.cdt.ui.tests.text.CHeuristicScannerTest" time="0.002"/>
  <testcase name="testPrevIndentationUnit11" classname="org.eclipse.cdt.ui.tests.text.CHeuristicScannerTest" time="0.001"/>
  <testcase name="testPrevIndentation1" classname="org.eclipse.cdt.ui.tests.text.CHeuristicScannerTest" time="0.001"/>
  <testcase name="testPrevIndentation2" classname="org.eclipse.cdt.ui.tests.text.CHeuristicScannerTest" time="0.001"/>
  <testcase name="testPrevIndentation3" classname="org.eclipse.cdt.ui.tests.text.CHeuristicScannerTest" time="0.001"/>
  <testcase name="testPrevIndentation4" classname="org.eclipse.cdt.ui.tests.text.CHeuristicScannerTest" time="0.001"/>
  <testcase name="testPrevIndentation5" classname="org.eclipse.cdt.ui.tests.text.CHeuristicScannerTest" time="0.001"/>
  <testcase name="testPrevIndentation6" classname="org.eclipse.cdt.ui.tests.text.CHeuristicScannerTest" time="0.001"/>
  <testcase name="testPrevIndentation7" classname="org.eclipse.cdt.ui.tests.text.CHeuristicScannerTest" time="0.001"/>
  <testcase name="testPrevIndentation8" classname="org.eclipse.cdt.ui.tests.text.CHeuristicScannerTest" time="0.005"/>
  <testcase name="testPrevIndentation9" classname="org.eclipse.cdt.ui.tests.text.CHeuristicScannerTest" time="0.001"/>
  <testcase name="testConditional1" classname="org.eclipse.cdt.ui.tests.text.CHeuristicScannerTest" time="0.001"/>
  <testcase name="testConditional2" classname="org.eclipse.cdt.ui.tests.text.CHeuristicScannerTest" time="0.001"/>
  <testcase name="testListAlignmentArray2" classname="org.eclipse.cdt.ui.tests.text.CHeuristicScannerTest" time="0.005"/>
  <testcase name="testListAlignmentMethodCall" classname="org.eclipse.cdt.ui.tests.text.CHeuristicScannerTest" time="0.001"/>
  <testcase name="testClassInstanceCreationHeuristic" classname="org.eclipse.cdt.ui.tests.text.CHeuristicScannerTest" time="0.002"/>
  <testcase name="testShiftOperator" classname="org.eclipse.cdt.ui.tests.text.CHeuristicScannerTest" time="0.001"/>
  <testcase name="testBlocksInCaseStatements" classname="org.eclipse.cdt.ui.tests.text.CHeuristicScannerTest" time="0.002"/>
  <testcase name="testPrevIndentation10" classname="org.eclipse.cdt.ui.tests.text.CHeuristicScannerTest" time="0.001"/>
  <testcase name="testPrevIndentation11" classname="org.eclipse.cdt.ui.tests.text.CHeuristicScannerTest" time="0.001"/>
  <testcase name="testListAlignmentArray" classname="org.eclipse.cdt.ui.tests.text.CHeuristicScannerTest" time="0.001"/>
  <testcase name="testCompositeTypeDefinitionHeuristic" classname="org.eclipse.cdt.ui.tests.text.CHeuristicScannerTest" time="0.002"/>
  <testcase name="testPrevIndentationUnit1" classname="org.eclipse.cdt.ui.tests.text.CHeuristicScannerTest" time="0.001"/>
  <testcase name="testPrevIndentationUnit2" classname="org.eclipse.cdt.ui.tests.text.CHeuristicScannerTest" time="0.002"/>
  <testcase name="testPrevIndentationUnit4" classname="org.eclipse.cdt.ui.tests.text.CHeuristicScannerTest" time="0.001"/>
  <testcase name="testPrevIndentationUnit5" classname="org.eclipse.cdt.ui.tests.text.CHeuristicScannerTest" time="0.001"/>
  <testcase name="testPrevIndentationUnit6" classname="org.eclipse.cdt.ui.tests.text.CHeuristicScannerTest" time="0.001"/>
  <testcase name="testPrevIndentationUnit7" classname="org.eclipse.cdt.ui.tests.text.CHeuristicScannerTest" time="0.001"/>
  <testcase name="testPrevIndentationUnit8" classname="org.eclipse.cdt.ui.tests.text.CHeuristicScannerTest" time="0.002"/>
  <testcase name="testPrevIndentationUnit9" classname="org.eclipse.cdt.ui.tests.text.CHeuristicScannerTest" time="0.001"/>
  <testcase name="testFieldReferenceHeuristic" classname="org.eclipse.cdt.ui.tests.text.CHeuristicScannerTest" time="0.002"/>
  <testcase name="testMultiplePeerEntry" classname="org.eclipse.cdt.ui.tests.text.BracketInserterTest" time="2.637"/>
  <testcase name="testAngleBrackets" classname="org.eclipse.cdt.ui.tests.text.BracketInserterTest" time="1.914"/>
  <testcase name="testMultipleParenthesisInsertion" classname="org.eclipse.cdt.ui.tests.text.BracketInserterTest" time="1.312"/>
  <testcase name="testPeerEntry" classname="org.eclipse.cdt.ui.tests.text.BracketInserterTest" time="0.812"/>
  <testcase name="testInsertInsideBrackets" classname="org.eclipse.cdt.ui.tests.text.BracketInserterTest" time="0.582"/>
  <testcase name="testInsertClosingQuote" classname="org.eclipse.cdt.ui.tests.text.BracketInserterTest" time="0.571"/>
  <testcase name="testExitOnReturn" classname="org.eclipse.cdt.ui.tests.text.BracketInserterTest" time="1.546"/>
  <testcase name="testExitOnEsc" classname="org.eclipse.cdt.ui.tests.text.BracketInserterTest" time="1.518"/>
  <testcase name="testExitOnTab" classname="org.eclipse.cdt.ui.tests.text.BracketInserterTest" time="2.185"/>
  <testcase name="testNoInsertInsideText" classname="org.eclipse.cdt.ui.tests.text.BracketInserterTest" time="0.636"/>
  <testcase name="testCurlyBraceOutsideParentheses" classname="org.eclipse.cdt.ui.tests.text.BracketInserterTest" time="2.509"/>
  <testcase name="testInsertClosingQuoteInIncludeAtDocumentEnd_Bug309099" classname="org.eclipse.cdt.ui.tests.text.BracketInserterTest" time="2.757"/>
  <testcase name="testAngleBracketsAsOperator" classname="org.eclipse.cdt.ui.tests.text.BracketInserterTest" time="1.406"/>
  <testcase name="testDeletingParenthesis" classname="org.eclipse.cdt.ui.tests.text.BracketInserterTest" time="1.122"/>
  <testcase name="testDeletingMultipleParenthesisInsertion" classname="org.eclipse.cdt.ui.tests.text.BracketInserterTest" time="2.252"/>
  <testcase name="testAngleBracketsInInclude" classname="org.eclipse.cdt.ui.tests.text.BracketInserterTest" time="0.568"/>
  <testcase name="testPreferences" classname="org.eclipse.cdt.ui.tests.text.BracketInserterTest" time="0.579"/>
  <testcase name="testInsertClosingQuoteInMacroDefinition" classname="org.eclipse.cdt.ui.tests.text.BracketInserterTest" time="4.268"/>
  <testcase name="testCurlyBraceInsideParentheses" classname="org.eclipse.cdt.ui.tests.text.BracketInserterTest" time="1.048"/>
  <testcase name="testAngleBrackets_165837" classname="org.eclipse.cdt.ui.tests.text.BracketInserterTest" time="3.887"/>
  <testcase name="testInsertClosingQuoteInInclude" classname="org.eclipse.cdt.ui.tests.text.BracketInserterTest" time="0.781"/>
  <testcase name="testInsertClosingParenthesis" classname="org.eclipse.cdt.ui.tests.text.BracketInserterTest" time="0.592"/>
  <testcase name="testUnchanged" classname="org.eclipse.cdt.ui.tests.text.IndentActionTest" time="0.426"/>
  <testcase name="testComplex" classname="org.eclipse.cdt.ui.tests.text.IndentActionTest" time="0.394"/>
  <testcase name="testSample" classname="org.eclipse.cdt.ui.tests.text.IndentActionTest" time="0.384"/>
  <testcase name="testTemplates" classname="org.eclipse.cdt.ui.tests.text.FormatActionTest" time="0.485"/>
  <testcase name="testBugs" classname="org.eclipse.cdt.ui.tests.text.FormatActionTest" time="0.607"/>
  <testcase name="testPreview" classname="org.eclipse.cdt.ui.tests.text.FormatActionTest" time="0.454"/>
  <testcase name="testComplex" classname="org.eclipse.cdt.ui.tests.text.FormatActionTest" time="0.405"/>
  <testcase name="testSample" classname="org.eclipse.cdt.ui.tests.text.FormatActionTest" time="0.461"/>
  <testcase name="testShiftRight" classname="org.eclipse.cdt.ui.tests.text.ShiftActionTest" time="0.395"/>
  <testcase name="testShiftLeft" classname="org.eclipse.cdt.ui.tests.text.ShiftActionTest" time="0.059"/>
  <testcase name="testTemplateConstructorCall" classname="org.eclipse.cdt.ui.tests.text.CodeFormatterTest" time="0.067"/>
  <testcase name="testArrayInitializer" classname="org.eclipse.cdt.ui.tests.text.CodeFormatterTest" time="0.007"/>
  <testcase name="testCodeCorruptionWithIllegalKeyword_Bug329165" classname="org.eclipse.cdt.ui.tests.text.CodeFormatterTest" time="0.005"/>
  <testcase name="testSpaceAfterCommaInDeclaratorList_Bug234915" classname="org.eclipse.cdt.ui.tests.text.CodeFormatterTest" time="0.004"/>
  <testcase name="testUniversalCharacters_Bug255949" classname="org.eclipse.cdt.ui.tests.text.CodeFormatterTest" time="0.011"/>
  <testcase name="testCppCast_1" classname="org.eclipse.cdt.ui.tests.text.CodeFormatterTest" time="0.007"/>
  <testcase name="testCppCast_2" classname="org.eclipse.cdt.ui.tests.text.CodeFormatterTest" time="0.004"/>
  <testcase name="testInsertSpaceBeforeOpeningParen_Bug190184" classname="org.eclipse.cdt.ui.tests.text.CodeFormatterTest" time="0.004"/>
  <testcase name="testLineWrappingOfInitializerExpression_Bug200961" classname="org.eclipse.cdt.ui.tests.text.CodeFormatterTest" time="0.003"/>
  <testcase name="testMacroFormatting1_Bug241819" classname="org.eclipse.cdt.ui.tests.text.CodeFormatterTest" time="0.005"/>
  <testcase name="testOverloadedLeftShiftChain_Bug373034" classname="org.eclipse.cdt.ui.tests.text.CodeFormatterTest" time="0.08"/>
  <testcase name="testForLoopWrappingAtOpeningBrace" classname="org.eclipse.cdt.ui.tests.text.CodeFormatterTest" time="0.005"/>
  <testcase name="testWhiteSmithsAccessSpecifierIndentation1_Bug204575" classname="org.eclipse.cdt.ui.tests.text.CodeFormatterTest" time="0.004"/>
  <testcase name="testMacroWithinTypedef" classname="org.eclipse.cdt.ui.tests.text.CodeFormatterTest" time="0.007"/>
  <testcase name="testWhitespaceOptionsForExceptionSpecification_Bug243567" classname="org.eclipse.cdt.ui.tests.text.CodeFormatterTest" time="0.005"/>
  <testcase name="testFunctionStyleMacro_1" classname="org.eclipse.cdt.ui.tests.text.CodeFormatterTest" time="0.009"/>
  <testcase name="testFunctionStyleMacro_2" classname="org.eclipse.cdt.ui.tests.text.CodeFormatterTest" time="0.014"/>
  <testcase name="testFunctionStyleMacro_3" classname="org.eclipse.cdt.ui.tests.text.CodeFormatterTest" time="0.009"/>
  <testcase name="testMacroAfterCompoundStatement_Bug356690" classname="org.eclipse.cdt.ui.tests.text.CodeFormatterTest" time="0.008"/>
  <testcase name="testMacroInElseBranch_Bug350689" classname="org.eclipse.cdt.ui.tests.text.CodeFormatterTest" time="0.008"/>
  <testcase name="testMacroDeclaration" classname="org.eclipse.cdt.ui.tests.text.CodeFormatterTest" time="0.005"/>
  <testcase name="testDoubleClosingAngleBrackets_Bug333816" classname="org.eclipse.cdt.ui.tests.text.CodeFormatterTest" time="0.007"/>
  <testcase name="testTryCatchBlock" classname="org.eclipse.cdt.ui.tests.text.CodeFormatterTest" time="0.008"/>
  <testcase name="testConstructorInitializer_1" classname="org.eclipse.cdt.ui.tests.text.CodeFormatterTest" time="0.005"/>
  <testcase name="testConstructorInitializer_2" classname="org.eclipse.cdt.ui.tests.text.CodeFormatterTest" time="0.005"/>
  <testcase name="testPreserveSpaceBetweenNameAnd__attribute__Bug261967" classname="org.eclipse.cdt.ui.tests.text.CodeFormatterTest" time="0.008"/>
  <testcase name="testFormatterProblemsWithTypename_Bug269590" classname="org.eclipse.cdt.ui.tests.text.CodeFormatterTest" time="0.005"/>
  <testcase name="testDesignatedInitializer_Bug314958" classname="org.eclipse.cdt.ui.tests.text.CodeFormatterTest" time="0.018"/>
  <testcase name="testEnum" classname="org.eclipse.cdt.ui.tests.text.CodeFormatterTest" time="0.005"/>
  <testcase name="testUsingDirective" classname="org.eclipse.cdt.ui.tests.text.CodeFormatterTest" time="0.003"/>
  <testcase name="testExpressionInArrayDeclarator_Bug350816" classname="org.eclipse.cdt.ui.tests.text.CodeFormatterTest" time="0.004"/>
  <testcase name="testMacroAsFunctionArguments_Bug253039" classname="org.eclipse.cdt.ui.tests.text.CodeFormatterTest" time="0.004"/>
  <testcase name="testBreakingPrecedence" classname="org.eclipse.cdt.ui.tests.text.CodeFormatterTest" time="0.003"/>
  <testcase name="testCastAsMacro_Bug285901" classname="org.eclipse.cdt.ui.tests.text.CodeFormatterTest" time="0.02"/>
  <testcase name="testNewAndDeleteExpressions" classname="org.eclipse.cdt.ui.tests.text.CodeFormatterTest" time="0.006"/>
  <testcase name="test__attribute__InParameterDecl_Bug206271" classname="org.eclipse.cdt.ui.tests.text.CodeFormatterTest" time="0.004"/>
  <testcase name="testWhiteSmithsAccessSpecifierIndentation3_Bug204575" classname="org.eclipse.cdt.ui.tests.text.CodeFormatterTest" time="0.002"/>
  <testcase name="testFunctionDeclarationFallbackFormat" classname="org.eclipse.cdt.ui.tests.text.CodeFormatterTest" time="0.004"/>
  <testcase name="testFunctionCallWithMultilineStringLiteral" classname="org.eclipse.cdt.ui.tests.text.CodeFormatterTest" time="0.004"/>
  <testcase name="testParenthesizedExpressionInArgumentList_Bug350689" classname="org.eclipse.cdt.ui.tests.text.CodeFormatterTest" time="0.005"/>
  <testcase name="testFunctionTryCatchBlock" classname="org.eclipse.cdt.ui.tests.text.CodeFormatterTest" time="0.007"/>
  <testcase name="testIndentAfterDotE_Bug232739" classname="org.eclipse.cdt.ui.tests.text.CodeFormatterTest" time="0.003"/>
  <testcase name="testConditionalExpression" classname="org.eclipse.cdt.ui.tests.text.CodeFormatterTest" time="0.009"/>
  <testcase name="testWrappingOfTemplateIdAsParameterType_Bug325783" classname="org.eclipse.cdt.ui.tests.text.CodeFormatterTest" time="0.006"/>
  <testcase name="testRangeBasedFor_Bug328472" classname="org.eclipse.cdt.ui.tests.text.CodeFormatterTest" time="0.008"/>
  <testcase name="testFormatGeneratedClass_Bug272006" classname="org.eclipse.cdt.ui.tests.text.CodeFormatterTest" time="0.002"/>
  <testcase name="testForLoopAllman_Bug351399" classname="org.eclipse.cdt.ui.tests.text.CodeFormatterTest" time="0.005"/>
  <testcase name="testFunctionDefinitionWithoutBody" classname="org.eclipse.cdt.ui.tests.text.CodeFormatterTest" time="0.004"/>
  <testcase name="testHandleParsingProblemsInIfCondition_Bug240564" classname="org.eclipse.cdt.ui.tests.text.CodeFormatterTest" time="0.006"/>
  <testcase name="testForWithEmptyExpression_Bug195942" classname="org.eclipse.cdt.ui.tests.text.CodeFormatterTest" time="0.003"/>
  <testcase name="testForWithEmptyExpression_Bug280989" classname="org.eclipse.cdt.ui.tests.text.CodeFormatterTest" time="0.006"/>
  <testcase name="testAlignmentOfClassDefinitionBaseClause1_Bug192656" classname="org.eclipse.cdt.ui.tests.text.CodeFormatterTest" time="0.003"/>
  <testcase name="testPreserveWhitespace2_Bug225326" classname="org.eclipse.cdt.ui.tests.text.CodeFormatterTest" time="0.003"/>
  <testcase name="testMacroAsInitializer_Bug214354" classname="org.eclipse.cdt.ui.tests.text.CodeFormatterTest" time="0.002"/>
  <testcase name="testIndentAfterDotL_Bug232739" classname="org.eclipse.cdt.ui.tests.text.CodeFormatterTest" time="0.003"/>
  <testcase name="testCompoundStatementAsMacro_Bug244928" classname="org.eclipse.cdt.ui.tests.text.CodeFormatterTest" time="0.007"/>
  <testcase name="testControlStatementsAsMacro_Bug290630" classname="org.eclipse.cdt.ui.tests.text.CodeFormatterTest" time="0.009"/>
  <testcase name="testCompoundStatementAsMacroGNU_Bug244928" classname="org.eclipse.cdt.ui.tests.text.CodeFormatterTest" time="0.005"/>
  <testcase name="testEllipsisInFunctionDefinition_Bug350689" classname="org.eclipse.cdt.ui.tests.text.CodeFormatterTest" time="0.005"/>
  <testcase name="testSpaceAfterCommaInDeclaratorList2_Bug234915" classname="org.eclipse.cdt.ui.tests.text.CodeFormatterTest" time="0.003"/>
  <testcase name="testCompositeTypeSpecAsMacro_Bug298592" classname="org.eclipse.cdt.ui.tests.text.CodeFormatterTest" time="0.005"/>
  <testcase name="testAccessSpecifierAsMacro_Bug197494" classname="org.eclipse.cdt.ui.tests.text.CodeFormatterTest" time="0.002"/>
  <testcase name="testDotStarAndArrowStarOperators_Bug257700" classname="org.eclipse.cdt.ui.tests.text.CodeFormatterTest" time="0.005"/>
  <testcase name="testPreserveSpaceInParameterDecl_Bug241967" classname="org.eclipse.cdt.ui.tests.text.CodeFormatterTest" time="0.003"/>
  <testcase name="testFunctionDeclarationTrailingMacro_1" classname="org.eclipse.cdt.ui.tests.text.CodeFormatterTest" time="0.003"/>
  <testcase name="testFunctionDeclarationTrailingMacro_2" classname="org.eclipse.cdt.ui.tests.text.CodeFormatterTest" time="0.005"/>
  <testcase name="testSpaceAfterThrowKeyword_Bug229774" classname="org.eclipse.cdt.ui.tests.text.CodeFormatterTest" time="0.002"/>
  <testcase name="testPreserveSpaceInExternCDeclaration" classname="org.eclipse.cdt.ui.tests.text.CodeFormatterTest" time="0.004"/>
  <testcase name="testKeywordFinal_Bug460551" classname="org.eclipse.cdt.ui.tests.text.CodeFormatterTest" time="0.003"/>
  <testcase name="testForLoopWhitesmiths_Bug351399" classname="org.eclipse.cdt.ui.tests.text.CodeFormatterTest" time="0.005"/>
  <testcase name="testLineCommentAsBlocks1a" classname="org.eclipse.cdt.ui.tests.text.CodeFormatterTest" time="0.004"/>
  <testcase name="testLineCommentAsBlocks1b" classname="org.eclipse.cdt.ui.tests.text.CodeFormatterTest" time="0.006"/>
  <testcase name="testSizeofExpression_Bug195246" classname="org.eclipse.cdt.ui.tests.text.CodeFormatterTest" time="0.002"/>
  <testcase name="testSizeofExpression_Bug201330" classname="org.eclipse.cdt.ui.tests.text.CodeFormatterTest" time="0.002"/>
  <testcase name="testWrappingOfTemplateIdAsParameterType_Bug325783_2" classname="org.eclipse.cdt.ui.tests.text.CodeFormatterTest" time="0.007"/>
  <testcase name="testPreserveWhitespace_Bug225326" classname="org.eclipse.cdt.ui.tests.text.CodeFormatterTest" time="0.002"/>
  <testcase name="testSpaceBetweenParen_Bug217918" classname="org.eclipse.cdt.ui.tests.text.CodeFormatterTest" time="0.004"/>
  <testcase name="testBinaryExpressionInMacro" classname="org.eclipse.cdt.ui.tests.text.CodeFormatterTest" time="0.005"/>
  <testcase name="testWideStringLiteral_Bug292626" classname="org.eclipse.cdt.ui.tests.text.CodeFormatterTest" time="0.005"/>
  <testcase name="testMemberAccess" classname="org.eclipse.cdt.ui.tests.text.CodeFormatterTest" time="0.004"/>
  <testcase name="testMacroWithMultipleDeclarations_Bug242053" classname="org.eclipse.cdt.ui.tests.text.CodeFormatterTest" time="0.004"/>
  <testcase name="testFormatterProblemsWithForeverMacro" classname="org.eclipse.cdt.ui.tests.text.CodeFormatterTest" time="0.006"/>
  <testcase name="testForLoopKnR_Bug351399" classname="org.eclipse.cdt.ui.tests.text.CodeFormatterTest" time="0.006"/>
  <testcase name="testKeepWrappedLines_Bug322776" classname="org.eclipse.cdt.ui.tests.text.CodeFormatterTest" time="0.005"/>
  <testcase name="testAssignment" classname="org.eclipse.cdt.ui.tests.text.CodeFormatterTest" time="0.003"/>
  <testcase name="testTemplateFunctionCall_1" classname="org.eclipse.cdt.ui.tests.text.CodeFormatterTest" time="0.004"/>
  <testcase name="testTemplateFunctionCall_2" classname="org.eclipse.cdt.ui.tests.text.CodeFormatterTest" time="0.003"/>
  <testcase name="testForLoopGNU_Bug351399" classname="org.eclipse.cdt.ui.tests.text.CodeFormatterTest" time="0.006"/>
  <testcase name="testFunctionMacroInInitializerExpression" classname="org.eclipse.cdt.ui.tests.text.CodeFormatterTest" time="0.006"/>
  <testcase name="testLineCommentAsBlocks2" classname="org.eclipse.cdt.ui.tests.text.CodeFormatterTest" time="0.005"/>
  <testcase name="testLineCommentAsBlocks3" classname="org.eclipse.cdt.ui.tests.text.CodeFormatterTest" time="0.005"/>
  <testcase name="testLineCommentAsBlocks4" classname="org.eclipse.cdt.ui.tests.text.CodeFormatterTest" time="0.004"/>
  <testcase name="testLineCommentAsBlocks5" classname="org.eclipse.cdt.ui.tests.text.CodeFormatterTest" time="0.004"/>
  <testcase name="testLineCommentAsBlocks6" classname="org.eclipse.cdt.ui.tests.text.CodeFormatterTest" time="0.005"/>
  <testcase name="testLineCommentAsBlocks7" classname="org.eclipse.cdt.ui.tests.text.CodeFormatterTest" time="0.004"/>
  <testcase name="testLineCommentAsBlocks8" classname="org.eclipse.cdt.ui.tests.text.CodeFormatterTest" time="0.005"/>
  <testcase name="testScannerErrorWithIntegerFollowedByStar_Bug278118" classname="org.eclipse.cdt.ui.tests.text.CodeFormatterTest" time="0.008"/>
  <testcase name="testWhitespaceSurroundingOperators" classname="org.eclipse.cdt.ui.tests.text.CodeFormatterTest" time="0.003"/>
  <testcase name="testMacroAfterElse" classname="org.eclipse.cdt.ui.tests.text.CodeFormatterTest" time="0.005"/>
  <testcase name="testMacroFormatting2_Bug241819" classname="org.eclipse.cdt.ui.tests.text.CodeFormatterTest" time="0.004"/>
  <testcase name="testFormatterRegressions_Bug225858" classname="org.eclipse.cdt.ui.tests.text.CodeFormatterTest" time="0.003"/>
  <testcase name="testFunctionDefinition" classname="org.eclipse.cdt.ui.tests.text.CodeFormatterTest" time="0.003"/>
  <testcase name="testWhiteSmithsAccessSpecifierIndentation2_Bug204575" classname="org.eclipse.cdt.ui.tests.text.CodeFormatterTest" time="0.002"/>
  <testcase name="testLineWrappingOfConstructorCall_Bug237097" classname="org.eclipse.cdt.ui.tests.text.CodeFormatterTest" time="0.01"/>
  <testcase name="testGNUCodingStyleConformance_Bug192764" classname="org.eclipse.cdt.ui.tests.text.CodeFormatterTest" time="0.003"/>
  <testcase name="testIfStatement" classname="org.eclipse.cdt.ui.tests.text.CodeFormatterTest" time="0.004"/>
  <testcase name="testPreserveWhitespaceInParameterDecl_Bug228997" classname="org.eclipse.cdt.ui.tests.text.CodeFormatterTest" time="0.024"/>
  <testcase name="testNestedTemplateParameters_Bug206801" classname="org.eclipse.cdt.ui.tests.text.CodeFormatterTest" time="0.003"/>
  <testcase name="testLineCommentPreserveWhiteSpaceBefore" classname="org.eclipse.cdt.ui.tests.text.CodeFormatterTest" time="0.006"/>
  <testcase name="testNamespaceAlias" classname="org.eclipse.cdt.ui.tests.text.CodeFormatterTest" time="0.003"/>
  <testcase name="testNestedTemplatedArgument_Bug241058" classname="org.eclipse.cdt.ui.tests.text.CodeFormatterTest" time="0.004"/>
  <testcase name="testFunctionDeclaration" classname="org.eclipse.cdt.ui.tests.text.CodeFormatterTest" time="0.006"/>
  <testcase name="testCompoundStatementAsMacro_Temp" classname="org.eclipse.cdt.ui.tests.text.CodeFormatterTest" time="0.006"/>
  <testcase name="testPreserveBlankLineAfterInclude" classname="org.eclipse.cdt.ui.tests.text.CodeFormatterTest" time="0.002"/>
  <testcase name="testConditionalExpressionChain" classname="org.eclipse.cdt.ui.tests.text.CodeFormatterTest" time="0.011"/>
  <testcase name="testIndentConfusionByCastExpression_Bug191021" classname="org.eclipse.cdt.ui.tests.text.CodeFormatterTest" time="0.006"/>
  <testcase name="testPreserveNewlineBetweenTypeAndFunctionDeclarator" classname="org.eclipse.cdt.ui.tests.text.CodeFormatterTest" time="0.004"/>
  <testcase name="testFunctionCall_1" classname="org.eclipse.cdt.ui.tests.text.CodeFormatterTest" time="0.007"/>
  <testcase name="testFunctionCall_2" classname="org.eclipse.cdt.ui.tests.text.CodeFormatterTest" time="0.004"/>
  <testcase name="testFunctionCall_3" classname="org.eclipse.cdt.ui.tests.text.CodeFormatterTest" time="0.004"/>
  <testcase name="testFunctionCall_4" classname="org.eclipse.cdt.ui.tests.text.CodeFormatterTest" time="0.003"/>
  <testcase name="testPlacementNewAsMacro_Bug298593" classname="org.eclipse.cdt.ui.tests.text.CodeFormatterTest" time="0.003"/>
  <testcase name="testUsingDeclaration" classname="org.eclipse.cdt.ui.tests.text.CodeFormatterTest" time="0.003"/>
  <testcase name="testSpaceBetweenTypeAndIdentifier_Bug194603" classname="org.eclipse.cdt.ui.tests.text.CodeFormatterTest" time="0.001"/>
  <testcase name="testStaticCastInInitializer_Bug353974" classname="org.eclipse.cdt.ui.tests.text.CodeFormatterTest" time="0.003"/>
  <testcase name="testKeywordFinalDerivedClass_Bug460551" classname="org.eclipse.cdt.ui.tests.text.CodeFormatterTest" time="0.002"/>
  <testcase name="testMacroAfterComment" classname="org.eclipse.cdt.ui.tests.text.CodeFormatterTest" time="0.005"/>
  <testcase name="testMacroInBinaryExpression_Bug344379" classname="org.eclipse.cdt.ui.tests.text.CodeFormatterTest" time="0.003"/>
  <testcase name="testKeepWrappedLines_Bug322776_2" classname="org.eclipse.cdt.ui.tests.text.CodeFormatterTest" time="0.003"/>
  <testcase name="testPreserveSpaceBetweenPointerModifierAndIdentifier_Bug243056" classname="org.eclipse.cdt.ui.tests.text.CodeFormatterTest" time="0.003"/>
  <testcase name="testLineCommentMinDistanceFromCode" classname="org.eclipse.cdt.ui.tests.text.CodeFormatterTest" time="0.003"/>
  <testcase name="testIndentAfterDotF_Bug232739" classname="org.eclipse.cdt.ui.tests.text.CodeFormatterTest" time="0.002"/>
  <testcase name="testSpaceBetweenDeclSpecAndDeclarator" classname="org.eclipse.cdt.ui.tests.text.CodeFormatterTest" time="0.002"/>
  <testcase name="testAlignmentOfBinaryExpression_Bug325787" classname="org.eclipse.cdt.ui.tests.text.CodeFormatterTest" time="0.003"/>
  <testcase name="testMacroStatement" classname="org.eclipse.cdt.ui.tests.text.CodeFormatterTest" time="0.003"/>
  <testcase name="testSpaceBeforeSemicolonInFor_Bug242232" classname="org.eclipse.cdt.ui.tests.text.CodeFormatterTest" time="0.004"/>
  <testcase name="testAlignmentOfExceptionSpecificationInMethodDeclaration_Bug191980" classname="org.eclipse.cdt.ui.tests.text.CodeFormatterTest" time="0.002"/>
  <testcase name="testMacroArguments" classname="org.eclipse.cdt.ui.tests.text.CodeFormatterTest" time="0.004"/>
  <testcase name="testFunctionCallWithTemplates_Bug357300" classname="org.eclipse.cdt.ui.tests.text.CodeFormatterTest" time="0.004"/>
  <testcase name="testCrLfAfterSingleLineComment_Bug442186" classname="org.eclipse.cdt.ui.tests.text.CodeFormatterTest" time="0.002"/>
  <testcase name="testBracesInMacros_Bug217435" classname="org.eclipse.cdt.ui.tests.text.CodeFormatterTest" time="0.004"/>
  <testcase name="testAlignmentOfClassDefinitionBaseClause2_Bug192656" classname="org.eclipse.cdt.ui.tests.text.CodeFormatterTest" time="0.002"/>
  <testcase name="testOverloadedLeftShiftChain_1" classname="org.eclipse.cdt.ui.tests.text.CodeFormatterTest" time="0.007"/>
  <testcase name="testOverloadedLeftShiftChain_2" classname="org.eclipse.cdt.ui.tests.text.CodeFormatterTest" time="0.007"/>
  <testcase name="testOverloadedLeftShiftChain_3" classname="org.eclipse.cdt.ui.tests.text.CodeFormatterTest" time="0.006"/>
  <testcase name="testOverloadedLeftShiftChain_4" classname="org.eclipse.cdt.ui.tests.text.CodeFormatterTest" time="0.009"/>
  <testcase name="testOverloadedLeftShiftChain_5" classname="org.eclipse.cdt.ui.tests.text.CodeFormatterTest" time="0.007"/>
  <testcase name="testOverloadedLeftShiftChain_6" classname="org.eclipse.cdt.ui.tests.text.CodeFormatterTest" time="0.008"/>
  <testcase name="testOverloadedLeftShiftChain_7" classname="org.eclipse.cdt.ui.tests.text.CodeFormatterTest" time="0.007"/>
  <testcase name="testLineWrappingOfThrowSpecification_Bug200959" classname="org.eclipse.cdt.ui.tests.text.CodeFormatterTest" time="0.001"/>
  <testcase name="testDoWhileInMacro_Bug359658" classname="org.eclipse.cdt.ui.tests.text.CodeFormatterTest" time="0.005"/>
  <testcase name="testSpaceBeforeAndAfterAlternativeLogicalOperator_Bug239461" classname="org.eclipse.cdt.ui.tests.text.CodeFormatterTest" time="0.002"/>
  <testcase name="testBackslashUInPreprocessorDirective_Bug350433" classname="org.eclipse.cdt.ui.tests.text.CodeFormatterTest" time="0.002"/>
  <testcase name="testMacroInSwitch" classname="org.eclipse.cdt.ui.tests.text.CodeFormatterTest" time="0.004"/>
  <testcase name="testPreserveNecessarySpace_Bug250969" classname="org.eclipse.cdt.ui.tests.text.CodeFormatterTest" time="0.004"/>
  <testcase name="testPreserveNecessarySpace_Bug268962" classname="org.eclipse.cdt.ui.tests.text.CodeFormatterTest" time="0.003"/>
  <testcase name="testArrayInitializer" classname="org.eclipse.cdt.ui.tests.text.CIndenterTest" time="0.002"/>
  <testcase name="testIndentationAfterShiftRight_Bug192412" classname="org.eclipse.cdt.ui.tests.text.CIndenterTest" time="0.001"/>
  <testcase name="testStringLiteralAsLastArgument_2_Bug192412" classname="org.eclipse.cdt.ui.tests.text.CIndenterTest" time="0.001"/>
  <testcase name="testCaseBlockAfterCharLiteral_Bug194710" classname="org.eclipse.cdt.ui.tests.text.CIndenterTest" time="0.001"/>
  <testcase name="testWrappedOutputStream" classname="org.eclipse.cdt.ui.tests.text.CIndenterTest" time="0.001"/>
  <testcase name="testWrappedAssignment_3_Bug277624" classname="org.eclipse.cdt.ui.tests.text.CIndenterTest" time="0.001"/>
  <testcase name="testWrappedFor_4_Bug277625" classname="org.eclipse.cdt.ui.tests.text.CIndenterTest" time="0.001"/>
  <testcase name="testBitFields_Bug193298" classname="org.eclipse.cdt.ui.tests.text.CIndenterTest" time="0.001"/>
  <testcase name="testIndentedClass_4_Bug210417" classname="org.eclipse.cdt.ui.tests.text.CIndenterTest" time="0.003"/>
  <testcase name="testIndentationAfterEnumValueAssignment_Bug324031" classname="org.eclipse.cdt.ui.tests.text.CIndenterTest" time="0.001"/>
  <testcase name="testFunctionDeclaration_1" classname="org.eclipse.cdt.ui.tests.text.CIndenterTest" time="0.001"/>
  <testcase name="testFunctionDeclaration_2" classname="org.eclipse.cdt.ui.tests.text.CIndenterTest" time="0.001"/>
  <testcase name="testFunctionDeclaration_3" classname="org.eclipse.cdt.ui.tests.text.CIndenterTest" time="0.001"/>
  <testcase name="testConstructorBody_Bug194586" classname="org.eclipse.cdt.ui.tests.text.CIndenterTest" time="0.001"/>
  <testcase name="testFunctionParameters_1" classname="org.eclipse.cdt.ui.tests.text.CIndenterTest" time="0.002"/>
  <testcase name="testFunctionParameters_2" classname="org.eclipse.cdt.ui.tests.text.CIndenterTest" time="0.001"/>
  <testcase name="testFunctionParameters_3" classname="org.eclipse.cdt.ui.tests.text.CIndenterTest" time="0.001"/>
  <testcase name="testFunctionParameters_4" classname="org.eclipse.cdt.ui.tests.text.CIndenterTest" time="0.001"/>
  <testcase name="testWhiteSmithsAccessSpecifier_1_Bug204575" classname="org.eclipse.cdt.ui.tests.text.CIndenterTest" time="0.002"/>
  <testcase name="testIndentationOfConstructorBodyWithFieldInitializer_Bug298282" classname="org.eclipse.cdt.ui.tests.text.CIndenterTest" time="0.002"/>
  <testcase name="testConstructorBodyWithInitializer_2" classname="org.eclipse.cdt.ui.tests.text.CIndenterTest" time="0.001"/>
  <testcase name="testOperatorMethodBody_1_Bug192412" classname="org.eclipse.cdt.ui.tests.text.CIndenterTest" time="0.001"/>
  <testcase name="testIndentationAfterArrowOperator_Bug192412" classname="org.eclipse.cdt.ui.tests.text.CIndenterTest" time="0.001"/>
  <testcase name="testInitializerLists_Bug194585" classname="org.eclipse.cdt.ui.tests.text.CIndenterTest" time="0.001"/>
  <testcase name="testWrappedFor_1_Bug277625" classname="org.eclipse.cdt.ui.tests.text.CIndenterTest" time="0.001"/>
  <testcase name="testMultilineFunctionCall_Bug380490" classname="org.eclipse.cdt.ui.tests.text.CIndenterTest" time="0.002"/>
  <testcase name="testConstructorBodyWithInitializer_1_Bug194586" classname="org.eclipse.cdt.ui.tests.text.CIndenterTest" time="0.001"/>
  <testcase name="testIndentedClass_1_Bug210417" classname="org.eclipse.cdt.ui.tests.text.CIndenterTest" time="0.002"/>
  <testcase name="testWhiteSmithsAccessSpecifier_3_Bug204575" classname="org.eclipse.cdt.ui.tests.text.CIndenterTest" time="0.003"/>
  <testcase name="testIndentationAfterGreaterOrEquals_Bug192412" classname="org.eclipse.cdt.ui.tests.text.CIndenterTest" time="0.001"/>
  <testcase name="testStringLiteralAsLastArgument_1_Bug192412" classname="org.eclipse.cdt.ui.tests.text.CIndenterTest" time="0"/>
  <testcase name="testClassDeclaration_Bug278713" classname="org.eclipse.cdt.ui.tests.text.CIndenterTest" time="0.002"/>
  <testcase name="testNestedInitializerLists_Bug194585" classname="org.eclipse.cdt.ui.tests.text.CIndenterTest" time="0.001"/>
  <testcase name="testConstructorBodyWithThrow_Bug194586" classname="org.eclipse.cdt.ui.tests.text.CIndenterTest" time="0.001"/>
  <testcase name="testWrappedAssignment_2_Bug277624" classname="org.eclipse.cdt.ui.tests.text.CIndenterTest" time="0.001"/>
  <testcase name="testWrappedDefine" classname="org.eclipse.cdt.ui.tests.text.CIndenterTest" time="0"/>
  <testcase name="testNamespace_1" classname="org.eclipse.cdt.ui.tests.text.CIndenterTest" time="0.001"/>
  <testcase name="testNamespace_2" classname="org.eclipse.cdt.ui.tests.text.CIndenterTest" time="0.001"/>
  <testcase name="testWrappedFor_3_Bug277625" classname="org.eclipse.cdt.ui.tests.text.CIndenterTest" time="0.001"/>
  <testcase name="testWhiteSmithsSwitch_1" classname="org.eclipse.cdt.ui.tests.text.CIndenterTest" time="0.002"/>
  <testcase name="testWhiteSmithsSwitch_2" classname="org.eclipse.cdt.ui.tests.text.CIndenterTest" time="0.002"/>
  <testcase name="testIndentedClass_3_Bug210417" classname="org.eclipse.cdt.ui.tests.text.CIndenterTest" time="0.002"/>
  <testcase name="testIndentationOfEnumeratorDeclWithInitializer_Bug303175" classname="org.eclipse.cdt.ui.tests.text.CIndenterTest" time="0.002"/>
  <testcase name="testBaseClause_Bug383277" classname="org.eclipse.cdt.ui.tests.text.CIndenterTest" time="0.002"/>
  <testcase name="testStringLiteralAsLastArgument_3_Bug192412" classname="org.eclipse.cdt.ui.tests.text.CIndenterTest" time="0"/>
  <testcase name="testIndentationOfConstMethodBody_Bug298282" classname="org.eclipse.cdt.ui.tests.text.CIndenterTest" time="0.002"/>
  <testcase name="testIndentationOfCaseWithSignedConstant_Bug304150" classname="org.eclipse.cdt.ui.tests.text.CIndenterTest" time="0.001"/>
  <testcase name="testConditionalExpression_Bug283970" classname="org.eclipse.cdt.ui.tests.text.CIndenterTest" time="0.002"/>
  <testcase name="testCallOfTemplateFunction" classname="org.eclipse.cdt.ui.tests.text.CIndenterTest" time="0.001"/>
  <testcase name="testIndentationAfterFunctionHeaderWithPointerReturnType_Bug334805" classname="org.eclipse.cdt.ui.tests.text.CIndenterTest" time="0.003"/>
  <testcase name="testIndentationOfTypedefedCompositeType_Bug324031" classname="org.eclipse.cdt.ui.tests.text.CIndenterTest" time="0.002"/>
  <testcase name="testWhiteSmithsAccessSpecifier_2_Bug204575" classname="org.eclipse.cdt.ui.tests.text.CIndenterTest" time="0.001"/>
  <testcase name="testTemplateClass" classname="org.eclipse.cdt.ui.tests.text.CIndenterTest" time="0.001"/>
  <testcase name="testOperatorMethodBody_2_Bug192412" classname="org.eclipse.cdt.ui.tests.text.CIndenterTest" time="0.001"/>
  <testcase name="testIndentationInsideLinkageSpec_Bug299482" classname="org.eclipse.cdt.ui.tests.text.CIndenterTest" time="0.001"/>
  <testcase name="testWrappedAssignment_1_Bug277624" classname="org.eclipse.cdt.ui.tests.text.CIndenterTest" time="0.001"/>
  <testcase name="testWrappedFor_2_Bug277625" classname="org.eclipse.cdt.ui.tests.text.CIndenterTest" time="0.001"/>
  <testcase name="testIndentedClass_2_Bug210417" classname="org.eclipse.cdt.ui.tests.text.CIndenterTest" time="0.002"/>
  <testcase name="testSourroundWithForLoopTemplateDefault" classname="org.eclipse.cdt.ui.tests.text.TemplateFormatterTest" time="0.029"/>
  <testcase name="testForLoopTemplateDefault" classname="org.eclipse.cdt.ui.tests.text.TemplateFormatterTest" time="0.002"/>
  <testcase name="testSourroundWithForLoopTemplateMixedIndent" classname="org.eclipse.cdt.ui.tests.text.TemplateFormatterTest" time="0.002"/>
  <testcase name="testForLoopTemplateMixedIndent" classname="org.eclipse.cdt.ui.tests.text.TemplateFormatterTest" time="0.002"/>
  <testcase name="_testIndentationProblemWithBackslashInComment_Bug274973" classname="org.eclipse.cdt.ui.tests.text.TemplateFormatterTest" time="0.004"/>
  <testcase name="testMultiPreviousLn2" classname="org.eclipse.cdt.ui.tests.text.CBreakIteratorTest" time="0.002"/>
  <testcase name="testPreviousCamelCaseWord" classname="org.eclipse.cdt.ui.tests.text.CBreakIteratorTest" time="0.005"/>
  <testcase name="testNext1" classname="org.eclipse.cdt.ui.tests.text.CBreakIteratorTest" time="0"/>
  <testcase name="testNext2" classname="org.eclipse.cdt.ui.tests.text.CBreakIteratorTest" time="0.001"/>
  <testcase name="testMultiNextLn" classname="org.eclipse.cdt.ui.tests.text.CBreakIteratorTest" time="0"/>
  <testcase name="testPreviousLn" classname="org.eclipse.cdt.ui.tests.text.CBreakIteratorTest" time="0.001"/>
  <testcase name="testPrevious1" classname="org.eclipse.cdt.ui.tests.text.CBreakIteratorTest" time="0"/>
  <testcase name="testPrevious2" classname="org.eclipse.cdt.ui.tests.text.CBreakIteratorTest" time="0.001"/>
  <testcase name="testMultiPreviousLn" classname="org.eclipse.cdt.ui.tests.text.CBreakIteratorTest" time="0.001"/>
  <testcase name="testMultiNextLn2" classname="org.eclipse.cdt.ui.tests.text.CBreakIteratorTest" time="0"/>
  <testcase name="testNextCamelCaseWord" classname="org.eclipse.cdt.ui.tests.text.CBreakIteratorTest" time="0.001"/>
  <testcase name="testNextLn" classname="org.eclipse.cdt.ui.tests.text.CBreakIteratorTest" time="0"/>
  <testcase name="testPreviousParen" classname="org.eclipse.cdt.ui.tests.text.CBreakIteratorTest" time="0.001"/>
  <testcase name="testPreviousSpace" classname="org.eclipse.cdt.ui.tests.text.CBreakIteratorTest" time="0"/>
  <testcase name="testNextParen" classname="org.eclipse.cdt.ui.tests.text.CBreakIteratorTest" time="0.001"/>
  <testcase name="testNextSpace" classname="org.eclipse.cdt.ui.tests.text.CBreakIteratorTest" time="0"/>
  <testcase name="testMultiPreviousLn2" classname="org.eclipse.cdt.ui.tests.text.CWordIteratorTest" time="0.001"/>
  <testcase name="testPreviousCamelCaseWord" classname="org.eclipse.cdt.ui.tests.text.CWordIteratorTest" time="0.002"/>
  <testcase name="testNext1" classname="org.eclipse.cdt.ui.tests.text.CWordIteratorTest" time="0"/>
  <testcase name="testNext2" classname="org.eclipse.cdt.ui.tests.text.CWordIteratorTest" time="0"/>
  <testcase name="testMultiNextLn" classname="org.eclipse.cdt.ui.tests.text.CWordIteratorTest" time="0"/>
  <testcase name="testPreviousLn" classname="org.eclipse.cdt.ui.tests.text.CWordIteratorTest" time="0"/>
  <testcase name="testPrevious1" classname="org.eclipse.cdt.ui.tests.text.CWordIteratorTest" time="0.001"/>
  <testcase name="testPrevious2" classname="org.eclipse.cdt.ui.tests.text.CWordIteratorTest" time="0"/>
  <testcase name="testMultiPreviousLn" classname="org.eclipse.cdt.ui.tests.text.CWordIteratorTest" time="0"/>
  <testcase name="testMultiNextLn2" classname="org.eclipse.cdt.ui.tests.text.CWordIteratorTest" time="0.001"/>
  <testcase name="testNextCamelCaseWord" classname="org.eclipse.cdt.ui.tests.text.CWordIteratorTest" time="0"/>
  <testcase name="testNextLn" classname="org.eclipse.cdt.ui.tests.text.CWordIteratorTest" time="0"/>
  <testcase name="testPreviousParen" classname="org.eclipse.cdt.ui.tests.text.CWordIteratorTest" time="0.001"/>
  <testcase name="testPreviousSpace" classname="org.eclipse.cdt.ui.tests.text.CWordIteratorTest" time="0"/>
  <testcase name="testNextParen" classname="org.eclipse.cdt.ui.tests.text.CWordIteratorTest" time="0"/>
  <testcase name="testNextSpace" classname="org.eclipse.cdt.ui.tests.text.CWordIteratorTest" time="0"/>
  <testcase name="testDependentMethodCall_379626" classname="org.eclipse.cdt.ui.tests.text.SemanticHighlightingTest" time="1.342"/>
  <testcase name="testQualifiedEnum_485709" classname="org.eclipse.cdt.ui.tests.text.SemanticHighlightingTest" time="1.049"/>
  <testcase name="testHighlightingInsideAlignmentSpecifier_451082" classname="org.eclipse.cdt.ui.tests.text.SemanticHighlightingTest" time="1.12"/>
  <testcase name="testOverrideInMacroExpansion_486683a" classname="org.eclipse.cdt.ui.tests.text.SemanticHighlightingTest" time="1.125"/>
  <testcase name="testOverrideInMacroExpansion_486683b" classname="org.eclipse.cdt.ui.tests.text.SemanticHighlightingTest" time="1.056"/>
  <testcase name="testLocalVariableInLambdaCapture_486679" classname="org.eclipse.cdt.ui.tests.text.SemanticHighlightingTest" time="0.813"/>
  <testcase name="testMethodNameInsideMacro_486682" classname="org.eclipse.cdt.ui.tests.text.SemanticHighlightingTest" time="1.238"/>
  <testcase name="testInheritingConstructor_484898" classname="org.eclipse.cdt.ui.tests.text.SemanticHighlightingTest" time="1.076"/>
  <testcase name="testVariousHighlightings" classname="org.eclipse.cdt.ui.tests.text.SemanticHighlightingTest" time="1.831"/>
  <testcase name="testVariableTemplates_486672" classname="org.eclipse.cdt.ui.tests.text.SemanticHighlightingTest" time="1.27"/>
  <testcase name="testCStructureName_451772" classname="org.eclipse.cdt.ui.tests.text.SemanticHighlightingTest" time="1.81"/>
  <testcase name="testAliasTemplates_416748" classname="org.eclipse.cdt.ui.tests.text.SemanticHighlightingTest" time="0.931"/>
  <testcase name="testNPE_458317" classname="org.eclipse.cdt.ui.tests.text.SemanticHighlightingTest" time="1.261"/>
  <testcase name="testVariablePassedByNonconstRef_487764a" classname="org.eclipse.cdt.ui.tests.text.SemanticHighlightingTest" time="1.057"/>
  <testcase name="testVariablePassedByNonconstRef_487764b" classname="org.eclipse.cdt.ui.tests.text.SemanticHighlightingTest" time="1.081"/>
  <testcase name="testOverloadedOperatorInMacroExpansion_371839" classname="org.eclipse.cdt.ui.tests.text.SemanticHighlightingTest" time="1.063"/>
  <testcase name="testDependentEnum_486688" classname="org.eclipse.cdt.ui.tests.text.SemanticHighlightingTest" time="0.916"/>
  <testcase name="testLexicalColoringInsideMacroExpansion_490415" classname="org.eclipse.cdt.ui.tests.text.SemanticHighlightingTest" time="2.14"/>
  <testcase name="testLexicalColoringInsideMacroExpansion_496696" classname="org.eclipse.cdt.ui.tests.text.SemanticHighlightingTest" time="1.062"/>
  <testcase name="testUserDefinedLiteralSuffix_484617" classname="org.eclipse.cdt.ui.tests.text.SemanticHighlightingTest" time="0.883"/>
  <testcase name="testRecursion_491834" classname="org.eclipse.cdt.ui.tests.text.SemanticHighlightingTest" time="1.547"/>
  <testcase name="testInactiveCodePositions" classname="org.eclipse.cdt.ui.tests.text.InactiveCodeHighlightingTest" time="0.755"/>
  <testcase name="testHeaderNoSpaceBetween" classname="org.eclipse.cdt.ui.tests.text.CHeaderRuleTest" time="0.001"/>
  <testcase name="testBooleanLogic" classname="org.eclipse.cdt.ui.tests.text.CHeaderRuleTest" time="0"/>
  <testcase name="testHeaderExtraSpacesBefore" classname="org.eclipse.cdt.ui.tests.text.CHeaderRuleTest" time="0"/>
  <testcase name="testHeader2" classname="org.eclipse.cdt.ui.tests.text.CHeaderRuleTest" time="0"/>
  <testcase name="testHeaderExtraSpacesBetween" classname="org.eclipse.cdt.ui.tests.text.CHeaderRuleTest" time="0"/>
  <testcase name="testHeader" classname="org.eclipse.cdt.ui.tests.text.CHeaderRuleTest" time="0"/>
  <testcase name="testVariableDeclaration" classname="org.eclipse.cdt.ui.tests.text.CHeaderRuleTest" time="0"/>
  <testcase name="testHeaderIncludeNext" classname="org.eclipse.cdt.ui.tests.text.CHeaderRuleTest" time="0"/>
  <testcase name="testNonNumbers" classname="org.eclipse.cdt.ui.tests.text.NumberRuleTest" time="0.001"/>
  <testcase name="testBug163691" classname="org.eclipse.cdt.ui.tests.text.NumberRuleTest" time="0"/>
  <testcase name="testIntegers" classname="org.eclipse.cdt.ui.tests.text.NumberRuleTest" time="0"/>
  <testcase name="testFloats" classname="org.eclipse.cdt.ui.tests.text.NumberRuleTest" time="0"/>
  <testcase name="testAngleBracketsAsPairsMultiline" classname="org.eclipse.cdt.ui.tests.text.PairMatcherTest" time="0.001"/>
  <testcase name="testAngleBracketsAsPairsNested" classname="org.eclipse.cdt.ui.tests.text.PairMatcherTest" time="0"/>
  <testcase name="testBeforeClosingMatch" classname="org.eclipse.cdt.ui.tests.text.PairMatcherTest" time="0"/>
  <testcase name="testAfterOpeningMatch" classname="org.eclipse.cdt.ui.tests.text.PairMatcherTest" time="0"/>
  <testcase name="testDoubleClosingAngleBrackets_Bug335702" classname="org.eclipse.cdt.ui.tests.text.PairMatcherTest" time="0"/>
  <testcase name="testAngleBracketsAsPairs" classname="org.eclipse.cdt.ui.tests.text.PairMatcherTest" time="0"/>
  <testcase name="testBeforeClosingMatchWithNL" classname="org.eclipse.cdt.ui.tests.text.PairMatcherTest" time="0"/>
  <testcase name="testAngleBracketsAsPairs2" classname="org.eclipse.cdt.ui.tests.text.PairMatcherTest" time="0"/>
  <testcase name="testBeforeOpeningMatch" classname="org.eclipse.cdt.ui.tests.text.PairMatcherTest" time="0"/>
  <testcase name="testBeforeClosingMatchWithNLAndSingleLineComment" classname="org.eclipse.cdt.ui.tests.text.PairMatcherTest" time="0"/>
  <testcase name="testAfterClosingMatchWithNL" classname="org.eclipse.cdt.ui.tests.text.PairMatcherTest" time="0"/>
  <testcase name="testAngleBracketsAsOperators" classname="org.eclipse.cdt.ui.tests.text.PairMatcherTest" time="0"/>
  <testcase name="testAfterClosingMatchWithNLAndSingleLineComment" classname="org.eclipse.cdt.ui.tests.text.PairMatcherTest" time="0"/>
  <testcase name="testAfterClosingMatch" classname="org.eclipse.cdt.ui.tests.text.PairMatcherTest" time="0"/>
  <testcase name="testMarkEnumeratorOccurrences" classname="org.eclipse.cdt.ui.tests.text.MarkOccurrenceTest" time="1.558"/>
  <testcase name="testMarkOperatorOccurrences" classname="org.eclipse.cdt.ui.tests.text.MarkOccurrenceTest" time="1.626"/>
  <testcase name="testMarkDestructorOccurrences" classname="org.eclipse.cdt.ui.tests.text.MarkOccurrenceTest" time="1.505"/>
  <testcase name="testMarkTypeOccurrences2" classname="org.eclipse.cdt.ui.tests.text.MarkOccurrenceTest" time="1.417"/>
  <testcase name="testMarkTypeOccurrences3" classname="org.eclipse.cdt.ui.tests.text.MarkOccurrenceTest" time="1.608"/>
  <testcase name="testMarkMethodOccurrences2" classname="org.eclipse.cdt.ui.tests.text.MarkOccurrenceTest" time="1.498"/>
  <testcase name="testMarkMethodOccurrences" classname="org.eclipse.cdt.ui.tests.text.MarkOccurrenceTest" time="1.752"/>
  <testcase name="testMarkNamespaceOccurrences" classname="org.eclipse.cdt.ui.tests.text.MarkOccurrenceTest" time="1.537"/>
  <testcase name="testMarkMacroOccurrences" classname="org.eclipse.cdt.ui.tests.text.MarkOccurrenceTest" time="1.382"/>
  <testcase name="testMarkConstructorOccurrences" classname="org.eclipse.cdt.ui.tests.text.MarkOccurrenceTest" time="1.442"/>
  <testcase name="testMarkTemplateIdOccurrences" classname="org.eclipse.cdt.ui.tests.text.MarkOccurrenceTest" time="1.432"/>
  <testcase name="testMarkLabelOccurrences" classname="org.eclipse.cdt.ui.tests.text.MarkOccurrenceTest" time="1.487"/>
  <testcase name="testMarkNamespaceVariableOccurrences" classname="org.eclipse.cdt.ui.tests.text.MarkOccurrenceTest" time="1.509"/>
  <testcase name="testNoOccurrencesIfDisabled" classname="org.eclipse.cdt.ui.tests.text.MarkOccurrenceTest" time="1.386"/>
  <testcase name="testMarkTypedefOccurrences" classname="org.eclipse.cdt.ui.tests.text.MarkOccurrenceTest" time="1.504"/>
  <testcase name="testMarkLocalOccurrences" classname="org.eclipse.cdt.ui.tests.text.MarkOccurrenceTest" time="1.435"/>
  <testcase name="testMarkReferencedLabel" classname="org.eclipse.cdt.ui.tests.text.MarkOccurrenceTest" time="1.448"/>
  <testcase name="testMarkTypeOccurrences" classname="org.eclipse.cdt.ui.tests.text.MarkOccurrenceTest" time="1.458"/>
  <testcase name="testMarkFieldOccurrences2" classname="org.eclipse.cdt.ui.tests.text.MarkOccurrenceTest" time="1.473"/>
  <testcase name="testMarkOccurrencesAfterEditorReuse" classname="org.eclipse.cdt.ui.tests.text.MarkOccurrenceTest" time="1.93"/>
  <testcase name="testMarkTemplateParameterOccurrences" classname="org.eclipse.cdt.ui.tests.text.MarkOccurrenceTest" time="1.453"/>
  <testcase name="testMarkLabelReference" classname="org.eclipse.cdt.ui.tests.text.MarkOccurrenceTest" time="1.501"/>
  <testcase name="testMarkFieldOccurrences" classname="org.eclipse.cdt.ui.tests.text.MarkOccurrenceTest" time="1.54"/>
  <testcase name="testMarkEmptyMacroOccurrences" classname="org.eclipse.cdt.ui.tests.text.MarkOccurrenceTest" time="1.468"/>
  <testcase name="testMarkClassTemplateOccurrences" classname="org.eclipse.cdt.ui.tests.text.MarkOccurrenceTest" time="1.445"/>
  <testcase name="testToggleFolding_Bug186729" classname="org.eclipse.cdt.ui.tests.text.FoldingTest" time="0.88"/>
  <testcase name="testInitialFolding" classname="org.eclipse.cdt.ui.tests.text.FoldingTest" time="0.847"/>
  <testcase name="testToggleFoldingNoASTRequired" classname="org.eclipse.cdt.ui.tests.text.FoldingTest" time="0.842"/>
  <testcase name="testNonFileEFSResource_Bug278632" classname="org.eclipse.cdt.ui.tests.text.BasicCEditorTest" time="0.242"/>
  <testcase name="testScalabilityDialogNotDismissedInadvertently_417909" classname="org.eclipse.cdt.ui.tests.text.BasicCEditorTest" time="0.872"/>
  <testcase name="testEditExternalTranslationUnitUsingFileStore" classname="org.eclipse.cdt.ui.tests.text.BasicCEditorTest" time="2.62"/>
  <testcase name="testLeakingInstanceAfterClose" classname="org.eclipse.cdt.ui.tests.text.BasicCEditorTest" time="1.244"/>
  <testcase name="testEditNewTranslationUnit" classname="org.eclipse.cdt.ui.tests.text.BasicCEditorTest" time="10.522"/>
  <testcase name="testEditTranslationUnit" classname="org.eclipse.cdt.ui.tests.text.BasicCEditorTest" time="2.432"/>
  <testcase name="testEditExternalTranslationUnit" classname="org.eclipse.cdt.ui.tests.text.BasicCEditorTest" time="2.363"/>
  <testcase name="testEditInNonCProject" classname="org.eclipse.cdt.ui.tests.text.BasicCEditorTest" time="0.97"/>
  <testcase name="testSyntaxHighlighting_Bug180433" classname="org.eclipse.cdt.ui.tests.text.BasicCEditorTest" time="0.773"/>
  <testcase name="testHyperlinksCKeywords" classname="org.eclipse.cdt.ui.tests.text.HyperlinkTest" time="0.698"/>
  <testcase name="testHyperlinksCpp" classname="org.eclipse.cdt.ui.tests.text.HyperlinkTest" time="0.774"/>
  <testcase name="testHyperlinksInactiveCode" classname="org.eclipse.cdt.ui.tests.text.HyperlinkTest" time="0.625"/>
  <testcase name="testHyperlinksCppWithoutAST" classname="org.eclipse.cdt.ui.tests.text.HyperlinkTest" time="0.77"/>
  <testcase name="testBasic" classname="org.eclipse.cdt.ui.tests.text.CWordFinderTest" time="0.038"/>
  <testcase name="testFindWord" classname="org.eclipse.cdt.ui.tests.text.CWordFinderTest" time="0.001"/>
  <testcase name="testFindWordOnDocumentStart_Bug193461" classname="org.eclipse.cdt.ui.tests.text.CWordFinderTest" time="0"/>
  <testcase name="testStructureCreatorNodeSizes" classname="org.eclipse.cdt.ui.tests.text.CStructureCreatorTest" time="0.103"/>
  <testcase name="testStructureCreatorNodeTypes" classname="org.eclipse.cdt.ui.tests.text.CStructureCreatorTest" time="0.019"/>
  <testcase name="testCommentLastCharacterNoEOL" classname="org.eclipse.cdt.ui.tests.text.AddBlockCommentTest" time="0.329"/>
  <testcase name="testCommentCppComment" classname="org.eclipse.cdt.ui.tests.text.AddBlockCommentTest" time="0.312"/>
  <testcase name="testCommentSpecialPartition" classname="org.eclipse.cdt.ui.tests.text.AddBlockCommentTest" time="0.335"/>
  <testcase name="testCommentCommentNoScrewUp" classname="org.eclipse.cdt.ui.tests.text.AddBlockCommentTest" time="0.333"/>
  <testcase name="testCommentExactlyOneLine" classname="org.eclipse.cdt.ui.tests.text.AddBlockCommentTest" time="0.34"/>
  <testcase name="testCommentEndOfFileNoLoopingPlease" classname="org.eclipse.cdt.ui.tests.text.AddBlockCommentTest" time="0.383"/>
  <testcase name="testCommentSpecialPartitionExtra" classname="org.eclipse.cdt.ui.tests.text.AddBlockCommentTest" time="0.381"/>
  <testcase name="testCommentLastCppCommentNoEOL" classname="org.eclipse.cdt.ui.tests.text.AddBlockCommentTest" time="0.358"/>
  <testcase name="testCommentPartialLines1" classname="org.eclipse.cdt.ui.tests.text.AddBlockCommentTest" time="0.429"/>
  <testcase name="testCommentPartialLines2" classname="org.eclipse.cdt.ui.tests.text.AddBlockCommentTest" time="0.443"/>
  <testcase name="testCommentMergeUp" classname="org.eclipse.cdt.ui.tests.text.AddBlockCommentTest" time="0.361"/>
  <testcase name="testCommentTwoOrMoreLines" classname="org.eclipse.cdt.ui.tests.text.AddBlockCommentTest" time="0.303"/>
  <testcase name="testCommentMergeComments" classname="org.eclipse.cdt.ui.tests.text.AddBlockCommentTest" time="0.332"/>
  <testcase name="testCommentMergeDown" classname="org.eclipse.cdt.ui.tests.text.AddBlockCommentTest" time="0.337"/>
  <testcase name="testMixedEOLs" classname="org.eclipse.cdt.ui.tests.text.AddBlockCommentTest" time="0.348"/>
  <testcase name="testCommentPlain" classname="org.eclipse.cdt.ui.tests.text.AddBlockCommentTest" time="0.348"/>
  <testcase name="testCommentPreprocessorFirstLine" classname="org.eclipse.cdt.ui.tests.text.AddBlockCommentTest" time="0.324"/>
  <testcase name="testCommentFirstCharacterInFile" classname="org.eclipse.cdt.ui.tests.text.AddBlockCommentTest" time="0.368"/>
  <testcase name="testUncommentEndOfFile" classname="org.eclipse.cdt.ui.tests.text.RemoveBlockCommentTest" time="0.474"/>
  <testcase name="testUncommentPreprocessorFirstLine" classname="org.eclipse.cdt.ui.tests.text.RemoveBlockCommentTest" time="0.418"/>
  <testcase name="testUncommentExactlyOneLineNoLoopingPlease" classname="org.eclipse.cdt.ui.tests.text.RemoveBlockCommentTest" time="0.327"/>
  <testcase name="testUncommentConnectedComments" classname="org.eclipse.cdt.ui.tests.text.RemoveBlockCommentTest" time="0.316"/>
  <testcase name="testUncommentPlain" classname="org.eclipse.cdt.ui.tests.text.RemoveBlockCommentTest" time="0.314"/>
  <testcase name="testLeftBorderOut" classname="org.eclipse.cdt.ui.tests.text.RemoveBlockCommentTest" time="0.32"/>
  <testcase name="testRightBorderIn" classname="org.eclipse.cdt.ui.tests.text.RemoveBlockCommentTest" time="0.316"/>
  <testcase name="testUncommentTwoOrMoreLines" classname="org.eclipse.cdt.ui.tests.text.RemoveBlockCommentTest" time="0.322"/>
  <testcase name="testUncommentFirstCharacterInFile" classname="org.eclipse.cdt.ui.tests.text.RemoveBlockCommentTest" time="0.29"/>
  <testcase name="testUncommentSpecialPartitionExtra" classname="org.eclipse.cdt.ui.tests.text.RemoveBlockCommentTest" time="0.322"/>
  <testcase name="testRightBorderOut" classname="org.eclipse.cdt.ui.tests.text.RemoveBlockCommentTest" time="0.308"/>
  <testcase name="testUncommentPartialLines1" classname="org.eclipse.cdt.ui.tests.text.RemoveBlockCommentTest" time="0.371"/>
  <testcase name="testUncommentPartialLines2" classname="org.eclipse.cdt.ui.tests.text.RemoveBlockCommentTest" time="0.336"/>
  <testcase name="testUncommentSpecialPartition" classname="org.eclipse.cdt.ui.tests.text.RemoveBlockCommentTest" time="0.305"/>
  <testcase name="testUncommentCppComment" classname="org.eclipse.cdt.ui.tests.text.RemoveBlockCommentTest" time="0.318"/>
  <testcase name="testLeftBorderIn" classname="org.eclipse.cdt.ui.tests.text.RemoveBlockCommentTest" time="0.309"/>
  <testcase name="testMixedEOLs" classname="org.eclipse.cdt.ui.tests.text.RemoveBlockCommentTest" time="0.395"/>
  <testcase name="testSortLinesMixed" classname="org.eclipse.cdt.ui.tests.text.SortLinesTest" time="0.309"/>
  <testcase name="testSortLinesCommentsOnly" classname="org.eclipse.cdt.ui.tests.text.SortLinesTest" time="0.035"/>
  <testcase name="testUnresolvedName" classname="org.eclipse.cdt.ui.tests.text.AddIncludeTest" time="0.472"/>
  <testcase name="testEnumerator_307738" classname="org.eclipse.cdt.ui.tests.text.AddIncludeTest" time="0.372"/>
  <testcase name="testMacro" classname="org.eclipse.cdt.ui.tests.text.AddIncludeTest" time="0.358"/>
  <testcase name="testInsertionPoint_301780" classname="org.eclipse.cdt.ui.tests.text.AddIncludeTest" time="0.376"/>
  <testcase name="testInsertionPoint_435340" classname="org.eclipse.cdt.ui.tests.text.AddIncludeTest" time="0.463"/>
  <testcase name="testVariableType" classname="org.eclipse.cdt.ui.tests.text.AddIncludeTest" time="0.4"/>
  <testcase name="testTemplate_306670" classname="org.eclipse.cdt.ui.tests.text.AddIncludeTest" time="0.445"/>
  <testcase name="testResolvedName" classname="org.eclipse.cdt.ui.tests.text.AddIncludeTest" time="0.412"/>
  <testcase name="testOverloadedFunction" classname="org.eclipse.cdt.ui.tests.text.AddIncludeTest" time="0.411"/>
  <testcase name="testGroupedNamespaces" classname="org.eclipse.cdt.ui.tests.outline.BasicOutlineTest" time="2.029"/>
  <testcase name="testGroupedMembers" classname="org.eclipse.cdt.ui.tests.outline.BasicOutlineTest" time="1.711"/>
  <testcase name="testSimpleOutlineContent" classname="org.eclipse.cdt.ui.tests.outline.BasicOutlineTest" time="1.236"/>
  <testcase name="testGroupedMembersInGroupedNamespaces" classname="org.eclipse.cdt.ui.tests.outline.BasicOutlineTest" time="1.743"/>
  <testcase name="testGroupedMembersInNamespace" classname="org.eclipse.cdt.ui.tests.outline.BasicOutlineTest" time="1.732"/>
  <testcase name="testSyncPopulation" classname="org.eclipse.cdt.ui.tests.viewsupport.AsyncViewerTest" time="0.204"/>
  <testcase name="testAsyncPopulation" classname="org.eclipse.cdt.ui.tests.viewsupport.AsyncViewerTest" time="2.03"/>
  <testcase name="testSyncPopulationEx" classname="org.eclipse.cdt.ui.tests.viewsupport.AsyncViewerTest" time="0.06"/>
  <testcase name="testRecompute" classname="org.eclipse.cdt.ui.tests.viewsupport.AsyncViewerTest" time="1.281"/>
  <testcase name="testAsyncPopulationEx" classname="org.eclipse.cdt.ui.tests.viewsupport.AsyncViewerTest" time="2.078"/>
  <testcase name="testStaticFunctionsCpp" classname="org.eclipse.cdt.ui.tests.callhierarchy.BasicCallHierarchyTest" time="4.022"/>
  <testcase name="testEnumeratorCpp" classname="org.eclipse.cdt.ui.tests.callhierarchy.BasicCallHierarchyTest" time="1.103"/>
  <testcase name="testAnonymousStructMembersC_156671" classname="org.eclipse.cdt.ui.tests.callhierarchy.BasicCallHierarchyTest" time="1.288"/>
  <testcase name="testFunctionsWithParamsC_175267" classname="org.eclipse.cdt.ui.tests.callhierarchy.BasicCallHierarchyTest" time="1.367"/>
  <testcase name="testStaticFunctionsC" classname="org.eclipse.cdt.ui.tests.callhierarchy.BasicCallHierarchyTest" time="3.683"/>
  <testcase name="testAnonymousEnumeratorCpp_156671" classname="org.eclipse.cdt.ui.tests.callhierarchy.BasicCallHierarchyTest" time="1.082"/>
  <testcase name="testAnonymousStructMembersCpp_156671" classname="org.eclipse.cdt.ui.tests.callhierarchy.BasicCallHierarchyTest" time="1.258"/>
  <testcase name="testFunctionsC" classname="org.eclipse.cdt.ui.tests.callhierarchy.BasicCallHierarchyTest" time="1.204"/>
  <testcase name="testAnonymousUnionMembersC_156671" classname="org.eclipse.cdt.ui.tests.callhierarchy.BasicCallHierarchyTest" time="1.219"/>
  <testcase name="testAnonymousUnionMembersCpp_156671" classname="org.eclipse.cdt.ui.tests.callhierarchy.BasicCallHierarchyTest" time="1.327"/>
  <testcase name="testStructMembersCpp" classname="org.eclipse.cdt.ui.tests.callhierarchy.BasicCallHierarchyTest" time="1.541"/>
  <testcase name="testVariablesCpp" classname="org.eclipse.cdt.ui.tests.callhierarchy.BasicCallHierarchyTest" time="1.23"/>
  <testcase name="testFunctionsCpp" classname="org.eclipse.cdt.ui.tests.callhierarchy.BasicCallHierarchyTest" time="1.202"/>
  <testcase name="testEnumeratorC" classname="org.eclipse.cdt.ui.tests.callhierarchy.BasicCallHierarchyTest" time="1.172"/>
  <testcase name="testAnonymousEnumeratorC_156671" classname="org.eclipse.cdt.ui.tests.callhierarchy.BasicCallHierarchyTest" time="1.178"/>
  <testcase name="testVariablesC" classname="org.eclipse.cdt.ui.tests.callhierarchy.BasicCallHierarchyTest" time="1.26"/>
  <testcase name="testStructMembersC" classname="org.eclipse.cdt.ui.tests.callhierarchy.BasicCallHierarchyTest" time="1.55"/>
  <testcase name="testFunctionsWithParamsCpp" classname="org.eclipse.cdt.ui.tests.callhierarchy.BasicCallHierarchyTest" time="1.21"/>
  <testcase name="testUnionMembersC" classname="org.eclipse.cdt.ui.tests.callhierarchy.BasicCallHierarchyTest" time="1.554"/>
  <testcase name="testUnionMembersCpp" classname="org.eclipse.cdt.ui.tests.callhierarchy.BasicCallHierarchyTest" time="1.589"/>
  <testcase name="testStaticMethods" classname="org.eclipse.cdt.ui.tests.callhierarchy.BasicCppCallHierarchyTest" time="1.677"/>
  <testcase name="testNamespacePart2_156519" classname="org.eclipse.cdt.ui.tests.callhierarchy.BasicCppCallHierarchyTest" time="0.946"/>
  <testcase name="testMethods" classname="org.eclipse.cdt.ui.tests.callhierarchy.BasicCppCallHierarchyTest" time="1.677"/>
  <testcase name="testDestructor_156669" classname="org.eclipse.cdt.ui.tests.callhierarchy.BasicCppCallHierarchyTest" time="0.9"/>
  <testcase name="testFields" classname="org.eclipse.cdt.ui.tests.callhierarchy.BasicCppCallHierarchyTest" time="1.632"/>
  <testcase name="testAutomaticConstructor_156668" classname="org.eclipse.cdt.ui.tests.callhierarchy.BasicCppCallHierarchyTest" time="0.848"/>
  <testcase name="testNamespace" classname="org.eclipse.cdt.ui.tests.callhierarchy.BasicCppCallHierarchyTest" time="1.532"/>
  <testcase name="testConstructor" classname="org.eclipse.cdt.ui.tests.callhierarchy.BasicCppCallHierarchyTest" time="0.861"/>
  <testcase name="_testAutomaticDestructor_156668" classname="org.eclipse.cdt.ui.tests.callhierarchy.BasicCppCallHierarchyTest" time="9.063"/>
  <testcase name="testCIntVarInitializer" classname="org.eclipse.cdt.ui.tests.callhierarchy.InitializersInCallHierarchyTest" time="0.84"/>
  <testcase name="testMethodsInMultipleFiles" classname="org.eclipse.cdt.ui.tests.callhierarchy.CppCallHierarchyTest" time="1.927"/>
  <testcase name="testTemplates" classname="org.eclipse.cdt.ui.tests.callhierarchy.CppCallHierarchyTest" time="6.467"/>
  <testcase name="testClosures_316307" classname="org.eclipse.cdt.ui.tests.callhierarchy.CppCallHierarchyTest" time="1.797"/>
  <testcase name="testCPPCallsC" classname="org.eclipse.cdt.ui.tests.callhierarchy.CppCallHierarchyTest" time="3.784"/>
  <testcase name="testMultipleImplsForMethod" classname="org.eclipse.cdt.ui.tests.callhierarchy.CppCallHierarchyTest" time="1.937"/>
  <testcase name="testMethods" classname="org.eclipse.cdt.ui.tests.callhierarchy.CppCallHierarchyTest" time="1.442"/>
  <testcase name="testReverseMultipleImplsForMethod" classname="org.eclipse.cdt.ui.tests.callhierarchy.CppCallHierarchyTest" time="2.018"/>
  <testcase name="testCCallsCPP" classname="org.eclipse.cdt.ui.tests.callhierarchy.CppCallHierarchyTest" time="3.713"/>
  <testcase name="testMethodsInMultipleFiles" classname="org.eclipse.cdt.ui.tests.callhierarchy.CallHierarchyAcrossProjectsTest" time="1.971"/>
  <testcase name="testMultipleImplsForMethod" classname="org.eclipse.cdt.ui.tests.callhierarchy.CallHierarchyAcrossProjectsTest" time="1.972"/>
  <testcase name="testMethods" classname="org.eclipse.cdt.ui.tests.callhierarchy.CallHierarchyAcrossProjectsTest" time="1.348"/>
  <testcase name="testReverseMultipleImplsForMethod" classname="org.eclipse.cdt.ui.tests.callhierarchy.CallHierarchyAcrossProjectsTest" time="2.266"/>
  <testcase name="testCallHierarchyFromOutlineView_183941" classname="org.eclipse.cdt.ui.tests.callhierarchy.CallHierarchyBugs" time="1.948"/>
  <testcase name="testReversePolyMorphicMethodCalls_156689" classname="org.eclipse.cdt.ui.tests.callhierarchy.CallHierarchyBugs" time="2.027"/>
  <testcase name="testPolyMorphicMethodCalls_156689" classname="org.eclipse.cdt.ui.tests.callhierarchy.CallHierarchyBugs" time="5.278"/>
  <testcase name="testMethodInstance_Bug240599" classname="org.eclipse.cdt.ui.tests.callhierarchy.CallHierarchyBugs" time="1.896"/>
  <testcase name="testMultiLanguageWithPrototype_260262" classname="org.eclipse.cdt.ui.tests.callhierarchy.CallHierarchyBugs" time="1.858"/>
  <testcase name="testUnnamedNamespace_283679" classname="org.eclipse.cdt.ui.tests.callhierarchy.CallHierarchyBugs" time="1.896"/>
  <testcase name="testCallsToFromVirtualMethod_246064" classname="org.eclipse.cdt.ui.tests.callhierarchy.CallHierarchyBugs" time="1.888"/>
  <testcase name="testCallHierarchyFromOutlineViewAmbiguous_183941" classname="org.eclipse.cdt.ui.tests.callhierarchy.CallHierarchyBugs" time="1.725"/>
  <testcase name="testCallsToInstanceofSpecializedTemplate_361999" classname="org.eclipse.cdt.ui.tests.callhierarchy.CallHierarchyBugs" time="1.976"/>
  <testcase name="testMultiplePolyMorphicMethodCalls_244987" classname="org.eclipse.cdt.ui.tests.callhierarchy.CallHierarchyBugs" time="1.97"/>
  <testcase name="testMultiLanguageWithInlinedfunc_260262" classname="org.eclipse.cdt.ui.tests.callhierarchy.CallHierarchyBugs" time="1.854"/>
  <testcase name="testMacrosHidingCall_249801" classname="org.eclipse.cdt.ui.tests.callhierarchy.CallHierarchyBugs" time="0.987"/>
  <testcase name="testEnumCPP" classname="org.eclipse.cdt.ui.tests.typehierarchy.CTypeHierarchyTest" time="1.446"/>
  <testcase name="testEnumCFromMember" classname="org.eclipse.cdt.ui.tests.typehierarchy.CTypeHierarchyTest" time="1.364"/>
  <testcase name="testUnionCFromMember" classname="org.eclipse.cdt.ui.tests.typehierarchy.CTypeHierarchyTest" time="0.924"/>
  <testcase name="testEnumC" classname="org.eclipse.cdt.ui.tests.typehierarchy.CTypeHierarchyTest" time="1.257"/>
  <testcase name="testEnumCPPFromMember" classname="org.eclipse.cdt.ui.tests.typehierarchy.CTypeHierarchyTest" time="1.291"/>
  <testcase name="testStructCFromMember" classname="org.eclipse.cdt.ui.tests.typehierarchy.CTypeHierarchyTest" time="1.128"/>
  <testcase name="testUnionCPPFromMember" classname="org.eclipse.cdt.ui.tests.typehierarchy.CTypeHierarchyTest" time="1.119"/>
  <testcase name="testUnionCPP" classname="org.eclipse.cdt.ui.tests.typehierarchy.CTypeHierarchyTest" time="1.724"/>
  <testcase name="testStructCPP" classname="org.eclipse.cdt.ui.tests.typehierarchy.CTypeHierarchyTest" time="1.732"/>
  <testcase name="testUnionC" classname="org.eclipse.cdt.ui.tests.typehierarchy.CTypeHierarchyTest" time="1.691"/>
  <testcase name="testStructCPPFromMember" classname="org.eclipse.cdt.ui.tests.typehierarchy.CTypeHierarchyTest" time="1.112"/>
  <testcase name="testStructC" classname="org.eclipse.cdt.ui.tests.typehierarchy.CTypeHierarchyTest" time="1.725"/>
  <testcase name="testMultipleInheritance" classname="org.eclipse.cdt.ui.tests.typehierarchy.CppTypeHierarchyTest" time="1.545"/>
  <testcase name="testDiamondInheritance" classname="org.eclipse.cdt.ui.tests.typehierarchy.CppTypeHierarchyTest" time="1.551"/>
  <testcase name="testSimpleInheritanceFromMember" classname="org.eclipse.cdt.ui.tests.typehierarchy.CppTypeHierarchyTest" time="1.542"/>
  <testcase name="testViaTypedefInheritance" classname="org.eclipse.cdt.ui.tests.typehierarchy.CppTypeHierarchyTest" time="1.523"/>
  <testcase name="testSimpleInheritance" classname="org.eclipse.cdt.ui.tests.typehierarchy.CppTypeHierarchyTest" time="1.551"/>
  <testcase name="testMultipleInheritanceFromMember" classname="org.eclipse.cdt.ui.tests.typehierarchy.CppTypeHierarchyTest" time="1.56"/>
  <testcase name="testTemplatesNoInheritance" classname="org.eclipse.cdt.ui.tests.typehierarchy.CppTypeHierarchyTest" time="1.007"/>
  <testcase name="testTemplateInstance_403418" classname="org.eclipse.cdt.ui.tests.typehierarchy.CppTypeHierarchyTest" time="1.187"/>
  <testcase name="testDiamondInheritanceFromMember" classname="org.eclipse.cdt.ui.tests.typehierarchy.CppTypeHierarchyTest" time="1.549"/>
  <testcase name="testViaTypedefInheritanceFromMember" classname="org.eclipse.cdt.ui.tests.typehierarchy.CppTypeHierarchyTest" time="1.528"/>
  <testcase name="testMultipleInheritance" classname="org.eclipse.cdt.ui.tests.typehierarchy.QuickTypeHierarchyTest" time="1.848"/>
  <testcase name="testDiamondInheritance" classname="org.eclipse.cdt.ui.tests.typehierarchy.QuickTypeHierarchyTest" time="1.571"/>
  <testcase name="testSimpleInheritanceFromMember" classname="org.eclipse.cdt.ui.tests.typehierarchy.QuickTypeHierarchyTest" time="1.622"/>
  <testcase name="testViaTypedefInheritance" classname="org.eclipse.cdt.ui.tests.typehierarchy.QuickTypeHierarchyTest" time="1.59"/>
  <testcase name="testSimpleInheritance" classname="org.eclipse.cdt.ui.tests.typehierarchy.QuickTypeHierarchyTest" time="1.561"/>
  <testcase name="testMultipleInheritanceFromMember" classname="org.eclipse.cdt.ui.tests.typehierarchy.QuickTypeHierarchyTest" time="1.623"/>
  <testcase name="testDiamondInheritanceFromMember" classname="org.eclipse.cdt.ui.tests.typehierarchy.QuickTypeHierarchyTest" time="1.584"/>
  <testcase name="testViaTypedefInheritanceFromMember" classname="org.eclipse.cdt.ui.tests.typehierarchy.QuickTypeHierarchyTest" time="1.576"/>
  <testcase name="testSimpleInheritanceAcross" classname="org.eclipse.cdt.ui.tests.typehierarchy.TypeHierarchyAcrossProjectsTest" time="1.641"/>
  <testcase name="testInclusionAccrossProjects" classname="org.eclipse.cdt.ui.tests.includebrowser.BasicIncludeBrowserTest" time="0.881"/>
  <testcase name="testSimpleInclusion" classname="org.eclipse.cdt.ui.tests.includebrowser.BasicIncludeBrowserTest" time="0.639"/>
  <testcase name="testBug72559" classname="org.eclipse.cdt.ui.tests.text.contentassist.ContentAssistTests" time="0.463"/>
  <testcase name="testBug72824" classname="org.eclipse.cdt.ui.tests.text.contentassist.ContentAssistTests" time="0.42"/>
  <testcase name="testBug69334a" classname="org.eclipse.cdt.ui.tests.text.contentassist.ContentAssistTests" time="0.228"/>
  <testcase name="testBug69334b" classname="org.eclipse.cdt.ui.tests.text.contentassist.ContentAssistTests" time="0.245"/>
  <testcase name="cleanupProject" classname="org.eclipse.cdt.ui.tests.text.contentassist.ContentAssistTests" time="0.003"/>
  <testcase name="testCompletionProposals" classname="org.eclipse.cdt.ui.tests.text.contentassist2.CompletionTest_AnonymousTypes" time="0.5"/>
  <testcase name="testCompletionProposals" classname="org.eclipse.cdt.ui.tests.text.contentassist2.CompletionTest_ArgumentType_Prefix" time="0.493"/>
  <testcase name="testCompletionProposals" classname="org.eclipse.cdt.ui.tests.text.contentassist2.CompletionTest_ArgumentType_Prefix2" time="0.481"/>
  <testcase name="testCompletionProposals" classname="org.eclipse.cdt.ui.tests.text.contentassist2.CompletionTest_ClassReference_NoPrefix" time="0.545"/>
  <testcase name="testCompletionProposals" classname="org.eclipse.cdt.ui.tests.text.contentassist2.CompletionTest_ClassReference_Prefix" time="0.452"/>
  <testcase name="[Failing] testCompletionProposals" classname="org.eclipse.cdt.ui.tests.text.contentassist2.CompletionTest_ConstructorReference" time="0.453"/>
  <testcase name="testCompletionProposals" classname="org.eclipse.cdt.ui.tests.text.contentassist2.CompletionTest_ExceptionReference_NoPrefix" time="0.45"/>
  <testcase name="testCompletionProposals" classname="org.eclipse.cdt.ui.tests.text.contentassist2.CompletionTest_ExceptionReference_Prefix" time="0.4"/>
  <testcase name="testCompletionProposals" classname="org.eclipse.cdt.ui.tests.text.contentassist2.CompletionTest_FieldType_NoPrefix" time="0.497"/>
  <testcase name="testCompletionProposals" classname="org.eclipse.cdt.ui.tests.text.contentassist2.CompletionTest_FieldType_NoPrefix2" time="0.421"/>
  <testcase name="testCompletionProposals" classname="org.eclipse.cdt.ui.tests.text.contentassist2.CompletionTest_FieldType_Prefix" time="0.476"/>
  <testcase name="testCompletionProposals" classname="org.eclipse.cdt.ui.tests.text.contentassist2.CompletionTest_FunctionReference_Prefix" time="0.437"/>
  <testcase name="testCompletionProposals" classname="org.eclipse.cdt.ui.tests.text.contentassist2.CompletionTest_MacroRef_NoPrefix" time="0.435"/>
  <testcase name="testCompletionProposals" classname="org.eclipse.cdt.ui.tests.text.contentassist2.CompletionTest_MacroRef_Prefix" time="0.491"/>
  <testcase name="testCompletionProposals" classname="org.eclipse.cdt.ui.tests.text.contentassist2.CompletionTest_MemberReference_Arrow_NoPrefix" time="0.46"/>
  <testcase name="testCompletionProposals" classname="org.eclipse.cdt.ui.tests.text.contentassist2.CompletionTest_MemberReference_Arrow_NoPrefix2" time="0.696"/>
  <testcase name="testCompletionProposals" classname="org.eclipse.cdt.ui.tests.text.contentassist2.CompletionTest_MemberReference_Arrow_NoPrefix3" time="0.41"/>
  <testcase name="testCompletionProposals" classname="org.eclipse.cdt.ui.tests.text.contentassist2.CompletionTest_MemberReference_Arrow_Prefix" time="0.413"/>
  <testcase name="testCompletionProposals" classname="org.eclipse.cdt.ui.tests.text.contentassist2.CompletionTest_MemberReference_Arrow_Prefix2" time="0.398"/>
  <testcase name="testCompletionProposals" classname="org.eclipse.cdt.ui.tests.text.contentassist2.CompletionTest_MemberReference_Dot_NoPrefix" time="0.467"/>
  <testcase name="testCompletionProposals" classname="org.eclipse.cdt.ui.tests.text.contentassist2.CompletionTest_MemberReference_Dot_Prefix" time="0.429"/>
  <testcase name="testCompletionProposals" classname="org.eclipse.cdt.ui.tests.text.contentassist2.CompletionTest_NamespaceRef_NoPrefix" time="0.405"/>
  <testcase name="testCompletionProposals" classname="org.eclipse.cdt.ui.tests.text.contentassist2.CompletionTest_NamespaceRef_Prefix" time="0.408"/>
  <testcase name="testCompletionProposals" classname="org.eclipse.cdt.ui.tests.text.contentassist2.CompletionTest_NewTypeReference_NoPrefix" time="0.45"/>
  <testcase name="testCompletionProposals" classname="org.eclipse.cdt.ui.tests.text.contentassist2.CompletionTest_NewTypeReference_Prefix" time="0.478"/>
  <testcase name="testCompletionProposals" classname="org.eclipse.cdt.ui.tests.text.contentassist2.CompletionTest_ScopedReference_NonCodeScope" time="0.405"/>
  <testcase name="testCompletionProposals" classname="org.eclipse.cdt.ui.tests.text.contentassist2.CompletionTest_ScopedReference_NoPrefix" time="0.397"/>
  <testcase name="testCompletionProposals" classname="org.eclipse.cdt.ui.tests.text.contentassist2.CompletionTest_ScopedReference_Prefix" time="0.604"/>
  <testcase name="[Failing] testCompletionProposals" classname="org.eclipse.cdt.ui.tests.text.contentassist2.CompletionTest_SingleName_Method_NoPrefix" time="0.517"/>
  <testcase name="testCompletionProposals" classname="org.eclipse.cdt.ui.tests.text.contentassist2.CompletionTest_SingleName_Method_Prefix" time="0.447"/>
  <testcase name="testCompletionProposals" classname="org.eclipse.cdt.ui.tests.text.contentassist2.CompletionTest_SingleName_NoPrefix" time="0.398"/>
  <testcase name="testCompletionProposals" classname="org.eclipse.cdt.ui.tests.text.contentassist2.CompletionTest_SingleName_Prefix" time="0.416"/>
  <testcase name="testCompletionProposals" classname="org.eclipse.cdt.ui.tests.text.contentassist2.CompletionTest_SingleName_Prefix2" time="0.416"/>
  <testcase name="testCompletionProposals" classname="org.eclipse.cdt.ui.tests.text.contentassist2.CompletionTest_TypeDef_NoPrefix" time="0.464"/>
  <testcase name="testCompletionProposals" classname="org.eclipse.cdt.ui.tests.text.contentassist2.CompletionTest_TypeDef_Prefix" time="0.427"/>
  <testcase name="testCompletionProposals" classname="org.eclipse.cdt.ui.tests.text.contentassist2.CompletionTest_TypeRef_NoPrefix" time="0.397"/>
  <testcase name="testCompletionProposals" classname="org.eclipse.cdt.ui.tests.text.contentassist2.CompletionTest_TypeRef_Prefix" time="0.457"/>
  <testcase name="testCompletionProposals" classname="org.eclipse.cdt.ui.tests.text.contentassist2.CompletionTest_VariableType_NestedPrefix" time="0.592"/>
  <testcase name="testCompletionProposals" classname="org.eclipse.cdt.ui.tests.text.contentassist2.CompletionTest_VariableType_NoPrefix" time="0.519"/>
  <testcase name="testCompletionProposals" classname="org.eclipse.cdt.ui.tests.text.contentassist2.CompletionTest_VariableType_Prefix" time="0.55"/>
  <testcase name="testBaseClassIsTemplateParameter" classname="org.eclipse.cdt.ui.tests.text.contentassist2.CompletionTests" time="0.483"/>
  <testcase name="testUsingCompletionWithFollowingSemicolon" classname="org.eclipse.cdt.ui.tests.text.contentassist2.CompletionTests" time="0.498"/>
  <testcase name="testNestedBaseTemplateMembersFromUnknownScope_456752" classname="org.eclipse.cdt.ui.tests.text.contentassist2.CompletionTests" time="0.493"/>
  <testcase name="testForStatement1" classname="org.eclipse.cdt.ui.tests.text.contentassist2.CompletionTests" time="0.521"/>
  <testcase name="testForStatement2" classname="org.eclipse.cdt.ui.tests.text.contentassist2.CompletionTests" time="0.444"/>
  <testcase name="testForStatement3" classname="org.eclipse.cdt.ui.tests.text.contentassist2.CompletionTests" time="0.457"/>
  <testcase name="testPredefinedMacro_412463" classname="org.eclipse.cdt.ui.tests.text.contentassist2.CompletionTests" time="0.426"/>
  <testcase name="testLocalVariable_MemberFunction" classname="org.eclipse.cdt.ui.tests.text.contentassist2.CompletionTests" time="0.502"/>
  <testcase name="testTemplateArgumentList" classname="org.eclipse.cdt.ui.tests.text.contentassist2.CompletionTests" time="0.521"/>
  <testcase name="testTypes_FakeFriendFunction" classname="org.eclipse.cdt.ui.tests.text.contentassist2.CompletionTests" time="0.47"/>
  <testcase name="testElaboratedTypeSpecifierUnion_bug208710" classname="org.eclipse.cdt.ui.tests.text.contentassist2.CompletionTests" time="0.52"/>
  <testcase name="testTemplateInstanceMemberAccess_459047" classname="org.eclipse.cdt.ui.tests.text.contentassist2.CompletionTests" time="0.503"/>
  <testcase name="testCompletionInMacroArguments1_200208" classname="org.eclipse.cdt.ui.tests.text.contentassist2.CompletionTests" time="0.432"/>
  <testcase name="testCuttingInput1" classname="org.eclipse.cdt.ui.tests.text.contentassist2.CompletionTests" time="0.502"/>
  <testcase name="testCuttingInput2" classname="org.eclipse.cdt.ui.tests.text.contentassist2.CompletionTests" time="0.457"/>
  <testcase name="testTemplateSpecialization" classname="org.eclipse.cdt.ui.tests.text.contentassist2.CompletionTests" time="0.457"/>
  <testcase name="testContentAssistWithBraceInMacro_257915" classname="org.eclipse.cdt.ui.tests.text.contentassist2.CompletionTests" time="0.47"/>
  <testcase name="testTypes_GlobalQualification" classname="org.eclipse.cdt.ui.tests.text.contentassist2.CompletionTests" time="0.575"/>
  <testcase name="testElaboratedTypeSpecifierStruct_bug208710" classname="org.eclipse.cdt.ui.tests.text.contentassist2.CompletionTests" time="0.541"/>
  <testcase name="testEnums_MethodScope" classname="org.eclipse.cdt.ui.tests.text.contentassist2.CompletionTests" time="0.496"/>
  <testcase name="testArrayAccessOperator1" classname="org.eclipse.cdt.ui.tests.text.contentassist2.CompletionTests" time="0.444"/>
  <testcase name="testArrayAccessOperator2" classname="org.eclipse.cdt.ui.tests.text.contentassist2.CompletionTests" time="0.414"/>
  <testcase name="testArrayAccessOperator3" classname="org.eclipse.cdt.ui.tests.text.contentassist2.CompletionTests" time="0.434"/>
  <testcase name="testArrayAccessOperator4" classname="org.eclipse.cdt.ui.tests.text.contentassist2.CompletionTests" time="0.475"/>
  <testcase name="testAccessToNamespaceFromClassMember1" classname="org.eclipse.cdt.ui.tests.text.contentassist2.CompletionTests" time="0.471"/>
  <testcase name="testAccessToNamespaceFromClassMember2" classname="org.eclipse.cdt.ui.tests.text.contentassist2.CompletionTests" time="0.459"/>
  <testcase name="testBaseClassIsStruct_434446" classname="org.eclipse.cdt.ui.tests.text.contentassist2.CompletionTests" time="0.448"/>
  <testcase name="testMethodDefinitionClassName_190296" classname="org.eclipse.cdt.ui.tests.text.contentassist2.CompletionTests" time="0.468"/>
  <testcase name="testFieldOfDeferredClassInstance_bug402617" classname="org.eclipse.cdt.ui.tests.text.contentassist2.CompletionTests" time="0.693"/>
  <testcase name="testAutoColons" classname="org.eclipse.cdt.ui.tests.text.contentassist2.CompletionTests" time="0.443"/>
  <testcase name="testTypes_NamespaceScope" classname="org.eclipse.cdt.ui.tests.text.contentassist2.CompletionTests" time="0.44"/>
  <testcase name="testDependentScopes_bug472818a" classname="org.eclipse.cdt.ui.tests.text.contentassist2.CompletionTests" time="0.454"/>
  <testcase name="testDependentScopes_bug472818b" classname="org.eclipse.cdt.ui.tests.text.contentassist2.CompletionTests" time="0.465"/>
  <testcase name="testDependentScopes_bug472818c" classname="org.eclipse.cdt.ui.tests.text.contentassist2.CompletionTests" time="0.589"/>
  <testcase name="testEnums_GlobalScope" classname="org.eclipse.cdt.ui.tests.text.contentassist2.CompletionTests" time="0.509"/>
  <testcase name="testTemplateSelfReferencePDOM_bug456101" classname="org.eclipse.cdt.ui.tests.text.contentassist2.CompletionTests" time="0.488"/>
  <testcase name="testShadowingBaseClassMember_407807" classname="org.eclipse.cdt.ui.tests.text.contentassist2.CompletionTests" time="0.55"/>
  <testcase name="testAliasSyntheticMembers_415495" classname="org.eclipse.cdt.ui.tests.text.contentassist2.CompletionTests" time="0.439"/>
  <testcase name="testGlobalFunctions_MethodScope" classname="org.eclipse.cdt.ui.tests.text.contentassist2.CompletionTests" time="0.598"/>
  <testcase name="testNoDefaultFunctionParameter" classname="org.eclipse.cdt.ui.tests.text.contentassist2.CompletionTests" time="0.469"/>
  <testcase name="testQualificationForAccess1" classname="org.eclipse.cdt.ui.tests.text.contentassist2.CompletionTests" time="0.458"/>
  <testcase name="testQualificationForAccess2" classname="org.eclipse.cdt.ui.tests.text.contentassist2.CompletionTests" time="0.475"/>
  <testcase name="testCunstructorInitializerList_NameContextInput_266586" classname="org.eclipse.cdt.ui.tests.text.contentassist2.CompletionTests" time="0.464"/>
  <testcase name="testGlobalFunctions_GlobalScope" classname="org.eclipse.cdt.ui.tests.text.contentassist2.CompletionTests" time="0.465"/>
  <testcase name="testDependentMemberChain_bug478121" classname="org.eclipse.cdt.ui.tests.text.contentassist2.CompletionTests" time="0.467"/>
  <testcase name="testTypedefToAnonymous_204758" classname="org.eclipse.cdt.ui.tests.text.contentassist2.CompletionTests" time="0.427"/>
  <testcase name="testUsingCompletionWithoutTemplateArgumentsButSemicolon" classname="org.eclipse.cdt.ui.tests.text.contentassist2.CompletionTests" time="0.492"/>
  <testcase name="testElaboratedTypeSpecifierNotClass_bug208710" classname="org.eclipse.cdt.ui.tests.text.contentassist2.CompletionTests" time="0.51"/>
  <testcase name="testDataMembers_MethodScope" classname="org.eclipse.cdt.ui.tests.text.contentassist2.CompletionTests" time="0.491"/>
  <testcase name="testUsingDirective" classname="org.eclipse.cdt.ui.tests.text.contentassist2.CompletionTests" time="0.444"/>
  <testcase name="testAutoColons2" classname="org.eclipse.cdt.ui.tests.text.contentassist2.CompletionTests" time="0.442"/>
  <testcase name="testAliasTemplate_418479" classname="org.eclipse.cdt.ui.tests.text.contentassist2.CompletionTests" time="0.44"/>
  <testcase name="testCunstructorInitializerList_MemberInput_266586" classname="org.eclipse.cdt.ui.tests.text.contentassist2.CompletionTests" time="0.465"/>
  <testcase name="testNestedTemplateSpecialization_460341" classname="org.eclipse.cdt.ui.tests.text.contentassist2.CompletionTests" time="0.465"/>
  <testcase name="testDataMembers_GlobalScope" classname="org.eclipse.cdt.ui.tests.text.contentassist2.CompletionTests" time="0.566"/>
  <testcase name="testNoDefaultTemplateParameter" classname="org.eclipse.cdt.ui.tests.text.contentassist2.CompletionTests" time="0.505"/>
  <testcase name="testNoDefaultFunctionArgument" classname="org.eclipse.cdt.ui.tests.text.contentassist2.CompletionTests" time="0.457"/>
  <testcase name="testTypes_FriendClass" classname="org.eclipse.cdt.ui.tests.text.contentassist2.CompletionTests" time="0.423"/>
  <testcase name="testCompletePreprocessorDirective" classname="org.eclipse.cdt.ui.tests.text.contentassist2.CompletionTests" time="0.475"/>
  <testcase name="testDotToArrowConversionForTypedef_bug461527" classname="org.eclipse.cdt.ui.tests.text.contentassist2.CompletionTests" time="0.547"/>
  <testcase name="testInheritanceFromTemplateParameter_bug466861" classname="org.eclipse.cdt.ui.tests.text.contentassist2.CompletionTests" time="0.45"/>
  <testcase name="testDefaultTemplateArgument" classname="org.eclipse.cdt.ui.tests.text.contentassist2.CompletionTests" time="0.441"/>
  <testcase name="testForwardMembersInInlineMethods_103857a" classname="org.eclipse.cdt.ui.tests.text.contentassist2.CompletionTests" time="0.431"/>
  <testcase name="testForwardMembersInInlineMethods_103857b" classname="org.eclipse.cdt.ui.tests.text.contentassist2.CompletionTests" time="0.425"/>
  <testcase name="testLocalVariable" classname="org.eclipse.cdt.ui.tests.text.contentassist2.CompletionTests" time="0.592"/>
  <testcase name="testBindingsWithoutDeclaration" classname="org.eclipse.cdt.ui.tests.text.contentassist2.CompletionTests" time="0.45"/>
  <testcase name="testContentAssistInDeferredClassInstance_194592" classname="org.eclipse.cdt.ui.tests.text.contentassist2.CompletionTests" time="0.442"/>
  <testcase name="testExternC_bug191315" classname="org.eclipse.cdt.ui.tests.text.contentassist2.CompletionTests" time="0.455"/>
  <testcase name="testElaboratedTypeSpecifierNotStruct_bug208710" classname="org.eclipse.cdt.ui.tests.text.contentassist2.CompletionTests" time="0.439"/>
  <testcase name="testDisturbingMacros" classname="org.eclipse.cdt.ui.tests.text.contentassist2.CompletionTests" time="0.465"/>
  <testcase name="testPreprocessorProvidedMacro_412463" classname="org.eclipse.cdt.ui.tests.text.contentassist2.CompletionTests" time="0.444"/>
  <testcase name="testMemebersForDeeplyNestedTemplates_459389" classname="org.eclipse.cdt.ui.tests.text.contentassist2.CompletionTests" time="0.604"/>
  <testcase name="testWhileStatement" classname="org.eclipse.cdt.ui.tests.text.contentassist2.CompletionTests" time="0.449"/>
  <testcase name="testElaboratedTypeSpecifierNotUnion2_bug208710" classname="org.eclipse.cdt.ui.tests.text.contentassist2.CompletionTests" time="0.423"/>
  <testcase name="testLocalVariable_MemberVariable" classname="org.eclipse.cdt.ui.tests.text.contentassist2.CompletionTests" time="0.438"/>
  <testcase name="testNestedTypesInQualifiedNames_255898" classname="org.eclipse.cdt.ui.tests.text.contentassist2.CompletionTests" time="0.447"/>
  <testcase name="testCompletionInsideAttribute_bug477359" classname="org.eclipse.cdt.ui.tests.text.contentassist2.CompletionTests" time="0.48"/>
  <testcase name="testPrivateStaticMember_109480" classname="org.eclipse.cdt.ui.tests.text.contentassist2.CompletionTests" time="0.445"/>
  <testcase name="testAliasDeclarationCompletion" classname="org.eclipse.cdt.ui.tests.text.contentassist2.CompletionTests" time="0.431"/>
  <testcase name="testGlobalFunction" classname="org.eclipse.cdt.ui.tests.text.contentassist2.CompletionTests" time="0.475"/>
  <testcase name="testCompletionInMacroArguments2_200208" classname="org.eclipse.cdt.ui.tests.text.contentassist2.CompletionTests" time="0.448"/>
  <testcase name="testOwnMember" classname="org.eclipse.cdt.ui.tests.text.contentassist2.CompletionTests" time="0.432"/>
  <testcase name="testTemporaryObject" classname="org.eclipse.cdt.ui.tests.text.contentassist2.CompletionTests" time="0.455"/>
  <testcase name="testGlobalVariables_MethodScope" classname="org.eclipse.cdt.ui.tests.text.contentassist2.CompletionTests" time="0.508"/>
  <testcase name="testCompletePreprocessorDirective2" classname="org.eclipse.cdt.ui.tests.text.contentassist2.CompletionTests" time="0.446"/>
  <testcase name="testCompletePreprocessorDirective3" classname="org.eclipse.cdt.ui.tests.text.contentassist2.CompletionTests" time="0.414"/>
  <testcase name="testElaboratedTypeSpecifierClass_bug208710" classname="org.eclipse.cdt.ui.tests.text.contentassist2.CompletionTests" time="0.435"/>
  <testcase name="testGlobalVariables_GlobalScope" classname="org.eclipse.cdt.ui.tests.text.contentassist2.CompletionTests" time="0.442"/>
  <testcase name="testDefaultTemplateTemplateArgument" classname="org.eclipse.cdt.ui.tests.text.contentassist2.CompletionTests" time="0.459"/>
  <testcase name="testTemplateClassMethod" classname="org.eclipse.cdt.ui.tests.text.contentassist2.CompletionTests" time="0.501"/>
  <testcase name="testUserMacroSegmentMatch" classname="org.eclipse.cdt.ui.tests.text.contentassist2.CompletionTests" time="0.425"/>
  <testcase name="testNestedBaseTemplateMembers_422401" classname="org.eclipse.cdt.ui.tests.text.contentassist2.CompletionTests" time="0.513"/>
  <testcase name="testLambdaParameter_481070" classname="org.eclipse.cdt.ui.tests.text.contentassist2.CompletionTests" time="0.445"/>
  <testcase name="testBaseClassIsTemplateAlias_434446" classname="org.eclipse.cdt.ui.tests.text.contentassist2.CompletionTests" time="0.409"/>
  <testcase name="testDefaultFunctionArgument" classname="org.eclipse.cdt.ui.tests.text.contentassist2.CompletionTests" time="0.436"/>
  <testcase name="testEnumInClass_bug199598" classname="org.eclipse.cdt.ui.tests.text.contentassist2.CompletionTests" time="0.464"/>
  <testcase name="testElaboratedTypeSpecifierNotClass2_bug208710" classname="org.eclipse.cdt.ui.tests.text.contentassist2.CompletionTests" time="0.488"/>
  <testcase name="testTypedefSpecialization_307818" classname="org.eclipse.cdt.ui.tests.text.contentassist2.CompletionTests" time="0.417"/>
  <testcase name="testCompletionInFloatingPointLiteral_193464" classname="org.eclipse.cdt.ui.tests.text.contentassist2.CompletionTests" time="0.429"/>
  <testcase name="testTypes_MethodScope" classname="org.eclipse.cdt.ui.tests.text.contentassist2.CompletionTests" time="0.452"/>
  <testcase name="testElaboratedTypeSpecifierNotUnion_bug208710" classname="org.eclipse.cdt.ui.tests.text.contentassist2.CompletionTests" time="0.516"/>
  <testcase name="testUsingDeclaration_331056" classname="org.eclipse.cdt.ui.tests.text.contentassist2.CompletionTests" time="0.439"/>
  <testcase name="testUsingDeclaration_379631" classname="org.eclipse.cdt.ui.tests.text.contentassist2.CompletionTests" time="0.445"/>
  <testcase name="testBuiltinMacroSegmentMatch" classname="org.eclipse.cdt.ui.tests.text.contentassist2.CompletionTests" time="0.425"/>
  <testcase name="testTypes_GlobalScope" classname="org.eclipse.cdt.ui.tests.text.contentassist2.CompletionTests" time="0.435"/>
  <testcase name="testLocalVariables_MethodScope" classname="org.eclipse.cdt.ui.tests.text.contentassist2.CompletionTests" time="0.441"/>
  <testcase name="testMethods_MethodScope" classname="org.eclipse.cdt.ui.tests.text.contentassist2.CompletionTests" time="0.441"/>
  <testcase name="testNestedAnonymousStructs_206450" classname="org.eclipse.cdt.ui.tests.text.contentassist2.CompletionTests" time="0.442"/>
  <testcase name="testLocalVariables_GlobalScope" classname="org.eclipse.cdt.ui.tests.text.contentassist2.CompletionTests" time="0.421"/>
  <testcase name="testTypes_FakeFriendClass" classname="org.eclipse.cdt.ui.tests.text.contentassist2.CompletionTests" time="0.472"/>
  <testcase name="testTemplateMethod" classname="org.eclipse.cdt.ui.tests.text.contentassist2.CompletionTests" time="0.481"/>
  <testcase name="testFunctionWithTypedefToAnonymousType_bug192787" classname="org.eclipse.cdt.ui.tests.text.contentassist2.CompletionTests" time="0.493"/>
  <testcase name="testPointerArithmetic1" classname="org.eclipse.cdt.ui.tests.text.contentassist2.CompletionTests" time="0.451"/>
  <testcase name="testPointerArithmetic2" classname="org.eclipse.cdt.ui.tests.text.contentassist2.CompletionTests" time="0.454"/>
  <testcase name="testPointerArithmetic3" classname="org.eclipse.cdt.ui.tests.text.contentassist2.CompletionTests" time="0.47"/>
  <testcase name="testPointerArithmetic4" classname="org.eclipse.cdt.ui.tests.text.contentassist2.CompletionTests" time="0.439"/>
  <testcase name="testPointerArithmetic5" classname="org.eclipse.cdt.ui.tests.text.contentassist2.CompletionTests" time="0.445"/>
  <testcase name="testMethods_GlobalScope" classname="org.eclipse.cdt.ui.tests.text.contentassist2.CompletionTests" time="0.44"/>
  <testcase name="testCasts1" classname="org.eclipse.cdt.ui.tests.text.contentassist2.CompletionTests" time="0.424"/>
  <testcase name="testCasts2" classname="org.eclipse.cdt.ui.tests.text.contentassist2.CompletionTests" time="0.454"/>
  <testcase name="testCatchBlock1" classname="org.eclipse.cdt.ui.tests.text.contentassist2.CompletionTests" time="0.476"/>
  <testcase name="testCatchBlock2" classname="org.eclipse.cdt.ui.tests.text.contentassist2.CompletionTests" time="0.489"/>
  <testcase name="testTypedefSyntheticMembers_415495" classname="org.eclipse.cdt.ui.tests.text.contentassist2.CompletionTests" time="0.454"/>
  <testcase name="testNestingClassNameInCompletion_395571" classname="org.eclipse.cdt.ui.tests.text.contentassist2.CompletionTests" time="0.415"/>
  <testcase name="testOwnMemberViaThis" classname="org.eclipse.cdt.ui.tests.text.contentassist2.CompletionTests" time="0.458"/>
  <testcase name="testCompletionInInitializerList_230389" classname="org.eclipse.cdt.ui.tests.text.contentassist2.CompletionTests" time="0.429"/>
  <testcase name="testInclusionProposals_bug113568" classname="org.eclipse.cdt.ui.tests.text.contentassist2.CompletionTests" time="0.564"/>
  <testcase name="testTemplateDeclaration_397288" classname="org.eclipse.cdt.ui.tests.text.contentassist2.CompletionTests" time="0.517"/>
  <testcase name="testConstructorInitializerList_BaseClassInput_266586" classname="org.eclipse.cdt.ui.tests.text.contentassist2.CompletionTests" time="0.454"/>
  <testcase name="testAddressOf" classname="org.eclipse.cdt.ui.tests.text.contentassist2.CompletionTests" time="0.446"/>
  <testcase name="testQualifiedAccess_TypedefAsQualifier1" classname="org.eclipse.cdt.ui.tests.text.contentassist2.CompletionTests" time="0.427"/>
  <testcase name="testQualifiedAccess_TypedefAsQualifier2" classname="org.eclipse.cdt.ui.tests.text.contentassist2.CompletionTests" time="0.45"/>
  <testcase name="testQualifiedAccess_TypedefAsQualifier3" classname="org.eclipse.cdt.ui.tests.text.contentassist2.CompletionTests" time="0.443"/>
  <testcase name="testUsingCompletionWithoutTemplateArguments" classname="org.eclipse.cdt.ui.tests.text.contentassist2.CompletionTests" time="0.447"/>
  <testcase name="testCompletionAfterLessThan_229062" classname="org.eclipse.cdt.ui.tests.text.contentassist2.CompletionTests" time="0.458"/>
  <testcase name="testNoDefaultTemplateArgument" classname="org.eclipse.cdt.ui.tests.text.contentassist2.CompletionTests" time="0.452"/>
  <testcase name="testTemplateSelfReference_bug456101" classname="org.eclipse.cdt.ui.tests.text.contentassist2.CompletionTests" time="0.446"/>
  <testcase name="testTypes_FriendFunction" classname="org.eclipse.cdt.ui.tests.text.contentassist2.CompletionTests" time="0.477"/>
  <testcase name="testDereferencingOperator1" classname="org.eclipse.cdt.ui.tests.text.contentassist2.CompletionTests" time="0.458"/>
  <testcase name="testDereferencingOperator2" classname="org.eclipse.cdt.ui.tests.text.contentassist2.CompletionTests" time="0.448"/>
  <testcase name="testDereferencingOperator3" classname="org.eclipse.cdt.ui.tests.text.contentassist2.CompletionTests" time="0.476"/>
  <testcase name="testGlobalVariableBeforeSave_180883" classname="org.eclipse.cdt.ui.tests.text.contentassist2.CompletionTests" time="0.641"/>
  <testcase name="testNestedCalls" classname="org.eclipse.cdt.ui.tests.text.contentassist2.CompletionTests" time="0.468"/>
  <testcase name="testSwitchStatement" classname="org.eclipse.cdt.ui.tests.text.contentassist2.CompletionTests" time="0.49"/>
  <testcase name="testConstructorInitializerList_EmptyInput_266586" classname="org.eclipse.cdt.ui.tests.text.contentassist2.CompletionTests" time="0.524"/>
  <testcase name="testDeferredBaseClass_330762" classname="org.eclipse.cdt.ui.tests.text.contentassist2.CompletionTests" time="0.496"/>
  <testcase name="testElaboratedTypeSpecifierNotStruct2_bug208710" classname="org.eclipse.cdt.ui.tests.text.contentassist2.CompletionTests" time="0.477"/>
  <testcase name="testQualifiedAccess1" classname="org.eclipse.cdt.ui.tests.text.contentassist2.CompletionTests" time="0.464"/>
  <testcase name="testQualifiedAccess2" classname="org.eclipse.cdt.ui.tests.text.contentassist2.CompletionTests" time="0.435"/>
  <testcase name="testQualifiedAccess3" classname="org.eclipse.cdt.ui.tests.text.contentassist2.CompletionTests" time="0.443"/>
  <testcase name="testUserdefinedCallOperator_231277" classname="org.eclipse.cdt.ui.tests.text.contentassist2.CompletionTests" time="0.44"/>
  <testcase name="testLocalVariableAfterOpeningParen_Bug180885" classname="org.eclipse.cdt.ui.tests.text.contentassist2.CompletionTests_PlainC" time="0.482"/>
  <testcase name="testForStatement1" classname="org.eclipse.cdt.ui.tests.text.contentassist2.CompletionTests_PlainC" time="0.453"/>
  <testcase name="testForStatement2" classname="org.eclipse.cdt.ui.tests.text.contentassist2.CompletionTests_PlainC" time="0.455"/>
  <testcase name="testForStatement3" classname="org.eclipse.cdt.ui.tests.text.contentassist2.CompletionTests_PlainC" time="0.524"/>
  <testcase name="testLocalVariableOnLHS" classname="org.eclipse.cdt.ui.tests.text.contentassist2.CompletionTests_PlainC" time="0.465"/>
  <testcase name="testElaboratedTypeSpecifierUnion_bug208710" classname="org.eclipse.cdt.ui.tests.text.contentassist2.CompletionTests_PlainC" time="0.833"/>
  <testcase name="testFieldType_Prefix" classname="org.eclipse.cdt.ui.tests.text.contentassist2.CompletionTests_PlainC" time="0.53"/>
  <testcase name="testCompletionInInitializerList_Bug230389" classname="org.eclipse.cdt.ui.tests.text.contentassist2.CompletionTests_PlainC" time="0.439"/>
  <testcase name="testCompletionInFloatingPointLiteral_Bug193464" classname="org.eclipse.cdt.ui.tests.text.contentassist2.CompletionTests_PlainC" time="0.475"/>
  <testcase name="testCuttingInput1" classname="org.eclipse.cdt.ui.tests.text.contentassist2.CompletionTests_PlainC" time="0.438"/>
  <testcase name="testCuttingInput2" classname="org.eclipse.cdt.ui.tests.text.contentassist2.CompletionTests_PlainC" time="0.438"/>
  <testcase name="testDataMembers_FunctionScope" classname="org.eclipse.cdt.ui.tests.text.contentassist2.CompletionTests_PlainC" time="0.474"/>
  <testcase name="testElaboratedTypeSpecifierStruct_bug208710" classname="org.eclipse.cdt.ui.tests.text.contentassist2.CompletionTests_PlainC" time="0.554"/>
  <testcase name="testArrayAccessOperator1" classname="org.eclipse.cdt.ui.tests.text.contentassist2.CompletionTests_PlainC" time="0.431"/>
  <testcase name="testArrayAccessOperator2" classname="org.eclipse.cdt.ui.tests.text.contentassist2.CompletionTests_PlainC" time="0.44"/>
  <testcase name="testArrayAccessOperator3" classname="org.eclipse.cdt.ui.tests.text.contentassist2.CompletionTests_PlainC" time="0.425"/>
  <testcase name="testArrayAccessOperator4" classname="org.eclipse.cdt.ui.tests.text.contentassist2.CompletionTests_PlainC" time="0.436"/>
  <testcase name="testSingleName_Function_NoPrefix" classname="org.eclipse.cdt.ui.tests.text.contentassist2.CompletionTests_PlainC" time="0.494"/>
  <testcase name="testSingleName_Assignment_NoPrefix" classname="org.eclipse.cdt.ui.tests.text.contentassist2.CompletionTests_PlainC" time="0.493"/>
  <testcase name="testGlobalVariableBeforeSave_Bug180883" classname="org.eclipse.cdt.ui.tests.text.contentassist2.CompletionTests_PlainC" time="0.441"/>
  <testcase name="testAnonymousTypes" classname="org.eclipse.cdt.ui.tests.text.contentassist2.CompletionTests_PlainC" time="0.423"/>
  <testcase name="testMemberReference_Arrow_NoPrefix" classname="org.eclipse.cdt.ui.tests.text.contentassist2.CompletionTests_PlainC" time="0.456"/>
  <testcase name="testArgumentTypes_Prefix" classname="org.eclipse.cdt.ui.tests.text.contentassist2.CompletionTests_PlainC" time="0.494"/>
  <testcase name="testFieldType_NoPrefix" classname="org.eclipse.cdt.ui.tests.text.contentassist2.CompletionTests_PlainC" time="0.435"/>
  <testcase name="testMacroRef_NoPrefix" classname="org.eclipse.cdt.ui.tests.text.contentassist2.CompletionTests_PlainC" time="0.433"/>
  <testcase name="testGlobalFunctions_FunctionScope" classname="org.eclipse.cdt.ui.tests.text.contentassist2.CompletionTests_PlainC" time="0.63"/>
  <testcase name="testLocalVariable" classname="org.eclipse.cdt.ui.tests.text.contentassist2.CompletionTests_PlainC" time="0.472"/>
  <testcase name="testTypes_FunctionScope" classname="org.eclipse.cdt.ui.tests.text.contentassist2.CompletionTests_PlainC" time="0.459"/>
  <testcase name="testMemberReference_Arrow_Prefix" classname="org.eclipse.cdt.ui.tests.text.contentassist2.CompletionTests_PlainC" time="0.428"/>
  <testcase name="testBindingsWithoutDeclaration" classname="org.eclipse.cdt.ui.tests.text.contentassist2.CompletionTests_PlainC" time="0.474"/>
  <testcase name="testExternC_bug191315" classname="org.eclipse.cdt.ui.tests.text.contentassist2.CompletionTests_PlainC" time="0.525"/>
  <testcase name="testTypeDef_Prefix" classname="org.eclipse.cdt.ui.tests.text.contentassist2.CompletionTests_PlainC" time="0.434"/>
  <testcase name="testElaboratedTypeSpecifierNotStruct_bug208710" classname="org.eclipse.cdt.ui.tests.text.contentassist2.CompletionTests_PlainC" time="0.493"/>
  <testcase name="testDisturbingMacros" classname="org.eclipse.cdt.ui.tests.text.contentassist2.CompletionTests_PlainC" time="0.425"/>
  <testcase name="testCompletionInMacroArguments1_Bug200208" classname="org.eclipse.cdt.ui.tests.text.contentassist2.CompletionTests_PlainC" time="0.437"/>
  <testcase name="testMemberReference_Arrow_Prefix2" classname="org.eclipse.cdt.ui.tests.text.contentassist2.CompletionTests_PlainC" time="0.472"/>
  <testcase name="testWhileStatement" classname="org.eclipse.cdt.ui.tests.text.contentassist2.CompletionTests_PlainC" time="0.462"/>
  <testcase name="testLocalVariable_MemberVariable" classname="org.eclipse.cdt.ui.tests.text.contentassist2.CompletionTests_PlainC" time="0.455"/>
  <testcase name="testTypedefToAnonymous_Bug204758" classname="org.eclipse.cdt.ui.tests.text.contentassist2.CompletionTests_PlainC" time="0.512"/>
  <testcase name="testEnums_FunctionScope" classname="org.eclipse.cdt.ui.tests.text.contentassist2.CompletionTests_PlainC" time="0.439"/>
  <testcase name="testGlobalFunction" classname="org.eclipse.cdt.ui.tests.text.contentassist2.CompletionTests_PlainC" time="0.431"/>
  <testcase name="testLocalVariables_FunctionScope" classname="org.eclipse.cdt.ui.tests.text.contentassist2.CompletionTests_PlainC" time="0.447"/>
  <testcase name="testGlobalVariables_FunctionScope" classname="org.eclipse.cdt.ui.tests.text.contentassist2.CompletionTests_PlainC" time="0.442"/>
  <testcase name="testGlobalVariables_GlobalScope" classname="org.eclipse.cdt.ui.tests.text.contentassist2.CompletionTests_PlainC" time="0.46"/>
  <testcase name="testNestedAnonymousStructs_Bug206450" classname="org.eclipse.cdt.ui.tests.text.contentassist2.CompletionTests_PlainC" time="0.506"/>
  <testcase name="testSingleName_Function_Prefix" classname="org.eclipse.cdt.ui.tests.text.contentassist2.CompletionTests_PlainC" time="0.485"/>
  <testcase name="testStaticVariables_Bug197990" classname="org.eclipse.cdt.ui.tests.text.contentassist2.CompletionTests_PlainC" time="0.469"/>
  <testcase name="testElaboratedTypeSpecifierNotUnion_bug208710" classname="org.eclipse.cdt.ui.tests.text.contentassist2.CompletionTests_PlainC" time="0.545"/>
  <testcase name="testMemberReference_Dot_Prefix" classname="org.eclipse.cdt.ui.tests.text.contentassist2.CompletionTests_PlainC" time="0.506"/>
  <testcase name="testPointerArithmetic1" classname="org.eclipse.cdt.ui.tests.text.contentassist2.CompletionTests_PlainC" time="0.536"/>
  <testcase name="testPointerArithmetic2" classname="org.eclipse.cdt.ui.tests.text.contentassist2.CompletionTests_PlainC" time="0.455"/>
  <testcase name="testPointerArithmetic3" classname="org.eclipse.cdt.ui.tests.text.contentassist2.CompletionTests_PlainC" time="0.438"/>
  <testcase name="testPointerArithmetic4" classname="org.eclipse.cdt.ui.tests.text.contentassist2.CompletionTests_PlainC" time="0.453"/>
  <testcase name="testPointerArithmetic5" classname="org.eclipse.cdt.ui.tests.text.contentassist2.CompletionTests_PlainC" time="0.493"/>
  <testcase name="testCasts1" classname="org.eclipse.cdt.ui.tests.text.contentassist2.CompletionTests_PlainC" time="0.51"/>
  <testcase name="testCasts2" classname="org.eclipse.cdt.ui.tests.text.contentassist2.CompletionTests_PlainC" time="0.473"/>
  <testcase name="testLocalVariableInAssignment" classname="org.eclipse.cdt.ui.tests.text.contentassist2.CompletionTests_PlainC" time="0.438"/>
  <testcase name="testMacroRef_Prefix" classname="org.eclipse.cdt.ui.tests.text.contentassist2.CompletionTests_PlainC" time="0.45"/>
  <testcase name="testAddressOf" classname="org.eclipse.cdt.ui.tests.text.contentassist2.CompletionTests_PlainC" time="0.436"/>
  <testcase name="testMemberReference_Arrow_NoPrefix2" classname="org.eclipse.cdt.ui.tests.text.contentassist2.CompletionTests_PlainC" time="0.447"/>
  <testcase name="testDereferencingOperator1" classname="org.eclipse.cdt.ui.tests.text.contentassist2.CompletionTests_PlainC" time="0.452"/>
  <testcase name="testDereferencingOperator2" classname="org.eclipse.cdt.ui.tests.text.contentassist2.CompletionTests_PlainC" time="0.452"/>
  <testcase name="testDereferencingOperator3" classname="org.eclipse.cdt.ui.tests.text.contentassist2.CompletionTests_PlainC" time="0.45"/>
  <testcase name="testNestedCalls" classname="org.eclipse.cdt.ui.tests.text.contentassist2.CompletionTests_PlainC" time="0.498"/>
  <testcase name="testSwitchStatement" classname="org.eclipse.cdt.ui.tests.text.contentassist2.CompletionTests_PlainC" time="0.463"/>
  <testcase name="testSingleName_Assignment_Prefix" classname="org.eclipse.cdt.ui.tests.text.contentassist2.CompletionTests_PlainC" time="0.468"/>
  <testcase name="testCompletionInMacroArguments2_Bug200208" classname="org.eclipse.cdt.ui.tests.text.contentassist2.CompletionTests_PlainC" time="0.488"/>
  <testcase name="testMemberReference_Dot_NoPrefix" classname="org.eclipse.cdt.ui.tests.text.contentassist2.CompletionTests_PlainC" time="0.594"/>
  <testcase name="testMethodWithCast" classname="org.eclipse.cdt.ui.tests.text.contentassist2.ParameterHintTests" time="0.477"/>
  <testcase name="testMethodScope" classname="org.eclipse.cdt.ui.tests.text.contentassist2.ParameterHintTests" time="0.496"/>
  <testcase name="testTemplateFunction2" classname="org.eclipse.cdt.ui.tests.text.contentassist2.ParameterHintTests" time="0.488"/>
  <testcase name="testFunctionsOnly" classname="org.eclipse.cdt.ui.tests.text.contentassist2.ParameterHintTests" time="0.522"/>
  <testcase name="testTemplateConstructor" classname="org.eclipse.cdt.ui.tests.text.contentassist2.ParameterHintTests" time="0.43"/>
  <testcase name="testAccurateName" classname="org.eclipse.cdt.ui.tests.text.contentassist2.ParameterHintTests" time="0.438"/>
  <testcase name="testConstructor3_Bug327064" classname="org.eclipse.cdt.ui.tests.text.contentassist2.ParameterHintTests" time="0.461"/>
  <testcase name="testTemplateFunction" classname="org.eclipse.cdt.ui.tests.text.contentassist2.ParameterHintTests" time="0.453"/>
  <testcase name="testTemplateConstructor2_Bug223660" classname="org.eclipse.cdt.ui.tests.text.contentassist2.ParameterHintTests" time="0.444"/>
  <testcase name="testFormatterConfiguredWithSpaceAfterComma" classname="org.eclipse.cdt.ui.tests.text.contentassist2.ParameterHintTests" time="0.444"/>
  <testcase name="testMethodDefinition" classname="org.eclipse.cdt.ui.tests.text.contentassist2.ParameterHintTests" time="0.436"/>
  <testcase name="testInvalidInvocation" classname="org.eclipse.cdt.ui.tests.text.contentassist2.ParameterHintTests" time="0.437"/>
  <testcase name="testOffsetCalculation" classname="org.eclipse.cdt.ui.tests.text.contentassist2.ParameterHintTests" time="0.459"/>
  <testcase name="testConstructor" classname="org.eclipse.cdt.ui.tests.text.contentassist2.ParameterHintTests" time="0.546"/>
  <testcase name="testFunction" classname="org.eclipse.cdt.ui.tests.text.contentassist2.ParameterHintTests" time="0.438"/>
  <testcase name="testConstructor2_Bug223660" classname="org.eclipse.cdt.ui.tests.text.contentassist2.ParameterHintTests" time="0.444"/>
  <testcase name="testInsideConstructor" classname="org.eclipse.cdt.ui.tests.text.contentassist2.CPPParameterGuessingTests" time="0.567"/>
  <testcase name="testOverloadedMethod" classname="org.eclipse.cdt.ui.tests.text.contentassist2.CPPParameterGuessingTests" time="0.443"/>
  <testcase name="testParameterNameMatching" classname="org.eclipse.cdt.ui.tests.text.contentassist2.CPPParameterGuessingTests" time="0.49"/>
  <testcase name="testIndirectTypes" classname="org.eclipse.cdt.ui.tests.text.contentassist2.CPPParameterGuessingTests" time="0.446"/>
  <testcase name="testOverloadedFunction" classname="org.eclipse.cdt.ui.tests.text.contentassist2.CPPParameterGuessingTests" time="0.439"/>
  <testcase name="_testTemplateFunction" classname="org.eclipse.cdt.ui.tests.text.contentassist2.CPPParameterGuessingTests" time="0.449"/>
  <testcase name="testMultipleFunctions" classname="org.eclipse.cdt.ui.tests.text.contentassist2.CParameterGuessingTests" time="0.471"/>
  <testcase name="testIndirectTypes" classname="org.eclipse.cdt.ui.tests.text.contentassist2.CParameterGuessingTests" time="0.454"/>
  <testcase name="testCamelCaseOn" classname="org.eclipse.cdt.ui.tests.text.contentassist2.ShowCamelCasePreferenceTest" time="0.473"/>
  <testcase name="testDefault" classname="org.eclipse.cdt.ui.tests.text.contentassist2.ShowCamelCasePreferenceTest" time="0.437"/>
  <testcase name="testCamelCaseOff" classname="org.eclipse.cdt.ui.tests.text.contentassist2.ShowCamelCasePreferenceTest" time="0.476"/>
  <testcase name="testBug298554_multiLineSelectedWithoutWhitespaces" classname="org.eclipse.cdt.ui.tests.text.contentassist2.TemplateProposalTest" time="0.457"/>
  <testcase name="testBug304482_onlyWordOnLine" classname="org.eclipse.cdt.ui.tests.text.contentassist2.TemplateProposalTest" time="0.461"/>
  <testcase name="testMultiLineSelection" classname="org.eclipse.cdt.ui.tests.text.contentassist2.TemplateProposalTest" time="0.451"/>
  <testcase name="testPartialLineWordSelection" classname="org.eclipse.cdt.ui.tests.text.contentassist2.TemplateProposalTest" time="0.462"/>
  <testcase name="testBug298554_lineSelectedWithoutWhitespaces" classname="org.eclipse.cdt.ui.tests.text.contentassist2.TemplateProposalTest" time="0.482"/>
  <testcase name="testFullLineSelection" classname="org.eclipse.cdt.ui.tests.text.contentassist2.TemplateProposalTest" time="0.452"/>
  <testcase name="testWordSelectionOverMultiLine" classname="org.eclipse.cdt.ui.tests.text.contentassist2.TemplateProposalTest" time="0.449"/>
  <testcase name="testBug304482_onlyWordOnLineStartOfLine" classname="org.eclipse.cdt.ui.tests.text.contentassist2.TemplateProposalTest" time="0.451"/>
  <testcase name="testWordSelection" classname="org.eclipse.cdt.ui.tests.text.contentassist2.TemplateProposalTest" time="0.452"/>
  <testcase name="testNamespaceVarBinding_156519" classname="org.eclipse.cdt.ui.tests.text.selection.ResolveBindingTests" time="0.075"/>
  <testcase name="testNamespaceVarBinding" classname="org.eclipse.cdt.ui.tests.text.selection.ResolveBindingTests" time="0.022"/>
  <testcase name="testMethodBinding_158735" classname="org.eclipse.cdt.ui.tests.text.selection.ResolveBindingTests" time="0.03"/>
  <testcase name="testUnresolvedType" classname="org.eclipse.cdt.ui.tests.text.selection.CPPSelectionTestsNoIndexer" time="0.93"/>
  <testcase name="testMemberOfDependentBase_421823" classname="org.eclipse.cdt.ui.tests.text.selection.CPPSelectionTestsNoIndexer" time="0.969"/>
  <testcase name="testEmptyMacro_Bug198649" classname="org.eclipse.cdt.ui.tests.text.selection.CPPSelectionTestsNoIndexer" time="1.301"/>
  <testcase name="testLocallyDeclaredExternVariable_372004" classname="org.eclipse.cdt.ui.tests.text.selection.CPPSelectionTestsNoIndexer" time="0.72"/>
  <testcase name="testBug325135a" classname="org.eclipse.cdt.ui.tests.text.selection.CPPSelectionTestsNoIndexer" time="0.849"/>
  <testcase name="testBug325135b" classname="org.eclipse.cdt.ui.tests.text.selection.CPPSelectionTestsNoIndexer" time="0.841"/>
  <testcase name="testBug76043" classname="org.eclipse.cdt.ui.tests.text.selection.CPPSelectionTestsNoIndexer" time="0.78"/>
  <testcase name="testBug78354" classname="org.eclipse.cdt.ui.tests.text.selection.CPPSelectionTestsNoIndexer" time="0.738"/>
  <testcase name="testBug92632" classname="org.eclipse.cdt.ui.tests.text.selection.CPPSelectionTestsNoIndexer" time="0.864"/>
  <testcase name="testBug93281" classname="org.eclipse.cdt.ui.tests.text.selection.CPPSelectionTestsNoIndexer" time="0.941"/>
  <testcase name="testBug95202" classname="org.eclipse.cdt.ui.tests.text.selection.CPPSelectionTestsNoIndexer" time="0.766"/>
  <testcase name="testBug95224" classname="org.eclipse.cdt.ui.tests.text.selection.CPPSelectionTestsNoIndexer" time="0.708"/>
  <testcase name="testBug95225" classname="org.eclipse.cdt.ui.tests.text.selection.CPPSelectionTestsNoIndexer" time="0.909"/>
  <testcase name="testBug95229" classname="org.eclipse.cdt.ui.tests.text.selection.CPPSelectionTestsNoIndexer" time="0.769"/>
  <testcase name="testBasicTemplateInstance" classname="org.eclipse.cdt.ui.tests.text.selection.CPPSelectionTestsNoIndexer" time="0.844"/>
  <testcase name="testAmbiguityWithImplicitName_463234" classname="org.eclipse.cdt.ui.tests.text.selection.CPPSelectionTestsNoIndexer" time="0.883"/>
  <testcase name="testFallBackForStaticFuncs_Bug252549" classname="org.eclipse.cdt.ui.tests.text.selection.CPPSelectionTestsNoIndexer" time="1.525"/>
  <testcase name="testInheritedConstructor_484899" classname="org.eclipse.cdt.ui.tests.text.selection.CPPSelectionTestsNoIndexer" time="0.77"/>
  <testcase name="testDependentNameInNamespace_281736" classname="org.eclipse.cdt.ui.tests.text.selection.CPPSelectionTestsNoIndexer" time="0.771"/>
  <testcase name="testBug103697" classname="org.eclipse.cdt.ui.tests.text.selection.CPPSelectionTestsNoIndexer" time="0.731"/>
  <testcase name="testBug195822" classname="org.eclipse.cdt.ui.tests.text.selection.CPPSelectionTestsNoIndexer" time="3.397"/>
  <testcase name="testBug399142" classname="org.eclipse.cdt.ui.tests.text.selection.CPPSelectionTestsNoIndexer" time="0.738"/>
  <testcase name="testBasicDefinition" classname="org.eclipse.cdt.ui.tests.text.selection.CPPSelectionTestsNoIndexer" time="1.807"/>
  <testcase name="testBug86829A" classname="org.eclipse.cdt.ui.tests.text.selection.CPPSelectionTestsNoIndexer" time="0.768"/>
  <testcase name="testBug86829B" classname="org.eclipse.cdt.ui.tests.text.selection.CPPSelectionTestsNoIndexer" time="0.806"/>
  <testcase name="testDependentMemberAccess_448764" classname="org.eclipse.cdt.ui.tests.text.selection.CPPSelectionTestsNoIndexer" time="0.72"/>
  <testcase name="testCPPSpecDeclsDefs" classname="org.eclipse.cdt.ui.tests.text.selection.CPPSelectionTestsNoIndexer" time="4.536"/>
  <testcase name="testDependentNameTwoChoices_281736" classname="org.eclipse.cdt.ui.tests.text.selection.CPPSelectionTestsNoIndexer" time="0.777"/>
  <testcase name="testNoDefinitions" classname="org.eclipse.cdt.ui.tests.text.selection.CPPSelectionTestsNoIndexer" time="1.209"/>
  <testcase name="testUnresolvedMethod_278337" classname="org.eclipse.cdt.ui.tests.text.selection.CPPSelectionTestsNoIndexer" time="1.144"/>
  <testcase name="testUserDefinedLiteralSuffix_484618" classname="org.eclipse.cdt.ui.tests.text.selection.CPPSelectionTestsNoIndexer" time="0.759"/>
  <testcase name="testUnresolvedOverloadedFunction" classname="org.eclipse.cdt.ui.tests.text.selection.CPPSelectionTestsNoIndexer" time="0.777"/>
  <testcase name="cleanupProject" classname="org.eclipse.cdt.ui.tests.text.selection.CPPSelectionTestsNoIndexer" time="0.003"/>
  <testcase name="testKRstyleFunctions_Bug221635" classname="org.eclipse.cdt.ui.tests.text.selection.CSelectionTestsNoIndexer" time="0.77"/>
  <testcase name="testBug76043" classname="org.eclipse.cdt.ui.tests.text.selection.CSelectionTestsNoIndexer" time="0.736"/>
  <testcase name="testBug78354" classname="org.eclipse.cdt.ui.tests.text.selection.CSelectionTestsNoIndexer" time="0.725"/>
  <testcase name="testBug103697" classname="org.eclipse.cdt.ui.tests.text.selection.CSelectionTestsNoIndexer" time="0.742"/>
  <testcase name="testBasicDefinition" classname="org.eclipse.cdt.ui.tests.text.selection.CSelectionTestsNoIndexer" time="1.612"/>
  <testcase name="testCPPSpecDeclsDefs" classname="org.eclipse.cdt.ui.tests.text.selection.CSelectionTestsNoIndexer" time="3.238"/>
  <testcase name="testNoDefinitions" classname="org.eclipse.cdt.ui.tests.text.selection.CSelectionTestsNoIndexer" time="1.208"/>
  <testcase name="cleanupProject" classname="org.eclipse.cdt.ui.tests.text.selection.CSelectionTestsNoIndexer" time="0.002"/>
  <testcase name="testNavigationCppCallsC" classname="org.eclipse.cdt.ui.tests.text.selection.CPPSelectionTestsIndexer" time="3.842"/>
  <testcase name="testFuncWithTypedefForAnonymousStruct_190730" classname="org.eclipse.cdt.ui.tests.text.selection.CPPSelectionTestsIndexer" time="1.617"/>
  <testcase name="testFuncWithTypedefForAnonymousEnum_190730" classname="org.eclipse.cdt.ui.tests.text.selection.CPPSelectionTestsIndexer" time="1.676"/>
  <testcase name="testCNavigationInCppProject_bug183973" classname="org.eclipse.cdt.ui.tests.text.selection.CPPSelectionTestsIndexer" time="3.709"/>
  <testcase name="testImplicitConstructorCall_248855" classname="org.eclipse.cdt.ui.tests.text.selection.CPPSelectionTestsIndexer" time="3.795"/>
  <testcase name="testBug78354" classname="org.eclipse.cdt.ui.tests.text.selection.CPPSelectionTestsIndexer" time="3.454"/>
  <testcase name="testBug93281" classname="org.eclipse.cdt.ui.tests.text.selection.CPPSelectionTestsIndexer" time="2.96"/>
  <testcase name="testBug95202" classname="org.eclipse.cdt.ui.tests.text.selection.CPPSelectionTestsIndexer" time="0.982"/>
  <testcase name="testBug95225" classname="org.eclipse.cdt.ui.tests.text.selection.CPPSelectionTestsIndexer" time="3.908"/>
  <testcase name="testTwoMacrosWithSameName_440940" classname="org.eclipse.cdt.ui.tests.text.selection.CPPSelectionTestsIndexer" time="1.447"/>
  <testcase name="testMacroNavigation" classname="org.eclipse.cdt.ui.tests.text.selection.CPPSelectionTestsIndexer" time="4.493"/>
  <testcase name="testFunctionParameterReferencingPreviousParameter_432703" classname="org.eclipse.cdt.ui.tests.text.selection.CPPSelectionTestsIndexer" time="0.849"/>
  <testcase name="testTemplateClassMethod_207320" classname="org.eclipse.cdt.ui.tests.text.selection.CPPSelectionTestsIndexer" time="1.477"/>
  <testcase name="testBug101287" classname="org.eclipse.cdt.ui.tests.text.selection.CPPSelectionTestsIndexer" time="1.547"/>
  <testcase name="testBug102258" classname="org.eclipse.cdt.ui.tests.text.selection.CPPSelectionTestsIndexer" time="1.581"/>
  <testcase name="testBug103323" classname="org.eclipse.cdt.ui.tests.text.selection.CPPSelectionTestsIndexer" time="2.432"/>
  <testcase name="testBug103697" classname="org.eclipse.cdt.ui.tests.text.selection.CPPSelectionTestsIndexer" time="0.02"/>
  <testcase name="testBug108202" classname="org.eclipse.cdt.ui.tests.text.selection.CPPSelectionTestsIndexer" time="2.423"/>
  <testcase name="testBug168533" classname="org.eclipse.cdt.ui.tests.text.selection.CPPSelectionTestsIndexer" time="3.934"/>
  <testcase name="testBug207320" classname="org.eclipse.cdt.ui.tests.text.selection.CPPSelectionTestsIndexer" time="1.506"/>
  <testcase name="testBug272744" classname="org.eclipse.cdt.ui.tests.text.selection.CPPSelectionTestsIndexer" time="1.47"/>
  <testcase name="testBug305487" classname="org.eclipse.cdt.ui.tests.text.selection.CPPSelectionTestsIndexer" time="0.852"/>
  <testcase name="testUndef_312399" classname="org.eclipse.cdt.ui.tests.text.selection.CPPSelectionTestsIndexer" time="1.417"/>
  <testcase name="testBug380197" classname="org.eclipse.cdt.ui.tests.text.selection.CPPSelectionTestsIndexer" time="1.45"/>
  <testcase name="testBasicDefinition" classname="org.eclipse.cdt.ui.tests.text.selection.CPPSelectionTestsIndexer" time="7.989"/>
  <testcase name="testBug86829A" classname="org.eclipse.cdt.ui.tests.text.selection.CPPSelectionTestsIndexer" time="1.507"/>
  <testcase name="testMacroNavigation_Bug208300" classname="org.eclipse.cdt.ui.tests.text.selection.CPPSelectionTestsIndexer" time="4.565"/>
  <testcase name="testCPPSpecDeclsDefs" classname="org.eclipse.cdt.ui.tests.text.selection.CPPSelectionTestsIndexer" time="28.878"/>
  <testcase name="testIncludeNavigation" classname="org.eclipse.cdt.ui.tests.text.selection.CPPSelectionTestsIndexer" time="1.408"/>
  <testcase name="testBasicTemplateInstance_207320" classname="org.eclipse.cdt.ui.tests.text.selection.CPPSelectionTestsIndexer" time="2.361"/>
  <testcase name="testNavigationInDefinedExpression_215906" classname="org.eclipse.cdt.ui.tests.text.selection.CPPSelectionTestsIndexer" time="0.919"/>
  <testcase name="testNavigationToImplicitNames" classname="org.eclipse.cdt.ui.tests.text.selection.CPPSelectionTestsIndexer" time="1.415"/>
  <testcase name="testNavigationCCallsCpp" classname="org.eclipse.cdt.ui.tests.text.selection.CPPSelectionTestsIndexer" time="3.043"/>
  <testcase name="_testBug86829B" classname="org.eclipse.cdt.ui.tests.text.selection.CPPSelectionTestsIndexer" time="1.508"/>
  <testcase name="testFuncWithTypedefForAnonymousStruct_190730" classname="org.eclipse.cdt.ui.tests.text.selection.CSelectionTestsIndexer" time="1.649"/>
  <testcase name="testFuncWithTypedefForAnonymousEnum_190730" classname="org.eclipse.cdt.ui.tests.text.selection.CSelectionTestsIndexer" time="1.713"/>
  <testcase name="testKRstyleFunctions_Bug221635" classname="org.eclipse.cdt.ui.tests.text.selection.CSelectionTestsIndexer" time="0.809"/>
  <testcase name="testBug78354" classname="org.eclipse.cdt.ui.tests.text.selection.CSelectionTestsIndexer" time="2.976"/>
  <testcase name="testBuiltinMacro_Bug293864" classname="org.eclipse.cdt.ui.tests.text.selection.CSelectionTestsIndexer" time="0.769"/>
  <testcase name="testMacroNavigation" classname="org.eclipse.cdt.ui.tests.text.selection.CSelectionTestsIndexer" time="3.897"/>
  <testcase name="testBug101287" classname="org.eclipse.cdt.ui.tests.text.selection.CSelectionTestsIndexer" time="1.558"/>
  <testcase name="testBug103697" classname="org.eclipse.cdt.ui.tests.text.selection.CSelectionTestsIndexer" time="1.512"/>
  <testcase name="testBasicDefinition" classname="org.eclipse.cdt.ui.tests.text.selection.CSelectionTestsIndexer" time="6.62"/>
  <testcase name="testMacroNavigation_Bug208300" classname="org.eclipse.cdt.ui.tests.text.selection.CSelectionTestsIndexer" time="2.983"/>
  <testcase name="testCPPSpecDeclsDefs" classname="org.eclipse.cdt.ui.tests.text.selection.CSelectionTestsIndexer" time="20.901"/>
  <testcase name="testNavigationInMacroDefinition_Bug102643" classname="org.eclipse.cdt.ui.tests.text.selection.CSelectionTestsIndexer" time="1.379"/>
  <testcase name="testIncludeNavigation" classname="org.eclipse.cdt.ui.tests.text.selection.CSelectionTestsIndexer" time="1.413"/>
  <testcase name="testLocalRenameLanguageKeyword" classname="org.eclipse.cdt.ui.tests.quickfix.AssistQuickFixTest" time="0.929"/>
  <testcase name="testLocalRenameClass" classname="org.eclipse.cdt.ui.tests.quickfix.AssistQuickFixTest" time="0.846"/>
  <testcase name="testLocalRenameMacro" classname="org.eclipse.cdt.ui.tests.quickfix.AssistQuickFixTest" time="0.812"/>
  <testcase name="testShowConsoleForNonCDTProject_bug306945" classname="org.eclipse.cdt.ui.tests.buildconsole.BuildConsoleTests" time="1.098"/>
  <testcase name="testGlobalCdtConsole" classname="org.eclipse.cdt.ui.tests.buildconsole.BuildConsoleTests" time="0"/>
  <testcase name="testSecondaryBuildConsole" classname="org.eclipse.cdt.ui.tests.buildconsole.BuildConsoleTests" time="0.571"/>
  <testcase name="testDynamicBuildConsole" classname="org.eclipse.cdt.ui.tests.buildconsole.BuildConsoleTests" time="0.065"/>
  <testcase name="testSearchAndTemplateIDs" classname="org.eclipse.cdt.ui.tests.search.BasicSearchTest" time="0.048"/>
  <testcase name="testOverloadedOperatorNoSpace_408870" classname="org.eclipse.cdt.ui.tests.search.BasicSearchTest" time="0.064"/>
  <testcase name="testIndexerInProgress" classname="org.eclipse.cdt.ui.tests.search.BasicSearchTest" time="2.338"/>
  <testcase name="testExternalPathRenderedCorrectly_79193" classname="org.eclipse.cdt.ui.tests.search.BasicSearchTest" time="0.616"/>
  <testcase name="testNoIndexerEnabled_158955" classname="org.eclipse.cdt.ui.tests.search.BasicSearchTest" time="0.548"/>
  <testcase name="testNewResultsOnSearchAgainA" classname="org.eclipse.cdt.ui.tests.search.BasicSearchTest" time="0.025"/>
  <testcase name="testNewResultsOnSearchAgainB" classname="org.eclipse.cdt.ui.tests.search.BasicSearchTest" time="1.081"/>
  <testcase name="testVirtualMethod" classname="org.eclipse.cdt.ui.tests.search.LinkedNamesFinderTest" time="0.434"/>
  <testcase name="testClass" classname="org.eclipse.cdt.ui.tests.search.LinkedNamesFinderTest" time="0.018"/>
  <testcase name="testIncludeGuards" classname="org.eclipse.cdt.ui.tests.search.LinkedNamesFinderTest" time="0.002"/>
  <testcase name="testMethodParameter" classname="org.eclipse.cdt.ui.tests.search.LinkedNamesFinderTest" time="0.002"/>
  <testcase name="testSearchReferencesAcrossLangs_405678" classname="org.eclipse.cdt.ui.tests.search.SearchReferencesAcrossLanguagesTest" time="0.953"/>
  <testcase name="Check Correct Identifier" classname="org.eclipse.cdt.ui.tests.refactoring.utils.CorrectCaseTest" time="0.027"/>
  <testcase name="Check Digit First Identifier" classname="org.eclipse.cdt.ui.tests.refactoring.utils.DigitFirstCaseTest" time="0"/>
  <testcase name="Check Empty Identifier" classname="org.eclipse.cdt.ui.tests.refactoring.utils.EmptyCaseTest" time="0"/>
  <testcase name="Check Illegal Character Identifier" classname="org.eclipse.cdt.ui.tests.refactoring.utils.IllegalCharCaseTest" time="0"/>
  <testcase name="Check Keyword Identifier" classname="org.eclipse.cdt.ui.tests.refactoring.utils.KeywordCaseTest" time="0"/>
  <testcase name="testFindFunctionDefinition" classname="org.eclipse.cdt.ui.tests.refactoring.utils.DefinitionFinderTest" time="0.115"/>
  <testcase name="testNonConflictingCase" classname="org.eclipse.cdt.ui.tests.refactoring.utils.PseudoNameGeneratorTest" time="0.001"/>
  <testcase name="testMultipleNonConflictingCase" classname="org.eclipse.cdt.ui.tests.refactoring.utils.PseudoNameGeneratorTest" time="0"/>
  <testcase name="testWithNamespace" classname="org.eclipse.cdt.ui.tests.refactoring.utils.PseudoNameGeneratorTest" time="0"/>
  <testcase name="testConflictingCase" classname="org.eclipse.cdt.ui.tests.refactoring.utils.PseudoNameGeneratorTest" time="0"/>
  <testcase name="testMultipleConflictsCase" classname="org.eclipse.cdt.ui.tests.refactoring.utils.PseudoNameGeneratorTest" time="0.001"/>
  <testcase name="testBug288736TemplateParam" classname="org.eclipse.cdt.ui.tests.refactoring.utils.PseudoNameGeneratorTest" time="0"/>
  <testcase name="testCreateByExample" classname="org.eclipse.cdt.ui.tests.refactoring.utils.NameComposerTest" time="0"/>
  <testcase name="testTrimFieldName" classname="org.eclipse.cdt.ui.tests.refactoring.utils.NameComposerTest" time="0.001"/>
  <testcase name="testCompose" classname="org.eclipse.cdt.ui.tests.refactoring.utils.NameComposerTest" time="0"/>
  <testcase name="testEnumerator_62" classname="org.eclipse.cdt.ui.tests.refactoring.rename.RenameRegressionTests" time="0.292"/>
  <testcase name="testNamespace_66_79281" classname="org.eclipse.cdt.ui.tests.refactoring.rename.RenameRegressionTests" time="0.007"/>
  <testcase name="testNamespace_66_79282" classname="org.eclipse.cdt.ui.tests.refactoring.rename.RenameRegressionTests" time="0.004"/>
  <testcase name="testLocalVar" classname="org.eclipse.cdt.ui.tests.refactoring.rename.RenameRegressionTests" time="0.006"/>
  <testcase name="testParameter" classname="org.eclipse.cdt.ui.tests.refactoring.rename.RenameRegressionTests" time="0.006"/>
  <testcase name="testEnumeration_48" classname="org.eclipse.cdt.ui.tests.refactoring.rename.RenameRegressionTests" time="0.015"/>
  <testcase name="testClass_81_72620" classname="org.eclipse.cdt.ui.tests.refactoring.rename.RenameRegressionTests" time="0.007"/>
  <testcase name="testRenameParticipant" classname="org.eclipse.cdt.ui.tests.refactoring.rename.RenameRegressionTests" time="0.005"/>
  <testcase name="testMethod_33b_72605" classname="org.eclipse.cdt.ui.tests.refactoring.rename.RenameRegressionTests" time="0.018"/>
  <testcase name="testAttribute_2" classname="org.eclipse.cdt.ui.tests.refactoring.rename.RenameRegressionTests" time="0.015"/>
  <testcase name="testFileStaticVar" classname="org.eclipse.cdt.ui.tests.refactoring.rename.RenameRegressionTests" time="0.012"/>
  <testcase name="testSimpleRename" classname="org.eclipse.cdt.ui.tests.refactoring.rename.RenameRegressionTests" time="0.018"/>
  <testcase name="testNamespace_66" classname="org.eclipse.cdt.ui.tests.refactoring.rename.RenameRegressionTests" time="0.015"/>
  <testcase name="testMethod_34" classname="org.eclipse.cdt.ui.tests.refactoring.rename.RenameRegressionTests" time="0.01"/>
  <testcase name="testMethod_39" classname="org.eclipse.cdt.ui.tests.refactoring.rename.RenameRegressionTests" time="0.025"/>
  <testcase name="testMethod_40" classname="org.eclipse.cdt.ui.tests.refactoring.rename.RenameRegressionTests" time="0.024"/>
  <testcase name="testMethod_41" classname="org.eclipse.cdt.ui.tests.refactoring.rename.RenameRegressionTests" time="0.022"/>
  <testcase name="testMethod_43" classname="org.eclipse.cdt.ui.tests.refactoring.rename.RenameRegressionTests" time="0.014"/>
  <testcase name="testMethod_44" classname="org.eclipse.cdt.ui.tests.refactoring.rename.RenameRegressionTests" time="0.012"/>
  <testcase name="testMethod_45" classname="org.eclipse.cdt.ui.tests.refactoring.rename.RenameRegressionTests" time="0.01"/>
  <testcase name="testDestructor_28" classname="org.eclipse.cdt.ui.tests.refactoring.rename.RenameRegressionTests" time="0.007"/>
  <testcase name="testDestructor_29_72612" classname="org.eclipse.cdt.ui.tests.refactoring.rename.RenameRegressionTests" time="0.006"/>
  <testcase name="testAttribute_54" classname="org.eclipse.cdt.ui.tests.refactoring.rename.RenameRegressionTests" time="0.01"/>
  <testcase name="testAttribute_61" classname="org.eclipse.cdt.ui.tests.refactoring.rename.RenameRegressionTests" time="0.017"/>
  <testcase name="testAttribute_63" classname="org.eclipse.cdt.ui.tests.refactoring.rename.RenameRegressionTests" time="0.018"/>
  <testcase name="testAttribute_64" classname="org.eclipse.cdt.ui.tests.refactoring.rename.RenameRegressionTests" time="0.008"/>
  <testcase name="testAttribute_65" classname="org.eclipse.cdt.ui.tests.refactoring.rename.RenameRegressionTests" time="0.016"/>
  <testcase name="testTemplate_49_72626" classname="org.eclipse.cdt.ui.tests.refactoring.rename.RenameRegressionTests" time="0.011"/>
  <testcase name="testMethod_1" classname="org.eclipse.cdt.ui.tests.refactoring.rename.RenameRegressionTests" time="0.01"/>
  <testcase name="testMethod_3" classname="org.eclipse.cdt.ui.tests.refactoring.rename.RenameRegressionTests" time="0.008"/>
  <testcase name="testUnion_47" classname="org.eclipse.cdt.ui.tests.refactoring.rename.RenameRegressionTests" time="0.015"/>
  <testcase name="testClass_1" classname="org.eclipse.cdt.ui.tests.refactoring.rename.RenameRegressionTests" time="0.008"/>
  <testcase name="testConstructor_26" classname="org.eclipse.cdt.ui.tests.refactoring.rename.RenameRegressionTests" time="0.005"/>
  <testcase name="testConstructor_27" classname="org.eclipse.cdt.ui.tests.refactoring.rename.RenameRegressionTests" time="0.005"/>
  <testcase name="testClass_92A" classname="org.eclipse.cdt.ui.tests.refactoring.rename.RenameRegressionTests" time="0.006"/>
  <testcase name="testClass_92B" classname="org.eclipse.cdt.ui.tests.refactoring.rename.RenameRegressionTests" time="0.011"/>
  <testcase name="testStruct_46" classname="org.eclipse.cdt.ui.tests.refactoring.rename.RenameRegressionTests" time="0.061"/>
  <testcase name="testMethod_32_72717" classname="org.eclipse.cdt.ui.tests.refactoring.rename.RenameRegressionTests" time="0.011"/>
  <testcase name="testVariable_88_72617" classname="org.eclipse.cdt.ui.tests.refactoring.rename.RenameRegressionTests" time="0.018"/>
  <testcase name="testClass_52" classname="org.eclipse.cdt.ui.tests.refactoring.rename.RenameRegressionTests" time="0.008"/>
  <testcase name="testClass_53" classname="org.eclipse.cdt.ui.tests.refactoring.rename.RenameRegressionTests" time="0.01"/>
  <testcase name="testClass_55" classname="org.eclipse.cdt.ui.tests.refactoring.rename.RenameRegressionTests" time="0.009"/>
  <testcase name="testClass_56" classname="org.eclipse.cdt.ui.tests.refactoring.rename.RenameRegressionTests" time="0.007"/>
  <testcase name="testClass_55_72748" classname="org.eclipse.cdt.ui.tests.refactoring.rename.RenameRegressionTests" time="0.006"/>
  <testcase name="testClass_55_79231" classname="org.eclipse.cdt.ui.tests.refactoring.rename.RenameRegressionTests" time="0.005"/>
  <testcase name="testVariable_68" classname="org.eclipse.cdt.ui.tests.refactoring.rename.RenameRegressionTests" time="0.007"/>
  <testcase name="testFunction_31" classname="org.eclipse.cdt.ui.tests.refactoring.rename.RenameRegressionTests" time="0.006"/>
  <testcase name="testFunction_67" classname="org.eclipse.cdt.ui.tests.refactoring.rename.RenameRegressionTests" time="0.006"/>
  <testcase name="testMethod_33_72605" classname="org.eclipse.cdt.ui.tests.refactoring.rename.RenameRegressionTests" time="0.007"/>
  <testcase name="testVariable_68_79295" classname="org.eclipse.cdt.ui.tests.refactoring.rename.RenameRegressionTests" time="0.006"/>
  <testcase name="Failing _testMethod_35_72726 [bug 72726]" classname="org.eclipse.cdt.core.tests.FailingTest" time="0.005"/>
  <testcase name="testVaribleNameConflictsPlainC" classname="org.eclipse.cdt.ui.tests.refactoring.rename.RenameVariableTests" time="0.096"/>
  <testcase name="testLocalNameConflicts" classname="org.eclipse.cdt.ui.tests.refactoring.rename.RenameVariableTests" time="0.276"/>
  <testcase name="testParameterNameConflictsPlainC" classname="org.eclipse.cdt.ui.tests.refactoring.rename.RenameVariableTests" time="0.094"/>
  <testcase name="testReferenceViaMacro" classname="org.eclipse.cdt.ui.tests.refactoring.rename.RenameVariableTests" time="0.01"/>
  <testcase name="testBug72646" classname="org.eclipse.cdt.ui.tests.refactoring.rename.RenameVariableTests" time="0.018"/>
  <testcase name="testMemberNameConflicts1" classname="org.eclipse.cdt.ui.tests.refactoring.rename.RenameVariableTests" time="0.08"/>
  <testcase name="testMemberNameConflicts2" classname="org.eclipse.cdt.ui.tests.refactoring.rename.RenameVariableTests" time="0.359"/>
  <testcase name="testVaribleNameConflicts" classname="org.eclipse.cdt.ui.tests.refactoring.rename.RenameVariableTests" time="0.25"/>
  <testcase name="testEnumeratorNameConflicts" classname="org.eclipse.cdt.ui.tests.refactoring.rename.RenameVariableTests" time="0.236"/>
  <testcase name="testParameterNameConflicts" classname="org.eclipse.cdt.ui.tests.refactoring.rename.RenameVariableTests" time="0.292"/>
  <testcase name="testLocalNameConflictsPlainC" classname="org.eclipse.cdt.ui.tests.refactoring.rename.RenameVariableTests" time="0.058"/>
  <testcase name="testReferenceViaMacro2" classname="org.eclipse.cdt.ui.tests.refactoring.rename.RenameVariableTests" time="0.006"/>
  <testcase name="testReferenceViaMacro3" classname="org.eclipse.cdt.ui.tests.refactoring.rename.RenameVariableTests" time="0.004"/>
  <testcase name="testReferenceViaMacro4" classname="org.eclipse.cdt.ui.tests.refactoring.rename.RenameVariableTests" time="0.01"/>
  <testcase name="testReferenceViaMacro5" classname="org.eclipse.cdt.ui.tests.refactoring.rename.RenameVariableTests" time="0.005"/>
  <testcase name="testEnumeratorNameConflictsPlainC" classname="org.eclipse.cdt.ui.tests.refactoring.rename.RenameVariableTests" time="0.059"/>
  <testcase name="testBug72605" classname="org.eclipse.cdt.ui.tests.refactoring.rename.RenameFunctionTests" time="0.008"/>
  <testcase name="testBug72732" classname="org.eclipse.cdt.ui.tests.refactoring.rename.RenameFunctionTests" time="0.006"/>
  <testcase name="testBug330123" classname="org.eclipse.cdt.ui.tests.refactoring.rename.RenameFunctionTests" time="0.01"/>
  <testcase name="testFunctionNameConflicts" classname="org.eclipse.cdt.ui.tests.refactoring.rename.RenameFunctionTests" time="0.201"/>
  <testcase name="testMethodNameConflicts1" classname="org.eclipse.cdt.ui.tests.refactoring.rename.RenameFunctionTests" time="0.073"/>
  <testcase name="testMethodNameConflicts2" classname="org.eclipse.cdt.ui.tests.refactoring.rename.RenameFunctionTests" time="0.302"/>
  <testcase name="testFunctionNameConflictsPlainC" classname="org.eclipse.cdt.ui.tests.refactoring.rename.RenameFunctionTests" time="0.058"/>
  <testcase name="testFunctionsPlainC" classname="org.eclipse.cdt.ui.tests.refactoring.rename.RenameFunctionTests" time="0.019"/>
  <testcase name="testClassNameConflicts" classname="org.eclipse.cdt.ui.tests.refactoring.rename.RenameTypeTests" time="0.285"/>
  <testcase name="testEnumNameConflictsPlainC" classname="org.eclipse.cdt.ui.tests.refactoring.rename.RenameTypeTests" time="0.056"/>
  <testcase name="testBug72888" classname="org.eclipse.cdt.ui.tests.refactoring.rename.RenameTypeTests" time="0.008"/>
  <testcase name="testRenameClass" classname="org.eclipse.cdt.ui.tests.refactoring.rename.RenameTypeTests" time="0.01"/>
  <testcase name="testStructNameConflicts" classname="org.eclipse.cdt.ui.tests.refactoring.rename.RenameTypeTests" time="0.311"/>
  <testcase name="testTypedefNameConflicts" classname="org.eclipse.cdt.ui.tests.refactoring.rename.RenameTypeTests" time="0.212"/>
  <testcase name="testNamespaceNameConflicts" classname="org.eclipse.cdt.ui.tests.refactoring.rename.RenameTypeTests" time="0.273"/>
  <testcase name="testStructNameConflictsPlainC" classname="org.eclipse.cdt.ui.tests.refactoring.rename.RenameTypeTests" time="0.055"/>
  <testcase name="testEnumNameConflicts" classname="org.eclipse.cdt.ui.tests.refactoring.rename.RenameTypeTests" time="0.232"/>
  <testcase name="testUsingDeclaration_332895" classname="org.eclipse.cdt.ui.tests.refactoring.rename.RenameTypeTests" time="0.012"/>
  <testcase name="testUnionNameConflicts" classname="org.eclipse.cdt.ui.tests.refactoring.rename.RenameTypeTests" time="0.293"/>
  <testcase name="testTypedefNameConflictsPlainC" classname="org.eclipse.cdt.ui.tests.refactoring.rename.RenameTypeTests" time="0.061"/>
  <testcase name="testUnionNameConflictsPlainC" classname="org.eclipse.cdt.ui.tests.refactoring.rename.RenameTypeTests" time="0.038"/>
  <testcase name="testMacroParameters" classname="org.eclipse.cdt.ui.tests.refactoring.rename.RenameMacroTests" time="0.014"/>
  <testcase name="testMacroNameConflicts" classname="org.eclipse.cdt.ui.tests.refactoring.rename.RenameMacroTests" time="0.022"/>
  <testcase name="testRenameMacroAsMacroArgument" classname="org.eclipse.cdt.ui.tests.refactoring.rename.RenameMacroTests" time="0.006"/>
  <testcase name="testClassMacroClash" classname="org.eclipse.cdt.ui.tests.refactoring.rename.RenameMacroTests" time="0.013"/>
  <testcase name="testMacroRename" classname="org.eclipse.cdt.ui.tests.refactoring.rename.RenameMacroTests" time="0.012"/>
  <testcase name="testMacroRename_434917" classname="org.eclipse.cdt.ui.tests.refactoring.rename.RenameMacroTests" time="0.011"/>
  <testcase name="testIncludeGuard" classname="org.eclipse.cdt.ui.tests.refactoring.rename.RenameMacroTests" time="0.007"/>
  <testcase name="testClassTemplate" classname="org.eclipse.cdt.ui.tests.refactoring.rename.RenameTemplatesTests" time="0.012"/>
  <testcase name="cleanupProject" classname="org.eclipse.cdt.ui.tests.refactoring.rename.RenameRegressionTests" time="0.019"/>
  <testcase name="testNestedLoops_Bug424876" classname="org.eclipse.cdt.ui.tests.refactoring.extractfunction.ExtractFunctionRefactoringTest" time="0.365"/>
  <testcase name="testDuplicates" classname="org.eclipse.cdt.ui.tests.refactoring.extractfunction.ExtractFunctionRefactoringTest" time="0.059"/>
  <testcase name="testObjectStyleMacro" classname="org.eclipse.cdt.ui.tests.refactoring.extractfunction.ExtractFunctionRefactoringTest" time="0.085"/>
  <testcase name="testDuplicatesAndComments" classname="org.eclipse.cdt.ui.tests.refactoring.extractfunction.ExtractFunctionRefactoringTest" time="0.073"/>
  <testcase name="testExplicitlyAssignedReturnValueAndOutputParameter" classname="org.eclipse.cdt.ui.tests.refactoring.extractfunction.ExtractFunctionRefactoringTest" time="0.081"/>
  <testcase name="testTypedef_Bug241717" classname="org.eclipse.cdt.ui.tests.refactoring.extractfunction.ExtractFunctionRefactoringTest" time="0.075"/>
  <testcase name="testHistoryWithVariableDefinedInScope" classname="org.eclipse.cdt.ui.tests.refactoring.extractfunction.ExtractFunctionRefactoringTest" time="0.116"/>
  <testcase name="testLabelFromMacro" classname="org.eclipse.cdt.ui.tests.refactoring.extractfunction.ExtractFunctionRefactoringTest" time="0.063"/>
  <testcase name="testLiteralFromMacro" classname="org.eclipse.cdt.ui.tests.refactoring.extractfunction.ExtractFunctionRefactoringTest" time="0.102"/>
  <testcase name="testReferenceVariable_Bug239059" classname="org.eclipse.cdt.ui.tests.refactoring.extractfunction.ExtractFunctionRefactoringTest" time="0.059"/>
  <testcase name="testHistoryWithDuplicatesWithDifferentNames" classname="org.eclipse.cdt.ui.tests.refactoring.extractfunction.ExtractFunctionRefactoringTest" time="0.054"/>
  <testcase name="testFunctionStyleMacro_1" classname="org.eclipse.cdt.ui.tests.refactoring.extractfunction.ExtractFunctionRefactoringTest" time="0.07"/>
  <testcase name="testFunctionStyleMacro_2" classname="org.eclipse.cdt.ui.tests.refactoring.extractfunction.ExtractFunctionRefactoringTest" time="0.064"/>
  <testcase name="testFunctionStyleMacro_3" classname="org.eclipse.cdt.ui.tests.refactoring.extractfunction.ExtractFunctionRefactoringTest" time="0.129"/>
  <testcase name="testReturnValueSelection_1" classname="org.eclipse.cdt.ui.tests.refactoring.extractfunction.ExtractFunctionRefactoringTest" time="0.059"/>
  <testcase name="testReturnValueSelection_2" classname="org.eclipse.cdt.ui.tests.refactoring.extractfunction.ExtractFunctionRefactoringTest" time="0.061"/>
  <testcase name="testReturnValueSelection_3" classname="org.eclipse.cdt.ui.tests.refactoring.extractfunction.ExtractFunctionRefactoringTest" time="0.067"/>
  <testcase name="testMethodCall" classname="org.eclipse.cdt.ui.tests.refactoring.extractfunction.ExtractFunctionRefactoringTest" time="0.104"/>
  <testcase name="testTemplateFunctionWithTemplateTypeDeclaration" classname="org.eclipse.cdt.ui.tests.refactoring.extractfunction.ExtractFunctionRefactoringTest" time="0.039"/>
  <testcase name="testOutputParameterWithMethodCall" classname="org.eclipse.cdt.ui.tests.refactoring.extractfunction.ExtractFunctionRefactoringTest" time="0.05"/>
  <testcase name="testOutputParameterPassedByPointer" classname="org.eclipse.cdt.ui.tests.refactoring.extractfunction.ExtractFunctionRefactoringTest" time="0.046"/>
  <testcase name="testHandlingOfBlankLines" classname="org.eclipse.cdt.ui.tests.refactoring.extractfunction.ExtractFunctionRefactoringTest" time="0.037"/>
  <testcase name="testTraillingComment" classname="org.eclipse.cdt.ui.tests.refactoring.extractfunction.ExtractFunctionRefactoringTest" time="0.029"/>
  <testcase name="testOutputParametersDetectionInForLoop" classname="org.eclipse.cdt.ui.tests.refactoring.extractfunction.ExtractFunctionRefactoringTest" time="0.036"/>
  <testcase name="testReturnValueAssignedInMacro" classname="org.eclipse.cdt.ui.tests.refactoring.extractfunction.ExtractFunctionRefactoringTest" time="0.056"/>
  <testcase name="testOutputParametersDetectionInIfStatement" classname="org.eclipse.cdt.ui.tests.refactoring.extractfunction.ExtractFunctionRefactoringTest" time="0.046"/>
  <testcase name="testExplicitlyAssignedReturnValue" classname="org.eclipse.cdt.ui.tests.refactoring.extractfunction.ExtractFunctionRefactoringTest" time="0.068"/>
  <testcase name="testCommentsWithMacroCallInSelectedCodeForgetsTheMacro" classname="org.eclipse.cdt.ui.tests.refactoring.extractfunction.ExtractFunctionRefactoringTest" time="0.036"/>
  <testcase name="testExtractArrayInitializer_Bug412380" classname="org.eclipse.cdt.ui.tests.refactoring.extractfunction.ExtractFunctionRefactoringTest" time="0.039"/>
  <testcase name="testOutputParametersDetectionInWhileLoop" classname="org.eclipse.cdt.ui.tests.refactoring.extractfunction.ExtractFunctionRefactoringTest" time="0.031"/>
  <testcase name="testTemplateFunctionWithTemplateParameter" classname="org.eclipse.cdt.ui.tests.refactoring.extractfunction.ExtractFunctionRefactoringTest" time="0.034"/>
  <testcase name="testMethodCallWithDuplicate" classname="org.eclipse.cdt.ui.tests.refactoring.extractfunction.ExtractFunctionRefactoringTest" time="0.073"/>
  <testcase name="testDuplicatesWithDifferentNamesAndOutputParameter" classname="org.eclipse.cdt.ui.tests.refactoring.extractfunction.ExtractFunctionRefactoringTest" time="0.061"/>
  <testcase name="testMultipleMacros" classname="org.eclipse.cdt.ui.tests.refactoring.extractfunction.ExtractFunctionRefactoringTest" time="0.06"/>
  <testcase name="testCFunction_Bug282004" classname="org.eclipse.cdt.ui.tests.refactoring.extractfunction.ExtractFunctionRefactoringTest" time="0.046"/>
  <testcase name="testCFunction_Bug288268" classname="org.eclipse.cdt.ui.tests.refactoring.extractfunction.ExtractFunctionRefactoringTest" time="0.032"/>
  <testcase name="testCatchUnnamedException_Bug281564" classname="org.eclipse.cdt.ui.tests.refactoring.extractfunction.ExtractFunctionRefactoringTest" time="0.035"/>
  <testcase name="testDoNotReturnVariablesThatAreNotUsed" classname="org.eclipse.cdt.ui.tests.refactoring.extractfunction.ExtractFunctionRefactoringTest" time="0.067"/>
  <testcase name="testDuplicatesWithDifferentNames" classname="org.eclipse.cdt.ui.tests.refactoring.extractfunction.ExtractFunctionRefactoringTest" time="0.048"/>
  <testcase name="testOutputParametersDetectionWithGotoLoopComplex" classname="org.eclipse.cdt.ui.tests.refactoring.extractfunction.ExtractFunctionRefactoringTest" time="0.078"/>
  <testcase name="testCommentsInHeader_Bug264712" classname="org.eclipse.cdt.ui.tests.refactoring.extractfunction.ExtractFunctionRefactoringTest" time="0.047"/>
  <testcase name="testDoNotExtractCodeContainingContinue" classname="org.eclipse.cdt.ui.tests.refactoring.extractfunction.ExtractFunctionRefactoringTest" time="0.028"/>
  <testcase name="testContinueInsideRangeBasedLoop" classname="org.eclipse.cdt.ui.tests.refactoring.extractfunction.ExtractFunctionRefactoringTest" time="0.04"/>
  <testcase name="testQualifiedReturnTypeName_Bug248238_1" classname="org.eclipse.cdt.ui.tests.refactoring.extractfunction.ExtractFunctionRefactoringTest" time="0.063"/>
  <testcase name="testQualifiedReturnTypeName_Bug248238_2" classname="org.eclipse.cdt.ui.tests.refactoring.extractfunction.ExtractFunctionRefactoringTest" time="0.096"/>
  <testcase name="testVirtual" classname="org.eclipse.cdt.ui.tests.refactoring.extractfunction.ExtractFunctionRefactoringTest" time="0.064"/>
  <testcase name="testOutputParameterInDuplicateButNotInOriginal" classname="org.eclipse.cdt.ui.tests.refactoring.extractfunction.ExtractFunctionRefactoringTest" time="0.067"/>
  <testcase name="testOutputParametersDetectionWithGotoLoopSimple" classname="org.eclipse.cdt.ui.tests.refactoring.extractfunction.ExtractFunctionRefactoringTest" time="0.058"/>
  <testcase name="testHistoryWithLeadingComment" classname="org.eclipse.cdt.ui.tests.refactoring.extractfunction.ExtractFunctionRefactoringTest" time="0.048"/>
  <testcase name="testHistory" classname="org.eclipse.cdt.ui.tests.refactoring.extractfunction.ExtractFunctionRefactoringTest" time="0.072"/>
  <testcase name="testTemplateFunction" classname="org.eclipse.cdt.ui.tests.refactoring.extractfunction.ExtractFunctionRefactoringTest" time="0.172"/>
  <testcase name="testComment" classname="org.eclipse.cdt.ui.tests.refactoring.extractfunction.ExtractFunctionRefactoringTest" time="0.063"/>
  <testcase name="testNamedTypedField" classname="org.eclipse.cdt.ui.tests.refactoring.extractfunction.ExtractFunctionRefactoringTest" time="0.079"/>
  <testcase name="testDuplicateWithField" classname="org.eclipse.cdt.ui.tests.refactoring.extractfunction.ExtractFunctionRefactoringTest" time="0.085"/>
  <testcase name="testHistoryWithTrailingComment" classname="org.eclipse.cdt.ui.tests.refactoring.extractfunction.ExtractFunctionRefactoringTest" time="0.041"/>
  <testcase name="testTwoLocalVariables" classname="org.eclipse.cdt.ui.tests.refactoring.extractfunction.ExtractFunctionRefactoringTest" time="0.04"/>
  <testcase name="testReturnValueWithCtorInitializer" classname="org.eclipse.cdt.ui.tests.refactoring.extractfunction.ExtractFunctionRefactoringTest" time="0.051"/>
  <testcase name="testConstMethod" classname="org.eclipse.cdt.ui.tests.refactoring.extractfunction.ExtractFunctionRefactoringTest" time="0.084"/>
  <testcase name="testInputParameterPassedByPointer" classname="org.eclipse.cdt.ui.tests.refactoring.extractfunction.ExtractFunctionRefactoringTest" time="0.054"/>
  <testcase name="testWithoutReturnValue" classname="org.eclipse.cdt.ui.tests.refactoring.extractfunction.ExtractFunctionRefactoringTest" time="0.069"/>
  <testcase name="testPublicVisibility" classname="org.eclipse.cdt.ui.tests.refactoring.extractfunction.ExtractFunctionRefactoringTest" time="0.067"/>
  <testcase name="testBlock_Bug262000" classname="org.eclipse.cdt.ui.tests.refactoring.extractfunction.ExtractFunctionRefactoringTest" time="0.035"/>
  <testcase name="testDoNotExtractCodeContainingReturn" classname="org.eclipse.cdt.ui.tests.refactoring.extractfunction.ExtractFunctionRefactoringTest" time="0.03"/>
  <testcase name="testDuplicateWithFieldInMarkedScope" classname="org.eclipse.cdt.ui.tests.refactoring.extractfunction.ExtractFunctionRefactoringTest" time="0.072"/>
  <testcase name="testProtectedVisibility" classname="org.eclipse.cdt.ui.tests.refactoring.extractfunction.ExtractFunctionRefactoringTest" time="0.057"/>
  <testcase name="testDuplicatesWithDifferentNamesAndReordering" classname="org.eclipse.cdt.ui.tests.refactoring.extractfunction.ExtractFunctionRefactoringTest" time="0.061"/>
  <testcase name="testAuto_Bug422727" classname="org.eclipse.cdt.ui.tests.refactoring.extractfunction.ExtractFunctionRefactoringTest" time="0.043"/>
  <testcase name="testUsingDeclaration" classname="org.eclipse.cdt.ui.tests.refactoring.extractfunction.ExtractFunctionRefactoringTest" time="0.058"/>
  <testcase name="testLocalVariableDeclaration_1" classname="org.eclipse.cdt.ui.tests.refactoring.extractfunction.ExtractFunctionRefactoringTest" time="0.061"/>
  <testcase name="testLocalVariableDeclaration_2" classname="org.eclipse.cdt.ui.tests.refactoring.extractfunction.ExtractFunctionRefactoringTest" time="0.057"/>
  <testcase name="testLocalVariableDeclaration_3" classname="org.eclipse.cdt.ui.tests.refactoring.extractfunction.ExtractFunctionRefactoringTest" time="0.039"/>
  <testcase name="testOutputParametersDetectionInSwitchStatement_Bug302406" classname="org.eclipse.cdt.ui.tests.refactoring.extractfunction.ExtractFunctionRefactoringTest" time="0.076"/>
  <testcase name="testRenamedParameter" classname="org.eclipse.cdt.ui.tests.refactoring.extractfunction.ExtractFunctionRefactoringTest" time="0.062"/>
  <testcase name="testLeadingComment" classname="org.eclipse.cdt.ui.tests.refactoring.extractfunction.ExtractFunctionRefactoringTest" time="0.036"/>
  <testcase name="testStringArray" classname="org.eclipse.cdt.ui.tests.refactoring.extractfunction.ExtractFunctionRefactoringTest" time="0.038"/>
  <testcase name="testReturnStatementExpression_Bug248622_1" classname="org.eclipse.cdt.ui.tests.refactoring.extractfunction.ExtractFunctionRefactoringTest" time="0.053"/>
  <testcase name="testReturnStatementExpression_Bug248622_2" classname="org.eclipse.cdt.ui.tests.refactoring.extractfunction.ExtractFunctionRefactoringTest" time="0.052"/>
  <testcase name="testCarretAtLiteral" classname="org.eclipse.cdt.ui.tests.refactoring.extractconstant.ExtractConstantRefactoringTest" time="0.186"/>
  <testcase name="testExtractConstantFloat" classname="org.eclipse.cdt.ui.tests.refactoring.extractconstant.ExtractConstantRefactoringTest" time="0.053"/>
  <testcase name="testReplaceNumberProtected" classname="org.eclipse.cdt.ui.tests.refactoring.extractconstant.ExtractConstantRefactoringTest" time="0.047"/>
  <testcase name="testExtractTwoIndependentLiterals" classname="org.eclipse.cdt.ui.tests.refactoring.extractconstant.ExtractConstantRefactoringTest" time="0.023"/>
  <testcase name="testExtractConstantFromInlinedMethod_Bug246062" classname="org.eclipse.cdt.ui.tests.refactoring.extractconstant.ExtractConstantRefactoringTest" time="0.027"/>
  <testcase name="testCarretInLiteral" classname="org.eclipse.cdt.ui.tests.refactoring.extractconstant.ExtractConstantRefactoringTest" time="0.035"/>
  <testcase name="testExtractionOfUnaryExpressions" classname="org.eclipse.cdt.ui.tests.refactoring.extractconstant.ExtractConstantRefactoringTest" time="0.037"/>
  <testcase name="testExtractConstantStaticInt" classname="org.eclipse.cdt.ui.tests.refactoring.extractconstant.ExtractConstantRefactoringTest" time="0.091"/>
  <testcase name="testHistoryReplaceNumberPrivate" classname="org.eclipse.cdt.ui.tests.refactoring.extractconstant.ExtractConstantRefactoringTest" time="0.062"/>
  <testcase name="testNoSelection" classname="org.eclipse.cdt.ui.tests.refactoring.extractconstant.ExtractConstantRefactoringTest" time="0.036"/>
  <testcase name="testHistoryReplaceNumberProtected" classname="org.eclipse.cdt.ui.tests.refactoring.extractconstant.ExtractConstantRefactoringTest" time="0.053"/>
  <testcase name="testSingleBinaryExpression" classname="org.eclipse.cdt.ui.tests.refactoring.extractconstant.ExtractConstantRefactoringTest" time="0.042"/>
  <testcase name="testOccupiedAndFreeNamesInContext" classname="org.eclipse.cdt.ui.tests.refactoring.extractconstant.ExtractConstantRefactoringTest" time="0.042"/>
  <testcase name="testDefaultNameForIntegerLiteral" classname="org.eclipse.cdt.ui.tests.refactoring.extractconstant.ExtractConstantRefactoringTest" time="0.038"/>
  <testcase name="testExtractOnlyOneOccurrence" classname="org.eclipse.cdt.ui.tests.refactoring.extractconstant.ExtractConstantRefactoringTest" time="0.041"/>
  <testcase name="testHistoryExtractConstantInt" classname="org.eclipse.cdt.ui.tests.refactoring.extractconstant.ExtractConstantRefactoringTest" time="0.055"/>
  <testcase name="testExtractConstantWideString" classname="org.eclipse.cdt.ui.tests.refactoring.extractconstant.ExtractConstantRefactoringTest" time="0.043"/>
  <testcase name="testExtractIdentifier" classname="org.eclipse.cdt.ui.tests.refactoring.extractconstant.ExtractConstantRefactoringTest" time="0.027"/>
  <testcase name="testBinaryExpressionInFunctionCall" classname="org.eclipse.cdt.ui.tests.refactoring.extractconstant.ExtractConstantRefactoringTest" time="0.037"/>
  <testcase name="testExtractFunctionCall" classname="org.eclipse.cdt.ui.tests.refactoring.extractconstant.ExtractConstantRefactoringTest" time="0.037"/>
  <testcase name="testExtractConstantInt2" classname="org.eclipse.cdt.ui.tests.refactoring.extractconstant.ExtractConstantRefactoringTest" time="0.076"/>
  <testcase name="testExtractConstantInt" classname="org.eclipse.cdt.ui.tests.refactoring.extractconstant.ExtractConstantRefactoringTest" time="0.046"/>
  <testcase name="testString" classname="org.eclipse.cdt.ui.tests.refactoring.extractconstant.ExtractConstantRefactoringTest" time="0.036"/>
  <testcase name="testReplaceNumberPrivate" classname="org.eclipse.cdt.ui.tests.refactoring.extractconstant.ExtractConstantRefactoringTest" time="0.042"/>
  <testcase name="testExtractConstantDouble" classname="org.eclipse.cdt.ui.tests.refactoring.extractconstant.ExtractConstantRefactoringTest" time="0.068"/>
  <testcase name="testEmptyPublicSections" classname="org.eclipse.cdt.ui.tests.refactoring.hidemethod.HideMethodRefactoringTest" time="0.099"/>
  <testcase name="testBlockCommentBehind" classname="org.eclipse.cdt.ui.tests.refactoring.hidemethod.HideMethodRefactoringTest" time="0.038"/>
  <testcase name="testLineCommentWithSpaceBehind" classname="org.eclipse.cdt.ui.tests.refactoring.hidemethod.HideMethodRefactoringTest" time="0.04"/>
  <testcase name="testBlockCommentWithSpace" classname="org.eclipse.cdt.ui.tests.refactoring.hidemethod.HideMethodRefactoringTest" time="0.028"/>
  <testcase name="testChangeToDefaultVisibilityClass1" classname="org.eclipse.cdt.ui.tests.refactoring.hidemethod.HideMethodRefactoringTest" time="0.041"/>
  <testcase name="testChangeToDefaultVisibilityClass2" classname="org.eclipse.cdt.ui.tests.refactoring.hidemethod.HideMethodRefactoringTest" time="0.054"/>
  <testcase name="testStandaloneFunction" classname="org.eclipse.cdt.ui.tests.refactoring.hidemethod.HideMethodRefactoringTest" time="0.034"/>
  <testcase name="testChangeToDefaultVisibilityStruct" classname="org.eclipse.cdt.ui.tests.refactoring.hidemethod.HideMethodRefactoringTest" time="0.053"/>
  <testcase name="testBlockCommentBeforeAndBehind" classname="org.eclipse.cdt.ui.tests.refactoring.hidemethod.HideMethodRefactoringTest" time="0.056"/>
  <testcase name="testReferences1" classname="org.eclipse.cdt.ui.tests.refactoring.hidemethod.HideMethodRefactoringTest" time="0.046"/>
  <testcase name="testReferences2" classname="org.eclipse.cdt.ui.tests.refactoring.hidemethod.HideMethodRefactoringTest" time="0.079"/>
  <testcase name="testReferences3" classname="org.eclipse.cdt.ui.tests.refactoring.hidemethod.HideMethodRefactoringTest" time="0.032"/>
  <testcase name="testReferences4" classname="org.eclipse.cdt.ui.tests.refactoring.hidemethod.HideMethodRefactoringTest" time="0.037"/>
  <testcase name="testMixedCommentBeforeAndAfter" classname="org.eclipse.cdt.ui.tests.refactoring.hidemethod.HideMethodRefactoringTest" time="0.039"/>
  <testcase name="testBigBlockCommentBehind" classname="org.eclipse.cdt.ui.tests.refactoring.hidemethod.HideMethodRefactoringTest" time="0.045"/>
  <testcase name="testBigBlockComment" classname="org.eclipse.cdt.ui.tests.refactoring.hidemethod.HideMethodRefactoringTest" time="0.036"/>
  <testcase name="testLineCommentWithSpace" classname="org.eclipse.cdt.ui.tests.refactoring.hidemethod.HideMethodRefactoringTest" time="0.032"/>
  <testcase name="testLineComment" classname="org.eclipse.cdt.ui.tests.refactoring.hidemethod.HideMethodRefactoringTest" time="0.032"/>
  <testcase name="testTwoMethodsDifferentLine" classname="org.eclipse.cdt.ui.tests.refactoring.hidemethod.HideMethodRefactoringTest" time="0.041"/>
  <testcase name="testHistorySimple" classname="org.eclipse.cdt.ui.tests.refactoring.hidemethod.HideMethodRefactoringTest" time="0.052"/>
  <testcase name="testNoChange" classname="org.eclipse.cdt.ui.tests.refactoring.hidemethod.HideMethodRefactoringTest" time="0.03"/>
  <testcase name="testSimpleImplementationFileWithCommentsBUG60" classname="org.eclipse.cdt.ui.tests.refactoring.hidemethod.HideMethodRefactoringTest" time="0.046"/>
  <testcase name="testBlockCommentWithSpaceBehind" classname="org.eclipse.cdt.ui.tests.refactoring.hidemethod.HideMethodRefactoringTest" time="0.034"/>
  <testcase name="testTwoMethodsSameLineWithComment" classname="org.eclipse.cdt.ui.tests.refactoring.hidemethod.HideMethodRefactoringTest" time="0.033"/>
  <testcase name="testBlockComment" classname="org.eclipse.cdt.ui.tests.refactoring.hidemethod.HideMethodRefactoringTest" time="0.035"/>
  <testcase name="testCPPFileSelection" classname="org.eclipse.cdt.ui.tests.refactoring.hidemethod.HideMethodRefactoringTest" time="0.039"/>
  <testcase name="testSimpleImplementationFile" classname="org.eclipse.cdt.ui.tests.refactoring.hidemethod.HideMethodRefactoringTest" time="0.043"/>
  <testcase name="testTwoMethodsDifferentLineWithComment" classname="org.eclipse.cdt.ui.tests.refactoring.hidemethod.HideMethodRefactoringTest" time="0.033"/>
  <testcase name="testBigBlockCommentBeforeAndBehind" classname="org.eclipse.cdt.ui.tests.refactoring.hidemethod.HideMethodRefactoringTest" time="0.035"/>
  <testcase name="testTwoMethodsSameLine" classname="org.eclipse.cdt.ui.tests.refactoring.hidemethod.HideMethodRefactoringTest" time="0.032"/>
  <testcase name="testSimple" classname="org.eclipse.cdt.ui.tests.refactoring.hidemethod.HideMethodRefactoringTest" time="0.034"/>
  <testcase name="testSeveralPrivateSections" classname="org.eclipse.cdt.ui.tests.refactoring.hidemethod.HideMethodRefactoringTest" time="0.035"/>
  <testcase name="testCheckIfPrivateBug1" classname="org.eclipse.cdt.ui.tests.refactoring.hidemethod.HideMethodRefactoringTest" time="0.062"/>
  <testcase name="testCheckIfPrivateBug2" classname="org.eclipse.cdt.ui.tests.refactoring.hidemethod.HideMethodRefactoringTest" time="0.046"/>
  <testcase name="testCheckIfPrivateBug3" classname="org.eclipse.cdt.ui.tests.refactoring.hidemethod.HideMethodRefactoringTest" time="0.047"/>
  <testcase name="testCheckIfPrivateBug4" classname="org.eclipse.cdt.ui.tests.refactoring.hidemethod.HideMethodRefactoringTest" time="0.043"/>
  <testcase name="testLineCommentBehind" classname="org.eclipse.cdt.ui.tests.refactoring.hidemethod.HideMethodRefactoringTest" time="0.049"/>
  <testcase name="testNoMethods" classname="org.eclipse.cdt.ui.tests.refactoring.gettersandsetters.GenerateGettersAndSettersTest" time="0.09"/>
  <testcase name="testNoMethodsAscendingVisibilityOrder" classname="org.eclipse.cdt.ui.tests.refactoring.gettersandsetters.GenerateGettersAndSettersTest" time="0.053"/>
  <testcase name="testMultipleSelection" classname="org.eclipse.cdt.ui.tests.refactoring.gettersandsetters.GenerateGettersAndSettersTest" time="0.044"/>
  <testcase name="testOneGetterSelection" classname="org.eclipse.cdt.ui.tests.refactoring.gettersandsetters.GenerateGettersAndSettersTest" time="0.044"/>
  <testcase name="testOneGetterSelectionWithNamespace" classname="org.eclipse.cdt.ui.tests.refactoring.gettersandsetters.GenerateGettersAndSettersTest" time="0.045"/>
  <testcase name="testNoMethodsSeparateDefinition_1" classname="org.eclipse.cdt.ui.tests.refactoring.gettersandsetters.GenerateGettersAndSettersTest" time="0.076"/>
  <testcase name="testNoMethodsSeparateDefinition_2" classname="org.eclipse.cdt.ui.tests.refactoring.gettersandsetters.GenerateGettersAndSettersTest" time="0.038"/>
  <testcase name="testOneSetterSelection" classname="org.eclipse.cdt.ui.tests.refactoring.gettersandsetters.GenerateGettersAndSettersTest" time="0.034"/>
  <testcase name="testPassByReferenceSeparateDefinition" classname="org.eclipse.cdt.ui.tests.refactoring.gettersandsetters.GenerateGettersAndSettersTest" time="0.072"/>
  <testcase name="testSelectionWithSeparateDefinition" classname="org.eclipse.cdt.ui.tests.refactoring.gettersandsetters.GenerateGettersAndSettersTest" time="0.473"/>
  <testcase name="testClassWithMacro_Bug363244" classname="org.eclipse.cdt.ui.tests.refactoring.gettersandsetters.GenerateGettersAndSettersTest" time="0.047"/>
  <testcase name="testBug323780" classname="org.eclipse.cdt.ui.tests.refactoring.gettersandsetters.GenerateGettersAndSettersTest" time="0.059"/>
  <testcase name="testInsertDefinitionInEmptyImplementationFile_Bug337040_1" classname="org.eclipse.cdt.ui.tests.refactoring.gettersandsetters.GenerateGettersAndSettersTest" time="0.049"/>
  <testcase name="testInsertDefinitionInEmptyImplementationFile_Bug337040_2" classname="org.eclipse.cdt.ui.tests.refactoring.gettersandsetters.GenerateGettersAndSettersTest" time="0.058"/>
  <testcase name="testAvoidingReservedNames_Bug352258" classname="org.eclipse.cdt.ui.tests.refactoring.gettersandsetters.GenerateGettersAndSettersTest" time="0.096"/>
  <testcase name="testGetterForAnArrayField_Bug319278" classname="org.eclipse.cdt.ui.tests.refactoring.gettersandsetters.GenerateGettersAndSettersTest" time="0.038"/>
  <testcase name="testMultipleDeclarators_371840" classname="org.eclipse.cdt.ui.tests.refactoring.gettersandsetters.GenerateGettersAndSettersTest" time="0.05"/>
  <testcase name="testNoFields" classname="org.eclipse.cdt.ui.tests.refactoring.gettersandsetters.GenerateGettersAndSettersTest" time="0.034"/>
  <testcase name="testOneSetterSelectionSeparateDefinition" classname="org.eclipse.cdt.ui.tests.refactoring.gettersandsetters.GenerateGettersAndSettersTest" time="0.066"/>
  <testcase name="testNestedClasses_Bug316083" classname="org.eclipse.cdt.ui.tests.refactoring.gettersandsetters.GenerateGettersAndSettersTest" time="0.042"/>
  <testcase name="testGetterAndSetterSelection" classname="org.eclipse.cdt.ui.tests.refactoring.gettersandsetters.GenerateGettersAndSettersTest" time="0.046"/>
  <testcase name="testOneGetterSelectionWithNamespaceSeparateDefinition" classname="org.eclipse.cdt.ui.tests.refactoring.gettersandsetters.GenerateGettersAndSettersTest" time="0.06"/>
  <testcase name="testVisibilityOrder" classname="org.eclipse.cdt.ui.tests.refactoring.gettersandsetters.GenerateGettersAndSettersTest" time="0.058"/>
  <testcase name="testTestIfTemplateMethodStaysInHeader" classname="org.eclipse.cdt.ui.tests.refactoring.implementmethod.ImplementMethodRefactoringTest" time="0.079"/>
  <testcase name="testStaticMethod" classname="org.eclipse.cdt.ui.tests.refactoring.implementmethod.ImplementMethodRefactoringTest" time="0.035"/>
  <testcase name="testFunctionWithinNamespaces" classname="org.eclipse.cdt.ui.tests.refactoring.implementmethod.ImplementMethodRefactoringTest" time="0.031"/>
  <testcase name="testWithTwoIntParameters" classname="org.eclipse.cdt.ui.tests.refactoring.implementmethod.ImplementMethodRefactoringTest" time="0.036"/>
  <testcase name="testExistingNamespace" classname="org.eclipse.cdt.ui.tests.refactoring.implementmethod.ImplementMethodRefactoringTest" time="0.043"/>
  <testcase name="testTemplateFunction_Bug355006" classname="org.eclipse.cdt.ui.tests.refactoring.implementmethod.ImplementMethodRefactoringTest" time="0.037"/>
  <testcase name="testEmptyImplementationFile_Bug337040" classname="org.eclipse.cdt.ui.tests.refactoring.implementmethod.ImplementMethodRefactoringTest" time="0.042"/>
  <testcase name="testNestedClass_Bug290110" classname="org.eclipse.cdt.ui.tests.refactoring.implementmethod.ImplementMethodRefactoringTest" time="0.047"/>
  <testcase name="testEmptyThowsClause_Bug393833" classname="org.eclipse.cdt.ui.tests.refactoring.implementmethod.ImplementMethodRefactoringTest" time="0.055"/>
  <testcase name="testVirtualMethodBetweenCtorAndDtor" classname="org.eclipse.cdt.ui.tests.refactoring.implementmethod.ImplementMethodRefactoringTest" time="0.034"/>
  <testcase name="testMethodOfTemplateClass" classname="org.eclipse.cdt.ui.tests.refactoring.implementmethod.ImplementMethodRefactoringTest" time="0.034"/>
  <testcase name="testLastMethodInClass" classname="org.eclipse.cdt.ui.tests.refactoring.implementmethod.ImplementMethodRefactoringTest" time="0.028"/>
  <testcase name="testExplicitConstructor_Bug363111" classname="org.eclipse.cdt.ui.tests.refactoring.implementmethod.ImplementMethodRefactoringTest" time="0.062"/>
  <testcase name="testFunctionWithinNamespace" classname="org.eclipse.cdt.ui.tests.refactoring.implementmethod.ImplementMethodRefactoringTest" time="0.035"/>
  <testcase name="testFunctionAtEndOfSourceFile" classname="org.eclipse.cdt.ui.tests.refactoring.implementmethod.ImplementMethodRefactoringTest" time="0.034"/>
  <testcase name="testPointerReturnValue_Bug238253" classname="org.eclipse.cdt.ui.tests.refactoring.implementmethod.ImplementMethodRefactoringTest" time="0.042"/>
  <testcase name="testClassTemplateMemberFunctions" classname="org.eclipse.cdt.ui.tests.refactoring.implementmethod.ImplementMethodRefactoringTest" time="0.041"/>
  <testcase name="testWithDefaultParameters" classname="org.eclipse.cdt.ui.tests.refactoring.implementmethod.ImplementMethodRefactoringTest" time="0.051"/>
  <testcase name="testNonEmptyThowsClause_Bug393833" classname="org.eclipse.cdt.ui.tests.refactoring.implementmethod.ImplementMethodRefactoringTest" time="0.042"/>
  <testcase name="testVoidParameter_Bug238554" classname="org.eclipse.cdt.ui.tests.refactoring.implementmethod.ImplementMethodRefactoringTest" time="0.044"/>
  <testcase name="testMemberClass" classname="org.eclipse.cdt.ui.tests.refactoring.implementmethod.ImplementMethodRefactoringTest" time="0.036"/>
  <testcase name="testParameterWithDefaultValue" classname="org.eclipse.cdt.ui.tests.refactoring.implementmethod.ImplementMethodRefactoringTest" time="0.037"/>
  <testcase name="testDeclaredInOtherwiseEmptyClass" classname="org.eclipse.cdt.ui.tests.refactoring.implementmethod.ImplementMethodRefactoringTest" time="0.046"/>
  <testcase name="testWithIntReturnValue" classname="org.eclipse.cdt.ui.tests.refactoring.implementmethod.ImplementMethodRefactoringTest" time="0.036"/>
  <testcase name="testConstMethod" classname="org.eclipse.cdt.ui.tests.refactoring.implementmethod.ImplementMethodRefactoringTest" time="0.035"/>
  <testcase name="testFunctionAtStartOfSourceFile" classname="org.eclipse.cdt.ui.tests.refactoring.implementmethod.ImplementMethodRefactoringTest" time="0.04"/>
  <testcase name="testNameQualification_Bug282989" classname="org.eclipse.cdt.ui.tests.refactoring.implementmethod.ImplementMethodRefactoringTest" time="0.04"/>
  <testcase name="testFirstMethodInClass" classname="org.eclipse.cdt.ui.tests.refactoring.implementmethod.ImplementMethodRefactoringTest" time="0.038"/>
  <testcase name="testNoImplementationFile" classname="org.eclipse.cdt.ui.tests.refactoring.implementmethod.ImplementMethodRefactoringTest" time="0.037"/>
  <testcase name="testNamespace" classname="org.eclipse.cdt.ui.tests.refactoring.implementmethod.ImplementMethodRefactoringTest" time="0.035"/>
  <testcase name="testDefinedInHeader" classname="org.eclipse.cdt.ui.tests.refactoring.implementmethod.ImplementMethodRefactoringTest" time="0.034"/>
  <testcase name="testStringLiteral" classname="org.eclipse.cdt.ui.tests.refactoring.extractlocalvariable.ExtractLocalVariableRefactoringTest" time="0.035"/>
  <testcase name="testCharLiteral" classname="org.eclipse.cdt.ui.tests.refactoring.extractlocalvariable.ExtractLocalVariableRefactoringTest" time="0.032"/>
  <testcase name="testTemplateTypeParameters_Bug331963" classname="org.eclipse.cdt.ui.tests.refactoring.extractlocalvariable.ExtractLocalVariableRefactoringTest" time="0.027"/>
  <testcase name="testArrayOfFunctionPointers_Bug318784" classname="org.eclipse.cdt.ui.tests.refactoring.extractlocalvariable.ExtractLocalVariableRefactoringTest" time="0.035"/>
  <testcase name="testFloatLiteral" classname="org.eclipse.cdt.ui.tests.refactoring.extractlocalvariable.ExtractLocalVariableRefactoringTest" time="0.033"/>
  <testcase name="testSuggestedName_Bug330693_1" classname="org.eclipse.cdt.ui.tests.refactoring.extractlocalvariable.ExtractLocalVariableRefactoringTest" time="0.062"/>
  <testcase name="testSuggestedName_Bug330693_2" classname="org.eclipse.cdt.ui.tests.refactoring.extractlocalvariable.ExtractLocalVariableRefactoringTest" time="0.036"/>
  <testcase name="testSuggestedName_Bug335202_1" classname="org.eclipse.cdt.ui.tests.refactoring.extractlocalvariable.ExtractLocalVariableRefactoringTest" time="0.057"/>
  <testcase name="testSuggestedName_Bug335202_2" classname="org.eclipse.cdt.ui.tests.refactoring.extractlocalvariable.ExtractLocalVariableRefactoringTest" time="0.048"/>
  <testcase name="testPointer" classname="org.eclipse.cdt.ui.tests.refactoring.extractlocalvariable.ExtractLocalVariableRefactoringTest" time="0.037"/>
  <testcase name="testQualifiers" classname="org.eclipse.cdt.ui.tests.refactoring.extractlocalvariable.ExtractLocalVariableRefactoringTest" time="0.039"/>
  <testcase name="testOverloadedOperators" classname="org.eclipse.cdt.ui.tests.refactoring.extractlocalvariable.ExtractLocalVariableRefactoringTest" time="0.034"/>
  <testcase name="testSuggestedNameCFile_Bug412032" classname="org.eclipse.cdt.ui.tests.refactoring.extractlocalvariable.ExtractLocalVariableRefactoringTest" time="0.039"/>
  <testcase name="testSuggestedNameInScope" classname="org.eclipse.cdt.ui.tests.refactoring.extractlocalvariable.ExtractLocalVariableRefactoringTest" time="0.044"/>
  <testcase name="testTemplateTypeParametersWithNamespace_Bug331963" classname="org.eclipse.cdt.ui.tests.refactoring.extractlocalvariable.ExtractLocalVariableRefactoringTest" time="0.044"/>
  <testcase name="testSuggestedNameCFile_Bug412032_2" classname="org.eclipse.cdt.ui.tests.refactoring.extractlocalvariable.ExtractLocalVariableRefactoringTest" time="0.048"/>
  <testcase name="testParentheses" classname="org.eclipse.cdt.ui.tests.refactoring.extractlocalvariable.ExtractLocalVariableRefactoringTest" time="0.052"/>
  <testcase name="testForStatement_Bug277065" classname="org.eclipse.cdt.ui.tests.refactoring.extractlocalvariable.ExtractLocalVariableRefactoringTest" time="0.033"/>
  <testcase name="testTemplateWithFunctionArgument_487186" classname="org.eclipse.cdt.ui.tests.refactoring.extractlocalvariable.ExtractLocalVariableRefactoringTest" time="0.028"/>
  <testcase name="testIntLiteral" classname="org.eclipse.cdt.ui.tests.refactoring.extractlocalvariable.ExtractLocalVariableRefactoringTest" time="0.04"/>
  <testcase name="testLocalVariableFromForLoop" classname="org.eclipse.cdt.ui.tests.refactoring.extractlocalvariable.ExtractLocalVariableRefactoringTest" time="0.04"/>
  <testcase name="testExpression" classname="org.eclipse.cdt.ui.tests.refactoring.extractlocalvariable.ExtractLocalVariableRefactoringTest" time="0.042"/>
  <testcase name="testDoubleLiteral" classname="org.eclipse.cdt.ui.tests.refactoring.extractlocalvariable.ExtractLocalVariableRefactoringTest" time="0.034"/>
  <testcase name="testTestFreeFunctionToggleFromImplementationToHeaderWithDeclaration" classname="org.eclipse.cdt.ui.tests.refactoring.togglefunction.ToggleRefactoringTest" time="0.124"/>
  <testcase name="testTestDestructorToggleInHeaderToImplementation" classname="org.eclipse.cdt.ui.tests.refactoring.togglefunction.ToggleRefactoringTest" time="0.06"/>
  <testcase name="testToggleFunctionWithTypedefReturntypeToSource_399217" classname="org.eclipse.cdt.ui.tests.refactoring.togglefunction.ToggleRefactoringTest" time="0.047"/>
  <testcase name="testImplToHeaderBodyCommentWithoutDeclaration" classname="org.eclipse.cdt.ui.tests.refactoring.togglefunction.ToggleRefactoringTest" time="0.088"/>
  <testcase name="testTestNestedClassInImplementationToClass" classname="org.eclipse.cdt.ui.tests.refactoring.togglefunction.ToggleRefactoringTest" time="0.06"/>
  <testcase name="testTestSubstringSelection" classname="org.eclipse.cdt.ui.tests.refactoring.togglefunction.ToggleRefactoringTest" time="0.028"/>
  <testcase name="testClassToHeaderBodyComment" classname="org.eclipse.cdt.ui.tests.refactoring.togglefunction.ToggleRefactoringTest" time="0.042"/>
  <testcase name="testTestNestedClassInClassToInHeader" classname="org.eclipse.cdt.ui.tests.refactoring.togglefunction.ToggleRefactoringTest" time="0.06"/>
  <testcase name="testTestVirtualSpecifierFromImplementationToHeader" classname="org.eclipse.cdt.ui.tests.refactoring.togglefunction.ToggleRefactoringTest" time="0.065"/>
  <testcase name="testTestDestructorToggleInClassToInHeader" classname="org.eclipse.cdt.ui.tests.refactoring.togglefunction.ToggleRefactoringTest" time="0.069"/>
  <testcase name="testHeaderToClassMultiTemplateComment" classname="org.eclipse.cdt.ui.tests.refactoring.togglefunction.ToggleRefactoringTest" time="0.059"/>
  <testcase name="testTestNamespacedFreeFunction" classname="org.eclipse.cdt.ui.tests.refactoring.togglefunction.ToggleRefactoringTest" time="0.058"/>
  <testcase name="testTestFreeFunction" classname="org.eclipse.cdt.ui.tests.refactoring.togglefunction.ToggleRefactoringTest" time="0.066"/>
  <testcase name="testTestTryCatchFromInClassToInHeader" classname="org.eclipse.cdt.ui.tests.refactoring.togglefunction.ToggleRefactoringTest" time="0.052"/>
  <testcase name="testImplToHeaderTopComment" classname="org.eclipse.cdt.ui.tests.refactoring.togglefunction.ToggleRefactoringTest" time="0.04"/>
  <testcase name="testTestTemplateFunctionInHeaderToInClass" classname="org.eclipse.cdt.ui.tests.refactoring.togglefunction.ToggleRefactoringTest" time="0.042"/>
  <testcase name="testTestTemplateFunctionInClassToInHeader" classname="org.eclipse.cdt.ui.tests.refactoring.togglefunction.ToggleRefactoringTest" time="0.051"/>
  <testcase name="testQualifiedFunctionInNestedNamespaceToSourceWithRecurringNamespaceName_464102" classname="org.eclipse.cdt.ui.tests.refactoring.togglefunction.ToggleRefactoringTest" time="0.058"/>
  <testcase name="testClassToHeaderTopComment" classname="org.eclipse.cdt.ui.tests.refactoring.togglefunction.ToggleRefactoringTest" time="0.045"/>
  <testcase name="testFreeFunctionFromHeaderToImpl" classname="org.eclipse.cdt.ui.tests.refactoring.togglefunction.ToggleRefactoringTest" time="0.069"/>
  <testcase name="testTestRemoveEmptyNamespaceFromImplentation" classname="org.eclipse.cdt.ui.tests.refactoring.togglefunction.ToggleRefactoringTest" time="0.056"/>
  <testcase name="testToggleFunctionWithScopedTypedefReturntype_399931" classname="org.eclipse.cdt.ui.tests.refactoring.togglefunction.ToggleRefactoringTest" time="0.038"/>
  <testcase name="testToggleMemberFunctionOfPartialSpecialization_399931" classname="org.eclipse.cdt.ui.tests.refactoring.togglefunction.ToggleRefactoringTest" time="0.056"/>
  <testcase name="testTestSimpleFunctionInImplementationToInClass" classname="org.eclipse.cdt.ui.tests.refactoring.togglefunction.ToggleRefactoringTest" time="0.07"/>
  <testcase name="testTestComplexTemplateFunctionFromInHeaderToInClass" classname="org.eclipse.cdt.ui.tests.refactoring.togglefunction.ToggleRefactoringTest" time="0.059"/>
  <testcase name="testTestComplexTemplateFunctionFromInClassToInHeader" classname="org.eclipse.cdt.ui.tests.refactoring.togglefunction.ToggleRefactoringTest" time="0.038"/>
  <testcase name="testFreeFunctionFromImplToHeader" classname="org.eclipse.cdt.ui.tests.refactoring.togglefunction.ToggleRefactoringTest" time="0.042"/>
  <testcase name="testTestNotSupportedNestedFunctions" classname="org.eclipse.cdt.ui.tests.refactoring.togglefunction.ToggleRefactoringTest" time="0.025"/>
  <testcase name="testTestSimpleNamespaceInClassToInHeader" classname="org.eclipse.cdt.ui.tests.refactoring.togglefunction.ToggleRefactoringTest" time="0.034"/>
  <testcase name="testHeaderToImplFreeFuncTopComment" classname="org.eclipse.cdt.ui.tests.refactoring.togglefunction.ToggleRefactoringTest" time="0.189"/>
  <testcase name="testTestTryCatchFromInImplementationToClass" classname="org.eclipse.cdt.ui.tests.refactoring.togglefunction.ToggleRefactoringTest" time="0.054"/>
  <testcase name="testTestNotSupportedNoTranslationunit" classname="org.eclipse.cdt.ui.tests.refactoring.togglefunction.ToggleRefactoringTest" time="0.047"/>
  <testcase name="testClassToHeaderTrailingCommentWithTryBlock" classname="org.eclipse.cdt.ui.tests.refactoring.togglefunction.ToggleRefactoringTest" time="0.035"/>
  <testcase name="testTestSimpleFunctionInHeaderToImplementation" classname="org.eclipse.cdt.ui.tests.refactoring.togglefunction.ToggleRefactoringTest" time="0.055"/>
  <testcase name="testTestNotSupportedVariableSelection" classname="org.eclipse.cdt.ui.tests.refactoring.togglefunction.ToggleRefactoringTest" time="0.02"/>
  <testcase name="testToggleFunctionFailsOnSyntaxError_389299" classname="org.eclipse.cdt.ui.tests.refactoring.togglefunction.ToggleRefactoringTest" time="0.053"/>
  <testcase name="testTestNotSupportedNoDefinition" classname="org.eclipse.cdt.ui.tests.refactoring.togglefunction.ToggleRefactoringTest" time="0.037"/>
  <testcase name="testHeaderToImplBodyComment" classname="org.eclipse.cdt.ui.tests.refactoring.togglefunction.ToggleRefactoringTest" time="0.053"/>
  <testcase name="testToggleMemberFunctionOfFullSpecialization_399931" classname="org.eclipse.cdt.ui.tests.refactoring.togglefunction.ToggleRefactoringTest" time="0.048"/>
  <testcase name="testTestSimpleNamespaceInHeaderToImplementationWithNamespaceQualifiedName" classname="org.eclipse.cdt.ui.tests.refactoring.togglefunction.ToggleRefactoringTest" time="0.05"/>
  <testcase name="testTestImplementationToClassWithDefintionSelected" classname="org.eclipse.cdt.ui.tests.refactoring.togglefunction.ToggleRefactoringTest" time="0.071"/>
  <testcase name="testClassToHeaderTrailingComment" classname="org.eclipse.cdt.ui.tests.refactoring.togglefunction.ToggleRefactoringTest" time="0.049"/>
  <testcase name="testTestMultipleTryCatchFromInHeaderToImplementation" classname="org.eclipse.cdt.ui.tests.refactoring.togglefunction.ToggleRefactoringTest" time="0.068"/>
  <testcase name="testTestSimpleNamespaceFromImplementationToInHeader" classname="org.eclipse.cdt.ui.tests.refactoring.togglefunction.ToggleRefactoringTest" time="0.044"/>
  <testcase name="testHeaderToImplTopComment" classname="org.eclipse.cdt.ui.tests.refactoring.togglefunction.ToggleRefactoringTest" time="0.051"/>
  <testcase name="testTestMultipleTryCatchFromInClassToInHeader" classname="org.eclipse.cdt.ui.tests.refactoring.togglefunction.ToggleRefactoringTest" time="0.04"/>
  <testcase name="testTestImplementationToClassWithDeclarationSelected" classname="org.eclipse.cdt.ui.tests.refactoring.togglefunction.ToggleRefactoringTest" time="0.059"/>
  <testcase name="testTestDestructorToggleInImplementationToClass" classname="org.eclipse.cdt.ui.tests.refactoring.togglefunction.ToggleRefactoringTest" time="0.065"/>
  <testcase name="testQualifiedFunctionInNestedNamespaceToSourceWithInnerNamespace_464102" classname="org.eclipse.cdt.ui.tests.refactoring.togglefunction.ToggleRefactoringTest" time="0.049"/>
  <testcase name="testClassToHeaderCatchComment" classname="org.eclipse.cdt.ui.tests.refactoring.togglefunction.ToggleRefactoringTest" time="0.037"/>
  <testcase name="testFileCreationFreeFunctionFromHeaderToImpl" classname="org.eclipse.cdt.ui.tests.refactoring.togglefunction.ToggleRefactoringTest" time="0.04"/>
  <testcase name="testTestDifferentParameterNames" classname="org.eclipse.cdt.ui.tests.refactoring.togglefunction.ToggleRefactoringTest" time="0.047"/>
  <testcase name="testTestTemplateFunctionInHeaderToInClassWithTemplateSelected" classname="org.eclipse.cdt.ui.tests.refactoring.togglefunction.ToggleRefactoringTest" time="0.035"/>
  <testcase name="testTestCorrectOrderingInClassToInHeader" classname="org.eclipse.cdt.ui.tests.refactoring.togglefunction.ToggleRefactoringTest" time="0.034"/>
  <testcase name="testTestFreeFunctionToggleFromImplementationToHeaderWithOutDeclaration" classname="org.eclipse.cdt.ui.tests.refactoring.togglefunction.ToggleRefactoringTest" time="0.048"/>
  <testcase name="testTestTryCatchFromInHeaderToImplementation" classname="org.eclipse.cdt.ui.tests.refactoring.togglefunction.ToggleRefactoringTest" time="0.046"/>
  <testcase name="testFunctionInNestedNamespaceToHeaderLeaveNonemptyNamespace_464102" classname="org.eclipse.cdt.ui.tests.refactoring.togglefunction.ToggleRefactoringTest" time="0.05"/>
  <testcase name="testHeaderToClassBodyComment" classname="org.eclipse.cdt.ui.tests.refactoring.togglefunction.ToggleRefactoringTest" time="0.058"/>
  <testcase name="testQualifiedFunctionInRecurringNestedNamespaceToNewSource_464102" classname="org.eclipse.cdt.ui.tests.refactoring.togglefunction.ToggleRefactoringTest" time="0.058"/>
  <testcase name="testTestConstructorToggleInHeaderToImplementation" classname="org.eclipse.cdt.ui.tests.refactoring.togglefunction.ToggleRefactoringTest" time="0.049"/>
  <testcase name="testTestZeroLengthSelection" classname="org.eclipse.cdt.ui.tests.refactoring.togglefunction.ToggleRefactoringTest" time="0.04"/>
  <testcase name="testFileCreationFromImplToHeader" classname="org.eclipse.cdt.ui.tests.refactoring.togglefunction.ToggleRefactoringTest" time="0.042"/>
  <testcase name="testClassToHeaderTopCommentOrder" classname="org.eclipse.cdt.ui.tests.refactoring.togglefunction.ToggleRefactoringTest" time="0.041"/>
  <testcase name="testToggleFunctionWithTemplateReturnType_399931" classname="org.eclipse.cdt.ui.tests.refactoring.togglefunction.ToggleRefactoringTest" time="0.04"/>
  <testcase name="testImplToHeaderBodyComment" classname="org.eclipse.cdt.ui.tests.refactoring.togglefunction.ToggleRefactoringTest" time="0.043"/>
  <testcase name="testTestMissingParameterNames" classname="org.eclipse.cdt.ui.tests.refactoring.togglefunction.ToggleRefactoringTest" time="0.045"/>
  <testcase name="testToggleMemberFunctionOfPartialSpecializationMultiplePointers_399931" classname="org.eclipse.cdt.ui.tests.refactoring.togglefunction.ToggleRefactoringTest" time="0.043"/>
  <testcase name="testTestRightBorderSelection" classname="org.eclipse.cdt.ui.tests.refactoring.togglefunction.ToggleRefactoringTest" time="0.034"/>
  <testcase name="testFunctionWithMacroReference_399215" classname="org.eclipse.cdt.ui.tests.refactoring.togglefunction.ToggleRefactoringTest" time="0.055"/>
  <testcase name="testTestNestedClassInHeaderToImplementation" classname="org.eclipse.cdt.ui.tests.refactoring.togglefunction.ToggleRefactoringTest" time="0.055"/>
  <testcase name="testTestQualifiedNameToggle" classname="org.eclipse.cdt.ui.tests.refactoring.togglefunction.ToggleRefactoringTest" time="0.024"/>
  <testcase name="testTestMultipleTryCatchFromInImplementationToClass" classname="org.eclipse.cdt.ui.tests.refactoring.togglefunction.ToggleRefactoringTest" time="0.046"/>
  <testcase name="testToggleFunctionWithScopedTypedefReturntypeFromTemplate_399931" classname="org.eclipse.cdt.ui.tests.refactoring.togglefunction.ToggleRefactoringTest" time="0.029"/>
  <testcase name="testTestSimpleNamespaceInHeaderToImplementationWithinNamespaceDefinition" classname="org.eclipse.cdt.ui.tests.refactoring.togglefunction.ToggleRefactoringTest" time="0.049"/>
  <testcase name="testTestRemoveVirtualSpecifierFromClassToInheader" classname="org.eclipse.cdt.ui.tests.refactoring.togglefunction.ToggleRefactoringTest" time="0.045"/>
  <testcase name="testFunctionInNestedNamespaceToHeader_464102" classname="org.eclipse.cdt.ui.tests.refactoring.togglefunction.ToggleRefactoringTest" time="0.043"/>
  <testcase name="testTestDefaultParameterInitializerInHeaderToImplementation" classname="org.eclipse.cdt.ui.tests.refactoring.togglefunction.ToggleRefactoringTest" time="0.046"/>
  <testcase name="testImplToHeaderTopCommentWithoutDeclaration" classname="org.eclipse.cdt.ui.tests.refactoring.togglefunction.ToggleRefactoringTest" time="0.053"/>
  <testcase name="testTestOverlappingSelection" classname="org.eclipse.cdt.ui.tests.refactoring.togglefunction.ToggleRefactoringTest" time="0.052"/>
  <testcase name="testTestLeftBorderSelection" classname="org.eclipse.cdt.ui.tests.refactoring.togglefunction.ToggleRefactoringTest" time="0.045"/>
  <testcase name="testTestDefaultParameterInitializerInImplementationToClass" classname="org.eclipse.cdt.ui.tests.refactoring.togglefunction.ToggleRefactoringTest" time="0.051"/>
  <testcase name="testTestCorrectTemplateOrderingInHeaderToInClass" classname="org.eclipse.cdt.ui.tests.refactoring.togglefunction.ToggleRefactoringTest" time="0.054"/>
  <testcase name="testHeaderToClassTryCatchComment" classname="org.eclipse.cdt.ui.tests.refactoring.togglefunction.ToggleRefactoringTest" time="0.052"/>
  <testcase name="testTestCorrectTemplateOrderingInClassToInHeader" classname="org.eclipse.cdt.ui.tests.refactoring.togglefunction.ToggleRefactoringTest" time="0.065"/>
  <testcase name="testTestConstructorToggleInImplementationToClass" classname="org.eclipse.cdt.ui.tests.refactoring.togglefunction.ToggleRefactoringTest" time="0.063"/>
  <testcase name="testToggleWithTemplateQualifierInReturnType_399931" classname="org.eclipse.cdt.ui.tests.refactoring.togglefunction.ToggleRefactoringTest" time="0.045"/>
  <testcase name="testTestBodySelection" classname="org.eclipse.cdt.ui.tests.refactoring.togglefunction.ToggleRefactoringTest" time="0.035"/>
  <testcase name="testTestMultipledefinitions" classname="org.eclipse.cdt.ui.tests.refactoring.togglefunction.ToggleRefactoringTest" time="0.031"/>
  <testcase name="testHeaderToClassBodyComment1" classname="org.eclipse.cdt.ui.tests.refactoring.togglefunction.ToggleRefactoringTest" time="0.034"/>
  <testcase name="testFunctionInNestedNamespaceToSource_464102" classname="org.eclipse.cdt.ui.tests.refactoring.togglefunction.ToggleRefactoringTest" time="0.04"/>
  <testcase name="testToggleFunctionFromNestedTemplate_399931" classname="org.eclipse.cdt.ui.tests.refactoring.togglefunction.ToggleRefactoringTest" time="0.053"/>
  <testcase name="testClassToHeaderTemplateTopComment" classname="org.eclipse.cdt.ui.tests.refactoring.togglefunction.ToggleRefactoringTest" time="0.049"/>
  <testcase name="testTestVirtualSpecifierFromInHeaderToImplementation" classname="org.eclipse.cdt.ui.tests.refactoring.togglefunction.ToggleRefactoringTest" time="0.055"/>
  <testcase name="testTestSimpleFunctionInClassToInHeader" classname="org.eclipse.cdt.ui.tests.refactoring.togglefunction.ToggleRefactoringTest" time="0.04"/>
  <testcase name="testTestMultipleDeclarations" classname="org.eclipse.cdt.ui.tests.refactoring.togglefunction.ToggleRefactoringTest" time="0.032"/>
  <testcase name="testToggleWithTemplateArgumentDependentQualifierInReturnType_399931" classname="org.eclipse.cdt.ui.tests.refactoring.togglefunction.ToggleRefactoringTest" time="0.049"/>
  <testcase name="testTestConstructorToggleInClassToInHeader" classname="org.eclipse.cdt.ui.tests.refactoring.togglefunction.ToggleRefactoringTest" time="0.033"/>
  <testcase name="testHeaderToClassRetainTopComments" classname="org.eclipse.cdt.ui.tests.refactoring.togglefunction.ToggleRefactoringTest" time="0.034"/>
  <testcase name="testTestBodySelectionWithConfusingName" classname="org.eclipse.cdt.ui.tests.refactoring.togglefunction.ToggleRefactoringTest" time="0.035"/>
  <testcase name="testImplToHeaderTryCatchComment" classname="org.eclipse.cdt.ui.tests.refactoring.togglefunction.ToggleRefactoringTest" time="0.038"/>
  <testcase name="testQualifiedFunctionInNestedNamespaceToSource_464102" classname="org.eclipse.cdt.ui.tests.refactoring.togglefunction.ToggleRefactoringTest" time="0.044"/>
  <testcase name="testTestDefaultParameterInitializerInClassToInHeader" classname="org.eclipse.cdt.ui.tests.refactoring.togglefunction.ToggleRefactoringTest" time="0.045"/>
  <testcase name="testTestFreeFunctionToggleFromHeaderToImplementation" classname="org.eclipse.cdt.ui.tests.refactoring.togglefunction.ToggleRefactoringTest" time="0.053"/>
  <testcase name="testHeaderToImplTryCatchComment" classname="org.eclipse.cdt.ui.tests.refactoring.togglefunction.ToggleRefactoringTest" time="0.07"/>
  <testcase name="testToggleFunctionWithTypedefReturntypeToHeader_399217" classname="org.eclipse.cdt.ui.tests.refactoring.togglefunction.ToggleRefactoringTest" time="0.056"/>
  <testcase name="testTestCorrectOrderingInHeaderToImplementation" classname="org.eclipse.cdt.ui.tests.refactoring.togglefunction.ToggleRefactoringTest" time="0.068"/>
  <testcase name="testTestSimpleNamespaceInHeaderToImplementationWithNamespaceDefinitionInImplementation" classname="org.eclipse.cdt.ui.tests.refactoring.togglefunction.ToggleRefactoringTest" time="0.053"/>
  <testcase name="testQualifiedFunctionInRecurringNestedNamespaceToSourceWithInnerNamespace_464102" classname="org.eclipse.cdt.ui.tests.refactoring.togglefunction.ToggleRefactoringTest" time="0.074"/>
  <testcase name="testToggleMemberFunctionOfPartialSpecializationWithTwoParameters_399931" classname="org.eclipse.cdt.ui.tests.refactoring.togglefunction.ToggleRefactoringTest" time="0.036"/>
  <testcase name="testClassToHeaderTrailingMultipleCommentsInTryBlock" classname="org.eclipse.cdt.ui.tests.refactoring.togglefunction.ToggleRefactoringTest" time="0.039"/>
  <testcase name="testFileFromHeaderToImpl" classname="org.eclipse.cdt.ui.tests.refactoring.togglefunction.ToggleRefactoringCTest" time="0.059"/>
  <testcase name="testToggleCFunction" classname="org.eclipse.cdt.ui.tests.refactoring.togglefunction.ToggleRefactoringCTest" time="0.04"/>
  <testcase name="testGetFilenameWithoutExtension1" classname="org.eclipse.cdt.ui.tests.refactoring.togglefunction.ToggleNodeHelperTest" time="0"/>
  <testcase name="testGetFilenameWithoutExtension2" classname="org.eclipse.cdt.ui.tests.refactoring.togglefunction.ToggleNodeHelperTest" time="0"/>
  <testcase name="testOptionalMap" classname="org.eclipse.cdt.ui.tests.refactoring.includes.IncludeMapTest" time="0"/>
  <testcase name="testOptionalCyclicMap" classname="org.eclipse.cdt.ui.tests.refactoring.includes.IncludeMapTest" time="0"/>
  <testcase name="testUnconditionalCyclicMap" classname="org.eclipse.cdt.ui.tests.refactoring.includes.IncludeMapTest" time="0"/>
  <testcase name="testUpconditionalMap" classname="org.eclipse.cdt.ui.tests.refactoring.includes.IncludeMapTest" time="0"/>
  <testcase name="testConstructorCall" classname="org.eclipse.cdt.ui.tests.refactoring.includes.BindingClassifierTest" time="0.075"/>
  <testcase name="testVariableReference" classname="org.eclipse.cdt.ui.tests.refactoring.includes.BindingClassifierTest" time="0.029"/>
  <testcase name="testMethodCall_488349" classname="org.eclipse.cdt.ui.tests.refactoring.includes.BindingClassifierTest" time="0.029"/>
  <testcase name="testBaseClause_421398" classname="org.eclipse.cdt.ui.tests.refactoring.includes.BindingClassifierTest" time="0.028"/>
  <testcase name="testIdentityMacro_487972" classname="org.eclipse.cdt.ui.tests.refactoring.includes.BindingClassifierTest" time="0.029"/>
  <testcase name="testClassMember" classname="org.eclipse.cdt.ui.tests.refactoring.includes.BindingClassifierTest" time="0.032"/>
  <testcase name="testMethodCall" classname="org.eclipse.cdt.ui.tests.refactoring.includes.BindingClassifierTest" time="0.028"/>
  <testcase name="testFunctionCallWithTypeConversion_1" classname="org.eclipse.cdt.ui.tests.refactoring.includes.BindingClassifierTest" time="0.029"/>
  <testcase name="testFunctionCallWithTypeConversion_2" classname="org.eclipse.cdt.ui.tests.refactoring.includes.BindingClassifierTest" time="0.039"/>
  <testcase name="testBaseClass" classname="org.eclipse.cdt.ui.tests.refactoring.includes.BindingClassifierTest" time="0.039"/>
  <testcase name="testFunctionDeclarationWithTypeConversion" classname="org.eclipse.cdt.ui.tests.refactoring.includes.BindingClassifierTest" time="0.046"/>
  <testcase name="testFieldReference_487971" classname="org.eclipse.cdt.ui.tests.refactoring.includes.BindingClassifierTest" time="0.055"/>
  <testcase name="testLambdaExpression" classname="org.eclipse.cdt.ui.tests.refactoring.includes.BindingClassifierTest" time="0.036"/>
  <testcase name="testTemplatesAllowingIncompleteParameterType_1" classname="org.eclipse.cdt.ui.tests.refactoring.includes.BindingClassifierTest" time="0.047"/>
  <testcase name="testTemplatesAllowingIncompleteParameterType_2" classname="org.eclipse.cdt.ui.tests.refactoring.includes.BindingClassifierTest" time="0.043"/>
  <testcase name="testTemplatesAllowingIncompleteParameterType_3" classname="org.eclipse.cdt.ui.tests.refactoring.includes.BindingClassifierTest" time="0.039"/>
  <testcase name="testTemplatesAllowingIncompleteParameterType_4" classname="org.eclipse.cdt.ui.tests.refactoring.includes.BindingClassifierTest" time="0.038"/>
  <testcase name="testTemplatesAllowingIncompleteParameterType_5" classname="org.eclipse.cdt.ui.tests.refactoring.includes.BindingClassifierTest" time="0.029"/>
  <testcase name="testConstructorCallWithTypedef" classname="org.eclipse.cdt.ui.tests.refactoring.includes.BindingClassifierTest" time="0.029"/>
  <testcase name="testOverloadedOperator" classname="org.eclipse.cdt.ui.tests.refactoring.includes.BindingClassifierTest" time="0.023"/>
  <testcase name="testFieldReference" classname="org.eclipse.cdt.ui.tests.refactoring.includes.BindingClassifierTest" time="0.03"/>
  <testcase name="testFunctionCallWithTypedef" classname="org.eclipse.cdt.ui.tests.refactoring.includes.BindingClassifierTest" time="0.03"/>
  <testcase name="testMacro_1" classname="org.eclipse.cdt.ui.tests.refactoring.includes.BindingClassifierTest" time="0.03"/>
  <testcase name="testMacro_2" classname="org.eclipse.cdt.ui.tests.refactoring.includes.BindingClassifierTest" time="0.029"/>
  <testcase name="testMacro_3" classname="org.eclipse.cdt.ui.tests.refactoring.includes.BindingClassifierTest" time="0.03"/>
  <testcase name="testMacro_4" classname="org.eclipse.cdt.ui.tests.refactoring.includes.BindingClassifierTest" time="0.029"/>
  <testcase name="testMacro_5" classname="org.eclipse.cdt.ui.tests.refactoring.includes.BindingClassifierTest" time="0.029"/>
  <testcase name="testMacro_6" classname="org.eclipse.cdt.ui.tests.refactoring.includes.BindingClassifierTest" time="0.038"/>
  <testcase name="testTemplate_1" classname="org.eclipse.cdt.ui.tests.refactoring.includes.BindingClassifierTest" time="0.138"/>
  <testcase name="testTemplate_2" classname="org.eclipse.cdt.ui.tests.refactoring.includes.BindingClassifierTest" time="0.028"/>
  <testcase name="testCallOperator" classname="org.eclipse.cdt.ui.tests.refactoring.includes.BindingClassifierTest" time="0.038"/>
  <testcase name="testSuperClassMethodCall_436656" classname="org.eclipse.cdt.ui.tests.refactoring.includes.BindingClassifierTest" time="0.03"/>
  <testcase name="testClassHierarchy" classname="org.eclipse.cdt.ui.tests.refactoring.includes.BindingClassifierTest" time="0.03"/>
  <testcase name="testMethodDefinition" classname="org.eclipse.cdt.ui.tests.refactoring.includes.BindingClassifierTest" time="0.032"/>
  <testcase name="testInitializerList_506529" classname="org.eclipse.cdt.ui.tests.refactoring.includes.BindingClassifierTest" time="0.028"/>
  <testcase name="testFieldAccess_442841_1" classname="org.eclipse.cdt.ui.tests.refactoring.includes.BindingClassifierTest" time="0.03"/>
  <testcase name="testFieldAccess_442841_2" classname="org.eclipse.cdt.ui.tests.refactoring.includes.BindingClassifierTest" time="0.033"/>
  <testcase name="testNamespaceAlias" classname="org.eclipse.cdt.ui.tests.refactoring.includes.BindingClassifierTest" time="0.034"/>
  <testcase name="testTypedef_1" classname="org.eclipse.cdt.ui.tests.refactoring.includes.BindingClassifierTest" time="0.033"/>
  <testcase name="testTypedef_2" classname="org.eclipse.cdt.ui.tests.refactoring.includes.BindingClassifierTest" time="0.031"/>
  <testcase name="testTypedef_3" classname="org.eclipse.cdt.ui.tests.refactoring.includes.BindingClassifierTest" time="0.036"/>
  <testcase name="testFunctionReturnType_1" classname="org.eclipse.cdt.ui.tests.refactoring.includes.BindingClassifierTest" time="0.031"/>
  <testcase name="testFunctionReturnType_2" classname="org.eclipse.cdt.ui.tests.refactoring.includes.BindingClassifierTest" time="0.034"/>
  <testcase name="testFunctionReturnType_3" classname="org.eclipse.cdt.ui.tests.refactoring.includes.BindingClassifierTest" time="0.03"/>
  <testcase name="testUsingDeclaration" classname="org.eclipse.cdt.ui.tests.refactoring.includes.BindingClassifierTest" time="0.028"/>
  <testcase name="testConstructorChainInitializer" classname="org.eclipse.cdt.ui.tests.refactoring.includes.BindingClassifierTest" time="0.031"/>
  <testcase name="testFunctionCallWithReferenceParameter" classname="org.eclipse.cdt.ui.tests.refactoring.includes.BindingClassifierTest" time="0.042"/>
  <testcase name="testVariableDeclaration" classname="org.eclipse.cdt.ui.tests.refactoring.includes.BindingClassifierTest" time="0.038"/>
  <testcase name="testFunctionCallWithPointerParameter_1" classname="org.eclipse.cdt.ui.tests.refactoring.includes.BindingClassifierTest" time="0.039"/>
  <testcase name="testFunctionCallWithPointerParameter_2" classname="org.eclipse.cdt.ui.tests.refactoring.includes.BindingClassifierTest" time="0.03"/>
  <testcase name="testSymbolToDeclareIsDefinedInIncludedHeader" classname="org.eclipse.cdt.ui.tests.refactoring.includes.IncludeOrganizerTest" time="0.161"/>
  <testcase name="testVariableReference" classname="org.eclipse.cdt.ui.tests.refactoring.includes.IncludeOrganizerTest" time="0.047"/>
  <testcase name="testMethodCall_488349" classname="org.eclipse.cdt.ui.tests.refactoring.includes.IncludeOrganizerTest" time="0.059"/>
  <testcase name="testHeaderExport" classname="org.eclipse.cdt.ui.tests.refactoring.includes.IncludeOrganizerTest" time="0.062"/>
  <testcase name="testIndirectHeaderExport" classname="org.eclipse.cdt.ui.tests.refactoring.includes.IncludeOrganizerTest" time="0.063"/>
  <testcase name="testMacro" classname="org.eclipse.cdt.ui.tests.refactoring.includes.IncludeOrganizerTest" time="0.037"/>
  <testcase name="testExportedSymbol" classname="org.eclipse.cdt.ui.tests.refactoring.includes.IncludeOrganizerTest" time="0.045"/>
  <testcase name="testForwardDeclarations" classname="org.eclipse.cdt.ui.tests.refactoring.includes.IncludeOrganizerTest" time="0.11"/>
  <testcase name="testPrivateHeaders" classname="org.eclipse.cdt.ui.tests.refactoring.includes.IncludeOrganizerTest" time="0.055"/>
  <testcase name="testExistingIncludes" classname="org.eclipse.cdt.ui.tests.refactoring.includes.IncludeOrganizerTest" time="0.046"/>
  <testcase name="testFieldAccess_442841" classname="org.eclipse.cdt.ui.tests.refactoring.includes.IncludeOrganizerTest" time="0.042"/>
  <testcase name="testIncludeGuards" classname="org.eclipse.cdt.ui.tests.refactoring.includes.IncludeOrganizerTest" time="0.04"/>
  <testcase name="testNoExistingIncludes" classname="org.eclipse.cdt.ui.tests.refactoring.includes.IncludeOrganizerTest" time="0.048"/>
  <testcase name="testExistingPartnerIncludeIsNotRemoved" classname="org.eclipse.cdt.ui.tests.refactoring.includes.IncludeOrganizerTest" time="0.039"/>
  <testcase name="testPartnerInclusion" classname="org.eclipse.cdt.ui.tests.refactoring.includes.IncludeOrganizerTest" time="0.053"/>
  <testcase name="testPragmaKeep" classname="org.eclipse.cdt.ui.tests.refactoring.includes.IncludeOrganizerTest" time="0.053"/>
  <testcase name="testPragmaOnce" classname="org.eclipse.cdt.ui.tests.refactoring.includes.IncludeOrganizerTest" time="0.096"/>
  <testcase name="testMethodDefinedInHeader" classname="org.eclipse.cdt.ui.tests.refactoring.includes.IncludeOrganizerTest" time="0.065"/>
  <testcase name="testExistingIncludesNoReordering" classname="org.eclipse.cdt.ui.tests.refactoring.includes.IncludeOrganizerTest" time="0.052"/>
  <testcase name="testGetMatchingFunctions" classname="org.eclipse.cdt.ui.tests.chelp.CHelpTest" time="0.001"/>
  <testcase name="testCHelpBookDescriptors" classname="org.eclipse.cdt.ui.tests.chelp.CHelpTest" time="0.07"/>
  <testcase name="testGetHelpResources" classname="org.eclipse.cdt.ui.tests.chelp.CHelpTest" time="0.001"/>
  <testcase name="testGetFunctionInfo" classname="org.eclipse.cdt.ui.tests.chelp.CHelpTest" time="0"/>
  <testcase name="testCHelpProviderManagerGeneral" classname="org.eclipse.cdt.ui.tests.chelp.CHelpTest" time="0.07"/>
  <testcase name="testEmptyName" classname="org.eclipse.cdt.ui.tests.wizards.classwizard.ClassWizardNameTest" time="0.344"/>
  <testcase name="testAllowedCharacters" classname="org.eclipse.cdt.ui.tests.wizards.classwizard.ClassWizardNameTest" time="0.001"/>
  <testcase name="testStandardKeyword" classname="org.eclipse.cdt.ui.tests.wizards.classwizard.ClassWizardNameTest" time="0.001"/>
  <testcase name="testFirstCharacter" classname="org.eclipse.cdt.ui.tests.wizards.classwizard.ClassWizardNameTest" time="0.003"/>
  <testcase name="testNotValid" classname="org.eclipse.cdt.ui.tests.wizards.settingswizards.SettingsImportExportTest" time="0.382"/>
  <testcase name="testNormalExportImport" classname="org.eclipse.cdt.ui.tests.wizards.settingswizards.SettingsImportExportTest" time="0.239"/>
  <testcase name="testImage" classname="org.eclipse.cdt.ui.tests.misc.CDTSharedImagesTests" time="0"/>
  <testcase name="testVerifyFields" classname="org.eclipse.cdt.ui.tests.misc.CDTSharedImagesTests" time="0.002"/>
  <testcase name="testOverlays" classname="org.eclipse.cdt.ui.tests.misc.CDTSharedImagesTests" time="0.003"/>
  <testcase name="testNoImage" classname="org.eclipse.cdt.ui.tests.misc.CDTSharedImagesTests" time="0.006"/>
  <testcase name="testConcurrentExceptionInLanguageVerifier" classname="org.eclipse.cdt.ui.tests.misc.LanguageVerifierTests" time="0.002"/>
  <testcase name="testFilesWithSameNameInSubdirectory_421544" classname="org.eclipse.cdt.ui.tests.editor.SourceHeaderPartnerFinderTest" time="0.064"/>
  <testcase name="testSharedDefaults" classname="org.eclipse.cdt.ui.tests.templateengine.TestTemplateEngine" time="0.431"/>
  <testcase name="testSingleton" classname="org.eclipse.cdt.ui.tests.templateengine.TestTemplateEngine" time="0"/>
  <testcase name="testPersistTrueIDs" classname="org.eclipse.cdt.ui.tests.templateengine.TestTemplateCore" time="0.013"/>
  <testcase name="testGetAllMissingMacrosInProcesses" classname="org.eclipse.cdt.ui.tests.templateengine.TestTemplateCore" time="0.001"/>
  <testcase name="testValueStoreNotNull" classname="org.eclipse.cdt.ui.tests.templateengine.TestTemplateCore" time="0.001"/>
  <testcase name="testCompareValueStoreWithTemplateDefaluts" classname="org.eclipse.cdt.ui.tests.templateengine.TestValueStore" time="0"/>
  <testcase name="testValueStoreNotNull" classname="org.eclipse.cdt.ui.tests.templateengine.TestValueStore" time="0"/>
  <testcase name="testDeleteBackEndStorage" classname="org.eclipse.cdt.ui.tests.templateengine.TestSharedDefaults" time="0.005"/>
  <testcase name="testAddToBackEndStorage" classname="org.eclipse.cdt.ui.tests.templateengine.TestSharedDefaults" time="0.002"/>
  <testcase name="testUpdateToBackEndStorage" classname="org.eclipse.cdt.ui.tests.templateengine.TestSharedDefaults" time="0.004"/>
  <testcase name="testAddFile" classname="org.eclipse.cdt.ui.tests.templateengine.TestProcesses" time="0.041"/>
  <testcase name="testAddLink" classname="org.eclipse.cdt.ui.tests.templateengine.TestProcesses" time="0.033"/>
  <testcase name="testCreateResourceIdentifier" classname="org.eclipse.cdt.ui.tests.templateengine.TestProcesses" time="0.029"/>
  <testcase name="testCopy" classname="org.eclipse.cdt.ui.tests.templateengine.TestProcesses" time="0.033"/>
  <testcase name="testAddFiles" classname="org.eclipse.cdt.ui.tests.templateengine.TestProcesses" time="0.021"/>
  <testcase name="testAppend" classname="org.eclipse.cdt.ui.tests.templateengine.TestProcesses" time="0.223"/>
  <testcase name="testCreateSourceFolder" classname="org.eclipse.cdt.ui.tests.templateengine.TestProcesses" time="0.07"/>
  <testcase name="testAppendCreate" classname="org.eclipse.cdt.ui.tests.templateengine.TestProcesses" time="0.034"/>
  <testcase name="testBug215283" classname="org.eclipse.cdt.ui.tests.templateengine.TestTemplateEngineBugs" time="0.001"/>
</testsuite>