<?xml version="1.0" encoding="UTF-8"?>
<testsuite name="org.eclipse.cdt.cmake.ui.internal.tests.AutomatedIntegrationSuite" time="8.942" tests="1" errors="1" skipped="0" failures="0">
  <properties>
    <property name="java.vendor" value="Oracle Corporation"/>
    <property name="osgi.bundles.defaultStartLevel" value="4"/>
    <property name="sun.java.launcher" value="SUN_STANDARD"/>
    <property name="org.osgi.supports.framework.extension" value="true"/>
    <property name="sun.management.compiler" value="HotSpot Tiered Compilers"/>
    <property name="os.name" value="Linux"/>
    <property name="sun.boot.class.path" value="/usr/lib/jvm/java-8-openjdk-i386/jre/lib/resources.jar:/usr/lib/jvm/java-8-openjdk-i386/jre/lib/rt.jar:/usr/lib/jvm/java-8-openjdk-i386/jre/lib/sunrsasign.jar:/usr/lib/jvm/java-8-openjdk-i386/jre/lib/jsse.jar:/usr/lib/jvm/java-8-openjdk-i386/jre/lib/jce.jar:/usr/lib/jvm/java-8-openjdk-i386/jre/lib/charsets.jar:/usr/lib/jvm/java-8-openjdk-i386/jre/lib/jfr.jar:/usr/lib/jvm/java-8-openjdk-i386/jre/classes"/>
    <property name="osgi.ws" value="gtk"/>
    <property name="sun.desktop" value="gnome"/>
    <property name="java.vm.specification.vendor" value="Oracle Corporation"/>
    <property name="java.runtime.version" value="1.8.0_45-internal-b14"/>
    <property name="osgi.instance.area" value="file:/home/mengjingshi/Documents/workspace/org.eclipse.cdt/build/org.eclipse.cdt.cmake.ui.tests/target/work/data/"/>
    <property name="org.osgi.framework.uuid" value="a7033b8a-5db9-4e32-8261-7e0f2fb3424c"/>
    <property name="osgi.noShutdown" value="false"/>
    <property name="user.name" value="mengjingshi"/>
    <property name="org.osgi.framework.system.packages" value="javax.accessibility,javax.activation,javax.activity,javax.annotation,javax.annotation.processing,javax.crypto,javax.crypto.interfaces,javax.crypto.spec,javax.imageio,javax.imageio.event,javax.imageio.metadata,javax.imageio.plugins.bmp,javax.imageio.plugins.jpeg,javax.imageio.spi,javax.imageio.stream,javax.jws,javax.jws.soap,javax.lang.model,javax.lang.model.element,javax.lang.model.type,javax.lang.model.util,javax.management,javax.management.loading,javax.management.modelmbean,javax.management.monitor,javax.management.openmbean,javax.management.relation,javax.management.remote,javax.management.remote.rmi,javax.management.timer,javax.naming,javax.naming.directory,javax.naming.event,javax.naming.ldap,javax.naming.spi,javax.net,javax.net.ssl,javax.print,javax.print.attribute,javax.print.attribute.standard,javax.print.event,javax.rmi,javax.rmi.CORBA,javax.rmi.ssl,javax.script,javax.security.auth,javax.security.auth.callback,javax.security.auth.kerberos,javax.security.auth.login,javax.security.auth.spi,javax.security.auth.x500,javax.security.cert,javax.security.sasl,javax.sound.midi,javax.sound.midi.spi,javax.sound.sampled,javax.sound.sampled.spi,javax.sql,javax.sql.rowset,javax.sql.rowset.serial,javax.sql.rowset.spi,javax.swing,javax.swing.border,javax.swing.colorchooser,javax.swing.event,javax.swing.filechooser,javax.swing.plaf,javax.swing.plaf.basic,javax.swing.plaf.metal,javax.swing.plaf.multi,javax.swing.plaf.nimbus,javax.swing.plaf.synth,javax.swing.table,javax.swing.text,javax.swing.text.html,javax.swing.text.html.parser,javax.swing.text.rtf,javax.swing.tree,javax.swing.undo,javax.tools,javax.transaction,javax.transaction.xa,javax.xml,javax.xml.bind,javax.xml.bind.annotation,javax.xml.bind.annotation.adapters,javax.xml.bind.attachment,javax.xml.bind.helpers,javax.xml.bind.util,javax.xml.crypto,javax.xml.crypto.dom,javax.xml.crypto.dsig,javax.xml.crypto.dsig.dom,javax.xml.crypto.dsig.keyinfo,javax.xml.crypto.dsig.spec,javax.xml.datatype,javax.xml.namespace,javax.xml.parsers,javax.xml.soap,javax.xml.stream,javax.xml.stream.events,javax.xml.stream.util,javax.xml.transform,javax.xml.transform.dom,javax.xml.transform.sax,javax.xml.transform.stax,javax.xml.transform.stream,javax.xml.validation,javax.xml.ws,javax.xml.ws.handler,javax.xml.ws.handler.soap,javax.xml.ws.http,javax.xml.ws.soap,javax.xml.ws.spi,javax.xml.ws.spi.http,javax.xml.ws.wsaddressing,javax.xml.xpath,org.ietf.jgss,org.omg.CORBA,org.omg.CORBA_2_3,org.omg.CORBA_2_3.portable,org.omg.CORBA.DynAnyPackage,org.omg.CORBA.ORBPackage,org.omg.CORBA.portable,org.omg.CORBA.TypeCodePackage,org.omg.CosNaming,org.omg.CosNaming.NamingContextExtPackage,org.omg.CosNaming.NamingContextPackage,org.omg.Dynamic,org.omg.DynamicAny,org.omg.DynamicAny.DynAnyFactoryPackage,org.omg.DynamicAny.DynAnyPackage,org.omg.IOP,org.omg.IOP.CodecFactoryPackage,org.omg.IOP.CodecPackage,org.omg.Messaging,org.omg.PortableInterceptor,org.omg.PortableInterceptor.ORBInitInfoPackage,org.omg.PortableServer,org.omg.PortableServer.CurrentPackage,org.omg.PortableServer.POAManagerPackage,org.omg.PortableServer.POAPackage,org.omg.PortableServer.portable,org.omg.PortableServer.ServantLocatorPackage,org.omg.SendingContext,org.omg.stub.java.rmi,org.w3c.dom,org.w3c.dom.bootstrap,org.w3c.dom.css,org.w3c.dom.events,org.w3c.dom.html,org.w3c.dom.ls,org.w3c.dom.ranges,org.w3c.dom.stylesheets,org.w3c.dom.traversal,org.w3c.dom.views,org.w3c.dom.xpath,org.xml.sax,org.xml.sax.ext,org.xml.sax.helpers"/>
    <property name="org.eclipse.swt.internal.deviceZoom" value="100"/>
    <property name="equinox.use.ds" value="true"/>
    <property name="org.osgi.framework.language" value="zh"/>
    <property name="org.eclipse.swt.internal.webkitgtk.version" value="2.4.8"/>
    <property name="user.language" value="zh"/>
    <property name="org.osgi.framework.processor" value="x86"/>
    <property name="osgi.syspath" value="/home/mengjingshi/.m2/repository/p2/osgi/bundle/org.eclipse.osgi/3.12.50.v20170928-1321"/>
    <property name="org.eclipse.swt.internal.gtk.theme" value="Ambiance"/>
    <property name="osgi.compatibility.bootdelegation.default" value="true"/>
    <property name="sun.boot.library.path" value="/usr/lib/jvm/java-8-openjdk-i386/jre/lib/i386"/>
    <property name="org.osgi.framework.system.capabilities" value="osgi.ee; osgi.ee=&quot;OSGi/Minimum&quot;; version:List&lt;Version&gt;=&quot;1.0, 1.1, 1.2&quot;,osgi.ee; osgi.ee=&quot;JRE&quot;; version:List&lt;Version&gt;=&quot;1.0, 1.1&quot;,osgi.ee; osgi.ee=&quot;JavaSE&quot;; version:List&lt;Version&gt;=&quot;1.0, 1.1, 1.2, 1.3, 1.4, 1.5, 1.6, 1.7, 1.8&quot;,osgi.ee; osgi.ee=&quot;JavaSE/compact1&quot;; version:List&lt;Version&gt;=&quot;1.8&quot;,osgi.ee; osgi.ee=&quot;JavaSE/compact2&quot;; version:List&lt;Version&gt;=&quot;1.8&quot;,osgi.ee; osgi.ee=&quot;JavaSE/compact3&quot;; version:List&lt;Version&gt;=&quot;1.8&quot;"/>
    <property name="osgi.compatibility.bootdelegation" value="true"/>
    <property name="java.version" value="1.8.0_45-internal"/>
    <property name="org.osgi.framework.os.name" value="Linux"/>
    <property name="user.timezone" value="Asia/Shanghai"/>
    <property name="sun.arch.data.model" value="32"/>
    <property name="osgi.bundles" value="reference:file:/home/mengjingshi/.m2/repository/p2/osgi/bundle/com.google.gson/2.7.0.v20170129-0911/com.google.gson-2.7.0.v20170129-0911.jar,reference:file:/home/mengjingshi/.m2/repository/p2/osgi/bundle/com.jcraft.jsch/0.1.54.v20170116-1932/com.jcraft.jsch-0.1.54.v20170116-1932.jar,reference:file:/home/mengjingshi/.m2/repository/p2/osgi/bundle/com.sun.el/2.2.0.v201303151357/com.sun.el-2.2.0.v201303151357.jar,reference:file:/home/mengjingshi/.m2/repository/p2/osgi/bundle/javax.el/2.2.0.v201303151357/javax.el-2.2.0.v201303151357.jar,reference:file:/home/mengjingshi/.m2/repository/p2/osgi/bundle/javax.servlet/3.1.0.v201410161800/javax.servlet-3.1.0.v201410161800.jar,reference:file:/home/mengjingshi/.m2/repository/p2/osgi/bundle/javax.annotation/1.2.0.v201602091430/javax.annotation-1.2.0.v201602091430.jar,reference:file:/home/mengjingshi/.m2/repository/p2/osgi/bundle/javax.servlet.jsp/2.2.0.v201112011158/javax.servlet.jsp-2.2.0.v201112011158.jar,reference:file:/home/mengjingshi/Documents/workspace/org.eclipse.cdt/build/org.eclipse.cdt.cmake.ui.tests/target/work/plugins/org.apache.ant_1.10.1.v20170504-0840,reference:file:/home/mengjingshi/.m2/repository/p2/osgi/bundle/org.apache.batik.css/1.8.0.v20170214-1941/org.apache.batik.css-1.8.0.v20170214-1941.jar,reference:file:/home/mengjingshi/.m2/repository/p2/osgi/bundle/org.apache.batik.util/1.8.0.v20170214-1941/org.apache.batik.util-1.8.0.v20170214-1941.jar,reference:file:/home/mengjingshi/.m2/repository/p2/osgi/bundle/org.w3c.css.sac/1.3.1.v200903091627/org.w3c.css.sac-1.3.1.v200903091627.jar,reference:file:/home/mengjingshi/.m2/repository/p2/osgi/bundle/org.apache.batik.util.gui/1.8.0.v20170214-1941/org.apache.batik.util.gui-1.8.0.v20170214-1941.jar,reference:file:/home/mengjingshi/.m2/repository/p2/osgi/bundle/org.apache.commons.codec/1.9.0.v20170208-1614/org.apache.commons.codec-1.9.0.v20170208-1614.jar,reference:file:/home/mengjingshi/.m2/repository/p2/osgi/bundle/org.apache.felix.gogo.command/0.10.0.v201209301215/org.apache.felix.gogo.command-0.10.0.v201209301215.jar,reference:file:/home/mengjingshi/.m2/repository/p2/osgi/bundle/org.apache.felix.gogo.runtime/0.10.0.v201209301036/org.apache.felix.gogo.runtime-0.10.0.v201209301036.jar,reference:file:/home/mengjingshi/.m2/repository/p2/osgi/bundle/org.eclipse.osgi.services/3.6.0.v20170228-1906/org.eclipse.osgi.services-3.6.0.v20170228-1906.jar,reference:file:/home/mengjingshi/.m2/repository/p2/osgi/bundle/org.apache.felix.gogo.shell/0.10.0.v201212101605/org.apache.felix.gogo.shell-0.10.0.v201212101605.jar,reference:file:/home/mengjingshi/.m2/repository/p2/osgi/bundle/org.apache.felix.scr/2.0.10.v20170501-2007/org.apache.felix.scr-2.0.10.v20170501-2007.jar,reference:file:/home/mengjingshi/.m2/repository/p2/osgi/bundle/org.eclipse.osgi.util/3.4.0.v20170111-1608/org.eclipse.osgi.util-3.4.0.v20170111-1608.jar,reference:file:/home/mengjingshi/.m2/repository/p2/osgi/bundle/org.apache.httpcomponents.httpclient/4.5.2.v20170210-0925/org.apache.httpcomponents.httpclient-4.5.2.v20170210-0925.jar,reference:file:/home/mengjingshi/.m2/repository/p2/osgi/bundle/org.apache.httpcomponents.httpcore/4.4.6.v20170210-0925/org.apache.httpcomponents.httpcore-4.4.6.v20170210-0925.jar,reference:file:/home/mengjingshi/.m2/repository/p2/osgi/bundle/org.apache.commons.logging/1.1.1.v201101211721/org.apache.commons.logging-1.1.1.v201101211721.jar,reference:file:/home/mengjingshi/.m2/repository/p2/osgi/bundle/org.apache.jasper.glassfish/2.2.2.v201501141630/org.apache.jasper.glassfish-2.2.2.v201501141630.jar,reference:file:/home/mengjingshi/.m2/repository/p2/osgi/bundle/org.apache.lucene.analyzers-common/6.1.0.v20161115-1612/org.apache.lucene.analyzers-common-6.1.0.v20161115-1612.jar,reference:file:/home/mengjingshi/.m2/repository/p2/osgi/bundle/org.apache.lucene.misc/6.1.0.v20161115-1612/org.apache.lucene.misc-6.1.0.v20161115-1612.jar,reference:file:/home/mengjingshi/.m2/repository/p2/osgi/bundle/org.apache.lucene.core/6.1.0.v20170814-1820/org.apache.lucene.core-6.1.0.v20170814-1820.jar,reference:file:/home/mengjingshi/.m2/repository/p2/osgi/bundle/org.apache.lucene.analyzers-smartcn/6.1.0.v20161115-1612/org.apache.lucene.analyzers-smartcn-6.1.0.v20161115-1612.jar,reference:file:/home/mengjingshi/.m2/repository/p2/osgi/bundle/org.eclipse.ant.core/3.5.0.v20170509-2149/org.eclipse.ant.core-3.5.0.v20170509-2149.jar,reference:file:/home/mengjingshi/.m2/repository/p2/osgi/bundle/org.eclipse.core.variables/3.4.0.v20170113-2056/org.eclipse.core.variables-3.4.0.v20170113-2056.jar,reference:file:/home/mengjingshi/.m2/repository/p2/osgi/bundle/org.eclipse.core.runtime/3.13.0.v20170207-1030/org.eclipse.core.runtime-3.13.0.v20170207-1030.jar@4:start,reference:file:/home/mengjingshi/Documents/workspace/org.eclipse.cdt/releng/org.eclipse.cdt/target/org.eclipse.cdt-9.3.0-SNAPSHOT.jar,reference:file:/home/mengjingshi/.m2/repository/p2/osgi/bundle/org.eclipse.ui.intro/3.5.100.v20170418-0710/org.eclipse.ui.intro-3.5.100.v20170418-0710.jar,reference:file:/home/mengjingshi/.m2/repository/p2/osgi/bundle/org.eclipse.ui.cheatsheets/3.5.100.v20170515-0748/org.eclipse.ui.cheatsheets-3.5.100.v20170515-0748.jar,reference:file:/home/mengjingshi/Documents/workspace/org.eclipse.cdt/build/org.eclipse.cdt.build.gcc.core/target/org.eclipse.cdt.build.gcc.core-1.0.0-SNAPSHOT.jar,reference:file:/home/mengjingshi/.m2/repository/p2/osgi/bundle/org.eclipse.core.resources/3.12.0.v20170417-1558/org.eclipse.core.resources-3.12.0.v20170417-1558.jar,reference:file:/home/mengjingshi/Documents/workspace/org.eclipse.cdt/core/org.eclipse.cdt.core/target/org.eclipse.cdt.core-6.4.0-SNAPSHOT.jar,reference:file:/home/mengjingshi/Documents/workspace/org.eclipse.cdt/build/org.eclipse.cdt.build.gcc.ui/target/org.eclipse.cdt.build.gcc.ui-1.0.0-SNAPSHOT.jar,reference:file:/home/mengjingshi/.m2/repository/p2/osgi/bundle/org.eclipse.ui/3.109.0.v20170411-1742/org.eclipse.ui-3.109.0.v20170411-1742.jar,reference:file:/home/mengjingshi/Documents/workspace/org.eclipse.cdt/core/org.eclipse.cdt.ui/target/org.eclipse.cdt.ui-6.3.0-SNAPSHOT.jar,reference:file:/home/mengjingshi/Documents/workspace/org.eclipse.cdt/build/org.eclipse.cdt.cmake.core/target/org.eclipse.cdt.cmake.core-1.2.0-SNAPSHOT.jar,reference:file:/home/mengjingshi/.m2/repository/p2/osgi/bundle/org.eclipse.debug.core/3.11.0.v20170605-1534/org.eclipse.debug.core-3.11.0.v20170605-1534.jar,reference:file:/home/mengjingshi/.m2/repository/p2/osgi/bundle/org.eclipse.launchbar.core/2.2.0.201801181300/org.eclipse.launchbar.core-2.2.0.201801181300.jar,reference:file:/home/mengjingshi/.m2/repository/p2/osgi/bundle/org.eclipse.tools.templates.freemarker/1.0.0.201801130217/org.eclipse.tools.templates.freemarker-1.0.0.201801130217.jar,reference:file:/home/mengjingshi/Documents/workspace/org.eclipse.cdt/build/org.eclipse.cdt.cmake.ui/target/org.eclipse.cdt.cmake.ui-1.2.0-SNAPSHOT.jar,reference:file:/home/mengjingshi/.m2/repository/p2/osgi/bundle/org.eclipse.ui.ide/3.13.1.v20170822-1526/org.eclipse.ui.ide-3.13.1.v20170822-1526.jar,reference:file:/home/mengjingshi/.m2/repository/p2/osgi/bundle/org.eclipse.tools.templates.ui/1.1.1.201801130217/org.eclipse.tools.templates.ui-1.1.1.201801130217.jar,reference:file:/home/mengjingshi/.m2/repository/p2/osgi/bundle/org.eclipse.debug.ui/3.12.50.v20170920-1329/org.eclipse.debug.ui-3.12.50.v20170920-1329.jar,reference:file:/home/mengjingshi/Documents/workspace/org.eclipse.cdt/launch/org.eclipse.cdt.launch/target/org.eclipse.cdt.launch-9.2.0-SNAPSHOT.jar,reference:file:/home/mengjingshi/Documents/workspace/org.eclipse.cdt/debug/org.eclipse.cdt.debug.core/target/org.eclipse.cdt.debug.core-8.3.0-SNAPSHOT.jar,reference:file:/home/mengjingshi/Documents/workspace/org.eclipse.cdt/build/org.eclipse.cdt.cmake.ui.tests,reference:file:/home/mengjingshi/.m2/repository/p2/osgi/bundle/org.eclipse.swtbot.go/2.7.0.201801161750/org.eclipse.swtbot.go-2.7.0.201801161750.jar,reference:file:/home/mengjingshi/Documents/workspace/org.eclipse.cdt/codan/org.eclipse.cdt.codan.checkers/target/org.eclipse.cdt.codan.checkers-3.2.0-SNAPSHOT.jar,reference:file:/home/mengjingshi/Documents/workspace/org.eclipse.cdt/codan/org.eclipse.cdt.codan.core/target/org.eclipse.cdt.codan.core-4.0.0-SNAPSHOT.jar,reference:file:/home/mengjingshi/Documents/workspace/org.eclipse.cdt/codan/org.eclipse.cdt.codan.core.cxx/target/org.eclipse.cdt.codan.core.cxx-3.4.0-SNAPSHOT.jar,reference:file:/home/mengjingshi/Documents/workspace/org.eclipse.cdt/codan/org.eclipse.cdt.codan.checkers.ui/target/org.eclipse.cdt.codan.checkers.ui-3.2.1-SNAPSHOT.jar,reference:file:/home/mengjingshi/Documents/workspace/org.eclipse.cdt/codan/org.eclipse.cdt.codan.ui.cxx/target/org.eclipse.cdt.codan.ui.cxx-3.3.0-SNAPSHOT.jar,reference:file:/home/mengjingshi/.m2/repository/p2/osgi/bundle/org.eclipse.jface.text/3.12.1.v20171114-1359/org.eclipse.jface.text-3.12.1.v20171114-1359.jar,reference:file:/home/mengjingshi/.m2/repository/p2/osgi/bundle/org.eclipse.ltk.core.refactoring/3.8.0.v20170105-1156/org.eclipse.ltk.core.refactoring-3.8.0.v20170105-1156.jar,reference:file:/home/mengjingshi/.m2/repository/p2/osgi/bundle/org.eclipse.core.filesystem/1.7.0.v20170406-1337/org.eclipse.core.filesystem-1.7.0.v20170406-1337.jar,reference:file:/home/mengjingshi/Documents/workspace/org.eclipse.cdt/codan/org.eclipse.cdt.codan.ui/target/org.eclipse.cdt.codan.ui-3.3.0-SNAPSHOT.jar,reference:file:/home/mengjingshi/.m2/repository/p2/osgi/bundle/org.eclipse.ui.console/3.7.1.v20170728-0806/org.eclipse.ui.console-3.7.1.v20170728-0806.jar,reference:file:/home/mengjingshi/.m2/repository/p2/osgi/bundle/org.eclipse.ui.editors/3.11.0.v20170202-1823/org.eclipse.ui.editors-3.11.0.v20170202-1823.jar,reference:file:/home/mengjingshi/.m2/repository/p2/osgi/bundle/org.eclipse.ui.workbench.texteditor/3.10.100.v20170426-2021/org.eclipse.ui.workbench.texteditor-3.10.100.v20170426-2021.jar,reference:file:/home/mengjingshi/Documents/workspace/org.eclipse.cdt/core/org.eclipse.cdt.core.native/target/org.eclipse.cdt.core.native-5.10.0-SNAPSHOT.jar,reference:file:/home/mengjingshi/.m2/repository/p2/osgi/bundle/org.eclipse.core.contenttype/3.6.0.v20170207-1037/org.eclipse.core.contenttype-3.6.0.v20170207-1037.jar,reference:file:/home/mengjingshi/.m2/repository/p2/osgi/bundle/org.eclipse.core.expressions/3.6.0.v20170207-1037/org.eclipse.core.expressions-3.6.0.v20170207-1037.jar,reference:file:/home/mengjingshi/.m2/repository/p2/osgi/bundle/org.eclipse.core.filebuffers/3.6.100.v20170203-1130/org.eclipse.core.filebuffers-3.6.100.v20170203-1130.jar,reference:file:/home/mengjingshi/.m2/repository/p2/osgi/bundle/org.eclipse.text/3.6.100.v20170203-0814/org.eclipse.text-3.6.100.v20170203-0814.jar,reference:file:/home/mengjingshi/.m2/repository/p2/osgi/bundle/com.ibm.icu/58.2.0.v20170418-1837/com.ibm.icu-58.2.0.v20170418-1837.jar,reference:file:/home/mengjingshi/Documents/workspace/org.eclipse.cdt/core/org.eclipse.cdt.core.linux/target/org.eclipse.cdt.core.linux-5.3.0-SNAPSHOT.jar,reference:file:/home/mengjingshi/Documents/workspace/org.eclipse.cdt/core/org.eclipse.cdt.core.linux.x86/target/org.eclipse.cdt.core.linux.x86-5.3.0-SNAPSHOT.jar,reference:file:/home/mengjingshi/Documents/workspace/org.eclipse.cdt/debug/org.eclipse.cdt.debug.ui/target/org.eclipse.cdt.debug.ui-8.3.0-SNAPSHOT.jar,reference:file:/home/mengjingshi/.m2/repository/p2/osgi/bundle/org.eclipse.ui.views/3.9.0.v20170226-1833/org.eclipse.ui.views-3.9.0.v20170226-1833.jar,reference:file:/home/mengjingshi/.m2/repository/p2/osgi/bundle/org.eclipse.launchbar.ui/2.2.0.201801181300/org.eclipse.launchbar.ui-2.2.0.201801181300.jar,reference:file:/home/mengjingshi/Documents/workspace/org.eclipse.cdt/doc/org.eclipse.cdt.doc.user/target/org.eclipse.cdt.doc.user-5.4.0-SNAPSHOT.jar,reference:file:/home/mengjingshi/.m2/repository/p2/osgi/bundle/org.eclipse.help/3.8.1.v20170815-1448/org.eclipse.help-3.8.1.v20170815-1448.jar,reference:file:/home/mengjingshi/.m2/repository/p2/osgi/bundle/org.eclipse.ui.intro.universal/3.3.100.v20170515-1335/org.eclipse.ui.intro.universal-3.3.100.v20170515-1335.jar,reference:file:/home/mengjingshi/Documents/workspace/org.eclipse.cdt/dsf/org.eclipse.cdt.dsf/target/org.eclipse.cdt.dsf-2.8.0-SNAPSHOT.jar,reference:file:/home/mengjingshi/Documents/workspace/org.eclipse.cdt/dsf-gdb/org.eclipse.cdt.dsf.gdb/target/org.eclipse.cdt.dsf.gdb-5.4.0-SNAPSHOT.jar,reference:file:/home/mengjingshi/Documents/workspace/org.eclipse.cdt/debug/org.eclipse.cdt.gdb/target/org.eclipse.cdt.gdb-7.0.0-SNAPSHOT.jar,reference:file:/home/mengjingshi/Documents/workspace/org.eclipse.cdt/dsf-gdb/org.eclipse.cdt.dsf.gdb.ui/target/org.eclipse.cdt.dsf.gdb.ui-2.6.0-SNAPSHOT.jar,reference:file:/home/mengjingshi/Documents/workspace/org.eclipse.cdt/dsf/org.eclipse.cdt.dsf.ui/target/org.eclipse.cdt.dsf.ui-2.5.0-SNAPSHOT.jar,reference:file:/home/mengjingshi/.m2/repository/p2/osgi/bundle/org.eclipse.tm.terminal.control/4.4.0.201801212237/org.eclipse.tm.terminal.control-4.4.0.201801212237.jar,reference:file:/home/mengjingshi/Documents/workspace/org.eclipse.cdt/debug/org.eclipse.cdt.gdb.ui/target/org.eclipse.cdt.gdb.ui-7.0.0-SNAPSHOT.jar,reference:file:/home/mengjingshi/Documents/workspace/org.eclipse.cdt/build/org.eclipse.cdt.managedbuilder.gnu.ui/target/org.eclipse.cdt.managedbuilder.gnu.ui-8.3.0-SNAPSHOT.jar,reference:file:/home/mengjingshi/Documents/workspace/org.eclipse.cdt/build/org.eclipse.cdt.make.core/target/org.eclipse.cdt.make.core-7.4.0-SNAPSHOT.jar,reference:file:/home/mengjingshi/.m2/repository/p2/osgi/bundle/org.eclipse.tools.templates.core/1.1.0.201801130217/org.eclipse.tools.templates.core-1.1.0.201801130217.jar,reference:file:/home/mengjingshi/Documents/workspace/org.eclipse.cdt/build/org.eclipse.cdt.make.ui/target/org.eclipse.cdt.make.ui-7.3.0-SNAPSHOT.jar,reference:file:/home/mengjingshi/.m2/repository/p2/osgi/bundle/org.eclipse.compare/3.7.101.v20170724-1603/org.eclipse.compare-3.7.101.v20170724-1603.jar,reference:file:/home/mengjingshi/Documents/workspace/org.eclipse.cdt/build/org.eclipse.cdt.managedbuilder.core/target/org.eclipse.cdt.managedbuilder.core-8.6.0-SNAPSHOT.jar,reference:file:/home/mengjingshi/Documents/workspace/org.eclipse.cdt/build/org.eclipse.cdt.managedbuilder.ui/target/org.eclipse.cdt.managedbuilder.ui-9.1.0-SNAPSHOT.jar,reference:file:/home/mengjingshi/Documents/workspace/org.eclipse.cdt/native/org.eclipse.cdt.native.serial/target/org.eclipse.cdt.native.serial-1.1.0-SNAPSHOT.jar,reference:file:/home/mengjingshi/.m2/repository/p2/osgi/bundle/org.eclipse.ltk.ui.refactoring/3.9.0.v20170412-0825/org.eclipse.ltk.ui.refactoring-3.9.0.v20170412-0825.jar,reference:file:/home/mengjingshi/.m2/repository/p2/osgi/bundle/org.eclipse.search/3.11.100.v20170515-1603/org.eclipse.search-3.11.100.v20170515-1603.jar,reference:file:/home/mengjingshi/.m2/repository/p2/osgi/bundle/org.eclipse.ui.forms/3.7.101.v20170815-1446/org.eclipse.ui.forms-3.7.101.v20170815-1446.jar,reference:file:/home/mengjingshi/.m2/repository/p2/osgi/bundle/org.eclipse.ui.navigator/3.7.0.v20170418-1342/org.eclipse.ui.navigator-3.7.0.v20170418-1342.jar,reference:file:/home/mengjingshi/.m2/repository/p2/osgi/bundle/org.eclipse.ui.navigator.resources/3.6.1.v20170823-1443/org.eclipse.ui.navigator.resources-3.6.1.v20170823-1443.jar,reference:file:/home/mengjingshi/.m2/repository/p2/osgi/bundle/org.eclipse.e4.ui.css.swt.theme/0.11.0.v20170312-2302/org.eclipse.e4.ui.css.swt.theme-0.11.0.v20170312-2302.jar,reference:file:/home/mengjingshi/.m2/repository/p2/osgi/bundle/org.eclipse.compare.core/3.6.100.v20170516-0820/org.eclipse.compare.core-3.6.100.v20170516-0820.jar,reference:file:/home/mengjingshi/.m2/repository/p2/osgi/bundle/org.eclipse.core.commands/3.9.0.v20170530-1048/org.eclipse.core.commands-3.9.0.v20170530-1048.jar,reference:file:/home/mengjingshi/.m2/repository/p2/osgi/bundle/org.eclipse.equinox.common/3.9.0.v20170207-1454/org.eclipse.equinox.common-3.9.0.v20170207-1454.jar@2:start,reference:file:/home/mengjingshi/.m2/repository/p2/osgi/bundle/org.eclipse.equinox.preferences/3.7.0.v20170126-2132/org.eclipse.equinox.preferences-3.7.0.v20170126-2132.jar,reference:file:/home/mengjingshi/.m2/repository/p2/osgi/bundle/org.eclipse.equinox.registry/3.7.0.v20170222-1344/org.eclipse.equinox.registry-3.7.0.v20170222-1344.jar,reference:file:/home/mengjingshi/.m2/repository/p2/osgi/bundle/org.eclipse.core.databinding/1.6.100.v20170515-1119/org.eclipse.core.databinding-1.6.100.v20170515-1119.jar,reference:file:/home/mengjingshi/.m2/repository/p2/osgi/bundle/org.eclipse.core.databinding.observable/1.6.100.v20170515-1119/org.eclipse.core.databinding.observable-1.6.100.v20170515-1119.jar,reference:file:/home/mengjingshi/.m2/repository/p2/osgi/bundle/org.eclipse.core.databinding.property/1.6.100.v20170515-1119/org.eclipse.core.databinding.property-1.6.100.v20170515-1119.jar,reference:file:/home/mengjingshi/.m2/repository/p2/osgi/bundle/org.eclipse.core.databinding.beans/1.4.0.v20170210-0856/org.eclipse.core.databinding.beans-1.4.0.v20170210-0856.jar,reference:file:/home/mengjingshi/.m2/repository/p2/osgi/bundle/org.eclipse.core.externaltools/1.1.0.v20170113-2056/org.eclipse.core.externaltools-1.1.0.v20170113-2056.jar,reference:file:/home/mengjingshi/.m2/repository/p2/osgi/bundle/org.eclipse.core.filesystem.linux.x86/1.4.200.v20140124-1940/org.eclipse.core.filesystem.linux.x86-1.4.200.v20140124-1940.jar,reference:file:/home/mengjingshi/.m2/repository/p2/osgi/bundle/org.eclipse.core.jobs/3.9.2.v20171030-1027/org.eclipse.core.jobs-3.9.2.v20171030-1027.jar,reference:file:/home/mengjingshi/.m2/repository/p2/osgi/bundle/org.eclipse.core.net/1.3.100.v20170516-0820/org.eclipse.core.net-1.3.100.v20170516-0820.jar,reference:file:/home/mengjingshi/.m2/repository/p2/osgi/bundle/org.eclipse.equinox.security/1.2.300.v20170505-1235/org.eclipse.equinox.security-1.2.300.v20170505-1235.jar,reference:file:/home/mengjingshi/.m2/repository/p2/osgi/bundle/org.eclipse.core.net.linux.x86/1.2.0.v20160323-1650/org.eclipse.core.net.linux.x86-1.2.0.v20160323-1650.jar,reference:file:/home/mengjingshi/.m2/repository/p2/osgi/bundle/org.eclipse.equinox.app/1.3.400.v20150715-1528/org.eclipse.equinox.app-1.3.400.v20150715-1528.jar,reference:file:/home/mengjingshi/.m2/repository/p2/osgi/bundle/org.eclipse.e4.core.commands/0.12.100.v20170513-0428/org.eclipse.e4.core.commands-0.12.100.v20170513-0428.jar,reference:file:/home/mengjingshi/.m2/repository/p2/osgi/bundle/org.eclipse.e4.core.di/1.6.100.v20170421-1418/org.eclipse.e4.core.di-1.6.100.v20170421-1418.jar,reference:file:/home/mengjingshi/.m2/repository/p2/osgi/bundle/javax.inject/1.0.0.v20091030/javax.inject-1.0.0.v20091030.jar,reference:file:/home/mengjingshi/.m2/repository/p2/osgi/bundle/org.eclipse.e4.core.contexts/1.6.0.v20170322-1144/org.eclipse.e4.core.contexts-1.6.0.v20170322-1144.jar,reference:file:/home/mengjingshi/.m2/repository/p2/osgi/bundle/org.eclipse.e4.core.services/2.1.0.v20170407-0928/org.eclipse.e4.core.services-2.1.0.v20170407-0928.jar,reference:file:/home/mengjingshi/.m2/repository/p2/osgi/bundle/org.eclipse.e4.core.di.annotations/1.6.0.v20170119-2002/org.eclipse.e4.core.di.annotations-1.6.0.v20170119-2002.jar,reference:file:/home/mengjingshi/.m2/repository/p2/osgi/bundle/org.eclipse.e4.core.di.extensions/0.15.0.v20170228-1728/org.eclipse.e4.core.di.extensions-0.15.0.v20170228-1728.jar,reference:file:/home/mengjingshi/.m2/repository/p2/osgi/bundle/org.eclipse.e4.core.di.extensions.supplier/0.15.0.v20170407-0928/org.eclipse.e4.core.di.extensions.supplier-0.15.0.v20170407-0928.jar,reference:file:/home/mengjingshi/.m2/repository/p2/osgi/bundle/org.eclipse.equinox.ds/1.5.0.v20170307-1429/org.eclipse.equinox.ds-1.5.0.v20170307-1429.jar@1:start,reference:file:/home/mengjingshi/.m2/repository/p2/osgi/bundle/org.eclipse.e4.emf.xpath/0.2.0.v20160630-0728/org.eclipse.e4.emf.xpath-0.2.0.v20160630-0728.jar,reference:file:/home/mengjingshi/.m2/repository/p2/osgi/bundle/org.apache.commons.jxpath/1.3.0.v200911051830/org.apache.commons.jxpath-1.3.0.v200911051830.jar,reference:file:/home/mengjingshi/.m2/repository/p2/osgi/bundle/org.eclipse.emf.ecore/2.13.0.v20170609-0707/org.eclipse.emf.ecore-2.13.0.v20170609-0707.jar,reference:file:/home/mengjingshi/.m2/repository/p2/osgi/bundle/org.eclipse.e4.ui.workbench.swt/0.14.101.v20170710-1119/org.eclipse.e4.ui.workbench.swt-0.14.101.v20170710-1119.jar,reference:file:/home/mengjingshi/.m2/repository/p2/osgi/bundle/org.eclipse.e4.ui.bindings/0.12.1.v20170823-1632/org.eclipse.e4.ui.bindings-0.12.1.v20170823-1632.jar,reference:file:/home/mengjingshi/.m2/repository/p2/osgi/bundle/org.eclipse.e4.ui.model.workbench/2.0.1.v20170713-1800/org.eclipse.e4.ui.model.workbench-2.0.1.v20170713-1800.jar,reference:file:/home/mengjingshi/.m2/repository/p2/osgi/bundle/org.eclipse.e4.ui.services/1.3.0.v20170307-2032/org.eclipse.e4.ui.services-1.3.0.v20170307-2032.jar,reference:file:/home/mengjingshi/.m2/repository/p2/osgi/bundle/org.eclipse.e4.ui.workbench.renderers.swt/0.14.101.v20170713-1343/org.eclipse.e4.ui.workbench.renderers.swt-0.14.101.v20170713-1343.jar,reference:file:/home/mengjingshi/.m2/repository/p2/osgi/bundle/org.eclipse.e4.ui.workbench/1.5.1.v20170815-1446/org.eclipse.e4.ui.workbench-1.5.1.v20170815-1446.jar,reference:file:/home/mengjingshi/.m2/repository/p2/osgi/bundle/org.eclipse.e4.ui.css.core/0.12.101.v20170712-1547/org.eclipse.e4.ui.css.core-0.12.101.v20170712-1547.jar,reference:file:/home/mengjingshi/.m2/repository/p2/osgi/bundle/org.eclipse.e4.ui.css.swt/0.13.1.v20170808-1940/org.eclipse.e4.ui.css.swt-0.13.1.v20170808-1940.jar,reference:file:/home/mengjingshi/.m2/repository/p2/osgi/bundle/org.w3c.dom.svg/1.1.0.v201011041433/org.w3c.dom.svg-1.1.0.v201011041433.jar,reference:file:/home/mengjingshi/.m2/repository/p2/osgi/bundle/org.w3c.dom.smil/1.0.1.v200903091627/org.w3c.dom.smil-1.0.1.v200903091627.jar,reference:file:/home/mengjingshi/.m2/repository/p2/osgi/bundle/org.w3c.dom.events/3.0.0.draft20060413_v201105210656/org.w3c.dom.events-3.0.0.draft20060413_v201105210656.jar,reference:file:/home/mengjingshi/.m2/repository/p2/osgi/bundle/org.eclipse.e4.ui.di/1.2.100.v20170414-1137/org.eclipse.e4.ui.di-1.2.100.v20170414-1137.jar,reference:file:/home/mengjingshi/.m2/repository/p2/osgi/bundle/org.eclipse.e4.ui.widgets/1.2.0.v20160630-0736/org.eclipse.e4.ui.widgets-1.2.0.v20160630-0736.jar,reference:file:/home/mengjingshi/.m2/repository/p2/osgi/bundle/org.eclipse.equinox.event/1.4.0.v20170105-1446/org.eclipse.equinox.event-1.4.0.v20170105-1446.jar,reference:file:/home/mengjingshi/.m2/repository/p2/osgi/bundle/org.eclipse.equinox.launcher/1.4.0.v20161219-1356/org.eclipse.equinox.launcher-1.4.0.v20161219-1356.jar,reference:file:/home/mengjingshi/.m2/repository/p2/osgi/bundle/org.eclipse.equinox.simpleconfigurator/1.2.0.v20170110-1705/org.eclipse.equinox.simpleconfigurator-1.2.0.v20170110-1705.jar@1:start,reference:file:/home/mengjingshi/.m2/repository/p2/osgi/bundle/org.eclipse.osgi.compatibility.state/1.1.0.v20170516-1513/org.eclipse.osgi.compatibility.state-1.1.0.v20170516-1513.jar,reference:file:/home/mengjingshi/Documents/workspace/org.eclipse.cdt/build/org.eclipse.cdt.cmake.ui.tests/target/work/plugins/org.eclipse.equinox.launcher.gtk.linux.x86_1.1.551.v20171108-1834,reference:file:/home/mengjingshi/.m2/repository/p2/osgi/bundle/org.eclipse.swt/3.106.2.v20171129-0543/org.eclipse.swt-3.106.2.v20171129-0543.jar,reference:file:/home/mengjingshi/.m2/repository/p2/osgi/bundle/org.eclipse.swt.gtk.linux.x86/3.106.2.v20171129-0543/org.eclipse.swt.gtk.linux.x86-3.106.2.v20171129-0543.jar,reference:file:/home/mengjingshi/.m2/repository/p2/osgi/bundle/org.eclipse.equinox.util/1.0.500.v20130404-1337/org.eclipse.equinox.util-1.0.500.v20130404-1337.jar,reference:file:/home/mengjingshi/.m2/repository/p2/osgi/bundle/org.eclipse.jface/3.13.2.v20171022-1656/org.eclipse.jface-3.13.2.v20171022-1656.jar,reference:file:/home/mengjingshi/.m2/repository/p2/osgi/bundle/org.eclipse.jface.databinding/1.8.100.v20170503-1507/org.eclipse.jface.databinding-1.8.100.v20170503-1507.jar,reference:file:/home/mengjingshi/.m2/repository/p2/osgi/bundle/org.eclipse.e4.ui.workbench3/0.14.0.v20160630-0740/org.eclipse.e4.ui.workbench3-0.14.0.v20160630-0740.jar,reference:file:/home/mengjingshi/.m2/repository/p2/osgi/bundle/org.eclipse.equinox.console/1.1.300.v20170512-2111/org.eclipse.equinox.console-1.1.300.v20170512-2111.jar,reference:file:/home/mengjingshi/.m2/repository/p2/osgi/bundle/org.eclipse.e4.ui.workbench.addons.swt/1.3.1.v20170319-1442/org.eclipse.e4.ui.workbench.addons.swt-1.3.1.v20170319-1442.jar,reference:file:/home/mengjingshi/.m2/repository/p2/osgi/bundle/org.eclipse.equinox.bidi/1.1.0.v20160728-1031/org.eclipse.equinox.bidi-1.1.0.v20160728-1031.jar,reference:file:/home/mengjingshi/.m2/repository/p2/osgi/bundle/org.eclipse.e4.ui.dialogs/1.1.100.v20170104-1425/org.eclipse.e4.ui.dialogs-1.1.100.v20170104-1425.jar,reference:file:/home/mengjingshi/.m2/repository/p2/osgi/bundle/org.eclipse.e4.ui.swt.gtk/1.0.200.v20170513-0428/org.eclipse.e4.ui.swt.gtk-1.0.200.v20170513-0428.jar,reference:file:/home/mengjingshi/.m2/repository/p2/osgi/bundle/org.eclipse.emf.ecore.xmi/2.13.0.v20170609-0707/org.eclipse.emf.ecore.xmi-2.13.0.v20170609-0707.jar,reference:file:/home/mengjingshi/.m2/repository/p2/osgi/bundle/org.eclipse.emf.ecore.change/2.11.0.v20170609-0707/org.eclipse.emf.ecore.change-2.11.0.v20170609-0707.jar,reference:file:/home/mengjingshi/.m2/repository/p2/osgi/bundle/org.eclipse.ecf/3.8.0.v20170104-0657/org.eclipse.ecf-3.8.0.v20170104-0657.jar,reference:file:/home/mengjingshi/.m2/repository/p2/osgi/bundle/org.eclipse.ecf.identity/3.8.0.v20161203-2153/org.eclipse.ecf.identity-3.8.0.v20161203-2153.jar,reference:file:/home/mengjingshi/.m2/repository/p2/osgi/bundle/org.eclipse.equinox.concurrent/1.1.0.v20130327-1442/org.eclipse.equinox.concurrent-1.1.0.v20130327-1442.jar,reference:file:/home/mengjingshi/.m2/repository/p2/osgi/bundle/org.eclipse.ecf.ssl/1.2.0.v20160817-1024/org.eclipse.ecf.ssl-1.2.0.v20160817-1024.jar,reference:file:/home/mengjingshi/.m2/repository/p2/osgi/bundle/org.eclipse.ecf.filetransfer/5.0.0.v20160817-1024/org.eclipse.ecf.filetransfer-5.0.0.v20160817-1024.jar,reference:file:/home/mengjingshi/.m2/repository/p2/osgi/bundle/org.eclipse.ecf.provider.filetransfer/3.2.300.v20161203-1840/org.eclipse.ecf.provider.filetransfer-3.2.300.v20161203-1840.jar,reference:file:/home/mengjingshi/.m2/repository/p2/osgi/bundle/org.eclipse.ecf.provider.filetransfer.httpclient4/1.1.200.v20170314-0133/org.eclipse.ecf.provider.filetransfer.httpclient4-1.1.200.v20170314-0133.jar,reference:file:/home/mengjingshi/.m2/repository/p2/osgi/bundle/org.eclipse.ecf.provider.filetransfer.httpclient4.ssl/1.1.0.v20160817-1024/org.eclipse.ecf.provider.filetransfer.httpclient4.ssl-1.1.0.v20160817-1024.jar,reference:file:/home/mengjingshi/.m2/repository/p2/osgi/bundle/org.eclipse.ecf.provider.filetransfer.ssl/1.0.0.v20160817-1024/org.eclipse.ecf.provider.filetransfer.ssl-1.0.0.v20160817-1024.jar,reference:file:/home/mengjingshi/.m2/repository/p2/osgi/bundle/org.eclipse.emf.common/2.13.0.v20170609-0707/org.eclipse.emf.common-2.13.0.v20170609-0707.jar,reference:file:/home/mengjingshi/.m2/repository/p2/osgi/bundle/org.eclipse.equinox.frameworkadmin/2.0.300.v20160504-1450/org.eclipse.equinox.frameworkadmin-2.0.300.v20160504-1450.jar,reference:file:/home/mengjingshi/.m2/repository/p2/osgi/bundle/org.eclipse.equinox.frameworkadmin.equinox/1.0.800.v20170524-1345/org.eclipse.equinox.frameworkadmin.equinox-1.0.800.v20170524-1345.jar,reference:file:/home/mengjingshi/.m2/repository/p2/osgi/bundle/org.eclipse.equinox.http.jetty/3.4.0.v20170503-2025/org.eclipse.equinox.http.jetty-3.4.0.v20170503-2025.jar,reference:file:/home/mengjingshi/.m2/repository/p2/osgi/bundle/org.eclipse.equinox.http.servlet/1.4.0.v20170524-1452/org.eclipse.equinox.http.servlet-1.4.0.v20170524-1452.jar,reference:file:/home/mengjingshi/.m2/repository/p2/osgi/bundle/org.eclipse.jetty.http/9.4.7.v20170914/org.eclipse.jetty.http-9.4.7.v20170914.jar,reference:file:/home/mengjingshi/.m2/repository/p2/osgi/bundle/org.eclipse.jetty.server/9.4.7.v20170914/org.eclipse.jetty.server-9.4.7.v20170914.jar,reference:file:/home/mengjingshi/.m2/repository/p2/osgi/bundle/org.eclipse.jetty.servlet/9.4.7.v20170914/org.eclipse.jetty.servlet-9.4.7.v20170914.jar,reference:file:/home/mengjingshi/.m2/repository/p2/osgi/bundle/org.eclipse.jetty.util/9.4.7.v20170914/org.eclipse.jetty.util-9.4.7.v20170914.jar,reference:file:/home/mengjingshi/.m2/repository/p2/osgi/bundle/org.eclipse.equinox.http.registry/1.1.400.v20150715-1528/org.eclipse.equinox.http.registry-1.1.400.v20150715-1528.jar,reference:file:/home/mengjingshi/.m2/repository/p2/osgi/bundle/org.eclipse.equinox.jsp.jasper/1.0.500.v20150119-1358/org.eclipse.equinox.jsp.jasper-1.0.500.v20150119-1358.jar,reference:file:/home/mengjingshi/.m2/repository/p2/osgi/bundle/org.eclipse.equinox.jsp.jasper.registry/1.0.300.v20130327-1442/org.eclipse.equinox.jsp.jasper.registry-1.0.300.v20130327-1442.jar,reference:file:/home/mengjingshi/.m2/repository/p2/osgi/bundle/org.eclipse.equinox.p2.artifact.repository/1.1.650.v20170928-1405/org.eclipse.equinox.p2.artifact.repository-1.1.650.v20170928-1405.jar,reference:file:/home/mengjingshi/.m2/repository/p2/osgi/bundle/org.eclipse.equinox.p2.metadata/2.3.200.v20170511-1106/org.eclipse.equinox.p2.metadata-2.3.200.v20170511-1106.jar,reference:file:/home/mengjingshi/.m2/repository/p2/osgi/bundle/org.tukaani.xz/1.5.0.v20170111-1717/org.tukaani.xz-1.5.0.v20170111-1717.jar,reference:file:/home/mengjingshi/.m2/repository/p2/osgi/bundle/org.eclipse.equinox.p2.core/2.4.101.v20170906-1259/org.eclipse.equinox.p2.core-2.4.101.v20170906-1259.jar,reference:file:/home/mengjingshi/.m2/repository/p2/osgi/bundle/org.eclipse.equinox.p2.jarprocessor/1.0.500.v20160504-1450/org.eclipse.equinox.p2.jarprocessor-1.0.500.v20160504-1450.jar,reference:file:/home/mengjingshi/.m2/repository/p2/osgi/bundle/org.eclipse.equinox.p2.repository/2.3.301.v20170906-1259/org.eclipse.equinox.p2.repository-2.3.301.v20170906-1259.jar,reference:file:/home/mengjingshi/.m2/repository/p2/osgi/bundle/org.eclipse.equinox.p2.console/1.0.600.v20170511-1106/org.eclipse.equinox.p2.console-1.0.600.v20170511-1106.jar,reference:file:/home/mengjingshi/.m2/repository/p2/osgi/bundle/org.eclipse.equinox.p2.director/2.3.300.v20160504-1450/org.eclipse.equinox.p2.director-2.3.300.v20160504-1450.jar,reference:file:/home/mengjingshi/.m2/repository/p2/osgi/bundle/org.eclipse.equinox.p2.engine/2.5.0.v20170319-2002/org.eclipse.equinox.p2.engine-2.5.0.v20170319-2002.jar,reference:file:/home/mengjingshi/.m2/repository/p2/osgi/bundle/org.eclipse.equinox.p2.garbagecollector/1.0.300.v20160504-1450/org.eclipse.equinox.p2.garbagecollector-1.0.300.v20160504-1450.jar,reference:file:/home/mengjingshi/.m2/repository/p2/osgi/bundle/org.eclipse.equinox.p2.metadata.repository/1.2.401.v20170906-1259/org.eclipse.equinox.p2.metadata.repository-1.2.401.v20170906-1259.jar,reference:file:/home/mengjingshi/.m2/repository/p2/osgi/bundle/org.eclipse.equinox.p2.touchpoint.eclipse/2.1.501.v20170906-1259/org.eclipse.equinox.p2.touchpoint.eclipse-2.1.501.v20170906-1259.jar,reference:file:/home/mengjingshi/.m2/repository/p2/osgi/bundle/org.eclipse.equinox.p2.touchpoint.natives/1.2.200.v20170511-1216/org.eclipse.equinox.p2.touchpoint.natives-1.2.200.v20170511-1216.jar,reference:file:/home/mengjingshi/.m2/repository/p2/osgi/bundle/org.eclipse.equinox.simpleconfigurator.manipulator/2.0.300.v20170515-0721/org.eclipse.equinox.simpleconfigurator.manipulator-2.0.300.v20170515-0721.jar,reference:file:/home/mengjingshi/.m2/repository/p2/osgi/bundle/org.sat4j.core/2.3.5.v201308161310/org.sat4j.core-2.3.5.v201308161310.jar,reference:file:/home/mengjingshi/.m2/repository/p2/osgi/bundle/org.sat4j.pb/2.3.5.v201404071733/org.sat4j.pb-2.3.5.v201404071733.jar,reference:file:/home/mengjingshi/.m2/repository/p2/osgi/bundle/org.eclipse.equinox.p2.transport.ecf/1.1.300.v20161004-0244/org.eclipse.equinox.p2.transport.ecf-1.1.300.v20161004-0244.jar,reference:file:/home/mengjingshi/.m2/repository/p2/osgi/bundle/org.eclipse.equinox.p2.operations/2.4.300.v20170511-1106/org.eclipse.equinox.p2.operations-2.4.300.v20170511-1106.jar,reference:file:/home/mengjingshi/.m2/repository/p2/osgi/bundle/org.eclipse.equinox.p2.director.app/1.0.500.v20160419-0834/org.eclipse.equinox.p2.director.app-1.0.500.v20160419-0834.jar,reference:file:/home/mengjingshi/.m2/repository/p2/osgi/bundle/org.eclipse.equinox.p2.directorywatcher/1.1.100.v20150423-1455/org.eclipse.equinox.p2.directorywatcher-1.1.100.v20150423-1455.jar,reference:file:/home/mengjingshi/.m2/repository/p2/osgi/bundle/org.eclipse.equinox.p2.publisher/1.4.200.v20170511-1216/org.eclipse.equinox.p2.publisher-1.4.200.v20170511-1216.jar,reference:file:/home/mengjingshi/.m2/repository/p2/osgi/bundle/org.eclipse.equinox.p2.publisher.eclipse/1.2.201.v20170906-1259/org.eclipse.equinox.p2.publisher.eclipse-1.2.201.v20170906-1259.jar,reference:file:/home/mengjingshi/.m2/repository/p2/osgi/bundle/org.eclipse.equinox.p2.extensionlocation/1.2.300.v20160419-0834/org.eclipse.equinox.p2.extensionlocation-1.2.300.v20160419-0834.jar,reference:file:/home/mengjingshi/.m2/repository/p2/osgi/bundle/org.eclipse.equinox.p2.reconciler.dropins/1.1.400.v20160504-1450/org.eclipse.equinox.p2.reconciler.dropins-1.1.400.v20160504-1450.jar,reference:file:/home/mengjingshi/.m2/repository/p2/osgi/bundle/org.eclipse.equinox.p2.repository.tools/2.1.400.v20170511-1216/org.eclipse.equinox.p2.repository.tools-2.1.400.v20170511-1216.jar,reference:file:/home/mengjingshi/.m2/repository/p2/osgi/bundle/org.eclipse.equinox.p2.ui/2.5.2.v20171013-1525/org.eclipse.equinox.p2.ui-2.5.2.v20171013-1525.jar,reference:file:/home/mengjingshi/.m2/repository/p2/osgi/bundle/org.eclipse.equinox.p2.ui.sdk.scheduler/1.3.100.v20170418-0708/org.eclipse.equinox.p2.ui.sdk.scheduler-1.3.100.v20170418-0708.jar,reference:file:/home/mengjingshi/.m2/repository/p2/osgi/bundle/org.eclipse.equinox.p2.updatechecker/1.1.400.v20170106-2125/org.eclipse.equinox.p2.updatechecker-1.1.400.v20170106-2125.jar,reference:file:/home/mengjingshi/.m2/repository/p2/osgi/bundle/org.eclipse.equinox.security.ui/1.1.400.v20170505-1235/org.eclipse.equinox.security.ui-1.1.400.v20170505-1235.jar,reference:file:/home/mengjingshi/.m2/repository/p2/osgi/bundle/org.eclipse.equinox.p2.ui.sdk/1.0.500.v20170511-1216/org.eclipse.equinox.p2.ui.sdk-1.0.500.v20170511-1216.jar,reference:file:/home/mengjingshi/.m2/repository/p2/osgi/bundle/org.eclipse.equinox.p2.ui.importexport/1.1.301.v20170816-1007/org.eclipse.equinox.p2.ui.importexport-1.1.301.v20170816-1007.jar,reference:file:/home/mengjingshi/.m2/repository/p2/osgi/bundle/org.eclipse.equinox.p2.updatesite/1.0.601.v20170906-1259/org.eclipse.equinox.p2.updatesite-1.0.601.v20170906-1259.jar,reference:file:/home/mengjingshi/.m2/repository/p2/osgi/bundle/org.eclipse.help.base/4.2.102.v20171130-0510/org.eclipse.help.base-4.2.102.v20171130-0510.jar,reference:file:/home/mengjingshi/.m2/repository/p2/osgi/bundle/org.eclipse.help.ui/4.1.0.v20170311-0931/org.eclipse.help.ui-4.1.0.v20170311-0931.jar,reference:file:/home/mengjingshi/.m2/repository/p2/osgi/bundle/org.eclipse.help.webapp/3.9.1.v20170816-0843/org.eclipse.help.webapp-3.9.1.v20170816-0843.jar,reference:file:/home/mengjingshi/.m2/repository/p2/osgi/bundle/org.eclipse.jetty.continuation/9.4.7.v20170914/org.eclipse.jetty.continuation-9.4.7.v20170914.jar,reference:file:/home/mengjingshi/.m2/repository/p2/osgi/bundle/org.eclipse.jetty.io/9.4.7.v20170914/org.eclipse.jetty.io-9.4.7.v20170914.jar,reference:file:/home/mengjingshi/.m2/repository/p2/osgi/bundle/org.eclipse.jetty.security/9.4.7.v20170914/org.eclipse.jetty.security-9.4.7.v20170914.jar,reference:file:/home/mengjingshi/.m2/repository/p2/osgi/bundle/org.eclipse.jdt.junit.runtime/3.4.651.v20171130-0906/org.eclipse.jdt.junit.runtime-3.4.651.v20171130-0906.jar,reference:file:/home/mengjingshi/.m2/repository/p2/osgi/bundle/org.junit/4.12.0.v201504281640/org.junit-4.12.0.v201504281640.jar,reference:file:/home/mengjingshi/.m2/repository/p2/osgi/bundle/org.eclipse.jsch.core/1.3.0.v20160422-1917/org.eclipse.jsch.core-1.3.0.v20160422-1917.jar,reference:file:/home/mengjingshi/.m2/repository/p2/osgi/bundle/org.eclipse.jsch.ui/1.3.0.v20160323-1650/org.eclipse.jsch.ui-1.3.0.v20160323-1650.jar,reference:file:/home/mengjingshi/.m2/repository/p2/osgi/bundle/org.eclipse.team.core/3.8.100.v20170516-0820/org.eclipse.team.core-3.8.100.v20170516-0820.jar,reference:file:/home/mengjingshi/.m2/repository/p2/osgi/bundle/org.eclipse.team.ui/3.8.1.v20170515-1133/org.eclipse.team.ui-3.8.1.v20170515-1133.jar,reference:file:/home/mengjingshi/Documents/workspace/org.eclipse.cdt/build/org.eclipse.cdt.cmake.ui.tests/target/work/plugins/org.eclipse.platform_4.7.2.v20171130-0510,reference:file:/home/mengjingshi/.m2/repository/p2/osgi/bundle/org.eclipse.platform.doc.user/4.7.2.v20171013-1251/org.eclipse.platform.doc.user-4.7.2.v20171013-1251.jar,reference:file:/home/mengjingshi/.m2/repository/p2/osgi/bundle/org.eclipse.ui.browser/3.6.100.v20170418-1342/org.eclipse.ui.browser-3.6.100.v20170418-1342.jar,reference:file:/home/mengjingshi/.m2/repository/p2/osgi/bundle/org.eclipse.ui.genericeditor/1.0.1.v20170822-2211/org.eclipse.ui.genericeditor-1.0.1.v20170822-2211.jar,reference:file:/home/mengjingshi/.m2/repository/p2/osgi/bundle/org.eclipse.ui.monitoring/1.1.100.v20170131-1736/org.eclipse.ui.monitoring-1.1.100.v20170131-1736.jar,reference:file:/home/mengjingshi/.m2/repository/p2/osgi/bundle/org.eclipse.ui.net/1.3.100.v20170516-0820/org.eclipse.ui.net-1.3.100.v20170516-0820.jar,reference:file:/home/mengjingshi/.m2/repository/p2/osgi/bundle/org.eclipse.ui.externaltools/3.4.0.v20161212-0515/org.eclipse.ui.externaltools-3.4.0.v20161212-0515.jar,reference:file:/home/mengjingshi/.m2/repository/p2/osgi/bundle/org.eclipse.ui.ide.application/1.2.0.v20170512-1452/org.eclipse.ui.ide.application-1.2.0.v20170512-1452.jar,reference:file:/home/mengjingshi/.m2/repository/p2/osgi/bundle/org.eclipse.ui.views.properties.tabbed/3.8.1.v20170713-0803/org.eclipse.ui.views.properties.tabbed-3.8.1.v20170713-0803.jar,reference:file:/home/mengjingshi/Documents/workspace/org.eclipse.cdt/build/org.eclipse.cdt.cmake.ui.tests/target/work/plugins/org.eclipse.ui.themes_1.2.1.v20170809-1435,reference:file:/home/mengjingshi/.m2/repository/p2/osgi/bundle/org.eclipse.ui.intro.quicklinks/1.0.100.v20170515-0756/org.eclipse.ui.intro.quicklinks-1.0.100.v20170515-0756.jar,reference:file:/home/mengjingshi/.m2/repository/p2/osgi/bundle/org.eclipse.team.genericeditor.diff.extension/1.0.1.v20170809-1356/org.eclipse.team.genericeditor.diff.extension-1.0.1.v20170809-1356.jar,reference:file:/home/mengjingshi/.m2/repository/p2/osgi/bundle/org.eclipse.ui.workbench/3.110.1.v20170704-1208/org.eclipse.ui.workbench-3.110.1.v20170704-1208.jar,reference:file:/home/mengjingshi/.m2/repository/p2/osgi/bundle/org.eclipse.update.configurator/3.3.400.v20160506-0750/org.eclipse.update.configurator-3.3.400.v20160506-0750.jar@3:start,reference:file:/home/mengjingshi/.m2/repository/p2/osgi/bundle/org.eclipse.rcp/4.7.2.v20171130-0510/org.eclipse.rcp-4.7.2.v20171130-0510.jar,reference:file:/home/mengjingshi/.m2/repository/p2/osgi/bundle/org.eclipse.swtbot.eclipse.core/2.7.0.201801161750/org.eclipse.swtbot.eclipse.core-2.7.0.201801161750.jar,reference:file:/home/mengjingshi/.m2/repository/p2/osgi/bundle/org.eclipse.swtbot.eclipse.finder/2.7.0.201801161750/org.eclipse.swtbot.eclipse.finder-2.7.0.201801161750.jar,reference:file:/home/mengjingshi/.m2/repository/p2/osgi/bundle/org.eclipse.swtbot.swt.finder/2.7.0.201801161750/org.eclipse.swtbot.swt.finder-2.7.0.201801161750.jar,reference:file:/home/mengjingshi/.m2/repository/p2/osgi/bundle/org.hamcrest.core/1.3.0.v201303031735/org.hamcrest.core-1.3.0.v201303031735.jar,reference:file:/home/mengjingshi/.m2/repository/p2/osgi/bundle/org.hamcrest.library/1.3.0.v201505072020/org.hamcrest.library-1.3.0.v201505072020.jar,reference:file:/home/mengjingshi/.m2/repository/p2/osgi/bundle/org.apache.log4j/1.2.15.v201012070815/org.apache.log4j-1.2.15.v201012070815.jar,reference:file:/home/mengjingshi/.m2/repository/p2/osgi/bundle/org.eclipse.swtbot.junit4_x/2.7.0.201801161750/org.eclipse.swtbot.junit4_x-2.7.0.201801161750.jar,reference:file:/home/mengjingshi/.m2/repository/p2/osgi/bundle/org.freemarker/2.3.22.v20160210-1233/org.freemarker-2.3.22.v20160210-1233.jar,reference:file:/home/mengjingshi/Documents/workspace/org.eclipse.cdt/build/org.eclipse.cdt.cmake.ui.tests,reference:file:/home/mengjingshi/Documents/workspace/org.eclipse.cdt/core/org.eclipse.cdt.core.linux.x86_64/target/org.eclipse.cdt.core.linux.x86_64-5.3.0-SNAPSHOT.jar,reference:file:/home/mengjingshi/.m2/repository/p2/osgi/bundle/org.eclipse.core.filesystem.linux.x86_64/1.2.200.v20140124-1940/org.eclipse.core.filesystem.linux.x86_64-1.2.200.v20140124-1940.jar,reference:file:/home/mengjingshi/.m2/repository/p2/osgi/bundle/org.eclipse.core.net.linux.x86_64/1.2.0.v20160323-1650/org.eclipse.core.net.linux.x86_64-1.2.0.v20160323-1650.jar,reference:file:/home/mengjingshi/Documents/workspace/org.eclipse.cdt/build/org.eclipse.cdt.cmake.ui.tests/target/work/plugins/org.eclipse.equinox.launcher.gtk.linux.x86_64_1.1.551.v20171108-1834,reference:file:/home/mengjingshi/.m2/repository/p2/osgi/bundle/org.eclipse.swt.gtk.linux.x86_64/3.106.2.v20171129-0543/org.eclipse.swt.gtk.linux.x86_64-3.106.2.v20171129-0543.jar,reference:file:/home/mengjingshi/.m2/repository/p2/osgi/bundle/org.eclipse.equinox.security.linux.x86_64/1.0.100.v20170504-1307/org.eclipse.equinox.security.linux.x86_64-1.0.100.v20170504-1307.jar,reference:file:/home/mengjingshi/Documents/workspace/org.eclipse.cdt/core/org.eclipse.cdt.core.linux.ppc64/target/org.eclipse.cdt.core.linux.ppc64-5.2.0-SNAPSHOT.jar,reference:file:/home/mengjingshi/.m2/repository/p2/osgi/bundle/org.eclipse.core.filesystem.linux.ppc64/1.4.0.v20140124-1940/org.eclipse.core.filesystem.linux.ppc64-1.4.0.v20140124-1940.jar,reference:file:/home/mengjingshi/Documents/workspace/org.eclipse.cdt/build/org.eclipse.cdt.cmake.ui.tests/target/work/plugins/org.eclipse.equinox.launcher.gtk.linux.ppc64_1.1.551.v20171108-1834,reference:file:/home/mengjingshi/.m2/repository/p2/osgi/bundle/org.eclipse.swt.gtk.linux.ppc64/3.106.2.v20171129-0543/org.eclipse.swt.gtk.linux.ppc64-3.106.2.v20171129-0543.jar,reference:file:/home/mengjingshi/Documents/workspace/org.eclipse.cdt/core/org.eclipse.cdt.core.linux.ppc64le/target/org.eclipse.cdt.core.linux.ppc64le-1.0.0-SNAPSHOT.jar,reference:file:/home/mengjingshi/.m2/repository/p2/osgi/bundle/org.eclipse.core.filesystem.linux.ppc64le/1.4.0.v20140822-1153/org.eclipse.core.filesystem.linux.ppc64le-1.4.0.v20140822-1153.jar,reference:file:/home/mengjingshi/Documents/workspace/org.eclipse.cdt/build/org.eclipse.cdt.cmake.ui.tests/target/work/plugins/org.eclipse.equinox.launcher.gtk.linux.ppc64le_1.1.551.v20171108-1834,reference:file:/home/mengjingshi/.m2/repository/p2/osgi/bundle/org.eclipse.swt.gtk.linux.ppc64le/3.106.2.v20171129-0543/org.eclipse.swt.gtk.linux.ppc64le-3.106.2.v20171129-0543.jar,reference:file:/home/mengjingshi/Documents/workspace/org.eclipse.cdt/core/org.eclipse.cdt.core.win32/target/org.eclipse.cdt.core.win32-5.4.1-SNAPSHOT.jar,reference:file:/home/mengjingshi/Documents/workspace/org.eclipse.cdt/build/org.eclipse.cdt.cmake.ui.tests/target/work/plugins/org.eclipse.cdt.core.win32.x86_5.4.1.201801250330,reference:file:/home/mengjingshi/.m2/repository/p2/osgi/bundle/org.eclipse.compare.win32/1.2.0.v20170517-0839/org.eclipse.compare.win32-1.2.0.v20170517-0839.jar,reference:file:/home/mengjingshi/.m2/repository/p2/osgi/bundle/org.eclipse.swt.win32.win32.x86/3.106.2.v20171129-0543/org.eclipse.swt.win32.win32.x86-3.106.2.v20171129-0543.jar,reference:file:/home/mengjingshi/.m2/repository/p2/osgi/bundle/org.eclipse.core.filesystem.win32.x86/1.4.0.v20140124-1940/org.eclipse.core.filesystem.win32.x86-1.4.0.v20140124-1940.jar,reference:file:/home/mengjingshi/.m2/repository/p2/osgi/bundle/org.eclipse.core.net.win32.x86/1.1.0.v20160323-1650/org.eclipse.core.net.win32.x86-1.1.0.v20160323-1650.jar,reference:file:/home/mengjingshi/.m2/repository/p2/osgi/bundle/org.eclipse.core.resources.win32.x86/3.5.200.v20170516-0925/org.eclipse.core.resources.win32.x86-3.5.200.v20170516-0925.jar,reference:file:/home/mengjingshi/Documents/workspace/org.eclipse.cdt/build/org.eclipse.cdt.cmake.ui.tests/target/work/plugins/org.eclipse.equinox.launcher.win32.win32.x86_1.1.551.v20171108-1834,reference:file:/home/mengjingshi/.m2/repository/p2/osgi/bundle/org.eclipse.equinox.security.win32.x86/1.0.300.v20130327-1442/org.eclipse.equinox.security.win32.x86-1.0.300.v20130327-1442.jar,reference:file:/home/mengjingshi/.m2/repository/p2/osgi/bundle/org.eclipse.ui.win32/3.3.0.v20160505-1310/org.eclipse.ui.win32-3.3.0.v20160505-1310.jar,reference:file:/home/mengjingshi/Documents/workspace/org.eclipse.cdt/build/org.eclipse.cdt.cmake.ui.tests/target/work/plugins/org.eclipse.cdt.core.win32.x86_64_5.4.1.201801250330,reference:file:/home/mengjingshi/.m2/repository/p2/osgi/bundle/org.eclipse.swt.win32.win32.x86_64/3.106.2.v20171129-0543/org.eclipse.swt.win32.win32.x86_64-3.106.2.v20171129-0543.jar,reference:file:/home/mengjingshi/.m2/repository/p2/osgi/bundle/org.eclipse.core.filesystem.win32.x86_64/1.4.0.v20140124-1940/org.eclipse.core.filesystem.win32.x86_64-1.4.0.v20140124-1940.jar,reference:file:/home/mengjingshi/.m2/repository/p2/osgi/bundle/org.eclipse.core.net.win32.x86_64/1.1.0.v20160323-1650/org.eclipse.core.net.win32.x86_64-1.1.0.v20160323-1650.jar,reference:file:/home/mengjingshi/.m2/repository/p2/osgi/bundle/org.eclipse.core.resources.win32.x86_64/3.5.100.v20170516-0925/org.eclipse.core.resources.win32.x86_64-3.5.100.v20170516-0925.jar,reference:file:/home/mengjingshi/Documents/workspace/org.eclipse.cdt/build/org.eclipse.cdt.cmake.ui.tests/target/work/plugins/org.eclipse.equinox.launcher.win32.win32.x86_64_1.1.551.v20171108-1834,reference:file:/home/mengjingshi/.m2/repository/p2/osgi/bundle/org.eclipse.equinox.security.win32.x86_64/1.0.100.v20130327-1442/org.eclipse.equinox.security.win32.x86_64-1.0.100.v20130327-1442.jar,reference:file:/home/mengjingshi/Documents/workspace/org.eclipse.cdt/core/org.eclipse.cdt.core.macosx/target/org.eclipse.cdt.core.macosx-5.3.0-SNAPSHOT.jar,reference:file:/home/mengjingshi/.m2/repository/p2/osgi/bundle/org.eclipse.core.filesystem.macosx/1.3.0.v20140124-1940/org.eclipse.core.filesystem.macosx-1.3.0.v20140124-1940.jar,reference:file:/home/mengjingshi/.m2/repository/p2/osgi/bundle/org.eclipse.e4.ui.workbench.renderers.swt.cocoa/0.11.300.v20160330-1418/org.eclipse.e4.ui.workbench.renderers.swt.cocoa-0.11.300.v20160330-1418.jar,reference:file:/home/mengjingshi/Documents/workspace/org.eclipse.cdt/build/org.eclipse.cdt.cmake.ui.tests/target/work/plugins/org.eclipse.equinox.launcher.cocoa.macosx.x86_64_1.1.551.v20171108-1834,reference:file:/home/mengjingshi/.m2/repository/p2/osgi/bundle/org.eclipse.swt.cocoa.macosx.x86_64/3.106.2.v20171129-0543/org.eclipse.swt.cocoa.macosx.x86_64-3.106.2.v20171129-0543.jar,reference:file:/home/mengjingshi/.m2/repository/p2/osgi/bundle/org.eclipse.equinox.security.macosx/1.100.200.v20130327-1442/org.eclipse.equinox.security.macosx-1.100.200.v20130327-1442.jar,reference:file:/home/mengjingshi/.m2/repository/p2/osgi/bundle/org.eclipse.ui.cocoa/1.1.100.v20151202-1450/org.eclipse.ui.cocoa-1.1.100.v20151202-1450.jar,reference:file:/home/mengjingshi/.m2/repository/org/eclipse/tycho/org.eclipse.tycho.surefire.osgibooter/1.0.0/org.eclipse.tycho.surefire.osgibooter-1.0.0.jar,reference:file:/home/mengjingshi/.m2/repository/org/eclipse/tycho/org.eclipse.tycho.surefire.junit4/1.0.0/org.eclipse.tycho.surefire.junit4-1.0.0.jar"/>
    <property name="java.endorsed.dirs" value="/usr/lib/jvm/java-8-openjdk-i386/jre/lib/endorsed"/>
    <property name="osgi.tracefile" value="/home/mengjingshi/Documents/workspace/org.eclipse.cdt/build/org.eclipse.cdt.cmake.ui.tests/target/work/data/.metadata/trace.log"/>
    <property name="sun.cpu.isalist" value=""/>
    <property name="sun.jnu.encoding" value="UTF-8"/>
    <property name="eclipse.application" value="org.eclipse.tycho.surefire.osgibooter.uitest"/>
    <property name="file.encoding.pkg" value="sun.io"/>
    <property name="org.osgi.framework.vendor" value="Eclipse"/>
    <property name="equinox.init.uuid" value="true"/>
    <property name="file.separator" value="/"/>
    <property name="java.specification.name" value="Java Platform API Specification"/>
    <property name="osgi.checkConfiguration" value="true"/>
    <property name="java.class.version" value="52.0"/>
    <property name="user.country" value="CN"/>
    <property name="osgi.configuration.cascaded" value="false"/>
    <property name="java.home" value="/usr/lib/jvm/java-8-openjdk-i386/jre"/>
    <property name="osgi.os" value="linux"/>
    <property name="eclipse.commands" value="-data&#10;/home/mengjingshi/Documents/workspace/org.eclipse.cdt/build/org.eclipse.cdt.cmake.ui.tests/target/work/data&#10;-install&#10;/home/mengjingshi/Documents/workspace/org.eclipse.cdt/build/org.eclipse.cdt.cmake.ui.tests/target/work&#10;-configuration&#10;/home/mengjingshi/Documents/workspace/org.eclipse.cdt/build/org.eclipse.cdt.cmake.ui.tests/target/work/configuration&#10;-application&#10;org.eclipse.tycho.surefire.osgibooter.uitest&#10;-testproperties&#10;/home/mengjingshi/Documents/workspace/org.eclipse.cdt/build/org.eclipse.cdt.cmake.ui.tests/target/surefire.properties&#10;-product&#10;org.eclipse.platform.ide&#10;-nouithread&#10;"/>
    <property name="java.vm.info" value="mixed mode"/>
    <property name="os.version" value="3.19.0-18-generic"/>
    <property name="osgi.arch" value="x86"/>
    <property name="sun.font.fontmanager" value="sun.awt.X11FontManager"/>
    <property name="path.separator" value=":"/>
    <property name="java.vm.version" value="25.45-b02"/>
    <property name="org.osgi.supports.framework.fragment" value="true"/>
    <property name="osgi.framework.shape" value="jar"/>
    <property name="sun.awt.enableExtraMouseButtons" value="true"/>
    <property name="java.awt.printerjob" value="sun.print.PSPrinterJob"/>
    <property name="sun.io.unicode.encoding" value="UnicodeLittle"/>
    <property name="org.osgi.framework.version" value="1.8.0"/>
    <property name="org.osgi.framework.storage" value="/home/mengjingshi/Documents/workspace/org.eclipse.cdt/build/org.eclipse.cdt.cmake.ui.tests/target/work/configuration"/>
    <property name="awt.toolkit" value="sun.awt.X11.XToolkit"/>
    <property name="eclipse.stateSaveDelayInterval" value="30000"/>
    <property name="osgi.dev" value="file:/home/mengjingshi/Documents/workspace/org.eclipse.cdt/build/org.eclipse.cdt.cmake.ui.tests/target/work/dev.properties"/>
    <property name="osgi.install.area" value="file:/home/mengjingshi/Documents/workspace/org.eclipse.cdt/build/org.eclipse.cdt.cmake.ui.tests/target/work/"/>
    <property name="osgi.framework" value="file:/home/mengjingshi/.m2/repository/p2/osgi/bundle/org.eclipse.osgi/3.12.50.v20170928-1321/org.eclipse.osgi-3.12.50.v20170928-1321.jar"/>
    <property name="user.home" value="/home/mengjingshi"/>
    <property name="osgi.framework.useSystemProperties" value="true"/>
    <property name="java.specification.vendor" value="Oracle Corporation"/>
    <property name="osgi.nl" value="zh_CN"/>
    <property name="java.vendor.url" value="http://java.oracle.com/"/>
    <property name="java.library.path" value="/usr/java/packages/lib/i386:/usr/lib/i386-linux-gnu/jni:/lib/i386-linux-gnu:/usr/lib/i386-linux-gnu:/usr/lib/jni:/lib:/usr/lib"/>
    <property name="osgi.bundlefile.limit" value="100"/>
    <property name="eclipse.startTime" value="1516852149283"/>
    <property name="org.osgi.framework.os.version" value="3.19.0"/>
    <property name="java.vm.vendor" value="Oracle Corporation"/>
    <property name="java.runtime.name" value="OpenJDK Runtime Environment"/>
    <property name="java.class.path" value="/home/mengjingshi/.m2/repository/p2/osgi/bundle/org.eclipse.equinox.launcher/1.4.0.v20161219-1356/org.eclipse.equinox.launcher-1.4.0.v20161219-1356.jar:/usr/share/java/jayatanaag.jar:/home/mengjingshi/.m2/repository/org/jacoco/org.jacoco.agent/0.7.9/org.jacoco.agent-0.7.9-runtime.jar"/>
    <property name="sun.java.command" value="/home/mengjingshi/.m2/repository/p2/osgi/bundle/org.eclipse.equinox.launcher/1.4.0.v20161219-1356/org.eclipse.equinox.launcher-1.4.0.v20161219-1356.jar -data /home/mengjingshi/Documents/workspace/org.eclipse.cdt/build/org.eclipse.cdt.cmake.ui.tests/target/work/data -install /home/mengjingshi/Documents/workspace/org.eclipse.cdt/build/org.eclipse.cdt.cmake.ui.tests/target/work -configuration /home/mengjingshi/Documents/workspace/org.eclipse.cdt/build/org.eclipse.cdt.cmake.ui.tests/target/work/configuration -application org.eclipse.tycho.surefire.osgibooter.uitest -testproperties /home/mengjingshi/Documents/workspace/org.eclipse.cdt/build/org.eclipse.cdt.cmake.ui.tests/target/surefire.properties -product org.eclipse.platform.ide -nouithread"/>
    <property name="ds.delayed.keepInstances" value="true"/>
    <property name="java.vm.specification.name" value="Java Virtual Machine Specification"/>
    <property name="java.vm.specification.version" value="1.8"/>
    <property name="sun.os.patch.level" value="unknown"/>
    <property name="sun.cpu.endian" value="little"/>
    <property name="gosh.args" value="--nointeractive"/>
    <property name="java.io.tmpdir" value="/tmp"/>
    <property name="java.vendor.url.bug" value="http://bugreport.sun.com/bugreport/"/>
    <property name="applicationXMI" value="org.eclipse.ui.workbench/LegacyIDE.e4xmi"/>
    <property name="eclipse.product" value="org.eclipse.platform.ide"/>
    <property name="eclipse.home.location" value="file:/home/mengjingshi/Documents/workspace/org.eclipse.cdt/build/org.eclipse.cdt.cmake.ui.tests/target/work/"/>
    <property name="java.awt.graphicsenv" value="sun.awt.X11GraphicsEnvironment"/>
    <property name="os.arch" value="i386"/>
    <property name="java.ext.dirs" value="/usr/lib/jvm/java-8-openjdk-i386/jre/lib/ext:/usr/java/packages/lib/ext"/>
    <property name="user.dir" value="/home/mengjingshi/Documents/workspace/org.eclipse.cdt/build/org.eclipse.cdt.cmake.ui.tests"/>
    <property name="org.osgi.supports.framework.requirebundle" value="true"/>
    <property name="osgi.clean" value="true"/>
    <property name="line.separator" value="&#10;"/>
    <property name="java.vm.name" value="OpenJDK Server VM"/>
    <property name="org.eclipse.swt.internal.gtk.version" value="3.14.13"/>
    <property name="file.encoding" value="UTF-8"/>
    <property name="java.specification.version" value="1.8"/>
    <property name="org.osgi.framework.executionenvironment" value="OSGi/Minimum-1.0,OSGi/Minimum-1.1,OSGi/Minimum-1.2,JavaSE/compact1-1.8,JavaSE/compact2-1.8,JavaSE/compact3-1.8,JRE-1.1,J2SE-1.2,J2SE-1.3,J2SE-1.4,J2SE-1.5,JavaSE-1.6,JavaSE-1.7,JavaSE-1.8"/>
    <property name="osgi.configuration.area" value="file:/home/mengjingshi/Documents/workspace/org.eclipse.cdt/build/org.eclipse.cdt.cmake.ui.tests/target/work/configuration/"/>
    <property name="osgi.logfile" value="/home/mengjingshi/Documents/workspace/org.eclipse.cdt/build/org.eclipse.cdt.cmake.ui.tests/target/work/data/.metadata/.log"/>
  </properties>
  <testcase name="createCMakeProject" classname="org.eclipse.cdt.cmake.ui.internal.tests.NewCMakeProjectTest" time="8.942">
    <error message="The widget was null." type="org.eclipse.swtbot.swt.finder.exceptions.WidgetNotFoundException"><![CDATA[org.eclipse.swtbot.swt.finder.exceptions.WidgetNotFoundException: The widget was null.
	at org.eclipse.swtbot.swt.finder.widgets.AbstractSWTBot.<init>(AbstractSWTBot.java:110)
	at org.eclipse.swtbot.swt.finder.widgets.AbstractSWTBotControl.<init>(AbstractSWTBotControl.java:48)
	at org.eclipse.swtbot.swt.finder.widgets.SWTBotShell.<init>(SWTBotShell.java:53)
	at org.eclipse.swtbot.swt.finder.widgets.SWTBotShell.<init>(SWTBotShell.java:42)
	at org.eclipse.swtbot.swt.finder.SWTBotFactory.activeShell(SWTBotFactory.java:461)
	at org.eclipse.swtbot.swt.finder.SWTBot.activeShell(SWTBot.java:1)
	at org.eclipse.swtbot.eclipse.finder.SWTWorkbenchBot.activeShell(SWTWorkbenchBot.java:1)
	at org.eclipse.swtbot.swt.finder.SWTBotFactory.menu(SWTBotFactory.java:204)
	at org.eclipse.swtbot.swt.finder.SWTBot.menu(SWTBot.java:1)
	at org.eclipse.swtbot.eclipse.finder.SWTWorkbenchBot.menu(SWTWorkbenchBot.java:1)
	at org.eclipse.swtbot.swt.finder.SWTBotFactory.menu(SWTBotFactory.java:233)
	at org.eclipse.swtbot.swt.finder.SWTBot.menu(SWTBot.java:1)
	at org.eclipse.swtbot.eclipse.finder.SWTWorkbenchBot.menu(SWTWorkbenchBot.java:1)
	at org.eclipse.cdt.cmake.ui.internal.tests.NewCMakeProjectTest.createCMakeProject(NewCMakeProjectTest.java:58)
]]></error>
    <system-err><![CDATA[log4j:WARN No appenders could be found for logger (org.eclipse.swtbot.swt.finder.matchers.AbstractMatcher).
log4j:WARN Please initialize the log4j system properly.
]]></system-err>
  </testcase>
</testsuite>