<?xml version="1.0" encoding="UTF-8"?>
<testsuite name="org.eclipse.cdt.codan.core.test.AutomatedIntegrationSuite" time="22.038" tests="374" errors="0" skipped="0" failures="0">
  <properties>
    <property name="java.vendor" value="Oracle Corporation"/>
    <property name="osgi.bundles.defaultStartLevel" value="4"/>
    <property name="sun.java.launcher" value="SUN_STANDARD"/>
    <property name="org.osgi.supports.framework.extension" value="true"/>
    <property name="sun.management.compiler" value="HotSpot Tiered Compilers"/>
    <property name="os.name" value="Linux"/>
    <property name="sun.boot.class.path" value="/usr/lib/jvm/java-8-openjdk-i386/jre/lib/resources.jar:/usr/lib/jvm/java-8-openjdk-i386/jre/lib/rt.jar:/usr/lib/jvm/java-8-openjdk-i386/jre/lib/sunrsasign.jar:/usr/lib/jvm/java-8-openjdk-i386/jre/lib/jsse.jar:/usr/lib/jvm/java-8-openjdk-i386/jre/lib/jce.jar:/usr/lib/jvm/java-8-openjdk-i386/jre/lib/charsets.jar:/usr/lib/jvm/java-8-openjdk-i386/jre/lib/jfr.jar:/usr/lib/jvm/java-8-openjdk-i386/jre/classes"/>
    <property name="osgi.ws" value="gtk"/>
    <property name="sun.desktop" value="gnome"/>
    <property name="java.vm.specification.vendor" value="Oracle Corporation"/>
    <property name="java.runtime.version" value="1.8.0_45-internal-b14"/>
    <property name="osgi.instance.area" value="file:/home/mengjingshi/Documents/workspace/org.eclipse.cdt/codan/org.eclipse.cdt.codan.core.test/target/work/data/"/>
    <property name="org.osgi.framework.uuid" value="a03abae6-e8b2-0016-169e-f5a28f8254e3"/>
    <property name="osgi.noShutdown" value="false"/>
    <property name="user.name" value="mengjingshi"/>
    <property name="org.osgi.framework.system.packages" value="javax.accessibility,javax.activation,javax.activity,javax.annotation,javax.annotation.processing,javax.crypto,javax.crypto.interfaces,javax.crypto.spec,javax.imageio,javax.imageio.event,javax.imageio.metadata,javax.imageio.plugins.bmp,javax.imageio.plugins.jpeg,javax.imageio.spi,javax.imageio.stream,javax.jws,javax.jws.soap,javax.lang.model,javax.lang.model.element,javax.lang.model.type,javax.lang.model.util,javax.management,javax.management.loading,javax.management.modelmbean,javax.management.monitor,javax.management.openmbean,javax.management.relation,javax.management.remote,javax.management.remote.rmi,javax.management.timer,javax.naming,javax.naming.directory,javax.naming.event,javax.naming.ldap,javax.naming.spi,javax.net,javax.net.ssl,javax.print,javax.print.attribute,javax.print.attribute.standard,javax.print.event,javax.rmi,javax.rmi.CORBA,javax.rmi.ssl,javax.script,javax.security.auth,javax.security.auth.callback,javax.security.auth.kerberos,javax.security.auth.login,javax.security.auth.spi,javax.security.auth.x500,javax.security.cert,javax.security.sasl,javax.sound.midi,javax.sound.midi.spi,javax.sound.sampled,javax.sound.sampled.spi,javax.sql,javax.sql.rowset,javax.sql.rowset.serial,javax.sql.rowset.spi,javax.swing,javax.swing.border,javax.swing.colorchooser,javax.swing.event,javax.swing.filechooser,javax.swing.plaf,javax.swing.plaf.basic,javax.swing.plaf.metal,javax.swing.plaf.multi,javax.swing.plaf.nimbus,javax.swing.plaf.synth,javax.swing.table,javax.swing.text,javax.swing.text.html,javax.swing.text.html.parser,javax.swing.text.rtf,javax.swing.tree,javax.swing.undo,javax.tools,javax.transaction,javax.transaction.xa,javax.xml,javax.xml.bind,javax.xml.bind.annotation,javax.xml.bind.annotation.adapters,javax.xml.bind.attachment,javax.xml.bind.helpers,javax.xml.bind.util,javax.xml.crypto,javax.xml.crypto.dom,javax.xml.crypto.dsig,javax.xml.crypto.dsig.dom,javax.xml.crypto.dsig.keyinfo,javax.xml.crypto.dsig.spec,javax.xml.datatype,javax.xml.namespace,javax.xml.parsers,javax.xml.soap,javax.xml.stream,javax.xml.stream.events,javax.xml.stream.util,javax.xml.transform,javax.xml.transform.dom,javax.xml.transform.sax,javax.xml.transform.stax,javax.xml.transform.stream,javax.xml.validation,javax.xml.ws,javax.xml.ws.handler,javax.xml.ws.handler.soap,javax.xml.ws.http,javax.xml.ws.soap,javax.xml.ws.spi,javax.xml.ws.spi.http,javax.xml.ws.wsaddressing,javax.xml.xpath,org.ietf.jgss,org.omg.CORBA,org.omg.CORBA_2_3,org.omg.CORBA_2_3.portable,org.omg.CORBA.DynAnyPackage,org.omg.CORBA.ORBPackage,org.omg.CORBA.portable,org.omg.CORBA.TypeCodePackage,org.omg.CosNaming,org.omg.CosNaming.NamingContextExtPackage,org.omg.CosNaming.NamingContextPackage,org.omg.Dynamic,org.omg.DynamicAny,org.omg.DynamicAny.DynAnyFactoryPackage,org.omg.DynamicAny.DynAnyPackage,org.omg.IOP,org.omg.IOP.CodecFactoryPackage,org.omg.IOP.CodecPackage,org.omg.Messaging,org.omg.PortableInterceptor,org.omg.PortableInterceptor.ORBInitInfoPackage,org.omg.PortableServer,org.omg.PortableServer.CurrentPackage,org.omg.PortableServer.POAManagerPackage,org.omg.PortableServer.POAPackage,org.omg.PortableServer.portable,org.omg.PortableServer.ServantLocatorPackage,org.omg.SendingContext,org.omg.stub.java.rmi,org.w3c.dom,org.w3c.dom.bootstrap,org.w3c.dom.css,org.w3c.dom.events,org.w3c.dom.html,org.w3c.dom.ls,org.w3c.dom.ranges,org.w3c.dom.stylesheets,org.w3c.dom.traversal,org.w3c.dom.views,org.w3c.dom.xpath,org.xml.sax,org.xml.sax.ext,org.xml.sax.helpers"/>
    <property name="org.eclipse.swt.internal.deviceZoom" value="100"/>
    <property name="equinox.use.ds" value="true"/>
    <property name="org.osgi.framework.language" value="zh"/>
    <property name="user.language" value="zh"/>
    <property name="org.osgi.framework.processor" value="x86"/>
    <property name="osgi.syspath" value="/home/mengjingshi/.m2/repository/p2/osgi/bundle/org.eclipse.osgi/3.11.1.v20160708-1632"/>
    <property name="osgi.compatibility.bootdelegation.default" value="true"/>
    <property name="sun.boot.library.path" value="/usr/lib/jvm/java-8-openjdk-i386/jre/lib/i386"/>
    <property name="org.osgi.framework.system.capabilities" value="osgi.ee; osgi.ee=&quot;OSGi/Minimum&quot;; version:List&lt;Version&gt;=&quot;1.0, 1.1, 1.2&quot;,osgi.ee; osgi.ee=&quot;JRE&quot;; version:List&lt;Version&gt;=&quot;1.0, 1.1&quot;,osgi.ee; osgi.ee=&quot;JavaSE&quot;; version:List&lt;Version&gt;=&quot;1.0, 1.1, 1.2, 1.3, 1.4, 1.5, 1.6, 1.7, 1.8&quot;,osgi.ee; osgi.ee=&quot;JavaSE/compact1&quot;; version:List&lt;Version&gt;=&quot;1.8&quot;,osgi.ee; osgi.ee=&quot;JavaSE/compact2&quot;; version:List&lt;Version&gt;=&quot;1.8&quot;,osgi.ee; osgi.ee=&quot;JavaSE/compact3&quot;; version:List&lt;Version&gt;=&quot;1.8&quot;"/>
    <property name="osgi.compatibility.bootdelegation" value="true"/>
    <property name="java.version" value="1.8.0_45-internal"/>
    <property name="org.osgi.framework.os.name" value="Linux"/>
    <property name="user.timezone" value="Asia/Shanghai"/>
    <property name="sun.arch.data.model" value="32"/>
    <property name="osgi.bundles" value="reference:file:/home/mengjingshi/.m2/repository/p2/osgi/bundle/com.jcraft.jsch/0.1.53.v201508180515/com.jcraft.jsch-0.1.53.v201508180515.jar,reference:file:/home/mengjingshi/.m2/repository/p2/osgi/bundle/com.sun.el/2.2.0.v201303151357/com.sun.el-2.2.0.v201303151357.jar,reference:file:/home/mengjingshi/.m2/repository/p2/osgi/bundle/javax.el/2.2.0.v201303151357/javax.el-2.2.0.v201303151357.jar,reference:file:/home/mengjingshi/.m2/repository/p2/osgi/bundle/javax.servlet/3.1.0.v201410161800/javax.servlet-3.1.0.v201410161800.jar,reference:file:/home/mengjingshi/.m2/repository/p2/osgi/bundle/javax.annotation/1.2.0.v201602091430/javax.annotation-1.2.0.v201602091430.jar,reference:file:/home/mengjingshi/.m2/repository/p2/osgi/bundle/javax.servlet.jsp/2.2.0.v201112011158/javax.servlet.jsp-2.2.0.v201112011158.jar,reference:file:/home/mengjingshi/.m2/repository/p2/osgi/bundle/javax.xml/1.3.4.v201005080400/javax.xml-1.3.4.v201005080400.jar,reference:file:/home/mengjingshi/.m2/repository/p2/osgi/bundle/org.apache.batik.css/1.7.0.v201011041433/org.apache.batik.css-1.7.0.v201011041433.jar,reference:file:/home/mengjingshi/.m2/repository/p2/osgi/bundle/org.apache.batik.util/1.7.0.v201011041433/org.apache.batik.util-1.7.0.v201011041433.jar,reference:file:/home/mengjingshi/.m2/repository/p2/osgi/bundle/org.w3c.dom.events/3.0.0.draft20060413_v201105210656/org.w3c.dom.events-3.0.0.draft20060413_v201105210656.jar,reference:file:/home/mengjingshi/.m2/repository/p2/osgi/bundle/org.w3c.css.sac/1.3.1.v200903091627/org.w3c.css.sac-1.3.1.v200903091627.jar,reference:file:/home/mengjingshi/.m2/repository/p2/osgi/bundle/org.w3c.dom.svg/1.1.0.v201011041433/org.w3c.dom.svg-1.1.0.v201011041433.jar,reference:file:/home/mengjingshi/.m2/repository/p2/osgi/bundle/org.apache.batik.util.gui/1.7.0.v200903091627/org.apache.batik.util.gui-1.7.0.v200903091627.jar,reference:file:/home/mengjingshi/.m2/repository/p2/osgi/bundle/org.apache.felix.gogo.command/0.10.0.v201209301215/org.apache.felix.gogo.command-0.10.0.v201209301215.jar,reference:file:/home/mengjingshi/.m2/repository/p2/osgi/bundle/org.apache.felix.gogo.runtime/0.10.0.v201209301036/org.apache.felix.gogo.runtime-0.10.0.v201209301036.jar,reference:file:/home/mengjingshi/.m2/repository/p2/osgi/bundle/org.eclipse.osgi.services/3.5.100.v20160504-1419/org.eclipse.osgi.services-3.5.100.v20160504-1419.jar,reference:file:/home/mengjingshi/.m2/repository/p2/osgi/bundle/org.apache.felix.gogo.shell/0.10.0.v201212101605/org.apache.felix.gogo.shell-0.10.0.v201212101605.jar,reference:file:/home/mengjingshi/.m2/repository/p2/osgi/bundle/org.apache.httpcomponents.httpclient/4.3.6.v201511171540/org.apache.httpcomponents.httpclient-4.3.6.v201511171540.jar,reference:file:/home/mengjingshi/.m2/repository/p2/osgi/bundle/org.apache.commons.codec/1.6.0.v201305230611/org.apache.commons.codec-1.6.0.v201305230611.jar,reference:file:/home/mengjingshi/.m2/repository/p2/osgi/bundle/org.apache.commons.logging/1.1.1.v201101211721/org.apache.commons.logging-1.1.1.v201101211721.jar,reference:file:/home/mengjingshi/.m2/repository/p2/osgi/bundle/org.apache.httpcomponents.httpcore/4.3.3.v201411290715/org.apache.httpcomponents.httpcore-4.3.3.v201411290715.jar,reference:file:/home/mengjingshi/.m2/repository/p2/osgi/bundle/org.apache.jasper.glassfish/2.2.2.v201501141630/org.apache.jasper.glassfish-2.2.2.v201501141630.jar,reference:file:/home/mengjingshi/.m2/repository/p2/osgi/bundle/org.apache.lucene.analysis/3.5.0.v20120725-1805/org.apache.lucene.analysis-3.5.0.v20120725-1805.jar,reference:file:/home/mengjingshi/.m2/repository/p2/osgi/bundle/org.apache.lucene.core/3.5.0.v20120725-1805/org.apache.lucene.core-3.5.0.v20120725-1805.jar,reference:file:/home/mengjingshi/.m2/repository/p2/osgi/bundle/org.eclipse.ant.core/3.4.100.v20160505-0642/org.eclipse.ant.core-3.4.100.v20160505-0642.jar,reference:file:/home/mengjingshi/.m2/repository/p2/osgi/bundle/org.eclipse.core.variables/3.3.0.v20160419-1720/org.eclipse.core.variables-3.3.0.v20160419-1720.jar,reference:file:/home/mengjingshi/.m2/repository/p2/osgi/bundle/org.eclipse.core.runtime/3.12.0.v20160606-1342/org.eclipse.core.runtime-3.12.0.v20160606-1342.jar@4:start,reference:file:/home/mengjingshi/Documents/workspace/org.eclipse.cdt/codan/org.eclipse.cdt.codan.checkers/target/org.eclipse.cdt.codan.checkers-3.2.0-SNAPSHOT.jar,reference:file:/home/mengjingshi/.m2/repository/p2/osgi/bundle/org.eclipse.core.resources/3.11.0.v20160503-1608/org.eclipse.core.resources-3.11.0.v20160503-1608.jar,reference:file:/home/mengjingshi/Documents/workspace/org.eclipse.cdt/codan/org.eclipse.cdt.codan.core/target/org.eclipse.cdt.codan.core-4.0.0-SNAPSHOT.jar,reference:file:/home/mengjingshi/Documents/workspace/org.eclipse.cdt/core/org.eclipse.cdt.core/target/org.eclipse.cdt.core-6.2.0-SNAPSHOT.jar,reference:file:/home/mengjingshi/Documents/workspace/org.eclipse.cdt/codan/org.eclipse.cdt.codan.core.cxx/target/org.eclipse.cdt.codan.core.cxx-3.4.0-SNAPSHOT.jar,reference:file:/home/mengjingshi/Documents/workspace/org.eclipse.cdt/codan/org.eclipse.cdt.codan.checkers.ui/target/org.eclipse.cdt.codan.checkers.ui-3.2.0-SNAPSHOT.jar,reference:file:/home/mengjingshi/Documents/workspace/org.eclipse.cdt/codan/org.eclipse.cdt.codan.ui.cxx/target/org.eclipse.cdt.codan.ui.cxx-3.3.0-SNAPSHOT.jar,reference:file:/home/mengjingshi/Documents/workspace/org.eclipse.cdt/core/org.eclipse.cdt.ui/target/org.eclipse.cdt.ui-6.1.0-SNAPSHOT.jar,reference:file:/home/mengjingshi/.m2/repository/p2/osgi/bundle/org.eclipse.jface.text/3.11.1.v20160819-1517/org.eclipse.jface.text-3.11.1.v20160819-1517.jar,reference:file:/home/mengjingshi/.m2/repository/p2/osgi/bundle/org.eclipse.ltk.core.refactoring/3.7.0.v20160419-0705/org.eclipse.ltk.core.refactoring-3.7.0.v20160419-0705.jar,reference:file:/home/mengjingshi/.m2/repository/p2/osgi/bundle/org.eclipse.ui/3.108.0.v20160518-1929/org.eclipse.ui-3.108.0.v20160518-1929.jar,reference:file:/home/mengjingshi/.m2/repository/p2/osgi/bundle/org.eclipse.ui.ide/3.12.1.v20160823-0925/org.eclipse.ui.ide-3.12.1.v20160823-0925.jar,reference:file:/home/mengjingshi/.m2/repository/p2/osgi/bundle/org.eclipse.core.filesystem/1.6.0.v20160503-1608/org.eclipse.core.filesystem-1.6.0.v20160503-1608.jar,reference:file:/home/mengjingshi/Documents/workspace/org.eclipse.cdt/codan/org.eclipse.cdt.codan.core.test,reference:file:/home/mengjingshi/Documents/workspace/org.eclipse.cdt/core/org.eclipse.cdt.core.tests/target/org.eclipse.cdt.core.tests-5.4.0-SNAPSHOT.jar,reference:file:/home/mengjingshi/.m2/repository/p2/osgi/bundle/org.eclipse.jface/3.12.0.v20160518-1929/org.eclipse.jface-3.12.0.v20160518-1929.jar,reference:file:/home/mengjingshi/.m2/repository/p2/osgi/bundle/org.junit/4.12.0.v201504281640/org.junit-4.12.0.v201504281640.jar,reference:file:/home/mengjingshi/Documents/workspace/org.eclipse.cdt/codan/org.eclipse.cdt.codan.ui/target/org.eclipse.cdt.codan.ui-3.2.0-SNAPSHOT.jar,reference:file:/home/mengjingshi/.m2/repository/p2/osgi/bundle/org.eclipse.ui.console/3.6.200.v20160518-1858/org.eclipse.ui.console-3.6.200.v20160518-1858.jar,reference:file:/home/mengjingshi/.m2/repository/p2/osgi/bundle/org.eclipse.ui.editors/3.10.0.v20160505-0931/org.eclipse.ui.editors-3.10.0.v20160505-0931.jar,reference:file:/home/mengjingshi/.m2/repository/p2/osgi/bundle/org.eclipse.ui.workbench.texteditor/3.10.1.v20160818-1626/org.eclipse.ui.workbench.texteditor-3.10.1.v20160818-1626.jar,reference:file:/home/mengjingshi/Documents/workspace/org.eclipse.cdt/core/org.eclipse.cdt.core.native/target/org.eclipse.cdt.core.native-5.10.0-SNAPSHOT.jar,reference:file:/home/mengjingshi/.m2/repository/p2/osgi/bundle/org.eclipse.core.contenttype/3.5.100.v20160418-1621/org.eclipse.core.contenttype-3.5.100.v20160418-1621.jar,reference:file:/home/mengjingshi/.m2/repository/p2/osgi/bundle/org.eclipse.core.expressions/3.5.100.v20160418-1621/org.eclipse.core.expressions-3.5.100.v20160418-1621.jar,reference:file:/home/mengjingshi/.m2/repository/p2/osgi/bundle/org.eclipse.core.filebuffers/3.6.0.v20160503-1849/org.eclipse.core.filebuffers-3.6.0.v20160503-1849.jar,reference:file:/home/mengjingshi/.m2/repository/p2/osgi/bundle/org.eclipse.text/3.6.0.v20160503-1849/org.eclipse.text-3.6.0.v20160503-1849.jar,reference:file:/home/mengjingshi/.m2/repository/p2/osgi/bundle/com.ibm.icu/56.1.0.v201601250100/com.ibm.icu-56.1.0.v201601250100.jar,reference:file:/home/mengjingshi/.m2/repository/p2/osgi/bundle/com.google.gson/2.2.4.v201311231704/com.google.gson-2.2.4.v201311231704.jar,reference:file:/home/mengjingshi/.m2/repository/p2/osgi/bundle/org.eclipse.compare/3.6.0.v20160418-1534/org.eclipse.compare-3.6.0.v20160418-1534.jar,reference:file:/home/mengjingshi/.m2/repository/p2/osgi/bundle/org.eclipse.help/3.7.0.v20160602-1307/org.eclipse.help-3.7.0.v20160602-1307.jar,reference:file:/home/mengjingshi/.m2/repository/p2/osgi/bundle/org.eclipse.ltk.ui.refactoring/3.8.0.v20160518-1817/org.eclipse.ltk.ui.refactoring-3.8.0.v20160518-1817.jar,reference:file:/home/mengjingshi/.m2/repository/p2/osgi/bundle/org.eclipse.search/3.11.0.v20160519-1501/org.eclipse.search-3.11.0.v20160519-1501.jar,reference:file:/home/mengjingshi/.m2/repository/p2/osgi/bundle/org.eclipse.ui.forms/3.7.0.v20160518-1929/org.eclipse.ui.forms-3.7.0.v20160518-1929.jar,reference:file:/home/mengjingshi/.m2/repository/p2/osgi/bundle/org.eclipse.ui.navigator/3.6.100.v20160518-1929/org.eclipse.ui.navigator-3.6.100.v20160518-1929.jar,reference:file:/home/mengjingshi/.m2/repository/p2/osgi/bundle/org.eclipse.ui.navigator.resources/3.5.100.v20160518-1929/org.eclipse.ui.navigator.resources-3.5.100.v20160518-1929.jar,reference:file:/home/mengjingshi/.m2/repository/p2/osgi/bundle/org.eclipse.ui.views/3.8.101.v20160816-1954/org.eclipse.ui.views-3.8.101.v20160816-1954.jar,reference:file:/home/mengjingshi/.m2/repository/p2/osgi/bundle/org.eclipse.e4.ui.css.swt.theme/0.10.100.v20160523-0836/org.eclipse.e4.ui.css.swt.theme-0.10.100.v20160523-0836.jar,reference:file:/home/mengjingshi/.m2/repository/p2/osgi/bundle/org.eclipse.tools.templates.ui/1.1.0.201611032032/org.eclipse.tools.templates.ui-1.1.0.201611032032.jar,reference:file:/home/mengjingshi/.m2/repository/p2/osgi/bundle/org.eclipse.compare.core/3.6.0.v20160418-1534/org.eclipse.compare.core-3.6.0.v20160418-1534.jar,reference:file:/home/mengjingshi/.m2/repository/p2/osgi/bundle/org.eclipse.core.commands/3.8.0.v20160316-1921/org.eclipse.core.commands-3.8.0.v20160316-1921.jar,reference:file:/home/mengjingshi/.m2/repository/p2/osgi/bundle/org.eclipse.equinox.common/3.8.0.v20160509-1230/org.eclipse.equinox.common-3.8.0.v20160509-1230.jar@2:start,reference:file:/home/mengjingshi/.m2/repository/p2/osgi/bundle/org.eclipse.equinox.preferences/3.6.1.v20160815-1406/org.eclipse.equinox.preferences-3.6.1.v20160815-1406.jar,reference:file:/home/mengjingshi/.m2/repository/p2/osgi/bundle/org.eclipse.equinox.registry/3.6.100.v20160223-2218/org.eclipse.equinox.registry-3.6.100.v20160223-2218.jar,reference:file:/home/mengjingshi/.m2/repository/p2/osgi/bundle/org.eclipse.core.databinding/1.6.0.v20160412-0910/org.eclipse.core.databinding-1.6.0.v20160412-0910.jar,reference:file:/home/mengjingshi/.m2/repository/p2/osgi/bundle/org.eclipse.core.databinding.observable/1.6.0.v20160511-1747/org.eclipse.core.databinding.observable-1.6.0.v20160511-1747.jar,reference:file:/home/mengjingshi/.m2/repository/p2/osgi/bundle/org.eclipse.core.databinding.property/1.6.0.v20160427-0852/org.eclipse.core.databinding.property-1.6.0.v20160427-0852.jar,reference:file:/home/mengjingshi/.m2/repository/p2/osgi/bundle/org.eclipse.core.databinding.beans/1.3.100.v20160509-1025/org.eclipse.core.databinding.beans-1.3.100.v20160509-1025.jar,reference:file:/home/mengjingshi/.m2/repository/p2/osgi/bundle/org.eclipse.core.externaltools/1.0.400.v20160509-1057/org.eclipse.core.externaltools-1.0.400.v20160509-1057.jar,reference:file:/home/mengjingshi/.m2/repository/p2/osgi/bundle/org.eclipse.debug.core/3.10.100.v20160419-1720/org.eclipse.debug.core-3.10.100.v20160419-1720.jar,reference:file:/home/mengjingshi/.m2/repository/p2/osgi/bundle/org.eclipse.core.filesystem.linux.x86/1.4.200.v20140124-1940/org.eclipse.core.filesystem.linux.x86-1.4.200.v20140124-1940.jar,reference:file:/home/mengjingshi/.m2/repository/p2/osgi/bundle/org.eclipse.core.jobs/3.8.0.v20160509-0411/org.eclipse.core.jobs-3.8.0.v20160509-0411.jar,reference:file:/home/mengjingshi/.m2/repository/p2/osgi/bundle/org.eclipse.core.net/1.3.0.v20160418-1534/org.eclipse.core.net-1.3.0.v20160418-1534.jar,reference:file:/home/mengjingshi/.m2/repository/p2/osgi/bundle/org.eclipse.equinox.security/1.2.200.v20150715-1528/org.eclipse.equinox.security-1.2.200.v20150715-1528.jar,reference:file:/home/mengjingshi/.m2/repository/p2/osgi/bundle/org.eclipse.core.net.linux.x86/1.2.0.v20160323-1650/org.eclipse.core.net.linux.x86-1.2.0.v20160323-1650.jar,reference:file:/home/mengjingshi/.m2/repository/p2/osgi/bundle/org.eclipse.equinox.app/1.3.400.v20150715-1528/org.eclipse.equinox.app-1.3.400.v20150715-1528.jar,reference:file:/home/mengjingshi/.m2/repository/p2/osgi/bundle/org.eclipse.debug.ui/3.11.201.v20160825-1412/org.eclipse.debug.ui-3.11.201.v20160825-1412.jar,reference:file:/home/mengjingshi/.m2/repository/p2/osgi/bundle/org.eclipse.e4.core.commands/0.11.100.v20160506-0804/org.eclipse.e4.core.commands-0.11.100.v20160506-0804.jar,reference:file:/home/mengjingshi/.m2/repository/p2/osgi/bundle/org.eclipse.e4.core.di/1.6.1.v20160712-0927/org.eclipse.e4.core.di-1.6.1.v20160712-0927.jar,reference:file:/home/mengjingshi/.m2/repository/p2/osgi/bundle/javax.inject/1.0.0.v20091030/javax.inject-1.0.0.v20091030.jar,reference:file:/home/mengjingshi/.m2/repository/p2/osgi/bundle/org.eclipse.e4.core.contexts/1.5.0.v20160504-0909/org.eclipse.e4.core.contexts-1.5.0.v20160504-0909.jar,reference:file:/home/mengjingshi/.m2/repository/p2/osgi/bundle/org.eclipse.e4.core.services/2.0.100.v20160509-1032/org.eclipse.e4.core.services-2.0.100.v20160509-1032.jar,reference:file:/home/mengjingshi/.m2/repository/p2/osgi/bundle/org.eclipse.e4.core.di.annotations/1.5.0.v20151127-1241/org.eclipse.e4.core.di.annotations-1.5.0.v20151127-1241.jar,reference:file:/home/mengjingshi/.m2/repository/p2/osgi/bundle/org.eclipse.e4.core.di.extensions/0.14.0.v20160211-1614/org.eclipse.e4.core.di.extensions-0.14.0.v20160211-1614.jar,reference:file:/home/mengjingshi/.m2/repository/p2/osgi/bundle/org.eclipse.e4.emf.xpath/0.1.200.v20160506-0804/org.eclipse.e4.emf.xpath-0.1.200.v20160506-0804.jar,reference:file:/home/mengjingshi/.m2/repository/p2/osgi/bundle/org.apache.commons.jxpath/1.3.0.v200911051830/org.apache.commons.jxpath-1.3.0.v200911051830.jar,reference:file:/home/mengjingshi/.m2/repository/p2/osgi/bundle/org.eclipse.emf.ecore/2.12.0.v20160420-0247/org.eclipse.emf.ecore-2.12.0.v20160420-0247.jar,reference:file:/home/mengjingshi/.m2/repository/p2/osgi/bundle/org.eclipse.e4.ui.workbench.swt/0.14.1.v20160829-0832/org.eclipse.e4.ui.workbench.swt-0.14.1.v20160829-0832.jar,reference:file:/home/mengjingshi/.m2/repository/p2/osgi/bundle/org.eclipse.e4.ui.bindings/0.11.100.v20160509-1025/org.eclipse.e4.ui.bindings-0.11.100.v20160509-1025.jar,reference:file:/home/mengjingshi/.m2/repository/p2/osgi/bundle/org.eclipse.e4.ui.model.workbench/1.2.0.v20160229-1459/org.eclipse.e4.ui.model.workbench-1.2.0.v20160229-1459.jar,reference:file:/home/mengjingshi/.m2/repository/p2/osgi/bundle/org.eclipse.e4.ui.services/1.2.100.v20160506-0759/org.eclipse.e4.ui.services-1.2.100.v20160506-0759.jar,reference:file:/home/mengjingshi/.m2/repository/p2/osgi/bundle/org.eclipse.e4.ui.workbench.renderers.swt/0.14.0.v20160525-0940/org.eclipse.e4.ui.workbench.renderers.swt-0.14.0.v20160525-0940.jar,reference:file:/home/mengjingshi/.m2/repository/p2/osgi/bundle/org.eclipse.e4.ui.workbench/1.4.0.v20160517-1624/org.eclipse.e4.ui.workbench-1.4.0.v20160517-1624.jar,reference:file:/home/mengjingshi/.m2/repository/p2/osgi/bundle/org.eclipse.e4.ui.css.core/0.12.0.v20160505-1310/org.eclipse.e4.ui.css.core-0.12.0.v20160505-1310.jar,reference:file:/home/mengjingshi/.m2/repository/p2/osgi/bundle/org.eclipse.e4.ui.css.swt/0.12.100.v20160517-1505/org.eclipse.e4.ui.css.swt-0.12.100.v20160517-1505.jar,reference:file:/home/mengjingshi/.m2/repository/p2/osgi/bundle/org.w3c.dom.smil/1.0.1.v200903091627/org.w3c.dom.smil-1.0.1.v200903091627.jar,reference:file:/home/mengjingshi/.m2/repository/p2/osgi/bundle/org.eclipse.e4.ui.di/1.1.100.v20160506-0759/org.eclipse.e4.ui.di-1.1.100.v20160506-0759.jar,reference:file:/home/mengjingshi/.m2/repository/p2/osgi/bundle/org.eclipse.e4.ui.widgets/1.1.100.v20160506-0759/org.eclipse.e4.ui.widgets-1.1.100.v20160506-0759.jar,reference:file:/home/mengjingshi/.m2/repository/p2/osgi/bundle/org.eclipse.equinox.ds/1.4.400.v20160226-2036/org.eclipse.equinox.ds-1.4.400.v20160226-2036.jar@1:start,reference:file:/home/mengjingshi/.m2/repository/p2/osgi/bundle/org.eclipse.equinox.event/1.3.200.v20160324-1850/org.eclipse.equinox.event-1.3.200.v20160324-1850.jar,reference:file:/home/mengjingshi/.m2/repository/p2/osgi/bundle/org.eclipse.equinox.launcher/1.3.200.v20160318-1642/org.eclipse.equinox.launcher-1.3.200.v20160318-1642.jar,reference:file:/home/mengjingshi/.m2/repository/p2/osgi/bundle/org.eclipse.equinox.simpleconfigurator/1.1.200.v20160504-1450/org.eclipse.equinox.simpleconfigurator-1.1.200.v20160504-1450.jar@1:start,reference:file:/home/mengjingshi/.m2/repository/p2/osgi/bundle/org.eclipse.osgi.compatibility.state/1.0.200.v20160504-1419/org.eclipse.osgi.compatibility.state-1.0.200.v20160504-1419.jar,reference:file:/home/mengjingshi/Documents/workspace/org.eclipse.cdt/codan/org.eclipse.cdt.codan.core.test/target/work/plugins/org.eclipse.equinox.launcher.gtk.linux.x86_1.1.400.v20160518-1444,reference:file:/home/mengjingshi/.m2/repository/p2/osgi/bundle/org.eclipse.swt/3.105.1.v20160907-0248/org.eclipse.swt-3.105.1.v20160907-0248.jar,reference:file:/home/mengjingshi/.m2/repository/p2/osgi/bundle/org.eclipse.swt.gtk.linux.x86/3.105.1.v20160907-0248/org.eclipse.swt.gtk.linux.x86-3.105.1.v20160907-0248.jar,reference:file:/home/mengjingshi/.m2/repository/p2/osgi/bundle/org.eclipse.equinox.util/1.0.500.v20130404-1337/org.eclipse.equinox.util-1.0.500.v20130404-1337.jar,reference:file:/home/mengjingshi/.m2/repository/p2/osgi/bundle/org.eclipse.jface.databinding/1.8.0.v20160420-2231/org.eclipse.jface.databinding-1.8.0.v20160420-2231.jar,reference:file:/home/mengjingshi/.m2/repository/p2/osgi/bundle/org.eclipse.e4.ui.workbench3/0.13.100.v20160506-0759/org.eclipse.e4.ui.workbench3-0.13.100.v20160506-0759.jar,reference:file:/home/mengjingshi/.m2/repository/p2/osgi/bundle/org.eclipse.equinox.console/1.1.200.v20150929-1405/org.eclipse.equinox.console-1.1.200.v20150929-1405.jar,reference:file:/home/mengjingshi/.m2/repository/p2/osgi/bundle/org.eclipse.e4.ui.workbench.addons.swt/1.2.100.v20160831-1151/org.eclipse.e4.ui.workbench.addons.swt-1.2.100.v20160831-1151.jar,reference:file:/home/mengjingshi/.m2/repository/p2/osgi/bundle/org.eclipse.equinox.bidi/1.0.0.v20160307-1318/org.eclipse.equinox.bidi-1.0.0.v20160307-1318.jar,reference:file:/home/mengjingshi/.m2/repository/p2/osgi/bundle/org.eclipse.e4.ui.dialogs/1.1.0.v20151127-1218/org.eclipse.e4.ui.dialogs-1.1.0.v20151127-1218.jar,reference:file:/home/mengjingshi/.m2/repository/p2/osgi/bundle/org.eclipse.e4.ui.swt.gtk/1.0.100.v20160301-1001/org.eclipse.e4.ui.swt.gtk-1.0.100.v20160301-1001.jar,reference:file:/home/mengjingshi/.m2/repository/p2/osgi/bundle/org.eclipse.emf.ecore.change/2.11.0.v20160420-0247/org.eclipse.emf.ecore.change-2.11.0.v20160420-0247.jar,reference:file:/home/mengjingshi/.m2/repository/p2/osgi/bundle/org.eclipse.emf.ecore.xmi/2.12.0.v20160420-0247/org.eclipse.emf.ecore.xmi-2.12.0.v20160420-0247.jar,reference:file:/home/mengjingshi/.m2/repository/p2/osgi/bundle/org.eclipse.ecf/3.8.0.v20160823-2221/org.eclipse.ecf-3.8.0.v20160823-2221.jar,reference:file:/home/mengjingshi/.m2/repository/p2/osgi/bundle/org.eclipse.ecf.identity/3.7.0.v20160823-2221/org.eclipse.ecf.identity-3.7.0.v20160823-2221.jar,reference:file:/home/mengjingshi/.m2/repository/p2/osgi/bundle/org.eclipse.equinox.concurrent/1.1.0.v20130327-1442/org.eclipse.equinox.concurrent-1.1.0.v20130327-1442.jar,reference:file:/home/mengjingshi/.m2/repository/p2/osgi/bundle/org.eclipse.ecf.ssl/1.2.0.v20160823-2221/org.eclipse.ecf.ssl-1.2.0.v20160823-2221.jar,reference:file:/home/mengjingshi/.m2/repository/p2/osgi/bundle/org.eclipse.ecf.filetransfer/5.0.0.v20160823-2221/org.eclipse.ecf.filetransfer-5.0.0.v20160823-2221.jar,reference:file:/home/mengjingshi/.m2/repository/p2/osgi/bundle/org.eclipse.ecf.provider.filetransfer/3.2.200.v20160823-2221/org.eclipse.ecf.provider.filetransfer-3.2.200.v20160823-2221.jar,reference:file:/home/mengjingshi/.m2/repository/p2/osgi/bundle/org.eclipse.ecf.provider.filetransfer.httpclient4/1.1.100.v20160823-2221/org.eclipse.ecf.provider.filetransfer.httpclient4-1.1.100.v20160823-2221.jar,reference:file:/home/mengjingshi/.m2/repository/p2/osgi/bundle/org.eclipse.ecf.provider.filetransfer.httpclient4.ssl/1.1.0.v20160823-2221/org.eclipse.ecf.provider.filetransfer.httpclient4.ssl-1.1.0.v20160823-2221.jar,reference:file:/home/mengjingshi/.m2/repository/p2/osgi/bundle/org.eclipse.ecf.provider.filetransfer.ssl/1.0.0.v20160823-2221/org.eclipse.ecf.provider.filetransfer.ssl-1.0.0.v20160823-2221.jar,reference:file:/home/mengjingshi/.m2/repository/p2/osgi/bundle/org.eclipse.emf.common/2.12.0.v20160420-0247/org.eclipse.emf.common-2.12.0.v20160420-0247.jar,reference:file:/home/mengjingshi/.m2/repository/p2/osgi/bundle/org.eclipse.equinox.frameworkadmin/2.0.300.v20160504-1450/org.eclipse.equinox.frameworkadmin-2.0.300.v20160504-1450.jar,reference:file:/home/mengjingshi/.m2/repository/p2/osgi/bundle/org.eclipse.equinox.frameworkadmin.equinox/1.0.700.v20160102-2223/org.eclipse.equinox.frameworkadmin.equinox-1.0.700.v20160102-2223.jar,reference:file:/home/mengjingshi/.m2/repository/p2/osgi/bundle/org.eclipse.equinox.http.jetty/3.3.0.v20160324-1850/org.eclipse.equinox.http.jetty-3.3.0.v20160324-1850.jar,reference:file:/home/mengjingshi/.m2/repository/p2/osgi/bundle/org.eclipse.equinox.http.servlet/1.3.1.v20160808-1329/org.eclipse.equinox.http.servlet-1.3.1.v20160808-1329.jar,reference:file:/home/mengjingshi/.m2/repository/p2/osgi/bundle/org.eclipse.jetty.http/9.3.9.v20160517/org.eclipse.jetty.http-9.3.9.v20160517.jar,reference:file:/home/mengjingshi/.m2/repository/p2/osgi/bundle/org.eclipse.jetty.server/9.3.9.v20160517/org.eclipse.jetty.server-9.3.9.v20160517.jar,reference:file:/home/mengjingshi/.m2/repository/p2/osgi/bundle/org.eclipse.jetty.servlet/9.3.9.v20160517/org.eclipse.jetty.servlet-9.3.9.v20160517.jar,reference:file:/home/mengjingshi/.m2/repository/p2/osgi/bundle/org.eclipse.jetty.util/9.3.9.v20160517/org.eclipse.jetty.util-9.3.9.v20160517.jar,reference:file:/home/mengjingshi/.m2/repository/p2/osgi/bundle/org.eclipse.equinox.http.registry/1.1.400.v20150715-1528/org.eclipse.equinox.http.registry-1.1.400.v20150715-1528.jar,reference:file:/home/mengjingshi/.m2/repository/p2/osgi/bundle/org.eclipse.equinox.jsp.jasper/1.0.500.v20150119-1358/org.eclipse.equinox.jsp.jasper-1.0.500.v20150119-1358.jar,reference:file:/home/mengjingshi/.m2/repository/p2/osgi/bundle/org.eclipse.equinox.jsp.jasper.registry/1.0.300.v20130327-1442/org.eclipse.equinox.jsp.jasper.registry-1.0.300.v20130327-1442.jar,reference:file:/home/mengjingshi/.m2/repository/p2/osgi/bundle/org.eclipse.equinox.p2.artifact.repository/1.1.500.v20160419-0834/org.eclipse.equinox.p2.artifact.repository-1.1.500.v20160419-0834.jar,reference:file:/home/mengjingshi/.m2/repository/p2/osgi/bundle/org.eclipse.equinox.p2.metadata/2.3.100.v20160427-2220/org.eclipse.equinox.p2.metadata-2.3.100.v20160427-2220.jar,reference:file:/home/mengjingshi/.m2/repository/p2/osgi/bundle/org.tukaani.xz/1.3.0.v201308270617/org.tukaani.xz-1.3.0.v201308270617.jar,reference:file:/home/mengjingshi/.m2/repository/p2/osgi/bundle/org.eclipse.equinox.p2.core/2.4.100.v20160419-0834/org.eclipse.equinox.p2.core-2.4.100.v20160419-0834.jar,reference:file:/home/mengjingshi/.m2/repository/p2/osgi/bundle/org.eclipse.equinox.p2.jarprocessor/1.0.500.v20160504-1450/org.eclipse.equinox.p2.jarprocessor-1.0.500.v20160504-1450.jar,reference:file:/home/mengjingshi/.m2/repository/p2/osgi/bundle/org.eclipse.equinox.p2.repository/2.3.200.v20160421-0324/org.eclipse.equinox.p2.repository-2.3.200.v20160421-0324.jar,reference:file:/home/mengjingshi/.m2/repository/p2/osgi/bundle/org.eclipse.equinox.p2.console/1.0.500.v20160504-1450/org.eclipse.equinox.p2.console-1.0.500.v20160504-1450.jar,reference:file:/home/mengjingshi/.m2/repository/p2/osgi/bundle/org.eclipse.equinox.p2.director/2.3.300.v20160504-1450/org.eclipse.equinox.p2.director-2.3.300.v20160504-1450.jar,reference:file:/home/mengjingshi/.m2/repository/p2/osgi/bundle/org.eclipse.equinox.p2.engine/2.4.100.v20160419-0834/org.eclipse.equinox.p2.engine-2.4.100.v20160419-0834.jar,reference:file:/home/mengjingshi/.m2/repository/p2/osgi/bundle/org.eclipse.equinox.p2.garbagecollector/1.0.300.v20160504-1450/org.eclipse.equinox.p2.garbagecollector-1.0.300.v20160504-1450.jar,reference:file:/home/mengjingshi/.m2/repository/p2/osgi/bundle/org.eclipse.equinox.p2.metadata.repository/1.2.300.v20160419-0834/org.eclipse.equinox.p2.metadata.repository-1.2.300.v20160419-0834.jar,reference:file:/home/mengjingshi/.m2/repository/p2/osgi/bundle/org.eclipse.equinox.p2.touchpoint.eclipse/2.1.400.v20160419-0834/org.eclipse.equinox.p2.touchpoint.eclipse-2.1.400.v20160419-0834.jar,reference:file:/home/mengjingshi/.m2/repository/p2/osgi/bundle/org.eclipse.equinox.p2.touchpoint.natives/1.2.100.v20160419-0834/org.eclipse.equinox.p2.touchpoint.natives-1.2.100.v20160419-0834.jar,reference:file:/home/mengjingshi/.m2/repository/p2/osgi/bundle/org.eclipse.equinox.simpleconfigurator.manipulator/2.0.200.v20160504-1450/org.eclipse.equinox.simpleconfigurator.manipulator-2.0.200.v20160504-1450.jar,reference:file:/home/mengjingshi/.m2/repository/p2/osgi/bundle/org.sat4j.core/2.3.5.v201308161310/org.sat4j.core-2.3.5.v201308161310.jar,reference:file:/home/mengjingshi/.m2/repository/p2/osgi/bundle/org.sat4j.pb/2.3.5.v201404071733/org.sat4j.pb-2.3.5.v201404071733.jar,reference:file:/home/mengjingshi/.m2/repository/p2/osgi/bundle/org.eclipse.equinox.p2.transport.ecf/1.1.200.v20160606-1311/org.eclipse.equinox.p2.transport.ecf-1.1.200.v20160606-1311.jar,reference:file:/home/mengjingshi/.m2/repository/p2/osgi/bundle/org.eclipse.equinox.p2.operations/2.4.200.v20160504-1450/org.eclipse.equinox.p2.operations-2.4.200.v20160504-1450.jar,reference:file:/home/mengjingshi/.m2/repository/p2/osgi/bundle/org.eclipse.equinox.p2.director.app/1.0.500.v20160419-0834/org.eclipse.equinox.p2.director.app-1.0.500.v20160419-0834.jar,reference:file:/home/mengjingshi/.m2/repository/p2/osgi/bundle/org.eclipse.equinox.p2.directorywatcher/1.1.100.v20150423-1455/org.eclipse.equinox.p2.directorywatcher-1.1.100.v20150423-1455.jar,reference:file:/home/mengjingshi/.m2/repository/p2/osgi/bundle/org.eclipse.equinox.p2.publisher/1.4.100.v20160504-1450/org.eclipse.equinox.p2.publisher-1.4.100.v20160504-1450.jar,reference:file:/home/mengjingshi/.m2/repository/p2/osgi/bundle/org.eclipse.equinox.p2.publisher.eclipse/1.2.100.v20160504-1450/org.eclipse.equinox.p2.publisher.eclipse-1.2.100.v20160504-1450.jar,reference:file:/home/mengjingshi/.m2/repository/p2/osgi/bundle/org.eclipse.equinox.p2.extensionlocation/1.2.300.v20160419-0834/org.eclipse.equinox.p2.extensionlocation-1.2.300.v20160419-0834.jar,reference:file:/home/mengjingshi/.m2/repository/p2/osgi/bundle/org.eclipse.equinox.p2.reconciler.dropins/1.1.400.v20160504-1450/org.eclipse.equinox.p2.reconciler.dropins-1.1.400.v20160504-1450.jar,reference:file:/home/mengjingshi/.m2/repository/p2/osgi/bundle/org.eclipse.equinox.p2.repository.tools/2.1.300.v20160421-0324/org.eclipse.equinox.p2.repository.tools-2.1.300.v20160421-0324.jar,reference:file:/home/mengjingshi/.m2/repository/p2/osgi/bundle/org.eclipse.equinox.p2.ui/2.4.100.v20160419-0834/org.eclipse.equinox.p2.ui-2.4.100.v20160419-0834.jar,reference:file:/home/mengjingshi/.m2/repository/p2/osgi/bundle/org.eclipse.equinox.p2.ui.sdk.scheduler/1.2.200.v20160504-1450/org.eclipse.equinox.p2.ui.sdk.scheduler-1.2.200.v20160504-1450.jar,reference:file:/home/mengjingshi/.m2/repository/p2/osgi/bundle/org.eclipse.equinox.p2.updatechecker/1.1.200.v20131119-0908/org.eclipse.equinox.p2.updatechecker-1.1.200.v20131119-0908.jar,reference:file:/home/mengjingshi/.m2/repository/p2/osgi/bundle/org.eclipse.equinox.security.ui/1.1.300.v20150803-1225/org.eclipse.equinox.security.ui-1.1.300.v20150803-1225.jar,reference:file:/home/mengjingshi/.m2/repository/p2/osgi/bundle/org.eclipse.equinox.p2.ui.sdk/1.0.400.v20150423-1455/org.eclipse.equinox.p2.ui.sdk-1.0.400.v20150423-1455.jar,reference:file:/home/mengjingshi/.m2/repository/p2/osgi/bundle/org.eclipse.equinox.p2.ui.importexport/1.1.200.v20160521-1138/org.eclipse.equinox.p2.ui.importexport-1.1.200.v20160521-1138.jar,reference:file:/home/mengjingshi/.m2/repository/p2/osgi/bundle/org.eclipse.equinox.p2.updatesite/1.0.600.v20160504-1450/org.eclipse.equinox.p2.updatesite-1.0.600.v20160504-1450.jar,reference:file:/home/mengjingshi/.m2/repository/p2/osgi/bundle/org.eclipse.help.base/4.1.0.v20160907-1200/org.eclipse.help.base-4.1.0.v20160907-1200.jar,reference:file:/home/mengjingshi/.m2/repository/p2/osgi/bundle/org.eclipse.help.ui/4.0.200.v20160510-0758/org.eclipse.help.ui-4.0.200.v20160510-0758.jar,reference:file:/home/mengjingshi/.m2/repository/p2/osgi/bundle/org.eclipse.help.webapp/3.8.0.v20160504-0839/org.eclipse.help.webapp-3.8.0.v20160504-0839.jar,reference:file:/home/mengjingshi/.m2/repository/p2/osgi/bundle/org.eclipse.jetty.continuation/9.3.9.v20160517/org.eclipse.jetty.continuation-9.3.9.v20160517.jar,reference:file:/home/mengjingshi/.m2/repository/p2/osgi/bundle/org.eclipse.jetty.io/9.3.9.v20160517/org.eclipse.jetty.io-9.3.9.v20160517.jar,reference:file:/home/mengjingshi/.m2/repository/p2/osgi/bundle/org.eclipse.jetty.security/9.3.9.v20160517/org.eclipse.jetty.security-9.3.9.v20160517.jar,reference:file:/home/mengjingshi/.m2/repository/p2/osgi/bundle/org.eclipse.jsch.core/1.3.0.v20160422-1917/org.eclipse.jsch.core-1.3.0.v20160422-1917.jar,reference:file:/home/mengjingshi/.m2/repository/p2/osgi/bundle/org.eclipse.jsch.ui/1.3.0.v20160323-1650/org.eclipse.jsch.ui-1.3.0.v20160323-1650.jar,reference:file:/home/mengjingshi/.m2/repository/p2/osgi/bundle/org.eclipse.team.core/3.8.0.v20160418-1534/org.eclipse.team.core-3.8.0.v20160418-1534.jar,reference:file:/home/mengjingshi/.m2/repository/p2/osgi/bundle/org.eclipse.team.ui/3.8.0.v20160518-1906/org.eclipse.team.ui-3.8.0.v20160518-1906.jar,reference:file:/home/mengjingshi/.m2/repository/p2/osgi/bundle/org.eclipse.osgi.util/3.3.100.v20150423-1351/org.eclipse.osgi.util-3.3.100.v20150423-1351.jar,reference:file:/home/mengjingshi/Documents/workspace/org.eclipse.cdt/codan/org.eclipse.cdt.codan.core.test/target/work/plugins/org.eclipse.platform_4.6.1.v20160907-1200,reference:file:/home/mengjingshi/.m2/repository/p2/osgi/bundle/org.eclipse.ui.intro/3.5.1.v20160829-1558/org.eclipse.ui.intro-3.5.1.v20160829-1558.jar,reference:file:/home/mengjingshi/.m2/repository/p2/osgi/bundle/org.eclipse.platform.doc.user/4.6.1.v20160727-2009/org.eclipse.platform.doc.user-4.6.1.v20160727-2009.jar,reference:file:/home/mengjingshi/.m2/repository/p2/osgi/bundle/org.apache.ant/1.9.6.v201510161327/org.apache.ant-1.9.6.v201510161327.jar,reference:file:/home/mengjingshi/.m2/repository/p2/osgi/bundle/org.eclipse.ui.intro.universal/3.3.1.v20160829-1558/org.eclipse.ui.intro.universal-3.3.1.v20160829-1558.jar,reference:file:/home/mengjingshi/.m2/repository/p2/osgi/bundle/org.eclipse.ui.cheatsheets/3.5.0.v20160504-0839/org.eclipse.ui.cheatsheets-3.5.0.v20160504-0839.jar,reference:file:/home/mengjingshi/.m2/repository/p2/osgi/bundle/org.eclipse.ui.browser/3.5.1.v20160712-0914/org.eclipse.ui.browser-3.5.1.v20160712-0914.jar,reference:file:/home/mengjingshi/.m2/repository/p2/osgi/bundle/org.eclipse.ui.monitoring/1.1.0.v20160131-1628/org.eclipse.ui.monitoring-1.1.0.v20160131-1628.jar,reference:file:/home/mengjingshi/.m2/repository/p2/osgi/bundle/org.eclipse.ui.net/1.3.0.v20160426-1633/org.eclipse.ui.net-1.3.0.v20160426-1633.jar,reference:file:/home/mengjingshi/.m2/repository/p2/osgi/bundle/org.eclipse.ui.externaltools/3.3.100.v20160518-1858/org.eclipse.ui.externaltools-3.3.100.v20160518-1858.jar,reference:file:/home/mengjingshi/.m2/repository/p2/osgi/bundle/org.eclipse.ui.ide.application/1.1.101.v20160829-0827/org.eclipse.ui.ide.application-1.1.101.v20160829-0827.jar,reference:file:/home/mengjingshi/.m2/repository/p2/osgi/bundle/org.eclipse.ui.views.properties.tabbed/3.7.0.v20160310-0903/org.eclipse.ui.views.properties.tabbed-3.7.0.v20160310-0903.jar,reference:file:/home/mengjingshi/Documents/workspace/org.eclipse.cdt/codan/org.eclipse.cdt.codan.core.test/target/work/plugins/org.eclipse.ui.themes_1.1.200.v20160815-0536,reference:file:/home/mengjingshi/.m2/repository/p2/osgi/bundle/org.eclipse.ui.intro.quicklinks/1.0.0.v20160515-0255/org.eclipse.ui.intro.quicklinks-1.0.0.v20160515-0255.jar,reference:file:/home/mengjingshi/.m2/repository/p2/osgi/bundle/org.eclipse.ui.workbench/3.108.1.v20160819-2118/org.eclipse.ui.workbench-3.108.1.v20160819-2118.jar,reference:file:/home/mengjingshi/.m2/repository/p2/osgi/bundle/org.eclipse.update.configurator/3.3.400.v20160506-0750/org.eclipse.update.configurator-3.3.400.v20160506-0750.jar@3:start,reference:file:/home/mengjingshi/.m2/repository/p2/osgi/bundle/org.eclipse.rcp/4.6.1.v20160907-1200/org.eclipse.rcp-4.6.1.v20160907-1200.jar,reference:file:/home/mengjingshi/.m2/repository/p2/osgi/bundle/org.eclipse.tools.templates.core/1.1.0.201611032032/org.eclipse.tools.templates.core-1.1.0.201611032032.jar,reference:file:/home/mengjingshi/.m2/repository/p2/osgi/bundle/org.hamcrest.core/1.3.0.v201303031735/org.hamcrest.core-1.3.0.v201303031735.jar,reference:file:/home/mengjingshi/Documents/workspace/org.eclipse.cdt/codan/org.eclipse.cdt.codan.core.test,reference:file:/home/mengjingshi/.m2/repository/p2/osgi/bundle/org.eclipse.core.filesystem.linux.x86_64/1.2.200.v20140124-1940/org.eclipse.core.filesystem.linux.x86_64-1.2.200.v20140124-1940.jar,reference:file:/home/mengjingshi/.m2/repository/p2/osgi/bundle/org.eclipse.core.net.linux.x86_64/1.2.0.v20160323-1650/org.eclipse.core.net.linux.x86_64-1.2.0.v20160323-1650.jar,reference:file:/home/mengjingshi/Documents/workspace/org.eclipse.cdt/codan/org.eclipse.cdt.codan.core.test/target/work/plugins/org.eclipse.equinox.launcher.gtk.linux.x86_64_1.1.400.v20160518-1444,reference:file:/home/mengjingshi/.m2/repository/p2/osgi/bundle/org.eclipse.swt.gtk.linux.x86_64/3.105.1.v20160907-0248/org.eclipse.swt.gtk.linux.x86_64-3.105.1.v20160907-0248.jar,reference:file:/home/mengjingshi/.m2/repository/p2/osgi/bundle/org.eclipse.core.filesystem.linux.ppc64/1.4.0.v20140124-1940/org.eclipse.core.filesystem.linux.ppc64-1.4.0.v20140124-1940.jar,reference:file:/home/mengjingshi/Documents/workspace/org.eclipse.cdt/codan/org.eclipse.cdt.codan.core.test/target/work/plugins/org.eclipse.equinox.launcher.gtk.linux.ppc64_1.0.400.v20160518-1444,reference:file:/home/mengjingshi/.m2/repository/p2/osgi/bundle/org.eclipse.swt.gtk.linux.ppc64/3.105.1.v20160907-0248/org.eclipse.swt.gtk.linux.ppc64-3.105.1.v20160907-0248.jar,reference:file:/home/mengjingshi/.m2/repository/p2/osgi/bundle/org.eclipse.compare.win32/1.1.0.v20160418-1534/org.eclipse.compare.win32-1.1.0.v20160418-1534.jar,reference:file:/home/mengjingshi/.m2/repository/p2/osgi/bundle/org.eclipse.swt.win32.win32.x86/3.105.1.v20160907-0248/org.eclipse.swt.win32.win32.x86-3.105.1.v20160907-0248.jar,reference:file:/home/mengjingshi/.m2/repository/p2/osgi/bundle/org.eclipse.core.filesystem.win32.x86/1.4.0.v20140124-1940/org.eclipse.core.filesystem.win32.x86-1.4.0.v20140124-1940.jar,reference:file:/home/mengjingshi/.m2/repository/p2/osgi/bundle/org.eclipse.core.net.win32.x86/1.1.0.v20160323-1650/org.eclipse.core.net.win32.x86-1.1.0.v20160323-1650.jar,reference:file:/home/mengjingshi/.m2/repository/p2/osgi/bundle/org.eclipse.core.resources.win32.x86/3.5.100.v20140124-1940/org.eclipse.core.resources.win32.x86-3.5.100.v20140124-1940.jar,reference:file:/home/mengjingshi/Documents/workspace/org.eclipse.cdt/codan/org.eclipse.cdt.codan.core.test/target/work/plugins/org.eclipse.equinox.launcher.win32.win32.x86_1.1.400.v20160518-1444,reference:file:/home/mengjingshi/.m2/repository/p2/osgi/bundle/org.eclipse.equinox.security.win32.x86/1.0.300.v20130327-1442/org.eclipse.equinox.security.win32.x86-1.0.300.v20130327-1442.jar,reference:file:/home/mengjingshi/.m2/repository/p2/osgi/bundle/org.eclipse.ui.win32/3.3.0.v20160505-1310/org.eclipse.ui.win32-3.3.0.v20160505-1310.jar,reference:file:/home/mengjingshi/.m2/repository/p2/osgi/bundle/org.eclipse.swt.win32.win32.x86_64/3.105.1.v20160907-0248/org.eclipse.swt.win32.win32.x86_64-3.105.1.v20160907-0248.jar,reference:file:/home/mengjingshi/.m2/repository/p2/osgi/bundle/org.eclipse.core.filesystem.win32.x86_64/1.4.0.v20140124-1940/org.eclipse.core.filesystem.win32.x86_64-1.4.0.v20140124-1940.jar,reference:file:/home/mengjingshi/.m2/repository/p2/osgi/bundle/org.eclipse.core.net.win32.x86_64/1.1.0.v20160323-1650/org.eclipse.core.net.win32.x86_64-1.1.0.v20160323-1650.jar,reference:file:/home/mengjingshi/.m2/repository/p2/osgi/bundle/org.eclipse.core.resources.win32.x86_64/3.5.0.v20140124-1940/org.eclipse.core.resources.win32.x86_64-3.5.0.v20140124-1940.jar,reference:file:/home/mengjingshi/Documents/workspace/org.eclipse.cdt/codan/org.eclipse.cdt.codan.core.test/target/work/plugins/org.eclipse.equinox.launcher.win32.win32.x86_64_1.1.400.v20160518-1444,reference:file:/home/mengjingshi/.m2/repository/p2/osgi/bundle/org.eclipse.equinox.security.win32.x86_64/1.0.100.v20130327-1442/org.eclipse.equinox.security.win32.x86_64-1.0.100.v20130327-1442.jar,reference:file:/home/mengjingshi/.m2/repository/p2/osgi/bundle/org.eclipse.core.filesystem.macosx/1.3.0.v20140124-1940/org.eclipse.core.filesystem.macosx-1.3.0.v20140124-1940.jar,reference:file:/home/mengjingshi/.m2/repository/p2/osgi/bundle/org.eclipse.e4.ui.workbench.renderers.swt.cocoa/0.11.300.v20160330-1418/org.eclipse.e4.ui.workbench.renderers.swt.cocoa-0.11.300.v20160330-1418.jar,reference:file:/home/mengjingshi/Documents/workspace/org.eclipse.cdt/codan/org.eclipse.cdt.codan.core.test/target/work/plugins/org.eclipse.equinox.launcher.cocoa.macosx.x86_64_1.1.400.v20160518-1444,reference:file:/home/mengjingshi/.m2/repository/p2/osgi/bundle/org.eclipse.swt.cocoa.macosx.x86_64/3.105.1.v20160907-0248/org.eclipse.swt.cocoa.macosx.x86_64-3.105.1.v20160907-0248.jar,reference:file:/home/mengjingshi/.m2/repository/p2/osgi/bundle/org.eclipse.equinox.security.macosx/1.100.200.v20130327-1442/org.eclipse.equinox.security.macosx-1.100.200.v20130327-1442.jar,reference:file:/home/mengjingshi/.m2/repository/p2/osgi/bundle/org.eclipse.ui.cocoa/1.1.100.v20151202-1450/org.eclipse.ui.cocoa-1.1.100.v20151202-1450.jar,reference:file:/home/mengjingshi/.m2/repository/p2/osgi/bundle/org.eclipse.core.filesystem.aix.ppc/1.1.0.v20140124-1940/org.eclipse.core.filesystem.aix.ppc-1.1.0.v20140124-1940.jar,reference:file:/home/mengjingshi/Documents/workspace/org.eclipse.cdt/codan/org.eclipse.cdt.codan.core.test/target/work/plugins/org.eclipse.equinox.launcher.gtk.aix.ppc_1.1.300.v20160518-1444,reference:file:/home/mengjingshi/.m2/repository/p2/osgi/bundle/org.eclipse.swt.gtk.aix.ppc/3.105.1.v20160907-0248/org.eclipse.swt.gtk.aix.ppc-3.105.1.v20160907-0248.jar,reference:file:/home/mengjingshi/.m2/repository/p2/osgi/bundle/org.eclipse.core.filesystem.linux.ppc64le/1.4.0.v20140822-1153/org.eclipse.core.filesystem.linux.ppc64le-1.4.0.v20140822-1153.jar,reference:file:/home/mengjingshi/Documents/workspace/org.eclipse.cdt/codan/org.eclipse.cdt.codan.core.test/target/work/plugins/org.eclipse.equinox.launcher.gtk.linux.ppc64le_1.0.400.v20160518-1444,reference:file:/home/mengjingshi/.m2/repository/p2/osgi/bundle/org.eclipse.swt.gtk.linux.ppc64le/3.105.1.v20160907-0248/org.eclipse.swt.gtk.linux.ppc64le-3.105.1.v20160907-0248.jar,reference:file:/home/mengjingshi/.m2/repository/org/eclipse/tycho/org.eclipse.tycho.surefire.osgibooter/0.26.0/org.eclipse.tycho.surefire.osgibooter-0.26.0.jar,reference:file:/home/mengjingshi/.m2/repository/org/eclipse/tycho/org.eclipse.tycho.surefire.junit4/0.26.0/org.eclipse.tycho.surefire.junit4-0.26.0.jar"/>
    <property name="java.endorsed.dirs" value="/usr/lib/jvm/java-8-openjdk-i386/jre/lib/endorsed"/>
    <property name="osgi.tracefile" value="/home/mengjingshi/Documents/workspace/org.eclipse.cdt/codan/org.eclipse.cdt.codan.core.test/target/work/data/.metadata/trace.log"/>
    <property name="sun.cpu.isalist" value=""/>
    <property name="sun.jnu.encoding" value="UTF-8"/>
    <property name="eclipse.application" value="org.eclipse.tycho.surefire.osgibooter.uitest"/>
    <property name="file.encoding.pkg" value="sun.io"/>
    <property name="org.osgi.framework.vendor" value="Eclipse"/>
    <property name="equinox.init.uuid" value="true"/>
    <property name="file.separator" value="/"/>
    <property name="java.specification.name" value="Java Platform API Specification"/>
    <property name="osgi.checkConfiguration" value="true"/>
    <property name="java.class.version" value="52.0"/>
    <property name="user.country" value="CN"/>
    <property name="osgi.configuration.cascaded" value="false"/>
    <property name="java.home" value="/usr/lib/jvm/java-8-openjdk-i386/jre"/>
    <property name="osgi.os" value="linux"/>
    <property name="codan.rethrow" value="true"/>
    <property name="eclipse.commands" value="-data&#10;/home/mengjingshi/Documents/workspace/org.eclipse.cdt/codan/org.eclipse.cdt.codan.core.test/target/work/data&#10;-install&#10;/home/mengjingshi/Documents/workspace/org.eclipse.cdt/codan/org.eclipse.cdt.codan.core.test/target/work&#10;-configuration&#10;/home/mengjingshi/Documents/workspace/org.eclipse.cdt/codan/org.eclipse.cdt.codan.core.test/target/work/configuration&#10;-application&#10;org.eclipse.tycho.surefire.osgibooter.uitest&#10;-testproperties&#10;/home/mengjingshi/Documents/workspace/org.eclipse.cdt/codan/org.eclipse.cdt.codan.core.test/target/surefire.properties&#10;"/>
    <property name="java.vm.info" value="mixed mode"/>
    <property name="os.version" value="3.19.0-18-generic"/>
    <property name="osgi.arch" value="x86"/>
    <property name="path.separator" value=":"/>
    <property name="java.vm.version" value="25.45-b02"/>
    <property name="org.osgi.supports.framework.fragment" value="true"/>
    <property name="osgi.framework.shape" value="jar"/>
    <property name="java.awt.printerjob" value="sun.print.PSPrinterJob"/>
    <property name="sun.io.unicode.encoding" value="UnicodeLittle"/>
    <property name="org.osgi.framework.version" value="1.8.0"/>
    <property name="awt.toolkit" value="sun.awt.X11.XToolkit"/>
    <property name="eclipse.stateSaveDelayInterval" value="30000"/>
    <property name="osgi.dev" value="file:/home/mengjingshi/Documents/workspace/org.eclipse.cdt/codan/org.eclipse.cdt.codan.core.test/target/work/dev.properties"/>
    <property name="osgi.install.area" value="file:/home/mengjingshi/Documents/workspace/org.eclipse.cdt/codan/org.eclipse.cdt.codan.core.test/target/work/"/>
    <property name="osgi.framework" value="file:/home/mengjingshi/.m2/repository/p2/osgi/bundle/org.eclipse.osgi/3.11.1.v20160708-1632/org.eclipse.osgi-3.11.1.v20160708-1632.jar"/>
    <property name="user.home" value="/home/mengjingshi"/>
    <property name="osgi.framework.useSystemProperties" value="true"/>
    <property name="java.specification.vendor" value="Oracle Corporation"/>
    <property name="osgi.nl" value="zh_CN"/>
    <property name="java.library.path" value="/usr/java/packages/lib/i386:/usr/lib/i386-linux-gnu/jni:/lib/i386-linux-gnu:/usr/lib/i386-linux-gnu:/usr/lib/jni:/lib:/usr/lib"/>
    <property name="java.vendor.url" value="http://java.oracle.com/"/>
    <property name="osgi.bundlefile.limit" value="100"/>
    <property name="eclipse.startTime" value="1480062405229"/>
    <property name="org.osgi.framework.os.version" value="3.19.0"/>
    <property name="java.vm.vendor" value="Oracle Corporation"/>
    <property name="java.runtime.name" value="OpenJDK Runtime Environment"/>
    <property name="java.class.path" value="/home/mengjingshi/.m2/repository/p2/osgi/bundle/org.eclipse.equinox.launcher/1.3.200.v20160318-1642/org.eclipse.equinox.launcher-1.3.200.v20160318-1642.jar:/usr/share/java/jayatanaag.jar:/home/mengjingshi/.m2/repository/org/jacoco/org.jacoco.agent/0.7.7.201606060606/org.jacoco.agent-0.7.7.201606060606-runtime.jar"/>
    <property name="sun.java.command" value="/home/mengjingshi/.m2/repository/p2/osgi/bundle/org.eclipse.equinox.launcher/1.3.200.v20160318-1642/org.eclipse.equinox.launcher-1.3.200.v20160318-1642.jar -data /home/mengjingshi/Documents/workspace/org.eclipse.cdt/codan/org.eclipse.cdt.codan.core.test/target/work/data -install /home/mengjingshi/Documents/workspace/org.eclipse.cdt/codan/org.eclipse.cdt.codan.core.test/target/work -configuration /home/mengjingshi/Documents/workspace/org.eclipse.cdt/codan/org.eclipse.cdt.codan.core.test/target/work/configuration -application org.eclipse.tycho.surefire.osgibooter.uitest -testproperties /home/mengjingshi/Documents/workspace/org.eclipse.cdt/codan/org.eclipse.cdt.codan.core.test/target/surefire.properties"/>
    <property name="java.vm.specification.name" value="Java Virtual Machine Specification"/>
    <property name="java.vm.specification.version" value="1.8"/>
    <property name="sun.os.patch.level" value="unknown"/>
    <property name="sun.cpu.endian" value="little"/>
    <property name="gosh.args" value="--nointeractive"/>
    <property name="java.io.tmpdir" value="/tmp"/>
    <property name="java.vendor.url.bug" value="http://bugreport.sun.com/bugreport/"/>
    <property name="applicationXMI" value="org.eclipse.ui.workbench/LegacyIDE.e4xmi"/>
    <property name="eclipse.home.location" value="file:/home/mengjingshi/Documents/workspace/org.eclipse.cdt/codan/org.eclipse.cdt.codan.core.test/target/work/"/>
    <property name="java.awt.graphicsenv" value="sun.awt.X11GraphicsEnvironment"/>
    <property name="os.arch" value="i386"/>
    <property name="java.ext.dirs" value="/usr/lib/jvm/java-8-openjdk-i386/jre/lib/ext:/usr/java/packages/lib/ext"/>
    <property name="user.dir" value="/home/mengjingshi/Documents/workspace/org.eclipse.cdt/codan/org.eclipse.cdt.codan.core.test"/>
    <property name="org.osgi.supports.framework.requirebundle" value="true"/>
    <property name="osgi.clean" value="true"/>
    <property name="line.separator" value="&#10;"/>
    <property name="java.vm.name" value="OpenJDK Server VM"/>
    <property name="org.eclipse.swt.internal.gtk.version" value="3.14.13"/>
    <property name="file.encoding" value="UTF-8"/>
    <property name="java.specification.version" value="1.8"/>
    <property name="org.osgi.framework.executionenvironment" value="OSGi/Minimum-1.0,OSGi/Minimum-1.1,OSGi/Minimum-1.2,JavaSE/compact1-1.8,JavaSE/compact2-1.8,JavaSE/compact3-1.8,JRE-1.1,J2SE-1.2,J2SE-1.3,J2SE-1.4,J2SE-1.5,JavaSE-1.6,JavaSE-1.7,JavaSE-1.8"/>
    <property name="osgi.configuration.area" value="file:/home/mengjingshi/Documents/workspace/org.eclipse.cdt/codan/org.eclipse.cdt.codan.core.test/target/work/configuration/"/>
    <property name="osgi.logfile" value="/home/mengjingshi/Documents/workspace/org.eclipse.cdt/codan/org.eclipse.cdt.codan.core.test/target/work/data/.metadata/.log"/>
  </properties>
  <testcase name="testUnsafeMethodCallException_bug416284" classname="org.eclipse.cdt.codan.core.internal.checkers.AbstractClassInstantiationCheckerTest" time="1.558"/>
  <testcase name="testNotAbstractClassCreationWithDirectConstructorCall" classname="org.eclipse.cdt.codan.core.internal.checkers.AbstractClassInstantiationCheckerTest" time="0.067"/>
  <testcase name="testAbstractClassCreationOnStackWithRefAndPtr" classname="org.eclipse.cdt.codan.core.internal.checkers.AbstractClassInstantiationCheckerTest" time="0.066"/>
  <testcase name="testPureVirtualDestructorOverride_1" classname="org.eclipse.cdt.codan.core.internal.checkers.AbstractClassInstantiationCheckerTest" time="0.051"/>
  <testcase name="testPureVirtualDestructorOverride_2" classname="org.eclipse.cdt.codan.core.internal.checkers.AbstractClassInstantiationCheckerTest" time="0.054"/>
  <testcase name="testAbstractClassBecauseOfBaseClass" classname="org.eclipse.cdt.codan.core.internal.checkers.AbstractClassInstantiationCheckerTest" time="0.052"/>
  <testcase name="testDiamondInheritanceWithOneImplementor_bug351612a" classname="org.eclipse.cdt.codan.core.internal.checkers.AbstractClassInstantiationCheckerTest" time="0.043"/>
  <testcase name="testDiamondInheritanceWithOneImplementor_bug351612b" classname="org.eclipse.cdt.codan.core.internal.checkers.AbstractClassInstantiationCheckerTest" time="0.042"/>
  <testcase name="testDiamondInheritanceWithOneImplementor_bug351612c" classname="org.eclipse.cdt.codan.core.internal.checkers.AbstractClassInstantiationCheckerTest" time="0.074"/>
  <testcase name="testAbstractClassCreationWithNew" classname="org.eclipse.cdt.codan.core.internal.checkers.AbstractClassInstantiationCheckerTest" time="0.071"/>
  <testcase name="testDiamondInheritanceWithOneImplementor_bug419938" classname="org.eclipse.cdt.codan.core.internal.checkers.AbstractClassInstantiationCheckerTest" time="0.061"/>
  <testcase name="testAbstractClassTypedef" classname="org.eclipse.cdt.codan.core.internal.checkers.AbstractClassInstantiationCheckerTest" time="0.038"/>
  <testcase name="testAbstractClassWithAFewVirtualMethods" classname="org.eclipse.cdt.codan.core.internal.checkers.AbstractClassInstantiationCheckerTest" time="0.039"/>
  <testcase name="testAbstractClassFromNamespace" classname="org.eclipse.cdt.codan.core.internal.checkers.AbstractClassInstantiationCheckerTest" time="0.044"/>
  <testcase name="testAbstractClassCreationAsFunctionTemplateParameter" classname="org.eclipse.cdt.codan.core.internal.checkers.AbstractClassInstantiationCheckerTest" time="0.04"/>
  <testcase name="testAbstractClassCreationAsFunctionParameter" classname="org.eclipse.cdt.codan.core.internal.checkers.AbstractClassInstantiationCheckerTest" time="0.046"/>
  <testcase name="testAbstractClassCreationWithDirectConstructorCall" classname="org.eclipse.cdt.codan.core.internal.checkers.AbstractClassInstantiationCheckerTest" time="0.052"/>
  <testcase name="testNotAbstractClassCreationWithNew" classname="org.eclipse.cdt.codan.core.internal.checkers.AbstractClassInstantiationCheckerTest" time="0.035"/>
  <testcase name="testAbstractClassCreationOnStack" classname="org.eclipse.cdt.codan.core.internal.checkers.AbstractClassInstantiationCheckerTest" time="0.04"/>
  <testcase name="testAbstractClassWithVirtualRedefinition" classname="org.eclipse.cdt.codan.core.internal.checkers.AbstractClassInstantiationCheckerTest" time="0.044"/>
  <testcase name="testExternAbstractClassDeclaration" classname="org.eclipse.cdt.codan.core.internal.checkers.AbstractClassInstantiationCheckerTest" time="0.038"/>
  <testcase name="testAbstractClassPointerOrReverenceDeclaration" classname="org.eclipse.cdt.codan.core.internal.checkers.AbstractClassInstantiationCheckerTest" time="0.045"/>
  <testcase name="testUsingDeclarationInDerivedClass_bug414279" classname="org.eclipse.cdt.codan.core.internal.checkers.AbstractClassInstantiationCheckerTest" time="0.042"/>
  <testcase name="testNotAbstractClassCreationOnStack" classname="org.eclipse.cdt.codan.core.internal.checkers.AbstractClassInstantiationCheckerTest" time="0.048"/>
  <testcase name="testMaxInstantiationDepth_430282" classname="org.eclipse.cdt.codan.core.internal.checkers.AbstractClassInstantiationCheckerTest" time="0.09"/>
  <testcase name="test_for" classname="org.eclipse.cdt.codan.core.internal.checkers.AssignmentInConditionCheckerTest" time="0.111"/>
  <testcase name="test_tri" classname="org.eclipse.cdt.codan.core.internal.checkers.AssignmentInConditionCheckerTest" time="0.038"/>
  <testcase name="test_whileMacroSupp" classname="org.eclipse.cdt.codan.core.internal.checkers.AssignmentInConditionCheckerTest" time="0.054"/>
  <testcase name="test3" classname="org.eclipse.cdt.codan.core.internal.checkers.AssignmentInConditionCheckerTest" time="0.033"/>
  <testcase name="test_while2supp" classname="org.eclipse.cdt.codan.core.internal.checkers.AssignmentInConditionCheckerTest" time="0.034"/>
  <testcase name="test_while3supp" classname="org.eclipse.cdt.codan.core.internal.checkers.AssignmentInConditionCheckerTest" time="0.023"/>
  <testcase name="test_whileMacro" classname="org.eclipse.cdt.codan.core.internal.checkers.AssignmentInConditionCheckerTest" time="0.037"/>
  <testcase name="test_basic_params" classname="org.eclipse.cdt.codan.core.internal.checkers.AssignmentInConditionCheckerTest" time="0.033"/>
  <testcase name="test_array" classname="org.eclipse.cdt.codan.core.internal.checkers.AssignmentInConditionCheckerTest" time="0.043"/>
  <testcase name="test_basic" classname="org.eclipse.cdt.codan.core.internal.checkers.AssignmentInConditionCheckerTest" time="0.03"/>
  <testcase name="test_fixed" classname="org.eclipse.cdt.codan.core.internal.checkers.AssignmentInConditionCheckerTest" time="0.026"/>
  <testcase name="test_while" classname="org.eclipse.cdt.codan.core.internal.checkers.AssignmentInConditionCheckerTest" time="0.04"/>
  <testcase name="testNoError_Bug321933" classname="org.eclipse.cdt.codan.core.internal.checkers.AssignmentToItselfCheckerTest" time="0.05"/>
  <testcase name="testSimpleVariableSelfAssignmentError" classname="org.eclipse.cdt.codan.core.internal.checkers.AssignmentToItselfCheckerTest" time="0.036"/>
  <testcase name="testMarkerOffset_Bug486610" classname="org.eclipse.cdt.codan.core.internal.checkers.AssignmentToItselfCheckerTest" time="0.031"/>
  <testcase name="testArraySelfAssignmentError" classname="org.eclipse.cdt.codan.core.internal.checkers.AssignmentToItselfCheckerTest" time="0.034"/>
  <testcase name="testNoErrorConstants" classname="org.eclipse.cdt.codan.core.internal.checkers.AssignmentToItselfCheckerTest" time="0.027"/>
  <testcase name="testNoErrorVariables" classname="org.eclipse.cdt.codan.core.internal.checkers.AssignmentToItselfCheckerTest" time="0.031"/>
  <testcase name="testEmptyLastCaseDefaultBad" classname="org.eclipse.cdt.codan.core.internal.checkers.CaseBreakCheckerTest" time="0.059"/>
  <testcase name="testEmptyCaseOKbreak" classname="org.eclipse.cdt.codan.core.internal.checkers.CaseBreakCheckerTest" time="0.028"/>
  <testcase name="testEmptyLastCaseError" classname="org.eclipse.cdt.codan.core.internal.checkers.CaseBreakCheckerTest" time="0.036"/>
  <testcase name="testGeneral1" classname="org.eclipse.cdt.codan.core.internal.checkers.CaseBreakCheckerTest" time="0.039"/>
  <testcase name="testDifferentComments" classname="org.eclipse.cdt.codan.core.internal.checkers.CaseBreakCheckerTest" time="0.03"/>
  <testcase name="testEmptyCaseWithLoopBreak" classname="org.eclipse.cdt.codan.core.internal.checkers.CaseBreakCheckerTest" time="0.028"/>
  <testcase name="testEmptyLastCaseOKbreak" classname="org.eclipse.cdt.codan.core.internal.checkers.CaseBreakCheckerTest" time="0.04"/>
  <testcase name="testEmptyCaseOKcomment" classname="org.eclipse.cdt.codan.core.internal.checkers.CaseBreakCheckerTest" time="0.034"/>
  <testcase name="testLastCaseOKcomment" classname="org.eclipse.cdt.codan.core.internal.checkers.CaseBreakCheckerTest" time="0.035"/>
  <testcase name="testIfErr" classname="org.eclipse.cdt.codan.core.internal.checkers.CaseBreakCheckerTest" time="0.031"/>
  <testcase name="testIf" classname="org.eclipse.cdt.codan.core.internal.checkers.CaseBreakCheckerTest" time="0.031"/>
  <testcase name="testEmptyLastCaseWithReturn" classname="org.eclipse.cdt.codan.core.internal.checkers.CaseBreakCheckerTest" time="0.029"/>
  <testcase name="testEmptyLastCaseIgnore" classname="org.eclipse.cdt.codan.core.internal.checkers.CaseBreakCheckerTest" time="0.042"/>
  <testcase name="testLastCaseBadCommentNotLast" classname="org.eclipse.cdt.codan.core.internal.checkers.CaseBreakCheckerTest" time="0.031"/>
  <testcase name="testEmptyCaseIgnore" classname="org.eclipse.cdt.codan.core.internal.checkers.CaseBreakCheckerTest" time="0.032"/>
  <testcase name="testEmptyLastCaseTwoSwitches" classname="org.eclipse.cdt.codan.core.internal.checkers.CaseBreakCheckerTest" time="0.029"/>
  <testcase name="testEmptyLastCaseOKcomment" classname="org.eclipse.cdt.codan.core.internal.checkers.CaseBreakCheckerTest" time="0.031"/>
  <testcase name="testLastCaseOKbreak" classname="org.eclipse.cdt.codan.core.internal.checkers.CaseBreakCheckerTest" time="0.029"/>
  <testcase name="testDoubleSemicolon_bug441714" classname="org.eclipse.cdt.codan.core.internal.checkers.CaseBreakCheckerTest" time="0.027"/>
  <testcase name="testNestedSwitches" classname="org.eclipse.cdt.codan.core.internal.checkers.CaseBreakCheckerTest" time="0.03"/>
  <testcase name="testGeneralComments1" classname="org.eclipse.cdt.codan.core.internal.checkers.CaseBreakCheckerTest" time="0.036"/>
  <testcase name="testEmptyCompoundStatement" classname="org.eclipse.cdt.codan.core.internal.checkers.CaseBreakCheckerTest" time="0.034"/>
  <testcase name="testBreakInBraces" classname="org.eclipse.cdt.codan.core.internal.checkers.CaseBreakCheckerTest" time="0.025"/>
  <testcase name="testEmptyLastCaseWithThrow" classname="org.eclipse.cdt.codan.core.internal.checkers.CaseBreakCheckerTest" time="0.042"/>
  <testcase name="testEmptyLastCaseWithContinue" classname="org.eclipse.cdt.codan.core.internal.checkers.CaseBreakCheckerTest" time="0.031"/>
  <testcase name="testEmptyCaseBad" classname="org.eclipse.cdt.codan.core.internal.checkers.CaseBreakCheckerTest" time="0.031"/>
  <testcase name="testInMacro" classname="org.eclipse.cdt.codan.core.internal.checkers.CaseBreakCheckerTest" time="0.12"/>
  <testcase name="testCaseWithCurlyBrackets" classname="org.eclipse.cdt.codan.core.internal.checkers.CaseBreakCheckerTest" time="0.023"/>
  <testcase name="testLastCaseBad" classname="org.eclipse.cdt.codan.core.internal.checkers.CaseBreakCheckerTest" time="0.027"/>
  <testcase name="testLastCaseIgnore" classname="org.eclipse.cdt.codan.core.internal.checkers.CaseBreakCheckerTest" time="0.023"/>
  <testcase name="testEmptyLastCaseBad" classname="org.eclipse.cdt.codan.core.internal.checkers.CaseBreakCheckerTest" time="0.024"/>
  <testcase name="test_int_typedef" classname="org.eclipse.cdt.codan.core.internal.checkers.CatchByReferenceTest" time="0.031"/>
  <testcase name="test_int" classname="org.eclipse.cdt.codan.core.internal.checkers.CatchByReferenceTest" time="0.028"/>
  <testcase name="test_class_point" classname="org.eclipse.cdt.codan.core.internal.checkers.CatchByReferenceTest" time="0.028"/>
  <testcase name="test_class_ref" classname="org.eclipse.cdt.codan.core.internal.checkers.CatchByReferenceTest" time="0.022"/>
  <testcase name="test_class_unknown_on" classname="org.eclipse.cdt.codan.core.internal.checkers.CatchByReferenceTest" time="0.03"/>
  <testcase name="test_class_typedef" classname="org.eclipse.cdt.codan.core.internal.checkers.CatchByReferenceTest" time="0.019"/>
  <testcase name="test_int_typedef2" classname="org.eclipse.cdt.codan.core.internal.checkers.CatchByReferenceTest" time="0.047"/>
  <testcase name="test_class" classname="org.eclipse.cdt.codan.core.internal.checkers.CatchByReferenceTest" time="0.017"/>
  <testcase name="test_class_unknown" classname="org.eclipse.cdt.codan.core.internal.checkers.CatchByReferenceTest" time="0.018"/>
  <testcase name="testNoErrorsOnDeletedConstructor" classname="org.eclipse.cdt.codan.core.internal.checkers.ClassMembersInitializationCheckerTest" time="0.021"/>
  <testcase name="testAssignmentsInConstructorShouldBeChecked" classname="org.eclipse.cdt.codan.core.internal.checkers.ClassMembersInitializationCheckerTest" time="0.022"/>
  <testcase name="testExternalConstructorOfTemplateClassHandling" classname="org.eclipse.cdt.codan.core.internal.checkers.ClassMembersInitializationCheckerTest" time="0.028"/>
  <testcase name="testAssignThisNonLValue_368420" classname="org.eclipse.cdt.codan.core.internal.checkers.ClassMembersInitializationCheckerTest" time="0.021"/>
  <testcase name="testBasicTypesShouldBeInitialized" classname="org.eclipse.cdt.codan.core.internal.checkers.ClassMembersInitializationCheckerTest" time="0.02"/>
  <testcase name="testNoErrorsOnFunctionCallInitialization" classname="org.eclipse.cdt.codan.core.internal.checkers.ClassMembersInitializationCheckerTest" time="0.029"/>
  <testcase name="testTemplateConstructorHandling" classname="org.eclipse.cdt.codan.core.internal.checkers.ClassMembersInitializationCheckerTest" time="0.024"/>
  <testcase name="testExternalTemplateConstructorOfTemplateClassHandling" classname="org.eclipse.cdt.codan.core.internal.checkers.ClassMembersInitializationCheckerTest" time="0.026"/>
  <testcase name="testDefaultConstructor_365498" classname="org.eclipse.cdt.codan.core.internal.checkers.ClassMembersInitializationCheckerTest" time="0.024"/>
  <testcase name="testNoErrorsOnComplexAssignment" classname="org.eclipse.cdt.codan.core.internal.checkers.ClassMembersInitializationCheckerTest" time="0.03"/>
  <testcase name="testAssignThisUnaryExpressions_368420" classname="org.eclipse.cdt.codan.core.internal.checkers.ClassMembersInitializationCheckerTest" time="0.031"/>
  <testcase name="testNestedClassInExternalConstructorHandling" classname="org.eclipse.cdt.codan.core.internal.checkers.ClassMembersInitializationCheckerTest" time="0.025"/>
  <testcase name="testNestedClassWithMethodNamedAsAnotherClassHandling" classname="org.eclipse.cdt.codan.core.internal.checkers.ClassMembersInitializationCheckerTest" time="0.141"/>
  <testcase name="testNoErrorsOnReadingFunctionCall" classname="org.eclipse.cdt.codan.core.internal.checkers.ClassMembersInitializationCheckerTest" time="0.032"/>
  <testcase name="testMethodDeclarationInOtherFile_368419" classname="org.eclipse.cdt.codan.core.internal.checkers.ClassMembersInitializationCheckerTest" time="0.244"/>
  <testcase name="testNestedClassesHandling" classname="org.eclipse.cdt.codan.core.internal.checkers.ClassMembersInitializationCheckerTest" time="0.028"/>
  <testcase name="testErrorOnProtectedConstructor" classname="org.eclipse.cdt.codan.core.internal.checkers.ClassMembersInitializationCheckerTest" time="0.037"/>
  <testcase name="testCheckStructs" classname="org.eclipse.cdt.codan.core.internal.checkers.ClassMembersInitializationCheckerTest" time="0.031"/>
  <testcase name="testAssignmentIsNotInConstructor" classname="org.eclipse.cdt.codan.core.internal.checkers.ClassMembersInitializationCheckerTest" time="0.035"/>
  <testcase name="testSkipUnions" classname="org.eclipse.cdt.codan.core.internal.checkers.ClassMembersInitializationCheckerTest" time="0.035"/>
  <testcase name="testDefaultCopyOrMoveConstructorInTemplate_408303" classname="org.eclipse.cdt.codan.core.internal.checkers.ClassMembersInitializationCheckerTest" time="0.035"/>
  <testcase name="testUsingMethodsInConstructorWithoutPreference" classname="org.eclipse.cdt.codan.core.internal.checkers.ClassMembersInitializationCheckerTest" time="0.074"/>
  <testcase name="testPointersShouldBeInitialized" classname="org.eclipse.cdt.codan.core.internal.checkers.ClassMembersInitializationCheckerTest" time="0.033"/>
  <testcase name="testTemplatePartialSpecialization_368611" classname="org.eclipse.cdt.codan.core.internal.checkers.ClassMembersInitializationCheckerTest" time="0.064"/>
  <testcase name="testUsingConstMethodsInConstructorWithoutPreference" classname="org.eclipse.cdt.codan.core.internal.checkers.ClassMembersInitializationCheckerTest" time="0.027"/>
  <testcase name="testDelegatingConstructor_402607" classname="org.eclipse.cdt.codan.core.internal.checkers.ClassMembersInitializationCheckerTest" time="0.026"/>
  <testcase name="testNonstaticDataMemberInitializer_400673" classname="org.eclipse.cdt.codan.core.internal.checkers.ClassMembersInitializationCheckerTest" time="0.021"/>
  <testcase name="testEnumsShouldBeInitialized" classname="org.eclipse.cdt.codan.core.internal.checkers.ClassMembersInitializationCheckerTest" time="0.023"/>
  <testcase name="testDefaultCopyOrMoveConstructor_395018" classname="org.eclipse.cdt.codan.core.internal.checkers.ClassMembersInitializationCheckerTest" time="0.022"/>
  <testcase name="testNoErrorsOnStaticMembers" classname="org.eclipse.cdt.codan.core.internal.checkers.ClassMembersInitializationCheckerTest" time="0.026"/>
  <testcase name="testBaseClassMemberShouldNotBeTakenIntoAccount" classname="org.eclipse.cdt.codan.core.internal.checkers.ClassMembersInitializationCheckerTest" time="0.02"/>
  <testcase name="testExternalConstructorHandling" classname="org.eclipse.cdt.codan.core.internal.checkers.ClassMembersInitializationCheckerTest" time="0.039"/>
  <testcase name="testExternalTemplateConstructorHandling" classname="org.eclipse.cdt.codan.core.internal.checkers.ClassMembersInitializationCheckerTest" time="0.019"/>
  <testcase name="testNoErrorsIfThereIsNoConstructorsDefined" classname="org.eclipse.cdt.codan.core.internal.checkers.ClassMembersInitializationCheckerTest" time="0.017"/>
  <testcase name="testAssignThis_368420" classname="org.eclipse.cdt.codan.core.internal.checkers.ClassMembersInitializationCheckerTest" time="0.023"/>
  <testcase name="testNestedClassInConstructorHandling" classname="org.eclipse.cdt.codan.core.internal.checkers.ClassMembersInitializationCheckerTest" time="0.052"/>
  <testcase name="testUsingConstMethodsInConstructorWithPreference" classname="org.eclipse.cdt.codan.core.internal.checkers.ClassMembersInitializationCheckerTest" time="0.025"/>
  <testcase name="testAFewConstructorsHandling" classname="org.eclipse.cdt.codan.core.internal.checkers.ClassMembersInitializationCheckerTest" time="0.027"/>
  <testcase name="testNoErrorsIfMemberWasInitializedInOneOfTheIfBranch" classname="org.eclipse.cdt.codan.core.internal.checkers.ClassMembersInitializationCheckerTest" time="0.033"/>
  <testcase name="testInitializationListShouldBeChecked" classname="org.eclipse.cdt.codan.core.internal.checkers.ClassMembersInitializationCheckerTest" time="0.024"/>
  <testcase name="testTemplateConstructorDeclarationOnlyHandling" classname="org.eclipse.cdt.codan.core.internal.checkers.ClassMembersInitializationCheckerTest" time="0.022"/>
  <testcase name="testNoErrorsOnChainInitialization" classname="org.eclipse.cdt.codan.core.internal.checkers.ClassMembersInitializationCheckerTest" time="0.022"/>
  <testcase name="testUsingMethodsInConstructorWithPreference" classname="org.eclipse.cdt.codan.core.internal.checkers.ClassMembersInitializationCheckerTest" time="0.029"/>
  <testcase name="testReferencesShouldBeInitialized" classname="org.eclipse.cdt.codan.core.internal.checkers.ClassMembersInitializationCheckerTest" time="0.025"/>
  <testcase name="testTypedefsShouldBeInitialized" classname="org.eclipse.cdt.codan.core.internal.checkers.ClassMembersInitializationCheckerTest" time="0.03"/>
  <testcase name="testDelegatingConstructorTypedef_402607" classname="org.eclipse.cdt.codan.core.internal.checkers.ClassMembersInitializationCheckerTest" time="0.027"/>
  <testcase name="testAssignThisMultiBinaryExpressions_368420" classname="org.eclipse.cdt.codan.core.internal.checkers.ClassMembersInitializationCheckerTest" time="0.021"/>
  <testcase name="testTemplateClassHandling" classname="org.eclipse.cdt.codan.core.internal.checkers.ClassMembersInitializationCheckerTest" time="0.03"/>
  <testcase name="testRightRight" classname="org.eclipse.cdt.codan.core.internal.checkers.FormatStringCheckerTest" time="0.026"/>
  <testcase name="testRightWrong" classname="org.eclipse.cdt.codan.core.internal.checkers.FormatStringCheckerTest" time="0.028"/>
  <testcase name="testGaurdedRight" classname="org.eclipse.cdt.codan.core.internal.checkers.FormatStringCheckerTest" time="0.023"/>
  <testcase name="testNonglobalBeforeRight" classname="org.eclipse.cdt.codan.core.internal.checkers.FormatStringCheckerTest" time="0.028"/>
  <testcase name="testNonglobalBeforeWrong" classname="org.eclipse.cdt.codan.core.internal.checkers.FormatStringCheckerTest" time="0.033"/>
  <testcase name="testInfiniteSize" classname="org.eclipse.cdt.codan.core.internal.checkers.FormatStringCheckerTest" time="0.026"/>
  <testcase name="testRight" classname="org.eclipse.cdt.codan.core.internal.checkers.FormatStringCheckerTest" time="0.021"/>
  <testcase name="testBase" classname="org.eclipse.cdt.codan.core.internal.checkers.FormatStringCheckerTest" time="0.021"/>
  <testcase name="testWrongInt" classname="org.eclipse.cdt.codan.core.internal.checkers.FormatStringCheckerTest" time="0.022"/>
  <testcase name="testRightInt" classname="org.eclipse.cdt.codan.core.internal.checkers.FormatStringCheckerTest" time="0.029"/>
  <testcase name="testWrongRight" classname="org.eclipse.cdt.codan.core.internal.checkers.FormatStringCheckerTest" time="0.019"/>
  <testcase name="testWrongWrong" classname="org.eclipse.cdt.codan.core.internal.checkers.FormatStringCheckerTest" time="0.017"/>
  <testcase name="testGlobalBeforeWrong" classname="org.eclipse.cdt.codan.core.internal.checkers.FormatStringCheckerTest" time="0.021"/>
  <testcase name="testIntRight" classname="org.eclipse.cdt.codan.core.internal.checkers.FormatStringCheckerTest" time="0.058"/>
  <testcase name="testIntWrong" classname="org.eclipse.cdt.codan.core.internal.checkers.FormatStringCheckerTest" time="0.048"/>
  <testcase name="testNonglobalAfterRight" classname="org.eclipse.cdt.codan.core.internal.checkers.FormatStringCheckerTest" time="0.023"/>
  <testcase name="testNonglobalAfterWrong" classname="org.eclipse.cdt.codan.core.internal.checkers.FormatStringCheckerTest" time="0.047"/>
  <testcase name="testSimple" classname="org.eclipse.cdt.codan.core.internal.checkers.FormatStringCheckerTest" time="0.021"/>
  <testcase name="testNonVirtualDtorInBaseClass" classname="org.eclipse.cdt.codan.core.internal.checkers.NonVirtualDestructorCheckerTest" time="0.043"/>
  <testcase name="testAbstractBaseClass" classname="org.eclipse.cdt.codan.core.internal.checkers.NonVirtualDestructorCheckerTest" time="0.024"/>
  <testcase name="testBug496628_MarkerBounds" classname="org.eclipse.cdt.codan.core.internal.checkers.NonVirtualDestructorCheckerTest" time="0.027"/>
  <testcase name="testVirtualDtorInBaseClass1" classname="org.eclipse.cdt.codan.core.internal.checkers.NonVirtualDestructorCheckerTest" time="0.027"/>
  <testcase name="testVirtualDtorInBaseClass2" classname="org.eclipse.cdt.codan.core.internal.checkers.NonVirtualDestructorCheckerTest" time="0.021"/>
  <testcase name="testVirtualDtorInBaseClass3" classname="org.eclipse.cdt.codan.core.internal.checkers.NonVirtualDestructorCheckerTest" time="0.025"/>
  <testcase name="testBug372009_wrongClassNameInMessage" classname="org.eclipse.cdt.codan.core.internal.checkers.NonVirtualDestructorCheckerTest" time="0.022"/>
  <testcase name="testExplicitDtorInBaseClass" classname="org.eclipse.cdt.codan.core.internal.checkers.NonVirtualDestructorCheckerTest" time="0.058"/>
  <testcase name="testVirtualDtorInClass" classname="org.eclipse.cdt.codan.core.internal.checkers.NonVirtualDestructorCheckerTest" time="0.024"/>
  <testcase name="testBug368446_stackOverflow" classname="org.eclipse.cdt.codan.core.internal.checkers.NonVirtualDestructorCheckerTest" time="0.028"/>
  <testcase name="testBug368446_stackOverflow_indirect" classname="org.eclipse.cdt.codan.core.internal.checkers.NonVirtualDestructorCheckerTest" time="0.023"/>
  <testcase name="testImplicitDtorInBaseClass" classname="org.eclipse.cdt.codan.core.internal.checkers.NonVirtualDestructorCheckerTest" time="0.023"/>
  <testcase name="testPublicVirtualDtorInClass" classname="org.eclipse.cdt.codan.core.internal.checkers.NonVirtualDestructorCheckerTest" time="0.031"/>
  <testcase name="testNonPublicVirtualDtorInClass" classname="org.eclipse.cdt.codan.core.internal.checkers.NonVirtualDestructorCheckerTest" time="0.021"/>
  <testcase name="testPublicNonVirtualDtorCanBeCalledFromFriendClass" classname="org.eclipse.cdt.codan.core.internal.checkers.NonVirtualDestructorCheckerTest" time="0.028"/>
  <testcase name="testImplicitPublicNonVirtualDtorInClass" classname="org.eclipse.cdt.codan.core.internal.checkers.NonVirtualDestructorCheckerTest" time="0.05"/>
  <testcase name="testVariousFieldMethodCombinations_338683" classname="org.eclipse.cdt.codan.core.internal.checkers.ProblemBindingCheckerTest" time="0.024"/>
  <testcase name="testUDLOperatorWithWrongType_484619" classname="org.eclipse.cdt.codan.core.internal.checkers.ProblemBindingCheckerTest" time="0.024"/>
  <testcase name="testImplicitConstructorCall_404774" classname="org.eclipse.cdt.codan.core.internal.checkers.ProblemBindingCheckerTest" time="0.02"/>
  <testcase name="testFieldInFunctionCall_338683" classname="org.eclipse.cdt.codan.core.internal.checkers.ProblemBindingCheckerTest" time="0.04"/>
  <testcase name="testDontUnderlineWholeMacro_341089" classname="org.eclipse.cdt.codan.core.internal.checkers.ProblemBindingCheckerTest" time="0.022"/>
  <testcase name="testNonexistentUDLOperator_484619" classname="org.eclipse.cdt.codan.core.internal.checkers.ProblemBindingCheckerTest" time="0.023"/>
  <testcase name="testReturnInitializerList" classname="org.eclipse.cdt.codan.core.internal.checkers.ReturnCheckerTest" time="0.02"/>
  <testcase name="testVoidLateSpecifiedReturnType_Bug337677" classname="org.eclipse.cdt.codan.core.internal.checkers.ReturnCheckerTest" time="0.018"/>
  <testcase name="testBasicTypeFunction" classname="org.eclipse.cdt.codan.core.internal.checkers.ReturnCheckerTest" time="0.031"/>
  <testcase name="testWhile" classname="org.eclipse.cdt.codan.core.internal.checkers.ReturnCheckerTest" time="0.02"/>
  <testcase name="testVoidFunction" classname="org.eclipse.cdt.codan.core.internal.checkers.ReturnCheckerTest" time="0.023"/>
  <testcase name="testLambda2_Bug332285" classname="org.eclipse.cdt.codan.core.internal.checkers.ReturnCheckerTest" time="0.017"/>
  <testcase name="testLambda_Bug332285" classname="org.eclipse.cdt.codan.core.internal.checkers.ReturnCheckerTest" time="0.017"/>
  <testcase name="testEmptySwitch_455828" classname="org.eclipse.cdt.codan.core.internal.checkers.ReturnCheckerTest" time="0.017"/>
  <testcase name="testTypedefReturnFunction" classname="org.eclipse.cdt.codan.core.internal.checkers.ReturnCheckerTest" time="0.019"/>
  <testcase name="testSelfReferencingVariable_452325" classname="org.eclipse.cdt.codan.core.internal.checkers.ReturnCheckerTest" time="0.024"/>
  <testcase name="testSelfReferencingVariable_479638" classname="org.eclipse.cdt.codan.core.internal.checkers.ReturnCheckerTest" time="0.208"/>
  <testcase name="testFunctionPointerReturnFunction" classname="org.eclipse.cdt.codan.core.internal.checkers.ReturnCheckerTest" time="0.045"/>
  <testcase name="testUserDefinedFunction" classname="org.eclipse.cdt.codan.core.internal.checkers.ReturnCheckerTest" time="0.03"/>
  <testcase name="testDummyFunction" classname="org.eclipse.cdt.codan.core.internal.checkers.ReturnCheckerTest" time="0.026"/>
  <testcase name="testConstructorRetValue" classname="org.eclipse.cdt.codan.core.internal.checkers.ReturnCheckerTest" time="0.028"/>
  <testcase name="testBranches_Bug342906" classname="org.eclipse.cdt.codan.core.internal.checkers.ReturnCheckerTest" time="0.041"/>
  <testcase name="testBranches_Bug343767" classname="org.eclipse.cdt.codan.core.internal.checkers.ReturnCheckerTest" time="0.029"/>
  <testcase name="testGccExtensions" classname="org.eclipse.cdt.codan.core.internal.checkers.ReturnCheckerTest" time="0.022"/>
  <testcase name="testGoto_Bug346559" classname="org.eclipse.cdt.codan.core.internal.checkers.ReturnCheckerTest" time="0.024"/>
  <testcase name="testTryBlock1" classname="org.eclipse.cdt.codan.core.internal.checkers.ReturnCheckerTest" time="0.022"/>
  <testcase name="testTryBlock2" classname="org.eclipse.cdt.codan.core.internal.checkers.ReturnCheckerTest" time="0.029"/>
  <testcase name="testTryBlock3" classname="org.eclipse.cdt.codan.core.internal.checkers.ReturnCheckerTest" time="0.025"/>
  <testcase name="testRetInDeadCodeCase" classname="org.eclipse.cdt.codan.core.internal.checkers.ReturnCheckerTest" time="0.025"/>
  <testcase name="testVoidPointerLateSpecifiedReturnType_Bug337677" classname="org.eclipse.cdt.codan.core.internal.checkers.ReturnCheckerTest" time="0.049"/>
  <testcase name="testConstructor_Bug323602" classname="org.eclipse.cdt.codan.core.internal.checkers.ReturnCheckerTest" time="0.021"/>
  <testcase name="testNoRetInfinitLoop" classname="org.eclipse.cdt.codan.core.internal.checkers.ReturnCheckerTest" time="0.021"/>
  <testcase name="testDoubleSemicolonInSwitchCase_455828" classname="org.eclipse.cdt.codan.core.internal.checkers.ReturnCheckerTest" time="0.019"/>
  <testcase name="testMainFunction" classname="org.eclipse.cdt.codan.core.internal.checkers.ReturnCheckerTest" time="0.015"/>
  <testcase name="testBranchesSwitch_Bug343767a" classname="org.eclipse.cdt.codan.core.internal.checkers.ReturnCheckerTest" time="0.017"/>
  <testcase name="testBranchesSwitch_Bug343767b" classname="org.eclipse.cdt.codan.core.internal.checkers.ReturnCheckerTest" time="0.016"/>
  <testcase name="testBranchesDeadCode_Bug343767" classname="org.eclipse.cdt.codan.core.internal.checkers.ReturnCheckerTest" time="0.016"/>
  <testcase name="testRetInDeadCodeThrow" classname="org.eclipse.cdt.codan.core.internal.checkers.ReturnCheckerTest" time="0.017"/>
  <testcase name="testNoReturn" classname="org.eclipse.cdt.codan.core.internal.checkers.ReturnCheckerTest" time="0.022"/>
  <testcase name="testNextedBlock_Bug345687" classname="org.eclipse.cdt.codan.core.internal.checkers.ReturnCheckerTest" time="0.016"/>
  <testcase name="testNoRetInfinitLoop2" classname="org.eclipse.cdt.codan.core.internal.checkers.ReturnCheckerTest" time="0.017"/>
  <testcase name="testInnerFunction_Bug315525" classname="org.eclipse.cdt.codan.core.internal.checkers.ReturnCheckerTest" time="0.017"/>
  <testcase name="testInnerFunction_Bug316154" classname="org.eclipse.cdt.codan.core.internal.checkers.ReturnCheckerTest" time="0.047"/>
  <testcase name="testRetInDeadCode1" classname="org.eclipse.cdt.codan.core.internal.checkers.ReturnCheckerTest" time="0.017"/>
  <testcase name="testSwitch" classname="org.eclipse.cdt.codan.core.internal.checkers.ReturnCheckerTest" time="0.02"/>
  <testcase name="testNoReturnInDestructor_461538" classname="org.eclipse.cdt.codan.core.internal.checkers.ReturnCheckerTest" time="0.023"/>
  <testcase name="testBranches2_Bug343767" classname="org.eclipse.cdt.codan.core.internal.checkers.ReturnCheckerTest" time="0.019"/>
  <testcase name="testReturnDefineError" classname="org.eclipse.cdt.codan.core.internal.checkers.ReturnStyleCheckerTest" time="0.019"/>
  <testcase name="testReturnValueMultilineError" classname="org.eclipse.cdt.codan.core.internal.checkers.ReturnStyleCheckerTest" time="0.02"/>
  <testcase name="testSimpleReturn" classname="org.eclipse.cdt.codan.core.internal.checkers.ReturnStyleCheckerTest" time="0.02"/>
  <testcase name="testReturnValueMultipleBrackets" classname="org.eclipse.cdt.codan.core.internal.checkers.ReturnStyleCheckerTest" time="0.019"/>
  <testcase name="testSimpleReturnValue" classname="org.eclipse.cdt.codan.core.internal.checkers.ReturnStyleCheckerTest" time="0.024"/>
  <testcase name="testReturnValueMultiline" classname="org.eclipse.cdt.codan.core.internal.checkers.ReturnStyleCheckerTest" time="0.022"/>
  <testcase name="testSimpleReturnMultiLine" classname="org.eclipse.cdt.codan.core.internal.checkers.ReturnStyleCheckerTest" time="0.023"/>
  <testcase name="testReturnValueMultilineMultipleBrackets" classname="org.eclipse.cdt.codan.core.internal.checkers.ReturnStyleCheckerTest" time="0.023"/>
  <testcase name="testReturnDefine" classname="org.eclipse.cdt.codan.core.internal.checkers.ReturnStyleCheckerTest" time="0.024"/>
  <testcase name="testSimpleReturnValueError" classname="org.eclipse.cdt.codan.core.internal.checkers.ReturnStyleCheckerTest" time="0.027"/>
  <testcase name="testGNUExpressionCompoundStmtInside" classname="org.eclipse.cdt.codan.core.internal.checkers.StatementHasNoEffectCheckerTest" time="0.024"/>
  <testcase name="testIdExpression" classname="org.eclipse.cdt.codan.core.internal.checkers.StatementHasNoEffectCheckerTest" time="0.03"/>
  <testcase name="testForTestExpression" classname="org.eclipse.cdt.codan.core.internal.checkers.StatementHasNoEffectCheckerTest" time="0.028"/>
  <testcase name="test2FilesUnaryExpression" classname="org.eclipse.cdt.codan.core.internal.checkers.StatementHasNoEffectCheckerTest" time="0.075"/>
  <testcase name="testMessage" classname="org.eclipse.cdt.codan.core.internal.checkers.StatementHasNoEffectCheckerTest" time="0.026"/>
  <testcase name="testGNUExpressionCompoundStmtFalsePositives" classname="org.eclipse.cdt.codan.core.internal.checkers.StatementHasNoEffectCheckerTest" time="0.02"/>
  <testcase name="testOverloadedOperator_bug399146" classname="org.eclipse.cdt.codan.core.internal.checkers.StatementHasNoEffectCheckerTest" time="0.022"/>
  <testcase name="testNormalAssignment" classname="org.eclipse.cdt.codan.core.internal.checkers.StatementHasNoEffectCheckerTest" time="0.026"/>
  <testcase name="testBinaryExpression" classname="org.eclipse.cdt.codan.core.internal.checkers.StatementHasNoEffectCheckerTest" time="0.021"/>
  <testcase name="testUnaryExpression" classname="org.eclipse.cdt.codan.core.internal.checkers.StatementHasNoEffectCheckerTest" time="0.018"/>
  <testcase name="testMessageInMacro" classname="org.eclipse.cdt.codan.core.internal.checkers.StatementHasNoEffectCheckerTest" time="0.018"/>
  <testcase name="testInMacro" classname="org.eclipse.cdt.codan.core.internal.checkers.StatementHasNoEffectCheckerTest" time="0.027"/>
  <testcase name="testOverloadedBinaryExpression" classname="org.eclipse.cdt.codan.core.internal.checkers.StatementHasNoEffectCheckerTest" time="0.029"/>
  <testcase name="testFalsePositives" classname="org.eclipse.cdt.codan.core.internal.checkers.StatementHasNoEffectCheckerTest" time="0.026"/>
  <testcase name="testLazyEvalHack" classname="org.eclipse.cdt.codan.core.internal.checkers.StatementHasNoEffectCheckerTest" time="0.028"/>
  <testcase name="testInMacroParamOff" classname="org.eclipse.cdt.codan.core.internal.checkers.StatementHasNoEffectCheckerTest" time="0.03"/>
  <testcase name="test_lastnot" classname="org.eclipse.cdt.codan.core.internal.checkers.SuggestedParenthesisCheckerTest" time="0.024"/>
  <testcase name="test1" classname="org.eclipse.cdt.codan.core.internal.checkers.SuggestedParenthesisCheckerTest" time="0.027"/>
  <testcase name="test2" classname="org.eclipse.cdt.codan.core.internal.checkers.SuggestedParenthesisCheckerTest" time="0.022"/>
  <testcase name="test3" classname="org.eclipse.cdt.codan.core.internal.checkers.SuggestedParenthesisCheckerTest" time="0.027"/>
  <testcase name="test_mixedbin" classname="org.eclipse.cdt.codan.core.internal.checkers.SuggestedParenthesisCheckerTest" time="0.023"/>
  <testcase name="test_fixed" classname="org.eclipse.cdt.codan.core.internal.checkers.SuggestedParenthesisCheckerTest" time="0.045"/>
  <testcase name="testElseIf1" classname="org.eclipse.cdt.codan.core.internal.checkers.SuspiciousSemicolonCheckerTest" time="0.021"/>
  <testcase name="testElseIf2" classname="org.eclipse.cdt.codan.core.internal.checkers.SuspiciousSemicolonCheckerTest" time="0.019"/>
  <testcase name="testElseIf3" classname="org.eclipse.cdt.codan.core.internal.checkers.SuspiciousSemicolonCheckerTest" time="0.024"/>
  <testcase name="testElseIf4" classname="org.eclipse.cdt.codan.core.internal.checkers.SuspiciousSemicolonCheckerTest" time="0.031"/>
  <testcase name="testElseIf5" classname="org.eclipse.cdt.codan.core.internal.checkers.SuspiciousSemicolonCheckerTest" time="0.035"/>
  <testcase name="testIf1" classname="org.eclipse.cdt.codan.core.internal.checkers.SuspiciousSemicolonCheckerTest" time="0.024"/>
  <testcase name="testIf2" classname="org.eclipse.cdt.codan.core.internal.checkers.SuspiciousSemicolonCheckerTest" time="0.026"/>
  <testcase name="testIf3" classname="org.eclipse.cdt.codan.core.internal.checkers.SuspiciousSemicolonCheckerTest" time="0.034"/>
  <testcase name="testIf4" classname="org.eclipse.cdt.codan.core.internal.checkers.SuspiciousSemicolonCheckerTest" time="0.033"/>
  <testcase name="testIf5" classname="org.eclipse.cdt.codan.core.internal.checkers.SuspiciousSemicolonCheckerTest" time="0.025"/>
  <testcase name="testIf6" classname="org.eclipse.cdt.codan.core.internal.checkers.SuspiciousSemicolonCheckerTest" time="0.025"/>
  <testcase name="testIf7" classname="org.eclipse.cdt.codan.core.internal.checkers.SuspiciousSemicolonCheckerTest" time="0.037"/>
  <testcase name="testMacro" classname="org.eclipse.cdt.codan.core.internal.checkers.SuspiciousSemicolonCheckerTest" time="0.03"/>
  <testcase name="testMacroExpansion" classname="org.eclipse.cdt.codan.core.internal.checkers.SuspiciousSemicolonCheckerTest" time="0.017"/>
  <testcase name="testIfElse" classname="org.eclipse.cdt.codan.core.internal.checkers.SuspiciousSemicolonCheckerTest" time="0.018"/>
  <testcase name="testStaticFunction_Definition_SynonymArgs" classname="org.eclipse.cdt.codan.core.internal.checkers.UnusedSymbolInFileScopeCheckerTest" time="0.026"/>
  <testcase name="testExternVariable_Definition1" classname="org.eclipse.cdt.codan.core.internal.checkers.UnusedSymbolInFileScopeCheckerTest" time="0.022"/>
  <testcase name="testExternVariable_Definition2" classname="org.eclipse.cdt.codan.core.internal.checkers.UnusedSymbolInFileScopeCheckerTest" time="0.157"/>
  <testcase name="testStaticVariable_Used_InQualifiedFunction" classname="org.eclipse.cdt.codan.core.internal.checkers.UnusedSymbolInFileScopeCheckerTest" time="0.024"/>
  <testcase name="testExternVariable_Declaration_Unused" classname="org.eclipse.cdt.codan.core.internal.checkers.UnusedSymbolInFileScopeCheckerTest" time="0.017"/>
  <testcase name="testStaticFunction_Definition_Signature" classname="org.eclipse.cdt.codan.core.internal.checkers.UnusedSymbolInFileScopeCheckerTest" time="0.019"/>
  <testcase name="testExternFunction_Declaration_FollowedByDefinition" classname="org.eclipse.cdt.codan.core.internal.checkers.UnusedSymbolInFileScopeCheckerTest" time="0.022"/>
  <testcase name="testExternFunction_Declaration_Unused" classname="org.eclipse.cdt.codan.core.internal.checkers.UnusedSymbolInFileScopeCheckerTest" time="0.025"/>
  <testcase name="testExternVariable_Declaration_CvsIdent" classname="org.eclipse.cdt.codan.core.internal.checkers.UnusedSymbolInFileScopeCheckerTest" time="0.024"/>
  <testcase name="testStaticFunction_Declaration_FollowedByDefinition" classname="org.eclipse.cdt.codan.core.internal.checkers.UnusedSymbolInFileScopeCheckerTest" time="0.025"/>
  <testcase name="testOverloadedStaticFunctionUsedInTemplate_bug358694" classname="org.eclipse.cdt.codan.core.internal.checkers.UnusedSymbolInFileScopeCheckerTest" time="0.03"/>
  <testcase name="testStaticFunction_Definition_InQualifiedFunction" classname="org.eclipse.cdt.codan.core.internal.checkers.UnusedSymbolInFileScopeCheckerTest" time="0.028"/>
  <testcase name="testAttributeUnused" classname="org.eclipse.cdt.codan.core.internal.checkers.UnusedSymbolInFileScopeCheckerTest" time="0.019"/>
  <testcase name="testStaticVariable_Unused" classname="org.eclipse.cdt.codan.core.internal.checkers.UnusedSymbolInFileScopeCheckerTest" time="0.02"/>
  <testcase name="testExternVariable_Declaration_CvsIdentInitializer" classname="org.eclipse.cdt.codan.core.internal.checkers.UnusedSymbolInFileScopeCheckerTest" time="0.028"/>
  <testcase name="testStaticFunction_Definition_InParentheses" classname="org.eclipse.cdt.codan.core.internal.checkers.UnusedSymbolInFileScopeCheckerTest" time="0.025"/>
  <testcase name="testStaticFunction_Declaration_Unused" classname="org.eclipse.cdt.codan.core.internal.checkers.UnusedSymbolInFileScopeCheckerTest" time="0.027"/>
  <testcase name="testStaticFunction_Definition_UsedBeforeDefinition" classname="org.eclipse.cdt.codan.core.internal.checkers.UnusedSymbolInFileScopeCheckerTest" time="0.022"/>
  <testcase name="testExternFunction_Declaration_Used" classname="org.eclipse.cdt.codan.core.internal.checkers.UnusedSymbolInFileScopeCheckerTest" time="0.019"/>
  <testcase name="testStaticFunction_Definition_UnknownArgumentType" classname="org.eclipse.cdt.codan.core.internal.checkers.UnusedSymbolInFileScopeCheckerTest" time="0.024"/>
  <testcase name="testGlobalVariable_Definition" classname="org.eclipse.cdt.codan.core.internal.checkers.UnusedSymbolInFileScopeCheckerTest" time="0.02"/>
  <testcase name="testStaticFunction_Definition_UnknownParameterType" classname="org.eclipse.cdt.codan.core.internal.checkers.UnusedSymbolInFileScopeCheckerTest" time="0.018"/>
  <testcase name="testStaticFunction_Definition_Unused_WithDeclaration" classname="org.eclipse.cdt.codan.core.internal.checkers.UnusedSymbolInFileScopeCheckerTest" time="0.022"/>
  <testcase name="testStaticFunction_Declaration_Used" classname="org.eclipse.cdt.codan.core.internal.checkers.UnusedSymbolInFileScopeCheckerTest" time="0.024"/>
  <testcase name="testExternVariable_Declaration_Combined" classname="org.eclipse.cdt.codan.core.internal.checkers.UnusedSymbolInFileScopeCheckerTest" time="0.025"/>
  <testcase name="testExternVariable_Declaration_SccsIdent" classname="org.eclipse.cdt.codan.core.internal.checkers.UnusedSymbolInFileScopeCheckerTest" time="0.027"/>
  <testcase name="testStaticVariable_Used_LocalScope" classname="org.eclipse.cdt.codan.core.internal.checkers.UnusedSymbolInFileScopeCheckerTest" time="0.025"/>
  <testcase name="testStaticFunction_Definition_Used" classname="org.eclipse.cdt.codan.core.internal.checkers.UnusedSymbolInFileScopeCheckerTest" time="0.025"/>
  <testcase name="testStaticVariable_Used_Constructor" classname="org.eclipse.cdt.codan.core.internal.checkers.UnusedSymbolInFileScopeCheckerTest" time="0.025"/>
  <testcase name="testUseInAsm_bug393129" classname="org.eclipse.cdt.codan.core.internal.checkers.UnusedSymbolInFileScopeCheckerTest" time="0.029"/>
  <testcase name="testStaticVariable_Unused_FunctionPointer" classname="org.eclipse.cdt.codan.core.internal.checkers.UnusedSymbolInFileScopeCheckerTest" time="0.028"/>
  <testcase name="testExternVariable_Declaration_IgnoreUnresolved" classname="org.eclipse.cdt.codan.core.internal.checkers.UnusedSymbolInFileScopeCheckerTest" time="0.021"/>
  <testcase name="testStaticFunction_Definition_SynonymLocalScope" classname="org.eclipse.cdt.codan.core.internal.checkers.UnusedSymbolInFileScopeCheckerTest" time="0.017"/>
  <testcase name="testStaticFunction_Definition_Unused" classname="org.eclipse.cdt.codan.core.internal.checkers.UnusedSymbolInFileScopeCheckerTest" time="0.02"/>
  <testcase name="testExternVariable_Declaration_Used" classname="org.eclipse.cdt.codan.core.internal.checkers.UnusedSymbolInFileScopeCheckerTest" time="0.019"/>
  <testcase name="testExternFunction_Definition" classname="org.eclipse.cdt.codan.core.internal.checkers.UnusedSymbolInFileScopeCheckerTest" time="0.02"/>
  <testcase name="testStaticVariable_Used_GlobalScope" classname="org.eclipse.cdt.codan.core.internal.checkers.UnusedSymbolInFileScopeCheckerTest" time="0.018"/>
  <testcase name="testLineCommentCpp" classname="org.eclipse.cdt.codan.core.internal.checkers.CommentCheckerLineTests" time="0.021"/>
  <testcase name="testLineCommentInPrepro" classname="org.eclipse.cdt.codan.core.internal.checkers.CommentCheckerLineTests" time="0.018"/>
  <testcase name="testNoLineComment" classname="org.eclipse.cdt.codan.core.internal.checkers.CommentCheckerLineTests" time="0.025"/>
  <testcase name="testLineComment" classname="org.eclipse.cdt.codan.core.internal.checkers.CommentCheckerLineTests" time="0.042"/>
  <testcase name="testNoLineCommentInString" classname="org.eclipse.cdt.codan.core.internal.checkers.CommentCheckerLineTests" time="0.028"/>
  <testcase name="testHeader" classname="org.eclipse.cdt.codan.core.internal.checkers.CommentCheckerLineTests" time="0.042"/>
  <testcase name="testLineComment2" classname="org.eclipse.cdt.codan.core.internal.checkers.CommentCheckerNestedTests" time="0.175"/>
  <testcase name="testNoLineComment" classname="org.eclipse.cdt.codan.core.internal.checkers.CommentCheckerNestedTests" time="0.234"/>
  <testcase name="testLineComment" classname="org.eclipse.cdt.codan.core.internal.checkers.CommentCheckerNestedTests" time="0.082"/>
  <testcase name="testIntegerImportValue" classname="org.eclipse.cdt.codan.core.param.BasicProblemPreferenceTest" time="0"/>
  <testcase name="testFileImportValue" classname="org.eclipse.cdt.codan.core.param.BasicProblemPreferenceTest" time="0"/>
  <testcase name="testBadType" classname="org.eclipse.cdt.codan.core.param.BasicProblemPreferenceTest" time="0"/>
  <testcase name="testIntegerExportValue" classname="org.eclipse.cdt.codan.core.param.BasicProblemPreferenceTest" time="0"/>
  <testcase name="testStringImportValue" classname="org.eclipse.cdt.codan.core.param.BasicProblemPreferenceTest" time="0"/>
  <testcase name="testStringExportSpecial" classname="org.eclipse.cdt.codan.core.param.BasicProblemPreferenceTest" time="0.001"/>
  <testcase name="testStringExportValue" classname="org.eclipse.cdt.codan.core.param.BasicProblemPreferenceTest" time="0"/>
  <testcase name="testBooleanImportValue" classname="org.eclipse.cdt.codan.core.param.BasicProblemPreferenceTest" time="0"/>
  <testcase name="testStringImportValueNum" classname="org.eclipse.cdt.codan.core.param.BasicProblemPreferenceTest" time="0"/>
  <testcase name="testBadKey" classname="org.eclipse.cdt.codan.core.param.BasicProblemPreferenceTest" time="0"/>
  <testcase name="testGetValue" classname="org.eclipse.cdt.codan.core.param.ListProblemPreferenceTest" time="0"/>
  <testcase name="testImportValue2_nosec" classname="org.eclipse.cdt.codan.core.param.ListProblemPreferenceTest" time="0.001"/>
  <testcase name="testSetValueImport" classname="org.eclipse.cdt.codan.core.param.ListProblemPreferenceTest" time="0"/>
  <testcase name="testImportValue2" classname="org.eclipse.cdt.codan.core.param.ListProblemPreferenceTest" time="0"/>
  <testcase name="testImportValueSpec" classname="org.eclipse.cdt.codan.core.param.ListProblemPreferenceTest" time="0"/>
  <testcase name="testImportValue" classname="org.eclipse.cdt.codan.core.param.ListProblemPreferenceTest" time="0"/>
  <testcase name="testExportValueStr" classname="org.eclipse.cdt.codan.core.param.ListProblemPreferenceTest" time="0"/>
  <testcase name="testSetValue" classname="org.eclipse.cdt.codan.core.param.ListProblemPreferenceTest" time="0"/>
  <testcase name="testImportValue2" classname="org.eclipse.cdt.codan.core.param.MapProblemPreferenceTest" time="0"/>
  <testcase name="testImportValueSpec" classname="org.eclipse.cdt.codan.core.param.MapProblemPreferenceTest" time="0"/>
  <testcase name="testImportValue" classname="org.eclipse.cdt.codan.core.param.MapProblemPreferenceTest" time="0"/>
  <testcase name="testExportValueStr" classname="org.eclipse.cdt.codan.core.param.MapProblemPreferenceTest" time="0"/>
  <testcase name="testUnwindTypedef" classname="org.eclipse.cdt.codan.core.cxx.CxxAstUtilsTest" time="0.024"/>
  <testcase name="testExitStatement" classname="org.eclipse.cdt.codan.core.cxx.CxxAstUtilsTest" time="0.001"/>
  <testcase name="testIsInMacro" classname="org.eclipse.cdt.codan.core.cxx.CxxAstUtilsTest" time="0.001"/>
  <testcase name="test_dead_connector_for" classname="org.eclipse.cdt.codan.core.cfg.ControlFlowGraphTest" time="0.003"/>
  <testcase name="test_switchbreak" classname="org.eclipse.cdt.codan.core.cfg.ControlFlowGraphTest" time="0.001"/>
  <testcase name="test_switchdead" classname="org.eclipse.cdt.codan.core.cfg.ControlFlowGraphTest" time="0.001"/>
  <testcase name="test_if" classname="org.eclipse.cdt.codan.core.cfg.ControlFlowGraphTest" time="0.002"/>
  <testcase name="test_dead" classname="org.eclipse.cdt.codan.core.cfg.ControlFlowGraphTest" time="0.001"/>
  <testcase name="test_exit" classname="org.eclipse.cdt.codan.core.cfg.ControlFlowGraphTest" time="0.001"/>
  <testcase name="test_goto" classname="org.eclipse.cdt.codan.core.cfg.ControlFlowGraphTest" time="0.001"/>
  <testcase name="test_ifif" classname="org.eclipse.cdt.codan.core.cfg.ControlFlowGraphTest" time="0.001"/>
  <testcase name="test_dead_labels" classname="org.eclipse.cdt.codan.core.cfg.ControlFlowGraphTest" time="0.002"/>
  <testcase name="test_dead_connector_while" classname="org.eclipse.cdt.codan.core.cfg.ControlFlowGraphTest" time="0.001"/>
  <testcase name="test_for" classname="org.eclipse.cdt.codan.core.cfg.ControlFlowGraphTest" time="0.002"/>
  <testcase name="test_try" classname="org.eclipse.cdt.codan.core.cfg.ControlFlowGraphTest" time="0.001"/>
  <testcase name="test_empty_switch" classname="org.eclipse.cdt.codan.core.cfg.ControlFlowGraphTest" time="0.001"/>
  <testcase name="test_if_ret" classname="org.eclipse.cdt.codan.core.cfg.ControlFlowGraphTest" time="0.001"/>
  <testcase name="test_labels_if" classname="org.eclipse.cdt.codan.core.cfg.ControlFlowGraphTest" time="0.002"/>
  <testcase name="test_if_dead" classname="org.eclipse.cdt.codan.core.cfg.ControlFlowGraphTest" time="0.001"/>
  <testcase name="test_switch_break_in_compound_statement" classname="org.eclipse.cdt.codan.core.cfg.ControlFlowGraphTest" time="0.002"/>
  <testcase name="test_switch_no_explicit_default" classname="org.eclipse.cdt.codan.core.cfg.ControlFlowGraphTest" time="0.002"/>
  <testcase name="test_dead_statement_in_switch" classname="org.eclipse.cdt.codan.core.cfg.ControlFlowGraphTest" time="0.002"/>
  <testcase name="test_switch1" classname="org.eclipse.cdt.codan.core.cfg.ControlFlowGraphTest" time="0.002"/>
  <testcase name="test_range_loop" classname="org.eclipse.cdt.codan.core.cfg.ControlFlowGraphTest" time="0.004"/>
  <testcase name="test_deadbranch" classname="org.eclipse.cdt.codan.core.cfg.ControlFlowGraphTest" time="0.002"/>
  <testcase name="test_bad_labels" classname="org.eclipse.cdt.codan.core.cfg.ControlFlowGraphTest" time="0.002"/>
  <testcase name="test_infiniloop" classname="org.eclipse.cdt.codan.core.cfg.ControlFlowGraphTest" time="0.001"/>
  <testcase name="test_dead_connector" classname="org.eclipse.cdt.codan.core.cfg.ControlFlowGraphTest" time="0.002"/>
  <testcase name="test_basic" classname="org.eclipse.cdt.codan.core.cfg.ControlFlowGraphTest" time="0.001"/>
  <testcase name="test_throw" classname="org.eclipse.cdt.codan.core.cfg.ControlFlowGraphTest" time="0.001"/>
  <testcase name="test_while" classname="org.eclipse.cdt.codan.core.cfg.ControlFlowGraphTest" time="0.002"/>
  <testcase name="testInMethodCall" classname="org.eclipse.cdt.codan.internal.checkers.ui.quickfix.CreateLocalVariableQuickFixTest" time="2.776"/>
  <testcase name="testChar" classname="org.eclipse.cdt.codan.internal.checkers.ui.quickfix.CreateLocalVariableQuickFixTest" time="0.498"/>
  <testcase name="testFuncPtr" classname="org.eclipse.cdt.codan.internal.checkers.ui.quickfix.CreateLocalVariableQuickFixTest" time="0.474"/>
  <testcase name="testWString" classname="org.eclipse.cdt.codan.internal.checkers.ui.quickfix.CreateLocalVariableQuickFixTest" time="0.454"/>
  <testcase name="testDouble" classname="org.eclipse.cdt.codan.internal.checkers.ui.quickfix.CreateLocalVariableQuickFixTest" time="0.401"/>
  <testcase name="testString" classname="org.eclipse.cdt.codan.internal.checkers.ui.quickfix.CreateLocalVariableQuickFixTest" time="0.486"/>
  <testcase name="test2FilesExample" classname="org.eclipse.cdt.codan.internal.checkers.ui.quickfix.SuggestedParenthesisQuickFixTest" time="0.028"/>
  <testcase name="testSimple" classname="org.eclipse.cdt.codan.internal.checkers.ui.quickfix.SuggestedParenthesisQuickFixTest" time="1.699"/>
  <testcase name="testCatchByReference" classname="org.eclipse.cdt.codan.internal.checkers.ui.quickfix.CatchByReferenceQuickFixTest" time="0.521"/>
  <testcase name="testCatchByConstReference" classname="org.eclipse.cdt.codan.internal.checkers.ui.quickfix.CatchByReferenceQuickFixTest" time="0.561"/>
  <testcase name="testCatchByConstReferenceNoDeclName" classname="org.eclipse.cdt.codan.internal.checkers.ui.quickfix.CatchByReferenceQuickFixTest" time="0.395"/>
  <testcase name="testCatchByReferenceNoDeclName" classname="org.eclipse.cdt.codan.internal.checkers.ui.quickfix.CatchByReferenceQuickFixTest" time="0.374"/>
  <testcase name="testSimpleCase" classname="org.eclipse.cdt.codan.internal.checkers.ui.quickfix.CaseBreakQuickFixTest" time="0.431"/>
  <testcase name="testNPE_bug363884" classname="org.eclipse.cdt.codan.internal.checkers.ui.quickfix.CaseBreakQuickFixTest" time="0.377"/>
  <testcase name="testCompositeStatementCase" classname="org.eclipse.cdt.codan.internal.checkers.ui.quickfix.CaseBreakQuickFixTest" time="0.417"/>
  <testcase name="testComparisonAndAssignment_bug352267" classname="org.eclipse.cdt.codan.internal.checkers.ui.quickfix.AssignmentInConditionQuickFixTest" time="0.358"/>
</testsuite>